Optimizing /h/ywang30/nofib/spectral/calendar
>>>>>>>>>>>>>>>START OPTIMIZATION>>>>>>>>>>>>>>>
pop: 13
gens: 15
arch: 7
limit is: 0.0
runproj limit: 0.0
Basetime is: 0.0
runproj limit: 0.0
0100000000000000000010000000000000000000000010000000001000000000101000000010011000000000000 0.0
runproj limit: 0.0
0010000000100000000100000000001100000000000000000000000000000001001000000000000000000000000 0.0
runproj limit: 0.0
0000000000010000001000001001101000000000000011000001000010000000000000000000100000100000000 0.0
runproj limit: 0.0
0000000000010000001000001010000000001010010000000001000000000110000000001000000000000000000 0.0
runproj limit: 0.0
0000000000000000000000000100011000000000100100000110000000000000000000000000000000000000010 0.0
runproj limit: 0.0
0010000010010000000000010000100000000000000000001000000000000000110000000100000000001000000 0.0
runproj limit: 0.0
1000000000000000000000000011000101010000100000010000000100000100000010100000000000000101000 0.0
runproj limit: 0.0
0100000000001100000000100000000000000000000000100000010000001010000000000000000000010011000 0.0
runproj limit: 0.0
0000100000000000000000100000100000000000000000000100000100000000100000100100000000000000000 0.0
runproj limit: 0.0
0010000000000000000000001000000000110000100000000001000000000000010000000000000000000000010 0.0
runproj limit: 0.0
0000010000000000100000000000000000001010000000000000000000001011000000000000100000111100000 0.0
runproj limit: 0.0
0000100000001000000000010000000100000000001000000000000000000000010000001000000000000000000 0.0
runproj limit: 0.0
0000000000000000000000000000100000000000000001000000000000000011000110000010010000000000000 0.0
best: NaN
runproj limit: 0.0
0000000000000000001000000000111000000000100011000101000010000000000000000000000000000000010 0.0
runproj limit: 0.0
0000000000010000000000001001100100000000000011000001000000000000000010100000000000000101000 0.0
runproj limit: 0.0
0110000010010000000000010000000000000000000000000000000000000000100000000100011000001000000 0.0
runproj limit: 0.0
0000000000000000000000000000100000000000000000000100000000000001000000100000010000000000000 0.0
runproj limit: 0.0
1010000000000000000100000011000100010000100000000000000000000100000000100000000000000101000 0.0
runproj limit: 0.0
1000100000000000000000100001100101010000000000010100000100000100100010100000000000000000000 0.0
runproj limit: 0.0
0100000000000000100000000000000000001010000000000000010000001010000000000000000000110010000 0.0
runproj limit: 0.0
1000000000000000000000000001000001010000100000010100000000000000000010100000000000000100010 0.0
runproj limit: 0.0
0010000000111100100100011000000100000010000001000100011100101001001010001100010000000011000 0.0
runproj limit: 0.0
0000010000001001011001100100011101111000100001010010000000010000000000000000000000011010110 0.0
runproj limit: 0.0
0000110011000110011110000101000000010010000011000000101100100000101000100000011000101010000 0.0
runproj limit: 0.0
0110010000011000010100110001000010000000000000000101010001000110110000010100001000101100000 0.0
runproj limit: 0.0
0110010100110000011000001000101000100010000010011110110010000000000000010000100000100001000 0.0
runproj limit: 0.0
0000000000000000000000000000100000000000000001000000000000000011000110000010010000000000000 0.0
runproj limit: 0.0
0000100000001000000000010000000100000000001000000000000000000000010000001000000000000000000 0.0
runproj limit: 0.0
0000010000000000100000000000000000001010000000000000000000001011000000000000100000111100000 0.0
runproj limit: 0.0
0010000000000000000000001000000000110000100000000001000000000000010000000000000000000000010 0.0
runproj limit: 0.0
0000100000000000000000100000100000000000000000000100000100000000100000100100000000000000000 0.0
runproj limit: 0.0
0100000000001100000000100000000000000000000000100000010000001010000000000000000000010011000 0.0
runproj limit: 0.0
1000000000000000000000000011000101010000100000010000000100000100000010100000000000000101000 0.0
best: NaN
runproj limit: 0.0
0010000000000000000000000001000000011000000000000000010000001110000000100000000000000111000 0.0
runproj limit: 0.0
0110000000010000000000010000000010000000000000000100010001000100100000010100011000001000000 0.0
runproj limit: 0.0
0000010010000010011100000100000000110010000011000000000000100000101000000000000000001000010 0.0
runproj limit: 0.0
0000000000001000000000000000000100000000100000000000000000000000010000100000000000000100000 0.0
runproj limit: 0.0
0100000010010000000000010000000000000000000001000000000000000010100100000100011000000000000 0.0
runproj limit: 0.0
0010000000000000000000000000100000100000000000000100000000000000010000100000010000000000010 0.0
runproj limit: 0.0
0000000000110100000100001000111100000010100001000101011110000001001000000000010000000000000 0.0
runproj limit: 0.0
0010010000001000010100110101011100001000000001000111010001000000000000000000001000011010010 0.0
runproj limit: 0.0
0100000000001110000101100100001000000001001110111000010100101010000000110101101100010001000 0.0
runproj limit: 0.0
0001000000010000010010000001100100000010000000100000001000100101010010010110010101000100000 0.0
runproj limit: 0.0
1111010000001111010110110001011010000011000100100001110110001100011010000100001110110110100 0.0
runproj limit: 0.0
0101010001000101110110111001000011111010000101000001000011000010110000111100001000011000000 0.0
runproj limit: 0.0
0011010000111001000101111100111101101110010101000100111110101000001111001010001001000011010 0.0
runproj limit: 0.0
1000000000000000000000000011000101010000100000010000000100000100000010100000000000000101000 0.0
runproj limit: 0.0
0100000000001100000000100000000000000000000000100000010000001010000000000000000000010011000 0.0
runproj limit: 0.0
0000100000000000000000100000100000000000000000000100000100000000100000100100000000000000000 0.0
runproj limit: 0.0
0010000000000000000000001000000000110000100000000001000000000000010000000000000000000000010 0.0
runproj limit: 0.0
0000010000000000100000000000000000001010000000000000000000001011000000000000100000111100000 0.0
runproj limit: 0.0
0000100000001000000000010000000100000000001000000000000000000000010000001000000000000000000 0.0
runproj limit: 0.0
0000000000000000000000000000100000000000000001000000000000000011000110000010010000000000000 0.0
best: NaN
runproj limit: 0.0
0001000000011010010100000100000000000001000010101000011100101011010010110110010100010000000 0.0
runproj limit: 0.0
0000000000000000000000000000100000000000100001000000000000000001010110100000000000000100000 0.0
runproj limit: 0.0
0000010010000000010100000000000100010000000001000000000000100000001000000000000000001000000 0.0
runproj limit: 0.0
0000000000000010001100001000000000110000100001000000000000100000110000000000000000001000010 0.0
runproj limit: 0.0
0000000000010100010100001001101100000010000001000101011100000101011010000100010001000000000 0.0
runproj limit: 0.0
0100000000001000000000000000100000000000000000000000000000001010000000000000010000010010000 0.0
runproj limit: 0.0
0000000000000000000000100000100000000001001000110100000100100010000000110100001100010001000 0.0
runproj limit: 0.0
0000000000000000100000000000000100000010100000000000000000001011010000100000100000011100000 0.0
runproj limit: 0.0
0000000000110100000100001010111110000010110001000101011100101000001000010010011111011010011 0.0
runproj limit: 0.0
0110100000001000000001000000100000111010100100000000010110000110100101100011000000101111001 0.0
runproj limit: 0.0
0110010011000111101100000100000000111010000111001001101001100001101011010000101010000101010 0.0
runproj limit: 0.0
1110010100001110010111010111011110001010000101100000110110011101011010000001000010110110110 0.0
runproj limit: 0.0
0100010000000000100110101101111110101010000101000001000111000000000000111100001100011100100 0.0
runproj limit: 0.0
0000000000000000000000000000100000000000000001000000000000000011000110000010010000000000000 0.0
runproj limit: 0.0
0000100000001000000000010000000100000000001000000000000000000000010000001000000000000000000 0.0
runproj limit: 0.0
0000010000000000100000000000000000001010000000000000000000001011000000000000100000111100000 0.0
runproj limit: 0.0
0010000000000000000000001000000000110000100000000001000000000000010000000000000000000000010 0.0
runproj limit: 0.0
0000100000000000000000100000100000000000000000000100000100000000100000100100000000000000000 0.0
runproj limit: 0.0
0100000000001100000000100000000000000000000000100000010000001010000000000000000000010011000 0.0
runproj limit: 0.0
1000000000000000000000000011000101010000100000010000000100000100000010100000000000000101000 0.0
best: NaN
runproj limit: 0.0
0000010000010000100000001000001000001010000000000101000000000101011000000000100001111000000 0.0
runproj limit: 0.0
0000000000000000000000100001000000000001001000010000000100000100000000110100001100010101000 0.0
runproj limit: 0.0
0110010000000000000000000000100000111010000100000000010100001010100001100011000000111101000 0.0
runproj limit: 0.0
1010000000000000000000001011000001110000100000000000000100000000010010100000000000000101010 0.0
runproj limit: 0.0
0000000000000100000100001010110110000010110001000001011100001011000000010000100111011100001 0.0
runproj limit: 0.0
0000000000001000000000010000000000000000000000100000010000000000000000001000000000010011000 0.0
runproj limit: 0.0
1011010000011010010101000111011000001010000100100000111110101101011010000011000010010010000 0.0
runproj limit: 0.0
0000000000000010001100001000000000000000100001000000000000000000110000100000000000000100010 0.0
runproj limit: 0.0
0011001000111100011001000000001010100001100010101000011000011101010010110101010001000100101 0.0
runproj limit: 0.0
0111000001000001000001100000100000001001001001111000101000111010000100000100001101000101011 0.0
runproj limit: 0.0
0000000100001000000010100100000100000000001000000001010000000110111100001010000000100101000 0.0
runproj limit: 0.0
1000010110110000110110001000100100010001000001000110000001100010001000011000001010001110000 0.0
runproj limit: 0.0
0101000000011010000111100110000010001000001010101011001110111011010010110100011111010001000 0.0
runproj limit: 0.0
1000000000000000000000000011000101010000100000010000000100000100000010100000000000000101000 0.0
runproj limit: 0.0
0100000000001100000000100000000000000000000000100000010000001010000000000000000000010011000 0.0
runproj limit: 0.0
0000100000000000000000100000100000000000000000000100000100000000100000100100000000000000000 0.0
runproj limit: 0.0
0010000000000000000000001000000000110000100000000001000000000000010000000000000000000000010 0.0
runproj limit: 0.0
0000010000000000100000000000000000001010000000000000000000001011000000000000100000111100000 0.0
runproj limit: 0.0
0000100000001000000000010000000100000000001000000000000000000000010000001000000000000000000 0.0
runproj limit: 0.0
0000000000000000000000000000100000000000000001000000000000000011000110000010010000000000000 0.0
best: NaN
runproj limit: 0.0
1111000010010000110000101000100100010001000001011100001001111010000000000000001101000100001 0.0
runproj limit: 0.0
0000000000000010000100001010110010000010110001000000001000001001000000100000100100011100000 0.0
runproj limit: 0.0
0100000000001000000000000000100000000000000000000000010000001011000100000000000000010010000 0.0
runproj limit: 0.0
0000000000001000100000010000000000000010000000100000010000001011000000001000000000111000000 0.0
runproj limit: 0.0
0000000000001000000000010000000000000000000000100000010000000000000000001000000000010011000 0.0
runproj limit: 0.0
0000000000001010001100000000000000000000000000100000000000000000000000100000000000000101000 0.0
runproj limit: 0.0
1001010000010010000000001010001000001010000000100000111000100101011000000010000010011010000 0.0
runproj limit: 0.0
0000010110001000000100010000000000000001000000100100000000100010000000011000001000001011000 0.0
runproj limit: 0.0
0010100000000000000101011000000000000000001000100101100010001000010100101100000000100010000 0.0
runproj limit: 0.0
0011000110110000110100001000001000011001100111000111101101110011011010000000011010001111000 0.0
runproj limit: 0.0
1111011010110000111001001000101000110101110011111001011010100011001000100001010001100100101 0.0
runproj limit: 0.0
0001000010001011001100001001001010110000100000000000000011010100100100101010000001000100100 0.0
runproj limit: 0.0
0000110000000011010001010000101011000010001010010101001100000101011001101100100000100010000 0.0
runproj limit: 0.0
0000000000000000000000000000100000000000000001000000000000000011000110000010010000000000000 0.0
runproj limit: 0.0
0000100000001000000000010000000100000000001000000000000000000000010000001000000000000000000 0.0
runproj limit: 0.0
0000010000000000100000000000000000001010000000000000000000001011000000000000100000111100000 0.0
runproj limit: 0.0
0010000000000000000000001000000000110000100000000001000000000000010000000000000000000000010 0.0
runproj limit: 0.0
0000100000000000000000100000100000000000000000000100000100000000100000100100000000000000000 0.0
runproj limit: 0.0
0100000000001100000000100000000000000000000000100000010000001010000000000000000000010011000 0.0
runproj limit: 0.0
1000000000000000000000000011000101010000100000010000000100000100000010100000000000000101000 0.0
best: NaN
runproj limit: 0.0
0010001010010000111000001000101000110101100011110001000000000000001000000001010001100000011 0.0
runproj limit: 0.0
0010100000000000010001001000001001000000001010000101000100000101011000101100100000000000000 0.0
runproj limit: 0.0
1001010000010000000000010000000000000010000000100000110000000101000000000010000010011000000 0.0
runproj limit: 0.0
0000100000001011001101000000001000000010000010110001000100000101011001100100100000000001000 0.0
runproj limit: 0.0
0000010000000010000100001010100010000010110000000000000000001001000000100000100100011100000 0.0
runproj limit: 0.0
0000000000001000000000000000000000000000000000000000000000000001010000000000100000100000000 0.0
runproj limit: 0.0
0100000000001000110000011000000100010000000001011000000001011010010000001000000000000100000 0.0
runproj limit: 0.0
0000000110001000000100010000000000000001000000100100010000100000000000001000001000010011000 0.0
runproj limit: 0.0
0101010000000110000010010111000000100111011100110000010100001001000100001001101000111011010 0.0
runproj limit: 0.0
0111111100010111010100001011001010011000110111100100000110110101100000111000110101000111100 0.0
runproj limit: 0.0
0011000000000000010101001000100000000001001011101100110010011000000100011100000011100010110 0.0
runproj limit: 0.0
1000100001101000100010011100100011000010001110101000000000111011010110110000100101111001101 0.0
runproj limit: 0.0
0000010110101100000101000111000000011001100010000110100000100100000000011011011100111111010 0.0
runproj limit: 0.0
1000000000000000000000000011000101010000100000010000000100000100000010100000000000000101000 0.0
runproj limit: 0.0
0100000000001100000000100000000000000000000000100000010000001010000000000000000000010011000 0.0
runproj limit: 0.0
0000100000000000000000100000100000000000000000000100000100000000100000100100000000000000000 0.0
runproj limit: 0.0
0010000000000000000000001000000000110000100000000001000000000000010000000000000000000000010 0.0
runproj limit: 0.0
0000010000000000100000000000000000001010000000000000000000001011000000000000100000111100000 0.0
runproj limit: 0.0
0000100000001000000000010000000100000000001000000000000000000000010000001000000000000000000 0.0
runproj limit: 0.0
0000000000000000000000000000100000000000000001000000000000000011000110000010010000000000000 0.0
best: NaN
runproj limit: 0.0
0000000000000000000000001000000000111000100000000001000000001011010000000000100000111100000 0.0
runproj limit: 0.0
1000110100101000000101010100100001011000001110100100100000101111000110110001101100111111100 0.0
runproj limit: 0.0
0000010000000010000000001010000111010010110000000000000100000100000010100000100100001100000 0.0
runproj limit: 0.0
0010101000001011000100011011000100001000000111000000000110000101100000101000110001000111100 0.0
runproj limit: 0.0
0101110100001011000101000001001010010000010111110100000110010101010001100000110000000001100 0.0
runproj limit: 0.0
0000100100001000100010011100000011000001000110101100010000100001010110001000101100110001100 0.0
runproj limit: 0.0
0100101000011111010000101001001010010000000000100100010000101111000000100000100100010011000 0.0
runproj limit: 0.0
0001000000010000010000001000000000000001000011101000110000000100000000011100000011011010100 0.0
runproj limit: 0.0
0000110000011000000001000110000001100001100000000001100100010100011100010000001001100001101 0.0
runproj limit: 0.0
1110100000001011011011001010001000000000010010010001001110000101001011110100000000000000100 0.0
runproj limit: 0.0
1000010110000000000000001011000001100101011011001111010110010000010001000101010100000101010 0.0
runproj limit: 0.0
0010101100001111000101100011101000000110000001010000010111100100011011100101100001001010000 0.0
runproj limit: 0.0
1011000001000001110101001010111000000001011010001100010000011100000110001110000101100010101 0.0
runproj limit: 0.0
0000000000000000000000000000100000000000000001000000000000000011000110000010010000000000000 0.0
runproj limit: 0.0
0000100000001000000000010000000100000000001000000000000000000000010000001000000000000000000 0.0
runproj limit: 0.0
0000010000000000100000000000000000001010000000000000000000001011000000000000100000111100000 0.0
runproj limit: 0.0
0010000000000000000000001000000000110000100000000001000000000000010000000000000000000000010 0.0
runproj limit: 0.0
0000100000000000000000100000100000000000000000000100000100000000100000100100000000000000000 0.0
runproj limit: 0.0
0100000000001100000000100000000000000000000000100000010000001010000000000000000000010011000 0.0
runproj limit: 0.0
1000000000000000000000000011000101010000100000010000000100000100000010100000000000000101000 0.0
best: NaN
runproj limit: 0.0
0001100000000011000001100001001000000000010011110100000110010101010000100000000000000000000 0.0
runproj limit: 0.0
0010111100001011000101000001101010010100010101110100000110100101010001100001110000001001100 0.0
runproj limit: 0.0
0011001101000011000101101010101000000100010011001100010011001100010110100100100101101010000 0.0
runproj limit: 0.0
1000101100001001000100011000000100001000001110000100000100101101100010110000100000011111100 0.0
runproj limit: 0.0
0000100000001000000000100000100000000000000000000000000000000000100000001100000000000000000 0.0
runproj limit: 0.0
0010000000000001010000001000110000111000101010000100010000011110000010000000100001111010101 0.0
runproj limit: 0.0
0000100000001000000001010010000100000001000000000000100100000100010000000000001000000001001 0.0
runproj limit: 0.0
1000010010000100000000000010000001100101000001000010010010010010000001000100000000010011000 0.0
runproj limit: 0.0
1000000100000101000001011000100100000010001001110000010000000000100000100011010100000000000 0.0
runproj limit: 0.0
1110101000001101011011001000110000000000110111000001001110100101100001111000000000100000101 0.0
runproj limit: 0.0
0001010010010010000000001011110011010010100000001001000110001100000010100110001010111100000 0.0
runproj limit: 0.0
1100101000110111010100110000011111110010001100100000000000101101001000110011101100010001001 0.0
runproj limit: 0.0
1000110100100001011101010011000011000010011100110110011001110111001110110101101100111111100 0.0
runproj limit: 0.0
1000000000000000000000000011000101010000100000010000000100000100000010100000000000000101000 0.0
runproj limit: 0.0
0100000000001100000000100000000000000000000000100000010000001010000000000000000000010011000 0.0
runproj limit: 0.0
0000100000000000000000100000100000000000000000000100000100000000100000100100000000000000000 0.0
runproj limit: 0.0
0010000000000000000000001000000000110000100000000001000000000000010000000000000000000000010 0.0
runproj limit: 0.0
0000010000000000100000000000000000001010000000000000000000001011000000000000100000111100000 0.0
runproj limit: 0.0
0000100000001000000000010000000100000000001000000000000000000000010000001000000000000000000 0.0
runproj limit: 0.0
0000000000000000000000000000100000000000000001000000000000000011000110000010010000000000000 0.0
best: NaN
runproj limit: 0.0
0000011000000101000000000010001001000100000001001000010011001010000000000100000101100011000 0.0
runproj limit: 0.0
0000000000000000000000100000100000000000000000000000000000000000000010001000010000000000000 0.0
runproj limit: 0.0
1000100000000001001101010011000000000010011011110100000100010101000010100100000100000100100 0.0
runproj limit: 0.0
1000011000000010010100100000011100110010001000000000000000101001001000010010101000111001001 0.0
runproj limit: 0.0
0100000000000100000000111000100100000010001000110000010000000000100000100010010000010000000 0.0
runproj limit: 0.0
0000010000001000000001000010000100000001000000000000100000001111000000000000101000000000000 0.0
runproj limit: 0.0
0000100000001000000000100000100000000000000000000000000000000000100000001100000000000000000 0.0
runproj limit: 0.0
1100101000111000010100010000010110110000001000000000000000101101010000111010101000000000000 0.0
runproj limit: 0.0
1100100000001010001001110001000001100000100110111011000000100000001001100001000011000000110 0.0
runproj limit: 0.0
1100111000001111110111101001110001001000110111000011001011100100110001001000000101101000110 0.0
runproj limit: 0.0
0011010010000010100101001100100111010010000100101011001110111010000000100010101000101101010 0.0
runproj limit: 0.0
0001000011100000100100101010101111010010010001000000000010010010100010101001100111010110000 0.0
runproj limit: 0.0
1010000001001100001011001100110101011000111101000010001111010110100001111100100010010100101 0.0
runproj limit: 0.0
0000000000000000000000000000100000000000000001000000000000000011000110000010010000000000000 0.0
runproj limit: 0.0
0000100000001000000000010000000100000000001000000000000000000000010000001000000000000000000 0.0
runproj limit: 0.0
0000010000000000100000000000000000001010000000000000000000001011000000000000100000111100000 0.0
runproj limit: 0.0
0010000000000000000000001000000000110000100000000001000000000000010000000000000000000000010 0.0
runproj limit: 0.0
0000100000000000000000100000100000000000000000000100000100000000100000100100000000000000000 0.0
runproj limit: 0.0
0100000000001100000000100000000000000000000000100000010000001010000000000000000000010011000 0.0
runproj limit: 0.0
1000000000000000000000000011000101010000100000010000000100000100000010100000000000000101000 0.0
best: NaN
runproj limit: 0.0
0010000011000000000100001000100101010000000000000000000010010000100000101001100111010010010 0.0
runproj limit: 0.0
0000000000000000000000000001100101000000100000010000000100000010000110000000010000000001000 0.0
runproj limit: 0.0
0000010010000000000000001000100111000000001000000011001110010000010000101010100000101100010 0.0
runproj limit: 0.0
0100000000001100000000100000000000000000000000100000000000001011000110000000000000000001000 0.0
runproj limit: 0.0
1100000000000111100000101001110001000000100110000011000011000100100010001000000100101000010 0.0
runproj limit: 0.0
0100100000001000000000100000100001000000000101010001000000000000000110000000000010000000110 0.0
runproj limit: 0.0
0001000011000000100101001010101111010010000001100001000010011010100000100010101111010100000 0.0
runproj limit: 0.0
0000000000000000000000010001000100000000100000000000000100000100000000001000000000000101000 0.0
runproj limit: 0.0
0010100001011000010011010001011100100001000010000001000001000001011100001001001000000100000 0.0
runproj limit: 0.0
1010100110100011000001100000100000001110010110000100011001000000100000101011001010100001000 0.0
runproj limit: 0.0
0010001000000000001000000110110100000010010011101100110111010101000000011100000111100011100 0.0
runproj limit: 0.0
0010010000000011110101001000011000011010000101000100000000101011100000000000000000110101001 0.0
runproj limit: 0.0
0100101000101101110000010001011110111000011001001011100000101011111101011010101100001110000 0.0
runproj limit: 0.0
1000000000000000000000000011000101010000100000010000000100000100000010100000000000000101000 0.0
runproj limit: 0.0
0100000000001100000000100000000000000000000000100000010000001010000000000000000000010011000 0.0
runproj limit: 0.0
0000100000000000000000100000100000000000000000000100000100000000100000100100000000000000000 0.0
runproj limit: 0.0
0010000000000000000000001000000000110000100000000001000000000000010000000000000000000000010 0.0
runproj limit: 0.0
0000010000000000100000000000000000001010000000000000000000001011000000000000100000111100000 0.0
runproj limit: 0.0
0000100000001000000000010000000100000000001000000000000000000000010000001000000000000000000 0.0
runproj limit: 0.0
0000000000000000000000000000100000000000000001000000000000000011000110000010010000000000000 0.0
best: NaN
runproj limit: 0.0
0000000000001000000000100000000000000000000000100000000000001010000010000010000000010000000 0.0
runproj limit: 0.0
0000101000000101000000000001111000010000000001000011000000001011001101001010011100001100000 0.0
runproj limit: 0.0
0000110000000000010000000000011100100011000010000000000001001011010100001000001000100100000 0.0
runproj limit: 0.0
0000000000001110010000100000010000000010000001000000000000101011000010000000000000000101000 0.0
runproj limit: 0.0
1100000000000000100000001001110011000000001000000011001110010000010000001000100100101000010 0.0
runproj limit: 0.0
0110001000000101011000010000111100001010010011001011100100101011110000011000100111100011100 0.0
runproj limit: 0.0
0010000000000000000000000110000000000010010011000000000010011111000000010100100101110100100 0.0
runproj limit: 0.0
0000000000000000000000000001100101000000100000010000000100000010000110000000010000000001000 0.0
runproj limit: 0.0
0000100001000011110000100001100000101011100010011100001101110010001011100100001100000010000 0.0
runproj limit: 0.0
0000011100001000011100011000101000101000011101101000000011000010001000011011010010010000010 0.0
runproj limit: 0.0
1100001011001000000000100001110111001000010010000101000110001111010010010000100001000010001 0.0
runproj limit: 0.0
1010110011100000011011100010011001111101011110010001000001101001011000000001010010001000000 0.0
runproj limit: 0.0
0000001000001000110010000111001100001000100001000010001101011111001010111110000000100000010 0.0
runproj limit: 0.0
0000000000000000000000000000100000000000000001000000000000000011000110000010010000000000000 0.0
runproj limit: 0.0
0000100000001000000000010000000100000000001000000000000000000000010000001000000000000000000 0.0
runproj limit: 0.0
0000010000000000100000000000000000001010000000000000000000001011000000000000100000111100000 0.0
runproj limit: 0.0
0010000000000000000000001000000000110000100000000001000000000000010000000000000000000000010 0.0
runproj limit: 0.0
0000100000000000000000100000100000000000000000000100000100000000100000100100000000000000000 0.0
runproj limit: 0.0
0100000000001100000000100000000000000000000000100000010000001010000000000000000000010011000 0.0
runproj limit: 0.0
1000000000000000000000000011000101010000100000010000000100000100000010100000000000000101000 0.0
best: NaN
runproj limit: 0.0
1100000000000000000000010001110101000000001000000010001000010000010000001000000100100000000 0.0
runproj limit: 0.0
1010110011100000011011100010011001111101011110010001000001101001011000000001010010001000000 0.0
runproj limit: 0.0
0010010001000000001010000110011001101011010011010001000010101011000000010100110100000100000 0.0
runproj limit: 0.0
0010000000001000000000101000000000000000000001000001000000100000010010000000000000000100010 0.0
runproj limit: 0.0
0000000000000000000000100000000000000000000000100000000100000010000000100110000000000000000 0.0
runproj limit: 0.0
1000001000001000100000000001100111001000010000000101000110001111010000010000100001001100000 0.0
runproj limit: 0.0
1010000000100000010000000010010001011010011011000001000010111011010000000101110011010100000 0.0
runproj limit: 0.0
1000000000000000000000000001000001010000100001010000000000000001000010000010010000000000000 0.0
runproj limit: 0.0
1011001011000000010100100000100000010000010101000110001100010000100000000110100011000100000 0.0
runproj limit: 0.0
0001110010110000010000000000010111101011000011101000100001000010010100001010000000101100100 0.0
runproj limit: 0.0
0001101000000000010000010000000000101000000000000010000001001000011000001110000000010010011 0.0
runproj limit: 0.0
0000011001011010100010100100000100001110010011001000001000001101011000000100110000101000000 0.0
runproj limit: 0.0
0000000000011000111000101100011000000011000000001101000000110011001100000000000010111101001 0.0
runproj limit: 0.0
1000000000000000000000000011000101010000100000010000000100000100000010100000000000000101000 0.0
runproj limit: 0.0
0100000000001100000000100000000000000000000000100000010000001010000000000000000000010011000 0.0
runproj limit: 0.0
0000100000000000000000100000100000000000000000000100000100000000100000100100000000000000000 0.0
runproj limit: 0.0
0010000000000000000000001000000000110000100000000001000000000000010000000000000000000000010 0.0
runproj limit: 0.0
0000010000000000100000000000000000001010000000000000000000001011000000000000100000111100000 0.0
runproj limit: 0.0
0000100000001000000000010000000100000000001000000000000000000000010000001000000000000000000 0.0
runproj limit: 0.0
0000000000000000000000000000100000000000000001000000000000000011000110000010010000000000000 0.0
best: NaN
runproj limit: 0.0
0010001000010000000000101100000000011100100010001000000000001100010000000100100000101000000 0.0
runproj limit: 0.0
0011110000110000010000000000010111101011000011000000100000111011010100000111100010110100000 0.0
runproj limit: 0.0
0011110011100000011000000010011001111001000011000000000001001000010100000010010000001100000 0.0
runproj limit: 0.0
1010100000000000000000000000010001001010001011000001000010011000000000000101110000000000000 0.0
runproj limit: 0.0
0000000000001000101000001100000000000001100000001101000000110011000000000000000010111000001 0.0
runproj limit: 0.0
0000110011100000010000100000011001101101000011001000000001001010011000001010000010001100000 0.0
runproj limit: 0.0
1010001011000000100100100001100100010000010000000110001110000101000000000110100001000100000 0.0
runproj limit: 0.0
0000000000001000000000101000011000000010000000100100000100010011001100000000000010010101000 0.0
runproj limit: 0.0
1100111000001010001001101000100001001000010000100001010010101101010010010010110101001110101 0.0
runproj limit: 0.0
1011101011000000110110100000100000010000011101000110001101110000100010110111100001000100000 0.0
runproj limit: 0.0
1010010000101110011000110000100111011010011011100011000110011010011100000101010010100100100 0.0
runproj limit: 0.0
1010100100011010000100001001000000000111100100000000000010001010010100101000000100000000000 0.0
runproj limit: 0.0
1010010001100010000001100001100000011000011100001001011010001110110010000010010000100100010 0.0
runproj limit: 0.0
0000000000000000000000000000100000000000000001000000000000000011000110000010010000000000000 0.0
runproj limit: 0.0
0000100000001000000000010000000100000000001000000000000000000000010000001000000000000000000 0.0
runproj limit: 0.0
0000010000000000100000000000000000001010000000000000000000001011000000000000100000111100000 0.0
runproj limit: 0.0
0010000000000000000000001000000000110000100000000001000000000000010000000000000000000000010 0.0
runproj limit: 0.0
0000100000000000000000100000100000000000000000000100000100000000100000100100000000000000000 0.0
runproj limit: 0.0
0100000000001100000000100000000000000000000000100000010000001010000000000000000000010011000 0.0
runproj limit: 0.0
1000000000000000000000000011000101010000100000010000000100000100000010100000000000000101000 0.0
best: NaN
runproj limit: 0.0
1010100100001010000100000000010001000110101110000000000010001010010100001001000000000000000 0.0
runproj limit: 0.0
0000110011100000011000100010011001111101000011001000000001001000011100000010000010001100000 0.0
runproj limit: 0.0
0011000000000000011000000000111000111001000011000000000001001010010110000010010000000000000 0.0
runproj limit: 0.0
1011001011000000110100100000100100010000011100000110001110000101000000110110100001000100000 0.0
runproj limit: 0.0
1000001000000000000000101110000101011000100000000000000000001100010000100100000000101001000 0.0
runproj limit: 0.0
0100100000001000000001001000100001001000010001000000010010100011000010010010110000000010001 0.0
runproj limit: 0.0
1010100100011010000100001001000000000111100100000000000010001010010100101000000100000000000 0.0
runproj limit: 0.0
0000000000000000100000100000000000000010000000000100000000000001100000000100000000011100000 0.0
runproj limit: 0.0
0011100011100000010001101010001001101101101111001010000101000010011001101011100110111101100 0.0
runproj limit: 0.0
1010001001001100010000001110000000100100100000111001100001000001010000000000000000100111011 0.0
runproj limit: 0.0
1110011010001010001011101101100001000011010100100011010110111111010010110000010101010110101 0.0
runproj limit: 0.0
0000010000011000001010001100110001100101000000000000101001010010011101000110100000000011011 0.0
runproj limit: 0.0
0111000011100111000110100100100100110001000100000110001110100100000010011000001100001000010 0.0
runproj limit: 0.0
1000000000000000000000000011000101010000100000010000000100000100000010100000000000000101000 0.0
runproj limit: 0.0
0100000000001100000000100000000000000000000000100000010000001010000000000000000000010011000 0.0
runproj limit: 0.0
0000100000000000000000100000100000000000000000000100000100000000100000100100000000000000000 0.0
runproj limit: 0.0
0010000000000000000000001000000000110000100000000001000000000000010000000000000000000000010 0.0
runproj limit: 0.0
0000010000000000100000000000000000001010000000000000000000001011000000000000100000111100000 0.0
runproj limit: 0.0
0000100000001000000000010000000100000000001000000000000000000000010000001000000000000000000 0.0
runproj limit: 0.0
0000000000000000000000000000100000000000000001000000000000000011000110000010010000000000000 0.0
best: NaN
done evolving!
"all is well:)"
>>>>>>>>>>>>>>FINISH OPTIMIZATION>>>>>>>>>>>>>>>
499.22user 260.99system 14:05.26elapsed 89%CPU (0avgtext+0avgdata 131512maxresident)k
1080728inputs+1517024outputs (590major+71732109minor)pagefaults 0swaps
