Optimizing /h/ywang30/nofib/shootout/fannkuch-redux
>>>>>>>>>>>>>>>START OPTIMIZATION>>>>>>>>>>>>>>>
pop: 13
gens: 15
arch: 7
limit is: 5.558
runproj limit: 5.558
Basetime is: 5.558
runproj limit: 5.558
010000000000000001000001010010100101010101011001000001100010100010101000001001100000000 5.533
runproj limit: 5.558
001000000010000001011001010010010101010101010001000001000010100100101000000000000000000 5.558
runproj limit: 5.558
000000000001000001101001110100000101010101011101000101001010100000001000000010000010000 5.62
runproj limit: 5.558
000000000001000001101001111010100101111100010001000101000010111000001000100000000000000 5.675
runproj limit: 5.558
000000000000000001001001000011000101010111000001011001000010100000001000000000000000000 5.8
runproj limit: 5.558
001000001001000001001000010000100101010101010001100001000010100011001000010000000000100 5.635
runproj limit: 5.558
"timed out"
100000000000000001001001011110110000010111010000000001010010110000000010000000000000010 11.116
runproj limit: 5.558
010000000000110001001011010010100101010101010011000000000010001000001000000000000001001 6.822
runproj limit: 5.558
000010000000000001001011010000100101010101010001010001010010100010001010010000000000000 5.683
runproj limit: 5.558
001000000000000001001001110010100110010111010001000101000010100001001000000000000000000 5.815
runproj limit: 5.558
000001000000000011001001010010100101111101010001000001000010001100001000000010000011110 5.595
runproj limit: 5.558
000010000000100001001000010010110101010101110001000001000010100001001000100000000000000 5.553
runproj limit: 5.558
000000000000000001001001010000100101010101010101000001000010101100010000001001000000000 5.678
best: 0.9955019791291833
runproj limit: 5.558
000001000001000001001001110010100101111100010001000001000010101000001000100000000001010 5.575
runproj limit: 5.558
001010000010000001001001010010110101010101110001000001000010100101101000000000000000000 5.513
runproj limit: 5.558
011000001001000001001000010010100101010101010001000001000010100010001000010001100000100 5.56
runproj limit: 5.558
000000000000000001001001110000000101010101010101000101000010100100001000000001000010000 5.502
runproj limit: 5.558
"timed out"
101000000000000001011001011110110100010111010001000001000010110000001010000000000000010 11.116
runproj limit: 5.558
000000000000000001001001010000100101110101010001000101000010111100001000000000000000000 5.5
runproj limit: 5.558
001000000000000001001001010010010101010101010001000001000010100000001000000000000000000 5.502
runproj limit: 5.558
000010000000000001001011010000100101010101010001010001010010100010001010010000000000000 5.525
runproj limit: 5.558
001000000011110011011000110010110101011101010101010000110000000100100000110001000000001 5.61
runproj limit: 5.558
000011000000000100101110010010100010110101100100010001000011100001001000100000000001101 5.522
runproj limit: 5.558
000011001100011000110001000110100100011101011101000011110000100010101010000001100010101 5.692
runproj limit: 5.558
011001000001100000011010010110101101010101010001010100000110111011001001010000100010110 6.71
runproj limit: 5.558
011000010010000010001001010110100111110101010100111110000010001100001001000010000011110 6.675
runproj limit: 5.558
010000000000000001000001010010100101010101011001000001100010100010101000001001100000000 5.528
runproj limit: 5.558
000010000000100001001000010010110101010101110001000001000010100001001000100000000000000 5.533
runproj limit: 5.558
001000000010000001011001010010010101010101010001000001000010100100101000000000000000000 5.59
runproj limit: 5.558
000001000000000011001001010010100101111101010001000001000010001100001000000010000011110 5.508
runproj limit: 5.558
000000000001000001101001110100000101010101011101000101001010100000001000000010000010000 5.528
runproj limit: 5.558
001000001001000001001000010000100101010101010001100001000010100011001000010000000000100 5.513
runproj limit: 5.558
000000000001000001101001111010100101111100010001000101000010111000001000100000000000000 5.53
best: 0.989564591579705
runproj limit: 5.558
011000000010000011001001010110110101010101010100000001000010100000001000000000000011110 5.525
runproj limit: 5.558
010000000000000011000001010010100101010101010101110010000010100010101001000011000001000 6.74
runproj limit: 5.558
000000000000000011001001010000100101110101010001000101000010111100001000000010000011000 5.568
runproj limit: 5.558
000010000010100001001001010010110101010101110001000001000010100101101000000000000000000 5.54
runproj limit: 5.558
010000001001000001000000010010100101010101011001000001000010100010101000010001100000000 5.515
runproj limit: 5.558
000001000000000011001001110000000101011101010101000101000010001100001000000001000010010 5.528
runproj limit: 5.558
000010000011110001011000110010110101011101010001000000110010100101101000100001000000000 5.598
runproj limit: 5.558
001000000000000000001001010010100101110101010101000001000010100001001000100000000001001 5.548
runproj limit: 5.558
000001000000001011011101000010000101111001101000100001010000001100001011010100110011111 6.038
runproj limit: 5.558
010100000001000000001001010110110101011101011111000001000000111011111001011001110100010 5.543
runproj limit: 5.558
"timed out"
101100000001011101000001010011110101011001000011010011011110001010100001000000011001101 11.116
runproj limit: 5.558
010101000100010110010010110110101010111101000101000101001110101011001011110000100001100 5.565
runproj limit: 5.558
010101000000010111000111000001000011100100001001000011101010100110111100010000000100000 5.703
runproj limit: 5.558
000000000000000001001001010000100101110101010001000101000010111100001000000000000000000 5.54
runproj limit: 5.558
000000000000000001001001110000000101010101010101000101000010100100001000000001000010000 5.515
runproj limit: 5.558
001000000000000001001001010010010101010101010001000001000010100000001000000000000000000 5.57
runproj limit: 5.558
000001000000000011001001010010100101111101010001000001000010001100001000000010000011110 5.545
runproj limit: 5.558
001010000010000001001001010010110101010101110001000001000010100101101000000000000000000 5.55
runproj limit: 5.558
001000001001000001001000010000100101010101010001100001000010100011001000010000000000100 5.513
runproj limit: 5.558
000011000000000100101110010010100010110101100100010001000011100001001000100000000001101 5.5
best: 0.989564591579705
runproj limit: 5.558
000000000000000001001001010110010101010101010101000101000010100100001000000001000011010 5.535
runproj limit: 5.558
000010000010000101001101010010100111110101110100010001000011100001101000000000000001100 5.513
runproj limit: 5.558
000000000000000001001001010000100101010101010101100001000010100110001000000000000010000 5.57
runproj limit: 5.558
000000000000100001001001010000110101010101110001000001000010101100001000000000000000000 5.533
runproj limit: 5.558
000010000001110000011000110110110101011101010001000000010010111101101000110001100100000 6.748
runproj limit: 5.558
000000000000000100001111110010100001010101000100000001000011100101001000000000000010100 5.57
runproj limit: 5.558
000010000010000011001001110000100101110101010001000101000010110101001000100011000000000 5.72
runproj limit: 5.558
010000000001000011001000010110100101010101011000000001000010100010001000010001000001100 5.725
runproj limit: 5.558
001010000010000001001001011010111101010100110001000001001000000001101001001000111101101 5.828
runproj limit: 5.558
001010000010100011001101010000110111011111000100000001011010000010011100001100000001010 5.8
runproj limit: 5.558
001100000101010111001001010110110101111101001111100111100100111111110100011011011100100 5.58
runproj limit: 5.558
000111010000000000101000001010110010010001100000010101000010100101001000110100110001101 5.725
runproj limit: 5.558
001100000100010101001000000001010000110101010101000001010010101010001000100000010001011 5.908
runproj limit: 5.558
000011000000000100101110010010100010110101100100010001000011100001001000100000000001101 5.825
runproj limit: 5.558
001000001001000001001000010000100101010101010001100001000010100011001000010000000000100 5.848
runproj limit: 5.558
010000001001000001000000010010100101010101011001000001000010100010101000010001100000000 5.803
runproj limit: 5.558
000000000000000001001001110000000101010101010101000101000010100100001000000001000010000 5.78
runproj limit: 5.558
011000000010000011001001010110110101010101010100000001000010100000001000000000000011110 5.858
runproj limit: 5.558
000001000000000011001001110000000101011101010101000101000010001100001000000001000010010 5.592
runproj limit: 5.558
000010000010100001001001010010110101010101110001000001000010100101101000000000000000000 5.528
best: 0.9919035624325298
runproj limit: 5.558
001010000010100001001101010010100111111111110100000001001010000010001000000000000001110 5.513
runproj limit: 5.558
000000000010000011001001010010100101011101010101000001000010000101101000000001000010000 5.515
runproj limit: 5.558
001000000000000011001001010000110111011101001001000001010010100010001100011101100000010 5.728
runproj limit: 5.558
000000000000100001001001010010110101010101110001000001000010101100001000000000000000000 5.743
runproj limit: 5.558
001010000010000001001001011010101101110100010001000001000010100101001001100011011100100 5.843
runproj limit: 5.558
001001001001000001001000110000000101011101010101100101000010100010001000010001000010100 5.788
runproj limit: 5.558
000001000000000001001001011010110011010001000101000101000010100101001000110100010011111 5.935
runproj limit: 5.558
000010000000000001001001010000100111010101110000000001000011101100001000000000000001100 5.775
runproj limit: 5.558
001000100010111001111101000000011111010111110001000001010001110100001000001100010101010 6.013
runproj limit: 5.558
011101000100000111001101110000000101111101010001110111110011101100011011000001000111000 5.8
runproj limit: 5.558
001110010101010111000010000110110101111101001111100010100100100101000100010011011110110 5.898
runproj limit: 5.558
"timed out"
100000010011000011000001110010100101010001010101111001000110101110001001100000101010011 11.116
runproj limit: 5.558
010000000000000000000111011110011101110001110101001000001011100100001000001001101111010 6.83
runproj limit: 5.558
000010000010000101001101010010100111110101110100010001000011100001101000000000000001100 5.68
runproj limit: 5.558
000010000010100001001001010010110101010101110001000001000010100101101000000000000000000 5.518
runproj limit: 5.558
000000000000100001001001010000110101010101110001000001000010101100001000000000000000000 5.588
runproj limit: 5.558
000000000000000001001001010110010101010101010101000101000010100100001000000001000011010 5.698
runproj limit: 5.558
000000000000000001001001010000100101010101010101100001000010100110001000000000000010000 5.728
runproj limit: 5.558
000000000000000100001111110010100001010101000100000001000011100101001000000000000010100 5.783
runproj limit: 5.558
001100000101010111001001010110110101111101001111100111100100111111110100011011011100100 5.79
best: 0.9919035624325298
runproj limit: 5.558
000000000010100001001001010110010101010101010001000101000010100101101000000000000011000 5.75
runproj limit: 5.558
000000000000000001001001010010010101011101010101000101000010000101101000000001000010010 5.738
runproj limit: 5.558
000000000010100001001001010000100101010101010001000001000010100100101000000000000010000 5.768
runproj limit: 5.558
000000000010000001001001010000110101010101010101000001000010100111001000000000000000000 5.78
runproj limit: 5.558
000001001000000001001000110000100101011101010101100001000010100010001000000000000010100 5.763
runproj limit: 5.558
000000000000100001001001010010110101010101110001000001000010101100001000000000000000000 5.778
runproj limit: 5.558
001011000010100001001101011010100111111001110101000101001010000001001000100000010011111 5.948
runproj limit: 5.558
001000100001001001111100110000000111010111010101000001010000100110001000001101010001000 5.62
runproj limit: 5.558
001000000000100100011011010010110001010101000110010111001011000101011010010000000000101 5.623
runproj limit: 5.558
"timed out"
100001000101010111000001010100000101011111010111100001010101111010111101111010011100100 11.116
runproj limit: 5.558
"timed out"
111000000001110011001000010010001100001100010000100001001001011011100001000001000000100 11.116
runproj limit: 5.558
000110001000100101001001010100001100010101110100000001001110111101011000101000000101100 5.605
runproj limit: 5.558
000011000000101100001101010010011011011101111001010101110011111000101110010010000011101 5.548
runproj limit: 5.558
001010000010100001001101010010100111111111110100000001001010000010001000000000000001110 5.508
runproj limit: 5.558
000000000010000011001001010010100101011101010101000001000010000101101000000001000010000 5.518
runproj limit: 5.558
000010000010100001001001010010110101010101110001000001000010100101101000000000000000000 5.513
runproj limit: 5.558
000000000000100001001001010000110101010101110001000001000010101100001000000000000000000 5.498
runproj limit: 5.558
000010000010000101001101010010100111110101110100010001000011100001101000000000000001100 5.488
runproj limit: 5.558
000000000000000001001001010110010101010101010101000101000010100100001000000001000011010 5.5
runproj limit: 5.558
001000000000000011001001010000110111011101001001000001010010100010001100011101100000010 5.482
best: 0.9863260165527169
runproj limit: 5.558
000000001000000001001001010000110101011101010101000001000010101100001000000000000010000 5.66
runproj limit: 5.558
000010000000100000001101010000010011010101111001010001010010111000101010010010000000000 5.732
runproj limit: 5.558
001001000010100001001001010000100101011001110001000001001010000100101000100000010011000 6.018
runproj limit: 5.558
001000000000000011001001010000110111011101001001000001010010100010001100011101100000010 5.762
runproj limit: 5.558
000010000010100001001001010010110101010101110001000001000010100101101000000000000000000 5.738
runproj limit: 5.558
000010000000000001001001010010110101010101110001000101000010100100101000000000000001010 5.732
runproj limit: 5.558
001010000000000001001001010000100111111101100100000001001010000010001000010001100001010 5.77
runproj limit: 5.558
000010000010000011001001010010110101010101010001000001000010100101101000000001000010000 5.66
runproj limit: 5.558
010101000010011011000001001010010111000000100000000101010010101101111000000110100011001 6.03
runproj limit: 5.558
011101110001010100101001011100001110110100101010010001011000111001001001100011010101101 5.828
runproj limit: 5.558
000100000010000100001100010000100111110001111000110100000010100000101011000000001101100 7.115
runproj limit: 5.558
"timed out"
100010000110000001000001100000011001011101101101100100000001000100110011100011010110010 11.116
runproj limit: 5.558
000011000010111100001000001110011010111111110011011111110011100000101110011111010000111 5.793
runproj limit: 5.558
001000000000000011001001010000110111011101001001000001010010100010001100011101100000010 5.805
runproj limit: 5.558
000010000010000101001101010010100111110101110100010001000011100001101000000000000001100 5.763
runproj limit: 5.558
000000000000100001001001010000110101010101110001000001000010101100001000000000000000000 5.778
runproj limit: 5.558
000000000000000001001001010110010101010101010101000101000010100100001000000001000011010 5.908
runproj limit: 5.558
001010000010100001001101010010100111111111110100000001001010000010001000000000000001110 5.77
runproj limit: 5.558
000010000010100001001001010010110101010101110001000001000010100101101000000000000000000 5.53
runproj limit: 5.558
000000000010000011001001010010100101011101010101000001000010000101101000000001000010000 5.502
best: 0.9899244332493703
runproj limit: 5.558
001010000000100001001101010110010101110101110101000101000010000010001000000000000001110 5.528
runproj limit: 5.558
000010000010000001001001010010110101010101010001000001000010100101101000000001000010000 5.525
runproj limit: 5.558
000010000010100000001001011010110010010111110011001111010010100000101010011101000000010 5.51
runproj limit: 5.558
001000100000100101001001011100110101110101101001000001011010110001101000000011000100001 5.548
runproj limit: 5.558
000010000010100101001001010010100111010101110101010001000011100101101000000000000001100 5.568
runproj limit: 5.558
000010000010000001001001010010110111010101000000000001000010100000001000010001000000010 5.515
runproj limit: 5.558
010000100001000100101001010100011100010101010111010001000000111001001000000010010000000 5.51
runproj limit: 5.558
000010000010000001001001010010110101010101010001000001000010100101101000000000000010000 5.513
runproj limit: 5.558
000001000001000001001101001010110011010011110001000011010011110000011001000010100101010 5.52
runproj limit: 5.558
"timed out"
110000000000000010010001111000110111010100001011000001111010100011000101011111100000010 11.116
runproj limit: 5.558
"timed out"
101011011010000011001001011110110000000010111101111000011011100101101100010100010010010 11.116
runproj limit: 5.558
000000110000010011101011011110110111001101000111000100011100100110000100011001100100111 6.698
runproj limit: 5.558
"timed out"
110101000110011101000001000011110111000001100110000111011010111101110001001110111011001 11.116
runproj limit: 5.558
000000000010000011001001010010100101011101010101000001000010000101101000000001000010000 5.508
runproj limit: 5.558
000010000010100001001001010010110101010101110001000001000010100101101000000000000000000 5.513
runproj limit: 5.558
000000001000000001001001010000110101011101010101000001000010101100001000000000000010000 5.51
runproj limit: 5.558
000010000010000011001001010010110101010101010001000001000010100101101000000001000010000 5.583
runproj limit: 5.558
000010000000100000001101010000010011010101111001010001010010111000101010010010000000000 5.522
runproj limit: 5.558
000010000000000001001001010010110101010101110001000101000010100100101000000000000001010 5.508
runproj limit: 5.558
001000000000000011001001010000110111011101001001000001010010100010001100011101100000010 5.55
best: 0.9910039582583664
runproj limit: 5.558
000010000000000101001001010010100111010101110101010001000011100101101000000000000001010 5.53
runproj limit: 5.558
000010000010000011001001010010110101010101010001000001000010100101101000000001000010000 5.498
runproj limit: 5.558
000010000010000001001001010010110101010101110001000001000010100101101000000001000010000 5.515
runproj limit: 5.558
000010000010000001001001010010110101010101010001000001000010100101101000000001000010000 5.508
runproj limit: 5.558
000010000000100000001101010000110101010101111001000001000010100100101000010000000000000 5.505
runproj limit: 5.558
010000000000001101001001000011110101010101100110000101011010111101100001000000101010001 5.618
runproj limit: 5.558
000010001010000001001001010000110101010101010101000001000010101101101000000000000000000 5.518
runproj limit: 5.558
010010100000000000101001010000010100010101110111000101000000110100101000000010000001010 5.505
runproj limit: 5.558
"timed out"
100000010010010101001101110000110101011101110110000000000010100110101010101101010000000 11.116
runproj limit: 5.558
"timed out"
110000100000011010010001110011010111010110011110000001111000100001101101101111100010010 11.116
runproj limit: 5.558
000110001011100000001001011101100010010110110011101011011010000000101010000111111011010 5.505
runproj limit: 5.558
"timed out"
110000100011100100111000110001001010011101100111000000000000110001101001001110110000001 11.116
runproj limit: 5.558
000010000010100100101001001100111100111100011000001010100111000101001000010001000010000 5.52
runproj limit: 5.558
000000000010000011001001010010100101011101010101000001000010000101101000000001000010000 5.51
runproj limit: 5.558
000010000000000001001001010010110101010101110001000101000010100100101000000000000001010 5.503
runproj limit: 5.558
000010000010100000001001011010110010010111110011001111010010100000101010011101000000010 5.502
runproj limit: 5.558
010000100001000100101001010100011100010101010111010001000000111001001000000010010000000 5.498
runproj limit: 5.558
000000001000000001001001010000110101011101010101000001000010101100001000000000000010000 5.512
runproj limit: 5.558
000010000010000001001001010010110101010101010001000001000010100101101000000000000010000 5.49
runproj limit: 5.558
000010000010100001001001010010110101010101110001000001000010100101101000000000000000000 5.493
best: 0.9877653832313783
runproj limit: 5.558
000010000000000000001001010000100101011101010101000001000000010100101000000010000010010 5.525
runproj limit: 5.558
000010000010100001001101010000110101010101110001000001000010100101101000000000000000000 5.508
runproj limit: 5.558
000000001000000001101001011000110101011100010100000011000011101101001000010001000010000 5.5
runproj limit: 5.558
000010000010000000001001011010110110010111110001001101000010100001101000011001000010010 5.505
runproj limit: 5.558
000000000010000001001001110000110101011101110000000100000010100110101010101001000001000 30.4
runproj limit: 5.558
000010001000000001001001010010110101010101010101000101000010100100101000000000000000000 5.502
runproj limit: 5.558
000010000000100000001101010000110101010101111001000001000010100100101000010000000000000 5.585
runproj limit: 5.558
000010000010000011001001010010100101010101010001000001000010000101101000000001000010000 5.508
runproj limit: 5.558
"timed out"
110010000010001001101111010110100011010111101010101101000000100100001110100100001110000 11.116
runproj limit: 5.558
001111001011101010111011011001100110110110110011100011001110000101101001000111101111110 5.58
runproj limit: 5.558
001110001010100010011101000000110010010100100001100011111001011000100010010101110010010 5.592
runproj limit: 5.558
000100001100100001011001111010001000011100010101000001001011101101100010010111011111011 5.658
runproj limit: 5.558
010000100110100101001001001010100111110111011011000011010101101100101010001111001011000 5.505
runproj limit: 5.558
000010000010000001001001010010110101010101010001000001000010100101101000000000000010000 5.498
runproj limit: 5.558
000010000010100001001001010010110101010101110001000001000010100101101000000000000000000 5.525
runproj limit: 5.558
000010000010000011001001010010110101010101010001000001000010100101101000000001000010000 5.502
runproj limit: 5.558
010000100001000100101001010100011100010101010111010001000000111001001000000010010000000 5.51
runproj limit: 5.558
000010000010100000001001011010110010010111110011001111010010100000101010011101000000010 5.518
runproj limit: 5.558
000010000000000001001001010010110101010101110001000101000010100100101000000000000001010 5.505
runproj limit: 5.558
000010000000100000001101010000110101010101111001000001000010100100101000010000000000000 5.5
best: 0.9892047499100397
runproj limit: 5.558
000010001010000011001001010010110101010101010001000101000010100100101000000001000010000 5.492
runproj limit: 5.558
000010000010100000001101010010110101010101111001000001000010100101101000000000000010000 5.502
runproj limit: 5.558
000010001010100001001001010000110001010100110001000011111011110001101010010101000010010 5.533
runproj limit: 5.558
000010000000000001001001010010110101010101110001000001000010100100101000000000000000010 5.535
runproj limit: 5.558
001110001010101010101111010001110111010111110011000001001110000100101001000011100011100 5.54
runproj limit: 5.558
000010000010100001001001010010110001010101010001000101010010100000101000011001000000010 5.525
runproj limit: 5.558
000010000011000000001001010100010100010101110101000101000000101001001000011001010000000 5.52
runproj limit: 5.558
000010000010100010001101010010110101010101111001000001000010000100101000000001000000000 5.515
runproj limit: 5.558
001010001101000000000101010111010111010001111101000001000110100000011000000100100000010 5.708
runproj limit: 5.558
"timed out"
101010011000001101001101010010110101101100101001010000100110100101101010011100101010000 11.116
runproj limit: 5.558
011001100110110001101001011001010011101110010001010001000100010000101011101111000011000 5.498
runproj limit: 5.558
001000001000001100111101111001010100011100000000010011000001101111001000010011000010100 5.515
runproj limit: 5.558
"timed out"
100010000011010101011001010110000101110100010101101111000010011111011110000001010010111 11.116
runproj limit: 5.558
000010000010000001001001010010110101010101010001000001000010100101101000000000000010000 5.485
runproj limit: 5.558
000000001000000001101001011000110101011100010100000011000011101101001000010001000010000 5.548
runproj limit: 5.558
000010000000100000001101010000110101010101111001000001000010100100101000010000000000000 5.51
runproj limit: 5.558
000010001000000001001001010010110101010101010101000101000010100100101000000000000000000 5.51
runproj limit: 5.558
000010000010000011001001010010110101010101010001000001000010100101101000000001000010000 5.505
runproj limit: 5.558
000010000010000000001001011010110110010111110001001101000010100001101000011001000010010 5.53
runproj limit: 5.558
010000100110100101001001001010100111110111011011000011010101101100101010001111001011000 5.522
best: 0.986865779057215
runproj limit: 5.558
000000001010000011101001010000110101011100010101000011000010101100001000010001000010000 5.508
runproj limit: 5.558
010011000010110101111001011100010011110100010001001101000000011100001111000011010010110 5.505
runproj limit: 5.558
000010000010000000001001010011010111010001011101000001000110100000111000000001100010010 5.758
runproj limit: 5.558
001010001000000101111101111000010100010100000001010001000011100111101000010010000010100 5.518
runproj limit: 5.558
000000000010000101001001011010110110110111011011001001010111101100101000001111001010010 5.52
runproj limit: 5.558
001000000110100000101001011001110111001111010001001101000010100001101010111101000011000 5.525
runproj limit: 5.558
000010000010000001001001010010110101010101010001000001000010100101101000000001000010000 5.51
runproj limit: 5.558
000010000010100000001101010010110101010101111001000001000010100101101000000000000010000 5.51
runproj limit: 5.558
000010000110001110001001010110110111111011011000100001100101101111000100000000110010001 5.575
runproj limit: 5.558
000001110010000001111001111000000100110110100111101101001110101000001001010100001011010 5.53
runproj limit: 5.558
"timed out"
110010101110000010001110010001111001110110110001010101001010101001100001100011000100011 11.116
runproj limit: 5.558
"timed out"
100011001001100001101010011110100000100100100000000001000000000101111000100001101010110 11.116
runproj limit: 5.558
011001000110010010100001000111100011001100010001011001110001100000011000011110000001000 5.728
runproj limit: 5.558
000010000010000001001001010010110101010101010001000001000010100101101000000000000010000 5.498
runproj limit: 5.558
000010001010000011001001010010110101010101010001000101000010100100101000000001000010000 5.502
runproj limit: 5.558
011001100110110001101001011001010011101110010001010001000100010000101011101111000011000 5.5
runproj limit: 5.558
000010000010100000001101010010110101010101111001000001000010100101101000000000000010000 5.518
runproj limit: 5.558
000010000010000011001001010010110101010101010001000001000010100101101000000001000010000 5.49
runproj limit: 5.558
000010000000100000001101010000110101010101111001000001000010100100101000010000000000000 5.51
runproj limit: 5.558
000010001000000001001001010010110101010101010101000101000010100100101000000000000000000 5.498
best: 0.9877653832313783
runproj limit: 5.558
000000001010000111001001010010110110010111010011001101000111101100101000000001000010000 5.49
runproj limit: 5.558
001000001100000001101101011000110100000111000001011001000010100011101000110000000011000 5.543
runproj limit: 5.558
000010000010000001001001010011010111010001010001000001000010100001111000000001100010000 5.72
runproj limit: 5.558
000010001010000011101001010010110101011100010001000011000010101100001000010001000010000 5.52
runproj limit: 5.558
000000001010000011001001010000110101011100010101000011000010101100001000000001000010000 5.51
runproj limit: 5.558
010011000110110101111001011101010011110100010001000101000000011100101111000111010010000 5.505
runproj limit: 5.558
000000001010000011101001010010110101011101010101000101000010101100001000010001000010000 5.518
runproj limit: 5.558
000010000010000001001001010010110101010101010001000001000010100101101000000000000000000 5.518
runproj limit: 5.558
"timed out"
101100101110000010011001010010110100010100000101001001100011100101101010001011001110010 11.116
runproj limit: 5.558
000110001001000000001001010011111011110001011011100011000110000100111000001001000010110 5.725
runproj limit: 5.558
000110101010100010001001010010100111110101110001001101000110000100001000011001000011001 5.505
runproj limit: 5.558
011001000011011001100011001001000011111111011101110001100100001001001011111110000010010 5.502
runproj limit: 5.558
001010001001011111011101001000110100010000000101100101000010000111010000010010001001000 5.763
runproj limit: 5.558
000010000010000011001001010010110101010101010001000001000010100101101000000001000010000 5.51
runproj limit: 5.558
000010000010000001001001010010110101010101010001000001000010100101101000000000000010000 5.502
runproj limit: 5.558
000010001000000001001001010010110101010101010101000101000010100100101000000000000000000 5.508
runproj limit: 5.558
011001100110110001101001011001010011101110010001010001000100010000101011101111000011000 5.5
runproj limit: 5.558
000010001010000011001001010010110101010101010001000101000010100100101000000001000010000 5.508
runproj limit: 5.558
010011000010110101111001011100010011110100010001001101000000011100001111000011010010110 5.5
runproj limit: 5.558
000000001010000011101001010000110101011100010101000011000010101100001000010001000010000 5.488
best: 0.987405541561713
runproj limit: 5.558
011011000110110001111001011001010011111110010001000101000000011000101011101011000011100 5.502
runproj limit: 5.558
000010001010000001101001010010110101010101010101000001000010100101001000010000000010000 5.482
runproj limit: 5.558
001001000100110001101001011000110000000110010001011001000100110000101010111100000011000 5.513
runproj limit: 5.558
010010001010110001101001011010010111011100010101001101000000101100001101010001010010010 5.508
runproj limit: 5.558
010000000010000001001001010011010111101010010001000001000010110001101011001111000010000 5.505
runproj limit: 5.558
001001000100110001111101011000010000010101000001011001000010010010101000110000000011000 5.495
runproj limit: 5.558
000011001010010001001001010100010101010101010001000101000000110100101010000010000010000 5.5
runproj limit: 5.558
010011000010100110011001010000000111110100010001001101000110010100001111000011000010010 5.52
runproj limit: 5.558
000000000110111111011111111001001011110100010011010100010010010100100111001110000010001 6.712
runproj limit: 5.558
011011000011011011101011001001000011111111111101110001100010001001000000111010001010010 5.525
runproj limit: 5.558
010010000010001101011010010111001011110100010011000101010010011000111111000001010101110 5.56
runproj limit: 5.558
"timed out"
101000011011001011111000110100100101000010100101000011001010000100011010010001010010000 11.116
runproj limit: 5.558
"timed out"
111000100000111001101111111111010001001101100001110000101100101010100011100110000001010 11.116
runproj limit: 5.558
000000001010000011101001010000110101011100010101000011000010101100001000010001000010000 5.528
runproj limit: 5.558
000000001010000111001001010010110110010111010011001101000111101100101000000001000010000 5.505
runproj limit: 5.558
011001100110110001101001011001010011101110010001010001000100010000101011101111000011000 5.52
runproj limit: 5.558
010011000010110101111001011100010011110100010001001101000000011100001111000011010010110 5.508
runproj limit: 5.558
011001000011011001100011001001000011111111011101110001100100001001001011111110000010010 5.56
runproj limit: 5.558
000010000010000001001001010010110101010101010001000001000010100101101000000000000010000 5.518
runproj limit: 5.558
010011000110110101111001011101010011110100010001000101000000011100101111000111010010000 5.498
best: 0.9863260165527169
runproj limit: 5.558
010010000010111011011101011000011111110100010001011100000000100100101101000010010010010 6.697
runproj limit: 5.558
001001000100110001111001011000110000010100000001011001000000110010101010111000000011000 5.548
runproj limit: 5.558
001001000110110001101001011000110000001110010001010001000100110000101011111101000011000 5.522
runproj limit: 5.558
000011001110010001101001010000010001010101000001000001000000010100101000100010000010000 5.52
runproj limit: 5.558
010011000110110101111001011001010011110100010001000101000000011000101011100111000011100 5.492
runproj limit: 5.558
010011001010000101011000010110010011110100010001000101000010110000111011000000000011000 5.532
runproj limit: 5.558
010000000010001111001001111001011011110100010001010000000010110100101011001110000010001 6.722
runproj limit: 5.558
001001000100110001111001011000010010110110000001000001000000011000101001100011000011000 5.553
runproj limit: 5.558
000100000100110001111001110001010000010111110001010001010010110010101110110110010000000 5.492
runproj limit: 5.558
"timed out"
110011100110000100111001000100010010100100010010101111000100011000001111000011010000101 11.116
runproj limit: 5.558
011010001010000001000001000111010111000110000001001001010011111001101001000101000011100 5.698
runproj limit: 5.558
011010000011010101010001001111010110100010010001001011100101010100111011011001010010111 5.505
runproj limit: 5.558
"timed out"
110110101000011111100001000110110111010000000101000001000000100001000001101010110110110 11.116
runproj limit: 5.558
000010001010000001101001010010110101010101010101000001000010100101001000010000000010000 5.518
runproj limit: 5.558
001001000100110001111101011000010000010101000001011001000010010010101000110000000011000 5.513
runproj limit: 5.558
010011000110110101111001011101010011110100010001000101000000011100101111000111010010000 5.512
runproj limit: 5.558
000011001010010001001001010100010101010101010001000101000000110100101010000010000010000 5.53
runproj limit: 5.558
011011000110110001111001011001010011111110010001000101000000011000101011101011000011100 5.522
runproj limit: 5.558
010000000010000001001001010011010111101010010001000001000010110001101011001111000010000 5.502
runproj limit: 5.558
000000001010000111001001010010110110010111010011001101000111101100101000000001000010000 5.53
best: 0.9881252249010436
done evolving!
"all is well:)"
>>>>>>>>>>>>>>FINISH OPTIMIZATION>>>>>>>>>>>>>>>
6623.18user 320.26system 1:59:49elapsed 96%CPU (0avgtext+0avgdata 5412484maxresident)k
1046680inputs+1383016outputs (667major+73679081minor)pagefaults 0swaps
Optimizing /h/ywang30/nofib/shootout/fannkuch-redux
>>>>>>>>>>>>>>>START OPTIMIZATION>>>>>>>>>>>>>>>
pop: 13
gens: 15
arch: 7
limit is: 5.57
runproj limit: 5.57
Basetime is: 5.61
runproj limit: 5.57
010000000000000001000001010010100101010101011001000001100010100010101000001001100000000 5.565
runproj limit: 5.57
001000000010000001011001010010010101010101010001000001000010100100101000000000000000000 5.57
runproj limit: 5.57
000000000001000001101001110100000101010101011101000101001010100000001000000010000010000 5.542
runproj limit: 5.57
000000000001000001101001111010100101111100010001000101000010111000001000100000000000000 5.578
runproj limit: 5.57
000000000000000001001001000011000101010111000001011001000010100000001000000000000000000 5.738
runproj limit: 5.57
001000001001000001001000010000100101010101010001100001000010100011001000010000000000100 5.608
runproj limit: 5.57
"timed out"
100000000000000001001001011110110000010111010000000001010010110000000010000000000000010 11.22
runproj limit: 5.57
010000000000110001001011010010100101010101010011000000000010001000001000000000000001001 6.735
runproj limit: 5.57
000010000000000001001011010000100101010101010001010001010010100010001010010000000000000 5.533
runproj limit: 5.57
001000000000000001001001110010100110010111010001000101000010100001001000000000000000000 5.553
runproj limit: 5.57
000001000000000011001001010010100101111101010001000001000010001100001000000010000011110 5.598
runproj limit: 5.57
000010000000100001001000010010110101010101110001000001000010100001001000100000000000000 5.538
runproj limit: 5.57
000000000000000001001001010000100101010101010101000001000010101100010000001001000000000 5.675
best: 0.9862745098039216
runproj limit: 5.57
000000000001000001101001110000000101011100011101000101001010100000001000100000000000000 5.538
runproj limit: 5.57
000010000001000001001001110100110101010101111101000101000010100001001000000000000000000 5.59
runproj limit: 5.57
011000000000000001001001110010100111010111010001000101000010100010001000000001100000000 5.55
runproj limit: 5.57
000000000000000001001001010000100101010101010001010001000010100100001010000001000000000 5.538
runproj limit: 5.57
"timed out"
101000000000000001011001011110110100010111010001000001000010110000001010000000000000010 11.22
runproj limit: 5.57
000010000000000001001011010000100101110101010001010101010010111010001010000000000000000 5.555
runproj limit: 5.57
001000000000000001001001010010010101010101010001000001000010100000001000000000000000000 5.525
runproj limit: 5.57
000010000000000001001011010000100101010101010001010001010010100010001010010000000000000 5.603
runproj limit: 5.57
000000000000110011101000010100100101011101011001010100111000000000000000110011000010001 5.565
runproj limit: 5.57
000011000000000100101110010010100010110101100100010001000011100001001000100000000001101 5.588
runproj limit: 5.57
000011001100011000110001000110100100011101011101000011110000100010101010000001100010101 5.67
runproj limit: 5.57
010001001001100000111011111100101101111100010001110000000110100000001001100000100010010 6.663
runproj limit: 5.57
011001010011000000101001110000000111011101011000111010001010100000001001000010000010000 6.795
runproj limit: 5.57
000010000000000001001011010000100101010101010001010001010010100010001010010000000000000 5.528
runproj limit: 5.57
000010000000100001001000010010110101010101110001000001000010100001001000100000000000000 5.53
runproj limit: 5.57
000000000001000001101001110100000101010101011101000101001010100000001000000010000010000 5.568
runproj limit: 5.57
001000000000000001001001110010100110010111010001000101000010100001001000000000000000000 5.54
runproj limit: 5.57
010000000000000001000001010010100101010101011001000001100010100010101000001001100000000 5.54
runproj limit: 5.57
001000000010000001011001010010010101010101010001000001000010100100101000000000000000000 5.635
runproj limit: 5.57
000000000001000001101001111010100101111100010001000101000010111000001000100000000000000 5.508
best: 0.9818181818181818
runproj limit: 5.57
011001000010000001101001010010010101011101011000000001000010100000001000000000000010000 5.535
runproj limit: 5.57
010000001001000001101011110000101101011101010001110000000110100010001001000000100000000 6.69
runproj limit: 5.57
000000000000000001001011010000100111010101010001010101000010110010001000000000000000000 5.615
runproj limit: 5.57
000010000000100001001001110010110101010101110001000101000010100001001000000000000000000 5.562
runproj limit: 5.57
010010000000000001001011110010100111010111010001000101010010100010001000000001100000000 5.562
runproj limit: 5.57
001000000000000001001001010000100111010101010001010001000010100001001010000001000000000 5.52
runproj limit: 5.57
000010000000110001101000010110100101011101011001000000110010100001001000100001000010000 5.53
runproj limit: 5.57
001000000000000000001001010010100101110101010101000001000010100001001000100000000001001 5.638
runproj limit: 5.57
001000000000001001011101100010000110010011101000100101010000100001001011010110110000001 5.733
runproj limit: 5.57
000110000001000000000011010100110101011101010111010001110000111011011011000000010100010 5.618
runproj limit: 5.57
"timed out"
101100000001011101000001010011110101011001000011010011011110001010100001000000011001101 11.22
runproj limit: 5.57
011101001100010110110011011100101010010100000101100001001110110000001011000000100001000 5.533
runproj limit: 5.57
000111000000010111001101000011000011100100000001010011011010100110011110001001100100000 5.77
runproj limit: 5.57
000000000001000001101001111010100101111100010001000101000010111000001000100000000000000 5.545
runproj limit: 5.57
001000000000000001001001010010010101010101010001000001000010100000001000000000000000000 5.52
runproj limit: 5.57
000010000000000001001011010000100101010101010001010001010010100010001010010000000000000 5.508
runproj limit: 5.57
000010000000100001001000010010110101010101110001000001000010100001001000100000000000000 5.53
runproj limit: 5.57
000000000001000001101001110000000101011100011101000101001010100000001000100000000000000 5.585
runproj limit: 5.57
000000000000000001001001010000100101010101010001010001000010100100001010000001000000000 5.605
runproj limit: 5.57
001000000000000001001001110010100110010111010001000101000010100001001000000000000000000 5.52
best: 0.9818181818181818
runproj limit: 5.57
001001000000000001101001010010010101011101011001000001000010100000001000000000000010000 5.55
runproj limit: 5.57
001010000000000001001001110010100111010101110001000101000010100001001000000000000000000 5.543
runproj limit: 5.57
001000000000000001101001010010010101011101011000000001000010100000001000000000000000000 5.59
runproj limit: 5.57
000010000000100001001000010010110101010101110001000101000010100001001000000000000000000 5.732
runproj limit: 5.57
000010000000110001001000010010110101010101111001000000010010100001001000100000000010000 6.772
runproj limit: 5.57
001000000000000001001001010010110101010111010001000101000010100001001000000000000000000 5.555
runproj limit: 5.57
000010000000000001101011010100100101010101010001010001010010100001001000110001000010000 5.57
runproj limit: 5.57
010010000000000001001001110010010101011101110000000001000010100001001000000000000000000 5.59
runproj limit: 5.57
000010000000110001101000011110101101011100011001000000111000000101001001101001111111101 5.565
runproj limit: 5.57
001011000010100001101101010100010111010111001000000001011010000010011100001100000000100 5.55
runproj limit: 5.57
011000000100010110001011010000100111110101000001110011100110110110000101000010101000110 5.578
runproj limit: 5.57
001100010000000101001111101010110110110011010101000001000011100101001000010100110000000 5.515
runproj limit: 5.57
011001001000000011110010001111011111010100000101100001011110111011001011000000110001010 5.52
runproj limit: 5.57
000010000000000001001011010000100101010101010001010001010010100010001010010000000000000 5.53
runproj limit: 5.57
001000000000000001001001010000100111010101010001010001000010100001001010000001000000000 5.513
runproj limit: 5.57
001000000000000001001001010010010101010101010001000001000010100000001000000000000000000 5.533
runproj limit: 5.57
001000000000000001001001110010100110010111010001000101000010100001001000000000000000000 5.535
runproj limit: 5.57
000010000000110001101000010110100101011101011001000000110010100001001000100001000010000 5.562
runproj limit: 5.57
000010000000100001001000010010110101010101110001000001000010100001001000100000000000000 5.568
runproj limit: 5.57
011101001100010110110011011100101010010100000101100001001110110000001011000000100001000 5.515
best: 0.9827094474153297
runproj limit: 5.57
001000000010100001101101010010010111010111010001000001001010000010001000000000000000000 5.498
runproj limit: 5.57
001111001100100000100000010100110111010100110001100001001110110000001010100000000000000 5.568
runproj limit: 5.57
000010000000000001001011010000100101010101010001010001010010100010001010010000000000000 5.518
runproj limit: 5.57
011000001100010111001011111100100010010111000101000001001010100001001011000000100000000 5.508
runproj limit: 5.57
000010000000010001101011011110101101011100010001010000110010100001001001110001011110100 5.585
runproj limit: 5.57
001010000000100001001001010000110101010101110001000001000010100001001010000000000000000 5.502
runproj limit: 5.57
001000000000000001001101111000100111110001010001010001000010100101001000010100010000000 5.708
runproj limit: 5.57
001010000000000001001001110010100111010111010001000101000010100001001000000000000000000 5.542
runproj limit: 5.57
000001100010011001011101000010111111011111011001000001010001111000001000001100010111010 5.692
runproj limit: 5.57
011110000100100101001100010010110101110101110101110011110011000001011011100000000101010 5.523
runproj limit: 5.57
001010010000000001000010000000100111010101010001010100000010111011111010001001000010010 6.71
runproj limit: 5.57
"timed out"
100010010011110011100000111100101101011000011001011000111100001101001000001001010111110 11.22
runproj limit: 5.57
011001000000000000100111011010011101111001111001001100001011100000001000001000101110000 6.762
runproj limit: 5.57
001000000000000001001001010000100111010101010001010001000010100001001010000001000000000 5.49
runproj limit: 5.57
001100010000000101001111101010110110110011010101000001000011100101001000010100110000000 5.5
runproj limit: 5.57
011101001100010110110011011100101010010100000101100001001110110000001011000000100001000 5.498
runproj limit: 5.57
011001001000000011110010001111011111010100000101100001011110111011001011000000110001010 5.51
runproj limit: 5.57
000010000000000001001011010000100101010101010001010001010010100010001010010000000000000 5.518
runproj limit: 5.57
001000000000000001001001010010010101010101010001000001000010100000001000000000000000000 5.502
runproj limit: 5.57
001000000000000001001001110010100110010111010001000101000010100001001000000000000000000 5.51
best: 0.9786096256684492
runproj limit: 5.57
001100011000000011101011001110010111010101000101000001000111111101001010000100110001000 5.562
runproj limit: 5.57
001011001000100010110000010100010111010100010001100001011110111000001011100000100000010 5.528
runproj limit: 5.57
001100000000000101001101110010100110110011010101000001000010100001001000010000100000000 5.502
runproj limit: 5.57
001010000000100001001111011000110111010101110001000001000010100101001000010000100000000 5.495
runproj limit: 5.57
001010000000100001001001010000110101010101110001000001000010100001001010000000000000000 5.513
runproj limit: 5.57
001000000000100011001011011000110001010101010001000001001010100001001011000000100000000 5.498
runproj limit: 5.57
001000000010100001101101011010010111010001010001010001001010000001001000000000010000000 5.717
runproj limit: 5.57
001011100000101001011101010000110111011111110001000001010000101000001000001100010011000 5.513
runproj limit: 5.57
000000000000100001011101110010000101010101010011010111001010000000011010010000000010001 5.493
runproj limit: 5.57
"timed out"
100101000000000001000001110000010110110101001001000011110011100100000001100001000000000 11.22
runproj limit: 5.57
"timed out"
111011001000010011001001110010111100000100110100000101001001011000100011010000000010000 11.22
runproj limit: 5.57
001110001000100101001001110110001100010111010101000101001111110000011000101000000100000 5.513
runproj limit: 5.57
001001000000101100001101010000101001011101011000010101110010110100101110010010000010001 5.518
runproj limit: 5.57
001000000000000001001001010000100111010101010001010001000010100001001010000001000000000 5.515
runproj limit: 5.57
001000000010100001101101010010010111010111010001000001001010000010001000000000000000000 5.49
runproj limit: 5.57
011101001100010110110011011100101010010100000101100001001110110000001011000000100001000 5.482
runproj limit: 5.57
001100010000000101001111101010110110110011010101000001000011100101001000010100110000000 5.552
runproj limit: 5.57
001010000000100001001001010000110101010101110001000001000010100001001010000000000000000 5.49
runproj limit: 5.57
001000000000000001001001010010010101010101010001000001000010100000001000000000000000000 5.505
runproj limit: 5.57
011000001100010111001011111100100010010111000101000001001010100001001011000000100000000 5.488
best: 0.9771836007130125
runproj limit: 5.57
001000000000100001001011010000110101010101110001000001001010100001001011000000000000000 5.485
runproj limit: 5.57
001001000000101100001101010000101001011101011000010101110010110100101110010010000010001 5.485
runproj limit: 5.57
001010000010100001001111011000110111010001010001010001001010000101001000000000110000000 5.705
runproj limit: 5.57
011000001100010111001011111100100010010111000101000001001010100001001011000000100000000 5.738
runproj limit: 5.57
011101001100010110110011011100101010010100000101100001001110110000001011000000100001000 5.49
runproj limit: 5.57
011100000010110000111111010110101010010100010101000001001010010010001010000000000000000 5.495
runproj limit: 5.57
001000001100000101001011010100100011010111000001000001000010100001001010000000100000000 5.5
runproj limit: 5.57
001101000010100101101111010100000111010100000101100001001110110000001011000000000001000 5.558
runproj limit: 5.57
011111000000011011000111000100110101000000000000000001010010101101011000010110000000001 5.963
runproj limit: 5.57
010101110001010100101001111110001110110110001011010101011001110100001001100011010100001 5.543
runproj limit: 5.57
001100000000100000001000010010110101010001111101100100000011100000001001000000001100000 6.717
runproj limit: 5.57
"timed out"
101000000110100001000111101010111011010101001001100000000001100100010011110010110100000 11.22
runproj limit: 5.57
001011100010111001011000001100110110111101111011001011010000110000001000000001000000010 5.518
runproj limit: 5.57
011101001100010110110011011100101010010100000101100001001110110000001011000000100001000 5.493
runproj limit: 5.57
011000001100010111001011111100100010010111000101000001001010100001001011000000100000000 5.518
runproj limit: 5.57
001000000010100001101101010010010111010111010001000001001010000010001000000000000000000 5.48
runproj limit: 5.57
001010000000100001001001010000110101010101110001000001000010100001001010000000000000000 5.485
runproj limit: 5.57
000000000000100001011101110010000101010101010011010111001010000000011010010000000010001 5.49
runproj limit: 5.57
001010000000100001001111011000110111010101110001000001000010100101001000010000100000000 5.498
runproj limit: 5.57
001000000000100011001011011000110001010101010001000001001010100001001011000000100000000 5.498
best: 0.9768270944741533
runproj limit: 5.57
000000000000100001001101010000110101010101010011000001000010000001011010010000000010001 5.498
runproj limit: 5.57
011101000100100110110011010100001110010100000101100001001110110000001011000000100001000 5.498
runproj limit: 5.57
011101001100010110110011011100101010010100000101100001001110110000001011000000100001000 5.49
runproj limit: 5.57
000000100000100101001001111110110111110101001001000101011010110100001000010011100100001 5.53
runproj limit: 5.57
011010000100100111001111011100100110010101100101000001001010100101001000000000100000000 5.48
runproj limit: 5.57
001001001010000101101111010100000011010111000101000001001010110001001011000000000001000 5.487
runproj limit: 5.57
011000100001100100101011110110011100010101110011010001001000110100001001000010010000000 5.505
runproj limit: 5.57
011101000000100110100111010100001011010100000101100001001110110000001011000000100001000 5.502
runproj limit: 5.57
011111000011110000111011001110101100010010010101000111011011000110111011000010100100000 5.513
runproj limit: 5.57
"timed out"
111000000000100000000101011010000101011100010001010111100010000001010011010010000010001 11.22
runproj limit: 5.57
"timed out"
100011011000100001001001011100110000000010011101111000011011100001001110010101010000010 11.22
runproj limit: 5.57
010000111100000111101001110010100010000111001011000100000100100101000011000100100100101 6.795
runproj limit: 5.57
"timed out"
111111000100011101000111001101010101000001000110000011011010111101010001011110011000001 11.22
runproj limit: 5.57
001000000010100001101101010010010111010111010001000001001010000010001000000000000000000 5.492
runproj limit: 5.57
001000000000100001001011010000110101010101110001000001001010100001001011000000000000000 5.498
runproj limit: 5.57
001001000000101100001101010000101001011101011000010101110010110100101110010010000010001 5.49
runproj limit: 5.57
001010000000100001001001010000110101010101110001000001000010100001001010000000000000000 5.488
runproj limit: 5.57
011101001100010110110011011100101010010100000101100001001110110000001011000000100001000 5.498
runproj limit: 5.57
000000000000100001011101110010000101010101010011010111001010000000011010010000000010001 5.498
runproj limit: 5.57
011100000010110000111111010110101010010100010101000001001010010010001010000000000000000 5.492
best: 0.9768270944741533
runproj limit: 5.57
011011001100010111010111011100101010010101100101100001001110100101001011000000100001000 5.495
runproj limit: 5.57
001010000000100101001111011000100110010101100101000001000010100101001000000000000000000 5.493
runproj limit: 5.57
001010000000100001001011010000110101010101110001000001001010100001001010000000000000000 5.478
runproj limit: 5.57
011101000100100110110011010100001110010100000101100001001110110000001011000000100001000 5.485
runproj limit: 5.57
001101000000100110010011010000100101010101000001100001001110100000001011000000100001000 5.505
runproj limit: 5.57
011001000000001101001111000001110101010101000010000001011010110101000101010010001010001 5.722
runproj limit: 5.57
001000000000100000001111010000110101010101011000010001010010110101001111010000000000001 5.49
runproj limit: 5.57
011000100000100000101011110010010100010101010011010111001000110000011000000010000000001 5.52
runproj limit: 5.57
"timed out"
101011011010110001101011110110000011011111000010000000001010110010001001101101010001000 11.22
runproj limit: 5.57
"timed out"
111000100000111000000101010001100101011110000100010111100000000011111011100010000000001 11.22
runproj limit: 5.57
011001000101010110110011011011111010010101000101000101000110010000001011011010011010000 5.51
runproj limit: 5.57
"timed out"
111100000000010000101110110011111100011100100101010000001010011010101011001100100000001 11.22
runproj limit: 5.57
011100000010010101011111001000100011111101011100001010101111110010101010010000000000000 5.56
runproj limit: 5.57
011010000100100111001111011100100110010101100101000001001010100101001000000000100000000 5.513
runproj limit: 5.57
001001001010000101101111010100000011010111000101000001001010110001001011000000000001000 5.538
runproj limit: 5.57
001010000000100001001001010000110101010101110001000001000010100001001010000000000000000 5.495
runproj limit: 5.57
011101001100010110110011011100101010010100000101100001001110110000001011000000100001000 5.525
runproj limit: 5.57
001001000000101100001101010000101001011101011000010101110010110100101110010010000010001 5.53
runproj limit: 5.57
001000000010100001101101010010010111010111010001000001001010000010001000000000000000000 5.52
runproj limit: 5.57
011100000010110000111111010110101010010100010101000001001010010010001010000000000000000 5.515
best: 0.976470588235294
runproj limit: 5.57
001000000000100000001011110010110101010101110001010001001000110000011000000010000000001 5.5
runproj limit: 5.57
001111000000100111010011010000100111010101100001000001000110100001001010000000000001000 5.565
runproj limit: 5.57
011011001100010111010111011100101010010101100101100001001110100101001011000000100001000 5.538
runproj limit: 5.57
001000000010100001001101010010110101010101110001000001000010100010001000000000000000000 5.513
runproj limit: 5.57
011011000011110100111011111111000011011111000100000100001010110010001001101001011010000 27.82
runproj limit: 5.57
001001000000101100001111010000110101010101011000010101110010110100101111010010000000001 5.498
runproj limit: 5.57
001001001000100111010011010100100011010101100101100001001110100001001011000000100001000 5.523
runproj limit: 5.57
011000000000100011101101011100000110010101110001000001001010100110001000000000100000000 5.505
runproj limit: 5.57
"timed out"
101100000010111000011001010010111100010110101110101101001000010011101100100100001100000 11.22
runproj limit: 5.57
010000000101011100000001011111111110110101000101001101010010010101001000011010001110100 5.53
runproj limit: 5.57
010001000100010100100111000110101010010111010111001101100101001000000011001000010011000 5.623
runproj limit: 5.57
001100001110000111011111110000011011011100100001000001001011101101000010010110011101011 5.635
runproj limit: 5.57
011000100100100100001001000000100000110101011001001101000101101101001010010010001011010 5.752
runproj limit: 5.57
001010000000100001001011010000110101010101110001000001001010100001001010000000000000000 5.523
runproj limit: 5.57
011101000100100110110011010100001110010100000101100001001110110000001011000000100001000 5.533
runproj limit: 5.57
001000000000100000001111010000110101010101011000010001010010110101001111010000000000001 5.51
runproj limit: 5.57
001010000000100101001111011000100110010101100101000001000010100101001000000000000000000 5.525
runproj limit: 5.57
011011001100010111010111011100101010010101100101100001001110100101001011000000100001000 5.518
runproj limit: 5.57
001010000000100001001001010000110101010101110001000001000010100001001010000000000000000 5.522
runproj limit: 5.57
001101000000100110010011010000100101010101000001100001001110100000001011000000100001000 5.518
best: 0.9800356506238859
runproj limit: 5.57
011001000000100110001101011000010101010101111000000101010010110100101011010010000000001 5.523
runproj limit: 5.57
001011000000100010001011010000100101010101010001000001001010100001001010000000000000000 5.518
runproj limit: 5.57
010001000100011100100001010111111010010101000101001101100011000001001010001000000111000 5.553
runproj limit: 5.57
001010000000100001001001010000110101010101110001010001001010110001011010000010000000001 5.52
runproj limit: 5.57
010001000100111100010001010111101111010101000001101101010010010000001000010010000010100 5.502
runproj limit: 5.57
011011001000001110011111010000100001010101001001000001101010100101101111000010100001001 5.488
runproj limit: 5.57
001000000010100001001101011000100110010101100101000001000010100001001000000000000000000 5.535
runproj limit: 5.57
011000000000100010000001011000000110010101000001100001001110100110001001000000100001000 5.49
runproj limit: 5.57
000001000101101101000011010101010111010001110000010001110110110000011111010110100000011 5.71
runproj limit: 5.57
"timed out"
100001010010001011010111010100100011101100111101110000101010100001001001011100001011000 11.22
runproj limit: 5.57
000001000000110100101011100001000001001100111011000011011001001100011001100010001000001 5.765
runproj limit: 5.57
000000000000101101011011110001010100010101001100000001010000110111001111010010000000101 5.52
runproj limit: 5.57
"timed out"
111000000001110101111101011000100110110100110101101111001010111100111110000000110000111 11.22
runproj limit: 5.57
001001000000101100001111010000110101010101011000010101110010110100101111010010000000001 5.482
runproj limit: 5.57
001000000000100000001011110010110101010101110001010001001000110000011000000010000000001 5.532
runproj limit: 5.57
011000000000100011101101011100000110010101110001000001001010100110001000000000100000000 5.493
runproj limit: 5.57
001000000000100000001111010000110101010101011000010001010010110101001111010000000000001 5.485
runproj limit: 5.57
001000000010100001001101010010110101010101110001000001000010100010001000000000000000000 5.488
runproj limit: 5.57
011011001100010111010111011100101010010101100101100001001110100101001011000000100001000 5.485
runproj limit: 5.57
001101000000100110010011010000100101010101000001100001001110100000001011000000100001000 5.482
best: 0.9771836007130125
runproj limit: 5.57
001100000000100110011011010010100101010101100001000001001010110000011011000000000000000 5.495
runproj limit: 5.57
001001000000110110011011010000100100010101010001101101001010101100101111000000110000110 5.482
runproj limit: 5.57
001000000010101101001101010011010111010001110000000001000110110000011010000010100000011 5.715
runproj limit: 5.57
001000000000101000001001010000110101010101011000010101111010110100101110000010000000001 5.498
runproj limit: 5.57
011101001100000110010111011100100010010101000001100001001110100000001011000000100001000 5.485
runproj limit: 5.57
011011001000110111011011011000100001010101000001000001001110100001001011000000000000000 5.498
runproj limit: 5.57
001001000010100000001111010010110101010101111000000101100010110110001111010000000000000 5.485
runproj limit: 5.57
001011000000100010001011010000100101010101010001000001001010100001001010000000000000000 5.49
runproj limit: 5.57
001001000100100011001111010100110111111011010001110101010101111110000011010010110000000 5.598
runproj limit: 5.57
011000111100010110100111111110011000110100110011000001000010101100101010001101101000000 5.5
runproj limit: 5.57
"timed out"
101011100000110111010100011111100110110110101101110101000110001000000010100010100101011 11.22
runproj limit: 5.57
"timed out"
101000001011001100101100011100100000100100101001010101110000010100111111110011101000111 11.22
runproj limit: 5.57
001101100000000101011011001110010101110111000001101001111011010000111000110001100011000 5.478
runproj limit: 5.57
001001000000101100001111010000110101010101011000010101110010110100101111010010000000001 5.495
runproj limit: 5.57
001101000000100110010011010000100101010101000001100001001110100000001011000000100001000 5.482
runproj limit: 5.57
001000000000100000001111010000110101010101011000010001010010110101001111010000000000001 5.482
runproj limit: 5.57
011011001100010111010111011100101010010101100101100001001110100101001011000000100001000 5.505
runproj limit: 5.57
011011001000001110011111010000100001010101001001000001101010100101101111000010100001001 5.495
runproj limit: 5.57
001000000010100001001101010010110101010101110001000001000010100010001000000000000000000 5.502
runproj limit: 5.57
011000000000100010000001011000000110010101000001100001001110100110001001000000100001000 5.482
best: 0.976470588235294
runproj limit: 5.57
011101000000000110010111010100100010010101000001100001001110100000001011000000100001000 5.48
runproj limit: 5.57
011010000000111110011011010000100001010101011000010101001110110000001011000000000000000 5.478
runproj limit: 5.57
001000100000100101001011001111010111010011000000001001101010110000111010010000100000001 5.478
runproj limit: 5.57
001100000000100110010011010000100101010101100001100001001110110000011011000000000001000 5.492
runproj limit: 5.57
001101000000100110010011010010100101010101000001000001001010110000011011000000100001000 5.502
runproj limit: 5.57
001001000000100101011011000000100100110101000001101101001011001100111101000001110000000 5.703
runproj limit: 5.57
001101000000100000001111010000100101010101011000100001000010100010001111010000000000000 5.482
runproj limit: 5.57
001000000000101000001101010000110110010101011001000101011110110110001011000010000001000 5.555
runproj limit: 5.57
"timed out"
110110101100100011010001011000000111010100010101101001101111100110001011001010101101010 11.22
runproj limit: 5.57
001100001001101101001101010011111011110001110110100011000110010100011010001010000000111 5.7
runproj limit: 5.57
001001100000000111010011010000110111110101100001101001001010000000101011011000100000001 5.482
runproj limit: 5.57
001101000101101101010001011110000101100110001101001001011011001001011000100000100010010 5.488
runproj limit: 5.57
001000000001110010101001100000010101010001011100100001111011010100010110000010001011101 5.825
runproj limit: 5.57
001101100000000101011011001110010101110111000001101001111011010000111000110001100011000 5.502
runproj limit: 5.57
001001000000110110011011010000100100010101010001101101001010101100101111000000110000110 5.495
runproj limit: 5.57
001101000000100110010011010000100101010101000001100001001110100000001011000000100001000 5.48
runproj limit: 5.57
001000000000100000001111010000110101010101011000010001010010110101001111010000000000001 5.518
runproj limit: 5.57
011000000000100010000001011000000110010101000001100001001110100110001001000000100001000 5.508
runproj limit: 5.57
011101001100000110010111011100100010010101000001100001001110100000001011000000100001000 5.49
runproj limit: 5.57
001001000010100000001111010010110101010101111000000101100010110110001111010000000000000 5.548
best: 0.976470588235294
runproj limit: 5.57
001000000001100101011001011111010101100111001000001001101011001001111010000000100010001 5.485
runproj limit: 5.57
001001000000100010001111010000100100010101010000101101001010101000001111010000010000010 5.478
runproj limit: 5.57
011000000000100110011111010000100101010101011000010001000010110101001011000000000000000 5.482
runproj limit: 5.57
001101000000100010001011010000100101010101011001100001000010100010001011010000100001000 5.502
runproj limit: 5.57
001000100000100000001111001110110111010001011000000001001010110000001011010000000000001 5.703
runproj limit: 5.57
011010000000111110011011010000100001010101011000010101001110110000001011000000000000000 5.492
runproj limit: 5.57
001001000000100101011011010000100101010101000001100001001111100100111001000000100001000 5.498
runproj limit: 5.57
011101001100000111010111010000110111110101000001101001001010100000001011000000100001000 5.502
runproj limit: 5.57
011011100000101111101101101011001111010011000010011000111000111000110010011001110000000 5.663
runproj limit: 5.57
001111000101101111011001011110000101100110101101001001011101001001010011100100101010010 5.525
runproj limit: 5.57
001100000000011000101100011011111101010101011010101001010000100110111111010010000111000 5.52
runproj limit: 5.57
"timed out"
110101011101001110000110111000110010001011110001100001000110001000011001000000110001000 11.22
runproj limit: 5.57
"timed out"
101000000110111110011101110110100110110110100001001100100010010110100111001001110010100 11.22
runproj limit: 5.57
011010000000111110011011010000100001010101011000010101001110110000001011000000000000000 5.505
runproj limit: 5.57
001000100000100101001011001111010111010011000000001001101010110000111010010000100000001 5.493
runproj limit: 5.57
011101000000000110010111010100100010010101000001100001001110100000001011000000100001000 5.49
runproj limit: 5.57
001101000000100110010011010000100101010101000001100001001110100000001011000000100001000 5.49
runproj limit: 5.57
001101000000100000001111010000100101010101011000100001000010100010001111010000000000000 5.523
runproj limit: 5.57
001001100000000111010011010000110111110101100001101001001010000000101011011000100000001 5.482
runproj limit: 5.57
001101000101101101010001011110000101100110001101001001011011001001011000100000100010010 5.485
best: 0.976470588235294
runproj limit: 5.57
001001100000101111101111010010011111010111100001111000001010001000111011011001100000001 6.655
runproj limit: 5.57
011000000000100110011111010000100101010101011000010001000010110101001011000000000000000 5.49
runproj limit: 5.57
011001000000100110010111010100100001010101011000100001001010110101001011000000000000000 5.498
runproj limit: 5.57
011001000000100110011011010000100001010101010000100101001111100100001011000000100001000 5.535
runproj limit: 5.57
001100000001101101011001011110000101100111001000001001001011001001011000000000100010001 5.495
runproj limit: 5.57
001001000000010000001110011010100101010101001001100001000100100110111001000010000001000 5.505
runproj limit: 5.57
001010100000101111001111101110111111010011000000011000101010111000101011010001100000000 5.515
runproj limit: 5.57
011000000001000110010001011100110000110111001001101001101011001001101010000000100011001 5.492
runproj limit: 5.57
010111000000111110011111111001100001010111101000011101011110010000001101000110010011000 5.49
runproj limit: 5.57
"timed out"
111000100100010111011111001000100100000101011011110011000110110001001011000000000010011 11.22
runproj limit: 5.57
010001101000101111100101111111001111111111010010010000101001110000110000010011110001100 5.595
runproj limit: 5.57
000100000001000110111011000011100000000011000001100111101011101000111111011010100001001 5.72
runproj limit: 5.57
"timed out"
111101100010111100000111000100100110010000000000101101001000101100000110101010100100100 11.22
runproj limit: 5.57
001001000000100010001111010000100100010101010000101101001010101000001111010000010000010 5.498
runproj limit: 5.57
011000000000100110011111010000100101010101011000010001000010110101001011000000000000000 5.482
runproj limit: 5.57
001001100000000111010011010000110111110101100001101001001010000000101011011000100000001 5.482
runproj limit: 5.57
001000000001100101011001011111010101100111001000001001101011001001111010000000100010001 5.498
runproj limit: 5.57
001101000101101101010001011110000101100110001101001001011011001001011000100000100010010 5.505
runproj limit: 5.57
011101000000000110010111010100100010010101000001100001001110100000001011000000100001000 5.487
runproj limit: 5.57
001101000000100110010011010000100101010101000001100001001110100000001011000000100001000 5.485
best: 0.9771836007130125
done evolving!
"all is well:)"
>>>>>>>>>>>>>>FINISH OPTIMIZATION>>>>>>>>>>>>>>>
6547.57user 235.27system 1:54:25elapsed 98%CPU (0avgtext+0avgdata 5438072maxresident)k
993752inputs+1354848outputs (283major+73704089minor)pagefaults 0swaps
