warning: dubious run time results for integrate: [0.47,1.27,1.2,0.39999998]
warning: dubious mut time results for integrate: [0.46,1.24,1.19,0.39]
warning: dubious run time results for integrate: [0.47,1.27,1.2,0.39999998]
warning: dubious mut time results for integrate: [0.46,1.24,1.19,0.39]
warning: dubious run time results for integrate: [0.37,0.42999998,0.53,0.41]
warning: dubious mut time results for integrate: [0.37,0.42,0.52,0.4]
warning: dubious run time results for integrate: [0.37,0.42999998,0.53,0.41]
warning: dubious mut time results for integrate: [0.37,0.42,0.52,0.4]
warning: dubious run time results for integrate: [0.53,0.42999998,0.34,0.35]
warning: dubious mut time results for integrate: [0.52,0.42,0.33,0.34]
warning: dubious run time results for integrate: [0.53,0.42999998,0.34,0.35]
warning: dubious mut time results for integrate: [0.52,0.42,0.33,0.34]
warning: dubious run time results for integrate: [0.42999998,0.71,2.34,0.83]
warning: dubious mut time results for integrate: [0.42,0.63,2.23,0.82]
warning: dubious run time results for integrate: [0.42999998,0.71,2.34,0.83]
warning: dubious mut time results for integrate: [0.42,0.63,2.23,0.82]
warning: dubious run time results for integrate: [0.71,0.73999995,0.53,0.52]
warning: dubious run time results for integrate: [0.71,0.73999995,0.53,0.52]
warning: dubious run time results for integrate: [0.55,0.35,0.78,0.56]
warning: dubious mut time results for integrate: [0.54,0.35,0.77,0.55]
warning: dubious run time results for integrate: [0.55,0.35,0.78,0.56]
warning: dubious mut time results for integrate: [0.54,0.35,0.77,0.55]
warning: dubious run time results for integrate: [0.82,1.02,0.38000003,0.74]
warning: dubious mut time results for integrate: [0.75,0.98,0.36,0.73]
warning: dubious run time results for integrate: [0.82,1.02,0.38000003,0.74]
warning: dubious mut time results for integrate: [0.75,0.98,0.36,0.73]
warning: dubious run time results for integrate: [0.85999995,0.53999996,5.48,0.35999998]
warning: dubious mut time results for integrate: [0.83,0.53,5.47,0.35]
warning: dubious run time results for integrate: [0.85999995,0.53999996,5.48,0.35999998]
warning: dubious mut time results for integrate: [0.83,0.53,5.47,0.35]
warning: dubious run time results for integrate: [0.53000003,1.0,0.83,0.89]
warning: dubious mut time results for integrate: [0.46,0.94,0.82,0.88]
warning: dubious run time results for integrate: [0.53000003,1.0,0.83,0.89]
warning: dubious mut time results for integrate: [0.46,0.94,0.82,0.88]
warning: dubious run time results for integrate: [0.41,0.59999996,0.65999997,0.7]
warning: dubious mut time results for integrate: [0.4,0.59,0.65,0.68]
warning: dubious run time results for integrate: [0.41,0.59999996,0.65999997,0.7]
warning: dubious mut time results for integrate: [0.4,0.59,0.65,0.68]
warning: dubious run time results for integrate: [0.47,0.42999998,0.45,0.81]
warning: dubious mut time results for integrate: [0.46,0.42,0.42,0.77]
warning: dubious run time results for integrate: [0.47,0.42999998,0.45,0.81]
warning: dubious mut time results for integrate: [0.46,0.42,0.42,0.77]
warning: dubious run time results for integrate: [1.0699999,0.65999997,0.31,0.3]
warning: dubious mut time results for integrate: [1.06,0.65,0.31,0.3]
warning: dubious run time results for integrate: [1.0699999,0.65999997,0.31,0.3]
warning: dubious mut time results for integrate: [1.06,0.65,0.31,0.3]
warning: dubious run time results for integrate: [0.90999997,0.59999996,0.45999998,0.65]
warning: dubious mut time results for integrate: [0.88,0.58,0.45,0.64]
warning: dubious run time results for integrate: [0.90999997,0.59999996,0.45999998,0.65]
warning: dubious mut time results for integrate: [0.88,0.58,0.45,0.64]
warning: dubious run time results for integrate: [0.68,0.45999998,0.65,0.51]
warning: dubious mut time results for integrate: [0.67,0.45,0.64,0.5]
warning: dubious run time results for integrate: [0.68,0.45999998,0.65,0.51]
warning: dubious mut time results for integrate: [0.67,0.45,0.64,0.5]
warning: dubious run time results for integrate: [0.53,0.55,0.61,0.39999998]
warning: dubious mut time results for integrate: [0.51,0.54,0.6,0.39]
warning: dubious run time results for integrate: [0.53,0.55,0.61,0.39999998]
warning: dubious mut time results for integrate: [0.51,0.54,0.6,0.39]
warning: dubious mut time results for integrate: [0.52,0.52,0.4,0.37]
warning: dubious mut time results for integrate: [0.52,0.52,0.4,0.37]
warning: dubious run time results for integrate: [0.65999997,0.69,0.71999997,0.35]
warning: dubious mut time results for integrate: [0.65,0.63,0.7,0.34]
warning: dubious run time results for integrate: [0.65999997,0.69,0.71999997,0.35]
warning: dubious mut time results for integrate: [0.65,0.63,0.7,0.34]
warning: dubious run time results for integrate: [0.8,0.69,0.62,0.38]
warning: dubious mut time results for integrate: [0.79,0.58,0.6,0.37]
warning: dubious run time results for integrate: [0.8,0.69,0.62,0.38]
warning: dubious mut time results for integrate: [0.79,0.58,0.6,0.37]
warning: dubious run time results for integrate: [0.42999998,0.44,0.39999998,0.68]
warning: dubious mut time results for integrate: [0.42,0.43,0.39,0.67]
warning: dubious run time results for integrate: [0.42999998,0.44,0.39999998,0.68]
warning: dubious mut time results for integrate: [0.42,0.43,0.39,0.67]
warning: dubious run time results for integrate: [4.4,1.1899999,3.87,14.38]
warning: dubious mut time results for integrate: [4.36,1.18,3.82,14.37]
warning: dubious run time results for integrate: [4.4,1.1899999,3.87,14.38]
warning: dubious mut time results for integrate: [4.36,1.18,3.82,14.37]
warning: dubious run time results for integrate: [0.37,0.55,0.55,0.39]
warning: dubious mut time results for integrate: [0.37,0.54,0.54,0.38]
warning: dubious run time results for integrate: [0.37,0.55,0.55,0.39]
warning: dubious mut time results for integrate: [0.37,0.54,0.54,0.38]
warning: dubious run time results for integrate: [0.36,0.54,0.37,0.39]
warning: dubious mut time results for integrate: [0.36,0.54,0.36,0.38]
warning: dubious run time results for integrate: [0.36,0.54,0.37,0.39]
warning: dubious mut time results for integrate: [0.36,0.54,0.36,0.38]
warning: dubious run time results for integrate: [0.36,0.36,7.9900002,8.14]
warning: dubious mut time results for integrate: [0.36,0.36,7.97,8.13]
warning: dubious run time results for integrate: [0.36,0.36,7.9900002,8.14]
warning: dubious mut time results for integrate: [0.36,0.36,7.97,8.13]
warning: dubious run time results for integrate: [0.41,0.41,0.31,0.52]
warning: dubious mut time results for integrate: [0.4,0.4,0.31,0.51]
warning: dubious run time results for integrate: [0.41,0.41,0.31,0.52]
warning: dubious mut time results for integrate: [0.4,0.4,0.31,0.51]
warning: dubious run time results for integrate: [0.37,0.53,0.38,0.38]
warning: dubious mut time results for integrate: [0.37,0.52,0.38,0.37]
warning: dubious run time results for integrate: [0.37,0.53,0.38,0.38]
warning: dubious mut time results for integrate: [0.37,0.52,0.38,0.37]
warning: dubious run time results for integrate: [0.48000002,0.45,0.34,0.45]
warning: dubious run time results for integrate: [0.48000002,0.45,0.34,0.45]
warning: dubious run time results for integrate: [0.58,0.38,0.35,0.39999998]
warning: dubious mut time results for integrate: [0.56,0.37,0.35,0.39]
warning: dubious run time results for integrate: [0.58,0.38,0.35,0.39999998]
warning: dubious mut time results for integrate: [0.56,0.37,0.35,0.39]
warning: dubious run time results for integrate: [0.39,0.39,0.38,0.59999996]
warning: dubious mut time results for integrate: [0.38,0.38,0.37,0.59]
warning: dubious run time results for integrate: [0.39,0.39,0.38,0.59999996]
warning: dubious mut time results for integrate: [0.38,0.38,0.37,0.59]
warning: dubious run time results for integrate: [0.51,0.45,0.35,0.36]
warning: dubious mut time results for integrate: [0.5,0.44,0.35,0.36]
warning: dubious run time results for integrate: [0.51,0.45,0.35,0.36]
warning: dubious mut time results for integrate: [0.5,0.44,0.35,0.36]
warning: dubious run time results for integrate: [1.17,0.35999998,0.36,0.39]
warning: dubious mut time results for integrate: [1.16,0.35,0.36,0.39]
warning: dubious run time results for integrate: [1.17,0.35999998,0.36,0.39]
warning: dubious mut time results for integrate: [1.16,0.35,0.36,0.39]
warning: dubious run time results for integrate: [0.5,0.37,0.34,0.33]
warning: dubious mut time results for integrate: [0.49,0.36,0.34,0.33]
warning: dubious run time results for integrate: [0.5,0.37,0.34,0.33]
warning: dubious mut time results for integrate: [0.49,0.36,0.34,0.33]
warning: dubious run time results for integrate: [0.5,0.33,0.33,0.35]
warning: dubious mut time results for integrate: [0.5,0.33,0.33,0.35]
warning: dubious run time results for integrate: [0.5,0.33,0.33,0.35]
warning: dubious mut time results for integrate: [0.5,0.33,0.33,0.35]
warning: dubious run time results for integrate: [0.37,0.48,0.35,0.31]
warning: dubious mut time results for integrate: [0.36,0.47,0.35,0.31]
warning: dubious run time results for integrate: [0.37,0.48,0.35,0.31]
warning: dubious mut time results for integrate: [0.36,0.47,0.35,0.31]
Optimizing /h/ywang30/nofib/imaginary/integrate
>>>>>>>>>>>>>>>START OPTIMIZATION>>>>>>>>>>>>>>>
pop: 13
gens: 15
arch: 7
limit is: 0.835
runproj limit: 0.835
Basetime is: 0.385
runproj limit: 0.835
010000000000000000001000000 0.435
runproj limit: 0.835
001000000010000000010000000 0.328
runproj limit: 0.835
000000000001000000100000100 0.412
runproj limit: 0.835
000000000001000000100000101 0.337
runproj limit: 0.835
000000000000000000000000010 1.078
runproj limit: 0.835
001000001001000000000001000 0.562
runproj limit: 0.835
100000000000000000000000001 0.625
runproj limit: 0.835
010000000000110000000010000 0.56
runproj limit: 0.835
000010000000000000000010000 0.74
runproj limit: 0.835
001000000000000000000000100 1.81
runproj limit: 0.835
000001000000000010000000000 0.812
runproj limit: 0.835
000010000000100000000001000 0.39
runproj limit: 0.835
000000000000000000000000000 0.592
best: 0.851948051948052
runproj limit: 0.835
000000000001000000100000100 0.54
runproj limit: 0.835
001010000010000000000000000 0.585
runproj limit: 0.835
011000001001000000000001000 0.348
runproj limit: 0.835
000000000000110000000010100 0.352
runproj limit: 0.835
101000000000000000010000001 0.655
runproj limit: 0.835
000000000000000000000000000 0.548
runproj limit: 0.835
011000000000000000000000000 0.575
runproj limit: 0.835
100000000000000000000010000 0.492
runproj limit: 0.835
001000000011110010010001100 0.522
runproj limit: 0.835
000011000000000101100111000 0.462
runproj limit: 0.835
000011001100011001111000010 0.605
runproj limit: 0.835
010001001001100001110010101 0.623
runproj limit: 0.835
011001010011000001100000100 0.488
runproj limit: 0.835
001000000010000000010000000 5.96
runproj limit: 0.835
000000000001000000100000101 0.29
runproj limit: 0.835
000010000000100000000001000 0.3
runproj limit: 0.835
000000000001000000100000100 0.297
runproj limit: 0.835
010000000000000000001000000 0.312
runproj limit: 0.835
010000000000110000000010000 0.305
runproj limit: 0.835
001000001001000000000001000 0.325
best: 0.7532467532467532
runproj limit: 0.835
011001000011100000110001100 0.315
runproj limit: 0.835
011000000001000000100001100 0.3
runproj limit: 0.835
000000000001000000000000000 0.31
runproj limit: 0.835
000010000011000000100000001 0.31
runproj limit: 0.835
001000000000100000000001000 0.348
runproj limit: 0.835
000000000000110000100000100 0.295
runproj limit: 0.835
000000000011010000010000101 0.328
runproj limit: 0.835
001000000000000001000000000 0.465
runproj limit: 0.835
000000000001001000110100110 0.415
runproj limit: 0.835
011101010010000000101000100 4.212
runproj limit: 0.835
111100000001011100001000000 0.412
runproj limit: 0.835
011101001100010111111010001 0.345
runproj limit: 0.835
001101000011100100010111110 0.398
runproj limit: 0.835
000000000001000000100000101 0.415
runproj limit: 0.835
000000000001000000100000100 0.392
runproj limit: 0.835
000010000000100000000001000 0.378
runproj limit: 0.835
010000000000110000000010000 0.37
runproj limit: 0.835
010000000000000000001000000 0.328
runproj limit: 0.835
001000001001000000000001000 0.42
runproj limit: 0.835
011000001001000000000001000 0.465
best: 0.7662337662337662
runproj limit: 0.835
000001000001100000110000100 0.375
runproj limit: 0.835
011010001010000100101000001 0.41
runproj limit: 0.835
000000000001000000100000100 0.405
runproj limit: 0.835
010000000000000000000010000 0.405
runproj limit: 0.835
000000000000010000010000100 0.388
runproj limit: 0.835
000000000001010000100000100 0.422
runproj limit: 0.835
000000000011000000000000100 0.38
runproj limit: 0.835
010010000011100000100000001 0.43
runproj limit: 0.835
000000000011010000010000100 0.4
runproj limit: 0.835
001011000011000000110101100 0.375
runproj limit: 0.835
011000000101010111000000000 0.328
runproj limit: 0.835
111000010001011000001110011 0.38
runproj limit: 0.835
011001001000000010111011011 0.385
runproj limit: 0.835
000000000000110000100000100 0.355
runproj limit: 0.835
011000000001000000100001100 0.372
runproj limit: 0.835
000000000001000000000000000 0.427
runproj limit: 0.835
000010000011000000100000001 0.385
runproj limit: 0.835
011001000011100000110001100 0.34
runproj limit: 0.835
000000000011010000010000101 0.378
runproj limit: 0.835
010000000000000000001000000 0.365
best: 0.851948051948052
runproj limit: 0.835
001010001011000000100100101 0.41
runproj limit: 0.835
000000000000010000011000001 0.365
runproj limit: 0.835
000000000000110000100000100 0.398
runproj limit: 0.835
010010000010000000100000000 0.358
runproj limit: 0.835
000000000011010000010000100 0.37
runproj limit: 0.835
011000000011000000000001100 0.36
runproj limit: 0.835
111000000001000000100101001 0.39
runproj limit: 0.835
001010000011000000100001001 0.37
runproj limit: 0.835
001001100011111000000100110 0.348
runproj limit: 0.835
011100000111010100010100101 0.332
runproj limit: 0.835
011010010101010111001011010 0.322
runproj limit: 0.835
100000010000010010011000000 0.382
runproj limit: 0.835
010001000001100001111110101 0.36
runproj limit: 0.835
011000000101010111000000000 0.392
runproj limit: 0.835
011001000011100000110001100 0.345
runproj limit: 0.835
000000000000110000100000100 0.39
runproj limit: 0.835
010000000000000000001000000 0.345
runproj limit: 0.835
011000000001000000100001100 0.362
runproj limit: 0.835
000001000001100000110000100 0.368
runproj limit: 0.835
001011000011000000110101100 0.355
best: 0.8363636363636364
runproj limit: 0.835
011100000010010000010000000 0.38
runproj limit: 0.835
000000000000000000001000001 0.365
runproj limit: 0.835
011110000011000100110101100 0.383
runproj limit: 0.835
011000000011000000100001100 0.44
runproj limit: 0.835
011000000011000000000001100 0.322
runproj limit: 0.835
010010000010000000100000000 0.332
runproj limit: 0.835
111000000011100000110001101 0.418
runproj limit: 0.835
001011100011001000000101100 0.35
runproj limit: 0.835
010010010101110111011111110 0.382
runproj limit: 0.835
100110000011000000111101100 0.382
runproj limit: 0.835
111000101011001010000100010 0.382
runproj limit: 0.835
001110001011100100100001001 0.388
runproj limit: 0.835
000000000001001101110100100 0.345
runproj limit: 0.835
011010010101010111001011010 0.343
runproj limit: 0.835
011100000111010100010100101 0.418
runproj limit: 0.835
011001000011100000110001100 0.395
runproj limit: 0.835
010000000000000000001000000 0.348
runproj limit: 0.835
001001100011111000000100110 0.35
runproj limit: 0.835
001011000011000000110101100 0.388
runproj limit: 0.835
010010000010000000100000000 0.57
best: 0.8363636363636364
runproj limit: 0.835
010010000011000000000000000 0.372
runproj limit: 0.835
000000000001001101110100100 0.38
runproj limit: 0.835
111010100011000110110101100 0.318
runproj limit: 0.835
000000000010000100100100000 0.42
runproj limit: 0.835
000100000000000000000000001 0.348
runproj limit: 0.835
001001000010000000000100000 0.35
runproj limit: 0.835
011110000111010111001100010 0.402
runproj limit: 0.835
001000000011001000000101100 0.385
runproj limit: 0.835
001001000010101010011000011 0.35
runproj limit: 0.835
000011111010110001100001101 0.362
runproj limit: 0.835
001111100011111001000101110 0.362
runproj limit: 0.835
100010000110000000000000111 0.33
runproj limit: 0.835
000000000011011101110001111 0.348
runproj limit: 0.835
011000000011000000000001100 0.355
runproj limit: 0.835
010010000010000000100000000 0.362
runproj limit: 0.835
011010010101010111001011010 0.337
runproj limit: 0.835
000000000001001101110100100 0.325
runproj limit: 0.835
010000000000000000001000000 0.382
runproj limit: 0.835
001011100011001000000101100 0.358
runproj limit: 0.835
001001100011111000000100110 0.378
best: 0.8259740259740259
runproj limit: 0.835
010000000000001100111000100 0.348
runproj limit: 0.835
100010000011001001110000111 0.358
runproj limit: 0.835
000000000010000001110000001 0.358
runproj limit: 0.835
000011101011000000000001101 0.37
runproj limit: 0.835
001011110011000000100101100 0.37
runproj limit: 0.835
100010000110000000000000111 0.378
runproj limit: 0.835
000010101010000001100001100 0.35
runproj limit: 0.835
001000100001000000110100000 0.382
runproj limit: 0.835
00101000001warning: dubious run time results for integrate: [0.56,0.34,0.39,0.37]
warning: dubious mut time results for integrate: [0.55,0.34,0.38,0.36]
warning: dubious run time results for integrate: [0.56,0.34,0.39,0.37]
warning: dubious mut time results for integrate: [0.55,0.34,0.38,0.36]
warning: dubious run time results for integrate: [0.51,0.37,0.33,0.36]
warning: dubious mut time results for integrate: [0.5,0.37,0.33,0.36]
warning: dubious run time results for integrate: [0.51,0.37,0.33,0.36]
warning: dubious mut time results for integrate: [0.5,0.37,0.33,0.36]
warning: dubious run time results for integrate: [0.36,0.31,0.38,0.45]
warning: dubious mut time results for integrate: [0.36,0.31,0.38,0.44]
warning: dubious run time results for integrate: [0.36,0.31,0.38,0.45]
warning: dubious mut time results for integrate: [0.36,0.31,0.38,0.44]
warning: dubious run time results for integrate: [0.35,0.33,0.34,0.56]
warning: dubious mut time results for integrate: [0.34,0.33,0.33,0.47]
warning: dubious run time results for integrate: [0.35,0.33,0.34,0.56]
warning: dubious mut time results for integrate: [0.34,0.33,0.33,0.47]
warning: dubious run time results for integrate: [0.38,0.31,0.47,0.35]
warning: dubious mut time results for integrate: [0.38,0.31,0.46,0.35]
warning: dubious run time results for integrate: [0.38,0.31,0.47,0.35]
warning: dubious mut time results for integrate: [0.38,0.31,0.46,0.35]
warning: dubious run time results for integrate: [0.48000002,0.34,0.36,0.38]
warning: dubious run time results for integrate: [0.48000002,0.34,0.36,0.38]
warning: dubious run time results for integrate: [0.38,0.5,0.35,0.38]
warning: dubious mut time results for integrate: [0.37,0.49,0.35,0.37]
warning: dubious run time results for integrate: [0.38,0.5,0.35,0.38]
warning: dubious mut time results for integrate: [0.37,0.49,0.35,0.37]
warning: dubious run time results for integrate: [0.42999998,0.57,0.38,0.34]
warning: dubious mut time results for integrate: [0.42,0.56,0.38,0.34]
warning: dubious run time results for integrate: [0.42999998,0.57,0.38,0.34]
warning: dubious mut time results for integrate: [0.42,0.56,0.38,0.34]
warning: dubious run time results for integrate: [0.43,0.35999998,0.39,0.54]
warning: dubious run time results for integrate: [0.43,0.35999998,0.39,0.54]
warning: dubious run time results for integrate: [0.34,0.37,0.49,0.36]
warning: dubious mut time results for integrate: [0.34,0.37,0.49,0.36]
warning: dubious run time results for integrate: [0.34,0.37,0.49,0.36]
warning: dubious mut time results for integrate: [0.34,0.37,0.49,0.36]
warning: dubious run time results for integrate: [0.41,0.39,0.53999996,0.35]
warning: dubious mut time results for integrate: [0.4,0.38,0.53,0.35]
warning: dubious run time results for integrate: [0.41,0.39,0.53999996,0.35]
warning: dubious mut time results for integrate: [0.4,0.38,0.53,0.35]
warning: dubious run time results for integrate: [0.37,0.34,0.36,0.5]
warning: dubious mut time results for integrate: [0.36,0.34,0.36,0.49]
warning: dubious run time results for integrate: [0.37,0.34,0.36,0.5]
warning: dubious mut time results for integrate: [0.36,0.34,0.36,0.49]
warning: dubious mut time results for integrate: [0.32,0.34,0.46,0.36]
warning: dubious mut time results for integrate: [0.32,0.34,0.46,0.36]
warning: dubious run time results for integrate: [0.47,0.38,0.34,0.33]
warning: dubious run time results for integrate: [0.47,0.38,0.34,0.33]
warning: dubious run time results for integrate: [0.56,0.37,0.37,0.35]
warning: dubious mut time results for integrate: [0.55,0.37,0.37,0.35]
warning: dubious run time results for integrate: [0.56,0.37,0.37,0.35]
warning: dubious mut time results for integrate: [0.55,0.37,0.37,0.35]
warning: dubious run time results for integrate: [0.45999998,0.38,0.54,0.32]
warning: dubious mut time results for integrate: [0.45,0.37,0.54,0.32]
warning: dubious run time results for integrate: [0.45999998,0.38,0.54,0.32]
warning: dubious mut time results for integrate: [0.45,0.37,0.54,0.32]
warning: dubious run time results for integrate: [0.63,0.47000003,0.33,0.31]
warning: dubious mut time results for integrate: [0.62,0.36,0.33,0.31]
warning: dubious run time results for integrate: [0.63,0.47000003,0.33,0.31]
warning: dubious mut time results for integrate: [0.62,0.36,0.33,0.31]
warning: dubious run time results for integrate: [0.4,0.35999998,0.38,0.53999996]
warning: dubious mut time results for integrate: [0.4,0.35,0.38,0.53]
warning: dubious run time results for integrate: [0.4,0.35999998,0.38,0.53999996]
warning: dubious mut time results for integrate: [0.4,0.35,0.38,0.53]
warning: dubious run time results for integrate: [0.37,0.55,0.35,0.41]
warning: dubious mut time results for integrate: [0.37,0.54,0.35,0.4]
warning: dubious run time results for integrate: [0.37,0.55,0.35,0.41]
warning: dubious mut time results for integrate: [0.37,0.54,0.35,0.4]
warning: dubious run time results for integrate: [0.68,0.34,0.28,0.29]
warning: dubious mut time results for integrate: [0.57,0.34,0.28,0.29]
warning: dubious run time results for integrate: [0.68,0.34,0.28,0.29]
warning: dubious mut time results for integrate: [0.57,0.34,0.28,0.29]
warning: dubious run time results for integrate: [0.35999998,0.31,0.47,0.41]
warning: dubious mut time results for integrate: [0.35,0.31,0.46,0.41]
warning: dubious run time results for integrate: [0.35999998,0.31,0.47,0.41]
warning: dubious mut time results for integrate: [0.35,0.31,0.46,0.41]
warning: dubious run time results for integrate: [0.37,0.44,0.53999996,0.35999998]
warning: dubious mut time results for integrate: [0.37,0.43,0.53,0.35]
warning: dubious run time results for integrate: [0.37,0.44,0.53999996,0.35999998]
warning: dubious mut time results for integrate: [0.37,0.43,0.53,0.35]
warning: dubious run time results for integrate: [0.39999998,0.34,0.59000003,0.33]
warning: dubious mut time results for integrate: [0.39,0.34,0.49,0.33]
warning: dubious run time results for integrate: [0.39999998,0.34,0.59000003,0.33]
warning: dubious mut time results for integrate: [0.39,0.34,0.49,0.33]
warning: dubious run time results for integrate: [0.52,0.36,0.39000002,0.36]
warning: dubious run time results for integrate: [0.52,0.36,0.39000002,0.36]
warning: dubious run time results for integrate: [0.42,0.78999996,0.38,0.42]
warning: dubious mut time results for integrate: [0.42,0.78,0.38,0.41]
warning: dubious run time results for integrate: [0.42,0.78999996,0.38,0.42]
warning: dubious mut time results for integrate: [0.42,0.78,0.38,0.41]
warning: dubious run time results for integrate: [0.48,0.35,0.3,0.35999998]
warning: dubious mut time results for integrate: [0.47,0.35,0.3,0.35]
warning: dubious run time results for integrate: [0.48,0.35,0.3,0.35999998]
warning: dubious mut time results for integrate: [0.47,0.35,0.3,0.35]
warning: dubious run time results for integrate: [0.34,0.41,0.58,0.41]
warning: dubious mut time results for integrate: [0.33,0.4,0.57,0.4]
warning: dubious run time results for integrate: [0.34,0.41,0.58,0.41]
warning: dubious mut time results for integrate: [0.33,0.4,0.57,0.4]
warning: dubious run time results for integrate: [0.39999998,0.39,0.53999996,0.35999998]
warning: dubious mut time results for integrate: [0.39,0.38,0.52,0.35]
warning: dubious run time results for integrate: [0.39999998,0.39,0.53999996,0.35999998]
warning: dubious mut time results for integrate: [0.39,0.38,0.52,0.35]
warning: dubious run time results for integrate: [0.88,0.34,0.33,0.34]
warning: dubious mut time results for integrate: [0.87,0.34,0.33,0.33]
warning: dubious run time results for integrate: [0.88,0.34,0.33,0.34]
warning: dubious mut time results for integrate: [0.87,0.34,0.33,0.33]
warning: dubious run time results for integrate: [0.44,0.41,0.34,1.0699999]
warning: dubious mut time results for integrate: [0.43,0.4,0.34,1.06]
warning: dubious run time results for integrate: [0.44,0.41,0.34,1.0699999]
warning: dubious mut time results for integrate: [0.43,0.4,0.34,1.06]
warning: dubious run time results for integrate: [0.45,0.45,0.39,0.8]
warning: dubious mut time results for integrate: [0.35,0.45,0.38,0.79]
warning: dubious run time results for integrate: [0.45,0.45,0.39,0.8]
warning: dubious mut time results for integrate: [0.35,0.45,0.38,0.79]
warning: dubious run time results for integrate: [0.35,0.29,0.29,0.57]
warning: dubious mut time results for integrate: [0.34,0.29,0.29,0.56]
warning: dubious run time results for integrate: [0.35,0.29,0.29,0.57]
warning: dubious mut time results for integrate: [0.34,0.29,0.29,0.56]
warning: dubious run time results for integrate: [3.91,1.02,3.0,0.35]
warning: dubious mut time results for integrate: [3.47,0.91,2.99,0.35]
warning: dubious GC time results for integrate: [0.44,0.11,1.0e-2,0.0]
warning: dubious run time results for integrate: [3.91,1.02,3.0,0.35]
warning: dubious mut time results for integrate: [3.47,0.91,2.99,0.35]
warning: dubious GC time results for integrate: [0.44,0.11,1.0e-2,0.0]
warning: dubious run time results for integrate: [0.29,0.45,0.47,0.3]
warning: dubious mut time results for integrate: [0.29,0.44,0.46,0.3]
warning: dubious run time results for integrate: [0.29,0.45,0.47,0.3]
warning: dubious mut time results for integrate: [0.29,0.44,0.46,0.3]
warning: dubious run time results for integrate: [0.3,0.5,0.37,0.48]
warning: dubious mut time results for integrate: [0.3,0.49,0.36,0.47]
warning: dubious run time results for integrate: [0.3,0.5,0.37,0.48]
warning: dubious mut time results for integrate: [0.3,0.49,0.36,0.47]
warning: dubious run time results for integrate: [0.49,0.46,3.5800002,5.9900002]
warning: dubious mut time results for integrate: [0.49,0.46,2.91,5.98]
warning: dubious GC time results for integrate: [0.0,0.0,0.67,1.0e-2]
warning: dubious run time results for integrate: [0.49,0.46,3.5800002,5.9900002]
warning: dubious mut time results for integrate: [0.49,0.46,2.91,5.98]
warning: dubious GC time results for integrate: [0.0,0.0,0.67,1.0e-2]
warning: dubious run time results for integrate: [0.59,0.77,0.65999997,0.34]
warning: dubious mut time results for integrate: [0.58,0.75,0.65,0.33]
warning: dubious run time results for integrate: [0.59,0.77,0.65999997,0.34]
warning: dubious mut time results for integrate: [0.58,0.75,0.65,0.33]
warning: dubious run time results for integrate: [1.73,0.42,0.78,0.35]
warning: dubious mut time results for integrate: [1.72,0.41,0.77,0.34]
warning: dubious run time results for integrate: [1.73,0.42,0.78,0.35]
warning: dubious mut time results for integrate: [1.72,0.41,0.77,0.34]
warning: dubious run time results for integrate: [0.33,0.36,0.63,0.45999998]
warning: dubious mut time results for integrate: [0.33,0.36,0.47,0.45]
warning: dubious run time results for integrate: [0.33,0.36,0.63,0.45999998]
warning: dubious mut time results for integrate: [0.33,0.36,0.47,0.45]
1000000000000011 0.368
runproj limit: 0.835
101000000000000001010000101 0.382
runproj limit: 0.835
101001011001001101110100101 0.415
runproj limit: 0.835
001000110010010100000110001 0.392
runproj limit: 0.835
101001000110101100011000010 0.383
runproj limit: 0.835
111010100011000110110101100 0.392
runproj limit: 0.835
000000000001001101110100100 0.36
runproj limit: 0.835
100010000110000000000000111 0.345
runproj limit: 0.835
011010010101010111001011010 0.362
runproj limit: 0.835
000100000000000000000000001 0.38
runproj limit: 0.835
000000000011011101110001111 0.375
runproj limit: 0.835
001001000010000000000100000 0.355
best: 0.8961038961038961
runproj limit: 0.835
001010000111010101010001110 0.398
runproj limit: 0.835
111010010111000011001001011 0.348
runproj limit: 0.835
001010000101011101111000010 0.395
runproj limit: 0.835
000010000010001001111000110 0.375
runproj limit: 0.835
000000000001001100111000100 0.378
runproj limit: 0.835
101010000110101100000000011 0.318
runproj limit: 0.835
000000000101001100000000101 0.372
runproj limit: 0.835
000000101011010101100001100 0.39
runproj limit: 0.835
100010010001111001110000000 0.402
runproj limit: 0.835
101000100000011001010000100 0.362
runproj limit: 0.835
000100001011000001110000001 0.43
runproj limit: 0.835
100010101000100001110000000 0.345
runproj limit: 0.835
001001000010100101100100011 0.43
runproj limit: 0.835
100010000110000000000000111 0.34
runproj limit: 0.835
010000000000001100111000100 0.353
runproj limit: 0.835
000010101010000001100001100 0.375
runproj limit: 0.835
001001000010000000000100000 0.39
runproj limit: 0.835
100010000011001001110000111 0.378
runproj limit: 0.835
000000000010000001110000001 0.422
runproj limit: 0.835
000000000001001101110100100 0.353
best: 0.8259740259740259
runproj limit: 0.835
100010000000000001010000001 0.392
runproj limit: 0.835
111010000011000001011001100 0.39
runproj limit: 0.835
001010000011000001010001110 0.355
runproj limit: 0.835
100010100011000001110000010 0.362
runproj limit: 0.835
010010000000101100110000000 0.37
runproj limit: 0.835
000000000000001100001000101 0.392
runproj limit: 0.835
000000000001001100111000100 0.335
runproj limit: 0.835
100000000010010100100000111 0.375
runproj limit: 0.835
110000000001000101010010100 0.38
runproj limit: 0.835
100001100000010011100010100 0.362
runproj limit: 0.835
001000101010010111110101111 0.372
runproj limit: 0.835
111100011001100001011001110 0.412
runproj limit: 0.835
111010000100011100010000110 0.34
runproj limit: 0.835
101010000110101100000000011 0.425
runproj limit: 0.835
100010000110000000000000111 0.435
runproj limit: 0.835
100010101000100001110000000 0.348
runproj limit: 0.835
111010010111000011001001011 0.362
runproj limit: 0.835
010000000000001100111000100 0.38
runproj limit: 0.835
000000000001001101110100100 0.368
runproj limit: 0.835
101000100000011001010000100 0.345
best: 0.8701298701298702
runproj limit: 0.835
111010010010000110001000101 0.342
runproj limit: 0.835
111010010110001000001001111 0.42
runproj limit: 0.835
010010100000100011100010000 0.372
runproj limit: 0.835
100000000000010001100010101 0.42
runproj limit: 0.835
100000100000010011110010100 0.325
runproj limit: 0.835
010000000000001100011010101 0.382
runproj limit: 0.835
101010110111000001101001011 0.352
runproj limit: 0.835
101000000010010101000000111 0.345
runproj limit: 0.835
001000000101001101000100101 0.36
runproj limit: 0.835
101000011011100000111100100 0.355
runproj limit: 0.835
110011000100001000110000100 0.388
runproj limit: 0.835
101010101000101100100100100 0.362
runproj limit: 0.835
000000000011000010110000111 0.353
runproj limit: 0.835
000000000001001100111000100 0.365
runproj limit: 0.835
111010000100011100010000110 0.397
runproj limit: 0.835
101000100000011001010000100 0.335
runproj limit: 0.835
100010101000100001110000000 0.315
runproj limit: 0.835
001010000011000001010001110 0.388
runproj limit: 0.835
100010100011000001110000010 0.427
runproj limit: 0.835
100001100000010011100010100 0.355
best: 0.8181818181818181
runproj limit: 0.835
111000000010000110100000101 0.415
runproj limit: 0.835
100001000000000011110010100 0.378
runproj limit: 0.835
001000000000010010110000110 0.408
runproj limit: 0.835
101010101000101100100100100 0.367
runproj limit: 0.835
100000100000010011110010100 0.502
runproj limit: 0.835
000010000100000000110000111 0.372
runproj limit: 0.835
000000000011000000111000100 0.362
runproj limit: 0.835
100010000011001010100000111 0.4
runproj limit: 0.835
101000100100010110010000100 0.435
runproj limit: 0.835
100001010011000000000000110 0.422
runproj limit: 0.835
011000101110110101000011111 0.335
runproj limit: 0.835
101001001110101101100111100 0.473
runproj limit: 0.835
100001000000110000101010111 0.39
runproj limit: 0.835
100010101000100001110000000 0.368
runproj limit: 0.835
100000100000010011110010100 0.358
runproj limit: 0.835
101000100000011001010000100 0.375
runproj limit: 0.835
111010010010000110001000101 0.388
runproj limit: 0.835
101000000010010101000000111 0.32
runproj limit: 0.835
101010110111000001101001011 0.565
runproj limit: 0.835
000000000011000010110000111 0.522
best: 0.8311688311688311
runproj limit: 0.835
101000100000010111010010100 0.335
runproj limit: 0.835
100010001100101000110100110 0.375
runproj limit: 0.835
000000000010010000110000100 2.07
runproj limit: 0.835
101000100000000010010010100 0.318
runproj limit: 0.835
111000000010010100000000101 0.512
runproj limit: 0.835
001000100000110101000001101 0.295
runproj limit: 0.835
100000100000000001111000100 0.295
runproj limit: 0.835
100011001001100000010000010 0.298
runproj limit: 0.835
000110101110010100010000111 0.285
runproj limit: 0.835
001100001011010010110000110 0.378
runproj limit: 0.835
100100000000110010110010100 0.413
runproj limit: 0.835
101000000101110001011010110 0.293
runproj limit: 0.835
101010101001110110000100010 0.292
runproj limit: 0.835
101000000010010101000000111 0.343
runproj limit: 0.835
011000101110110101000011111 2.63
runproj limit: 0.835
100000100000010011110010100 0.31
runproj limit: 0.835
000000000011000000111000100 0.372
runproj limit: 0.835
101010101000101100100100100 0.59
runproj limit: 0.835
100010101000100001110000000 0.82
runproj limit: 0.835
000010000100000000110000111 0.3
best: 0.7402597402597402
runproj limit: 0.835
000000000001000000111010110 0.41
runproj limit: 0.835
000100000001000010111000110 0.47
runproj limit: 0.835
000000000100000000111000110 0.445
runproj limit: 0.835
100000100000010011111000100 0.298
runproj limit: 0.835
001000100001110010011000010 0.29
runproj limit: 0.835
100010000000111000100101110 0.29
runproj limit: 0.835
000110101110010100010000111 0.28
runproj limit: 0.835
101010101000110110100110000 0.292
runproj limit: 0.835
011011100000111111100111001 0.288
runproj limit: 0.835
000100101110010110011000111 0.28
runproj limit: 0.835
100001100000111001011011101 0.295
runproj limit: 0.835
101010010101001000100001011 0.27
runproj limit: 0.835
100001000101001000111110000 0.278
runproj limit: 0.835
000110101110010100010000111 0.282
runproj limit: 0.835
101010101001110110000100010 0.293
runproj limit: 0.835
101000000101110001011010110 0.285
runproj limit: 0.835
001000100000110101000001101 0.295
runproj limit: 0.835
100000100000000001111000100 0.292
runproj limit: 0.835
100011001001100000010000010 0.293
runproj limit: 0.835
000010000100000000110000111 0.293
best: 0.7012987012987013
runproj limit: 0.835
100011010001001000100000010 0.3
runproj limit: 0.835
100011000000111001001001111 0.3
runproj limit: 0.835
101010001110110101010010111 0.33
runproj limit: 0.835
000110101110010110010000111 0.275
runproj limit: 0.835
000010100000010000011000011 0.292
runproj limit: 0.835
010110101010110111000101011 0.295
runproj limit: 0.835
101010010101001000100001011 0.272
runproj limit: 0.835
101000000000110001111000110 0.3
runproj limit: 0.835
101111000000111000100001011 0.295
runproj limit: 0.835
101000000100000100000001110 0.275
runproj limit: 0.835
010001101000111111101111011 0.295
runproj limit: 0.835
100011101001010110001110010 0.3
runproj limit: 0.835
110010001100001010011000101 0.285
runproj limit: 0.835
101010010101001000100001011 0.278
runproj limit: 0.835
100001000101001000111110000 0.28
runproj limit: 0.835
000110101110010100010000111 0.278
runproj limit: 0.835
000100101110010110011000111 0.293
runproj limit: 0.835
101000000101110001011010110 0.28
runproj limit: 0.835
011011100000111111100111001 0.292
runproj limit: 0.835
001000100001110010011000010 0.285
best: 0.7064935064935065
done evolving!
"all is well:)"
>>>>>>>>>>>>>>FINISH OPTIMIZATION>>>>>>>>>>>>>>>
764.39user 973.10system 52:36.76elapsed 55%CPU (0avgtext+0avgdata 130212maxresident)k
1348312inputs+1648272outputs (1733major+100452815minor)pagefaults 0swaps
warning: dubious run time results for integrate: [0.41,0.29,0.3,0.29]
warning: dubious run time results for integrate: [0.41,0.29,0.3,0.29]
Optimizing /h/ywang30/nofib/imaginary/integrate
>>>>>>>>>>>>>>>START OPTIMIZATION>>>>>>>>>>>>>>>
pop: 13
gens: 15
arch: 7
limit is: 0.295
runproj limit: 0.295
Basetime is: 0.292
runproj limit: 0.295
010000000000000000001000000 0.288
runproj limit: 0.295
001000000010000000010000000 0.293
runproj limit: 0.295
000000000001000000100000100 0.295
runproj limit: 0.295
000000000001000000100000101 0.295
runproj limit: 0.295
000000000000000000000000010 0.292
runproj limit: 0.295
001000001001000000000001000 0.29
runproj limit: 0.295
100000000000000000000000001 0.288
runproj limit: 0.295
010000000000110000000010000 0.298
runproj limit: 0.295
000010000000000000000010000 0.292
runproj limit: 0.295
001000000000000000000000100 0.295
runproj limit: 0.295
000001000000000010000000000 0.295
runproj limit: 0.295
000010000000100000000001000 0.29
runproj limit: 0.295
000000000000000000000000000 0.308
best: 0.9863013698630136
runproj limit: 0.295
000000000000000000100000000 0.293
runproj limit: 0.295
001000000010000000000000000 0.295
runproj limit: 0.295
011000001001000000000001000 0.322
runproj limit: 0.295
000000000000110000000010000 0.295
runproj limit: 0.295
100000000000000000000000001 0.302
runproj limit: 0.295
100010000000000000000010000 0.295
runproj limit: 0.295
001000000000000000000000000 0.292
runproj limit: 0.295
100000000000000000000000000 0.292
runproj limit: 0.295
001000000011110010010001100 0.288
runproj limit: 0.295
000011000000000101100111000 0.29
runproj limit: 0.295
000011001100011001111000010 0.278
runproj limit: 0.295
011001000001100001010011000 0.293
runproj limit: 0.295
011001010011000001100000100 0.293
runproj limit: 0.295
010000000000000000001000000 0.302
runproj limit: 0.295
100000000000000000000000001 0.295
runproj limit: 0.295
001000001001000000000001000 0.288
runproj limit: 0.295
000010000000100000000001000 0.3
runproj limit: 0.295
000000000000000000000000010 0.293
runproj limit: 0.295
000010000000000000000010000 0.293
runproj limit: 0.295
001000000010000000010000000 0.293
best: 0.9520547945205481
runproj limit: 0.295
011001000011100000110001100 0.29
runproj limit: 0.295
010000000001000000001000000 0.295
runproj limit: 0.295
000011001000001001110000010 0.278
runproj limit: 0.295
000000001110010001110000000 0.278
runproj limit: 0.295
000000001001000000001001000 0.29
runproj limit: 0.295
001000010011000001000001100 0.292
runproj limit: 0.295
000001000000010001111000010 0.288
runproj limit: 0.295
001000000000000001000000000 0.295
runproj limit: 0.295
000010000000001000010110010 0.288
runproj limit: 0.295
011101010010000000101000100 0.285
runproj limit: 0.295
101100000001011100001000000 0.29
runproj limit: 0.295
010101000100010111011011100 0.275
runproj limit: 0.295
001101000011100100010111110 0.288
runproj limit: 0.295
000011001100011001111000010 0.275
runproj limit: 0.295
001000000011110010010001100 0.295
runproj limit: 0.295
001000001001000000000001000 0.298
runproj limit: 0.295
000011000000000101100111000 0.308
runproj limit: 0.295
001000000000000000000000000 0.295
runproj limit: 0.295
100000000000000000000000000 0.29
runproj limit: 0.295
000000000000000000100000000 0.29
best: 0.9417808219178083
runproj limit: 0.295
011100000010001000010000010 0.305
runproj limit: 0.295
010000000110010101111000100 0.288
runproj limit: 0.295
100011001000000001010000000 0.31
runproj limit: 0.295
000011001100001001111000010 0.27
runproj limit: 0.295
000001000010010000111000010 0.298
runproj limit: 0.295
000010000000000000010000010 0.298
runproj limit: 0.295
000011001000001001010000010 0.272
runproj limit: 0.295
010000000010110000110000000 0.31
runproj limit: 0.295
000001000000010001111000011 0.288
runproj limit: 0.295
001011000011000000110101100 0.288
runproj limit: 0.295
011011001100011110110000010 0.272
runproj limit: 0.295
101000010001011000001110011 0.282
runproj limit: 0.295
010001000000000010011010110 0.292
runproj limit: 0.295
010101000100010111011011100 0.29
runproj limit: 0.295
000011001100011001111000010 0.272
runproj limit: 0.295
000011001000001001110000010 0.275
runproj limit: 0.295
000000001110010001110000000 0.282
runproj limit: 0.295
011101010010000000101000100 0.285
runproj limit: 0.295
000001000000010001111000010 0.288
runproj limit: 0.295
000010000000001000010110010 0.28
best: 0.9246575342465755
runproj limit: 0.295
001011001011000001110100100 0.29
runproj limit: 0.295
000010000000001000010000010 0.285
runproj limit: 0.295
001011000001000000110001110 0.297
runproj limit: 0.295
000011001000001001111000010 0.292
runproj limit: 0.295
000001000000010001011000011 0.305
runproj limit: 0.295
000011001100011001010000010 0.288
runproj limit: 0.295
101010000000011001101100011 0.3
runproj limit: 0.295
010001001100011001111000010 0.278
runproj limit: 0.295
001011101110010001001100000 0.275
runproj limit: 0.295
011111001100001101010100010 0.272
runproj limit: 0.295
000001011100011001110011000 0.285
runproj limit: 0.295
100001010011010011110000111 0.295
runproj limit: 0.295
011011000011000001111011101 0.293
runproj limit: 0.295
000011001100001001111000010 0.278
runproj limit: 0.295
000011001000001001010000010 0.285
runproj limit: 0.295
011011001100011110110000010 0.282
runproj limit: 0.295
000011001100011001111000010 0.278
runproj limit: 0.295
000011001000001001110000010 0.275
runproj limit: 0.295
000010000000001000010110010 0.285
runproj limit: 0.295
101000010001011000001110011 0.282
best: 0.9315068493150687
runproj limit: 0.295
011111001100001001110000010 0.272
runproj limit: 0.295
000010001100011000010000010 0.275
runproj limit: 0.295
010111001000001101110100010 0.278
runproj limit: 0.295
000011001000001001110000010 0.278
runproj limit: 0.295
000011001100001001110000010 0.27
runproj limit: 0.295
000001001100011001110000010 0.275
runproj limit: 0.295
100010001000001001011000011 0.282
runproj limit: 0.295
101001101001010000001110011 0.282
runproj limit: 0.295
001010000000101000000010110 0.282
runproj limit: 0.295
000101010001011000000110011 0.3
runproj limit: 0.295
111010100110100011001100100 0.27
runproj limit: 0.295
010101000100111101111000010 0.278
runproj limit: 0.295
010000001100110100111100010 0.28
runproj limit: 0.295
011111001100001101010100010 0.27
runproj limit: 0.295
001011101110010001001100000 0.272
runproj limit: 0.295
000011001000001001110000010 0.272
runproj limit: 0.295
010001001100011001111000010 0.272
runproj limit: 0.295
000011001100001001111000010 0.28
runproj limit: 0.295
000011001100011001111000010 0.282
runproj limit: 0.295
011011001100011110110000010 0.283
best: 0.9246575342465755
runproj limit: 0.295
010001100100101011001000000 0.285
runproj limit: 0.295
010001001100111000111100010 0.272
runproj limit: 0.295
111010101010101011111000010 0.292
runproj limit: 0.295
010001001100011101111100010 0.282
runproj limit: 0.295
000011001000001001110000010 0.278
runproj limit: 0.295
001011101110000001111100010 0.28
runproj limit: 0.295
011011001110001001010100010 0.278
runproj limit: 0.295
000011001110010001101100000 0.272
runproj limit: 0.295
001010001100110011111000001 0.272
runproj limit: 0.295
011000110101111000010000011 0.275
runproj limit: 0.295
000101001100001000111001010 0.27
runproj limit: 0.295
100000001010011000011000100 0.29
runproj limit: 0.295
010000001110100100111001001 0.29
runproj limit: 0.295
000011001100001001110000010 0.275
runproj limit: 0.295
111010100110100011001100100 0.285
runproj limit: 0.295
011111001100001101010100010 0.278
runproj limit: 0.295
011111001100001001110000010 0.272
runproj limit: 0.295
001011101110010001001100000 0.27
runproj limit: 0.295
000011001000001001110000010 0.278
runproj limit: 0.295
010001001100011001111000010 0.272
best: 0.9246575342465755
runproj limit: 0.295
001111001100001001111100000 0.27
runproj limit: 0.295
000011001000011001110000000 0.298
runproj limit: 0.295
000011001000001001110000010 0.275
runproj limit: 0.295
001001100000001001110000011 0.278
runproj limit: 0.295
010010011100001001010000010 0.28
runproj limit: 0.295
010011001110011001110100010 0.28
runproj limit: 0.295
011000100101101000000100010 0.283
runproj limit: 0.295
000001001100011000101101010 0.275
runproj limit: 0.295
000110001101001000111101001 0.288
runproj limit: 0.295
110011101110010000010100101 0.272
runproj limit: 0.295
110110010100001001110000011 0.282
runproj limit: 0.295
011001111100001101011110011 0.272
runproj limit: 0.295
100101001000001110111001011 0.29
runproj limit: 0.295
000101001100001000111001010 0.272
runproj limit: 0.295
001011101110010001001100000 0.27
runproj limit: 0.295
010001001100111000111100010 0.275
runproj limit: 0.295
000011001110010001101100000 0.28
runproj limit: 0.295
001010001100110011111000001 0.272
runproj limit: 0.295
011111001100001001110000010 0.278
runproj limit: 0.295
010001001100011001111000010 0.278
best: 0.9246575342465755
runproj limit: 0.295
000010001100111011011000000 0.282
runproj limit: 0.295
011000111100001001011000010 0.27
runproj limit: 0.295
000011101110010001001100000 0.29
runproj limit: 0.295
001001101100001001111000010 0.282
runproj limit: 0.295
001111101100011001011100000 0.275
runproj limit: 0.295
000111001100001100111100010 0.275
runproj limit: 0.295
000011001110110000111100000 0.278
runproj limit: 0.295
110000010100001101111000011 0.282
runproj limit: 0.295
101001111110100101001000100 0.28
runproj limit: 0.295
110011001110001000010100100 0.282
runproj limit: 0.295
000111000001001001110000010 0.295
runproj limit: 0.295
110001001110111001101001110 0.278
runproj limit: 0.295
010001001100111100011000001 0.28
runproj limit: 0.295
001111001100001001111100000 0.278
runproj limit: 0.295
001011101110010001001100000 0.282
runproj limit: 0.295
110011101110010000010100101 0.28
runproj limit: 0.295
011001111100001101011110011 0.285
runproj limit: 0.295
000101001100001000111001010 0.272
runproj limit: 0.295
001010001100110011111000001 0.272
runproj limit: 0.295
000011001000001001110000010 0.27
best: 0.9246575342465755
runproj limit: 0.295
000001001110011001101000110 0.278
runproj limit: 0.295
000111101100001001111100000 0.28
runproj limit: 0.295
010001001100001000011000011 0.278
runproj limit: 0.295
100001001100001001101001110 0.278
runproj limit: 0.295
001001101110110001001100100 0.278
runproj limit: 0.295
000101001100101000111101000 0.28
runproj limit: 0.295
001111101100011001011100000 0.295
runproj limit: 0.295
111011001110110001101001110 0.28
runproj limit: 0.295
110011001000000001010110010 0.292
runproj limit: 0.295
111010001110000010100110100 0.278
runproj limit: 0.295
111000010101001111101100000 0.275
runproj limit: 0.295
011110110010101011001000111 0.308
runproj limit: 0.295
100001001010010101010100111 0.292
runproj limit: 0.295
011000111100001001011000010 0.278
runproj limit: 0.295
000011001000001001110000010 0.28
runproj limit: 0.295
000101001100001000111001010 0.288
runproj limit: 0.295
001010001100110011111000001 0.28
runproj limit: 0.295
001111101100011001011100000 0.275
runproj limit: 0.295
000111001100001100111100010 0.282
runproj limit: 0.295
000011001110110000111100000 0.275
best: 0.9417808219178083
runproj limit: 0.295
001011001100100010111001001 0.27
runproj limit: 0.295
001001011100100000111100000 0.275
runproj limit: 0.295
111000010111000010100110000 0.28
runproj limit: 0.295
111010101110001000101110110 0.277
runproj limit: 0.295
111011001110100010111110100 0.278
runproj limit: 0.295
001111111100001001011000000 0.275
runproj limit: 0.295
111000000100000111111100001 0.285
runproj limit: 0.295
000011001000111000111100010 0.297
runproj limit: 0.295
001011001101001000111100010 0.275
runproj limit: 0.295
101011010010100101110100010 0.285
runproj limit: 0.295
001000001110001101001000100 0.278
runproj limit: 0.295
011001001100000101001100111 0.275
runproj limit: 0.295
011011001111100111111001110 0.282
runproj limit: 0.295
111000010101001111101100000 0.288
runproj limit: 0.295
001111101100011001011100000 0.275
runproj limit: 0.295
000011001110110000111100000 0.282
runproj limit: 0.295
000001001110011001101000110 0.278
runproj limit: 0.295
010001001100001000011000011 0.28
runproj limit: 0.295
100001001100001001101001110 0.282
runproj limit: 0.295
001001101110110001001100100 0.272
best: 0.9246575342465755
runproj limit: 0.295
001011001100001010011100001 0.278
runproj limit: 0.295
001011001110100101011100100 0.275
runproj limit: 0.295
000011001100001000111000011 0.28
runproj limit: 0.295
011001001100000101001100111 0.275
runproj limit: 0.295
111001001110110011111100100 0.28
runproj limit: 0.295
011001011100100101111101010 0.278
runproj limit: 0.295
001000001100001001011000100 0.28
runproj limit: 0.295
001001011100100000111100000 0.278
runproj limit: 0.295
000011001010111111111100000 0.298
runproj limit: 0.295
100010111100001000011001010 0.278
runproj limit: 0.295
010001100000101001101010110 0.278
runproj limit: 0.295
101010000110101000011111011 0.272
runproj limit: 0.295
001001001110010010000100111 0.278
runproj limit: 0.295
001011001100100010111001001 0.272
runproj limit: 0.295
001001101110110001001100100 0.275
runproj limit: 0.295
001001011100100000111100000 0.28
runproj limit: 0.295
001111111100001001011000000 0.272
runproj limit: 0.295
001011001101001000111100010 0.275
runproj limit: 0.295
011001001100000101001100111 0.272
runproj limit: 0.295
001111101100011001011100000 0.27
best: 0.9246575342465755
runproj limit: 0.295
111001001110110001101100100 0.295
runproj limit: 0.295
101010000110101000011111011 0.278
runproj limit: 0.295
001000001110100010011100011 0.27
runproj limit: 0.295
011101001100001101001000011 0.285
runproj limit: 0.295
001011001101001000111100001 0.275
runproj limit: 0.295
001011001110110110011100110 0.285
runproj limit: 0.295
101011001110101010011100011 0.275
runproj limit: 0.295
001111101100110011011001001 0.28
runproj limit: 0.295
100001000000011000001100000 0.292
runproj limit: 0.295
000111000111001000111000011 0.278
runproj limit: 0.295
011101101100100100001100111 0.282
runproj limit: 0.295
001001101011111010001110101 0.3
runproj limit: 0.295
011001001101011111101100001 0.282
runproj limit: 0.295
001111101100011001011100000 0.28
runproj limit: 0.295
101010000110101000011111011 0.28
runproj limit: 0.295
001011001100100010111001001 0.275
runproj limit: 0.295
001111111100001001011000000 0.28
runproj limit: 0.295
011001001100000101001100111 0.275
runproj limit: 0.295
001011001110100101011100100 0.275
runproj limit: 0.295
001001101110110001001100100 0.285
best: 0.9246575342465755
runproj limit: 0.295
001010001110100010011100001 0.278
runproj limit: 0.295
001111001111001000011100011 0.288
runproj limit: 0.295
001111000110001000011001011 0.27
runproj limit: 0.295
101011001100100010011000011 0.292
runproj limit: 0.295
001110011110100011011000011 0.282
runproj limit: 0.295
000010000110101000111011011 0.29
runproj limit: 0.295
001011001110110010111101001 0.285
runproj limit: 0.295
001011001101101100111100101 0.28
runproj limit: 0.295
011011001110101000111010111 0.282
runproj limit: 0.295
100011000000011010000100000 0.292
runproj limit: 0.295
101010001110010010111111010 0.262
runproj limit: 0.295
100011011111101101001101000 0.275
runproj limit: 0.295
101110111010000001011110100 0.308
runproj limit: 0.295
001000001110100010011100011 0.272
runproj limit: 0.295
001011001101001000111100001 0.272
runproj limit: 0.295
101011001110101010011100011 0.278
runproj limit: 0.295
001011001100100010111001001 0.283
runproj limit: 0.295
011001001100000101001100111 0.283
runproj limit: 0.295
001011001110100101011100100 0.275
runproj limit: 0.295
101010000110101000011111011 0.278
best: 0.8972602739726029
runproj limit: 0.295
001011011110101101001100100 0.275
runproj limit: 0.295
001110001110010010111101010 0.278
runproj limit: 0.295
001100001110001010011000011 0.28
runproj limit: 0.295
001011001110110000111101001 0.272
runproj limit: 0.295
101010001110101000011100001 0.272
runproj limit: 0.295
001010001110010010011101010 0.282
runproj limit: 0.295
100011011111101101001101000 0.278
runproj limit: 0.295
001010001110100010011100011 0.268
runproj limit: 0.295
000011011110100011011100110 0.275
runproj limit: 0.295
101111100010111001011001000 0.285
runproj limit: 0.295
010001000110101000110010101 0.28
runproj limit: 0.295
000010001100001100010100111 0.275
runproj limit: 0.295
111111101100101100110101011 0.272
runproj limit: 0.295
101010001110010010111111010 0.282
runproj limit: 0.295
001111000110001000011001011 0.278
runproj limit: 0.295
001000001110100010011100011 0.278
runproj limit: 0.295
001011001101001000111100001 0.288
runproj limit: 0.295
100011011111101101001101000 0.282
runproj limit: 0.295
001011001110100101011100100 0.278
runproj limit: 0.295
001010001110100010011100001 0.278
best: 0.9178082191780823
done evolving!
"all is well:)"
>>>>>>>>>>>>>>FINISH OPTIMIZATION>>>>>>>>>>>>>>>
688.88user 336.12system 18:45.69elapsed 91%CPU (0avgtext+0avgdata 107560maxresident)k
1117944inputs+1561248outputs (295major+100398002minor)pagefaults 0swaps
