warning: dubious run time results for maillist: [0.27,0.28,0.26,0.4]
warning: dubious mut time results for maillist: [0.25,0.26,0.24,0.37]
warning: dubious run time results for maillist: [0.27,0.28,0.26,0.4]
warning: dubious mut time results for maillist: [0.25,0.26,0.24,0.37]
warning: dubious run time results for maillist: [0.28,0.22999999,0.4,0.26]
warning: dubious mut time results for maillist: [0.26,0.21,0.38,0.24]
warning: dubious run time results for maillist: [0.28,0.22999999,0.4,0.26]
warning: dubious mut time results for maillist: [0.26,0.21,0.38,0.24]
warning: dubious run time results for maillist: [0.45,0.29000002,0.32,0.35000002]
warning: dubious mut time results for maillist: [0.42,0.27,0.29,0.33]
warning: dubious run time results for maillist: [0.45,0.29000002,0.32,0.35000002]
warning: dubious mut time results for maillist: [0.42,0.27,0.29,0.33]
warning: dubious run time results for maillist: [0.81,0.35000002,0.26,0.62]
warning: dubious mut time results for maillist: [0.79,0.33,0.24,0.6]
warning: dubious run time results for maillist: [0.81,0.35000002,0.26,0.62]
warning: dubious mut time results for maillist: [0.79,0.33,0.24,0.6]
warning: dubious run time results for maillist: [0.38,0.5,0.44,0.60999995]
warning: dubious mut time results for maillist: [0.35,0.46,0.41,0.59]
warning: dubious run time results for maillist: [0.38,0.5,0.44,0.60999995]
warning: dubious mut time results for maillist: [0.35,0.46,0.41,0.59]
warning: dubious run time results for maillist: [0.2,0.3,0.3,0.3]
warning: dubious mut time results for maillist: [0.18,0.28,0.27,0.28]
warning: dubious run time results for maillist: [0.2,0.3,0.3,0.3]
warning: dubious mut time results for maillist: [0.18,0.28,0.27,0.28]
warning: dubious run time results for maillist: [0.22999999,0.31,0.33,0.4]
warning: dubious mut time results for maillist: [0.21,0.29,0.3,0.38]
warning: dubious run time results for maillist: [0.22999999,0.31,0.33,0.4]
warning: dubious mut time results for maillist: [0.21,0.29,0.3,0.38]
warning: dubious run time results for maillist: [0.33,0.39000002,0.25,0.25]
warning: dubious mut time results for maillist: [0.3,0.36,0.23,0.23]
warning: dubious run time results for maillist: [0.33,0.39000002,0.25,0.25]
warning: dubious mut time results for maillist: [0.3,0.36,0.23,0.23]
warning: dubious run time results for maillist: [0.19,0.22999999,0.33,0.74]
warning: dubious mut time results for maillist: [0.17,0.21,0.3,0.72]
warning: dubious run time results for maillist: [0.19,0.22999999,0.33,0.74]
warning: dubious mut time results for maillist: [0.17,0.21,0.3,0.72]
warning: dubious run time results for maillist: [0.15,1.92,0.28,0.31]
warning: dubious mut time results for maillist: [0.14,1.91,0.26,0.28]
warning: dubious run time results for maillist: [0.15,1.92,0.28,0.31]
warning: dubious mut time results for maillist: [0.14,1.91,0.26,0.28]
warning: dubious run time results for maillist: [0.31,1.46,0.36,0.23]
warning: dubious mut time results for maillist: [0.3,1.44,0.34,0.22]
warning: dubious run time results for maillist: [0.31,1.46,0.36,0.23]
warning: dubious mut time results for maillist: [0.3,1.44,0.34,0.22]
warning: dubious run time results for maillist: [2.61,0.43,2.3899999,0.26]
warning: dubious mut time results for maillist: [2.6,0.41,2.37,0.24]
warning: dubious run time results for maillist: [2.61,0.43,2.3899999,0.26]
warning: dubious mut time results for maillist: [2.6,0.41,2.37,0.24]
warning: dubious run time results for maillist: [1.61,0.25,0.25,0.25]
warning: dubious mut time results for maillist: [1.59,0.23,0.23,0.23]
warning: dubious run time results for maillist: [1.61,0.25,0.25,0.25]
warning: dubious mut time results for maillist: [1.59,0.23,0.23,0.23]
warning: dubious run time results for maillist: [0.26,0.35,0.26999998,2.32]
warning: dubious mut time results for maillist: [0.24,0.32,0.24,2.27]
warning: dubious run time results for maillist: [0.26,0.35,0.26999998,2.32]
warning: dubious mut time results for maillist: [0.24,0.32,0.24,2.27]
warning: dubious run time results for maillist: [1.18,0.38000003,7.27,0.24]
warning: dubious mut time results for maillist: [1.15,0.36,7.25,0.22]
warning: dubious run time results for maillist: [1.18,0.38000003,7.27,0.24]
warning: dubious mut time results for maillist: [1.15,0.36,7.25,0.22]
warning: dubious run time results for maillist: [0.78999996,1.8,0.19,3.07]
warning: dubious mut time results for maillist: [0.77,1.78,0.17,3.05]
warning: dubious run time results for maillist: [0.78999996,1.8,0.19,3.07]
warning: dubious mut time results for maillist: [0.77,1.78,0.17,3.05]
warning: dubious run time results for maillist: [0.31,0.36,0.3,0.25]
warning: dubious mut time results for maillist: [0.29,0.33,0.28,0.23]
warning: dubious run time results for maillist: [0.31,0.36,0.3,0.25]
warning: dubious mut time results for maillist: [0.29,0.33,0.28,0.23]
warning: dubious run time results for maillist: [0.16000001,0.22,0.24,0.24]
warning: dubious mut time results for maillist: [0.15,0.2,0.22,0.22]
warning: dubious run time results for maillist: [0.16000001,0.22,0.24,0.24]
warning: dubious mut time results for maillist: [0.15,0.2,0.22,0.22]
warning: dubious run time results for maillist: [0.21,0.32000002,0.16000001,0.29000002]
warning: dubious mut time results for maillist: [0.19,0.3,0.15,0.27]
warning: dubious run time results for maillist: [0.21,0.32000002,0.16000001,0.29000002]
warning: dubious mut time results for maillist: [0.19,0.3,0.15,0.27]
warning: dubious run time results for maillist: [0.28,0.17,0.24,0.22]
warning: dubious mut time results for maillist: [0.26,0.16,0.22,0.2]
warning: dubious run time results for maillist: [0.28,0.17,0.24,0.22]
warning: dubious mut time results for maillist: [0.26,0.16,0.22,0.2]
warning: dubious mut time results for maillist: [0.3,0.21,0.21,0.21]
warning: dubious mut time results for maillist: [0.3,0.21,0.21,0.21]
warning: dubious run time results for maillist: [0.34,0.22999999,0.2,0.22]
warning: dubious mut time results for maillist: [0.32,0.21,0.18,0.2]
warning: dubious run time results for maillist: [0.34,0.22999999,0.2,0.22]
warning: dubious mut time results for maillist: [0.32,0.21,0.18,0.2]
warning: dubious run time results for maillist: [0.3,0.19,0.25,0.22999999]
warning: dubious mut time results for maillist: [0.27,0.17,0.23,0.21]
warning: dubious run time results for maillist: [0.3,0.19,0.25,0.22999999]
warning: dubious mut time results for maillist: [0.27,0.17,0.23,0.21]
warning: dubious run time results for maillist: [0.2,0.34,0.25,0.27]
warning: dubious mut time results for maillist: [0.18,0.32,0.23,0.25]
warning: dubious run time results for maillist: [0.2,0.34,0.25,0.27]
warning: dubious mut time results for maillist: [0.18,0.32,0.23,0.25]
warning: dubious run time results for maillist: [0.22,0.21,0.34,0.36]
warning: dubious mut time results for maillist: [0.2,0.19,0.31,0.33]
warning: dubious run time results for maillist: [0.22,0.21,0.34,0.36]
warning: dubious mut time results for maillist: [0.2,0.19,0.31,0.33]
warning: dubious run time results for maillist: [0.22,0.22999999,0.27,0.36]
warning: dubious mut time results for maillist: [0.2,0.21,0.25,0.33]
warning: dubious run time results for maillist: [0.22,0.22999999,0.27,0.36]
warning: dubious mut time results for maillist: [0.2,0.21,0.25,0.33]
warning: dubious run time results for maillist: [0.22999999,0.21,0.21,0.38000003]
warning: dubious mut time results for maillist: [0.21,0.19,0.19,0.36]
warning: dubious run time results for maillist: [0.22999999,0.21,0.21,0.38000003]
warning: dubious mut time results for maillist: [0.21,0.19,0.19,0.36]
warning: dubious run time results for maillist: [0.24,0.35,0.24,0.22]
warning: dubious mut time results for maillist: [0.22,0.32,0.22,0.2]
warning: dubious run time results for maillist: [0.24,0.35,0.24,0.22]
warning: dubious mut time results for maillist: [0.22,0.32,0.22,0.2]
warning: dubious run time results for maillist: [0.19,0.21,0.31,0.65999997]
warning: dubious mut time results for maillist: [0.17,0.19,0.29,0.64]
warning: dubious run time results for maillist: [0.19,0.21,0.31,0.65999997]
warning: dubious mut time results for maillist: [0.17,0.19,0.29,0.64]
Optimizing /h/ywang30/nofib/real/maillist
>>>>>>>>>>>>>>>START OPTIMIZATION>>>>>>>>>>>>>>>
pop: 13
gens: 15
arch: 7
limit is: 0.302
runproj limit: 0.302
Basetime is: 0.367
runproj limit: 0.302
010000000000000000001000000000000000000000001000000 0.292
runproj limit: 0.302
001000000010000000010000000000110000000000000000000 0.27
runproj limit: 0.302
000000000001000000100000100110100000000000001100000 0.352
runproj limit: 0.302
000000000001000000100000101000000000101001000000000 0.51
runproj limit: 0.302
000000000000000000000000010001100000000010010000011 0.395
runproj limit: 0.302
001000001001000000000001000010000000000000000000100 0.482
runproj limit: 0.302
100000000000000000000000001100010101000010000001000 0.275
runproj limit: 0.302
010000000000110000000010000000000000000000000010000 0.318
runproj limit: 0.302
000010000000000000000010000010000000000000000000010 0.305
runproj limit: 0.302
001000000000000000000000100000000011000010000000000 0.372
runproj limit: 0.302
000001000000000010000000000000000000101000000000000 0.665
runproj limit: 0.302
000010000000100000000001000000010000000000100000000 0.59
runproj limit: 0.302
000000000000000000000000000010000000000000000100000 0.248
best: 0.6757493188010899
runproj limit: 0.302
000000000000000000100000000011100000000010001100010 1.422
runproj limit: 0.302
001000000010000000000000000000010000000000000000000 0.302
runproj limit: 0.302
011000000000000000000000100000000010000010000000000 0.59
runproj limit: 0.302
000000000000000000000000000010000000000000000000010 0.248
runproj limit: 0.302
101000000000000000010000001100010001000010000000000 0.8
runproj limit: 0.302
100000000000000000000000000110010101000000000001000 0.252
runproj limit: 0.302
001000000000000000000000000000110000000000000000000 2.268
runproj limit: 0.302
100000000000000000000010000100000101000010000001010 0.252
runproj limit: 0.302
001000000011110010010001100000010000001000000100010 1.462
runproj limit: 0.302
000001000000100101100110010001110111100010000101001 0.248
runproj limit: 0.302
000011001100011001111000010100000001001000001100000 0.305
runproj limit: 0.302
011001000001100001010011000100001000000000000000010 0.237
runproj limit: 0.302
011001010011000001100000100010100010001000001001111 0.235
runproj limit: 0.302
000000000000000000000000000010000000000000000100000 0.24
runproj limit: 0.302
001000000010000000010000000000110000000000000000000 0.227
runproj limit: 0.302
100000000000000000000000001100010101000010000001000 0.24
runproj limit: 0.302
010000000000000000001000000000000000000000001000000 0.232
runproj limit: 0.302
000010000000000000000010000010000000000000000000010 0.222
runproj limit: 0.302
010000000000110000000010000000000000000000000010000 0.265
runproj limit: 0.302
000000000001000000100000100110100000000000001100000 0.318
best: 0.6049046321525886
runproj limit: 0.302
011001000011100000110001100000110000001000001001010 0.22
runproj limit: 0.302
010000000001000000100000100010100000001000001000110 0.232
runproj limit: 0.302
010000000000000000001000000010000101000000000001000 0.222
runproj limit: 0.302
001000000010000000010000000000110000000000000000000 0.23
runproj limit: 0.302
100000000000000000000000000100000001000010000101000 0.232
runproj limit: 0.302
010000010011000001001000100010100000000000001001110 0.232
runproj limit: 0.302
001001000000010001111000010100100000001000001000000 0.227
runproj limit: 0.302
001001000000100001010011010101110000100000000100011 0.222
runproj limit: 0.302
010000000000001000011100010000100000000100110001100 0.235
runproj limit: 0.302
011101010010000000101000100110110010000000001111111 0.235
runproj limit: 0.302
111101000000111101011011000101101000001100010010000 0.227
runproj limit: 0.302
010101000100010111011011100100001111101000010100000 0.22
runproj limit: 0.302
000101000000010110000110010001100110110001010100000 0.23
runproj limit: 0.302
000010000000000000000010000010000000000000000000010 0.215
runproj limit: 0.302
001000000010000000010000000000110000000000000000000 0.218
runproj limit: 0.302
010000000000000000001000000000000000000000001000000 0.215
runproj limit: 0.302
011001010011000001100000100010100010001000001001111 0.238
runproj limit: 0.302
011001000001100001010011000100001000000000000000010 0.215
runproj limit: 0.302
000000000000000000000000000010000000000000000100000 0.215
runproj limit: 0.302
100000000000000000000000001100010101000010000001000 0.22
best: 0.5858310626702997
runproj limit: 0.302
001001000010100000110000100000110000001000001000010 0.245
runproj limit: 0.302
100000000010000000010000000100010000000000000001000 0.205
runproj limit: 0.302
001000000010000000010000000000000000000000000000000 0.22
runproj limit: 0.302
000010000000000000000010000010000100000000000000010 0.222
runproj limit: 0.302
001001000010010000111000010110110000000000001000101 0.227
runproj limit: 0.302
000000000000000000010000000100010100000010000001000 0.217
runproj limit: 0.302
011000000000000000101000000100000000000000001000000 0.21
runproj limit: 0.302
011000000010100001010000000100011000000000000000010 0.23
runproj limit: 0.302
011001000001100001010011001100000000000001000000010 0.25
runproj limit: 0.302
001011000011000000110101100110110010000010011001010 0.23
runproj limit: 0.302
001000000100010111001000000010000101100000010001100 0.217
runproj limit: 0.302
100100010000000100000110010100000101100110000101000 0.202
runproj limit: 0.302
010001000000000010011010110111111010101000010100000 0.217
runproj limit: 0.302
000010000000000000000010000010000000000000000000010 0.23
runproj limit: 0.302
010000000000000000001000000000000000000000001000000 0.205
runproj limit: 0.302
011001000001100001010011000100001000000000000000010 0.22
runproj limit: 0.302
000000000000000000000000000010000000000000000100000 0.217
runproj limit: 0.302
001000000010000000010000000000110000000000000000000 0.217
runproj limit: 0.302
011001000011100000110001100000110000001000001001010 0.21
runproj limit: 0.302
010101000100010111011011100100001111101000010100000 0.24
best: 0.5504087193460491
runproj limit: 0.302
001000000010000000111000010100110000000000000001001 0.222
runproj limit: 0.302
010101000100000001001000100100000010100000001000000 0.23
runproj limit: 0.302
001001000001100000110011100110011010000000010000010 0.248
runproj limit: 0.302
010000000000000000000000000100000000000000001000000 0.222
runproj limit: 0.302
001000000000010000111000010110000000000000001000001 0.232
runproj limit: 0.302
010001000010100000100000100000110000001000001001010 0.22
runproj limit: 0.302
110000000000000000001100000100000100100100000000000 0.222
runproj limit: 0.302
100000000000000000000000000110010000000000000101000 0.242
runproj limit: 0.302
001010100010011000110110010010101110000010000000010 0.265
runproj limit: 0.302
000100000100000100101100000100000000100000001100110 0.255
runproj limit: 0.302
010010010000000000000011010000000000000000001000000 0.218
runproj limit: 0.302
101000010001000010011000100010000000000100000000011 0.24
runproj limit: 0.302
011011000011000001111011101110111010100110111001011 0.282
runproj limit: 0.302
100100010000000100000110010100000101100110000101000 0.225
runproj limit: 0.302
100000000010000000010000000100010000000000000001000 0.25
runproj limit: 0.302
010000000000000000001000000000000000000000001000000 0.27
runproj limit: 0.302
011000000000000000101000000100000000000000001000000 0.227
runproj limit: 0.302
011001000011100000110001100000110000001000001001010 0.222
runproj limit: 0.302
000000000000000000010000000100010100000010000001000 0.21
runproj limit: 0.302
001000000100010111001000000010000101100000010001100 0.258
best: 0.5722070844686649
runproj limit: 0.302
000000000010000000110000000100000000000000001001000 0.212
runproj limit: 0.302
011001000000000001001000100100000010100000001000000 0.262
runproj limit: 0.302
001000000010000000110001100000010000000000000001010 0.218
runproj limit: 0.302
011001000010100000100000100000110000001000001001010 0.21
runproj limit: 0.302
010001000010100000100000100000110000001000001001010 0.21
runproj limit: 0.302
010000000010100000000000100000010000001000001001000 0.342
runproj warning: dubious run time results for maillist: [0.2,0.24,0.41,0.3]
warning: dubious mut time results for maillist: [0.18,0.22,0.38,0.28]
warning: dubious run time results for maillist: [0.2,0.24,0.41,0.3]
warning: dubious mut time results for maillist: [0.18,0.22,0.38,0.28]
warning: dubious mut time results for maillist: [0.2,0.27,0.21,0.19]
warning: dubious mut time results for maillist: [0.2,0.27,0.21,0.19]
warning: dubious run time results for maillist: [0.29000002,0.2,0.21,0.19]
warning: dubious mut time results for maillist: [0.27,0.18,0.19,0.17]
warning: dubious run time results for maillist: [0.29000002,0.2,0.21,0.19]
warning: dubious mut time results for maillist: [0.27,0.18,0.19,0.17]
warning: dubious run time results for maillist: [0.2,0.2,0.27,0.31]
warning: dubious mut time results for maillist: [0.18,0.18,0.25,0.28]
warning: dubious run time results for maillist: [0.2,0.2,0.27,0.31]
warning: dubious mut time results for maillist: [0.18,0.18,0.25,0.28]
warning: dubious run time results for maillist: [0.31,0.3,0.27,0.17999999]
warning: dubious mut time results for maillist: [0.28,0.27,0.25,0.16]
warning: dubious run time results for maillist: [0.31,0.3,0.27,0.17999999]
warning: dubious mut time results for maillist: [0.28,0.27,0.25,0.16]
warning: dubious run time results for maillist: [0.16000001,0.17,0.22999999,0.19]
warning: dubious run time results for maillist: [0.16000001,0.17,0.22999999,0.19]
warning: dubious mut time results for maillist: [0.2,0.16,0.18,0.23]
warning: dubious mut time results for maillist: [0.2,0.16,0.18,0.23]
warning: dubious run time results for maillist: [0.19,0.38,0.26,0.19]
warning: dubious mut time results for maillist: [0.17,0.35,0.23,0.17]
warning: dubious run time results for maillist: [0.19,0.38,0.26,0.19]
warning: dubious mut time results for maillist: [0.17,0.35,0.23,0.17]
warning: dubious run time results for maillist: [0.2,0.17,0.33,0.2]
warning: dubious mut time results for maillist: [0.18,0.15,0.31,0.18]
warning: dubious run time results for maillist: [0.2,0.17,0.33,0.2]
warning: dubious mut time results for maillist: [0.18,0.15,0.31,0.18]
warning: dubious run time results for maillist: [0.21,0.33,0.22999999,0.34]
warning: dubious mut time results for maillist: [0.19,0.31,0.21,0.31]
warning: dubious run time results for maillist: [0.21,0.33,0.22999999,0.34]
warning: dubious mut time results for maillist: [0.19,0.31,0.21,0.31]
warning: dubious run time results for maillist: [0.35000002,0.21,0.2,0.29000002]
warning: dubious mut time results for maillist: [0.33,0.19,0.18,0.27]
warning: dubious run time results for maillist: [0.35000002,0.21,0.2,0.29000002]
warning: dubious mut time results for maillist: [0.33,0.19,0.18,0.27]
warning: dubious run time results for maillist: [0.22,0.21,0.21,0.3]
warning: dubious mut time results for maillist: [0.2,0.19,0.19,0.28]
warning: dubious run time results for maillist: [0.22,0.21,0.21,0.3]
warning: dubious mut time results for maillist: [0.2,0.19,0.19,0.28]
warning: dubious run time results for maillist: [0.22999999,0.22,0.22,0.4]
warning: dubious mut time results for maillist: [0.21,0.2,0.2,0.36]
warning: dubious run time results for maillist: [0.22999999,0.22,0.22,0.4]
warning: dubious mut time results for maillist: [0.21,0.2,0.2,0.36]
warning: dubious run time results for maillist: [0.17,0.33,0.21,0.22999999]
warning: dubious mut time results for maillist: [0.15,0.31,0.19,0.21]
warning: dubious run time results for maillist: [0.17,0.33,0.21,0.22999999]
warning: dubious mut time results for maillist: [0.15,0.31,0.19,0.21]
warning: dubious run time results for maillist: [0.15,0.14,0.51,0.21]
warning: dubious mut time results for maillist: [0.14,0.13,0.5,0.19]
warning: dubious run time results for maillist: [0.15,0.14,0.51,0.21]
warning: dubious mut time results for maillist: [0.14,0.13,0.5,0.19]
warning: dubious run time results for maillist: [0.31,0.19,0.22999999,0.22]
warning: dubious mut time results for maillist: [0.28,0.17,0.21,0.2]
warning: dubious run time results for maillist: [0.31,0.19,0.22999999,0.22]
warning: dubious mut time results for maillist: [0.28,0.17,0.21,0.2]
limit: 0.302
101000000010000000111000010100110000000100000000000 0.232
runproj limit: 0.302
010000010010100000010000100000110000000100001001010 0.288
runproj limit: 0.302
001000000000100000000100100100000100000010000011010 0.238
runproj limit: 0.302
000101010001000010010000100000110000100110011000011 0.222
runproj limit: 0.302
100000001010010010100000000010111001011001001100010 0.205
runproj limit: 0.302
101100011001100110011000100110101011000100000100011 0.225
runproj limit: 0.302
000001000000101101010100000110101000001010001000010 0.245
runproj limit: 0.302
000000000000000000010000000100010100000010000001000 0.21
runproj limit: 0.302
010010010000000000000011010000000000000000001000000 0.265
runproj limit: 0.302
010001000010100000100000100000110000001000001001010 0.188
runproj limit: 0.302
001000000010000000111000010100110000000000000001001 0.21
runproj limit: 0.302
010000000000000000000000000100000000000000001000000 0.255
runproj limit: 0.302
110000000000000000001100000100000100100100000000000 0.225
runproj limit: 0.302
011001000011100000110001100000110000001000001001010 0.2
best: 0.5122615803814714
runproj limit: 0.302
001000001010010010100000000110111000011000001100011 0.278
runproj limit: 0.302
001000000010100001111100000100100000000010001001011 0.262
runproj limit: 0.302
100000000010000010100000100000111001001000001000010 0.235
runproj limit: 0.302
011001000011100000110001100000110000001000001001010 0.267
runproj limit: 0.302
010001000010100000100000100000110000001000001001010 0.235
runproj limit: 0.302
110000000000000000101100100000110000100000000000000 0.267
runproj limit: 0.302
001001000011100000010001000000110000001000000001010 0.252
runproj limit: 0.302
010001010000000000100001010000010000001000001001000 0.238
runproj limit: 0.302
001100000010011010101000111100110010011101111000010 0.212
runproj limit: 0.302
001010111011010001000000101000110010101001010111000 0.232
runproj limit: 0.302
001110000000100001000101100110000100000110001111110 0.23
runproj limit: 0.302
111011000100100000101000010010111100001000110001110 0.22
runproj limit: 0.302
000001000010111101010001011010101001101000000010011 0.22
runproj limit: 0.302
010001000010100000100000100000110000001000001001010 0.208
runproj limit: 0.302
011001000011100000110001100000110000001000001001010 0.205
runproj limit: 0.302
100000001010010010100000000010111001011001001100010 0.212
runproj limit: 0.302
011001000010100000100000100000110000001000001001010 0.205
runproj limit: 0.302
000000000000000000010000000100010100000010000001000 0.2
runproj limit: 0.302
001000000010000000111000010100110000000000000001001 0.195
runproj limit: 0.302
000000000010000000110000000100000000000000001001000 0.198
best: 0.5313351498637603
runproj limit: 0.302
000001000010000000100000100000110100001000001001010 0.218
runproj limit: 0.302
101011000010101001010000010010111101101000110000010 0.217
runproj limit: 0.302
011000000010000000101000010100110000000000000001000 0.202
runproj limit: 0.302
001010101010000000101000111000110000101000010101001 0.205
runproj limit: 0.302
011001000010000000110001010000110000001000001001010 0.208
runproj limit: 0.302
111011000100100000101000010010111100001000110001110 0.202
runproj limit: 0.302
001011101011100001010000100000110000001000001011000 0.2
runproj limit: 0.302
000010000000000001100001100000110101000110001101110 0.212
runproj limit: 0.302
001101000001100001000001111110000010000000001111110 0.207
runproj limit: 0.302
111000000000000001001000101100010100001011000011000 0.205
runproj limit: 0.302
110000011010100000100000101100110101011111100101101 0.208
runproj limit: 0.302
010001110011110000010011101110110000011000000111010 0.205
runproj limit: 0.302
101100000110011100101000110101010010011100111110010 0.222
runproj limit: 0.302
001000000010000000111000010100110000000000000001001 0.218
runproj limit: 0.302
000000000010000000110000000100000000000000001001000 0.22
runproj limit: 0.302
000000000000000000010000000100010100000010000001000 0.225
runproj limit: 0.302
011001000011100000110001100000110000001000001001010 0.22
runproj limit: 0.302
011001000010100000100000100000110000001000001001010 0.225
runproj limit: 0.302
010001000010100000100000100000110000001000001001010 0.225
runproj limit: 0.302
001100000010011010101000111100110010011101111000010 0.212
best: 0.5449591280653951
runproj limit: 0.302
011001000010100000100001100000110000001000001001010 0.208
runproj limit: 0.302
010001110010000000010001100110110000011000000001010 0.222
runproj limit: 0.302
011001110011100000010011100000110000011000001101010 0.222
runproj limit: 0.302
101010100010101000100000110000111000101000110001011 0.22
runproj limit: 0.302
010001110011110000000000101100110000001000001111010 0.218
runproj limit: 0.302
001001000010001100100000110001110000001000111010010 0.205
runproj limit: 0.302
111000010010100001000000101110110100001010001101110 0.21
runproj limit: 0.302
001001111011110001010000100100110000001000000011010 0.212
runproj limit: 0.302
011001010100010100101100110000111100000000110110110 0.205
runproj limit: 0.302
111000100000011001001000100111110100001001010110000 0.2
runproj limit: 0.302
011100001011000000101000010011100000000001000001100 0.225
runproj limit: 0.302
101011101001000001000001000101100110000000111011010 0.222
runproj limit: 0.302
001100000010111111001000100010111011110100110001011 0.227
runproj limit: 0.302
001011101011100001010000100000110000001000001011000 0.23
runproj limit: 0.302
011000000010000000101000010100110000000000000001000 0.22
runproj limit: 0.302
111011000100100000101000010010111100001000110001110 0.232
runproj limit: 0.302
001010101010000000101000111000110000101000010101001 0.235
runproj limit: 0.302
111000000000000001001000101100010100001011000011000 0.242
runproj limit: 0.302
010001110011110000010011101110110000011000000111010 0.23
runproj limit: 0.302
001101000001100001000001111110000010000000001111110 0.217
best: 0.5449591280653951
runproj limit: 0.302
011001110011110001010001100100110000001000000001010 0.24
runproj limit: 0.302
001001110001100001000001101100100010000000001111110 0.227
runproj limit: 0.302
011001000010100000100001100000110000001000001001010 0.222
runproj limit: 0.302
111001110011110001000001000111100010010000100011010 0.2
runproj limit: 0.302
011001000100000000101000110000111100000000110000110 0.222
runproj limit: 0.302
011000000010100000101000000000110000001000001001010 0.215
runproj limit: 0.302
001001100010110000000001100000110000001000001011010 0.215
runproj limit: 0.302
101001101001110001000001000101100010001000101011010 0.225
runproj limit: 0.302
111101000001101001100111111010010100000010110100011 0.21
runproj limit: 0.302
110001100000010011111010100011110000101001010110001 0.205
runproj limit: 0.302
000001111010110011000100111001100000001010010001011 0.225
runproj limit: 0.302
010111111101010010010000000100001101000001001011010 0.2
runproj limit: 0.302
101010000100011100001000110111100001101001111110001 0.197
runproj limit: 0.302
111000100000011001001000100111110100001001010110000 0.202
runproj limit: 0.302
001001000010001100100000110001110000001000111010010 0.188
runproj limit: 0.302
011001010100010100101100110000111100000000110110110 0.192
runproj limit: 0.302
011001000010100000100001100000110000001000001001010 0.197
runproj limit: 0.302
111000010010100001000000101110110100001010001101110 0.192
runproj limit: 0.302
001001111011110001010000100100110000001000000011010 0.2
runproj limit: 0.302
001101000001100001000001111110000010000000001111110 0.208
best: 0.5122615803814714
runproj limit: 0.302
011001101111110000010000000100100101001000001011010 0.218
runproj limit: 0.302
001000000110001000000001110101100000101001101100010 0.207
runproj limit: 0.302
011001000110001100100000110001111100001000111010010 0.21
runproj limit: 0.302
001000110011111001011000100100110000001000010010000 0.205
runproj limit: 0.302
110001000001110011100011111011000000000000010111101 0.202
runproj limit: 0.302
111000100000111001001000100110110100001001000111010 0.2
runproj limit: 0.302
111001100010110000000001100001110000011000101011010 0.218
runproj limit: 0.302
001001000010101101000000110100100000000000001010110 0.2
runproj limit: 0.302
000001000111001101101100110100010010001100010010010 0.205
runproj limit: 0.302
100001011000100000100100110001110000110001100010000 0.198
runproj limit: 0.302
100011000100001000101000100100010101110000110100011 0.2
runproj limit: 0.302
010001010100011001111000010001011101000000100010100 0.202
runproj limit: 0.302
101001000011011010110000110101010000101001111110111 0.215
runproj limit: 0.302
001001000010001100100000110001110000001000111010010 0.208
runproj limit: 0.302
011001010100010100101100110000111100000000110110110 0.215
runproj limit: 0.302
111000010010100001000000101110110100001010001101110 0.212
runproj limit: 0.302
101010000100011100001000110111100001101001111110001 0.202
runproj limit: 0.302
011001000010100000100001100000110000001000001001010 0.21
runproj limit: 0.302
111001110011110001000001000111100010010000100011010 0.208
runproj limit: 0.302
010111111101010010010000000100001101000001001011010 0.202
best: 0.5395095367847412
runproj limit: 0.302
010101110101010010111100000100101100000000101111110 0.21
runproj limit: 0.302
101001000000011000110000100101010100101000110110011 0.21
runproj limit: 0.302
001001000010101101100001110000010010001100000010010 0.208
runproj limit: 0.302
010001010100011001111000010001011101000000100010100 0.21
runproj limit: 0.302
110111010001110010100000111001001000000001001011001 0.205
runproj limit: 0.302
110011100100010001101001100100110001010000100111010 0.202
runproj limit: 0.302
000011000010100000101000100000010101111000000100011 0.197
runproj limit: 0.302
001000100110001000010001110100100000001000111110000 0.185
runproj limit: 0.302
001001000110000011100000110101110010100110110011110 0.21
runproj limit: 0.302
111010000011110000110001100101010000110001110101110 0.19
runproj limit: 0.302
111001101110001101000011110111101100100011000010100 0.173
runproj limit: 0.302
100000001100101101001111111000000111111101100011010 0.185
runproj limit: 0.302
100011100100101011100000111010100101010010110100010 0.195
runproj limit: 0.302
100001011000100000100100110001110000110001100010000 0.17
runproj limit: 0.302
111000100000111001001000100110110100001001000111010 0.19
runproj limit: 0.302
001001000010101101000000110100100000000000001010110 0.172
runproj limit: 0.302
100011000100001000101000100100010101110000110100011 0.172
runproj limit: 0.302
110001000001110011100011111011000000000000010111101 0.172
runproj limit: 0.302
010001010100011001111000010001011101000000100010100 0.18
runproj limit: 0.302
101010000100011100001000110111100001101001111110001 0.18
best: 0.4632152588555859
runproj limit: 0.302
110110010001110001100000100001010000000001000011011 0.18
runproj limit: 0.302
100000001100101101001111111000000111111101100011010 0.188
runproj limit: 0.302
100010100100101111001000111010000111110111110111010 0.202
runproj limit: 0.302
110001100000101000101000100110110100000000100101011 0.19
runproj limit: 0.302
010101010001110010110011100001100000000000011111110 0.19
runproj limit: 0.302
101001100010001101000001110110101100000011001010100 0.188
runproj limit: 0.302
100011000000101001101000110000000101111001100110010 0.178
runproj limit: 0.302
100000011000110100000100110111110001101001100010000 0.188
runproj limit: 0.302
011111101101110010110011111011000001000001000011100 0.192
runproj limit: 0.302
001101001001101101100001110000111110101100000100110 0.188
runproj limit: 0.302
010101110100111000111000010001001111100000000010101 0.197
runproj limit: 0.302
001001100111000101001010100100110000010001000110010 0.185
runproj limit: 0.302
111010000010101010010001010101110000110101110001000 0.167
runproj limit: 0.302
100001011000100000100100110001110000110001100010000 0.185
runproj limit: 0.302
001001000010101101000000110100100000000000001010110 0.155
runproj limit: 0.302
100011000100001000101000100100010101110000110100011 0.163
runproj limit: 0.302
110001000001110011100011111011000000000000010111101 0.172
runproj limit: 0.302
111001101110001101000011110111101100100011000010100 0.135
runproj limit: 0.302
010001010100011001111000010001011101000000100010100 0.162
runproj limit: 0.302
101010000100011100001000110111100001101001111110001 0.17
best: 0.36784741144414174
runproj limit: 0.302
110001010000110011110001111001001100000000000111101 0.172
runproj limit: 0.302
000001000000101001101000110000000100010000001110010 0.175
runproj limit: 0.302
100001000100110101000011111010000011101000010111010 0.182
runproj limit: 0.302
110001000000011001101000010000001101111000100110110 0.172
runproj limit: 0.302
111000000011101011000011010101000000000100010101001 0.16
runproj limit: 0.302
001000001100101101100011110000000110111100000110110 0.18
runproj limit: 0.302
100011000110001001100000100110100101100000001010111 0.182
runproj limit: 0.302
010001010101010010111010000001000000000000110011100 0.18
runproj limit: 0.302
111010100010000111100111010010110100000011001000110 0.162
runproj limit: 0.302
001011100111000111000010100100110000010001100110010 0.18
runproj limit: 0.302
010000010100100001011011011010000101000000100000101 0.155
runproj limit: 0.302
111001000101010001101001110101001101011110010010100 0.142
runproj limit: 0.302
101000000100100101000110010010100010100011111010010 0.173
runproj limit: 0.302
111001101110001101000011110111101100100011000010100 0.182
runproj limit: 0.302
001001000010101101000000110100100000000000001010110 0.175
runproj limit: 0.302
010001010100011001111000010001011101000000100010100 0.182
runproj limit: 0.302
100011000100001000101000100100010101110000110100011 0.175
runproj limit: 0.302
111010000010101010010001010101110000110101110001000 0.148
runproj limit: 0.302
101010000100011100001000110111100001101001111110001 0.16
runproj limit: 0.302
110001000001110011100011111011000000000000010111101 0.155
best: 0.3869209809264305
runproj limit: 0.302
101010000100010101101000110101001001011010111010001 0.163
runproj limit: 0.302
001000010100100001001011111010000111110000100010110 0.163
runproj limit: 0.302
100001001110110101000011110110001111100001010011100 0.162
runproj limit: 0.302
000001100101011111001000010100100001111000100110110 0.16
runproj limit: 0.302
110000000011100011000011011111000000000100010111101 0.142
runproj limit: 0.302
111001101110101001011011011011101101000010100010100 0.168
runproj limit: 0.302
111001000101010001101001110101001101011110010010100 0.18
runproj limit: 0.302
101000001000101001010001110100010100111101000000100 0.2
runproj limit: 0.302
110101000011101011000111111100000000000110100101000 0.165
runproj limit: 0.302
000011100000111001101000111100010100100000110111111 0.175
runproj limit: 0.302
110010001011101011001011000001000000101000000101000 0.182
runproj limit: 0.302
101010000101101000000000110111010000100110110100011 0.16
runproj limit: 0.302
110101100010110111100000100100000110010101011110010 0.155
runproj limit: 0.302
111001000101010001101001110101001101011110010010100 0.172
runproj limit: 0.302
111010000010101010010001010101110000110101110001000 0.165
runproj limit: 0.302
010000010100100001011011011010000101000000100000101 0.155
runproj limit: 0.302
110001000001110011100011111011000000000000010111101 0.155
runproj limit: 0.302
111000000011101011000011010101000000000100010101001 0.163
runproj limit: 0.302
101010000100011100001000110111100001101001111110001 0.173
runproj limit: 0.302
111010100010000111100111010010110100000011001000110 0.158
best: 0.3869209809264305
done evolving!
"all is well:)"
>>>>>>>>>>>>>>FINISH OPTIMIZATION>>>>>>>>>>>>>>>
499.47user 560.25system 48:58.85elapsed 36%CPU (0avgtext+0avgdata 129548maxresident)k
1092064inputs+29932928outputs (834major+70138817minor)pagefaults 0swaps
Optimizing /h/ywang30/nofib/real/maillist
>>>>>>>>>>>>>>>START OPTIMIZATION>>>>>>>>>>>>>>>
pop: 13
gens: 15
arch: 7
limit is: 0.265
runproj limit: 0.265
Basetime is: 0.252
runproj limit: 0.265
010000000000000000001000000000000000000000001000000 0.265
runproj limit: 0.265
001000000010000000010000000000110000000000000000000 0.255
runproj limit: 0.265
000000000001000000100000100110100000000000001100000 0.25
runproj limit: 0.265
000000000001000000100000101000000000101001000000000 0.268
runproj limit: 0.265
000000000000000000000000010001100000000010010000011 0.252
runproj limit: 0.265
001000001001000000000001000010000000000000000000100 0.25
runproj limit: 0.265
100000000000000000000000001100010101000010000001000 0.248
runproj limit: 0.265
010000000000110000000010000000000000000000000010000 0.25
runproj limit: 0.265
000010000000000000000010000010000000000000000000010 0.25
runproj limit: 0.265
001000000000000000000000100000000011000010000000000 0.248
runproj limit: 0.265
000001000000000010000000000000000000101000000000000 0.245
runproj limit: 0.265
000010000000100000000001000000010000000000100000000 0.245
runproj limit: 0.265
000000000000000000000000000010000000000000000100000 0.24
best: 0.9523809523809523
runproj limit: 0.265
000001000000000000000000000001000000100010000000010 0.248
runproj limit: 0.265
000010000001000000000000100110010000000000101100000 0.24
runproj limit: 0.265
001000000000000000000000100010000010000010000000100 0.24
runproj limit: 0.265
000000000000000000000000000010000000000000000000010 0.235
runproj limit: 0.265
100000000000000000000000001100010101000010000001000 0.25
runproj limit: 0.265
100000000000000000000000000110010101000000000001000 0.245
runproj limit: 0.265
010000000000000010000000000000000000101000000000000 0.245
runproj limit: 0.265
100000000000000000000010000100000101000010000001010 0.242
runproj limit: 0.265
000000000000110010100001000110000000001000001000010 0.245
runproj limit: 0.265
000011000000000101100111000000000111100000110101010 0.24
runproj limit: 0.265
010011001100011001110000000101100001001010010100011 0.237
runproj limit: 0.265
011001000001100001010011000100001000000000000000010 0.245
runproj limit: 0.265
011000010010000011000000000100000010100000000101111 0.248
runproj limit: 0.265
000000000000000000000000000010000000000000000100000 0.25
runproj limit: 0.265
000001000000000010000000000000000000101000000000000 0.242
runproj limit: 0.265
000010000000100000000001000000010000000000100000000 0.238
runproj limit: 0.265
100000000000000000000000001100010101000010000001000 0.255
runproj limit: 0.265
001000000000000000000000100000000011000010000000000 0.25
runproj limit: 0.265
000000000001000000100000100110100000000000001100000 0.242
runproj limit: 0.265
001000001001000000000001000010000000000000000000100 0.235
best: 0.9325396825396824
runproj limit: 0.265
011000000010000010000000000100000000100000000101000 0.222
runproj limit: 0.265
011000000001000000000000000000001010000010000000010 0.222
runproj limit: 0.265
000001001001001001110000000100100001001010000100011 0.238
runproj limit: 0.265
000010001100010001110000100101100001000000100100011 0.235
runproj limit: 0.265
001000000000100000000001000000000000000000000000100 0.225
runproj limit: 0.265
000000000000000000000001000010000000000000000000010 0.235
runproj limit: 0.265
000001000000010011110000000100000000001000010000000 0.23
runproj limit: 0.265
001001000000000001010011000100000000100000000100010 0.225
runproj limit: 0.265
000000000001001000110100110110000000000100110101100 0.225
runproj limit: 0.265
011100010011000010001000000000010010101000000011111 0.22
runproj limit: 0.265
111101000000111101011011000101101000001100010010000 0.218
runproj limit: 0.265
010101000100010111011011100100001111101000010100000 0.222
runproj limit: 0.265
000101000000100100100111010101100110111001011000010 0.225
runproj limit: 0.265
000000000000000000000000000010000000000000000000010 0.225
runproj limit: 0.265
001000001001000000000001000010000000000000000000100 0.225
runproj limit: 0.265
010011001100011001110000000101100001001010010100011 0.215
runproj limit: 0.265
000010000000100000000001000000010000000000100000000 0.222
runproj limit: 0.265
000010000001000000000000100110010000000000101100000 0.21
runproj limit: 0.265
001000000000000000000000100010000010000010000000100 0.218
runproj limit: 0.265
000011000000000101100111000000000111100000110101010 0.225
best: 0.8333333333333333
runproj limit: 0.265
011100000011000010000000000100000010100000000011001 0.21
runproj limit: 0.265
010010000100010101111000100100001011100000100100001 0.222
runproj limit: 0.265
001000001001000000000001100010000010000010000000100 0.222
runproj limit: 0.265
000010000000010000110001000000000000000000100100001 0.208
runproj limit: 0.265
011100000011110110011011000000111000001100010010101 0.222
runproj limit: 0.265
000000000001000101000111000000000100000000010001000 0.212
runproj limit: 0.265
010001001000011001110000100100100001001110110101010 0.212
runproj limit: 0.265
001000000000000000000001000100000000000000000000100 0.21
runproj limit: 0.265
000010000001000000000000101110011000000001101100000 0.21
runproj limit: 0.265
001010000010100010000100000010000010101010010101000 0.212
runproj limit: 0.265
000100010111010101001000000000010010001000010011011 0.232
runproj limit: 0.265
111001010000111001011101011101111000101000010110000 0.2
runproj limit: 0.265
010001000000000010011010110111111010101000010100000 0.215
runproj limit: 0.265
000010000001000000000000100110010000000000101100000 0.21
runproj limit: 0.265
010011001100011001110000000101100001001010010100011 0.208
runproj limit: 0.265
111101000000111101011011000101101000001100010010000 0.215
runproj limit: 0.265
001000000000000000000000100010000010000010000000100 0.222
runproj limit: 0.265
011100010011000010001000000000010010101000000011111 0.218
runproj limit: 0.265
011000000010000010000000000100000000100000000101000 0.215
runproj limit: 0.265
011000000001000000000000000000001010000010000000010 0.218
best: 0.7936507936507937
runproj limit: 0.265
001001000010110001010111000100000010001110010000000 0.202
runproj limit: 0.265
010000000001011000010000100110000001001111110101000 0.21
runproj limit: 0.265
000010000001000000000000100110010000000000101100000 0.215
runproj limit: 0.265
010010001000011000110000000100000001001000110100001 0.222
runproj limit: 0.265
000010000000000000000001101110001000000001000100100 0.222
runproj limit: 0.265
010001001100011001110000100100100001001010110101010 0.218
runproj limit: 0.265
111011000000011001110100001101100001101010010110010 0.215
runproj limit: 0.265
001010000000100010110000000000000010000000110101001 0.218
runproj limit: 0.265
001010100010001000000101010000101010000010100100001 0.212
runproj limit: 0.265
001101001100011101110100100100100001101110110001100 0.21
runproj limit: 0.265
010001011100011001111011010101100001001010010100011 0.21
runproj limit: 0.265
100010010010000010001000001100011000000101101100011 0.21
runproj limit: 0.265
001100000011000011001110001100001010000100100011000 0.22
runproj limit: 0.265
111001010000111001011101011101111000101000010110000 0.215
runproj limit: 0.265
000010000000010000110001000000000000000000100100001 0.222
runproj limit: 0.265
010011001100011001110000000101100001001010010100011 0.23
runproj limit: 0.265
011100000011000010000000000100000010100000000011001 0.215
runproj limit: 0.265
001000000000000000000001000100000000000000000000100 0.2
runproj limit: 0.265
000010000001000000000000101110011000000001101100000 0.202
runproj limit: 0.265
000010000001000000000000100110010000000000101100000 0.205
best: 0.7936507936507937
runproj limit: 0.265
101111000000010010010000001100010000001100101001110 0.208
runproj limit: 0.265
011100000011000010000000100110000001001101010111001 0.2
runproj limit: 0.265
001101000000000100000101000100100000101100010000100 0.197
runproj limit: 0.265
001000000000000000000001000100000000000000000000100 0.21
runproj limit: 0.265
001001001100000001010000100100000001001010100100010 0.198
runproj limit: 0.265
011010001100010010110000100100000001001010110101001 0.197
runproj lwarning: dubious run time results for maillist: [0.17,0.22,0.24,0.22999999]
warning: dubious run time results for maillist: [0.17,0.22,0.24,0.22999999]
imit: 0.265
101001000010111001010111001100000010001010010010010 0.2
runproj limit: 0.265
000010010001000000000000100110010000000101101100010 0.195
runproj limit: 0.265
001010000001100000010100001110001000000001101110010 0.202
runproj limit: 0.265
101111000001000000001000100100100000100010110100000 0.21
runproj limit: 0.265
111011101010111010000101110010100011010011100001001 0.218
runproj limit: 0.265
100110011010100110001000001000110011000101101000011 0.2
runproj limit: 0.265
000011000001101101000100101100100100001001100101010 0.21
runproj limit: 0.265
001000000000000000000001000100000000000000000000100 0.222
runproj limit: 0.265
001001000010110001010111000100000010001110010000000 0.22
runproj limit: 0.265
000010000001000000000000101110011000000001101100000 0.202
runproj limit: 0.265
000010000001000000000000100110010000000000101100000 0.22
runproj limit: 0.265
010000000001011000010000100110000001001111110101000 0.215
runproj limit: 0.265
001101001100011101110100100100100001101110110001100 0.218
runproj limit: 0.265
010001011100011001111011010101100001001010010100011 0.225
best: 0.7738095238095238
runproj limit: 0.265
011010001100000001010000100100000001001010100100011 0.22
runproj limit: 0.265
000011000001101101000100101100100100001001100101010 0.212
runproj limit: 0.265
101001000010100101000101000100100000101000010000110 0.21
runproj limit: 0.265
001010001000010100110100100100100001001010110101000 0.212
runproj limit: 0.265
011000000011000010000000100110000000000101110101001 0.21
runproj limit: 0.265
011101001101001100000100100100000001101101010111100 0.205
runproj limit: 0.265
001011000010110010010111001100010010001110111001100 0.19
runproj limit: 0.265
001001010001000000000000100100000000001110100100010 0.202
runproj limit: 0.265
111010000000101000011000010000010010011001011000110 0.215
runproj limit: 0.265
010010110101110000110000101100000011101011111010000 0.198
runproj limit: 0.265
001100000001100001010101001100001000000101100010110 0.217
runproj limit: 0.265
111110000101000010001000010100001101001101101111101 0.198
runproj limit: 0.265
000010010011010000000101111010010001100111100110011 0.195
runproj limit: 0.265
000010010001000000000000100110010000000101101100010 0.21
runproj limit: 0.265
001101000000000100000101000100100000101100010000100 0.208
runproj limit: 0.265
011010001100010010110000100100000001001010110101001 0.21
runproj limit: 0.265
001001001100000001010000100100000001001010100100010 0.21
runproj limit: 0.265
011100000011000010000000100110000001001101010111001 0.215
runproj limit: 0.265
101001000010111001010111001100000010001010010010010 0.208
runproj limit: 0.265
100110011010100110001000001000110011000101101000011 0.2
best: 0.753968253968254
runproj limit: 0.265
001011001100100000010101101100000001001010100000110 0.21
runproj limit: 0.265
101110010011000000000100110100000101100101101110011 0.21
runproj limit: 0.265
101001000010111000000101001110010001001110100110011 0.202
runproj limit: 0.265
000011100000110000010001101100010010101110111001100 0.208
runproj limit: 0.265
011000010100110001110110001100000011001011011010000 0.2
runproj limit: 0.265
101010000101100010010001000100000011001110111101101 0.22
runproj limit: 0.265
011111100101000000100100100100000001101000010010100 0.218
runproj limit: 0.265
011000010011000010000000100100000000000100110101010 0.217
runproj limit: 0.265
011110001100001100000000111100000111101011010111100 0.21
runproj limit: 0.265
110010001000010101101100001100100001000011110111000 0.218
runproj limit: 0.265
100000001001000000000000101000000101011001001000101 0.215
runproj limit: 0.265
000010111000000100010110101010100001011010111011000 0.22
runproj limit: 0.265
011010000100101110011000011001110010011000011110110 0.215
runproj limit: 0.265
001011000010110010010111001100010010001110111001100 0.212
runproj limit: 0.265
000010010011010000000101111010010001100111100110011 0.215
runproj limit: 0.265
010010110101110000110000101100000011101011111010000 0.215
runproj limit: 0.265
111110000101000010001000010100001101001101101111101 0.22
runproj limit: 0.265
100110011010100110001000001000110011000101101000011 0.212
runproj limit: 0.265
001001010001000000000000100100000000001110100100010 0.205
runproj limit: 0.265
011101001101001100000100100100000001101101010111100 0.22
best: 0.7936507936507937
runproj limit: 0.265
001001010100000001100100101100000010001011001010000 0.23
runproj limit: 0.265
000010111000110000010110101010100011011011111011000 0.232
runproj limit: 0.265
001010010110100100001001011000010011001110101110111 0.218
runproj limit: 0.265
101011110001000000010001100100010010101101111101010 0.202
runproj limit: 0.265
001011010001010000010101101000000001101111100110110 0.212
runproj limit: 0.265
011011000100101100010101011101010001001010011010110 0.218
runproj limit: 0.265
001010011111010000000001111000010001100011000111000 0.202
runproj limit: 0.265
100000011001000000000000101100000101011000100000011 0.215
runproj limit: 0.265
100000000011100100000001011000010001101111100001011 0.212
runproj limit: 0.265
100000101001011000000000100011100101011011011101101 0.205
runproj limit: 0.265
101101001011111000000101001001000001001111100110111 0.21
runproj limit: 0.265
111111100111100000110101000001010111100000100010110 0.197
runproj limit: 0.265
101110010011100101100100101010001100001100100111010 0.208
runproj limit: 0.265
011000010100110001110110001100000011001011011010000 0.212
runproj limit: 0.265
101001000010111000000101001110010001001110100110011 0.215
runproj limit: 0.265
001001010001000000000000100100000000001110100100010 0.21
runproj limit: 0.265
000011100000110000010001101100010010101110111001100 0.21
runproj limit: 0.265
001011001100100000010101101100000001001010100000110 0.208
runproj limit: 0.265
101110010011000000000100110100000101100101101110011 0.208
runproj limit: 0.265
011110001100001100000000111100000111101011010111100 0.2
best: 0.7817460317460317
runproj limit: 0.265
011111000110100000110100001000000111101000000010010 0.208
runproj limit: 0.265
011110010000001100000100101110001110001001010111100 0.205
runproj limit: 0.265
101111001100100000100100101100000001001110100011110 0.205
runproj limit: 0.265
101111101100100000110101000001010011100000100000110 0.208
runproj limit: 0.265
101100001011111000000101011001010001101111100111011 0.202
runproj limit: 0.265
001011001100000000000001111000010001100010000101100 0.192
runproj limit: 0.265
001011010001010000010101101000000001101111100110110 0.2
runproj limit: 0.265
111111100011000000010101000001010111100000100110010 0.2
runproj limit: 0.265
101110001100000100100110111000010001101001101100001 0.192
runproj limit: 0.265
101001101001010010110010100111100001111011011101100 0.2
runproj limit: 0.265
100101001010111010010001010100010001001101110100110 0.202
runproj limit: 0.265
001101011111110010000101000000111100100110100010110 0.19
runproj limit: 0.265
110010001101011101000000110011110000111011110101100 0.2
runproj limit: 0.265
111111100111100000110101000001010111100000100010110 0.197
runproj limit: 0.265
011110001100001100000000111100000111101011010111100 0.202
runproj limit: 0.265
101011110001000000010001100100010010101101111101010 0.198
runproj limit: 0.265
001010011111010000000001111000010001100011000111000 0.205
runproj limit: 0.265
100000101001011000000000100011100101011011011101101 0.202
runproj limit: 0.265
101110010011100101100100101010001100001100100111010 0.205
runproj limit: 0.265
001011001100100000010101101100000001001010100000110 0.205
best: 0.753968253968254
runproj limit: 0.265
111111001111010000000101000001010100100010100110110 0.198
runproj limit: 0.265
111110001111001001010001110001110001111011100111110 0.2
runproj limit: 0.265
101001101000110010010011000101100001011011011100100 0.198
runproj limit: 0.265
101001100001010000110011100011100001100001000100110 0.197
runproj limit: 0.265
101010011000010010100110101111000000011011011101100 0.2
runproj limit: 0.265
001110001100000100000011111000010001101010000100100 0.175
runproj limit: 0.265
101101011111110010000001000000110000100111100000110 0.188
runproj limit: 0.265
111111101011000000110101100000010111101000101100011 0.202
runproj limit: 0.265
000011001001000001001101111101110011100110101101100 0.2
runproj limit: 0.265
100011001011111100010001101000000001010110111110100 0.17
runproj limit: 0.265
111011001101001001100000100000000100100010111111110 0.19
runproj limit: 0.265
100011110001001101000101000101110011101101101001000 0.19
runproj limit: 0.265
011111100010010110000101000101110111000001100010111 0.195
runproj limit: 0.265
001101011111110010000101000000111100100110100010110 0.175
runproj limit: 0.265
001011001100000000000001111000010001100010000101100 0.182
runproj limit: 0.265
101110001100000100100110111000010001101001101100001 0.185
runproj limit: 0.265
111111100111100000110101000001010111100000100010110 0.182
runproj limit: 0.265
101011110001000000010001100100010010101101111101010 0.18
runproj limit: 0.265
001011010001010000010101101000000001101111100110110 0.182
runproj limit: 0.265
111111100011000000010101000001010111100000100110010 0.192
best: 0.6746031746031746
runproj limit: 0.265
111111101111000000010001000000010011100000000100110 0.188
runproj limit: 0.265
111111101001011101100000100101100101100000101111111 0.192
runproj limit: 0.265
011111100001000110010001100101110110001001110010110 0.195
runproj limit: 0.265
000001010001000100000101000100110011100111100010100 0.182
runproj limit: 0.265
001111000011000000010101101000000001100100100110010 0.188
runproj limit: 0.265
001011000101010000110001101000000000100111101110110 0.192
runproj limit: 0.265
101101110001010010010101000100110100101100110000010 0.168
runproj limit: 0.265
111001100010010110010111100111110011100001100000110 0.178
runproj limit: 0.265
001101011011111101000101000100111110001000101011010 0.172
runproj limit: 0.265
001000100001010001100101001010110011001110110000010 0.18
runproj limit: 0.265
111011111101110000010110101011001101001100101110100 0.18
runproj limit: 0.265
101100010100010010100110001100101001010111010011110 0.165
runproj limit: 0.265
111011101101101010101000111110110100000000111111111 0.165
runproj limit: 0.265
100011001011111100010001101000000001010110111110100 0.158
runproj limit: 0.265
001110001100000100000011111000010001101010000100100 0.158
runproj limit: 0.265
001101011111110010000101000000111100100110100010110 0.152
runproj limit: 0.265
101011110001000000010001100100010010101101111101010 0.158
runproj limit: 0.265
001011001100000000000001111000010001100010000101100 0.15
runproj limit: 0.265
111111100111100000110101000001010111100000100010110 0.165
runproj limit: 0.265
001011010001010000010101101000000001101111100110110 0.155
best: 0.5952380952380952
runproj limit: 0.265
001100011111111100000111111100110110101000000011000 0.148
runproj limit: 0.265
101100010100010010100110001100101001010111010011110 0.162
runproj limit: 0.265
111110111100011010100000011110110000000101111111111 0.172
runproj limit: 0.265
101011000100000100000011111100010001101011101100110 0.142
runproj limit: 0.265
111111001100000000010001100000010011100010000101110 0.17
runproj limit: 0.265
101011111111110010010100101010001101101100100110100 0.155
runproj limit: 0.265
001101010000010010010101110000110001101110010000100 0.145
runproj limit: 0.265
000011001011111000010001101000000001101111111110110 0.158
runproj limit: 0.265
100101100000000001010001111000010000100011010001101 0.132
runproj limit: 0.265
011011101010000110010001100101011010101001110100010 0.172
runproj limit: 0.265
001010101100100101000011111000000011001010100100101 0.16
runproj limit: 0.265
001101111010011010001111010000101100110111101110010 0.158
runproj limit: 0.265
001000100000001011000101111010010011001010110100100 0.155
runproj limit: 0.265
001011001100000000000001111000010001100010000101100 0.165
runproj limit: 0.265
001101011111110010000101000000111100100110100010110 0.168
runproj limit: 0.265
001011010001010000010101101000000001101111100110110 0.168
runproj limit: 0.265
100011001011111100010001101000000001010110111110100 0.168
runproj limit: 0.265
001110001100000100000011111000010001101010000100100 0.16
runproj limit: 0.265
101011110001000000010001100100010010101101111101010 0.168
runproj limit: 0.265
101100010100010010100110001100101001010111010011110 0.152
best: 0.5238095238095238
runproj limit: 0.265
100001111010111100000111111000001101110110101110010 0.15
runproj limit: 0.265
001101010001110010010101100000111000100110100000110 0.148
runproj limit: 0.265
101011001100111010100000001000101001010110111110110 0.132
runproj limit: 0.265
101011000100010100000111111100010001101011101100110 0.152
runproj limit: 0.265
101010101001001110010001111010000011010010111100100 0.137
runproj limit: 0.265
101001011101110010110100001110001101001101010011110 0.145
runproj limit: 0.265
100101100000000001010001111000010000100011010001101 0.145
runproj limit: 0.265
001000100000000001000111111010000011001010100100101 0.15
runproj limit: 0.265
111000111111111000110010001110010101101100100100110 0.152
runproj limit: 0.265
100111100000000011011001111000010000100011110001101 0.138
runproj limit: 0.265
001100010000101010110110111011101001101110010010101 0.163
runproj limit: 0.265
000100000101011010110111101000111001001001100011110 0.165
runproj limit: 0.265
000010001101110100010111001110000011110101001110000 0.155
runproj limit: 0.265
100101100000000001010001111000010000100011010001101 0.158
runproj limit: 0.265
101011000100000100000011111100010001101011101100110 0.145
runproj limit: 0.265
001101010000010010010101110000110001101110010000100 0.15
runproj limit: 0.265
001100011111111100000111111100110110101000000011000 0.15
runproj limit: 0.265
101100010100010010100110001100101001010111010011110 0.145
runproj limit: 0.265
101011111111110010010100101010001101101100100110100 0.15
runproj limit: 0.265
001000100000001011000101111010010011001010110100100 0.145
best: 0.5238095238095238
runproj limit: 0.265
101011111111111000110000101010000101101100100110110 0.158
runproj limit: 0.265
101011001100111010100000001000101001010110111110110 0.15
runproj limit: 0.265
101001010000111010100001100000110001001110111010100 0.16
runproj limit: 0.265
100101100000000011010001111000010000100011110001101 0.16
runproj limit: 0.265
001000101000001011000001111010010011001010110100100 0.15
runproj limit: 0.265
110101100101110000010000011110010101101010110001111 0.16
runproj limit: 0.265
101000101001001000010001001010000111001100100100110 0.155
runproj limit: 0.265
101100011100110010100110001110001101001111010011110 0.16
runproj limit: 0.265
100111101001001110010101010011000011010000001100101 0.148
runproj limit: 0.265
001011101000001011100000010000101000000110111101010 0.155
runproj limit: 0.265
100000100001001110011001101110000011111110101100101 0.142
runproj limit: 0.265
000101011110011100101111101111110011111110000011000 0.15
runproj limit: 0.265
010001000010011111011001101100010010100110000001101 0.152
runproj limit: 0.265
101011001100111010100000001000101001010110111110110 0.142
runproj limit: 0.265
101010101001001110010001111010000011010010111100100 0.17
runproj limit: 0.265
100111100000000011011001111000010000100011110001101 0.15
runproj limit: 0.265
101001011101110010110100001110001101001101010011110 0.15
runproj limit: 0.265
100101100000000001010001111000010000100011010001101 0.148
runproj limit: 0.265
101011000100000100000011111100010001101011101100110 0.148
runproj limit: 0.265
101100010100010010100110001100101001010111010011110 0.15
best: 0.5634920634920635
done evolving!
"all is well:)"
>>>>>>>>>>>>>>FINISH OPTIMIZATION>>>>>>>>>>>>>>>
477.90user 388.02system 40:19.97elapsed 35%CPU (0avgtext+0avgdata 109512maxresident)k
1054456inputs+29827144outputs (450major+70136152minor)pagefaults 0swaps
