warning: dubious run time results for paraffins: [0.24,0.74,0.16999999,0.44]
warning: dubious mut time results for paraffins: [3.0e-2,0.26,4.0e-2,0.16]
warning: dubious GC time results for paraffins: [0.21,0.48,0.13,0.28]
warning: dubious run time results for paraffins: [0.24,0.74,0.16999999,0.44]
warning: dubious mut time results for paraffins: [3.0e-2,0.26,4.0e-2,0.16]
warning: dubious GC time results for paraffins: [0.21,0.48,0.13,0.28]
warning: dubious run time results for paraffins: [0.14999999,0.16,0.19,0.22]
warning: dubious run time results for paraffins: [0.14999999,0.16,0.19,0.22]
warning: dubious run time results for paraffins: [0.19999999,0.16,0.23,0.38]
warning: dubious GC time results for paraffins: [0.16,0.13,0.18,0.26]
warning: dubious run time results for paraffins: [0.19999999,0.16,0.23,0.38]
warning: dubious GC time results for paraffins: [0.16,0.13,0.18,0.26]
warning: dubious run time results for paraffins: [0.17,0.14999999,0.21000001,0.16]
warning: dubious run time results for paraffins: [0.17,0.14999999,0.21000001,0.16]
warning: dubious run time results for paraffins: [0.16,0.26,0.23,0.19999999]
warning: dubious GC time results for paraffins: [0.13,0.21,0.17,0.16]
warning: dubious run time results for paraffins: [0.16,0.26,0.23,0.19999999]
warning: dubious GC time results for paraffins: [0.13,0.21,0.17,0.16]
warning: dubious run time results for paraffins: [0.32999998,0.49,0.37,0.5]
warning: dubious GC time results for paraffins: [0.29,0.43,0.33,0.42]
warning: dubious run time results for paraffins: [0.32999998,0.49,0.37,0.5]
warning: dubious GC time results for paraffins: [0.29,0.43,0.33,0.42]
warning: dubious run time results for paraffins: [0.19,0.24000001,0.22999999,0.66]
warning: dubious GC time results for paraffins: [0.15,0.2,0.19,0.62]
warning: dubious run time results for paraffins: [0.19,0.24000001,0.22999999,0.66]
warning: dubious GC time results for paraffins: [0.15,0.2,0.19,0.62]
warning: dubious run time results for paraffins: [0.42000002,0.4,0.32999998,0.18]
warning: dubious GC time results for paraffins: [0.3,0.36,0.21,0.14]
warning: dubious run time results for paraffins: [0.42000002,0.4,0.32999998,0.18]
warning: dubious GC time results for paraffins: [0.3,0.36,0.21,0.14]
warning: dubious run time results for paraffins: [0.22,0.25,0.48000002,0.29999998]
warning: dubious GC time results for paraffins: [0.19,0.21,0.43,0.26]
warning: dubious run time results for paraffins: [0.22,0.25,0.48000002,0.29999998]
warning: dubious GC time results for paraffins: [0.19,0.21,0.43,0.26]
warning: dubious run time results for paraffins: [0.19999999,0.21000001,0.24,0.17]
warning: dubious GC time results for paraffins: [0.16,0.18,0.21,0.14]
warning: dubious run time results for paraffins: [0.19999999,0.21000001,0.24,0.17]
warning: dubious GC time results for paraffins: [0.16,0.18,0.21,0.14]
warning: dubious run time results for paraffins: [0.26,0.18,0.16,0.77]
warning: dubious mut time results for paraffins: [3.0e-2,4.0e-2,3.0e-2,0.25]
warning: dubious GC time results for paraffins: [0.23,0.14,0.13,0.52]
warning: dubious run time results for paraffins: [0.26,0.18,0.16,0.77]
warning: dubious mut time results for paraffins: [3.0e-2,4.0e-2,3.0e-2,0.25]
warning: dubious GC time results for paraffins: [0.23,0.14,0.13,0.52]
warning: dubious run time results for paraffins: [0.42,0.24000001,0.67999995,0.36]
warning: dubious GC time results for paraffins: [0.29,0.2,0.59,0.27]
warning: dubious run time results for paraffins: [0.42,0.24000001,0.67999995,0.36]
warning: dubious GC time results for paraffins: [0.29,0.2,0.59,0.27]
warning: dubious run time results for paraffins: [0.42000002,0.32,0.58,0.3]
warning: dubious mut time results for paraffins: [0.22,8.0e-2,0.14,0.15]
warning: dubious GC time results for paraffins: [0.2,0.24,0.44,0.15]
warning: dubious run time results for paraffins: [0.42000002,0.32,0.58,0.3]
warning: dubious mut time results for paraffins: [0.22,8.0e-2,0.14,0.15]
warning: dubious GC time results for paraffins: [0.2,0.24,0.44,0.15]
warning: dubious run time results for paraffins: [0.34,0.22,0.16,0.14999999]
warning: dubious GC time results for paraffins: [0.3,0.12,0.13,0.12]
warning: dubious run time results for paraffins: [0.34,0.22,0.16,0.14999999]
warning: dubious GC time results for paraffins: [0.3,0.12,0.13,0.12]
warning: dubious run time results for paraffins: [0.31,0.32999998,0.47,0.27]
warning: dubious GC time results for paraffins: [0.28,0.29,0.44,0.23]
warning: dubious run time results for paraffins: [0.31,0.32999998,0.47,0.27]
warning: dubious GC time results for paraffins: [0.28,0.29,0.44,0.23]
warning: dubious run time results for paraffins: [0.22999999,0.29999998,0.18,0.25]
warning: dubious GC time results for paraffins: [0.19,0.26,0.14,0.2]
warning: dubious run time results for paraffins: [0.22999999,0.29999998,0.18,0.25]
warning: dubious GC time results for paraffins: [0.19,0.26,0.14,0.2]
warning: dubious run time results for paraffins: [0.19999999,0.29999998,0.31,0.35]
warning: dubious GC time results for paraffins: [0.16,0.26,0.27,0.32]
warning: dubious run time results for paraffins: [0.19999999,0.29999998,0.31,0.35]
warning: dubious GC time results for paraffins: [0.16,0.26,0.27,0.32]
warning: dubious run time results for paraffins: [0.18,0.17,0.26,0.29]
warning: dubious GC time results for paraffins: [0.14,0.14,0.2,0.25]
warning: dubious run time results for paraffins: [0.18,0.17,0.26,0.29]
warning: dubious GC time results for paraffins: [0.14,0.14,0.2,0.25]
warning: dubious run time results for paraffins: [0.19,0.89000005,0.42999998,0.14999999]
warning: dubious GC time results for paraffins: [0.15,0.85,0.39,0.12]
warning: dubious run time results for paraffins: [0.19,0.89000005,0.42999998,0.14999999]
warning: dubious GC time results for paraffins: [0.15,0.85,0.39,0.12]
warning: dubious run time results for paraffins: [0.16,0.34,0.6,0.19]
warning: dubious GC time results for paraffins: [0.13,0.3,0.56,0.15]
warning: dubious run time results for paraffins: [0.16,0.34,0.6,0.19]
warning: dubious GC time results for paraffins: [0.13,0.3,0.56,0.15]
warning: dubious run time results for paraffins: [0.19,0.21000001,0.29,0.35999998]
warning: dubious GC time results for paraffins: [0.15,0.17,0.24,0.32]
warning: dubious run time results for paraffins: [0.19,0.21000001,0.29,0.35999998]
warning: dubious GC time results for paraffins: [0.15,0.17,0.24,0.32]
warning: dubious run time results for paraffins: [0.14999999,0.2,0.29000002,0.28]
warning: dubious GC time results for paraffins: [0.12,0.14,0.18,0.24]
warning: dubious run time results for paraffins: [0.14999999,0.2,0.29000002,0.28]
warning: dubious GC time results for paraffins: [0.12,0.14,0.18,0.24]
warning: dubious run time results for paraffins: [0.16,0.16,0.23,0.43]
warning: dubious GC time results for paraffins: [0.13,0.13,0.2,0.4]
warning: dubious run time results for paraffins: [0.16,0.16,0.23,0.43]
warning: dubious GC time results for paraffins: [0.13,0.13,0.2,0.4]
warning: dubious run time results for paraffins: [11.57,0.19999999,0.19,0.18]
warning: dubious mut time results for paraffins: [8.51,4.0e-2,4.0e-2,4.0e-2]
warning: dubious GC time results for paraffins: [3.06,0.16,0.15,0.14]
warning: dubious run time results for paraffins: [11.57,0.19999999,0.19,0.18]
warning: dubious mut time results for paraffins: [8.51,4.0e-2,4.0e-2,4.0e-2]
warning: dubious GC time results for paraffins: [3.06,0.16,0.15,0.14]
warning: dubious run time results for paraffins: [0.21,0.32,0.26,0.22]
warning: dubious run time results for paraffins: [0.21,0.32,0.26,0.22]
warning: dubious run time results for paraffins: [0.39,0.19,0.27,9.67]
warning: dubious mut time results for paraffins: [0.26,3.0e-2,4.0e-2,4.0e-2]
warning: dubious GC time results for paraffins: [0.13,0.16,0.23,9.63]
warning: dubious run time results for paraffins: [0.39,0.19,0.27,9.67]
warning: dubious mut time results for paraffins: [0.26,3.0e-2,4.0e-2,4.0e-2]
warning: dubious GC time results for paraffins: [0.13,0.16,0.23,9.63]
warning: dubious run time results for paraffins: [0.16,0.16,0.28,0.31]
warning: dubious GC time results for paraffins: [0.13,0.13,0.25,0.27]
warning: dubious run time results for paraffins: [0.16,0.16,0.28,0.31]
warning: dubious GC time results for paraffins: [0.13,0.13,0.25,0.27]
warning: dubious run time results for paraffins: [0.16999999,0.16,0.14999999,0.22999999]
warning: dubious run time results for paraffins: [0.16999999,0.16,0.14999999,0.22999999]
warning: dubious run time results for paraffins: [0.14999999,0.16,0.21000001,0.16]
warning: dubious run time results for paraffins: [0.14999999,0.16,0.21000001,0.16]
warning: dubious run time results for paraffins: [0.18,0.26,0.21,0.14999999]
warning: dubious run time results for paraffins: [0.18,0.26,0.21,0.14999999]
warning: dubious GC time results for paraffins: [0.15,0.16,0.16,0.22]
warning: dubious GC time results for paraffins: [0.15,0.16,0.16,0.22]
warning: dubious run time results for paraffins: [0.26,0.16999999,0.18,0.14999999]
warning: dubious GC time results for paraffins: [0.23,0.13,0.14,0.12]
warning: dubious run time results for paraffins: [0.26,0.16999999,0.18,0.14999999]
warning: dubious GC time results for paraffins: [0.23,0.13,0.14,0.12]
warning: dubious run time results for paraffins: [0.19,0.26999998,0.2,0.19]
warning: dubious run time results for paraffins: [0.19,0.26999998,0.2,0.19]
Optimizing /h/ywang30/nofib/imaginary/paraffins
>>>>>>>>>>>>>>>START OPTIMIZATION>>>>>>>>>>>>>>>
pop: 13
gens: 15
arch: 7
limit is: 0.397
runproj limit: 0.397
Basetime is: 0.18
runproj limit: 0.397
01000000000000000000100000000000000000000000100000000010000000001010000000 0.242
runproj limit: 0.397
"timed out"
00100000001000000001000000000011000000000000000000000000000000010010000000 0.36
runproj limit: 0.397
00000000000100000010000010011010000000000000110000010000100000000000000000 0.172
runproj limit: 0.397
00000000000100000010000010100000000010100100000000010000000001100000000010 0.172
runproj limit: 0.397
00000000000000000000000001000110000000001001000001100000000000000000000000 0.212
runproj limit: 0.397
00100000100100000000000100001000000000000000000010000000000000001100000001 0.422
runproj limit: 0.397
10000000000000000000000000110001010100001000000100000001000001000000101000 0.33
runproj limit: 0.397
01000000000011000000001000000000000000000000001000000100000010100000000000 0.333
runproj limit: 0.397
00001000000000000000001000001000000000000000000001000001000000001000001001 0.312
runproj limit: 0.397
00100000000000000000000010000000001100001000000000010000000000000100000000 0.205
runproj limit: 0.397
00000100000000001000000000000000000010100000000000000000000010110000000000 0.342
runproj limit: 0.397
00001000000010000000000100000001000000000010000000000000000000000100000010 0.425
runproj limit: 0.397
00000000000000000000000000001000000000000000010000000000000000110001100000 0.405
best: 0.9555555555555555
runproj limit: 0.397
00000000000100000010000010001010000000100100110000010000100000000000000010 0.218
runproj limit: 0.397
00000000000100000000000010011001000000000000110000010000000000000000101000 0.345
runproj limit: 0.397
01100000000000000000000010000000001000001000000000010000000000001000000000 0.15
runproj limit: 0.397
00000000000011000000001010000010000000000000011000010100000010000000000000 0.17
runproj limit: 0.397
10000000000000000000000000110001010100001000000100000001000001000000101000 0.24
runproj limit: 0.397
00001000000000000000001000001000000010000000000001010001000001101000001000 0.208
runproj limit: 0.397
00000000000000001000000000000000000010100000000000000000000000100000000000 0.29
runproj limit: 0.397
00001000000000000000000000001000000000000000000001000000000000000000001000 0.225
runproj limit: 0.397
00000000000011001010000100011000000000100000100001010111101010000000100011 0.415
runproj limit: 0.397
00000100000010010110011001000111011110001000010100100000000100000000000000 0.322
runproj limit: 0.397
01001100110001100111000000010110000100101001010001101001001000000000001000 0.262
runproj limit: 0.397
01000100100110000111001010111000100010100100000011000100010000000000000110 0.198
runproj limit: 0.397
"timed out"
01100101001100000110000010001010001000100000100111101100100000000000000100 0.36
runproj limit: 0.397
00000000000100000010000010011010000000000000110000010000100000000000000000 0.23
runproj limit: 0.397
00000000000100000010000010100000000010100100000000010000000001100000000010 0.245
runproj limit: 0.397
00100000000000000000000010000000001100001000000000010000000000000100000000 3.035
runproj limit: 0.397
00000000000000000000000001000110000000001001000001100000000000000000000000 0.15
runproj limit: 0.397
01000000000000000000100000000000000000000000100000000010000000001010000000 0.155
runproj limit: 0.397
00001000000000000000001000001000000000000000000001000001000000001000001001 0.15
runproj limit: 0.397
10000000000000000000000000110001010100001000000100000001000001000000101000 0.152
best: 0.8333333333333334
runproj limit: 0.397
00000000000000000000000000010000000110000000000100000000000001100000001000 0.162
runproj limit: 0.397
01100000100100000010000010001000101000101000000011010100010000001000000100 0.158
runproj limit: 0.397
00000000000000000000001000001110000000000001000001010000000001001000000000 0.158
runproj limit: 0.397
00000000000100000010000000100000010010001100000100000001000001100000001000 0.155
runproj limit: 0.397
01100000000000000000000010000000001000001000000000010000000000001000000000 0.148
runproj limit: 0.397
00000000000011000000000011000010000000000001010000110100000000000000000000 0.158
runproj limit: 0.397
00000100000001000111000000011010000000100101010000011001100000000000001010 0.158
runproj limit: 0.397
00000100000010000111001011010111000010100000010011100100010000000000000000 0.162
runproj limit: 0.397
00001000000000100001011001001010000000010011100111000000001000001000000100 0.155
runproj limit: 0.397
00010000000000000110100010001011000000100000101000010010101001100101000101 0.155
runproj limit: 0.397
11010100100011110111101010111110100010010101001010001101100010101010100010 0.252
runproj limit: 0.397
01110100110001011111101000111000111100000101010010000000110001000000001100 0.208
runproj limit: 0.397
00010100000101011010011011010100011011000101110000011000000000010001010001 2.63
runproj limit: 0.397
01100000000000000000000010000000001000001000000000010000000000001000000000 0.228
runproj limit: 0.397
00000000000000000000000001000110000000001001000001100000000000000000000000 0.177
runproj limit: 0.397
00001000000000000000001000001000000000000000000001000001000000001000001001 0.168
runproj limit: 0.397
10000000000000000000000000110001010100001000000100000001000001000000101000 0.18
runproj limit: 0.397
01000000000000000000100000000000000000000000100000000010000000001010000000 0.16
runproj limit: 0.397
00000000000011000000001010000010000000000000011000010100000010000000000000 0.167
runproj limit: 0.397
01000100100110000111001010111000100010100100000011000100010000000000000110 0.17
best: 0.8222222222222222
runproj limit: 0.397
00010000000000100101000001001010000000010000101011010010101000001101000101 0.15
runproj limit: 0.397
01000000100110000010000010111000110010001100000011000100000001100000001100 0.2
runproj limit: 0.397
00000000000000000000001000011100000010000001000100000000000001100000001000 0.18
runproj limit: 0.397
00000000000000000010000000110000010110001000000100000001000001000000101000 0.212
runproj limit: 0.397
00000000000001000111000000001011000000100001010000011011100001100100001011 0.19
runproj limit: 0.397
00001000000001000001000001000010000000000011100001010100001000001000000000 0.182
runproj limit: 0.397
00001000000000000000001000001010000000010011000101010000001001001000000100 0.165
runproj limit: 0.397
01100000000000000000100010000000000000001000000000000010000000001010000000 0.182
runproj limit: 0.397
00000100000001000111000000111010100000100001010000011001001010010000001110 0.155
runproj limit: 0.397
01001000000010000000010000001000001110101001000100000001100011101001011000 0.167
runproj limit: 0.397
01110000010001011010100010001011000010100001101010001000111001110101110001 0.212
runproj limit: 0.397
01010101100110010111010011011001100000110100010011010100010100010000000111 0.16
runproj limit: 0.397
00010100010011010011001110011000010110100000010011100101010000101100000000 0.18
runproj limit: 0.397
01100000000000000000000010000000001000001000000000010000000000001000000000 0.167
runproj limit: 0.397
00000000000100000010000000100000010010001100000100000001000001100000001000 0.18
runproj limit: 0.397
00001000000000100001011001001010000000010011100111000000001000001000000100 0.2
runproj limit: 0.397
00010000000000000110100010001011000000100000101000010010101001100101000101 0.158
runproj limit: 0.397
01100000100100000010000010001000101000101000000011010100010000001000000100 0.18
runproj limit: 0.397
00000000000000000000001000001110000000000001000001010000000001001000000000 0.175
runproj limit: 0.397
00000000000011000000000011000010000000000001010000110100000000000000000000 0.167
best: 0.8333333333333334
runproj limit: 0.397
01001000000010000001011000001000001100111011100110000000100011101000000000 0.158
runproj limit: 0.397
00001100000000000110001000011010000000010011000100011001001000000000001100 0.15
runproj limit: 0.397
01000000000000000000000000001000001100101001000000010001000000001000011000 0.172
runproj limit: 0.397
000100000000000001101010100010110000000000010000warning: dubious run time results for paraffins: [0.22,0.21,0.24000001,0.16]
warning: dubious run time results for paraffins: [0.22,0.21,0.24000001,0.16]
warning: dubious run time results for paraffins: [0.16999999,0.23,0.16,0.16]
warning: dubious run time results for paraffins: [0.16999999,0.23,0.16,0.16]
warning: dubious run time results for paraffins: [0.26,0.19,0.21,0.18]
warning: dubious run time results for paraffins: [0.26,0.19,0.21,0.18]
warning: dubious run time results for paraffins: [0.16999999,0.19,0.25,0.14999999]
warning: dubious run time results for paraffins: [0.16999999,0.19,0.25,0.14999999]
warning: dubious run time results for paraffins: [0.22,0.14999999,0.16,0.14999999]
warning: dubious run time results for paraffins: [0.22,0.14999999,0.16,0.14999999]
warning: dubious run time results for paraffins: [0.17,0.22,0.14999999,0.16]
warning: dubious run time results for paraffins: [0.17,0.22,0.14999999,0.16]
warning: dubious run time results for paraffins: [0.18,0.16,0.22,0.23]
warning: dubious run time results for paraffins: [0.18,0.16,0.22,0.23]
warning: dubious run time results for paraffins: [0.14999999,0.18,0.14999999,0.22]
warning: dubious run time results for paraffins: [0.14999999,0.18,0.14999999,0.22]
warning: dubious run time results for paraffins: [0.16,0.21,0.14999999,0.19999999]
warning: dubious run time results for paraffins: [0.16,0.21,0.14999999,0.19999999]
warning: dubious run time results for paraffins: [0.23,0.14999999,0.16,0.19]
warning: dubious run time results for paraffins: [0.23,0.14999999,0.16,0.19]
warning: dubious run time results for paraffins: [0.16,0.25,0.17,0.16]
warning: dubious run time results for paraffins: [0.16,0.25,0.17,0.16]
warning: dubious run time results for paraffins: [0.16,0.22,0.14,0.16999999]
warning: dubious run time results for paraffins: [0.16,0.22,0.14,0.16999999]
warning: dubious run time results for paraffins: [0.22,0.2,0.24000001,0.16999999]
warning: dubious run time results for paraffins: [0.22,0.2,0.24000001,0.16999999]
warning: dubious run time results for paraffins: [0.18,0.16,0.34,0.18]
warning: dubious GC time results for paraffins: [0.14,0.13,0.3,0.14]
warning: dubious run time results for paraffins: [0.18,0.16,0.34,0.18]
warning: dubious GC time results for paraffins: [0.14,0.13,0.3,0.14]
warning: dubious run time results for paraffins: [0.14,0.14999999,0.16,0.5]
warning: dubious GC time results for paraffins: [0.11,0.12,0.13,0.46]
warning: dubious run time results for paraffins: [0.14,0.14999999,0.16,0.5]
warning: dubious GC time results for paraffins: [0.11,0.12,0.13,0.46]
00010010001001100100000101 0.152
runproj limit: 0.397
00000000000001000101001000111010100000100011010001011001001000001000001100 0.155
runproj limit: 0.397
00001000000100000000000000100010010010001111000101010001001001100000001100 0.175
runproj limit: 0.397
00010100100000100101010011011000000000110100000011010110011000010001000111 0.15
runproj limit: 0.397
01001000000010000010000010001000001100100001100100010010100011100101011100 0.208
runproj limit: 0.397
"timed out"
00110010001001000110010000001000101000011000101011010011100101101101000101 0.36
runproj limit: 0.397
01111000010000010000011000001010000010010011010110011011001111001001001000 0.185
runproj limit: 0.397
00001001000100000010101101100000010010001100000100010101000000001011001000 0.165
runproj limit: 0.397
"timed out"
10000101001101001111100010110010100000110001010001111001011010110000001000 0.36
runproj limit: 0.397
01010000000000100001111001101010100010000010101011100110001100001101000101 0.152
runproj limit: 0.397
00010000000000100101000001001010000000010000101011010010101000001101000101 0.158
runproj limit: 0.397
00000100000001000111000000111010100000100001010000011001001010010000001110 0.152
runproj limit: 0.397
00010000000000000110100010001011000000100000101000010010101001100101000101 0.155
runproj limit: 0.397
01010101100110010111010011011001100000110100010011010100010100010000000111 0.158
runproj limit: 0.397
00001000000000000000001000001010000000010011000101010000001001001000000100 0.175
runproj limit: 0.397
01001000000010000000010000001000001110101001000100000001100011101001011000 0.18
runproj limit: 0.397
01100000000000000000000010000000001000001000000000010000000000001000000000 0.162
best: 0.8333333333333334
runproj limit: 0.397
00000100100101010111010010011001100000110000010001010101010010010000000111 0.21
runproj limit: 0.397
00011101100000010111011000011001000000010001000101011100011000000000000101 0.162
runproj limit: 0.397
00100100000000000000000010000010001000101001010000010001001010000000000110 0.203
runproj limit: 0.397
00001000000101000010000000100010100010101011000101010001001011010000001100 0.16
runproj limit: 0.397
00001000000100000101001000100010100010100011010101010001001001001000001100 0.162
runproj limit: 0.397
00010000000000000110101010001011000000000001000000010010001001100100000101 0.19
runproj limit: 0.397
00010100000001100111000000011010000000110101010001010111001010010000000110 0.162
runproj limit: 0.397
01100101000000000011000010000000000000110001000001010001001010111000001000 0.165
runproj limit: 0.397
00101001000110000011111111100001010010001100001101001101100010001010000001 0.158
runproj limit: 0.397
11010100000000000000100010001011001010000001100000001011000100011100100110 0.17
runproj limit: 0.397
11001100100111001000000010101010110111001011010001000001100110000110101001 0.175
runproj limit: 0.397
01011000100000010010000010011010100000100001110100010010010110100000011110 0.16
runproj limit: 0.397
01001100000000110100000000000011111110001001100001010010100010111011000001 0.15
runproj limit: 0.397
00001100000000000110001000011010000000010011000100011001001000000000001100 0.16
runproj limit: 0.397
00010100100000100101010011011000000000110100000011010110011000010001000111 0.2
runproj limit: 0.397
00010000000000000110101010001011000000000001000000010010001001100100000101 0.16
runproj limit: 0.397
01010000000000100001111001101010100010000010101011100110001100001101000101 0.165
runproj limit: 0.397
00000100000001000111000000111010100000100001010000011001001010010000001110 0.175
runproj limit: 0.397
00000000000001000101001000111010100000100011010001011001001000001000001100 0.198
runproj limit: 0.397
00010000000000000110100010001011000000100000101000010010101001100101000101 0.178
best: 0.8333333333333334
runproj limit: 0.397
01010000000100100101011000100010100010100011010111100111001000001000000100 0.155
runproj limit: 0.397
01001100000000110100000000000011111110001001100001010010100010111011000001 0.17
runproj limit: 0.397
00011100000001000110000000110010000010111001000001010101001010010000000110 0.175
runproj limit: 0.397
01011000000000010110000010001011000000000000101000010010100000111011000101 0.178
runproj limit: 0.397
00010000000000000110101010001011000000000001000000010010001001100100000101 0.152
runproj limit: 0.397
00010000000000000110001010101011000000100001000001011001001001001000000100 0.185
runproj limit: 0.397
00011000000000000110000000001010000000100010000100010011001001000101001101 0.17
runproj limit: 0.397
01010001000000000011001010001001000000010001000001010011001001110000000101 0.157
runproj limit: 0.397
01011100000110101010100001010010101011111100000001010000001011110001001100 0.162
runproj limit: 0.397
00110111000111010100000010111010101010100100001101010011001110110001011010 0.142
runproj limit: 0.397
00110001000110000111111011101001010010011100111111011001100110001110001101 0.175
runproj limit: 0.397
"timed out"
10000000011101000010100011101010010010101000100111010101000111010101100010 0.36
runproj limit: 0.397
"timed out"
01001100001001110100010101110011111000000001001001111010100011011011000001 0.36
runproj limit: 0.397
01001100000000110100000000000011111110001001100001010010100010111011000001 0.15
runproj limit: 0.397
00101001000110000011111111100001010010001100001101001101100010001010000001 0.18
runproj limit: 0.397
00001000000101000010000000100010100010101011000101010001001011010000001100 0.167
runproj limit: 0.397
01011000100000010010000010011010100000100001110100010010010110100000011110 0.182
runproj limit: 0.397
00001100000000000110001000011010000000010011000100011001001000000000001100 0.185
runproj limit: 0.397
00010000000000000110101010001011000000000001000000010010001001100100000101 0.172
runproj limit: 0.397
00011101100000010111011000011001000000010001000101011100011000000000000101 0.162
best: 0.7888888888888889
runproj limit: 0.397
00011100000000101110000000010010101000111110000001010010001001000001001101 0.162
runproj limit: 0.397
00010000000000000110101010001001000000010001000000010011001001110100000101 0.165
runproj limit: 0.397
01000000000000000100100010000011011100001001000000010010000010111000000001 0.182
runproj limit: 0.397
00110010000000010110000010111010000010100000000100010011001000010001011101 0.162
runproj limit: 0.397
00010101000000010100001010011010101000100100000001010010001110100100000100 0.172
runproj limit: 0.397
00011001000000000010001000001001000000010000000101010011001001100101000101 0.18
runproj limit: 0.397
00010010000100010101011010111010100010100011011111100111001000011000011100 0.208
runproj limit: 0.397
00010001000000000111101010001001000000000001000001010010001001100100000101 0.165
runproj limit: 0.397
00111101000010000111101010001001001010000100111111000000100011011101001001 0.15
runproj limit: 0.397
10111000000000010011100000101011000000100100100000010000000000111111100001 0.15
runproj limit: 0.397
11110100100000000011001010111001010101001111110010110110101101110000010100 0.165
runproj limit: 0.397
01111011000001010100001010110011000001000000010000000110011000101011100101 0.158
runproj limit: 0.397
11011100010110110010100001110100101011111000011001011000101010110001101000 0.167
runproj limit: 0.397
00110111000111010100000010111010101010100100001101010011001110110001011010 0.16
runproj limit: 0.397
01001100000000110100000000000011111110001001100001010010100010111011000001 0.165
runproj limit: 0.397
00010000000000000110101010001011000000000001000000010010001001100100000101 0.155
runproj limit: 0.397
01010000000100100101011000100010100010100011010111100111001000001000000100 0.215
runproj limit: 0.397
01010001000000000011001010001001000000010001000001010011001001110000000101 0.238
runproj limit: 0.397
01011100000110101010100001010010101011111100000001010000001011110001001100 0.148
runproj limit: 0.397
00011101100000010111011000011001000000010001000101011100011000000000000101 0.158
best: 0.8222222222222222
runproj limit: 0.397
01010100000010011100100001011010101000101100000001010000001110100100001100 0.155
runproj limit: 0.397
0111101100000000010000101001001100000101000100000001001100100111warning: dubious run time results for paraffins: [0.14999999,0.16,0.27,0.17]
warning: dubious GC time results for paraffins: [0.12,0.13,0.23,0.14]
warning: dubious run time results for paraffins: [0.14999999,0.16,0.27,0.17]
warning: dubious GC time results for paraffins: [0.12,0.13,0.23,0.14]
warning: dubious run time results for paraffins: [0.16,0.14999999,0.21000001,0.16]
warning: dubious run time results for paraffins: [0.16,0.14999999,0.21000001,0.16]
warning: dubious run time results for paraffins: [0.23,0.16,0.26,0.16]
warning: dubious run time results for paraffins: [0.23,0.16,0.26,0.16]
warning: dubious run time results for paraffins: [0.16,0.35,0.14999999,0.16]
warning: dubious GC time results for paraffins: [0.13,0.31,0.12,0.13]
warning: dubious run time results for paraffins: [0.16,0.35,0.14999999,0.16]
warning: dubious GC time results for paraffins: [0.13,0.31,0.12,0.13]
warning: dubious run time results for paraffins: [0.14999999,0.17,0.34,0.2]
warning: dubious GC time results for paraffins: [0.12,0.14,0.31,0.17]
warning: dubious run time results for paraffins: [0.14999999,0.17,0.34,0.2]
warning: dubious GC time results for paraffins: [0.12,0.14,0.31,0.17]
warning: dubious run time results for paraffins: [0.17,0.29,0.16,0.16]
warning: dubious GC time results for paraffins: [0.14,0.25,0.13,0.13]
warning: dubious run time results for paraffins: [0.17,0.29,0.16,0.16]
warning: dubious GC time results for paraffins: [0.14,0.25,0.13,0.13]
warning: dubious run time results for paraffins: [0.26999998,0.19,0.16,0.19]
warning: dubious run time results for paraffins: [0.26999998,0.19,0.16,0.19]
warning: dubious run time results for paraffins: [0.14999999,0.21000001,0.17,0.14999999]
warning: dubious run time results for paraffins: [0.14999999,0.21000001,0.17,0.14999999]
warning: dubious run time results for paraffins: [0.18,0.16999999,0.35999998,0.18]
warning: dubious GC time results for paraffins: [0.14,0.13,0.32,0.14]
warning: dubious run time results for paraffins: [0.18,0.16999999,0.35999998,0.18]
warning: dubious GC time results for paraffins: [0.14,0.13,0.32,0.14]
warning: dubious run time results for paraffins: [0.19,0.39,0.17,0.14999999]
warning: dubious GC time results for paraffins: [0.15,0.35,0.14,0.12]
warning: dubious run time results for paraffins: [0.19,0.39,0.17,0.14999999]
warning: dubious GC time results for paraffins: [0.15,0.35,0.14,0.12]
warning: dubious run time results for paraffins: [0.45999998,0.14999999,0.16,0.14999999]
warning: dubious GC time results for paraffins: [0.42,0.12,0.13,0.12]
warning: dubious run time results for paraffins: [0.45999998,0.14999999,0.16,0.14999999]
warning: dubious GC time results for paraffins: [0.42,0.12,0.13,0.12]
warning: dubious run time results for paraffins: [0.16,0.18,0.16,14.0199995]
warning: dubious mut time results for paraffins: [3.0e-2,4.0e-2,3.0e-2,3.61]
warning: dubious GC time results for paraffins: [0.13,0.14,0.13,10.41]
warning: dubious run time results for paraffins: [0.16,0.18,0.16,14.0199995]
warning: dubious mut time results for paraffins: [3.0e-2,4.0e-2,3.0e-2,3.61]
warning: dubious GC time results for paraffins: [0.13,0.14,0.13,10.41]
warning: dubious run time results for paraffins: [0.14999999,0.16999999,0.14999999,0.22]
warning: dubious run time results for paraffins: [0.14999999,0.16999999,0.14999999,0.22]
0100000101 0.16
runproj limit: 0.397
01011111010110010100101001110011101011100000011001001100011010100001100001 0.18
runproj limit: 0.397
00010010000000111110000010011010100010101110000101010011001000000001001101 0.188
runproj limit: 0.397
01011111000001101100000010110010000000101010010000010110001000100011100101 0.167
runproj limit: 0.397
01010000000110110010100001000110100000100000001001010000101010110000101001 0.18
runproj limit: 0.397
01101100000010110111000010001011111010001101110101010010100011011011001001 0.17
runproj limit: 0.397
11111100100100000011101000111001110111001100010001110010101101110001010100 0.162
runproj limit: 0.397
11000101000011100100010010001011111110101001111101010110100010110111001011 0.16
runproj limit: 0.397
10111010000001110011100000000101000000101101110100010000001000110101000010 0.168
runproj limit: 0.397
00000000100100000110101010010100000000010101000010000011101011110100000100 0.155
runproj limit: 0.397
"timed out"
10011101101010010110011110001100011000110010000100011000011000100010000001 0.36
runproj limit: 0.397
00011101100010000001011001100001100110110101100001110010001110000010000100 0.167
runproj limit: 0.397
01011100000110101010100001010010101011111100000001010000001011110001001100 0.202
runproj limit: 0.397
00111101000010000111101010001001001010000100111111000000100011011101001001 0.155
runproj limit: 0.397
10111000000000010011100000101011000000100100100000010000000000111111100001 0.167
runproj limit: 0.397
00010000000000000110101010001011000000000001000000010010001001100100000101 0.16
runproj limit: 0.397
01111011000001010100001010110011000001000000010000000110011000101011100101 0.205
runproj limit: 0.397
00011101100000010111011000011001000000010001000101011100011000000000000101 0.215
runproj limit: 0.397
00110111000111010100000010111010101010100100001101010011001110110001011010 0.16
best: 0.8611111111111112
runproj limit: 0.397
01111110000110010001101000111011111011101100011001001100011011100001000100 0.15
runproj limit: 0.397
00110111000111011100000010110010001000101100010001010010001100100001010000 0.162
runproj limit: 0.397
01010100000010011100100001011010101000101100000001010000001110100100001100 0.165
runproj limit: 0.397
11111001000001010011000000100011000001100100000000010000000000111011100001 0.167
runproj limit: 0.397
00110101000010000101001010001011111110101001111101000100100011110111001011 0.195
runproj limit: 0.397
01111101000010001100100011011000101000100100001011000000001010010101001100 0.155
runproj limit: 0.397
11011100000000011110101000111001101110101100000001010000101111110101010100 0.167
runproj limit: 0.397
01111100000100001010101001010000111011011100010001010010001011110001001100 0.17
runproj limit: 0.397
11110111000111110110011010101011110010101111100011100011000110110111000000 0.175
runproj limit: 0.397
00100100100100101101100010000100010010010101000010100010111011100000001000 0.16
runproj limit: 0.397
00100000100000001111111011100001000000011100001010100001100110010100100101 0.185
runproj limit: 0.397
"timed out"
01100011111010001101001000110000110101110101010000010011101101010100101100 0.36
runproj limit: 0.397
11110010010000000111100001101010010110100110000000100000011100001111100000 0.15
runproj limit: 0.397
01010100000010011100100001011010101000101100000001010000001110100100001100 0.198
runproj limit: 0.397
00000000100100000110101010010100000000010101000010000011101011110100000100 0.17
runproj limit: 0.397
00111101000010000111101010001001001010000100111111000000100011011101001001 0.175
runproj limit: 0.397
01111011000000000100001010010011000001010001000000010011001001110100000101 0.155
runproj limit: 0.397
11000101000011100100010010001011111110101001111101010110100010110111001011 0.16
runproj limit: 0.397
00010000000000000110101010001011000000000001000000010010001001100100000101 0.16
runproj limit: 0.397
00110111000111010100000010111010101010100100001101010011001110110001011010 0.172
best: 0.8333333333333334
runproj limit: 0.397
01111101000000000100101011011010001000010000001010000010001010110101001100 0.16
runproj limit: 0.397
01111011010000000110001001000010010010100111000000010000001101100100100101 0.162
runproj limit: 0.397
00100000100000101111100010100100000000010101000010100001111110110000000001 0.158
runproj limit: 0.397
00110110000000000110101010111011000001101000000001000100001001100101000101 0.155
runproj limit: 0.397
00100111100110101100000010100110010000100101010000100010111111100001011000 0.17
runproj limit: 0.397
01100101000010000100100010011011111010100101001111010000101010110101001111 0.188
runproj limit: 0.397
11111001000001010110000010010011000001000101000000010011001000110101100001 0.202
runproj limit: 0.397
00100000000111000100001010010000100010110100001000000011101010110001010000 0.17
runproj limit: 0.397
01011101010110001000010011001110100000110110101011010000011010000110001100 0.222
runproj limit: 0.397
"timed out"
01111101101010101110111000111001101101001001100000010110111111110101011101 0.36
runproj limit: 0.397
01011010000111000011101001110100101010001000110000000101011100010001000010 0.172
runproj limit: 0.397
01110100000010101001110011011100101100101101010000010000000110101100001100 0.162
runproj limit: 0.397
11111100000001010011101001000010111001011000000011101010001010011010010100 0.152
runproj limit: 0.397
01111110000110010001101000111011111011101100011001001100011011100001000100 0.16
runproj limit: 0.397
11110010010000000111100001101010010110100110000000100000011100001111100000 0.158
runproj limit: 0.397
01111101000010001100100011011000101000100100001011000000001010010101001100 0.167
runproj limit: 0.397
01111011000000000100001010010011000001010001000000010011001001110100000101 0.188
runproj limit: 0.397
00100100100100101101100010000100010010010101000010100010111011100000001000 0.175
runproj limit: 0.397
11000101000011100100010010001011111110101001111101010110100010110111001011 0.172
runproj limit: 0.397
00010000000000000110101010001011000000000001000000010010001001100100000101 0.155
best: 0.8444444444444444
runproj limit: 0.397
00011100000000000110101010000011010001000001000010001010001010010110000100 0.225
runproj limit: 0.397
00111000000001010111101010001011000001011000000001100010001011010110010101 0.162
runproj limit: 0.397
11111100000010010010100011011010111000110000000011001000001010011000000100 0.162
runproj limit: 0.397
01111110000100000010101010111011000001101000011001001100011011100001000101 0.155
runproj limit: 0.397
00010110100010001100001010101110010000000001000000110010001001100100001001 0.155
runproj limit: 0.397
11111101010001010011001001000010010000110010000001100000001010001000000100 0.19
runproj limit: 0.397
11111100000000010011101000100010111011001100010011001000001011001010000100 0.152
runproj limit: 0.397
01110110000001010010101011001010101001011000000011001000001010010111000101 0.158
runproj limit: 0.397
01111110010110101101101000101011110001010100111111001110000111001011110100 0.172
runproj limit: 0.397
11001010000011100011010000000000110100101100100111010110010010010001001111 0.165
runproj limit: 0.397
11100010110101000100000110011100010000111000101001010011001000000101110110 0.23
runproj limit: 0.397
"timed out"
11111010101000010011100100001010101100101011011101001100010001100000000110 0.36
runproj limit: 0.397
00010010000010001010001011110000000010001001000000110001011110100111001010 0.158
runproj limit: 0.397
11111100000001010011101001000010111001011000000011101010001010011010010100 0.15
runproj limit: 0.397
00110110000000000110101010111011000001101000000001000100001001100101000101 3.63
runproj limit: 0.397
00010000000000000110101010001011000000000001000000010010001001100100000101 0.15
runproj limit: 0.397
00100000100000101111100010100100000000010101000010100001111110110000000001 0.15
runproj limit: 0.397
11110010010000000111100001101010010110100110000000100000011100001111100000 0.15
runproj limit: 0.397
01111101000000000100101011011010001000010000001010000010001010110101001100 0.18
runproj limit: 0.397
01111110000110010001101000111011111011101100011001001100011011100001000100 0.172
best: 0.8333333333333334
runprwarning: dubious run time results for paraffins: [0.16999999,0.21000001,0.14999999,0.14999999]
warning: dubious run time results for paraffins: [0.16999999,0.21000001,0.14999999,0.14999999]
warning: dubious run time results for paraffins: [0.18,0.16,0.17,0.67999995]
warning: dubious GC time results for paraffins: [0.14,0.13,0.14,0.65]
warning: dubious run time results for paraffins: [0.18,0.16,0.17,0.67999995]
warning: dubious GC time results for paraffins: [0.14,0.13,0.14,0.65]
warning: dubious run time results for paraffins: [0.19999999,0.14999999,0.21,0.16]
warning: dubious run time results for paraffins: [0.19999999,0.14999999,0.21,0.16]
warning: dubious run time results for paraffins: [0.72,0.16,0.18,0.17]
warning: dubious GC time results for paraffins: [0.68,0.13,0.14,0.14]
warning: dubious run time results for paraffins: [0.72,0.16,0.18,0.17]
warning: dubious GC time results for paraffins: [0.68,0.13,0.14,0.14]
warning: dubious run time results for paraffins: [0.23,0.14999999,0.14999999,0.16999999]
warning: dubious run time results for paraffins: [0.23,0.14999999,0.14999999,0.16999999]
warning: dubious run time results for paraffins: [0.48,0.16,0.16,0.16]
warning: dubious GC time results for paraffins: [0.44,0.13,0.13,0.13]
warning: dubious run time results for paraffins: [0.48,0.16,0.16,0.16]
warning: dubious GC time results for paraffins: [0.44,0.13,0.13,0.13]
warning: dubious run time results for paraffins: [0.21000001,0.22999999,0.16,0.35]
warning: dubious GC time results for paraffins: [0.17,0.19,0.13,0.32]
warning: dubious run time results for paraffins: [0.21000001,0.22999999,0.16,0.35]
warning: dubious GC time results for paraffins: [0.17,0.19,0.13,0.32]
warning: dubious run time results for paraffins: [0.14999999,0.19,0.22,0.19999999]
warning: dubious run time results for paraffins: [0.14999999,0.19,0.22,0.19999999]
warning: dubious run time results for paraffins: [1.87,0.28,1.75,0.44]
warning: dubious GC time results for paraffins: [1.79,0.24,1.71,0.4]
warning: dubious run time results for paraffins: [1.87,0.28,1.75,0.44]
warning: dubious GC time results for paraffins: [1.79,0.24,1.71,0.4]
warning: dubious run time results for paraffins: [0.65000004,0.17,0.24,0.71000004]
warning: dubious mut time results for paraffins: [4.0e-2,3.0e-2,5.0e-2,0.55]
warning: dubious GC time results for paraffins: [0.61,0.14,0.19,0.16]
warning: dubious run time results for paraffins: [0.65000004,0.17,0.24,0.71000004]
warning: dubious mut time results for paraffins: [4.0e-2,3.0e-2,5.0e-2,0.55]
warning: dubious GC time results for paraffins: [0.61,0.14,0.19,0.16]
warning: dubious run time results for paraffins: [0.16,0.14999999,0.14999999,0.21]
warning: dubious run time results for paraffins: [0.16,0.14999999,0.14999999,0.21]
warning: dubious run time results for paraffins: [0.26,0.21,0.14999999,0.22]
warning: dubious GC time results for paraffins: [0.21,0.16,0.12,0.17]
warning: dubious run time results for paraffins: [0.26,0.21,0.14999999,0.22]
warning: dubious GC time results for paraffins: [0.21,0.16,0.12,0.17]
warning: dubious run time results for paraffins: [0.14999999,0.21,0.23,0.14]
warning: dubious run time results for paraffins: [0.14999999,0.21,0.23,0.14]
warning: dubious run time results for paraffins: [0.21,0.42000002,0.32999998,0.32999998]
warning: dubious GC time results for paraffins: [0.16,0.3,0.26,0.24]
warning: dubious run time results for paraffins: [0.21,0.42000002,0.32999998,0.32999998]
warning: dubious GC time results for paraffins: [0.16,0.3,0.26,0.24]
warning: dubious run time results for paraffins: [0.45,0.61,0.14999999,0.14999999]
warning: dubious mut time results for paraffins: [8.0e-2,0.48,3.0e-2,3.0e-2]
warning: dubious GC time results for paraffins: [0.37,0.13,0.12,0.12]
warning: dubious run time results for paraffins: [0.45,0.61,0.14999999,0.14999999]
warning: dubious mut time results for paraffins: [8.0e-2,0.48,3.0e-2,3.0e-2]
warning: dubious GC time results for paraffins: [0.37,0.13,0.12,0.12]
warning: dubious run time results for paraffins: [0.23,0.16,0.18,0.18]
warning: dubious run time results for paraffins: [0.23,0.16,0.18,0.18]
warning: dubious run time results for paraffins: [0.16999999,0.26,0.21,0.21]
warning: dubious run time results for paraffins: [0.16999999,0.26,0.21,0.21]
oj limit: 0.397
00010010000010000001000000001110110000000000100001110010000001110101001101 0.167
runproj limit: 0.397
01111100010001010011001001111010010000100010001001101000001011000001000101 0.17
runproj limit: 0.397
11111100000010010010101010100010111001011000010011001000001010011010000100 0.172
runproj limit: 0.397
01101010100100100110101010101111000001001100010000100100111110110000000001 0.16
runproj limit: 0.397
00011010010000000110100000000010010111000010000010001010001100010110100100 0.18
runproj limit: 0.397
00111000000000010111101010001011000001011001000001000010001001010100010101 0.297
runproj limit: 0.397
"timed out"
11111110001000010011101000101010101101001010011001001100000011001010000100 0.36
runproj limit: 0.397
11101010000001000011100000000010110100111100000111100010010010010001000101 0.15
runproj limit: 0.397
01001000100000000010100001101010010010100011010000000010011000001111101000 0.168
runproj limit: 0.397
"timed out"
11101100101110010010100011011000001010110000011001000000001000001000000100 0.36
runproj limit: 0.397
01101111000010000000101011011011000010010010001010100010011000110111001101 0.18
runproj limit: 0.397
00010010010110100110000011001010000001000101110010010000001000000010000100 0.155
runproj limit: 0.397
01111110000001101000101001111001000001111000001010011100011101100010100101 0.307
runproj limit: 0.397
11111100000001010011101001000010111001011000000011101010001010011010010100 0.162
runproj limit: 0.397
00010000000000000110101010001011000000000001000000010010001001100100000101 0.158
runproj limit: 0.397
00100000100000101111100010100100000000010101000010100001111110110000000001 0.15
runproj limit: 0.397
11110010010000000111100001101010010110100110000000100000011100001111100000 0.175
runproj limit: 0.397
11111100000000010011101000100010111011001100010011001000001011001010000100 0.165
runproj limit: 0.397
01111110000100000010101010111011000001101000011001001100011011100001000101 0.24
runproj limit: 0.397
00010110100010001100001010101110010000000001000000110010001001100100001001 0.18
best: 0.8333333333333334
runproj limit: 0.397
10110110000110010010100011101010000001001001110010010000001000011010000100 0.238
runproj limit: 0.397
"timed out"
01110000001000010111101000001011000001000001011000010100000011100110000100 0.36
runproj limit: 0.397
11110000010000010111100001101010010000100110001001101000011110001111100101 0.172
runproj limit: 0.397
00100000100100101110101010101101000001001100010010100100111110110000000001 0.19
runproj limit: 0.397
11110100000010000111100010100010111010110110000011100000001010011011000000 1.085
runproj limit: 0.397
01111100010001010011001001111010010000100010001001101000001011000001000101 0.15
runproj limit: 0.397
00100000100000100011100010101110000000110111010000100000011010101011101001 0.168
runproj limit: 0.397
01111110000000000110100010001010010111100000010011001100001011000001000101 0.443
runproj limit: 0.397
10110000000010111000110000110011011001011000011010001101000010111010100100 0.15
runproj limit: 0.397
00011010010110101110100011001010000001000111110010010000010000000010101000 0.152
runproj limit: 0.397
01111010000111100000100110010110100001101000010001101101010011110010000101 0.15
runproj limit: 0.397
10110111100110101101001100111111010001111010000000110010101011000101000001 0.155
runproj limit: 0.397
"timed out"
10010100011000100110110000010011001010001110000010010100101010001100100101 0.36
runproj limit: 0.397
11101010000001000011100000000010110100111100000111100010010010010001000101 0.167
runproj limit: 0.397
00100000100000101111100010100100000000010101000010100001111110110000000001 0.21
runproj limit: 0.397
00010010010110100110000011001010000001000101110010010000001000000010000100 0.15
runproj limit: 0.397
00010000000000000110101010001011000000000001000000010010001001100100000101 0.182
runproj limit: 0.397
01101010100100100110101010101111000001001100010000100100111110110000000001 0.148
runproj limit: 0.397
11111100000001010011101001000010111001011000000011101010001010011010010100 0.15
runproj limit: 0.397
11111100000000010011101000100010111011001100010011001000001011001010000100 0.15
best: 0.8222222222222222
runproj limit: 0.397
11111100000010111000111001000010011001011000010010101110001010111010000100 0.165
runproj limit: 0.397
01111000000011100001101101010010110000100000011001101001000011100000000101 0.322
runproj limit: 0.397
00010010010110100110000011001010000001000101110010010000001000000010000100 0.34
runproj limit: 0.397
01110000110000110011100010111010010000110110011000101000011010101001100101 0.155
runproj limit: 0.397
10111110000000010011100011100010011001001001010011000000001000011010000100 0.188
runproj limit: 0.397
10100010000010011010110000110010111001011000000110100110010010011000100101 0.212
runproj limit: 0.397
10110101100010111001001100110111010001011010000000011100101011111011000000 0.15
runproj limit: 0.397
00000010000110100110001011101011000001001101010010110100111110100000000001 0.15
runproj limit: 0.397
01001000010001010011011011011110010000101001001001001001001001000001011101 0.15
runproj limit: 0.397
01110010000011010011100000001010010101100110000111100000001110011111100101 0.15
runproj limit: 0.397
10011000100010111000010001100011011011101001011010101100000110011010101100 0.15
runproj limit: 0.397
00110100000110000100001011000111010101011001000000001000011101000111010100 0.15
runproj limit: 0.397
"timed out"
11110010101001011011000011111110001000100010010000100000010010111011001110 0.36
runproj limit: 0.397
01101010100100100110101010101111000001001100010000100100111110110000000001 0.15
runproj limit: 0.397
01111100010001010011001001111010010000100010001001101000001011000001000101 0.15
runproj limit: 0.397
10110000000010111000110000110011011001011000011010001101000010111010100100 0.15
runproj limit: 0.397
01111010000111100000100110010110100001101000010001101101010011110010000101 0.15
runproj limit: 0.397
00010010010110100110000011001010000001000101110010010000001000000010000100 0.15
runproj limit: 0.397
11111100000001010011101001000010111001011000000011101010001010011010010100 0.15
runproj limit: 0.397
11111100000000010011101000100010111011001100010011001000001011001010000100 0.148
best: 0.8222222222222222
done evolving!
"all is well:)"
>>>>>>>>>>>>>>FINISH OPTIMIZATION>>>>>>>>>>>>>>>
723.73user 930.08system 50:48.03elapsed 54%CPU (0avgtext+0avgdata 130212maxresident)k
1224352inputs+1562120outputs (1680major+81233563minor)pagefaults 0swaps
Optimizing /h/ywang30/nofib/imaginary/paraffins
>>>>>>>>>>>>>>>START OPTIMIZATION>>>>>>>>>>>>>>>
pop: 13
gens: 15
arch: 7
limit is: 0.155
runproj limit: 0.155
Basetime is: 0.158
runproj limit: 0.155
01000000000000000000100000000000000000000000100000000010000000001010000000 0.15
runproj limit: 0.155
"timed out"
00100000001000000001000000000011000000000000000000000000000000010010000000 0.316
runproj limit: 0.155
00000000000100000010000010011010000000000000110000010000100000000000000000 0.15
runproj limit: 0.155
00000000000100000010000010100000000010100100000000010000000001100000000010 0.145
runproj limit: 0.155
00000000000000000000000001000110000000001001000001100000000000000000000000 0.15
runproj limit: 0.155
00100000100100000000000100001000000000000000000010000000000000001100000001 0.15
runproj limit: 0.155
10000000000000000000000000110001010100001000000100000001000001000000101000 0.155
runproj limit: 0.155
01000000000011000000001000000000000000000000001000000100000010100000000000 0.148
runproj limit: 0.155
00001000000000000000001000001000000000000000000001000001000000001000001001 0.152
runproj limit: 0.155
00100000000000000000000010000000001100001000000000010000000000000100000000 0.15
runproj limit: 0.155
00000100000000001000000000000000000010100000000000000000000010110000000000 0.148
runproj limit: 0.155
00001000000010000000000100000001000000000010000000000000000000000100000010 0.152
runproj limit: 0.155
00000000000000000000000000001000000000000000010000000000000000110001100000 0.148
best: 0.9177215189873417
runproj limit: 0.155
00000100000100000000000010000000000010100100000000000000000000100000000010 0.152
runproj limit: 0.155
00001000000100000000000010011001000000000010110000010000000000000100000000 0.15
runproj limit: 0.155
01100000100100000000000100000000000000000000000000000000000000001000000001 0.15
runproj limit: 0.155
00000000000000000000000010001010000000000000010000010000000000010000000000 0.15
runproj limit: 0.155
10000000000000000000000000110001010100001000000100000001000001000000101000 0.158
runproj limit: 0.155
00000000000000000000000000001000000010000000000000010000000001110000000000 0.148
runproj limit: 0.155
01000000000000001000000000000000000010100000000000000100000010100000000000 0.155
runproj limit: 0.155
00001000000000000000000000001000000000000000000001000000000000000000001000 0.152
runproj limit: 0.155
00000000000011001010000100011000000000100000100001010111101010000000100011 0.148
runproj limit: 0.155
00000100000010010110011001000111011110001000010100100000000100000000000000 0.148
runproj limit: 0.155
00001100110001100111100001010000000100100000110000001011001000001010001000 0.142
runproj limit: 0.155
01000100100110000111001010111000100010100100000011000100010000000000000110 0.152
runproj limit: 0.155
"timed out"
01100001001000001100000000010000001010000000010111111100000010110000000100 0.316
runproj limit: 0.155
00000000000100000010000010100000000010100100000000010000000001100000000010 0.15
runproj limit: 0.155
01000000000011000000001000000000000000000000001000000100000010100000000000 0.148
runproj limit: 0.155
00000100000000001000000000000000000010100000000000000000000010110000000000 0.15
runproj limit: 0.155
00000000000000000000000000001000000000000000010000000000000000110001100000 0.152
runproj limit: 0.155
01000000000000000000100000000000000000000000100000000010000000001010000000 0.15
runproj limit: 0.155
00000000000100000010000010011010000000000000110000010000100000000000000000 0.148
runproj limit: 0.155
00000000000000000000000001000110000000001001000001100000000000000000000000 0.148
best: 0.8987341772151898
runproj limit: 0.155
00000000000010000000000100011000000100000000000101010111100011000000101001 0.148
runproj limit: 0.155
01100000100100000010000110001000100000100000000011000100010000001000000100 0.15
runproj limit: 0.155
00000100100100100111000001010010000100100000110000000000101000001010000000 0.15
runproj limit: 0.155
00001000110001000111000010010000000100000010110000011010000000001000000000 0.15
runproj limit: 0.155
01000000100100000000000100100000000010000000000000000000000001101000000001 0.15
runproj limit: 0.155
00000100000000001000000010001010000000100000010000010000000010110000000000 0.148
runproj limit: 0.155
01000100000011000111100001010000000000100000101000001011000010101010001000 0.15
runproj limit: 0.155
00000100000010000111001011010111000010100000010011100100010000000000000000 0.152
runproj limit: 0.155
00000000000100100011010011011000000000010011010110010001101000000000001101 0.152
runproj limit: 0.155
00010000000000000110100010110001000010000100011000010010001000000101000111 0.152
runproj limit: 0.155
11010100100011110111101010111110100010010101001010001101100010101010100010 0.145
runproj limit: 0.155
01110100110001011111101000111000111100000101010010000000110001000000001100 0.15
runproj limit: 0.155
00010100000010010010011101010110011011100101100001011111001010010001110010 0.15
runproj limit: 0.155
00001100110001100111100001010000000100100000110000001011001000001010001000 0.15
runproj limit: 0.155
00000000000000000000000000001000000010000000000000010000000001110000000000 0.148
runproj limit: 0.155
00000000000011001010000100011000000000100000100001010111101010000000100011 0.148
runproj limit: 0.155
00000100000010010110011001000111011110001000010100100000000100000000000000 0.142
runproj limit: 0.155
01000000000011000000001000000000000000000000001000000100000010100000000000 0.145
runproj limit: 0.155
00000000000100000010000010011010000000000000110000010000100000000000000000 0.15
runproj limit: 0.155
00000000000000000000000001000110000000001001000001100000000000000000000000 0.148
best: 0.8987341772151898
runproj limit: 0.155
00000000000010000000000000011000000000000000000001010101000011010000001000 0.15
runproj limit: 0.155
00001000010001000111000001000110000100000010100001000010000000001000000000 0.15
runproj limit: 0.155
00000000000000000000000000011000000000000000000101010010100011010000001000 0.145
runproj limit: 0.155
00000100000000110111001001000110001100001000010100000000101000001000000000 0.15
runproj limit: 0.155
01010100000011010111101010000111100110011001001000101101000000001010000010 0.15
runproj limit: 0.155
00000000000000000000000000000010000010001001000000000000000001110000000000 0.155
runproj limit: 0.155
00000000000011001010000100011000000000100000101001010111100010101000101001 0.15
runproj limit: 0.155
01001000000011000011000010000000000000000010110000001000000010101000000000 0.145
runproj limit: 0.155
01000000000011000000001000100000100000000100001000000100101000110000000100 0.152
runproj limit: 0.155
01001000000000000000010100000000001100101001000101010110000001001001111001 0.15
runproj limit: 0.155
01100100110101111011000001010010000110100001110010011010111000011010110100 0.15
runproj limit: 0.155
11000101100011100111110011011111100000000101011010011101100110111010100011 0.152
runproj limit: 0.155
01100100100000001011101101110111101000000101010010000001110001101100001100 0.145
runproj limit: 0.155
00000100000010010110011001000111011110001000010100100000000100000000000000 0.142
runproj limit: 0.155
11010100100011110111101010111110100010010101001010001101100010101010100010 0.15
runproj limit: 0.155
01000000000011000000001000000000000000000000001000000100000010100000000000 0.148
runproj limit: 0.155
00000000000010000000000100011000000100000000000101010111100011000000101001 0.15
runproj limit: 0.155
00000100000000001000000010001010000000100000010000010000000010110000000000 0.15
runproj limit: 0.155
00000000000000000000000000001000000010000000000000010000000001110000000000 0.145
runproj limit: 0.155
00000000000011001010000100011000000000100000100001010111101010000000100011 0.148
best: 0.8987341772151898
runproj limit: 0.155
01010000000011010010101010000110100100001000001000100100000000001010000010 0.15
runproj limit: 0.155
00000000000000000010000000011000000000000000000001010111101000010000000000 0.148
runproj limit: 0.155
00000100000010010110011001000111011110001000010100100000000100000000000000 0.15
runproj limit: 0.155
00000000000011001000000100011000000000100000100101010111101011000000100011 0.155
runproj limit: 0.155
01010000000011000111100010000100100000010011101000101101000010101000000000 0.15
runproj limit: 0.155
01000000100001110101001000101000000010010100000010010001100010101010100010 0.15
runproj limit: 0.155
00000100000010000001000010001110000010010001001001111101000000001010000010 0.15
runproj limit: 0.155
00001100010001110111000001000110000100001000010000000000000000001000000000 0.15
runproj limit: 0.155
"timed out"
00100010001011100011010001011010101000001000000001010100001110110000001000 0.316
runproj limit: 0.155
01110000010000010000010000001000000000000000010011011011000111110001001100 0.15
runproj limit: 0.155
11011101100011110111000111111110100010010101001010011001100011000001100010 0.148
runproj limit: 0.155
"timed out"
10000001001100001000100010010000000000010000000100110010110011110000001110 0.316
runproj limit: 0.155
01000000000010000100111000111000100010010010000001100001100111010000001000 0.142
runproj limit: 0.155
00000100000010010110011001000111011110001000010100100000000100000000000000 0.148
runproj limit: 0.155
00000000000000000000000000011000000000000000000101010010100011010000001000 0.15
runproj limit: 0.155
01001000000011000011000010000000000000000010110000001000000010101000000000 0.145
runproj limit: 0.155
01100100100000001011101101110111101000000101010010000001110001101100001100 0.15
runproj limit: 0.155
00000000000000000000000000001000000010000000000000010000000001110000000000 0.148
runproj limit: 0.155
01000000000011000000001000000000000000000000001000000100000010100000000000 0.15
runproj limit: 0.155
00000000000011001010000100011000000000100000100001010111101010000000100011 0.155
best: 0.8987341772151898
runproj limit: 0.155
01110000100000001010000000111011001000000001010010000011010111110000001100 0.152
runproj limit: 0.155
00000000010001110011000000011010000000001000000000000010101000010000000000 0.155
runproj limit: 0.155
00000000000000000000000000001000000000000000000000010000100011010000000000 0.142
runproj limit: 0.155
00000000000000000000000000001000000010000000000000010000000001110000000000 0.145
runproj limit: 0.155
00000000100000000101001000001000000010000100000010010001000011101010000010 0.145
runproj limit: 0.155
01001100100001110111000001001110000000010100000000000001000010001000000000 0.148
runproj limit: 0.155
01000100000011010010001010000110000100010000001001111100000000001010000010 0.15
runproj limit: 0.155
01000001000001000100001000101000000000010000000000010010100010111010101110 0.15
runproj limit: 0.155
11111101100001110110010101111111100010010101000011000001000001000000101011 0.148
runproj limit: 0.155
10110100000011001010100100010011000010101001000001001100101110010100000101 0.15
runproj limit: 0.155
10000100000010111101001010100000100111010000010110000001001101001100000111 0.145
runproj limit: 0.155
00011100110011100111000001010100101000001000000000000000110101001101000010 0.15
runproj limit: 0.155
01000100000001110100011000001011110000100000101101010111000011110010011001 0.14
runproj limit: 0.155
01000000000010000100111000111000100010010010000001100001100111010000001000 0.142
runproj limit: 0.155
01001000000011000011000010000000000000000010110000001000000010101000000000 0.15
runproj limit: 0.155
00000000000000000010000000011000000000000000000001010111101000010000000000 0.15
runproj limit: 0.155
11011101100011110111000111111110100010010101001010011001100011000001100010 0.152
runproj limit: 0.155
00000100000010010110011001000111011110001000010100100000000100000000000000 0.148
runproj limit: 0.155
00000000000000000000000000001000000010000000000000010000000001110000000000 0.145
runproj limit: 0.155
01010000000011010010101010000110100100001000001000100100000000001010000010 0.148
best: 0.8860759493670887
runproj limit: 0.155
01001100000010111101000000100100100001010100010100000001000100001100000011 0.148
runproj limit: 0.155
01000100000001110100011000001011110000100000101101010111000011110010011001 0.142
runproj limit: 0.155
10000100000010001100000000001000100100010000000100010001000001011000000111 0.15
runproj limit: 0.155
01000100100001110111010000001010000000100100100100010101000011110010011001 0.145
runproj limit: 0.155
00000000000000000010000000011000000000000000000001010111101000010000000000 0.152
runproj limit: 0.155
00000000000000000010000000011000000010000000000000010100001000110000000000 0.148
runproj limit: 0.155
01010000000010010100101000100010100010001010000000100001100110001000001010 0.145
runproj limit: 0.155
01000001000001000100001000101000000000010100000010010000100011111010000010 0.15
runproj limit: 0.155
01010100000011101000100001111000001011010111000100010001000001010001000000 0.142
runproj limit: 0.155
01101111000111000011001000101000001000000001111011010000011011111011000110 0.152
runproj limit: 0.155
11100101100001110010010001110111100010000101110001010101000101000100100111 0.145
runproj limit: 0.155
"timed out"
10001000011000000000100011000000110010000011100010010100001101110101101110 0.316
runproj limit: 0.155
"timed out"
01000100001000110100001101111011110110101000000101111111000010010010011001 0.316
runproj limit: 0.155
01000100000001110100011000001011110000100000101101010111000011110010011001 0.15
runproj limit: 0.155
00000000000000000000000000001000000000000000000000010000100011010000000000 0.15
runproj limit: 0.155
01000000000010000100111000111000100010010010000001100001100111010000001000 0.145
runproj limit: 0.155
00000000000000000000000000001000000010000000000000010000000001110000000000 0.148
runproj limit: 0.155
00000000100000000101001000001000000010000100000010010001000011101010000010 0.142
runproj limit: 0.155
10000100000010111101001010100000100111010000010110000001001101001100000111 0.142
runproj limit: 0.155
01001100100001110111000001001110000000010100000000000001000010001000000000 0.15
best: 0.8987341772151898
runproj limit: 0.155
00010100000001101100000000011000001010010101000110010001000011101000000000 0.15
runproj limit: 0.155
00000000000001000010000000101000000000010100000001010100101010110000000010 0.148
runproj limit: 0.155
11000100000010111100011010001001110011000000001100010001000111110000001001 0.145
runproj limit: 0.155
10101110000010000101001000101000100100010001110110010000001101011001000111 0.148
runproj limit: 0.155
00000000000010000100001010100000000011000000000110010001101011001100000110 0.155
runproj limit: 0.155
01010001000011010100101000101000100000011000000000000000100011101000000010 0.15
runproj limit: 0.155
01001110000110000011000000101000000000000100011101000001011101011010000010 0.16
runproj limit: 0.155
11000100000010110000000001001000100100000001110000010001000001001100000111 0.158
runproj limit: 0.155
11101001100101110010000000010111111010011101110001001100000000010111100011 0.142
runproj limit: 0.155
11100000100000000000101010101000000010100000001010010011100011101110100110 0.142
runproj limit: 0.155
10100101100000000000000000111000010111011110110011110101100101110000010001 0.15
runproj limit: 0.155
01100111100000110101011000110010000001100100011100000001111011100010111001 0.15
runproj limit: 0.155
11010100010011110000100001011110001011010011011100011001100000010001100100 0.148
runproj limit: 0.155
01000100000001110100011000001011110000100000101101010111000011110010011001 0.15
runproj limit: 0.155
01010100000011101000100001111000001011010111000100010001000001010001000000 0.15
runproj limit: 0.155
00000000100000000101001000001000000010000100000010010001000011101010000010 0.152
runproj limit: 0.155
10000100000010111101001010100000100111010000010110000001001101001100000111 0.142
runproj limit: 0.155
01000100100001110111010000001010000000100100100100010101000011110010011001 0.148
runproj limit: 0.155
01010000000010010100101000100010100010001010000000100001100110001000001010 0.145
runproj limit: 0.155
11100101100001110010010001110111100010000101110001010101000101000100100111 0.135
best: 0.8544303797468354
runproj limit: 0.155
11000000000010110100101000100000100011011000010100100001000111001100001011 0.148
runproj limit: 0.155
00000000000001101101000010100000000011010100000101010100001100010000000110 0.145
runproj limit: 0.155
01000111100010110101001010100010100011000000010110000001111001001000101101 0.152
runproj limit: 0.155
00001110000001000101000000101000000100010101000101010100101111011001000011 0.145
runproj limit: 0.155
01000100000011110101010000111000001010110100100100010001000001010000000001 0.15
runproj limit: 0.155
01010100000011111000000001011100001010010111001110010001100000111000100100 0.145
runproj limit: 0.155
01110100100001101010100001010100001010010101110001011100000000010001100011 0.142
runproj limit: 0.155
10110100100000010000100000101000110111011010010000100001100101001000010001 0.152
runproj limit: 0.155
11011101000000111000110011110000001011110111011000010101000001011101001010 0.148
runproj limit: 0.155
11100010100001100000101010000110000010101001011110010011101011100100000101 0.148
runproj limit: 0.155
11010100100110111100011010010100110011000100001110000001100101110000001000 0.152
runproj limit: 0.155
"timed out"
01100101101011110011010111100010111010100110110000010001000101100110100011 0.316
runproj limit: 0.155
11100101100011100100010000001111000100100001010101111011010011000110100110 0.152
runproj limit: 0.155
11100101100001110010010001110111100010000101110001010101000101000100100111 0.142
runproj limit: 0.155
11101001100101110010000000010111111010011101110001001100000000010111100011 0.145
runproj limit: 0.155
11100000100000000000101010101000000010100000001010010011100011101110100110 0.15
runproj limit: 0.155
10000100000010111101001010100000100111010000010110000001001101001100000111 0.148
runproj limit: 0.155
11000100000010111100011010001001110011000000001100010001000111110000001001 0.15
runproj limit: 0.155
01010000000010010100101000100010100010001010000000100001100110001000001010 0.145
runproj limit: 0.155
00000000000001000010000000101000000000010100000001010100101010110000000010 0.15
best: 0.8987341772151898
runproj limit: 0.155
11110100100000010010000000101111110011001000010000010101000101000000000011 0.152
runproj limit: 0.155
00000100000001100101010000101000000010010100000101010101000101010000000100 0.148
runproj limit: 0.155
11000000000010110100101000100000100011011000010100100001000111001100001011 0.148
runproj limit: 0.155
11100000000010010000101010100000100010100000000000010011100110101010001110 0.142
runproj limit: 0.155
11101101100101111000100011010100001010110111010000000100000000011101101010 0.145
runproj limit: 0.155
11101001100101111010000001010110001010011101110001001100000000010111100011 0.155
runproj limit: 0.155
01000000000011110100110000101000000011010000010100100001000111010100000001 0.142
runproj limit: 0.155
11010101100010010000001001110111100010000100100001010001000101001000100110 0.152
runproj limit: 0.155
10010000000010110110110000110011111010000001101110010001101110001110010000 0.15
runproj limit: 0.155
11000110100001001011100010010110010000101001011110110010111011110000001001 0.15
runproj limit: 0.155
11110100100010110101001011100001110011001101000110100011101000010000101001 0.148
runproj limit: 0.155
"timed out"
00011000111011100100000000000011110111110000010101010100101000110000101111 0.316
runproj limit: 0.155
10101000110001110100101011000111010100101011111110100011110111010100000100 0.15
runproj limit: 0.155
01110100100001101010100001010100001010010101110001011100000000010001100011 0.148
runproj limit: 0.155
11100101100001110010010001110111100010000101110001010101000101000100100111 0.142
runproj limit: 0.155
00000000000001101101000010100000000011010100000101010100001100010000000110 0.148
runproj limit: 0.155
00001110000001000101000000101000000100010101000101010100101111011001000011 0.152
runproj limit: 0.155
01010100000011111000000001011100001010010111001110010001100000111000100100 0.152
runproj limit: 0.155
11101001100101110010000000010111111010011101110001001100000000010111100011 0.15
runproj limit: 0.155
01010000000010010100101000100010100010001010000000100001100110001000001010 0.148
best: 0.8987341772151898
runproj limit: 0.155
00001000100101010010000001110000001000011101100001000100001000010111000011 0.142
runproj limit: 0.155
01110000000011000100100000000010100010001011000001011101100100000001000011 0.15
runproj limit: 0.155
11101101100101110000010011010111000010000101110001000100000000011101101110 0.148
runproj limit: 0.155
11101101100101111010100001010111111010010101110001011100000000010101100011 0.148
runproj limit: 0.155
11000100100001001111010010110100010010011101001100110000110111010000001001 0.158
runproj limit: 0.155
00110000000011110010100000010011011010000101110100011101100010001101100000 0.148
runproj limit: 0.155
11000100000010010101001000101000100100000001000100010100101110001000000110 0.15
runproj limit: 0.155
11000101000010110100100001100010100010001110010001110001000100000000100011 0.15
runproj limit: 0.155
11000101110101110110100001100001101010010111010001000101010101010111100111 0.148
runproj limit: 0.155
"timed out"
11100001101001000100100000101000000000110101110101100111010111010100001000 0.316
runproj limit: 0.155
10001100110000100110101010001000000101001111010111101010110000100100000010 0.15
runproj limit: 0.155
00100000000001011000010000100110000111010101010100010100000100011000000110 0.15
runproj limit: 0.155
01100101100100101011010001100101100000000001100011101101000100101111111111 0.155
runproj limit: 0.155
11100000000010010000101010100000100010100000000000010011100110101010001110 0.145
runproj limit: 0.155
01000000000011110100110000101000000011010000010100100001000111010100000001 0.15
runproj limit: 0.155
11100101100001110010010001110111100010000101110001010101000101000100100111 0.15
runproj limit: 0.155
11101101100101111000100011010100001010110111010000000100000000011101101010 0.148
runproj limit: 0.155
00000100000001100101010000101000000010010100000101010101000101010000000100 0.15
runproj limit: 0.155
11000000000010110100101000100000100011011000010100100001000111001100001011 0.148
runproj limit: 0.155
11110100100010110101001011100001110011001101000110100011101000010000101001 0.15
best: 0.8987341772151898
runproj limit: 0.155
00000000000111110000110001111000001001011001110001000101001011010100000011 0.15
runproj limit: 0.155
11100101100010100101001011100101110010000101000111100011101100100010111011 0.15
runproj limit: 0.155
11000101000001110111010001101001001010010100010001010101010101010101000110 0.15
runproj limit: 0.155
11100100100001011010100000010011111010100101000001010111000010100010100011 0.155
runproj limit: 0.155
11101001000111110000100000100010000010010101110100100000000000011101101010 0.148
runproj limit: 0.155
11001000010000110110101010101000000111011010010110101010000111001100000011 0.152
runproj limit: 0.155
01100000000000100001101010101000000010000000000001010111100100000000001100 0.15
runproj limit: 0.155
11101100100011100100100000000110110010000111000001011101000100000101000011 0.15
runproj limit: 0.155
11100000010010101100101010110000101000011000100110010001111010000000111110 0.15
runproj limit: 0.155
11001111000010110011101010101011101001011101001110100001110111101010001111 0.15
runproj limit: 0.155
00000010110000110100100100101100010001010100110101110001100101111000101101 0.152
runproj limit: 0.155
"timed out"
01100100101100010010100110010001110101100111000100010011101100101011001100 0.316
runproj limit: 0.155
11110110100000111001101010011010110001000101000110000000111111010011100110 0.148
runproj limit: 0.155
00001000100101010010000001110000001000011101100001000100001000010111000011 0.152
runproj limit: 0.155
11100000000010010000101010100000100010100000000000010011100110101010001110 0.15
runproj limit: 0.155
11101101100101110000010011010111000010000101110001000100000000011101101110 0.148
runproj limit: 0.155
11101101100101111010100001010111111010010101110001011100000000010101100011 0.148
runproj limit: 0.155
00110000000011110010100000010011011010000101110100011101100010001101100000 0.148
runproj limit: 0.155
11000101110101110110100001100001101010010111010001000101010101010111100111 0.142
runproj limit: 0.155
11101101100101111000100011010100001010110111010000000100000000011101101010 0.15
best: 0.8987341772151898
runproj limit: 0.155
11101001000111110000101010100010100010000100010100110001100000001110101110 0.15
runproj limit: 0.155
11001100110000010010101010010000001011101011010011110010000110000000000011 0.15
runproj limit: 0.155
11100111100001111011001000011000101011010101000000010001110101010011000110 0.15
runproj limit: 0.155
11100100100011110010101000110100110010000100100001011001000000011101000011 0.15
runproj limit: 0.155
00000000000011110010100001111001011011010001110101000101101011010100100010 0.15
runproj limit: 0.155
11100101100111100001000011100101110010000101100011000111100000100001111011 0.158
runproj limit: 0.155
11100000000010000001101010100000100010000000000000010011100100000000001100 0.148
runproj limit: 0.155
11000101000101110001010001110101001010110110010000010101000001011101000010 0.148
runproj limit: 0.155
10001010110011110111100000010011011110000000100100111111100110001101101000 0.155
runproj limit: 0.155
"timed out"
11010101101101110111010001101011111000010100001011011101010111000101000110 0.316
runproj limit: 0.155
11010111110111110010100001100000100000010101010001100101000111010101100110 0.148
runproj limit: 0.155
11101111110011010000111010010110000011000001000011000110000001111011101111 0.15
runproj limit: 0.155
11001111000111011001101001101001101001001101011101110001110001101001101111 0.152
runproj limit: 0.155
11000101110101110110100001100001101010010111010001000101010101010111100111 0.15
runproj limit: 0.155
11101001000111110000100000100010000010010101110100100000000000011101101010 0.15
runproj limit: 0.155
11110110100000111001101010011010110001000101000110000000111111010011100110 0.142
runproj limit: 0.155
11101101100101110000010011010111000010000101110001000100000000011101101110 0.148
runproj limit: 0.155
11101101100101111010100001010111111010010101110001011100000000010101100011 0.15
runproj limit: 0.155
00110000000011110010100000010011011010000101110100011101100010001101100000 0.148
runproj limit: 0.155
00000000000111110000110001111000001001011001110001000101001011010100000011 0.145
best: 0.8987341772151898
runproj limit: 0.155
10100100100001110000000010010111011010000101110000011100100010011101101010 0.148
runproj limit: 0.155
11101000000110000001101010100000000010010101100000100010000100001101001000 0.15
runproj limit: 0.155
11001101110001110010010010010000001010101101110011100010000010011101101011 0.15
runproj limit: 0.155
11110010000000101001101010000010100010000100000110010011101100010010101100 0.15
runproj limit: 0.155
11101111100101111010010000011111101010010101110000000001110100010001001110 0.152
runproj limit: 0.155
11001100110000010010101010010000001011101011010011110010000110000000000011 0.15
runproj limit: 0.155
11100010100001110101101010010011110000000100100100001101110110001001101100 0.15
runproj limit: 0.155
10110001000111110010100001100010101000010101110000101101000010001101100000 0.152
runproj limit: 0.155
10101011100001010001010010001001001011010101001001010100111101110011100110 0.15
runproj limit: 0.155
11100111110011011000011010010110000011000011000011000110011001111011000011 0.15
runproj limit: 0.155
11100100000001100011100110001101000010000000001000110010101100010011001100 0.148
runproj limit: 0.155
10100001000011010001110111101001001000100010110001000101101001110101001011 0.15
runproj limit: 0.155
"timed out"
01101001111101010000001001001111001000001010110011000010100011110101001110 0.316
runproj limit: 0.155
11110110100000111001101010011010110001000101000110000000111111010011100110 0.148
runproj limit: 0.155
00000000000111110000110001111000001001011001110001000101001011010100000011 0.15
runproj limit: 0.155
11100000000010000001101010100000100010000000000000010011100100000000001100 0.152
runproj limit: 0.155
11000101000101110001010001110101001010110110010000010101000001011101000010 0.145
runproj limit: 0.155
11010111110111110010100001100000100000010101010001100101000111010101100110 0.145
runproj limit: 0.155
11101101100101110000010011010111000010000101110001000100000000011101101110 0.148
runproj limit: 0.155
00110000000011110010100000010011011010000101110100011101100010001101100000 0.148
best: 0.9177215189873417
runproj limit: 0.155
11101101000111010001110011011101000000100000110001000100100000111101101111 0.145
runproj limit: 0.155
11001100000001100010101110011000001011001001000011110010001100000001001000 0.15
runproj limit: 0.155
11000100100001111010110010011000111011001101100010000010101110011111100111 0.15
runproj limit: 0.155
11100011110001111001101010010111000000000111100000000100110100001011100010 0.15
runproj limit: 0.155
10000100100101110001000010110111001010100111010000011100000010011101100010 0.148
runproj limit: 0.155
11110110100001100001101110001010100010000001000100000000111111010011000110 0.158
runproj limit: 0.155
10100001000011010001110111101001001000100010110001000101101001110101001011 0.155
runproj limit: 0.155
11011100110100110010100010100000000001100111010011110100000111000100000110 0.15
runproj limit: 0.155
11111000110000010010111000110100001011100000010011010011000100000000011011 0.145
runproj limit: 0.155
01000111010110110101010000010101001111110110011110011101010001001101000010 0.148
runproj limit: 0.155
10000011000001010001110011011001001001100100001001110101111001010011101110 0.152
runproj limit: 0.155
11100001000011110011110000111001011111101110010000001111010101111110010011 0.148
runproj limit: 0.155
"timed out"
00110000101000001101001011000011111000010001100100001101111110011001001011 0.316
runproj limit: 0.155
11000101000101110001010001110101001010110110010000010101000001011101000010 0.15
runproj limit: 0.155
11010111110111110010100001100000100000010101010001100101000111010101100110 0.15
runproj limit: 0.155
10100100100001110000000010010111011010000101110000011100100010011101101010 0.15
runproj limit: 0.155
11100100000001100011100110001101000010000000001000110010101100010011001100 0.148
runproj limit: 0.155
11110110100000111001101010011010110001000101000110000000111111010011100110 0.148
runproj limit: 0.155
11101101100101110000010011010111000010000101110001000100000000011101101110 0.15
runproj limit: 0.155
00110000000011110010100000010011011010000101110100011101100010001101100000 0.155
best: 0.9177215189873417
done evolving!
"all is well:)"
>>>>>>>>>>>>>>FINISH OPTIMIZATION>>>>>>>>>>>>>>>
685.29user 287.88system 17:51.09elapsed 90%CPU (0avgtext+0avgdata 124852maxresident)k
1058056inputs+1508328outputs (564major+81406021minor)pagefaults 0swaps
