warning: dubious run time results for wheel-sieve1: [0.32000002,0.32000002,0.56,0.32000002]
warning: dubious GC time results for wheel-sieve1: [5.0e-2,5.0e-2,0.29,5.0e-2]
warning: dubious run time results for wheel-sieve1: [0.32000002,0.32000002,0.56,0.32000002]
warning: dubious GC time results for wheel-sieve1: [5.0e-2,5.0e-2,0.29,5.0e-2]
warning: dubious run time results for wheel-sieve1: [0.55,0.81000006,0.46,0.36]
warning: dubious GC time results for wheel-sieve1: [0.28,0.54,0.19,9.0e-2]
warning: dubious run time results for wheel-sieve1: [0.55,0.81000006,0.46,0.36]
warning: dubious GC time results for wheel-sieve1: [0.28,0.54,0.19,9.0e-2]
warning: dubious run time results for wheel-sieve1: [2.83,0.29999998,0.29,0.29999998]
warning: dubious GC time results for wheel-sieve1: [2.55,4.0e-2,4.0e-2,4.0e-2]
warning: dubious run time results for wheel-sieve1: [2.83,0.29999998,0.29,0.29999998]
warning: dubious GC time results for wheel-sieve1: [2.55,4.0e-2,4.0e-2,4.0e-2]
warning: dubious run time results for wheel-sieve1: [6.45,0.29,0.29,0.29]
warning: dubious GC time results for wheel-sieve1: [6.19,4.0e-2,4.0e-2,4.0e-2]
warning: dubious run time results for wheel-sieve1: [6.45,0.29,0.29,0.29]
warning: dubious GC time results for wheel-sieve1: [6.19,4.0e-2,4.0e-2,4.0e-2]
warning: dubious run time results for wheel-sieve1: [1.21,1.32,4.12,1.0]
warning: dubious mut time results for wheel-sieve1: [0.26,0.4,0.28,0.28]
warning: dubious GC time results for wheel-sieve1: [0.95,0.92,3.84,0.72]
warning: dubious run time results for wheel-sieve1: [1.21,1.32,4.12,1.0]
warning: dubious mut time results for wheel-sieve1: [0.26,0.4,0.28,0.28]
warning: dubious GC time results for wheel-sieve1: [0.95,0.92,3.84,0.72]
Optimizing /h/ywang30/nofib/imaginary/wheel-sieve1
>>>>>>>>>>>>>>>START OPTIMIZATION>>>>>>>>>>>>>>>
pop: 13
gens: 15
arch: 7
limit is: 0.31
runproj limit: 0.31
Basetime is: 0.312
runproj limit: 0.31
0100000000000000000010000000000000000 0.318
runproj limit: 0.31
0010000000100000000100000000001100000 0.31
runproj limit: 0.31
"timed out"
0000000000010000001000001001101000000 0.624
runproj limit: 0.31
"timed out"
0000000000010000001000001010000000001 0.624
runproj limit: 0.31
0000000000000000000000000100011000000 0.308
runproj limit: 0.31
"timed out"
0010000010010000000000010000100000000 0.624
runproj limit: 0.31
1000000000000000000000000011000101010 0.302
runproj limit: 0.31
0100000000001100000000100000000000000 0.38
runproj limit: 0.31
"timed out"
0000100000000000000000100000100000000 0.624
runproj limit: 0.31
0010000000000000000000001000000000110 0.302
runproj limit: 0.31
0000010000000000100000000000000000001 0.32
runproj limit: 0.31
"timed out"
0000100000001000000000010000000100000 0.624
runproj limit: 0.31
0000000000000000000000000000100000000 0.323
best: 0.967948717948718
runproj limit: 0.31
0000010000000000000000000000010000001 0.308
runproj limit: 0.31
0010000000100000000000000000000100000 0.302
runproj limit: 0.31
0110000000000000000000001000000000100 0.315
runproj limit: 0.31
0000000000000000000000000000100000000 0.315
runproj limit: 0.31
1000000000000000000000000011000101010 0.302
runproj limit: 0.31
1000000000000000000000000001100101010 0.31
runproj limit: 0.31
0110000000000000000000000000001100000 0.3
runproj limit: 0.31
1000000000000000000000000001000001010 0.545
runproj limit: 0.31
0010000000111100100100011000000100000 0.308
runproj limit: 0.31
"timed out"
0000010000001001011001100100011101111 0.624
runproj limit: 0.31
"timed out"
0100110011000110011100000001011000010 0.624
runproj limit: 0.31
0110010000011000010100110001000010000 0.285
runproj limit: 0.31
"timed out"
0110000100100000110000000001000000101 0.624
runproj limit: 0.31
1000000000000000000000000011000101010 0.372
runproj limit: 0.31
0010000000000000000000001000000000110 0.93
runproj limit: 0.31
0000000000000000000000000100011000000 0.31
runproj limit: 0.31
0010000000100000000100000000001100000 0.318
runproj limit: 0.31
0100000000000000000010000000000000000 0.308
runproj limit: 0.31
0000010000000000100000000000000000001 0.308
runproj limit: 0.31
0000000000000000000000000000100000000 0.305
best: 0.9134615384615384
runproj limit: 0.31
0000000000000000000000000001000100010 0.297
runproj limit: 0.31
0110000000010000000000000000000010100 0.298
runproj limit: 0.31
0000000000000000100000000000100001011 0.32
runproj limit: 0.31
"timed out"
0000000011000100011100000001011001010 0.624
runproj limit: 0.31
0010000000000000000000000000011000000 0.3
runproj limit: 0.31
0000000000000000000000000100100000000 0.3
runproj limit: 0.31
0000000000110100000100001000010100000 0.3
runproj limit: 0.31
0010010000001000010100110101011100001 1.83
runproj limit: 0.31
"timed out"
0000010000000010100101000100001000001 0.624
runproj limit: 0.31
1001000000010000010010000010000001010 0.295
runproj limit: 0.31
"timed out"
1111010000001111010110110001011010000 0.624
runproj limit: 0.31
0101010001000101110110111001000011111 1.912
runproj limit: 0.31
0011010000111001000101111100111101101 0.293
runproj limit: 0.31
0110010000011000010100110001000010000 0.285
runproj limit: 0.31
0110000000000000000000000000001100000 0.302
runproj limit: 0.31
0010000000100000000000000000000100000 0.31
runproj limit: 0.31
1000000000000000000000000011000101010 0.297
runproj limit: 0.31
0000000000000000000000000000100000000 0.305
runproj limit: 0.31
0000010000000000000000000000010000001 0.297
runproj limit: 0.31
0010000000111100100100011000000100000 0.3
best: 0.9134615384615384
runproj limit: 0.31
1001000000010000010000000001000101010 0.29
runproj limit: 0.31
"timed out"
0010000001011100011100001000000101010 0.624
runproj limit: 0.31
0110000000000000000000000000000000001 0.308
runproj limit: 0.31
0100010000010000010000110001000011001 0.29
runproj limit: 0.31
1000000000010100010100001010000000010 0.3
runproj limit: 0.31
0110000000100100000000000000000100000 0.3
runproj limit: 0.31
0000000000100000000000001000010100000 0.31
runproj limit: 0.31
0010000000000000000000000001000000010 0.3
runproj limit: 0.31
0000000000110100000100001010010110000 0.3
runproj limit: 0.31
"timed out"
0100100000001000000001000000100100110 0.624
runproj limit: 0.31
1111000001010101100010000010000001011 0.3
runproj limit: 0.31
"timed out"
0011000100111101100101111110000000001 0.624
runproj limit: 0.31
0011010001001101000100100001100001011 0.31
runproj limit: 0.31
0110010000011000010100110001000010000 0.282
runproj limit: 0.31
0011010000111001000101111100111101101 0.298
runproj limit: 0.31
1001000000010000010010000010000001010 0.29
runproj limit: 0.31
0000000000000000000000000001000100010 0.305
runproj limit: 0.31
1000000000000000000000000011000101010 0.32
runproj limit: 0.31
0000010000000000000000000000010000001 0.312
runproj limit: 0.31
0110000000010000000000000000000010100 0.3
best: 0.9038461538461537
runproj limit: 0.31
1000000000010000010000001010000000010 0.3
runproj limit: 0.31
0010000000010000000000000000010100100 0.295
runproj limit: 0.31
0110010000011000010100110001000010000 0.282
runproj limit: 0.31
0100010000010000010000000000000010001 0.29
runproj limit: 0.31
0000000000000100000100001010010010010 0.305
runproj limit: 0.31
0010000000110001000100111000110101001 0.298
runproj limit: 0.31
1001000000010000010100001010000100010 0.29
runproj limit: 0.31
0010010001011100010000000000000101011 0.3
runproj limit: 0.31
"timed out"
1011001000110110011101000101001111110 0.624
runproj limit: 0.31
0111000001100001000001001000010100001 0.288
runproj limit: 0.31
"timed out"
0011110100111001000111001000111101101 0.624
runproj limit: 0.31
"timed out"
1000000100000100100110000010110110000 0.624
runproj limit: 0.31
1101000000010000000011100011000111011 0.298
runproj limit: 0.31
0110010000011000010100110001000010000 0.282
runproj limit: 0.31
1001000000010000010000000001000101010 0.29
runproj limit: 0.31
0100010000010000010000110001000011001 0.29
runproj limit: 0.31
1001000000010000010010000010000001010 0.292
runproj limit: 0.31
0011010000111001000101111100111101101 0.292
runproj limit: 0.31
1000000000010100010100001010000000010 0.3
runproj limit: 0.31
0110000000100100000000000000000100000 0.3
best: 0.9038461538461537
runproj limit: 0.31
1111000000110000010000000010010001010 0.3
runproj limit: 0.31
1001000000010000000000000000010000100 0.3
runproj limit: 0.31
0111000000100001000101111100110100101 0.297
runproj limit: 0.31
0001010000011001000100011100100101001 0.29
runproj limit: 0.31
0011000000110001000100111000111101001 0.298
runproj limit: 0.31
0100010000010000010000000000000010001 0.29
runproj limit: 0.31
1001000000010000010000000011000101010 0.29
runproj limit: 0.31
"timed out"
0010000100110000000100111000110101000 0.624
runproj limit: 0.31
1010000000011100010001000010000100010 0.3
runproj limit: 0.31
1101010000100100000010000000101000001 0.308
runproj limit: 0.31
"timed out"
1110010010111101100100110000010111011 0.624
runproj limit: 0.31
"timed out"
0011010011010101010000000001001111101 0.624
runproj limit: 0.31
"timed out"
1000010000011111000101001010101111010 0.624
runproj limit: 0.31
0110010000011000010100110001000010000 0.28
runproj limit: 0.31
0111000001100001000001001000010100001 0.29
runproj limit: 0.31
0100010000010000010000000000000010001 0.292
runproj limit: 0.31
1001000000010000010100001010000100010 0.29
runproj limit: 0.31
1001000000010000010000000001000101010 0.29
runproj limit: 0.31
0100010000010000010000110001000011001 0.292
runproj limit: 0.31
1001000000010000010010000010000001010 0.297
best: 0.8974358974358975
runproj limit: 0.31
1001000000010000000100001000101101010 0.3
runproj limit: 0.31
1000000000011100000101001010001101010 0.3
runproj limit: 0.31
1001000000010001010100011101100101011 0.288
runproj limit: 0.31
1000010000010000010010000000000010001 0.29
runproj limit: 0.31
0100010000010000010000000000000010001 0.29
runproj limit: 0.31
011000000111warning: dubious run time results for wheel-sieve1: [0.29,0.47,0.29,0.38]
warning: dubious GC time results for wheel-sieve1: [3.0e-2,0.22,3.0e-2,0.12]
warning: dubious run time results for wheel-sieve1: [0.29,0.47,0.29,0.38]
warning: dubious GC time results for wheel-sieve1: [3.0e-2,0.22,3.0e-2,0.12]
0001010001000000010010001 0.3
runproj limit: 0.31
0111000001100001010101000000000010000 0.288
runproj limit: 0.31
0100010001100000000001001000010000001 0.29
runproj limit: 0.31
"timed out"
0100000000010111100110011011100101101 0.624
runproj limit: 0.31
"timed out"
0101111110101101011100111010111101100 0.624
runproj limit: 0.31
"timed out"
1000100000010000000000010001100101010 0.624
runproj limit: 0.31
"timed out"
1001110001111001000110010000000110001 0.624
runproj limit: 0.31
"timed out"
0010000100010100000101101111110101011 0.624
runproj limit: 0.31
0110010000011000010100110001000010000 0.282
runproj limit: 0.31
0001010000011001000100011100100101001 0.285
runproj limit: 0.31
0100010000010000010000000000000010001 0.288
runproj limit: 0.31
1001000000010000010000000011000101010 0.292
runproj limit: 0.31
0111000001100001000001001000010100001 0.29
runproj limit: 0.31
1001000000010000010100001010000100010 0.29
runproj limit: 0.31
1001000000010000010000000001000101010 0.322
best: 0.9038461538461537
runproj limit: 0.31
1111000000000000010001000001000100010 0.312
runproj limit: 0.31
0100010000010000010000000000000010001 0.288
runproj limit: 0.31
0100010000010000010100100000000010001 0.29
runproj limit: 0.31
"timed out"
0101101011100001010100101010110011000 0.624
runproj limit: 0.31
0001010000010001010100010000000100001 0.3
runproj limit: 0.31
0101010001100001000101000000000010001 0.3
runproj limit: 0.31
"timed out"
0101111010101001011100011000111101001 0.624
runproj limit: 0.31
0101010000010000010100000001100110011 0.312
runproj limit: 0.31
"timed out"
0110110001100001010000000110010011101 0.624
runproj limit: 0.31
0110010000010000000100001010000010001 0.3
runproj limit: 0.31
"timed out"
1110000111100000000001001011010001011 0.624
runproj limit: 0.31
"timed out"
1010011100010100011010100011100010001 0.624
runproj limit: 0.31
"timed out"
0000100001010001100000010011111101010 0.624
runproj limit: 0.31
0110010000011000010100110001000010000 0.285
runproj limit: 0.31
0001010000011001000100011100100101001 0.285
runproj limit: 0.31
1001000000010001010100011101100101011 0.288
runproj limit: 0.31
0111000001100001010101000000000010000 0.288
runproj limit: 0.31
0100010000010000010000000000000010001 0.288
runproj limit: 0.31
1000010000010000010010000000000010001 0.29
runproj limit: 0.31
0100010001100000000001001000010000001 0.29
best: 0.9134615384615384
runproj limit: 0.31
0111010001000001010001000000000010000 0.305
runproj limit: 0.31
0111010001010000010100000000000010000 0.292
runproj limit: 0.31
0011000001000001000101010000000111000 0.292
runproj limit: 0.31
0100010000010000010000000000000010001 0.29
runproj limit: 0.31
0000010000011000010000001000000001001 0.29
runproj limit: 0.31
1001000000010001000100010001110101011 0.285
runproj limit: 0.31
0001010000010001010100011100100101011 0.285
runproj limit: 0.31
"timed out"
1110000011110000000011000010000011011 0.624
runproj limit: 0.31
"timed out"
1001110100010100000101010100000101001 0.624
runproj limit: 0.31
"timed out"
0110011000010110000100001000111010001 0.624
runproj limit: 0.31
"timed out"
0101010010000000010000000001110110001 0.624
runproj limit: 0.31
1100010001001000000101010001000101101 0.297
runproj limit: 0.31
"timed out"
0100010000011001001000000111100000010 0.624
runproj limit: 0.31
0110010000011000010100110001000010000 0.28
runproj limit: 0.31
0001010000011001000100011100100101001 0.29
runproj limit: 0.31
0100010000010000010000000000000010001 0.29
runproj limit: 0.31
1001000000010001010100011101100101011 0.29
runproj limit: 0.31
0111000001100001010101000000000010000 0.288
runproj limit: 0.31
0100010000010000010100100000000010001 0.292
runproj limit: 0.31
1000010000010000010010000000000010001 0.29
best: 0.8974358974358975
runproj limit: 0.31
0100010001011000000101010001000001001 0.28
runproj limit: 0.31
1000010000010000010000001000000000001 0.29
runproj limit: 0.31
0111000001100001010001000000000010000 0.288
runproj limit: 0.31
0100000000100001010001000000000010001 0.3
runproj limit: 0.31
"timed out"
0001110000010001000100010100000101001 0.624
runproj limit: 0.31
0011000001100001010100000100000101001 0.292
runproj limit: 0.31
0000010000011000010000001000000001001 0.29
runproj limit: 0.31
0100010000010000010100110001000010001 0.28
runproj limit: 0.31
"timed out"
0100010000010010011011100001000111101 0.624
runproj limit: 0.31
"timed out"
0100001000010100101000101001111011000 0.624
runproj limit: 0.31
"timed out"
0111010010010000110101000110100010001 0.624
runproj limit: 0.31
"timed out"
0001110011110000110100000010001110011 0.624
runproj limit: 0.31
"timed out"
0000111001010001000000000100000111010 0.624
runproj limit: 0.31
0110010000011000010100110001000010000 0.282
runproj limit: 0.31
1001000000010001000100010001110101011 0.288
runproj limit: 0.31
0001010000010001010100011100100101011 0.29
runproj limit: 0.31
0111000001100001010101000000000010000 0.29
runproj limit: 0.31
0100010000010000010000000000000010001 0.295
runproj limit: 0.31
0000010000011000010000001000000001001 0.29
runproj limit: 0.31
0001010000011001000100011100100101001 0.285
best: 0.8974358974358975
runproj limit: 0.31
0100000001000001010100100100000111001 0.305
runproj limit: 0.31
0010010000011000000100111100000101001 0.29
runproj limit: 0.31
"timed out"
0101010010010001000100000011110110011 0.624
runproj limit: 0.31
0000010000011000010000011001000001001 0.292
runproj limit: 0.31
"timed out"
0100010000011100101100111101110111001 0.624
runproj limit: 0.31
0110010000010000010000010001000010001 0.29
runproj limit: 0.31
0110000001100001010101000000000010000 0.292
runproj limit: 0.31
0100010000011000000100111000000100001 0.288
runproj limit: 0.31
1011000001000001010111010000101101111 0.32
runproj limit: 0.31
"timed out"
0011000110111010000101010001110101010 0.624
runproj limit: 0.31
"timed out"
0110000001011101001101010101111100001 0.624
runproj limit: 0.31
"timed out"
0101000001100010000100001000011010010 0.624
runproj limit: 0.31
1100010000000101110000110000001010000 0.32
runproj limit: 0.31
0100010001011000000101010001000001001 0.28
runproj limit: 0.31
0100010000010000010100110001000010001 0.288
runproj limit: 0.31
0110010000011000010100110001000010000 0.288
runproj limit: 0.31
0001010000011001000100011100100101001 0.288
runproj limit: 0.31
0111000001100001010001000000000010000 0.288
runproj limit: 0.31
1001000000010001000100010001110101011 0.285
runproj limit: 0.31
1000010000010000010000001000000000001 0.292
best: 0.8974358974358975
runproj limit: 0.31
1000010000010000010000111000000000001 0.285
runproj limit: 0.31
1000010000010101010000001000001000001 0.302
runproj limit: 0.31
1011000001100001010001000000001111101 0.3
runproj limit: 0.31
0100010000011000000000011001000001001 0.288
runproj limit: 0.31
1000000000010000010100000001010101011 0.3
runproj limit: 0.31
1011000000011001000100111000000101001 0.282
runproj limit: 0.31
0100010001100001000001010000000011001 0.29
runproj limit: 0.31
0010010000011000000100111100000101001 0.29
runproj limit: 0.31
"timed out"
0100010000011011110101010000000001100 0.624
runproj limit: 0.31
"timed out"
1001111100010001011000011001011001110 0.624
runproj limit: 0.31
"timed out"
0101001011011001000100100001000110010 0.624
runproj limit: 0.31
"timed out"
1100000011100000001101100010000100010 0.624
runproj limit: 0.31
1000011000011000100010001111101100000 0.292
runproj limit: 0.31
0100010001011000000101010001000001001 0.285
runproj limit: 0.31
1001000000010001000100010001110101011 0.288
runproj limit: 0.31
0100010000011000000100111000000100001 0.29
runproj limit: 0.31
0100010000010000010100110001000010001 0.288
runproj limit: 0.31
0110010000011000010100110001000010000 0.285
runproj limit: 0.31
0001010000011001000100011100100101001 0.358
runproj limit: 0.31
0111000001100001010001000000000010000 0.29
best: 0.9038461538461537
runproj limit: 0.31
1000000000010000000100010001010101011 0.288
runproj limit: 0.31
0011010000011001000100111001000101001 0.28
runproj limit: 0.31
0101000001100001000001010000001011101 0.292
runproj limit: 0.31
1100010000011000010000011000000000001 0.295
runproj limit: 0.31
10000100000110warning: dubious run time results for wheel-sieve1: [0.29,0.32999998,0.43,0.28]
warning: dubious run time results for wheel-sieve1: [0.29,0.32999998,0.43,0.28]
00010000110001000010000 0.29
runproj limit: 0.31
1100010000010001000000101000001000001 0.298
runproj limit: 0.31
1001010000010000000000110001110101011 0.292
runproj limit: 0.31
0101000001001001010101010000000010000 0.305
runproj limit: 0.31
"timed out"
1101111011011000000000110001000010010 0.624
runproj limit: 0.31
"timed out"
1010000011010001010001000000000100100 0.624
runproj limit: 0.31
1000001000011001010100010001110001110 0.29
runproj limit: 0.31
"timed out"
0100011001000010000110011100000000001 0.624
runproj limit: 0.31
"timed out"
0100010000001110101000010101001001001 0.624
runproj limit: 0.31
1011000000011001000100111000000101001 0.288
runproj limit: 0.31
1000010000010000010000111000000000001 0.28
runproj limit: 0.31
0100010001011000000101010001000001001 0.285
runproj limit: 0.31
0110010000011000010100110001000010000 0.282
runproj limit: 0.31
0100010000011000000000011001000001001 0.282
runproj limit: 0.31
1001000000010001000100010001110101011 0.285
runproj limit: 0.31
0100010000010000010100110001000010001 0.288
best: 0.8974358974358975
runproj limit: 0.31
0010010000011000010100010001100001001 0.295
runproj limit: 0.31
1000010000010000010000110001000001001 0.282
runproj limit: 0.31
0010010000011001010100111001000100001 0.285
runproj limit: 0.31
1100010000011000000001110001110101001 0.29
runproj limit: 0.31
0100000001110000010100110000000011100 0.288
runproj limit: 0.31
0011010000011001000100111001000101001 0.332
runproj limit: 0.31
1100010001011000000100010000001001001 0.295
runproj limit: 0.31
1001000000010001010100110001110010000 0.298
runproj limit: 0.31
"timed out"
0001110001100011101000111001001101101 0.624
runproj limit: 0.31
"timed out"
1101011011011000100010110001000010010 0.624
runproj limit: 0.31
"timed out"
1001010000011111001100100011000011011 0.624
runproj limit: 0.31
"timed out"
0011000100000011000000001000110001011 0.624
runproj limit: 0.31
"timed out"
0000000001110010010001010001100000100 0.624
runproj limit: 0.31
0011010000011001000100111001000101001 0.285
runproj limit: 0.31
1000010000010000010000111000000000001 0.285
runproj limit: 0.31
0110010000011000010100110001000010000 0.285
runproj limit: 0.31
0100010000011000000000011001000001001 0.297
runproj limit: 0.31
0100010001011000000101010001000001001 0.282
runproj limit: 0.31
1001000000010001000100010001110101011 0.29
runproj limit: 0.31
1000000000010000000100010001010101011 0.29
best: 0.9038461538461537
runproj limit: 0.31
"timed out"
1100010100010010000000110001110101001 0.624
runproj limit: 0.31
0010010000011001010100111001000100001 0.29
runproj limit: 0.31
0010010000011001010100111001000101001 0.288
runproj limit: 0.31
0001010000011001000001110001100101001 0.29
runproj limit: 0.31
1100000001110000000100110000010111000 0.285
runproj limit: 0.31
"timed out"
0011110001000001100000111001000101101 0.624
runproj limit: 0.31
"timed out"
0111000001100011000100111000100001100 0.624
runproj limit: 0.31
0110010001011000010101010001000010001 0.285
runproj limit: 0.31
0111010001110000010101111010010011100 0.29
runproj limit: 0.31
1010011001010101000100111111000100011 0.302
runproj limit: 0.31
"timed out"
0110100011110000010110110101000011101 0.624
runproj limit: 0.31
"timed out"
0110000000000000001010011101110000011 0.624
runproj limit: 0.31
"timed out"
0101011000110111110010110100000001101 0.624
runproj limit: 0.31
1000010000010000010000110001000001001 0.285
runproj limit: 0.31
0100010001011000000101010001000001001 0.285
runproj limit: 0.31
0010010000011001010100111001000100001 0.282
runproj limit: 0.31
0011010000011001000100111001000101001 0.292
runproj limit: 0.31
1000010000010000010000111000000000001 0.282
runproj limit: 0.31
0110010000011000010100110001000010000 0.28
runproj limit: 0.31
0100000001110000010100110000000011100 0.288
best: 0.8974358974358975
done evolving!
"all is well:)"
>>>>>>>>>>>>>>FINISH OPTIMIZATION>>>>>>>>>>>>>>>
679.92user 474.96system 26:19.59elapsed 73%CPU (0avgtext+0avgdata 129520maxresident)k
1126712inputs+1693976outputs (850major+72077863minor)pagefaults 0swaps
Optimizing /h/ywang30/nofib/imaginary/wheel-sieve1
>>>>>>>>>>>>>>>START OPTIMIZATION>>>>>>>>>>>>>>>
pop: 13
gens: 15
arch: 7
limit is: 0.325
runproj limit: 0.325
Basetime is: 0.312
runproj limit: 0.325
0100000000000000000010000000000000000 0.308
runproj limit: 0.325
0010000000100000000100000000001100000 0.3
runproj limit: 0.325
"timed out"
0000000000010000001000001001101000000 0.624
runproj limit: 0.325
"timed out"
0000000000010000001000001010000000001 0.624
runproj limit: 0.325
0000000000000000000000000100011000000 0.308
runproj limit: 0.325
"timed out"
0010000010010000000000010000100000000 0.624
runproj limit: 0.325
1000000000000000000000000011000101010 0.302
runproj limit: 0.325
0100000000001100000000100000000000000 0.32
runproj limit: 0.325
"timed out"
0000100000000000000000100000100000000 0.624
runproj limit: 0.325
0010000000000000000000001000000000110 0.302
runproj limit: 0.325
0000010000000000100000000000000000001 0.312
runproj limit: 0.325
"timed out"
0000100000001000000000010000000100000 0.624
runproj limit: 0.325
0000000000000000000000000000100000000 0.31
best: 0.9615384615384615
runproj limit: 0.325
0000010000000000000000000000010000001 0.302
runproj limit: 0.325
0010000000100000000000000000000100000 0.3
runproj limit: 0.325
0110000000000000000000001000000000100 0.308
runproj limit: 0.325
0000000000000000000000000000100000000 0.31
runproj limit: 0.325
1010000000000000000100000011000100010 0.312
runproj limit: 0.325
1000000000000000000000000001100101010 0.3
runproj limit: 0.325
0110000000000000000000000000001100000 0.3
runproj limit: 0.325
1000000000000000000000000001000001010 0.315
runproj limit: 0.325
0010000000111100100100011000000100000 0.31
runproj limit: 0.325
"timed out"
0000010000001001011001100100011101111 0.624
runproj limit: 0.325
"timed out"
0000110011000110011110000101000000010 0.624
runproj limit: 0.325
0110010000011000010100110001000010000 0.285
runproj limit: 0.325
"timed out"
0110000100100000110000000001000000101 0.624
runproj limit: 0.325
0010000000100000000100000000001100000 0.3
runproj limit: 0.325
1000000000000000000000000011000101010 0.308
runproj limit: 0.325
0010000000000000000000001000000000110 0.305
runproj limit: 0.325
0100000000000000000010000000000000000 0.31
runproj limit: 0.325
0000000000000000000000000100011000000 0.312
runproj limit: 0.325
0000000000000000000000000000100000000 0.31
runproj limit: 0.325
0000010000000000100000000000000000001 0.31
best: 0.9134615384615384
runproj limit: 0.325
0010000000000000000000000001000100010 0.31
runproj limit: 0.325
0110000000110000000100000000000110000 0.29
runproj limit: 0.325
0100000000000000000010000000100001010 0.302
runproj limit: 0.325
1000000000100000000000000011000100010 0.297
runproj limit: 0.325
0010000000100000000000001000000100110 0.312
runproj limit: 0.325
0010000000000000000000000000100000100 0.31
runproj limit: 0.325
0000000000110100000100001000010100000 0.302
runproj limit: 0.325
0010010000001000010100110101011100001 0.295
runproj limit: 0.325
"timed out"
0000000000000010000101000100101000000 0.624
runproj limit: 0.325
0011000000110000010110000001001000000 0.3
runproj limit: 0.325
"timed out"
1111010000001111010110110001011010000 0.624
runproj limit: 0.325
0101010001000101110110111001000011111 0.305
runproj limit: 0.325
0011010000100101100101100100110101101 0.32
runproj limit: 0.325
0110010000011000010100110001000010000 0.288
runproj limit: 0.325
0010000000100000000000000000000100000 0.3
runproj limit: 0.325
1000000000000000000000000001100101010 0.3
runproj limit: 0.325
0110000000000000000000000000001100000 0.3
runproj limit: 0.325
0010000000100000000100000000001100000 0.3
runproj limit: 0.325
0000010000000000000000000000010000001 0.3
runproj limit: 0.325
0010000000000000000000001000000000110 0.302
best: 0.923076923076923
runproj limit: 0.325
0011000000110000010000000001001100000 0.29
runproj limit: 0.325
0010000000100000000000001010000000110 0.307
runproj limit: 0.325
0010000000100000000000000000000000001 0.308
runproj limit: 0.325
1100010000010000010000110011000110000 0.295
runproj limit: 0.325
0000000000110100010100001001000000000 0.302
runproj limit: 0.325
0010000000000000000000000000000100000 0.3
runproj limit: 0.325
1000000000100000000000001000110101010 0.315
runproj limit: 0.325
0000000000100000000000000010001100000 0.3
runproj limit: 0.325
0010000000100000000100000010001110000 0.302
runproj limit: 0.325
"timed out"
0110110000000000010101110100111100101 0.624
runproj limit: 0.325
0101000001110101100110000001001000001 0.302
runproj limit: 0.325
"timed out"
0011000100000001000001101110000100111 0.624
runproj limit: 0.325
0011010001001101000100100001100001011 0.31
runproj limit: 0.325
0110010000011000010100110001000010000 0.288
runproj limit: 0.325
0110000000110000000100000000000110000 0.292
runproj limit: 0.325
0010010000001000010100110101011100001 0.292
runproj limit: 0.325
1000000000100000000000000011000100010 0.3
runproj limit: 0.325
0011000000110000010110000001001000000 0.302
runproj limit: 0.325
0010000000100000000000000000000100000 0.3
runproj limit: 0.325
1000000000000000000000000001100101010 0.302
best: 0.923076923076923
runproj limit: 0.325
0000010000110000010100111001000100001 0.3
runproj limit: 0.325
0000000000000000000000000001100100000 0.305
runproj limit: 0.325
0110010000011000010100110001000010000 0.288
runproj limit: 0.325
1000010000000000010000000001100111010 0.3
runproj limit: 0.325
0010000000100000000100000010001110000 0.3
runproj limit: 0.325
0110000000110000000100000000000100000 0.29
runproj limit: 0.325
0001000000110000010100001001000100000 0.298
runproj limit: 0.325
0010010000000000000000000010000000110 0.3
runproj limit: 0.325
"timed out"
0001001000010110011101000101000110100 0.624
runproj limit: 0.325
0101000001100001000001000000000100001 0.29
runproj limit: 0.325
"timed out"
0110100100110000000110110100000110000 0.624
runproj limit: 0.325
"timed out"
1010000100010000100110001010101110000 0.624
runproj limit: 0.325
0111000000110000000011100011001110001 0.29
runproj limit: 0.325
0110010000011000010100110001000010000 0.282
runproj limit: 0.325
0011000000110000010000000001001100000 0.29
runproj limit: 0.325
0110000000110000000100000000000110000 0.288
runproj limit: 0.325
0010010000001000010100110101011100001 0.295
runproj limit: 0.325
1100010000010000010000110011000110000 0.298
runproj limit: 0.325
0010000000000000000000000000000100000 0.302
runproj limit: 0.325
0000000000100000000000000010001100000 0.3
best: 0.9038461538461537
runproj limit: 0.325
0101000000100000010000000001001100001 0.3
runproj limit: 0.325
0010000000000000000100010010001110000 0.297
runproj limit: 0.325
1001000000110000010000110011001110000 0.3
runproj limit: 0.325
0110000000110000000100000000001100000 0.302
runproj limit: 0.325
0110000000110000000100000000000100000 0.285
runproj limit: 0.325
0110010000110000000000000010000100000 0.29
runproj limit: 0.325
0011000000110000010000000001001100000 0.29
runproj limit: 0.325
"timed out"
0110000100110000000100000000000100000 0.624
runproj limit: 0.325
0000000000001000000101001000000000000 0.31
runproj limit: 0.325
1011010000100000000010000010100000001 0.31
runproj limit: 0.325
"timed out"
1010010010111100100100001000100110010 0.624
runproj limit: 0.325
"timed out"
0011010010001001000000000011001010000 0.624
runproj limit: 0.325
"timed out"
0010000000001011010001000010101111110 0.624
runproj limit: 0.325
0110010000011000010100110001000010000 0.285
runproj limit: 0.325
0110000000110000000100000000000110000 0.29
runproj limit: 0.325
0110000000110000000100000000000100000 0.292
runproj limit: 0.325
0101000001100001000001000000000100001 0.29
runproj limit: 0.325
0111000000110000000011100011001110001 0.29
runproj limit: 0.325
0011000000110000010000000001001100000 0.29
runproj limit: 0.325
0010010000001000010100110101011100001 0.292
best: 0.9134615384615384
runproj limit: 0.325
0101000001110001000101000000000100001 0.29
runproj limit: 0.325
0000000000101001010001000010001101111 0.295
runproj limit: 0.325
0011000000110000010000110011001100000 0.29
runproj limit: 0.325
0010010000110000000000000110011100000 0.29
runproj limit: 0.325
0110000000110000000100000000000100000 0.29
runproj limit: 0.325
0110000000110000000100000000000100000 0.288
runproj limit: 0.325
0110000000110000010100000000000010000 0.295
runproj limit: 0.325
0110000000110000000100000000000110000 0.29
runproj limit: 0.325
"timed out"
0000010000101110110010000110001100101 0.624
runproj limit: 0.325
"timed out"
0000111110101100011100000010000100101 0.624
runproj limit: 0.325
"timed out"
0110100000110000010011110011101110001 0.624
runproj limit: 0.325
"timed out"
1010100001100000000110011110101101000 0.624
runproj limit: 0.325
"timed out"
0110000100010100000101010111000100011 0.624
runproj limit: 0.325
0110000000110000000100000000000100000 0.29
runproj limit: 0.325
0110010000011000010100110001000010000 0.285
runproj limit: 0.325
0110010000110000000000000010000100000 0.288
runproj limit: 0.325
0011000000110000010000000001001100000 0.29
runproj limit: 0.325
0110000000110000000100000000000110000 0.29
runproj limit: 0.325
0101000001100001000001000000000100001 0.29
runproj limit: 0.325
0111000000110000000011100011001110001 0.285
best: 0.9134615384615384
runproj limit: 0.325
0111000000110000000000000001001100000 0.305
runproj limit: 0.325
0110000000110000000100000000000100000 0.29
runproj limit: 0.325
0110000000110000000100000000000100000 0.29
runproj limit: 0.325
"timed out"
0101101011100000000100000010000100001 0.624
runproj limit: 0.325
0110010000010000000100010111000010000 0.285
runproj limit: 0.325
0110000000110000000100000000000110000 0.29
runproj limit: 0.325
"timed out"
0010111010101000011100100000000000000 0.624
runproj limit: 0.325
0111000000110000000000100011001100000 0.29
runproj limit: 0.325
"timed out"
0110110000100000000101000110000101100 0.624
runproj limit: 0.325
1100010000110000010110001100011100000 0.29
runproj limit: 0.325
"timed out"
1001010110110000010000000010001101010 0.624
runproj limit: 0.325
"timed out"
0000011100110100001000100101111100000 0.624
runproj limit: 0.325
"timed out"
1110100001110001110011110001110110001 0.624
runproj limit: 0.325
0110010000011000010100110001000010000 0.288
runproj limit: 0.325
0111000000110000000011100011001110001 0.288
runproj limit: 0.325
0110000000110000000100000000000100000 0.285
runproj limit: 0.325
0110010000110000000000000010000100000 0.29
runproj limit: 0.325
0101000001110001000101000000000100001 0.29
runproj limit: 0.325
0011000000110000010000110011001100000 0.29
runproj limit: 0.325
0010010000110000000000000110011100000 0.29
best: 0.9134615384615384
runproj limit: 0.325
0110000000110000000100010011000000000 0.29
runproj limit: 0.325
0110010000010000000000000010000010000 0.3
runproj limit: 0.325
0110010000110000000000100010001100000 0.29
runproj limit: 0.325
0110000000110000000100000000000100000 0.288
runproj limit: 0.325
0101000000110001000101000011001110001 0.3
runproj limit: 0.325
0110000000110001010100100000110110000 0.302
runproj limit: 0.325
0111000000110000000110100001001110001 0.295
runproj limit: 0.325
"timed out"
1001010010110000010000000011001101010 0.624
runproj limit: 0.325
"timed out"
1111100100111101000010101011101110001 0.624
runproj limit: 0.325
"timed out"
1100011000110110010110001110100100000 0.624
runproj limit: 0.325
"timed out"
0111000010100000000100000001110000000 0.624
runproj limit: 0.325
1010010000011000000100011111001001100 0.282
runproj limit: 0.325
"timed out"
0110000000111001011100000111100110011 0.624
runproj limit: 0.325
0110010000010000000100010111000010000 0.282
runproj limit: 0.325
0110000000110000000100000000000100000 0.288
runproj limit: 0.325
0110010000011000010100110001000010000 0.29
runproj limit: 0.325
0111000000110000000011100011001110001 0.29
runproj limit: 0.325
0110000000110000000100000000000110000 0.29
runproj limit: 0.325
0111000000110000000000100011001100000 0.29
runproj limit: 0.325
1100010000110000010110001100011100000 0.29
best: 0.9038461538461537
runproj limit: 0.325
0110010000010000000100011111000001000 0.295
runproj limit: 0.325
1101000000110000010101000010001110001 0.302
runproj limit: 0.325
0110000000110000000100010011000000000 0.292
runproj limit: 0.325
1110000000110000000100001011001010100 0.3
runproj limit: 0.325
"timed out"
0110100000111000000110001001101110001 0.624
runproj limit: 0.325
0110000000110000000100000011000000000 0.3
runproj limit: 0.325
0110000000110000000101010011001110001 0.29
runproj limit: 0.325
1011010000010000000100111111001000100 0.295
runproj limit: 0.325
"timed out"
1011000000110010001001000010001001100 0.624
runproj limit: 0.325
"timed out"
1110001000110100111010101111100101001 0.624
runproj limit: 0.325
"timed out"
0101000010110000100001000110100100000 0.624
runproj limit: 0.325
"timed out"
0100100011011001100001001001000001011 0.624
runproj limit: 0.325
"timed out"
0010111001011001000100110101000111011 0.624
runproj limit: 0.325
1010010000011000000100011111001001100 0.29
runproj limit: 0.325
0110010000010000000100010111000010000 0.285
runproj limit: 0.325
0110000000110000000100000000000100000 0.288
runproj limit: 0.325
0110000000110000000100010011000000000 0.292
runproj limit: 0.325
0110010000110000000000100010001100000 0.29
runproj limit: 0.325
0110010000011000010100110001000010000 0.288
runproj limit: 0.325
0111000000110000000011100011001110001 0.29
best: 0.9134615384615384
runproj limit: 0.325
0110000000110000000100000011000000000 0.298
runproj limit: 0.325
1110000000010000000101010011001110001 0.292
runproj limit: 0.325
"timed out"
0110000010010000000100000111100000000 0.624
runproj limit: 0.325
0110010000011000010100110111000010000 0.295
runproj limit: 0.325
"timed out"
1110000000110100101011101011101101001 0.624
runproj limit: 0.325
1110010000010000000000110011001100100 0.295
runproj limit: 0.325
1110000000110000000100010011000010000 0.29
runproj limit: 0.325
0110010000010000000111010111000110001 0.292
runproj limit: 0.325
0100010001000000010111010110011010100 0.302
runproj limit: 0.325
"timed out"
1100010110111011000101010111000010001 0.624
runproj limit: 0.325
"timed out"
0100000000010101001100011011111100000 0.624
runproj limit: 0.325
"timed out"
0100000000110011010001001000011100010 0.624
runproj limit: 0.325
1110010000000101100000010110001010001 0.31
runproj limit: 0.325
0110010000010000000100010111000010000 0.282
runproj limit: 0.325
0110000000110000000100000000000100000 0.285
runproj limit: 0.325
0110010000011000010100110001000010000 0.282
runproj limit: 0.325
0110000000110000000101010011001110001 0.295
runproj limit: 0.325
1010010000011000000100011111001001100 0.288
runproj limit: 0.325
0110010000110000000000100010001100000 0.29
runproj limit: 0.325
0111000000110000000011100011001110001 0.292
best: 0.9038461538461537
runproj limit: 0.325
0111000000110000000000000011000110001 0.288
runproj limit: 0.325
0110000000110101000001100010001110001 0.295
runproj limit: 0.325
0110010000011000010100110101011010100 0.295
runproj limit: 0.325
0110010000011000000100110111000010000 0.298
runproj limit: 0.325
0111010000110000000000100010001110001 0.29
runproj limit: 0.325
0110010000010000000001000011001110000 0.285
runproj limit: 0.325
1110010000011000000100010111000000000 0.298
runproj limit: 0.325
1110000000010000000101010011001110001 0.292
runproj limit: 0.325
"timed out"
0110010001011011100100110000000010101 0.624
runproj limit: 0.325
"timed out"
0110101100110000011100101010100000101 0.624
runproj limit: 0.325
"timed out"
1010011011111000000000010010111111001 0.624
runproj limit: 0.325
"timed out"
1110000010101000001100100100000111011 0.624
runproj limit: 0.325
0111001000111000110001100100100010000 0.3
runproj limit: 0.325
0110010000010000000100010111000010000 0.29
runproj limit: 0.325
0110010000011000010100110001000010000 0.282
runproj limit: 0.325
0110000000110000000100000000000100000 0.285
runproj limit: 0.325
1010010000011000000100011111001001100 0.29
runproj limit: 0.325
1110000000110000000100010011000010000 0.302
runproj limit: 0.325
0110010000110000000000100010001100000 0.29
runproj limit: 0.325
1110000000010000000101010011001110001 0.29
best: 0.9038461538461537
runproj limit: 0.325
0111010000110000010100110000001010000 0.282
runproj limit: 0.325
0110010000011000000000000011001110000 0.3
runproj limit: 0.325
1110010000011000000100010111011000100 0.282
runproj limit: 0.325
0111000000011000000100100001000010000 0.288
runproj limit: 0.325
0111010000011000000000110011000010000 0.282
runproj limit: 0.325
0110000000110001000001000010001110000 0.29
runproj limit: 0.325
0110000000011000010000000011000010000 0.292
runproj limit: 0.325
1110000000010000000100010011000010001 0.292
runproj limit: 0.325
"timed out"
0101101011010000010001010011001110011 0.624
runproj limit: 0.325
"timed out"
0111010010101000010100110101010001101 0.624
runproj limit: 0.325
0111011000010000000100110001000110101 0.29
runproj limit: 0.325
"timed out"
0110001001101010000110100100000000000 0.624
runproj limit: 0.325
"timed out"
0110010000001110101100111011001010000 0.624
runproj limit: 0.325
0110010000011000010100110001000010000 0.28
runproj limit: 0.325
0110010000010000000001000011001110000 0.292
runproj limit: 0.325
0110000000110000000100000000000100000 0.288
runproj limit: 0.325
0111000000110000000000000011000110001 0.288
runproj limit: 0.325
0111010000110000000000100010001110001 0.29
runproj limit: 0.325
0110010000010000000100010111000010000 0.28
runproj limit: 0.325
1010010000011000000100011111001001100 0.285
best: 0.8974358974358975
runproj limit: 0.325
1110010000011000000100010111011010000 0.282
runproj limit: 0.325
0110010000010000000000000011000110000 0.29
runproj limit: 0.325
0111000000010000000000000011001110000 0.29
runproj limit: 0.325
0110000000010000000100100011000010000 0.3
runproj limit: 0.325
0111010000011000000000000111000100101 0.302
runproj limit: 0.325
0110000000010000000000000011001110000 0.29
runproj limit: 0.325
0110000000110000000101000000001100000 0.3
runproj limit: 0.325
0110010000010000000100110011000010000 0.295
runproj limit: 0.325
"timed out"
1010100000011010101101111110011110100 0.624
runproj limit: 0.325
"timed out"
0101001011010000110011010011001110011 0.624
runproj limit: 0.325
"timed out"
0110000000011110001100100101110100000 0.624
runproj limit: 0.325
"timed out"
1100010100000010000000001110000110000 0.624
runproj limit: 0.325
"timed out"
1111010001010010000001101010100110100 0.624
runproj limit: 0.325
0110010000011000010100110001000010000 0.29
runproj limit: 0.325
0110010000010000000100010111000010000 0.285
runproj limit: 0.325
0111010000110000010100110000001010000 0.29
runproj limit: 0.325
1110010000011000000100010111011000100 0.282
runproj limit: 0.325
0111010000011000000000110011000010000 0.288
runproj limit: 0.325
1010010000011000000100011111001001100 0.29
runproj limit: 0.325
0111000000011000000100100001000010000 0.29
best: 0.9038461538461537
runproj limit: 0.325
"timed out"
1010010100010010000000011111000011100 0.624
runproj limit: 0.325
0110000000010000000000000011001110000 0.288
runproj limit: 0.325
0111010000010000000000010001001010000 0.288
runproj limit: 0.325
0110000000110000000101000001001110000 0.293
runproj limit: 0.325
1110010000011000000100010111011010100 0.29
runproj limit: 0.325
"timed out"
0010110000011000100101111010000010100 0.624
runproj limit: 0.325
"timed out"
0100010000001010000000001111000110101 0.624
runproj limit: 0.325
1110010000110000010100010011001010000 0.29
runproj limit: 0.325
0101010000010000000001001001011110000 0.288
runproj limit: 0.325
0110011001010100010100010001011000110 0.3
runproj limit: 0.325
"timed out"
0101110010011000000010000010000100100 0.624
runproj limit: 0.325
"timed out"
1100000000000000001110010011101001110 0.624
runproj limit: 0.325
"timed out"
1011011000110111100010000110000110100 0.624
runproj limit: 0.325
1110010000011000000100010111011010000 0.28
runproj limit: 0.325
1110010000011000000100010111011000100 0.285
runproj limit: 0.325
0110010000010000000100010111000010000 0.282
runproj limit: 0.325
0111010000011000000000110011000010000 0.29
runproj limit: 0.325
0110010000010000000000000011000110000 0.288
runproj limit: 0.325
0111000000010000000000000011001110000 0.29
runproj limit: 0.325
0110000000010000000000000011001110000 0.29
best: 0.8974358974358975
done evolving!
"all is well:)"
>>>>>>>>>>>>>>FINISH OPTIMIZATION>>>>>>>>>>>>>>>
671.91user 253.32system 16:59.40elapsed 90%CPU (0avgtext+0avgdata 108540maxresident)k
1070448inputs+1474640outputs (346major+72126724minor)pagefaults 0swaps
