Optimizing /h/ywang30/nofib/spectral/ansi
>>>>>>>>>>>>>>>START OPTIMIZATION>>>>>>>>>>>>>>>
pop: 13
gens: 15
arch: 7
limit is: 0.0
runproj limit: 0.0
"All is well :D"
Basetime is: 125504.0
runproj limit: 0.0
00000000000000000000000000000000000000000000000000000000000000000000000000000000000000000000000 125504.0
runproj limit: 0.0
00100000001000000001000000000011000000000000000000000000000000010010000000000000000000000000000 125504.0
runproj limit: 0.0
00000000000100000010000010011010000000000000110000010000100000000000000000001000001000000000000 126224.0
runproj limit: 0.0
00000000000100000010000010100000000010100100000000010000000001100000000010000000000000000000000 125504.0
runproj limit: 0.0
00000000000000000000000001000110000000001001000001100000000000000000000000000000000000000100010 139936.0
runproj limit: 0.0
00100000100100000000000100001000000000000000000010000000000000001100000001000000000010000000000 126760.0
runproj limit: 0.0
00000000000000000000000000000000000000000000000000000000000000000000000000000000000000000000000 125504.0
runproj limit: 0.0
01000000000011000000001000000000000000000000001000000100000010100000000000000000000100110000100 126200.0
runproj limit: 0.0
00001000000000000000001000001000000000000000000001000001000000001000001001000000000000000001000 125536.0
runproj limit: 0.0
00000000000000000000000000000000000000000000000000000000000000000000000000000000000000000000000 125504.0
runproj limit: 0.0
00000100000000001000000000000000000010100000000000000000000010110000000000001000001111000000100 126184.0
runproj limit: 0.0
00001000000010000000000100000001000000000010000000000000000000000100000010000000000000000000000 125504.0
runproj limit: 0.0
00000000000000000000000000001000000000000000010000000000000000110001100000100100000000000000000 125504.0
best: 1.0
runproj limit: 0.0
00000100000100000000000010000000000010100100000000000000000000100000000010000000000101000000000 125504.0
runproj limit: 0.0
00100000001000000000000000000000000000000000000000000000000000010010000000000000000000000000000 125504.0
runproj limit: 0.0
00000000000000000000000000000000000000000000000000000000000000000000000000000000000000000000000 125504.0
runproj limit: 0.0
00000000000000000000000000001000000000000000000001000000000000010000001000000100000000000001000 125504.0
runproj limit: 0.0
00100000000000000001000000000000000000000000000000000000000000000000000000000000000000000000000 125504.0
runproj limit: 0.0
00000000000000000000000000001000000000000000000000000000000000010000000000000000000000000000000 125504.0
runproj limit: 0.0
00100000000000000000000000000011000000000000000000000000000000000000000000000000000000000001000 125504.0
runproj limit: 0.0
00000000000000000000001000000000000000000000000001000001000000001000000001000000000000000001000 125536.0
runproj limit: 0.0
00100000001111001001000110000001000000100000010001000111001010010010100011000100000000110001000 125576.0
runproj limit: 0.0
00001100000000010110011100000000011110000011010101000000000100000100000010000000000110101000101 126192.0
runproj limit: 0.0
01001100110001100111000001010000000100100000010000001001001000000000001000100000001010100001001 127496.0
runproj limit: 0.0
01000100100110000111001010111000100010100100000011000100010000000000000110000010001001000001010 127368.0
runproj limit: 0.0
01100001001000001100000000010000001010000000010111111100000010110000000100001000001111010001111 126232.0
runproj limit: 0.0
00000000000000000000000000000000000000000000000000000000000000000000000000000000000000000000000 125504.0
runproj limit: 0.0
00100000001000000001000000000011000000000000000000000000000000010010000000000000000000000000000 125504.0
runproj limit: 0.0
00000000000100000010000010100000000010100100000000010000000001100000000010000000000000000000000 125504.0
runproj limit: 0.0
00001000000010000000000100000001000000000010000000000000000000000100000010000000000000000000000 125504.0
runproj limit: 0.0
00000000000000000000000000001000000000000000010000000000000000110001100000100100000000000000000 125504.0
runproj limit: 0.0
00001000000000000000001000001000000000000000000001000001000000001000001001000000000000000001000 125536.0
runproj limit: 0.0
00000100000000001000000000000000000010100000000000000000000010110000000000001000001111000000100 126184.0
best: 1.0
runproj limit: 0.0
00100000000000000000000000000001000000000000000000000000000000000000000000000000000000000001000 125504.0
runproj limit: 0.0
01000000000000001000000000000000000000000000010011001100000000000000000100001000000100010000010 126264.0
runproj limit: 0.0
00001000000000000000000100001001000000000010000000000000000000000000000010000000000000000000000 125504.0
runproj limit: 0.0
00100000000000000001000000000011000000000000000000000000000000000000000000000000000000000000000 125504.0
runproj limit: 0.0
00000000000000000000000000000000000000000000000000000000000000000000000000000000000000000000000 125504.0
runproj limit: 0.0
00000000000000000000000100001000000000000000000001000000000000000100001000000100000000000001000 125504.0
runproj limit: 0.0
00000000001101000001000010000001000000100100000000000111000000110010000010000100000001000001000 125504.0
runproj limit: 0.0
00100000000000000100000000000000000010000000010000000000000000000100000010000000000100100000101 125600.0
runproj limit: 0.0
00001000000010100001010101000011000000010001100110000001001000000100001111011011000000100000000 126480.0
runproj limit: 0.0
00010000000100000100100000010001000000100000011000000010001001100101000101000001010001000000001 126408.0
runproj limit: 0.0
10110000000101110000100000000101000000110001001001001001110010101010100100000001100110101001010 126280.0
runproj limit: 0.0
01110100110001011111101000111000111100000101010010000000110001000000001100000010000100000001011 127488.0
runproj limit: 0.0
00010100000001011000011001001110011011000101000000001000100000010001010001100110010000000100001 126544.0
runproj limit: 0.0
00000100000100000000000010000000000010100100000000000000000000100000000010000000000101000000000 125504.0
runproj limit: 0.0
00100000001000000000000000000000000000000000000000000000000000010010000000000000000000000000000 125504.0
runproj limit: 0.0
00000000000000000000000000000000000000000000000000000000000000000000000000000000000000000000000 125504.0
runproj limit: 0.0
00000000000000000000000000001000000000000000000001000000000000010000001000000100000000000001000 125504.0
runproj limit: 0.0
00100000000000000001000000000000000000000000000000000000000000000000000000000000000000000000000 125504.0
runproj limit: 0.0
00000000000000000000000000001000000000000000000000000000000000010000000000000000000000000000000 125504.0
runproj limit: 0.0
00100000000000000000000000000011000000000000000000000000000000000000000000000000000000000001000 125504.0
best: 1.0
runproj limit: 0.0
00100000001000000000000000000001000000000000000000000000000000010010000000000000000000000000000 125504.0
runproj limit: 0.0
00100000000000000001000000000011000000000000000000000000000000000000000000000000000000000001000 125504.0
runproj limit: 0.0
00001000000000000000000100001000000000000010000000000000000000000000000010000000000000000000000 125504.0
runproj limit: 0.0
00000000000000000000000000001001000000000010000001000000000000010000001010000000000000000000000 125504.0
runproj limit: 0.0
00000000000001000001000010001000000000000000000000000101000000010010000010000100000001000001000 125536.0
runproj limit: 0.0
00100000000000000000000000000010000000000000000000000000000000010010000000000000000000000001000 125504.0
runproj limit: 0.0
00000000001000000000000010000000000000000000000000000000000000110000000010000100000001000000000 125504.0
runproj limit: 0.0
00100000000000000001000000000001000000000000000000000000000000000000000000000000000000000000000 125504.0
runproj limit: 0.0
00000000001101000001000010100001100000100000000000000111101010100010000110100111110111100111000 125632.0
runproj limit: 0.0
01101000000010000000010000011001001000101001000000000001100010001001010000110000001010000011101 140288.0
runproj limit: 0.0
01101000010001011100000100001001000010000011000010011010010000010000110110001010100011010000000 126240.0
runproj limit: 0.0
00110001000000010000011001100010000010010000010000010000000100010000000001010011000000000101010 125504.0
runproj limit: 0.0
00110000010001010000000101001111010110000000010000000001000000101000000010000001000101101000101 125632.0
runproj limit: 0.0
00100000000000000000000000000001000000000000000000000000000000000000000000000000000000000001000 125504.0
runproj limit: 0.0
00001000000000000000000100001001000000000010000000000000000000000000000010000000000000000000000 125504.0
runproj limit: 0.0
00100000000000000001000000000011000000000000000000000000000000000000000000000000000000000000000 125504.0
runproj limit: 0.0
00000000000000000000000000000000000000000000000000000000000000000000000000000000000000000000000 125504.0
runproj limit: 0.0
00000000000000000000000100001000000000000000000001000000000000000100001000000100000000000001000 125504.0
runproj limit: 0.0
00000000001101000001000010000001000000100100000000000111000000110010000010000100000001000001000 125504.0
runproj limit: 0.0
00000100000100000000000010000000000010100100000000000000000000100000000010000000000101000000000 125504.0
best: 1.0
runproj limit: 0.0
00000000000000000001000010000001000000000000000000000000000000000010000010000000000001000001000 125504.0
runproj limit: 0.0
00000100000100000000000010000000000010000100000000000000000000110000000010000100000001000000000 125504.0
runproj limit: 0.0
00100000000000000001000000000011000000000000000000000000000000000000000000000000000000000001000 125504.0
runproj limit: 0.0
00000000000100000000000000000000000000100000000000000000000000000000000010000000000001000000000 125504.0
runproj limit: 0.0
00000000000001000001000010001001000000000000000000000101000000000000000000000000000000000000000 125536.0
runproj limit: 0.0
00000000001000000000000110001001000000100000000000000110000000000000000010000100000000000001000 125504.0
runproj limit: 0.0
00100000001000000000010000100011000010010000000000000000000000010000000001010001000000000001010 125504.0
runproj limit: 0.0
00100000000000000000000000001011000000000010000001000000000000010000000000000000000000000001000 125504.0
runproj limit: 0.0
00000010000001100011010001000011101000001000000000000001001101110010000000110001010101001010000 139192.0
runproj limit: 0.0
01110000011000010000010010000000000010000000010011001011000110110001001110000100010100000111000 126144.0
runproj limit: 0.0
00000001000000000000101001001001000000000010000000010100000001101011000010100000001001010000001 125568.0
runproj limit: 0.0
10001001001100001000100110000000000000010010000001100000010000100000000100000010100001100000000 126208.0
runproj limit: 0.0
01100000001000000100111000100001100010010010000000110100100100010010000000100010110000010000101 125328.0
runproj limit: 0.0
00100000001000000000000000000001000000000000000000000000000000010010000000000000000000000000000 125504.0
runproj limit: 0.0
00100000000000000001000000000011000000000000000000000000000000000000000000000000000000000001000 125504.0
runproj limit: 0.0
00001000000000000000000100001000000000000010000000000000000000000000000010000000000000000000000 125504.0
runproj limit: 0.0
00000000000000000000000000001001000000000010000001000000000000010000001010000000000000000000000 125504.0
runproj limit: 0.0
00100000000000000000000000000010000000000000000000000000000000010010000000000000000000000001000 125504.0
runproj limit: 0.0
00000000001000000000000010000000000000000000000000000000000000110000000010000100000001000000000 125504.0
runproj limit: 0.0
00100000000000000001000000000001000000000000000000000000000000000000000000000000000000000000000 125504.0
best: 0.9985976542580316
runproj limit: 0.0
00100000000000000001000000000001000000000010000001000000000000000000001000000000000000000000000 125504.0
runproj limit: 0.0
00100100000100000000000010000011000010000110000001000000000000010000000010000100000000000000000 125504.0
runproj limit: 0.0
00100000000000000001000000000011000000000000000000000000000000000000000000000000000000000001000 125504.0
runproj limit: 0.0
00100000000000000000000110001010000000000000000000000100000000010000000010000100000000000001000 125504.0
runproj limit: 0.0
00000000001000000000000110001001000000100000000000000110000000000000000010000100000000000001000 125504.0
runproj limit: 0.0
00100000001000000000000010001011000000100010000001000000000000010000000000000100000000000001000 125504.0
runproj limit: 0.0
00000000000000000001000010100001000000010000000000000000000000000010000000000001000000000001000 124616.0
runproj limit: 0.0
00000001001000000000000110001001000000010000000001000000000000100000000110000110000000000000000 124616.0
runproj limit: 0.0
00100000001010000001010000000001000000000000001001011000100010110001001011000100001001100000000 125672.0
runproj limit: 0.0
10010100000000000001100000001010000010001001100000011011000100010100100110000100000000010000000 140280.0
runproj limit: 0.0
11000100101011001000000100000001100101100100010100010110101111100110100111000100001000000001000 127448.0
runproj limit: 0.0
00110000100010010000000000011001101100000010010001000000110101010101000010100000010000001100100 126808.0
runproj limit: 0.0
00000100001010110100010010001011110000100000100101010011000001100010011011001100001001100000010 126568.0
runproj limit: 0.0
01100000001000000100111000100001100010010010000000110100100100010010000000100010110000010000101 125328.0
runproj limit: 0.0
00000000000000000001000010000001000000000000000000000000000000000010000010000000000001000001000 125504.0
runproj limit: 0.0
00000100000100000000000010000000000010000100000000000000000000110000000010000100000001000000000 125504.0
runproj limit: 0.0
00100000000000000001000000000011000000000000000000000000000000000000000000000000000000000001000 125504.0
runproj limit: 0.0
00000000000100000000000000000000000000100000000000000000000000000000000010000000000001000000000 125504.0
runproj limit: 0.0
00000000001000000000000110001001000000100000000000000110000000000000000010000100000000000001000 125504.0
runproj limit: 0.0
00100000001000000000010000100011000010010000000000000000000000010000000001010001000000000001010 125504.0
best: 0.9929245283018868
runproj limit: 0.0
00100000000000000000000000001001000000100000000000000000000000000000000010000100000000000001000 125504.0
runproj limit: 0.0
00100000000010000100010000000011010000000000100001000001000001000010001011001100000001000000010 126208.0
runproj limit: 0.0
00000000000000000000000110001011000000010000000000000000000000010000000000000001000000000001000 125504.0
runproj limit: 0.0
00100000001000000000010010001011000000010010000001000000000000010000000001010101000000000001010 125504.0
runproj limit: 0.0
00100100000100000000000010000001000010000100000000000000000000010000000010000100000000000000000 125504.0
runproj limit: 0.0
00000000000100000000000010000000000000000100000000000000000000010000000010000100000001000001000 125504.0
runproj limit: 0.0
01000000000000000100100000100001100010000010000000010100100100000010000010100000100000010001001 126224.0
runproj limit: 0.0
00000001001000000000000110001001000000110000000001000110000000000000000010000110000000000001000 124624.0
runproj limit: 0.0
01110100000011101000100111111010001001010111000100000101000000110001000010011110000000110101101 126248.0
runproj limit: 0.0
01101111101111000110000110101001001010100101111001000111011000010001000110101001000000110000001 136824.0
runproj limit: 0.0
00011000000100000100000100001000000000110000110010010100000100000100001110000000110001001100001 124624.0
runproj limit: 0.0
10101000011000000000100101000010110000000011100010000000001100010101101100001101010000011011100 126440.0
runproj limit: 0.0
00000001000001000000010011111001000110011000101001101000000001000000000110110011001101000101001 139328.0
runproj limit: 0.0
00000000000000000001000010100001000000010000000000000000000000000010000000000001000000000001000 124616.0
runproj limit: 0.0
00000001001000000000000110001001000000010000000001000000000000100000000110000110000000000000000 124616.0
runproj limit: 0.0
01100000001000000100111000100001100010010010000000110100100100010010000000100010110000010000101 125328.0
runproj limit: 0.0
00100000000000000001000000000001000000000010000001000000000000000000001000000000000000000000000 125504.0
runproj limit: 0.0
00100100000100000000000010000011000010000110000001000000000000010000000010000100000000000000000 125504.0
runproj limit: 0.0
00100000000000000001000000000011000000000000000000000000000000000000000000000000000000000001000 125504.0
runproj limit: 0.0
00100000000000000000000110001010000000000000000000000100000000010000000010000100000000000001000 125504.0
best: 0.9929245283018868
runproj limit: 0.0
00100000000100000001000000000001000010000010000001000000000000010000001000000100000000000000000 125504.0
runproj limit: 0.0
00000100000100000000000110001001000010010000000000000010000000000000000010000100000000000000000 124616.0
runproj limit: 0.0
00100100000100000001000010100001000010010100000000000000000000000000000000000000000000000001000 124616.0
runproj limit: 0.0
00101010101000000000000010101011000010100001110000000111000000010001000000101000000000110001000 136824.0
runproj limit: 0.0
00100001001000000000010110001001000000010010000001000000000000110000000000000101000000000000000 124616.0
runproj limit: 0.0
01000001001000000000100000001001100000110000000001010100000000000010000010000110100000000001000 125232.0
runproj limit: 0.0
01001011101100000110000110001001000000100000001001000000011000110000000110001111000000010000001 136664.0
runproj limit: 0.0
00001001000000000100000100001001000000110000110011000110000000000100001110000000110000001000001 124624.0
runproj limit: 0.0
00010100000000000100010101101000011000101000110010001101000001010111001010001010100001010110001 140232.0
runproj limit: 0.0
11000000001000000101110000101011000000110110001001000010100000010100100101011101000000011001010 126312.0
runproj limit: 0.0
10100100101000000000000110111001010101101110110010100011100100000000010011010011000001010000100 141224.0
runproj limit: 0.0
00000011001001000010011010110011000001010010111001010100111000000000100001000101010010110001110 134784.0
runproj limit: 0.0
10011000010100011100000100101110000000110100101010011100100101000100101010100001010001001010001 125680.0
runproj limit: 0.0
00000000000000000001000010100001000000010000000000000000000000000010000000000001000000000001000 124616.0
runproj limit: 0.0
00000001001000000000000110001001000000010000000001000000000000100000000110000110000000000000000 124616.0
runproj limit: 0.0
00000001001000000000000110001001000000110000000001000110000000000000000010000110000000000001000 124624.0
runproj limit: 0.0
00011000000100000100000100001000000000110000110010010100000100000100001110000000110001001100001 124624.0
runproj limit: 0.0
01100000001000000100111000100001100010010010000000110100100100010010000000100010110000010000101 125328.0
runproj limit: 0.0
00100000000000000000000000001001000000100000000000000000000000000000000010000100000000000001000 125504.0
runproj limit: 0.0
00000000000000000000000110001011000000010000000000000000000000010000000000000001000000000001000 125504.0
best: 0.9929245283018868
runproj limit: 0.0
01100000001000000000111100001001100000010010000001100000000000010010000000000001110000010000101 125280.0
runproj limit: 0.0
00011000001000000100010100001001000000010000100001000000000100010000000100000100000000000000001 125448.0
runproj limit: 0.0
00011001001100000000000100001001000000110000100010000000000000000000000110000010110001000000000 124624.0
runproj limit: 0.0
00000100000100000000000110001001000010010000000000000010000000000000000010000100000000000000000 124616.0
runproj limit: 0.0
00100001001000000100111010000001000000010010000001110000100000100000000010000010000000000000101 125272.0
runproj limit: 0.0
00000001001100010100000100001100000000110000101000010100100101000100101010000100010001001011001 125680.0
runproj limit: 0.0
00000001001000000000000110001001000000010000000001000100000000000000000110000110000000000000000 124616.0
runproj limit: 0.0
01000010101000000110000100001001000000100000001000000000011000000000000010001100000000000001001 136664.0
runproj limit: 0.0
10001000001011010000010100000001000000110000011101000100000000101100001100110011000000000001001 126176.0
runproj limit: 0.0
11000010001001100101110000000101000000111111011101000010101000011110000110011101001000011011010 139016.0
runproj limit: 0.0
00110100100000000001000010111100000010010000000010010000100010000000000001101011101100000000100 126592.0
runproj limit: 0.0
10000000001010000001000000011110011000110011000001000100000000110010000100110011000000100011000 126200.0
runproj limit: 0.0
00000100000110010110000111110001100100110100100100101100010110000010000011000100000000000000000 126120.0
runproj limit: 0.0
00000100000100000000000110001001000010010000000000000010000000000000000010000100000000000000000 124616.0
runproj limit: 0.0
00100100000100000001000010100001000010010100000000000000000000000000000000000000000000000001000 124616.0
runproj limit: 0.0
00100001001000000000010110001001000000010010000001000000000000110000000000000101000000000000000 124616.0
runproj limit: 0.0
00000000000000000001000010100001000000010000000000000000000000000010000000000001000000000001000 124616.0
runproj limit: 0.0
00000001001000000000000110001001000000010000000001000000000000100000000110000110000000000000000 124616.0
runproj limit: 0.0
00001001000000000100000100001001000000110000110011000110000000000100001110000000110000001000001 124624.0
runproj limit: 0.0
00000001001000000000000110001001000000110000000001000110000000000000000010000110000000000001000 124624.0
best: 0.9929245283018868
runproj limit: 0.0
00000000001100000001000100011001010000010001000001000010000000100000000110110000000000100010000 125608.0
runproj limit: 0.0
00000001001000000000111110000001000000110000000001000110000000100000000010000110000000000000100 124624.0
runproj limit: 0.0
01100001001000000000101100001001000000010010000001000000000000100000000100000011010000000000001 125224.0
runproj limit: 0.0
00100001001000000000000110001001000000010010000001000000000000110000000010000100000000000000000 124616.0
runproj limit: 0.0
00101000001110000001000100100001000000110000000101000100000000101100001100100000000000000001000 125144.0
runproj limit: 0.0
00000001001000000000000110001001000000010000000001000100000000100000000110000110000000000000000 124616.0
runproj limit: 0.0
00100001001000000100111010000001000000010010000001110000100000100000000010000010000000000000101 125272.0
runproj limit: 0.0
00001100000100000000000110001001000000110000010010000110000000000100000010000100000000000000001 124624.0
runproj limit: 0.0
11001001000000100110011100011000011000111011011101110110001000000010010100010000000000000100111 139096.0
runproj limit: 0.0
00010000100000101010001010101100010000010000000010110001110010010100001101101010111110000110110 127456.0
runproj limit: 0.0
00010100100100001000010011001001000010011001001010110010101111100000100000100011001000010100001 141520.0
runproj limit: 0.0
00111001110010001101111000100010110100110110010001110000000100000000101011011011110101100000100 127528.0
runproj limit: 0.0
01101011011000010100010111001000010110010000100001110000011100000000000001001101101101000001000 135496.0
runproj limit: 0.0
00000100000100000000000110001001000010010000000000000010000000000000000010000100000000000000000 124616.0
runproj limit: 0.0
00000001001000000000000110001001000000010000000001000100000000000000000110000110000000000000000 124616.0
runproj limit: 0.0
00100100000100000001000010100001000010010100000000000000000000000000000000000000000000000001000 124616.0
runproj limit: 0.0
00100001001000000000010110001001000000010010000001000000000000110000000000000101000000000000000 124616.0
runproj limit: 0.0
00000000000000000001000010100001000000010000000000000000000000000010000000000001000000000001000 124616.0
runproj limit: 0.0
00000001001000000000000110001001000000010000000001000000000000100000000110000110000000000000000 124616.0
runproj limit: 0.0
00011001001100000000000100001001000000110000100010000000000000000000000110000010110001000000000 124624.0
best: 0.9929245283018868
runproj limit: 0.0
00100001001000000000010110001001000000010010000001000100000000110000000110000110000000000000000 124616.0
runproj limit: 0.0
00000000000100000000000100001001000000110000100000000000000000000000000010000100100000000000000 124624.0
runproj limit: 0.0
00001000001110000000000100100001000000010000000101000100000000001000001110100010000000000000000 125136.0
runproj limit: 0.0
00000101001000000000000110001001000000010000000000000010000000000000000010000100000000000000000 124616.0
runproj limit: 0.0
00010001100000101010111110001101010000110000000000110011110010100000001101001010001110000110100 127464.0
runproj limit: 0.0
00000000000100000001000110001001000000010000000000000010000000000000000000000001000000000001000 124616.0
runproj limit: 0.0
00100001001000000000000110001001000000010010000001000000000000110000000010000101000000000000000 124616.0
runproj limit: 0.0
00001001001000000000000100001001000000110000100011000000000000000000000110000110000001000000000 124624.0
runproj limit: 0.0
00100001011100000100110110011111001000000010100001010100010000010011000110010100000001000000000 125504.0
runproj limit: 0.0
10100000100010110000010110001001000011110101100000000010010000000000001111110100101000010000100 127448.0
runproj limit: 0.0
00100100001101010011000101010110000001110101101000001011000111010000000000110000100000101010000 126248.0
runproj limit: 0.0
00000100000100110100010000100111000110010101010001000000001000001000000000001000000010010010000 126440.0
runproj limit: 0.0
10000001001101011001000110011011000010010100010011111100000001101011011110000111000011100001010 126208.0
runproj limit: 0.0
00100001001000000000000110001001000000010010000001000000000000110000000010000100000000000000000 124616.0
runproj limit: 0.0
00000001001000000000000110001001000000010000000001000100000000100000000110000110000000000000000 124616.0
runproj limit: 0.0
00000100000100000000000110001001000010010000000000000010000000000000000010000100000000000000000 124616.0
runproj limit: 0.0
00000001001000000000000110001001000000010000000001000100000000000000000110000110000000000000000 124616.0
runproj limit: 0.0
00100100000100000001000010100001000010010100000000000000000000000000000000000000000000000001000 124616.0
runproj limit: 0.0
00100001001000000000010110001001000000010010000001000000000000110000000000000101000000000000000 124616.0
runproj limit: 0.0
00000000000000000001000010100001000000010000000000000000000000000010000000000001000000000001000 124616.0
best: 0.9929245283018868
runproj limit: 0.0
00000001000000000001000110101001000000010000000000000000000000100000000000000111000000000001000 124616.0
runproj limit: 0.0
00000001000001010001000010110011000000010000000001110000000000100010010010000011000011000001000 126112.0
runproj limit: 0.0
00100101000100000101000010100111001000000000100000000000010000010001000010000000000001000001000 125504.0
runproj limit: 0.0
00000101001000000000000110001001000000010010000000000000000000110000000010000100000000000000000 124616.0
runproj limit: 0.0
00000000000000000000010010000001000000010000000001000000000000000000000000000101000000000001000 124616.0
runproj limit: 0.0
00000000000100000000000100001001000000110000100001000000000000100000000010000100100000000000000 124624.0
runproj limit: 0.0
00100001000100000001000110000001000000010000000000000000000000010000000000000000000000000000000 124616.0
runproj limit: 0.0
00000100000100000000000110001001000000110000100000000010000000000000000010000100100000000000000 124624.0
runproj limit: 0.0
00000100010100111100000110011001001000101000100110000000011100101010110010000111000000100000110 140312.0
runproj limit: 0.0
00101110001000000111010100000010001010010111011011000000110000010110000100110001100100000100000 135656.0
runproj limit: 0.0
11100011111010000000011010000101110010011110100000010000100010000100100110001101010001110010100 141464.0
runproj limit: 0.0
10100101100110000010001010111000010111010101000101000000001010110001000000000010100011000000000 126576.0
runproj limit: 0.0
00000010000010001101100011011010000010011000000000100011010111000001001111000101001000000101000 139800.0
runproj limit: 0.0
00100001001000000000010110001001000000010010000001000100000000110000000110000110000000000000000 124616.0
runproj limit: 0.0
00000101001000000000000110001001000000010000000000000010000000000000000010000100000000000000000 124616.0
runproj limit: 0.0
00000000000100000001000110001001000000010000000000000010000000000000000000000001000000000001000 124616.0
runproj limit: 0.0
00100001001000000000000110001001000000010010000001000000000000110000000010000101000000000000000 124616.0
runproj limit: 0.0
00100001001000000000000110001001000000010010000001000000000000110000000010000100000000000000000 124616.0
runproj limit: 0.0
00000001001000000000000110001001000000010000000001000100000000100000000110000110000000000000000 124616.0
runproj limit: 0.0
00000100000100000000000110001001000010010000000000000010000000000000000010000100000000000000000 124616.0
best: 0.9929245283018868
runproj limit: 0.0
00000100000000000000010110000001000000010000000000000000000000000000000000000101000000000000000 124616.0
runproj limit: 0.0
00000101001100000000000100001001000000010000000000000000000000100000000010000100000000000000000 124616.0
runproj limit: 0.0
00100101000100000001000110000111001000000000000000000000000000010001000010000000000000000000000 125504.0
runproj limit: 0.0
00100001001000000000000110001001000000010010000001000000000000110000000010000100000000000000000 124616.0
runproj limit: 0.0
00000001001000000001000110101001000000010010000000000000000000100000000000000100000000000000000 124616.0
runproj limit: 0.0
00000000000100010001000010110011000000010000000001010000000000100000010010000001000000000001000 125504.0
runproj limit: 0.0
00000001001000000001000110001001000000010000000000000010000000000000000000000100000000000000000 124616.0
runproj limit: 0.0
00100101001100000000010110001001000010010000000000000110000000010000000010000110000000000000000 124616.0
runproj limit: 0.0
10011011111000000101000110001001000100010111010001100010000100110000001010101100110001000001111 136808.0
runproj limit: 0.0
00110101101000000101000010100101111010000000111010001000010010000001000010100010000011001001110 127656.0
runproj limit: 0.0
00010111001010000100000110001000001010010010000000100010010010000010000011100100000100100110000 134424.0
runproj limit: 0.0
00000010010010100001101111001000000001010100110010000000000001100110000001000101000101000001000 134616.0
runproj limit: 0.0
00000101001101101010000101001011000000000010010011010000000110110011100010000100101110000011100 125504.0
runproj limit: 0.0
00000001000000000001000110101001000000010000000000000000000000100000000000000111000000000001000 124616.0
runproj limit: 0.0
00000101001000000000000110001001000000010010000000000000000000110000000010000100000000000000000 124616.0
runproj limit: 0.0
00000000000000000000010010000001000000010000000001000000000000000000000000000101000000000001000 124616.0
runproj limit: 0.0
00100001000100000001000110000001000000010000000000000000000000010000000000000000000000000000000 124616.0
runproj limit: 0.0
00100001001000000000010110001001000000010010000001000100000000110000000110000110000000000000000 124616.0
runproj limit: 0.0
00000101001000000000000110001001000000010000000000000010000000000000000010000100000000000000000 124616.0
runproj limit: 0.0
00000000000100000001000110001001000000010000000000000010000000000000000000000001000000000001000 124616.0
best: 0.9929245283018868
runproj limit: 0.0
00100001001000000000000110001001000000010000000000000000000000010000000000000000000000000000000 124616.0
runproj limit: 0.0
00000101001000000001000110001001000000010010000000000010000000100000000000000100000000000000000 124616.0
runproj limit: 0.0
00000001001100000000000100000001000000010000000000000000000000110000000010000100000000000000000 124616.0
runproj limit: 0.0
00000001000000000001010110001001000000010000000000000010000000000000000000000101000000000001000 124616.0
runproj limit: 0.0
00000101001101101011000101001001000000000000000011000000000110110000100010000100101110000010000 125504.0
runproj limit: 0.0
00000101001100000000000100001001000000010000000000000000000000100000000010000100000000000000000 124616.0
runproj limit: 0.0
00000000000000000000000010010011000000010000000001000000000000000000000010000101000000000001000 125504.0
runproj limit: 0.0
00000101001000000000000110101001000000010000000000000010000000100000000010000100000000000000000 124616.0
runproj limit: 0.0
01001100000100111011011000100010100000010000001000010101001000000000110010100100000000101011000 126544.0
runproj limit: 0.0
00001010010010101001001111001000000001010110110010000000011001100110101101010101100101000001000 134616.0
runproj limit: 0.0
00000101001011100011001010100100100000010000001000100011001000010011000000001100011100001000001 125328.0
runproj limit: 0.0
10100100001100100001000000011000000001101011000000000010100010100001001010000101000000000001001 139992.0
runproj limit: 0.0
10100101011100100001011100011001001010011111000010000110100011111000100000100100001001000000100 140296.0
runproj limit: 0.0
00000100000000000000010110000001000000010000000000000000000000000000000000000101000000000000000 124616.0
runproj limit: 0.0
00000101001100000000000100001001000000010000000000000000000000100000000010000100000000000000000 124616.0
runproj limit: 0.0
00100001001000000000000110001001000000010010000001000000000000110000000010000100000000000000000 124616.0
runproj limit: 0.0
00000001001000000001000110101001000000010010000000000000000000100000000000000100000000000000000 124616.0
runproj limit: 0.0
00000001001000000001000110001001000000010000000000000010000000000000000000000100000000000000000 124616.0
runproj limit: 0.0
00100101001100000000010110001001000010010000000000000110000000010000000010000110000000000000000 124616.0
runproj limit: 0.0
00000001000000000001000110101001000000010000000000000000000000100000000000000111000000000001000 124616.0
best: 0.9929245283018868
runproj limit: 0.0
00000000000000101011010110000011100000010000000000010110000000000000010010000101000000000001000 125504.0
runproj limit: 0.0
00000001001100000000000100000001000000010000000000000000000000100000000010000100000000000000000 124616.0
runproj limit: 0.0
00000100000000000000000110000001000000010000000000000000000000010000000010000101000000000000000 124616.0
runproj limit: 0.0
00000001000100000001010110001001000000010000000000000010000000000000000010000100000000000001000 124616.0
runproj limit: 0.0
00000001001000000001000110101001000000010000000000000000000000010000000000000000000000000001000 124616.0
runproj limit: 0.0
00000100000011000001000010100001000000010000000000000000001000010001000000001101000100000000000 125288.0
runproj limit: 0.0
00001101001101111011000100100001100000010000000010000100000010000000100010000100100110101010000 125600.0
runproj limit: 0.0
00100001001000000001000110001001000000010010000000000010000000010000000000000100000000000000000 124616.0
runproj limit: 0.0
00110001001100000000010110101101000000011011000000100001000010100000011010011101001100011001111 139328.0
runproj limit: 0.0
10000011011011000101000111001001000101010010001110001000010000110000000000000100001001110010011 135272.0
runproj limit: 0.0
00101101101101101011100100011001000010110001000011100001000010010000101010101100101000000011100 127504.0
runproj limit: 0.0
00100101001110000011100111100101010101001010000000011010010100000011010001101100000000110010100 140000.0
runproj limit: 0.0
11010111000001111001100111011001001000000111000000000010001000110000100111101111010011000100000 135352.0
runproj limit: 0.0
00100001001000000000000110001001000000010000000000000000000000010000000000000000000000000000000 124616.0
runproj limit: 0.0
00000101001000000001000110001001000000010010000000000010000000100000000000000100000000000000000 124616.0
runproj limit: 0.0
00000001001100000000000100000001000000010000000000000000000000110000000010000100000000000000000 124616.0
runproj limit: 0.0
00000001000000000001010110001001000000010000000000000010000000000000000000000101000000000001000 124616.0
runproj limit: 0.0
00000101001100000000000100001001000000010000000000000000000000100000000010000100000000000000000 124616.0
runproj limit: 0.0
00000101001000000000000110101001000000010000000000000010000000100000000010000100000000000000000 124616.0
runproj limit: 0.0
00000100000000000000010110000001000000010000000000000000000000000000000000000101000000000000000 124616.0
best: 0.9929245283018868
done evolving!
"all is well:)"
>>>>>>>>>>>>>>FINISH OPTIMIZATION>>>>>>>>>>>>>>>
534.64user 358.93system 16:50.69elapsed 88%CPU (0avgtext+0avgdata 133540maxresident)k
1132144inputs+1527400outputs (590major+63465121minor)pagefaults 0swaps
