Optimizing /h/ywang30/nofib/spectral/atom
>>>>>>>>>>>>>>>START OPTIMIZATION>>>>>>>>>>>>>>>
pop: 13
gens: 15
arch: 7
limit is: 0.74
runproj limit: 0.74
"All is well :D"
Basetime is: 5.37775128e8
runproj limit: 0.74
0000000000000000000000000000000000000000000000000000000000000000000000000 5.37775128e8
runproj limit: 0.74
0010000000100000000100000000001100000000000000000000000000000001001000000 5.21554968e8
runproj limit: 0.74
0000000000000000000000000000000000000000000000000000000000000000000000000 5.37775128e8
runproj limit: 0.74
"timed out"
0000000000010000001000001010000000001010010000000001000000000110000000001 1.075550256e9
runproj limit: 0.74
0000000000000000000000000100011000000000100100000110000000000000000000000 5.21562976e8
runproj limit: 0.74
0010000010010000000000010000100000000000000000001000000000000000110000000 4.95696216e8
runproj limit: 0.74
0000000000000000000000000000000000000000000000000000000000000000000000000 5.37775128e8
runproj limit: 0.74
"timed out"
0100000000001100000000100000000000000000000000100000010000001010000000000 1.075550256e9
runproj limit: 0.74
0000100000000000000000100000100000000000000000000100000100000000100000100 5.21795528e8
runproj limit: 0.74
0010000000000000000000001000000000110000100000000001000000000000010000000 4.89938608e8
runproj limit: 0.74
0000010000000000100000000000000000001010000000000000000000001011000000000 5.120922e8
runproj limit: 0.74
0000000000000000000000000000000000000000000000000000000000000000000000000 5.37775128e8
runproj limit: 0.74
0000000000000000000000000000100000000000000001000000000000000011000110000 4.95696216e8
best: 0.9110473550944885
runproj limit: 0.74
0000010000000000000000000000010000001000100000000100000000000010000000000 5.21554968e8
runproj limit: 0.74
0010000000100000000000000000000000000000000000000000000000000001001000000 5.37775128e8
runproj limit: 0.74
0010000000000000000000001000100000100000100000001001000000000000110000000 4.63953584e8
runproj limit: 0.74
0000000000000000000000000000100000000000000000000100000000000001000000100 5.21746776e8
runproj limit: 0.74
0010000000000000000100000000000000000000000000000000000000000000000000000 5.37775128e8
runproj limit: 0.74
0000000000000000000000000000100000000000000000000000000000000001000000000 5.21746776e8
runproj limit: 0.74
0000000000000000100000000000000000001010000000000000000000000010000000000 5.3814276e8
runproj limit: 0.74
0000100000000000000000000000100000000000000000000100000000000000000000100 5.21746776e8
runproj limit: 0.74
"timed out"
0010000000111100100100011000000100000010000001000100011100101001001010001 1.075550256e9
runproj limit: 0.74
"timed out"
0000010000001001011001100100011101111000100001010010000000010000000000000 1.075550256e9
runproj limit: 0.74
0100110011000110011100000001011000010010100101000110100100100000000000100 5.29612504e8
runproj limit: 0.74
"timed out"
0110010000011000010100110001000010000000000000000101010001000110110000010 1.075550256e9
runproj limit: 0.74
0110000100100000110000000001000000101000000001011111110000001011000000010 4.72009528e8
runproj limit: 0.74
0010000000000000000000001000000000110000100000000001000000000000010000000 4.89938608e8
runproj limit: 0.74
0010000010010000000000010000100000000000000000001000000000000000110000000 4.95696216e8
runproj limit: 0.74
0000000000000000000000000000100000000000000001000000000000000011000110000 4.95696216e8
runproj limit: 0.74
0000010000000000100000000000000000001010000000000000000000001011000000000 5.120922e8
runproj limit: 0.74
0010000000100000000100000000001100000000000000000000000000000001001000000 5.21554968e8
runproj limit: 0.74
0000000000000000000000000100011000000000100100000110000000000000000000000 5.21562976e8
runproj limit: 0.74
0000100000000000000000100000100000000000000000000100000100000000100000100 5.21795528e8
best: 0.8627278575070136
runproj limit: 0.74
0110000000100000100000000001000000001000000001010000000000000010000000000 5.4621548e8
runproj limit: 0.74
0110000000000000100000000000000000100000100001001101110000000000110000010 4.63969576e8
runproj limit: 0.74
0000000000000000100000000000100000001000000000000000000000000011000000000 5.219226e8
runproj limit: 0.74
0010000010010000000000000000100000000000000000001000000000000000110000000 4.95696216e8
runproj limit: 0.74
0010000000000000000000001000100000100000100000001001000000000000110000000 4.63953584e8
runproj limit: 0.74
0000000100100000010000000000000000001000000001011101110000000011000000010 4.99760544e8
runproj limit: 0.74
0010010010000100011100010001100000000010000100000000100100000000010000100 5.21811512e8
runproj limit: 0.74
"timed out"
0000000000001000010000000100011100001010000001000010000000000000000000000 1.075550256e9
runproj limit: 0.74
0000010000000010100101000100001000001011001110011000000100101011000000110 4.63975984e8
runproj limit: 0.74
0111000100110000100010000000000100101010000000111111111000101101010100000 4.64017528e8
runproj limit: 0.74
1001000000010111100010000000011000001001000100100100100111001000101010010 4.95888024e8
runproj limit: 0.74
0101010001000101110110111001000011111010000101000001000011000010110000111 4.70024144e8
runproj limit: 0.74
0011010000000101100001101100111001011100110100000001100010000001010101000 4.9004412e8
runproj limit: 0.74
0010000000000000000000001000100000100000100000001001000000000000110000000 4.63953584e8
runproj limit: 0.74
0110000100100000110000000001000000101000000001011111110000001011000000010 4.72009528e8
runproj limit: 0.74
0010000000000000000000001000000000110000100000000001000000000000010000000 4.89938608e8
runproj limit: 0.74
0010000010010000000000010000100000000000000000001000000000000000110000000 4.95696216e8
runproj limit: 0.74
0000000000000000000000000000100000000000000001000000000000000011000110000 4.95696216e8
runproj limit: 0.74
0000010000000000100000000000000000001010000000000000000000001011000000000 5.120922e8
runproj limit: 0.74
0000010000000000000000000000010000001000100000000100000000000010000000000 5.21554968e8
best: 0.8627278575070136
runproj limit: 0.74
0111010000110010100100000100000000101011000010111011001100101011010100100 4.64025536e8
runproj limit: 0.74
0100000000000001000010001001000010101000000001000001000000000000110000010 4.89938608e8
runproj limit: 0.74
0110000100100000110000000000000000001010000001000010010000001011000000010 5.120922e8
runproj limit: 0.74
0010000000000000000000001000100000100000100000001000000000000000110000000 4.75941584e8
runproj limit: 0.74
0001000000110101100010000000001100001011000100101110101101001100111000010 4.95888024e8
runproj limit: 0.74
0000010100100000110100000100000000001000001010011001110100101011000000110 5.0016016e8
runproj limit: 0.74
0000000000000000000000000000000000010001101000010001000000100011000000110 4.99760544e8
runproj limit: 0.74
0010000000000000000000001000100000000000100000001000000000000011110100000 4.47776176e8
runproj limit: 0.74
"timed out"
0000000000000000000000000010100010000000010001000000000010101010000110010 1.075550256e9
runproj limit: 0.74
"timed out"
0010100000101000100001000000100000101010100101010000000110001010100101000 1.075550256e9
runproj limit: 0.74
0001000101110101010010000000000100100010000100110110010001101100010111010 4.44053512e8
runproj limit: 0.74
"timed out"
1000000100010110100011100110011100000000000101100101100111011001101010010 1.075550256e9
runproj limit: 0.74
0100010000000000100110101101111110101010000101000001000111000000000000111 4.98020136e8
runproj limit: 0.74
0010000000000000000000001000100000100000100000001001000000000000110000000 4.63953584e8
runproj limit: 0.74
0110000000000000100000000000000000100000100001001101110000000000110000010 4.63969576e8
runproj limit: 0.74
0000010000000010100101000100001000001011001110011000000100101011000000110 4.63975984e8
runproj limit: 0.74
0111000100110000100010000000000100101010000000111111111000101101010100000 4.64017528e8
runproj limit: 0.74
0101010001000101110110111001000011111010000101000001000011000010110000111 4.70024144e8
runproj limit: 0.74
0110000100100000110000000001000000101000000001011111110000001011000000010 4.72009528e8
runproj limit: 0.74
0010000000000000000000001000000000110000100000000001000000000000010000000 4.89938608e8
best: 0.8257234090603015
runproj limit: 0.74
0001010000110001100110000000001000001011001110111110000100001101111000110 4.63967976e8
runproj limit: 0.74
0110000000000000100000001000000000100000000001010001000000001001010000010 4.64001536e8
runproj limit: 0.74
0010000000000000000000001000100000100000100000001001000000000000110000000 4.63953584e8
runproj limit: 0.74
0011000100100000000010000000000100111000000000011111011000001100010000000 4.64017528e8
runproj limit: 0.74
0001000000000100100010000000000000000011100100101010101100000111110000010 5.12108184e8
runproj limit: 0.74
0110000100100000100000000001000000100000100001011111110000000000100000010 4.64017528e8
runproj limit: 0.74
0100000000000000100000000000001000001011100101101111100101001100111000010 4.83900024e8
runproj limit: 0.74
0100000100100000000010000001000010101010000000001111101000000101010100000 4.16065528e8
runproj limit: 0.74
0101011000010100101001000000001010001011100010111011001000011101010100100 4.83931992e8
runproj limit: 0.74
0001000101100001110001000001000000100000000000010011011100010011000100100 4.2609932e8
runproj limit: 0.74
0001100001110101010000110100000100100010000100110111000001101010111011010 4.3207352e8
runproj limit: 0.74
1110000000010000010010001000100000001011000001000100010001001001000000001 4.95680224e8
runproj limit: 0.74
"timed out"
0011010000110010110111100110000010100010001010111000011110111011010100100 1.075550256e9
runproj limit: 0.74
0001000101110101010010000000000100100010000100110110010001101100010111010 4.44053512e8
runproj limit: 0.74
0010000000000000000000001000100000000000100000001000000000000011110100000 4.47776176e8
runproj limit: 0.74
0010000000000000000000001000100000100000100000001001000000000000110000000 4.63953584e8
runproj limit: 0.74
0110000000000000100000000000000000100000100001001101110000000000110000010 4.63969576e8
runproj limit: 0.74
0000010000000010100101000100001000001011001110011000000100101011000000110 4.63975984e8
runproj limit: 0.74
0111000100110000100010000000000100101010000000111111111000101101010100000 4.64017528e8
runproj limit: 0.74
0111010000110010100100000100000000101011000010111011001100101011010100100 4.64025536e8
best: 0.7736793807243536
runproj limit: 0.74
0001000100100000100000000000000000100000100000010111111100010001000000000 4.74084088e8
runproj limit: 0.74
0100000100100000000000001000000000100000000001010111000000001001010100000 4.64001536e8
runproj limit: 0.74
0001000000100011100101000100000000000000001000010001010100000011000000100 5.2621072e8
runproj limit: 0.74
0010010000000000000100000100000000001001001100011000000000000011010000000 4.79796544e8
runproj limit: 0.74
0000000000100010100000000000001000101001100111011100000000000000100000010 4.44053512e8
runproj limit: 0.74
0100000100100000000000000001000000101000100001011111101000000001100100000 4.16065528e8
runproj limit: 0.74
0010000000000000100000001000100000000001100000101111100000000111110100000 4.35964e8
runproj limit: 0.74
0111011000100000101001000001000000001011100001011011101000001001110100100 4.52200152e8
runproj limit: 0.74
"timed out"
0011100001111101010101111100000000100010000100010010100011100010111111110 1.075550256e9
runproj limit: 0.74
1100000000110010100110000100101100100011100100111010100000111010000110111 4.4406152e8
runproj limit: 0.74
"timed out"
1010010110101100000000001001100010110100110000001110110010111110111010000 1.075550256e9
runproj limit: 0.74
"timed out"
0101000110101001000010000000001000011010000001001111101011010001000000001 1.075550256e9
runproj limit: 0.74
"timed out"
0100010100101011010011000001101101101000000010011010100100000000011101100 1.075550256e9
runproj limit: 0.74
0100000100100000000010000001000010101010000000001111101000000101010100000 4.16065528e8
runproj limit: 0.74
0001000101100001110001000001000000100000000000010011011100010011000100100 4.2609932e8
runproj limit: 0.74
0001100001110101010000110100000100100010000100110111000001101010111011010 4.3207352e8
runproj limit: 0.74
0001000101110101010010000000000100100010000100110110010001101100010111010 4.44053512e8
runproj limit: 0.74
0010000000000000000000001000100000000000100000001000000000000011110100000 4.47776176e8
runproj limit: 0.74
0010000000000000000000001000100000100000100000001001000000000000110000000 4.63953584e8
runproj limit: 0.74
0001010000110001100110000000001000001011001110111110000100001101111000110 4.63967976e8
best: 0.7736793807243536
runproj limit: 0.74
0100000100100000100000000001001000101001100111011111001000000001100000000 4.32065512e8
runproj limit: 0.74
"timed out"
0100000100101001010011000000001101100010000110111010010100001000011101100 1.075550256e9
runproj limit: 0.74
0010000000000000100100000100000000001001000000001100100000000111110100000 4.6419616e8
runproj limit: 0.74
0000000000100001100010000001001000101011100010011110001100000101111000100 4.76005528e8
runproj limit: 0.74
0001100001110101010000110100000100100010000100110111000001101010111011010 4.3207352e8
runproj limit: 0.74
0001100101110101110001110100000100100000000000110011001100100010001000000 4.90076096e8
runproj limit: 0.74
0101000101100001000011000001000010101000000000001011001000000001000100000 4.16065528e8
runproj limit: 0.74
0001100101100001110001100000000100100010000100010011000101011011101010010 4.16081512e8
runproj limit: 0.74
"timed out"
0100010100101110000010000111000000000101111100000111111000010011000100000 1.075550256e9
runproj limit: 0.74
"timed out"
0110111110111110111000000010001000000001110000111000000101100001100100000 1.075550256e9
runproj limit: 0.74
0011100000000000010000011000000000000001100011000001010000010011100100110 4.5182372e8
runproj limit: 0.74
1100100101000000000010000100100011100000001111011111010000111001000010111 4.1209352e8
runproj limit: 0.74
"timed out"
0111011000000100101000010110000000010011000011111001001000001111110100100 1.075550256e9
runproj limit: 0.74
0100000100100000000000000001000000101000100001011111101000000001100100000 4.16065528e8
runproj limit: 0.74
0100000100100000000010000001000010101010000000001111101000000101010100000 4.16065528e8
runproj limit: 0.74
0001000101100001110001000001000000100000000000010011011100010011000100100 4.2609932e8
runproj limit: 0.74
0001100001110101010000110100000100100010000100110111000001101010111011010 4.3207352e8
runproj limit: 0.74
0010000000000000100000001000100000000001100000101111100000000111110100000 4.35964e8
runproj limit: 0.74
0000000000100010100000000000001000101001100111011100000000000000100000010 4.44053512e8
runproj limit: 0.74
0001000101110101010010000000000100100010000100110110010001101100010111010 4.44053512e8
best: 0.7662933790422528
runproj limit: 0.74
0101000101100101000011100000000100101010000100011111001000100001011111000 3.84080744e8
runproj limit: 0.74
1000100001110000010000100100100001100010001111010111000001101001111010111 4.1209352e8
runproj limit: 0.74
0100100001110101000000010100000000100010100001011111100001000001101001000 4.64025536e8
runproj limit: 0.74
"timed out"
0111101111100010100010000010000010100000000000001010000100000001100100000 1.075550256e9
runproj limit: 0.74
0100000100100000000010000001000010101010100000011111101000000100100000010 4.64017528e8
runproj limit: 0.74
1100100101000000000010000100100011100000001111011111010000111001000010111 4.1209352e8
runproj limit: 0.74
0100101110110010111000000000001000101001000000101011001001100001000100000 4.64001544e8
runproj limit: 0.74
0001100101100001010001110100000100100010000100010011000001011010111010010 4.3207352e8
runproj limit: 0.74
"timed out"
0011010000010000010001011110000001100000000011000000110100000110101000100 1.075550256e9
runproj limit: 0.74
"timed out"
1100000000000000110110000010100000000011110000001111101010000111100110010 1.075550256e9
runproj limit: 0.74
"timed out"
1011110011100001110001100011000101110111111111011101010011001011101011010 1.075550256e9
runproj limit: 0.74
"timed out"
0010001100100101101010100010101000101111100001111111011111100100111010100 1.075550256e9
runproj limit: 0.74
"timed out"
1011100001000001110000011010011000000001110010100001110010010111100110100 1.075550256e9
runproj limit: 0.74
1100100101000000000010000100100011100000001111011111010000111001000010111 4.1209352e8
runproj limit: 0.74
0101000101100001000011000001000010101000000000001011001000000001000100000 4.16065528e8
runproj limit: 0.74
0100000100100000000000000001000000101000100001011111101000000001100100000 4.16065528e8
runproj limit: 0.74
0100000100100000000010000001000010101010000000001111101000000101010100000 4.16065528e8
runproj limit: 0.74
0001100101100001110001100000000100100010000100010011000101011011101010010 4.16081512e8
runproj limit: 0.74
0001000101100001110001000001000000100000000000010011011100010011000100100 4.2609932e8
runproj limit: 0.74
0100000100100000100000000001001000101001100111011111001000000001100000000 4.32065512e8
best: 0.7142032496527061
runproj limit: 0.74
0000000100100000100000100001000000101010000100000111100001001111011110010 4.1603276e8
runproj limit: 0.74
1100000100110000000010100001000000101010000101000111101001000001111010101 4.63969576e8
runproj limit: 0.74
0100000100100000000010000001000010101010000000001111101000000101000100000 4.16065528e8
runproj limit: 0.74
0000100101100100010010100100100001100010000100011111001001100001111011100 4.1209352e8
runproj limit: 0.74
0101000101100001000011100001000110101010000100001011001000000001010100000 4.16065528e8
runproj limit: 0.74
0011000101100101010011001000010000101000000010101011010010010101000111100 4.63985552e8
runproj limit: 0.74
0101000100100001000010000001000010101000000001011111101000000001100100000 4.16065528e8
runproj limit: 0.74
0101001110100011111000000001001000100001000000100011011101100011000100000 4.1603276e8
runproj limit: 0.74
"timed out"
0100000001001101000011001100000011100010001110101111000000111001110010010 1.075550256e9
runproj limit: 0.74
1100001000000110110110000000011000000011010101011111101010100111001100011 4.04027976e8
runproj limit: 0.74
1001100011100000010000100101010101100010011111011110000011100001111010111 4.2408152e8
runproj limit: 0.74
"timed out"
1100000100001000100100011000011101001011101011011011011000000011101000010 1.075550256e9
runproj limit: 0.74
"timed out"
1000100001111001001000100011000011111000011101000101111000110001110010111 1.075550256e9
runproj limit: 0.74
0101000101100101000011100000000100101010000100011111001000100001011111000 3.84080744e8
runproj limit: 0.74
1000100001110000010000100100100001100010001111010111000001101001111010111 4.1209352e8
runproj limit: 0.74
1100100101000000000010000100100011100000001111011111010000111001000010111 4.1209352e8
runproj limit: 0.74
0101000101100001000011000001000010101000000000001011001000000001000100000 4.16065528e8
runproj limit: 0.74
0100000100100000000000000001000000101000100001011111101000000001100100000 4.16065528e8
runproj limit: 0.74
0100000100100000000010000001000010101010000000001111101000000101010100000 4.16065528e8
runproj limit: 0.74
0001100101100001110001100000000100100010000100010011000101011011101010010 4.16081512e8
best: 0.7142032496527061
runproj limit: 0.74
0101000100100011110010000001000100100010000000011011001000100011001101000 4.16065528e8
runproj limit: 0.74
0001100101100001010011100000000110101010000100000011000000010001101110010 4.1603276e8
runproj limit: 0.74
0000000100100000100000100001000000101010000100000111100001001111011110010 4.1603276e8
runproj limit: 0.74
1100000101100000000000000000000000100000001001011111110000101001100000010 4.64017528e8
runproj limit: 0.74
"timed out"
1000000001011000010010101100000011100010001111001111000000111001110010010 1.075550256e9
runproj limit: 0.74
1000100001110000110000100001100000101010000100000111100001001101011010010 4.63969576e8
runproj limit: 0.74
0100001100100010101000000001001000100010000000100111010001101011011100000 4.16065528e8
runproj limit: 0.74
0101000100100011001010000000001100100000000000110111011001100011000111000 4.64017528e8
runproj limit: 0.74
1000000100100010001011100000000111001010101110110100101000100101001101101 3.95700312e8
runproj limit: 0.74
1110011000000100011010100001011001001011010101011101101111100110011100101 3.83801824e8
runproj limit: 0.74
"timed out"
0111001110110011011101000110011100100001100100000001010101010101000110000 1.075550256e9
runproj limit: 0.74
"timed out"
0100100110001001100111101011001001111000010101001011001010010011010110100 1.075550256e9
runproj limit: 0.74
1000100001000111100110000100011101011011011111011100101011010100001100011 3.9610952e8
runproj limit: 0.74
0101000101100101000011100000000100101010000100011111001000100001011111000 3.84080744e8
runproj limit: 0.74
1100001000000110110110000000011000000011010101011111101010100111001100011 4.04027976e8
runproj limit: 0.74
0000100101100100010010100100100001100010000100011111001001100001111011100 4.1209352e8
runproj limit: 0.74
1000100001110000010000100100100001100010001111010111000001101001111010111 4.1209352e8
runproj limit: 0.74
1100100101000000000010000100100011100000001111011111010000111001000010111 4.1209352e8
runproj limit: 0.74
0000000100100000100000100001000000101010000100000111100001001111011110010 4.1603276e8
runproj limit: 0.74
0101001110100011111000000001001000100001000000100011011101100011000100000 4.1603276e8
best: 0.7136845942045873
runproj limit: 0.74
1000100001110000010000100001100000100010001101000111000001101101011010010 4.63969576e8
runproj limit: 0.74
0001000101100111100010100100011101001011011111011111001010010000011101001 3.8412152e8
runproj limit: 0.74
"timed out"
0110001110010000011010100011011000000011000100001101010101110111010100001 1.075550256e9
runproj limit: 0.74
1100000000000100011010100000011001001010010101011101101001100001011110101 3.83769056e8
runproj limit: 0.74
1110100100000100011011100001010101001010000100000101000111010101001110101 3.99785824e8
runproj limit: 0.74
0000000101100100000011100000000101101010000100011110001000100101001111001 3.76121512e8
runproj limit: 0.74
1100000001110000010000000100100000100010001111010111000000101001111000110 4.3207352e8
runproj limit: 0.74
1100001000000010101111000000001110001011111111110101101010100111001101001 4.04027976e8
runproj limit: 0.74
1110001001010110100101000001000000100010011111011110101011100110000000011 4.52045512e8
runproj limit: 0.74
"timed out"
0110001110101101110111000000011000001101000011011011110011100111001100111 1.075550256e9
runproj limit: 0.74
1010110001000010101110000000100000011101001101111000001111001011001100000 4.16081512e8
runproj limit: 0.74
0010100101100111000111101100111001110010000001011011001001000001011011100 4.44029544e8
runproj limit: 0.74
0100001000010011010010000001010000001011000100010100001010100001100001111 4.63568376e8
runproj limit: 0.74
1110011000000100011010100001011001001011010101011101101111100110011100101 3.83801824e8
runproj limit: 0.74
0101000101100101000011100000000100101010000100011111001000100001011111000 3.84080744e8
runproj limit: 0.74
1000000100100010001011100000000111001010101110110100101000100101001101101 3.95700312e8
runproj limit: 0.74
1000100001000111100110000100011101011011011111011100101011010100001100011 3.9610952e8
runproj limit: 0.74
1100001000000110110110000000011000000011010101011111101010100111001100011 4.04027976e8
runproj limit: 0.74
0000100101100100010010100100100001100010000100011111001001100001111011100 4.1209352e8
runproj limit: 0.74
1000100001110000010000100100100001100010001111010111000001101001111010111 4.1209352e8
best: 0.6994029519342144
runproj limit: 0.74
1000000101110000010011100100000000100010000110011111001000100001111110111 3.84088752e8
runproj limit: 0.74
1000001000110001010010100101110001100011001111010100000000100001110001111 4.2408152e8
runproj limit: 0.74
1100001000100010100011100000000010100010111111011100101001100100001001001 4.44053512e8
runproj limit: 0.74
1100001000000100011010100000011001001011010101011101101101100010011110101 3.83769056e8
runproj limit: 0.74
1100100000110000011011100001110101000010001111000101000001001001111010101 4.63728216e8
runproj limit: 0.74
0000000101100100110010100100010101000010001111011111001001100000111111001 3.84088752e8
runproj limit: 0.74
1110011000000110010110100000011001001011010101011101101010100110001100101 3.83769056e8
runproj limit: 0.74
1000000101100101100010100100011101001011011111011101001000010000011100101 3.8412152e8
runproj limit: 0.74
1110011001000111101010100000011001100000110111000101100110010100110111101 3.80101528e8
runproj limit: 0.74
0000011001100100001110101100001101001010010001110111001010100011100011110 4.63617936e8
runproj limit: 0.74
"timed out"
0000000011001010101111110000111101000011001101110000101000101100011111010 1.075550256e9
runproj limit: 0.74
"timed out"
0110001010111100010010010010011100010111001001001101101111001110011000100 1.075550256e9
runproj limit: 0.74
"timed out"
1000101001111000100010100011001101101010101111010101001100110101110110000 1.075550256e9
runproj limit: 0.74
0000000101100100000011100000000101101010000100011110001000100101001111001 3.76121512e8
runproj limit: 0.74
1100000000000100011010100000011001001010010101011101101001100001011110101 3.83769056e8
runproj limit: 0.74
1110011000000100011010100001011001001011010101011101101111100110011100101 3.83801824e8
runproj limit: 0.74
0101000101100101000011100000000100101010000100011111001000100001011111000 3.84080744e8
runproj limit: 0.74
0001000101100111100010100100011101001011011111011111001010010000011101001 3.8412152e8
runproj limit: 0.74
1000000100100010001011100000000111001010101110110100101000100101001101101 3.95700312e8
runproj limit: 0.74
1000100001000111100110000100011101011011011111011100101011010100001100011 3.9610952e8
best: 0.6994029519342144
runproj limit: 0.74
1110001000000111011010100000011001101000110101000101100000110101011110101 3.96085528e8
runproj limit: 0.74
1000000001000100111010100100010101001011001101011111101001100000011111101 3.84088752e8
runproj limit: 0.74
1110001000000010010010100000000000100010010101011100101010100110001001001 4.44053512e8
runproj limit: 0.74
0101001000000100000011100000001000001011000101011111001101100001011111001 4.03716288e8
runproj limit: 0.74
1000000100000100011010100100010001101010000110011111001000100001111110111 3.64108752e8
runproj limit: 0.74
1100001000000101011010100001110001001011000101010100000000100001111101111 3.95876136e8
runproj limit: 0.74
1100010000000100010110100000011001001011010101011101101010100011011110101 3.83769056e8
runproj limit: 0.74
1000000101100101000011000100010101011010011100011110101011010101001110011 3.95773856e8
runproj limit: 0.74
1010101110100111110110100100011101011011001010011101000010000000011101101 4.16040768e8
runproj limit: 0.74
1101001010010010100011100000001001101010111110110100001001101101001001001 4.24073512e8
runproj limit: 0.74
"timed out"
1101001000001100001010100000011101100010011101011111101000101001010110101 1.075550256e9
runproj limit: 0.74
"timed out"
1110010001011110011000000101011101001111000110010101100111100000000100101 1.075550256e9
runproj limit: 0.74
1100001000010010110010101100010001001010010100010000101101111010010000101 4.2802876e8
runproj limit: 0.74
0000000101100100000011100000000101101010000100011110001000100101001111001 3.76121512e8
runproj limit: 0.74
1110011001000111101010100000011001100000110111000101100110010100110111101 3.80101528e8
runproj limit: 0.74
1100001000000100011010100000011001001011010101011101101101100010011110101 3.83769056e8
runproj limit: 0.74
1110011000000110010110100000011001001011010101011101101010100110001100101 3.83769056e8
runproj limit: 0.74
1100000000000100011010100000011001001010010101011101101001100001011110101 3.83769056e8
runproj limit: 0.74
1110011000000100011010100001011001001011010101011101101111100110011100101 3.83801824e8
runproj limit: 0.74
0101000101100101000011100000000100101010000100011111001000100001011111000 3.84080744e8
best: 0.6770650650098492
runproj limit: 0.74
1110011000000110010010100000011001001011010101011101101011100110011100101 3.83769056e8
runproj limit: 0.74
1100011000000100100110100000011001100000110111011101101110100101111110101 3.64133512e8
runproj limit: 0.74
1000010001000110111010100100010101001011010101011111101010100100001101101 3.8412152e8
runproj limit: 0.74
1100011000000100010110100000011001001011010101011101101010100010011110101 3.83769056e8
runproj limit: 0.74
1100001000000010110110101100011001001010010101010001101101111110011100101 3.68055992e8
runproj limit: 0.74
1000000001000100111010100100010101001011001101011111101001100000011111101 3.84088752e8
runproj limit: 0.74
1100001000000100011010100001110001001011010101010101001001100011111100101 3.83888136e8
runproj limit: 0.74
1110011100000100011010100100011001001010010101011111101000100100011100101 3.83777064e8
runproj limit: 0.74
1000111000000111110011001000110111001011000101110000010100000011111111111 3.96019984e8
runproj limit: 0.74
1010001110100111010100100100011101011011000010011101000011100000011111011 4.15713096e8
runproj limit: 0.74
"timed out"
1100000000001010011110010010101111001011010101111111101110000010010010101 1.075550256e9
runproj limit: 0.74
0100011100010110011110111000011101001100111001011101101101101100011000001 4.6357716e8
runproj limit: 0.74
0110001000100101101011001001111001001000001011001101111100011010010101101 4.00065536e8
runproj limit: 0.74
1000000100000100011010100100010001101010000110011111001000100001111110111 3.64108752e8
runproj limit: 0.74
0000000101100100000011100000000101101010000100011110001000100101001111001 3.76121512e8
runproj limit: 0.74
1110011001000111101010100000011001100000110111000101100110010100110111101 3.80101528e8
runproj limit: 0.74
1100010000000100010110100000011001001011010101011101101010100011011110101 3.83769056e8
runproj limit: 0.74
1100001000000100011010100000011001001011010101011101101101100010011110101 3.83769056e8
runproj limit: 0.74
1110011000000110010110100000011001001011010101011101101010100110001100101 3.83769056e8
runproj limit: 0.74
1100000000000100011010100000011001001010010101011101101001100001011110101 3.83769056e8
best: 0.6770650650098492
runproj limit: 0.74
1100011000000110110011100000110011001011000101011000011000100011011111101 3.96068744e8
runproj limit: 0.74
1000010001000110111010100100010101001011010101011111101001100000001101101 3.8412152e8
runproj limit: 0.74
1110001100000110001010100000011001100010100110001111000100100100111110111 3.96085528e8
runproj limit: 0.74
1000010001000100111110100000010001001011011101011101101010100010011111101 3.84113512e8
runproj limit: 0.74
1100001000000000010010101100011001001010010101011101101101111110011100101 3.6780904e8
runproj limit: 0.74
1000100100000101111011101100110001001010000100010011011000000001111110111 3.84039992e8
runproj limit: 0.74
1100101000000011110110101000111011001011010101010001010100101111111100101 3.84064752e8
runproj limit: 0.74
1110001000000100101010100000011001001000010101000101101101100010011111101 4.15999992e8
runproj limit: 0.74
"timed out"
1111011000000010110111100110001001001010111001010011101001110110011101001 1.075550256e9
runproj limit: 0.74
"timed out"
0100011001001000000110100110011001011111010101100101001011100010011110101 1.075550256e9
runproj limit: 0.74
1110101010000010110100101001011001000001010001010011101001101100011100001 4.15984e8
runproj limit: 0.74
"timed out"
1110000000011100011100100100101000011110110101011100000011110001010011101 1.075550256e9
runproj limit: 0.74
0001010000100011000100100101011001000001100011011101101110000100111100110 4.15745864e8
runproj limit: 0.74
1000000100000100011010100100010001101010000110011111001000100001111110111 3.64108752e8
runproj limit: 0.74
1100011000000100100110100000011001100000110111011101101110100101111110101 3.64133512e8
runproj limit: 0.74
1100001000000010110110101100011001001010010101010001101101111110011100101 3.68055992e8
runproj limit: 0.74
0000000101100100000011100000000101101010000100011110001000100101001111001 3.76121512e8
runproj limit: 0.74
1110011001000111101010100000011001100000110111000101100110010100110111101 3.80101528e8
runproj limit: 0.74
1110011000000110010010100000011001001011010101011101101011100110011100101 3.83769056e8
runproj limit: 0.74
1100011000000100010110100000011001001011010101011101101010100010011110101 3.83769056e8
best: 0.6770650650098492
done evolving!
"all is well:)"
>>>>>>>>>>>>>>FINISH OPTIMIZATION>>>>>>>>>>>>>>>
613.52user 377.39system 45:44.10elapsed 36%CPU (0avgtext+0avgdata 109588maxresident)k
1073320inputs+1544352outputs (508major+63052606minor)pagefaults 0swaps
