Optimizing /h/ywang30/nofib/spectral/awards
>>>>>>>>>>>>>>>START OPTIMIZATION>>>>>>>>>>>>>>>
pop: 13
gens: 15
arch: 7
limit is: 0.0
runproj limit: 0.0
"All is well :D"
Basetime is: 286992.0
runproj limit: 0.0
01000000000000000000100000000000000000,01000000000000000000100000000000000000000000100000000010000 286912.0
runproj limit: 0.0
00000000000000000000000000000000000000,00000000000000000000000000000000000000000000000000000000000 286992.0
runproj limit: 0.0
00000000000000000000000000000000000000,00000000000000000000000000000000000000000000000000000000000 286992.0
runproj limit: 0.0
00000000000000000000000000000000000000,00000000000000000000000000000000000000000000000000000000000 286992.0
runproj limit: 0.0
00000000000000000000000001000110000000,00000000000000000000000001000110000000001001000001100000000 286912.0
runproj limit: 0.0
00100000100100000000000100001000000000,00100000100100000000000100001000000000000000000010000000000 286952.0
runproj limit: 0.0
00000000000000000000000000000000000000,00000000000000000000000000000000000000000000000000000000000 286992.0
runproj limit: 0.0
01000000000011000000001000000000000000,01000000000011000000001000000000000000000000001000000100000 286992.0
runproj limit: 0.0
00001000000000000000001000001000000000,00001000000000000000001000001000000000000000000001000001000 286992.0
runproj limit: 0.0
00000000000000000000000000000000000000,00000000000000000000000000000000000000000000000000000000000 286992.0
runproj limit: 0.0
00000100000000001000000000000000000010,00000100000000001000000000000000000010100000000000000000000 286912.0
runproj limit: 0.0
00001000000010000000000100000001000000,00001000000010000000000100000001000000000010000000000000000 286992.0
runproj limit: 0.0
00000000000000000000000000001000000000,00000000000000000000000000001000000000000000010000000000000 286992.0
best: 0.9997212465852706
runproj limit: 0.0
00000100000000000000000000000100000010,00000100000000000000000000000100000010001000000001000000000 286992.0
runproj limit: 0.0
00000000000000000000000000000000000000,00000000000000000000000000000000000000000000000000000000000 286992.0
runproj limit: 0.0
01100000100100000000000100000000000000,01100000100100000000000100000000000000000000000000000000000 286992.0
runproj limit: 0.0
00000000000000000000000000001000000000,00000000000000000000000000001000000000000000000001000000000 286992.0
runproj limit: 0.0
00000000000000000000000000000000000000,00000000000000000000000000000000000000000000000000000000000 286992.0
runproj limit: 0.0
00001000000000000000001000001000000000,00001000000000000000001000001000000000000000000001000001000 286992.0
runproj limit: 0.0
01000000000000001000000000000000000010,01000000000000001000000000000000000010100000000000000100000 286912.0
runproj limit: 0.0
00000000000000000000000000000000000000,00000000000000000000000000000000000000000000000001000000000 286992.0
runproj limit: 0.0
00000000000111001000000110000010000000,00000000000111001000000110000010000000100000010001000111001 286912.0
runproj limit: 0.0
00000100000010010110011001000111011110,00000100000010010110011001000111011110001000010100100000000 286928.0
runproj limit: 0.0
00001100110001100111100001010000000100,00001100110001100111100001010000000100100000110000001011001 287024.0
runproj limit: 0.0
01100100000110000101001100010000100000,01100100000110000101001100010000100000000000000001010100010 287008.0
runproj limit: 0.0
01100001001000001100000000010000001010,01100001001000001100000000010000001010000000010111111100000 286912.0
runproj limit: 0.0
01000000000000000000100000000000000000,01000000000000000000100000000000000000000000100000000010000 286912.0
runproj limit: 0.0
00000000000000000000000001000110000000,00000000000000000000000001000110000000001001000001100000000 286912.0
runproj limit: 0.0
00000100000000001000000000000000000010,00000100000000001000000000000000000010100000000000000000000 286912.0
runproj limit: 0.0
00100000100100000000000100001000000000,00100000100100000000000100001000000000000000000010000000000 286952.0
runproj limit: 0.0
00000000000000000000000000000000000000,00000000000000000000000000000000000000000000000000000000000 286992.0
runproj limit: 0.0
01000000000011000000001000000000000000,01000000000011000000001000000000000000000000001000000100000 286992.0
runproj limit: 0.0
00001000000000000000001000001000000000,00001000000000000000001000001000000000000000000001000001000 286992.0
best: 0.9997212465852706
runproj limit: 0.0
01100000001000001000000000010000000010,01100000001000001000000000010000000010000000010100000100000 286928.0
runproj limit: 0.0
01000000000000001000100000000000000000,01000000000000001000100000000000000000000000010011001100000 286912.0
runproj limit: 0.0
00000000000100000000001100001000000000,00000000000100000000001100001000000000000000000001000000000 286992.0
runproj limit: 0.0
00000000000000000000000000000110000000,00000000000000000000000000000110000000000000000001100000000 286992.0
runproj limit: 0.0
00000000000000001000100000000000000000,00000000000000001000100000000000000000100000100000000000000 286912.0
runproj limit: 0.0
00000101001000001100000000000000000010,00000101001000001100000000000000000010100000010111011100000 286912.0
runproj limit: 0.0
00000000000101000000000010000110000000,00000000000101000000000010000110000000101000000001100111000 286992.0
runproj limit: 0.0
00000000000010000100000001000111000010,00000000000010000100000001000111000010100000010000100100000 286992.0
runproj limit: 0.0
00100000100100100001010101001010000000,00100000100100100001010101001010000000010011100100000001001 287008.0
runproj limit: 0.0
01010000000100000100000000010001000000,01010000000100000100000000010001000000100000111000000000001 286992.0
runproj limit: 0.0
11010000000101111000100000000110000010,11010000000101111000100000000110000010010001001001001101110 282008.0
runproj limit: 0.0
01010100010001011101101110010000111110,01010100010001011101101110010000111110100001010000010000110 287544.0
runproj limit: 0.0
00010100000110010000011111001100011011,00010100000110010000011111001100011011100101010001001111101 286944.0
runproj limit: 0.0
01000000000000001000000000000000000010,01000000000000001000000000000000000010100000000000000100000 286912.0
runproj limit: 0.0
00000000000111001000000110000010000000,00000000000111001000000110000010000000100000010001000111001 286912.0
runproj limit: 0.0
01100001001000001100000000010000001010,01100001001000001100000000010000001010000000010111111100000 286912.0
runproj limit: 0.0
01000000000000000000100000000000000000,01000000000000000000100000000000000000000000100000000010000 286912.0
runproj limit: 0.0
00000000000000000000000001000110000000,00000000000000000000000001000110000000001001000001100000000 286912.0
runproj limit: 0.0
00000100000000001000000000000000000010,00000100000000001000000000000000000010100000000000000000000 286912.0
runproj limit: 0.0
00000100000010010110011001000111011110,00000100000010010110011001000111011110001000010100100000000 286928.0
best: 0.9826336622623627
runproj limit: 0.0
00000000000101001000000100010010000010,00000000000101001000000100010010000010000000010000000110000 286992.0
runproj limit: 0.0
00000000000010010000010001000111001010,00000000000010010000010001000111001010000000010100100000000 286928.0
runproj limit: 0.0
00000000000111001000000100000000000010,00000000000111001000000100000000000010100000010000000101001 286912.0
runproj limit: 0.0
01000000000000000000100000000000000000,01000000000000000000100000000000000000000000100000000010000 286912.0
runproj limit: 0.0
01010000000001010000100000000010000010,01010000000001010000100000000010000010010001001001001111010 287528.0
runproj limit: 0.0
00000001001110001100000110000000000000,00000001001110001100000110000000000000100000010111011101001 286912.0
runproj limit: 0.0
01000000000000001100000010000100000010,01000000000000001100000010000100000010000000000011111100000 286952.0
runproj limit: 0.0
00000000000000000000000000000110000000,00000000000000000000000000000110000000000001100001100000000 286912.0
runproj limit: 0.0
"timed out"
00000000000000000000000001100110100000,00000000000000000000000001100110100000001101000001100000101 573984.0
runproj limit: 0.0
00101000001010001000010000001000001010,00101000001010001000010000001000001010101001010100000101100 286912.0
runproj limit: 0.0
01100000010101011100001100001000000010,01100000010101011100001100001000000010000001000011011010010 286912.0
runproj limit: 0.0
"timed out"
11000001000101101000111001100111000000,11000001000101101000111001100111000000000001011001011101110 573984.0
runproj limit: 0.0
00010000010011010000000100001000010110,00010000010011010000000100001000010110100000010000100101000 287544.0
runproj limit: 0.0
11010000000101111000100000000110000010,11010000000101111000100000000110000010010001001001001101110 282008.0
runproj limit: 0.0
01000000000000001000100000000000000000,01000000000000001000100000000000000000000000010011001100000 286912.0
runproj limit: 0.0
00000000000000001000100000000000000000,00000000000000001000100000000000000000100000100000000000000 286912.0
runproj limit: 0.0
00000101001000001100000000000000000010,00000101001000001100000000000000000010100000010111011100000 286912.0
runproj limit: 0.0
01000000000000001000000000000000000010,01000000000000001000000000000000000010100000000000000100000 286912.0
runproj limit: 0.0
00000000000111001000000110000010000000,00000000000111001000000110000010000000100000010001000111001 286912.0
runproj limit: 0.0
01100001001000001100000000010000001010,01100001001000001100000000010000001010000000010111111100000 286912.0
best: 0.9826336622623627
runproj limit: 0.0
00100000001010001000010000000000001000,00100000001010001000010000000000001000101000100000000000100 286912.0
runproj limit: 0.0
00100001001011001100000100010000001010,00100001001011001100000100010000001010100000010011111100000 286912.0
runproj limit: 0.0
11010000000101111000100000000110000010,11010000000101111000100000000110000010010001001001001101110 282008.0
runproj limit: 0.0
01000101001000001100000000010000000010,01000101001000001100000000010000000010000000010111011100000 286928.0
runproj limit: 0.0
01010000000001000000100000000010000000,01010000000001000000100000000010000000010001101001001111000 287528.0
runproj limit: 0.0
01000000000010001000000010000010000000,01000000000010001000000010000010000000100000010011000110001 286912.0
runproj limit: 0.0
01000000000000001000100000000010000010,01000000000000001000100000000010000010010001011001001101010 286912.0
runproj limit: 0.0
00101000000010001000000000000000001000,00101000000010001000000000000000001000000001100100000110100 286912.0
runproj limit: 0.0
01100010001001100011110001000010101000,01100010001001100011110001000010101000001000100000000011001 287040.0
runproj limit: 0.0
01110000010111011000010110000010000010,01110000010111011000010110000010000010100000000010001100001 287528.0
runproj limit: 0.0
01001001000000001000001101000000000000,01001001000000001000001101000000000000000000010011011000000 286952.0
runproj limit: 0.0
10000001001011000000100110001000000010,10000001001011000000100110001000000010110000010001100101011 282008.0
runproj limit: 0.0
"timed out"
01101000001010001100101000101000101000,01101000001010001100101000101000101000111011010100110001000 573984.0
runproj limit: 0.0
11010000000101111000100000000110000010,11010000000101111000100000000110000010010001001001001101110 282008.0
runproj limit: 0.0
00000000000111001000000100000000000010,00000000000111001000000100000000000010100000010000000101001 286912.0
runproj limit: 0.0
01000000000000000000100000000000000000,01000000000000000000100000000000000000000000100000000010000 286912.0
runproj limit: 0.0
00000001001110001100000110000000000000,00000001001110001100000110000000000000100000010111011101001 286912.0
runproj limit: 0.0
00000000000000000000000000000110000000,00000000000000000000000000000110000000000001100001100000000 286912.0
runproj limit: 0.0
00101000001010001000010000001000001010,00101000001010001000010000001000001010101001010100000101100 286912.0
runproj limit: 0.0
01100000010101011100001100001000000010,01100000010101011100001100001000000010000001000011011010010 286912.0
best: 0.9826336622623627
runproj limit: 0.0
10000000000011000000000110000000000010,10000000000011000000000110000000000010110000010001000101011 282088.0
runproj limit: 0.0
00100000000010001100000000010000001010,00100000000010001100000000010000001010100000010010001100000 286912.0
runproj limit: 0.0
00100000010111001100001100001000000010,00100000010111001100001100001000000010100000010001001111001 286912.0
runproj limit: 0.0
01000000000010000000000010000110000000,01000000000010000000000010000110000000000000110001000100000 286992.0
runproj limit: 0.0
01000000000010001000000010000010000000,01000000000010001000000010000010000000100000010011000110001 286912.0
runproj limit: 0.0
01101000000010001000000010000000000000,01101000000010001000000010000000000000100000110000000110101 286912.0
runproj limit: 0.0
00100000001010001000110000000000001000,00100000001010001000110000000000001000110000101001001100100 286912.0
runproj limit: 0.0
01000001000010001000000010000010000010,01000001000010001000000010000010000010110000010001000101001 286992.0
runproj limit: 0.0
00001000001000001001000010001001001010,00001000001000001001000010001001001010101001011101011101000 287008.0
runproj limit: 0.0
00110101001011000000000110000011000000,00110101001011000000000110000011000000111001110001111110011 287608.0
runproj limit: 0.0
10000100100001000000000000001010100101,10000100100001000000000000001010100101100100000111010110100 282024.0
runproj limit: 0.0
10010001101001010000100110011010101110,10010001101001010000100110011010101110110000000001100101101 282040.0
runproj limit: 0.0
00101100001000111100000000000011111010,00101100001000111100000000000011111010001001110001010110100 286912.0
runproj limit: 0.0
11010000000101111000100000000110000010,11010000000101111000100000000110000010010001001001001101110 282008.0
runproj limit: 0.0
10000001001011000000100110001000000010,10000001001011000000100110001000000010110000010001100101011 282008.0
runproj limit: 0.0
00100000001010001000010000000000001000,00100000001010001000010000000000001000101000100000000000100 286912.0
runproj limit: 0.0
00100001001011001100000100010000001010,00100001001011001100000100010000001010100000010011111100000 286912.0
runproj limit: 0.0
01000000000010001000000010000010000000,01000000000010001000000010000010000000100000010011000110001 286912.0
runproj limit: 0.0
01000000000000001000100000000010000010,01000000000000001000100000000010000010010001011001001101010 286912.0
runproj limit: 0.0
00101000000010001000000000000000001000,00101000000010001000000000000000001000000001100100000110100 286912.0
best: 0.9826336622623627
runproj limit: 0.0
00100001101001000000000100011010101011,00100001101001000000000100011010101011100000000111110100000 286928.0
runproj limit: 0.0
00101001001000001100000100010011011010,00101001001000001100000100010011011010101000110001111100100 286912.0
runproj limit: 0.0
10000100010001000000001100001000100110,10000100010001000000001100001000100110100000010101000110101 282024.0
runproj limit: 0.0
00101000000010011000000010000010000000,00101000000010011000000010000010000000000000110000010110100 286928.0
runproj limit: 0.0
00100000000010001100000100000000001010,00100000000010001100000100000000001010100000010001000101010 286912.0
runproj limit: 0.0
10000001001010000000100000001000000010,10000001001010000000100000001000000010101000000001100001010 282008.0
runproj limit: 0.0
11000001001011101000100100001100000010,11000001001011101000100100001100000010110000001001100101111 282008.0
runproj limit: 0.0
00000001001011000000100110000000000010,00000001001011000000100110000000000010110000010011100111001 286912.0
runproj limit: 0.0
"timed out"
11010100000000101000100111110000001011,11010100000000101000100111110000001011100111010101000100011 573984.0
runproj limit: 0.0
"timed out"
11111110001110010110100110111010100100,11111110001110010110100110111010100100110101111000100100110 573984.0
runproj limit: 0.0
01011000000010001100000110001010000000,01011000000010001100000110001010000000110000100001010010001 287544.0
runproj limit: 0.0
10101000011010001100100011011000111010,10101000011010001100100011011000111010100011110000001000001 282008.0
runproj limit: 0.0
"timed out"
00101100000001111100010101110011111100,00101100000001111100010101110011111100000001011001111110100 573984.0
runproj limit: 0.0
11010000000101111000100000000110000010,11010000000101111000100000000110000010010001001001001101110 282008.0
runproj limit: 0.0
10000001001011000000100110001000000010,10000001001011000000100110001000000010110000010001100101011 282008.0
runproj limit: 0.0
10000100100001000000000000001010100101,10000100100001000000000000001010100101100100000111010110100 282024.0
runproj limit: 0.0
10010001101001010000100110011010101110,10010001101001010000100110011010101110110000000001100101101 282040.0
runproj limit: 0.0
10000000000011000000000110000000000010,10000000000011000000000110000000000010110000010001000101011 282088.0
runproj limit: 0.0
00100000000010001100000000010000001010,00100000000010001100000000010000001010100000010010001100000 286912.0
runproj limit: 0.0
00100000010111001100001100001000000010,00100000010111001100001100001000000010100000010001001111001 286912.0
best: 0.9826336622623627
runproj limit: 0.0
11010001101011010000100110011010101110,11010001101011010000100110011010101110110000001001100101111 282040.0
runproj limit: 0.0
10101000000010001100000001011000011010,10101000000010001100000001011000011010100011110001000100010 282008.0
runproj limit: 0.0
01110000000010001000000100000100000010,01110000000010001000000100000100000010110001001001001101010 287528.0
runproj limit: 0.0
"timed out"
11101011001011010000100110111000000000,11101011001011010000100110111000000000110001111001100100111 573984.0
runproj limit: 0.0
10100001001010000100100100000000000010,10100001001010000100100100000000000010110000010011100100000 282008.0
runproj limit: 0.0
10101000011010001100100011011000111010,10101000011010001100100011011000111010100011110000001000001 282008.0
runproj limit: 0.0
11001011001111010110100110011010100110,11001011001111010110100110011010100110110000011000100101010 282024.0
runproj limit: 0.0
00000000010001001100001100001000001110,00000000010001001100001100001000001110100000010001000111101 286928.0
runproj limit: 0.0
"timed out"
10001101001110000000110001101000011010,10001101001110000000110001101000011010110000000001111000010 573984.0
runproj limit: 0.0
"timed out"
01100000000011000101100100100000000010,01100000000011000101100100100000000010010100011001000111111 573984.0
runproj limit: 0.0
"timed out"
00110100001001010000100110101010111011,00110100001001010000100110101010111011101110110010000000001 573984.0
runproj limit: 0.0
"timed out"
00001011000011011010001010111010000001,00001011000011011010001010111010000001000000001000000010011 573984.0
runproj limit: 0.0
"timed out"
11011000010010010100000110101100000000,11011000010010010100000110101100000000110100111001011010101 573984.0
runproj limit: 0.0
10000001001010000000100000001000000010,10000001001010000000100000001000000010101000000001100001010 282008.0
runproj limit: 0.0
11000001001011101000100100001100000010,11000001001011101000100100001100000010110000001001100101111 282008.0
runproj limit: 0.0
10101000011010001100100011011000111010,10101000011010001100100011011000111010100011110000001000001 282008.0
runproj limit: 0.0
11010000000101111000100000000110000010,11010000000101111000100000000110000010010001001001001101110 282008.0
runproj limit: 0.0
10000001001011000000100110001000000010,10000001001011000000100110001000000010110000010001100101011 282008.0
runproj limit: 0.0
10000100010001000000001100001000100110,10000100010001000000001100001000100110100000010101000110101 282024.0
runproj limit: 0.0
10000100100001000000000000001010100101,10000100100001000000000000001010100101100100000111010110100 282024.0
best: 0.9826336622623627
runproj limit: 0.0
10100001001011000100100110000000000010,10100001001011000100100110000000000010110000010001100100011 282008.0
runproj limit: 0.0
11010000001010101000100000000110000010,11010000001010101000100000000110000010110000010011101100100 282008.0
runproj limit: 0.0
11010001001101111000100100000100000010,11010001001101111000100100000100000010010000001001101101110 282008.0
runproj limit: 0.0
10101000000010001100000001011000011010,10101000000010001100000001011000011010100011110001000100010 282008.0
runproj limit: 0.0
11000001001011000000100100001000000010,11000001001011000000100100001000000010110000001001100101011 282008.0
runproj limit: 0.0
11001000011010011100100010011100001010,11001000011010011100100010011100001010100000111001011010101 282008.0
runproj limit: 0.0
11100001011011101100100110001000000010,11100001011011101100100110001000000010100010111000001000001 282008.0
runproj limit: 0.0
11000010001011000110000100001010100110,11000010001011000110000100001010100110110000011001100100010 282088.0
runproj limit: 0.0
01001000001000111000110110000100000010,01001000001000111000110110000100000010010000010101100001111 286912.0
runproj limit: 0.0
01100010000010100101100100001110000010,01100010000010100101100100001110000010011101001101000111110 287008.0
runproj limit: 0.0
10111000100110001100000001000101011010,10111000100110001100000001000101011010100111110011010100110 282624.0
runproj limit: 0.0
01001011000101010111100000001111111110,01001011000101010111100000001111111110010011011001100001010 286928.0
runproj limit: 0.0
"timed out"
10101000000000011010000000100000111100,10101000000000011010000000100000111100000111010101101010000 573984.0
runproj limit: 0.0
10101000000010001100000001011000011010,10101000000010001100000001011000011010100011110001000100010 282008.0
runproj limit: 0.0
10100001001010000100100100000000000010,10100001001010000100100100000000000010110000010011100100000 282008.0
runproj limit: 0.0
10101000011010001100100011011000111010,10101000011010001100100011011000111010100011110000001000001 282008.0
runproj limit: 0.0
10000001001010000000100000001000000010,10000001001010000000100000001000000010101000000001100001010 282008.0
runproj limit: 0.0
11000001001011101000100100001100000010,11000001001011101000100100001100000010110000001001100101111 282008.0
runproj limit: 0.0
11010000000101111000100000000110000010,11010000000101111000100000000110000010010001001001001101110 282008.0
runproj limit: 0.0
10000001001011000000100110001000000010,10000001001011000000100110001000000010110000010001100101011 282008.0
best: 0.9826336622623627
runproj limit: 0.0
11000000001101010100100100001100100010,11000000001101010100100100001100100010010000011001101101110 282008.0
runproj limit: 0.0
10000001001011000000100100001000000010,10000001001011000000100100001000000010110000001001100101011 282008.0
runproj limit: 0.0
10100001001011000100100110000000000010,10100001001011000100100110000000000010110000010001100100011 282008.0
runproj limit: 0.0
11100001011011001100100110011000001010,11100001011011001100100110011000001010110010011000000001001 282008.0
runproj limit: 0.0
10101001001000001100100110000000000010,10101001001000001100100110000000000010010000010101100000110 282008.0
runproj limit: 0.0
11000001001011101000100100001000000010,11000001001011101000100100001000000010100010111000101001001 282008.0
runproj limit: 0.0
11000001001011000000100100001000000010,11000001001011000000100100001000000010110000001001100101011 282008.0
runproj limit: 0.0
10010000000001111100000001011010001010,10010000000001111100000001011010001010000011101001001100010 282624.0
runproj limit: 0.0
00010000000101011010111000010111011010,00010000000101011010111000010111011010011010100111111101111 286912.0
runproj limit: 0.0
10011100100110100111001001010101001000,10011100100110100111001001010101001000100111110011110101100 282104.0
runproj limit: 0.0
"timed out"
11100010001111001111010101111111100110,11100010001111001111010101111111100110111001010001000110011 573984.0
runproj limit: 0.0
"timed out"
11011001110001001001100110101011110110,11011001110001001001100110101011110110010100011001100101111 573984.0
runproj limit: 0.0
11100010001010011000100010011001101100,11100010001010011000100010011001101100100001010000111000010 282024.0
runproj limit: 0.0
10100001001011000100100110000000000010,10100001001011000100100110000000000010110000010001100100011 282008.0
runproj limit: 0.0
11010000001010101000100000000110000010,11010000001010101000100000000110000010110000010011101100100 282008.0
runproj limit: 0.0
11010001001101111000100100000100000010,11010001001101111000100100000100000010010000001001101101110 282008.0
runproj limit: 0.0
10101000000010001100000001011000011010,10101000000010001100000001011000011010100011110001000100010 282008.0
runproj limit: 0.0
11000001001011000000100100001000000010,11000001001011000000100100001000000010110000001001100101011 282008.0
runproj limit: 0.0
11001000011010011100100010011100001010,11001000011010011100100010011100001010100000111001011010101 282008.0
runproj limit: 0.0
11100001011011101100100110001000000010,11100001011011101100100110001000000010100010111000001000001 282008.0
best: 0.9826336622623627
runproj limit: 0.0
10101000000011001000100100001000000010,10101000000011001000100100001000000010100010111001000001010 282008.0
runproj limit: 0.0
11100001011011101100100110000000000010,11100001011011101100100110000000000010100010110001100100011 282008.0
runproj limit: 0.0
10011001001000101000100110000110000010,10011001001000101000100110000110000010110000010111100000100 282008.0
runproj limit: 0.0
11101000011010010100100110001100001010,11101000011010010100100110001100001010110000011001001100001 282040.0
runproj limit: 0.0
10010001100010100010101100010100001010,10010001100010100010101100010100001010110001100001110101101 282088.0
runproj limit: 0.0
11100001001011000100100100000000000010,11100001001011000100100100000000000010110000010001100101011 282008.0
runproj limit: 0.0
11100000001011001100000001011000001010,11100000001011001100000001011000001010110011111000000100000 282008.0
runproj limit: 0.0
11110000001011101100100010000010000010,11110000001011101100100010000010000010110010111001001000100 282624.0
runproj limit: 0.0
11110000011110101100010000010000001010,11110000011110101100010000010000001010100010110011111100110 282624.0
runproj limit: 0.0
01100000100001110000110100001000000001,01100000100001110000110100001000000001010101101000100011001 286912.0
runproj limit: 0.0
11100100001100000110100101000011110011,11100100001100000110100101000011110011110100110000100100110 282088.0
runproj limit: 0.0
11110001001101001101110110000010000110,11110001001101001101110110000010000110010001011000101101111 282640.0
runproj limit: 0.0
01010000001111110001100000010100000000,01010000001111110001100000010100000000110100000001010100100 287008.0
runproj limit: 0.0
11000000001101010100100100001100100010,11000000001101010100100100001100100010010000011001101101110 282008.0
runproj limit: 0.0
10000001001011000000100100001000000010,10000001001011000000100100001000000010110000001001100101011 282008.0
runproj limit: 0.0
10100001001011000100100110000000000010,10100001001011000100100110000000000010110000010001100100011 282008.0
runproj limit: 0.0
11100001011011001100100110011000001010,11100001011011001100100110011000001010110010011000000001001 282008.0
runproj limit: 0.0
10101001001000001100100110000000000010,10101001001000001100100110000000000010010000010101100000110 282008.0
runproj limit: 0.0
11000001001011101000100100001000000010,11000001001011101000100100001000000010100010111000101001001 282008.0
runproj limit: 0.0
11000001001011000000100100001000000010,11000001001011000000100100001000000010110000001001100101011 282008.0
best: 0.9826336622623627
runproj limit: 0.0
11000001001011000000100100001000000010,11000001001011000000100100001000000010110000001001100101011 282008.0
runproj limit: 0.0
11010000001011010001100100011100000010,11010000001011010001100100011100000010110000000001010100001 282624.0
runproj limit: 0.0
11110000001000101100100110000000001010,11110000001000101100100110000000001010000000110011101000110 282624.0
runproj limit: 0.0
11100000011110010100100110001100001010,11100000011110010100100110001100001010010000011001001101010 282040.0
runproj limit: 0.0
11011001001010101000100100000010000010,11011001001010101000100100000010000010100000010010101000101 282008.0
runproj limit: 0.0
11100001011011101000100110000000000010,11100001011011101000100110000000000010100010111000100000001 282008.0
runproj limit: 0.0
11000000001001000100100100000000000010,11000000001001000100100100000000000010010000010001100000110 282008.0
runproj limit: 0.0
11100001011011101100100110000000000010,11100001011011101100100110000000000010100010110001100100011 282008.0
runproj limit: 0.0
10100001011011111000100110010000001000,10100001011011111000100110010000001000001000110111100110000 282008.0
runproj limit: 0.0
11001110001011101111100110000011001000,11001110001011101111100110000011001000100111100010101001111 282104.0
runproj limit: 0.0
00000011111001101000101000000100110000,00000011111001101000101000000100110000101110011001111001101 286912.0
runproj limit: 0.0
"timed out"
01000100100011010110101000111101110101,01000100100011010110101000111101110101010111011101101101111 573984.0
runproj limit: 0.0
"timed out"
11000011001001001100000101110011000000,11000011001001001100000101110011000000111000001001000110001 573984.0
runproj limit: 0.0
10101000000011001000100100001000000010,10101000000011001000100100001000000010100010111001000001010 282008.0
runproj limit: 0.0
11100001011011101100100110000000000010,11100001011011101100100110000000000010100010110001100100011 282008.0
runproj limit: 0.0
10011001001000101000100110000110000010,10011001001000101000100110000110000010110000010111100000100 282008.0
runproj limit: 0.0
11100001001011000100100100000000000010,11100001001011000100100100000000000010110000010001100101011 282008.0
runproj limit: 0.0
11100000001011001100000001011000001010,11100000001011001100000001011000001010110011111000000100000 282008.0
runproj limit: 0.0
11000000001101010100100100001100100010,11000000001101010100100100001100100010010000011001101101110 282008.0
runproj limit: 0.0
10000001001011000000100100001000000010,10000001001011000000100100001000000010110000001001100101011 282008.0
best: 0.9826336622623627
runproj limit: 0.0
11011001011010101100100110000010000010,11011001011010101100100110000010000010100010110011101000001 282624.0
runproj limit: 0.0
11100000011011001100100110001100001010,11100000011011001100100110001100001010010010011001101000000 282008.0
runproj limit: 0.0
11010000001000000100100110000000001010,11010000001000000100100110000000001010000000010011101000110 282040.0
runproj limit: 0.0
11100001011011001100100100000000000010,11100001011011001100100100000000000010100000010001100100011 282008.0
runproj limit: 0.0
11000001001011001000000000011000000010,11000001001011001000000000011000000010110011001001100100011 282008.0
runproj limit: 0.0
10010001001010011001100100011100000010,10010001001010011001100100011100000010110000000101110000000 282624.0
runproj limit: 0.0
11100000001011100100100110000000000010,11100000001011100100100110000000000010010010010001100100111 282008.0
runproj limit: 0.0
10101000000011001000100100001000000010,10101000000011001000100100001000000010100000111001000001011 282008.0
runproj limit: 0.0
01011010111011001001000001011000001110,01011010111011001001000001011000001110110110101000100110000 287544.0
runproj limit: 0.0
11100000100100101100100110000010111000,11100000100100101100100110000010111000000000101001100000110 282008.0
runproj limit: 0.0
11110011011001101000100110000001001000,11110011011001101000100110000001001000100000110001000100001 282624.0
runproj limit: 0.0
10011011011110001000001111000111000011,10011011011110001000001111000111000011110100100101100010100 282640.0
runproj limit: 0.0
11100000011011111110100101001110001010,11100000011011111110100101001110001010000000001010011101010 282008.0
runproj limit: 0.0
11000001001011000000100100001000000010,11000001001011000000100100001000000010110000001001100101011 282008.0
runproj limit: 0.0
11011001001010101000100100000010000010,11011001001010101000100100000010000010100000010010101000101 282008.0
runproj limit: 0.0
11100001011011101000100110000000000010,11100001011011101000100110000000000010100010111000100000001 282008.0
runproj limit: 0.0
11000000001001000100100100000000000010,11000000001001000100100100000000000010010000010001100000110 282008.0
runproj limit: 0.0
11100001011011101100100110000000000010,11100001011011101100100110000000000010100010110001100100011 282008.0
runproj limit: 0.0
10100001011011111000100110010000001000,10100001011011111000100110010000001000001000110111100110000 282008.0
runproj limit: 0.0
10101000000011001000100100001000000010,10101000000011001000100100001000000010100010111001000001010 282008.0
best: 0.9826336622623627
runproj limit: 0.0
10000001001001000100100100000000001000,10000001001001000100100100000000001000000000110011100000000 282040.0
runproj limit: 0.0
11100000001101101100100110000000101000,11100000001101101100100110000000101000000000110001100100111 282008.0
runproj limit: 0.0
11100000111000101100100110000100011010,11100000111000101100100110000100011010000000101001101000110 282008.0
runproj limit: 0.0
11100000001011101000100110000000000010,11100000001011101000100110000000000010010010010001100100111 282008.0
runproj limit: 0.0
11100000011011101110100101001000001010,11100000011011101110100101001000001010000000011010100101010 282008.0
runproj limit: 0.0
11100000010011101100100110001000001000,11100000010011101100100110001000001000010000001001101000110 282008.0
runproj limit: 0.0
11110001011010101000100110011000000010,11110001011010101000100110011000000010100000000100100000000 282624.0
runproj limit: 0.0
11100001011011011000100100011110001010,11100001011011011000100100011110001010010001001000101100011 282008.0
runproj limit: 0.0
10011100001000101110111100010001101010,10011100001000101110111100010001101010000000011010101101111 282008.0
runproj limit: 0.0
10010011011110000000101111000111000011,10010011011110000000101111000111000011110110100101100010111 282640.0
runproj limit: 0.0
"timed out"
11100100001000000110101010101101100010,11100100001000000110101010101101100010010010011001000101110 573984.0
runproj limit: 0.0
00000000011111011001100000000001001001,00000000011111011001100000000001001001110011110111100110100 287024.0
runproj limit: 0.0
01000100010001100100111110011000001000,01000100010001100100111110011000001000011111010011100110010 286944.0
runproj limit: 0.0
11100000011011001100100110001100001010,11100000011011001100100110001100001010010010011001101000000 282008.0
runproj limit: 0.0
11100001011011001100100100000000000010,11100001011011001100100100000000000010100000010001100100011 282008.0
runproj limit: 0.0
11000001001011001000000000011000000010,11000001001011001000000000011000000010110011001001100100011 282008.0
runproj limit: 0.0
11100000001011100100100110000000000010,11100000001011100100100110000000000010010010010001100100111 282008.0
runproj limit: 0.0
10101000000011001000100100001000000010,10101000000011001000100100001000000010100000111001000001011 282008.0
runproj limit: 0.0
11100000100100101100100110000010111000,11100000100100101100100110000010111000000000101001100000110 282008.0
runproj limit: 0.0
11100000011011111110100101001110001010,11100000011011111110100101001110001010000000001010011101010 282008.0
best: 0.9826336622623627
runproj limit: 0.0
11100000001000101110110110000000100010,11100000001000101110110110000000100010010010010000101100111 282008.0
runproj limit: 0.0
11100000110000101100100110000000001000,11100000110000101100100110000000001000000000101001101000110 282008.0
runproj limit: 0.0
11100000011000101100100110001100001010,11100000011000101100100110001100001010000000111001101000010 282008.0
runproj limit: 0.0
11100000011011101100100110000000000010,11100000011011101100100110000000000010010000011001101100111 282008.0
runproj limit: 0.0
11100000011011111110100101001100001010,11100000011011111110100101001100001010000000011010010101010 282008.0
runproj limit: 0.0
10101000001000001100110100010100001010,10101000001000001100110100010100001010010000011010101100101 282008.0
runproj limit: 0.0
11011000011011101110100100000000101010,11011000011011101110100100000000101010000000011010101101010 282624.0
runproj limit: 0.0
11000001001011001000000000001000000010,11000001001011001000000000001000000010110011111001000000011 282008.0
runproj limit: 0.0
"timed out"
11010100010011101100110100101100001000,11010100010011101100110100101100001000011011001001001001110 573984.0
runproj limit: 0.0
"timed out"
01100010011000100000100111100000000111,01100010011000100000100111100000000111010010011111101100101 573984.0
runproj limit: 0.0
10110100101000101110011101000001101000,10110100101000101110011101000001101000110001011010001100111 282624.0
runproj limit: 0.0
11000100001101100110000111001100010111,11000100001101100110000111001100010111001010010001111110101 282088.0
runproj limit: 0.0
00110010000100010100000111010000100000,00110010000100010100000111010000100000010101110001100100110 287544.0
runproj limit: 0.0
11100000001101101100100110000000101000,11100000001101101100100110000000101000000000110001100100111 282008.0
runproj limit: 0.0
11100000111000101100100110000100011010,11100000111000101100100110000100011010000000101001101000110 282008.0
runproj limit: 0.0
11100000001011101000100110000000000010,11100000001011101000100110000000000010010010010001100100111 282008.0
runproj limit: 0.0
11100000011011101110100101001000001010,11100000011011101110100101001000001010000000011010100101010 282008.0
runproj limit: 0.0
11100000010011101100100110001000001000,11100000010011101100100110001000001000010000001001101000110 282008.0
runproj limit: 0.0
11100001011011011000100100011110001010,11100001011011011000100100011110001010010001001000101100011 282008.0
runproj limit: 0.0
10011100001000101110111100010001101010,10011100001000101110111100010001101010000000011010101101111 282008.0
best: 0.9826336622623627
done evolving!
"all is well:)"
>>>>>>>>>>>>>>FINISH OPTIMIZATION>>>>>>>>>>>>>>>
593.66user 361.41system 17:46.27elapsed 89%CPU (0avgtext+0avgdata 135388maxresident)k
1103392inputs+1517816outputs (560major+71309299minor)pagefaults 0swaps
