Optimizing /h/ywang30/nofib/imaginary/bernouilli
>>>>>>>>>>>>>>>START OPTIMIZATION>>>>>>>>>>>>>>>
pop: 13
gens: 15
arch: 7
limit is: 0.28
runproj limit: 0.28
"All is well :D"
Basetime is: 2.68507032e8
runproj limit: 0.28
010000000000000000 2.68507032e8
runproj limit: 0.28
000000000000000000 2.68507032e8
runproj limit: 0.28
000000000001000000 2.68507032e8
runproj limit: 0.28
000000000000000000 2.68507032e8
runproj limit: 0.28
000000000000000000 2.68507032e8
runproj limit: 0.28
001000001001000000 2.68507032e8
runproj limit: 0.28
100000000000000000 2.68507032e8
runproj limit: 0.28
000000000000000000 2.68507032e8
runproj limit: 0.28
000010000000000000 2.68507032e8
runproj limit: 0.28
001000000000000000 2.68507032e8
runproj limit: 0.28
000001000000000010 2.68507032e8
runproj limit: 0.28
000010000000100000 2.68507032e8
runproj limit: 0.28
000000000000000000 2.68507032e8
best: 1.0
runproj limit: 0.28
000000000000000000 2.68507032e8
runproj limit: 0.28
000000000001000000 2.68507032e8
runproj limit: 0.28
011000001001000000 2.68507032e8
runproj limit: 0.28
000000000000000000 2.68507032e8
runproj limit: 0.28
100000000000000000 2.68507032e8
runproj limit: 0.28
100010000000000000 2.68507032e8
runproj limit: 0.28
000000000000000010 2.68507032e8
runproj limit: 0.28
100000000000000000 2.68507032e8
runproj limit: 0.28
000000000001110010 2.68507008e8
runproj limit: 0.28
000001000000100101 2.68507008e8
runproj limit: 0.28
000011001100011001 2.68506984e8
runproj limit: 0.28
011001000001100001 2.68507008e8
runproj limit: 0.28
011001010011000001 2.68507008e8
runproj limit: 0.28
010000000000000000 2.68507032e8
runproj limit: 0.28
000000000000000000 2.68507032e8
runproj limit: 0.28
000000000001000000 2.68507032e8
runproj limit: 0.28
001000001001000000 2.68507032e8
runproj limit: 0.28
100000000000000000 2.68507032e8
runproj limit: 0.28
000010000000000000 2.68507032e8
runproj limit: 0.28
001000000000000000 2.68507032e8
best: 0.9999998212337322
runproj limit: 0.28
011001000011100000 2.68507032e8
runproj limit: 0.28
011000000001000000 2.68507032e8
runproj limit: 0.28
000001001001001001 2.68507008e8
runproj limit: 0.28
000000001100010001 2.68506984e8
runproj limit: 0.28
010000001001000000 2.68507032e8
runproj limit: 0.28
001000010011000001 2.68507008e8
runproj limit: 0.28
000001000000010001 2.68506984e8
runproj limit: 0.28
001001000000100001 2.68507008e8
runproj limit: 0.28
000010000000001000 2.68507032e8
runproj limit: 0.28
011101010010000000 2.68507032e8
runproj limit: 0.28
111101000000111101 2.68506984e8
runproj limit: 0.28
010101000100010111 2.68506984e8
runproj limit: 0.28
000101000001100100 2.68507032e8
runproj limit: 0.28
000011001100011001 2.68506984e8
runproj limit: 0.28
000000000001110010 2.68507008e8
runproj limit: 0.28
000001000000100101 2.68507008e8
runproj limit: 0.28
011001000001100001 2.68507008e8
runproj limit: 0.28
011001010011000001 2.68507008e8
runproj limit: 0.28
000000000000000000 2.68507032e8
runproj limit: 0.28
000000000001000000 2.68507032e8
best: 0.9999998212337322
runproj limit: 0.28
000000000001011010 2.68507008e8
runproj limit: 0.28
010000000100010101 2.68506984e8
runproj limit: 0.28
000001001001000001 2.68507008e8
runproj limit: 0.28
000011001100010001 2.68506984e8
runproj limit: 0.28
000001000001010001 2.68506984e8
runproj limit: 0.28
001000010011100011 2.68507008e8
runproj limit: 0.28
000001000000100001 2.68507008e8
runproj limit: 0.28
010000010000010001 2.68506984e8
runproj limit: 0.28
000001000000010001 2.68506984e8
runproj limit: 0.28
011011000000000001 2.68507008e8
runproj limit: 0.28
011001001101011110 2.68507008e8
runproj limit: 0.28
111001010000111001 2.68506984e8
runproj limit: 0.28
010001000000000010 2.68507032e8
runproj limit: 0.28
000000001100010001 2.68506984e8
runproj limit: 0.28
000001000000010001 2.68506984e8
runproj limit: 0.28
111101000000111101 2.68506984e8
runproj limit: 0.28
010101000100010111 2.68506984e8
runproj limit: 0.28
000011001100011001 2.68506984e8
runproj limit: 0.28
000001001001001001 2.68507008e8
runproj limit: 0.28
001000010011000001 2.68507008e8
best: 0.9999998212337322
runproj limit: 0.28
000001000001010001 2.68506984e8
runproj limit: 0.28
000001000000100001 2.68507008e8
runproj limit: 0.28
100001001000110101 2.68506984e8
runproj limit: 0.28
000101000001000001 2.68507008e8
runproj limit: 0.28
000000010000010001 2.68506984e8
runproj limit: 0.28
000001000000010001 2.68506984e8
runproj limit: 0.28
101001000000010001 2.68506984e8
runproj limit: 0.28
010001001100010001 2.68506984e8
runproj limit: 0.28
001011101110001001 2.68507008e8
runproj limit: 0.28
011101000100100101 2.68507008e8
runproj limit: 0.28
000011010000010001 2.68506984e8
runproj limit: 0.28
100001010011010011 2.68506984e8
runproj limit: 0.28
010000000001011011 2.68506984e8
runproj limit: 0.28
010000000100010101 2.68506984e8
runproj limit: 0.28
000011001100010001 2.68506984e8
runproj limit: 0.28
000001000001010001 2.68506984e8
runproj limit: 0.28
010000010000010001 2.68506984e8
runproj limit: 0.28
000001000000010001 2.68506984e8
runproj limit: 0.28
111001010000111001 2.68506984e8
runproj limit: 0.28
000000001100010001 2.68506984e8
best: 0.9999998212337322
runproj limit: 0.28
100001000001010011 2.68506984e8
runproj limit: 0.28
000000001100010001 2.68506984e8
runproj limit: 0.28
000001001100010001 2.68506984e8
runproj limit: 0.28
000001000000010001 2.68506984e8
runproj limit: 0.28
000001000000010001 2.68506984e8
runproj limit: 0.28
000001000000010001 2.68506984e8
runproj limit: 0.28
100001000001010001 2.68506984e8
runproj limit: 0.28
000001010000010001 2.68506984e8
runproj limit: 0.28
110001010000011001 2.68506984e8
runproj limit: 0.28
001100010011010011 2.68506984e8
runproj limit: 0.28
110000001000100011 2.68507008e8
runproj limit: 0.28
010101000100110101 2.68506984e8
runproj limit: 0.28
111000010000010100 2.68507008e8
runproj limit: 0.28
000001000001010001 2.68506984e8
runproj limit: 0.28
100001001000110101 2.68506984e8
runproj limit: 0.28
000000010000010001 2.68506984e8
runproj limit: 0.28
000001000000010001 2.68506984e8
runproj limit: 0.28
101001000000010001 2.68506984e8
runproj limit: 0.28
010001001100010001 2.68506984e8
runproj limit: 0.28
000011010000010001 2.68506984e8
best: 0.9999998212337322
runproj limit: 0.28
000001000000010001 2.68506984e8
runproj limit: 0.28
010001000000010000 2.68507008e8
runproj limit: 0.28
100001000001010001 2.68506984e8
runproj limit: 0.28
000011010000010001 2.68506984e8
runproj limit: 0.28
000000001100010001 2.68506984e8
runproj limit: 0.28
100001001000110101 2.68506984e8
runproj limit: 0.28
100001001000110111 2.68506984e8
runproj limit: 0.28
000001010000010001 2.68506984e8
runproj limit: 0.28
010100000000101011 2.68507008e8
runproj limit: 0.28
001110111101000100 2.68507032e8
runproj limit: 0.28
110111010000011000 2.68507008e8
runproj limit: 0.28
100011000110010001 2.68506984e8
runproj limit: 0.28
000001010010000001 2.68507008e8
runproj limit: 0.28
100001000001010011 2.68506984e8
runproj limit: 0.28
000000001100010001 2.68506984e8
runproj limit: 0.28
000001001100010001 2.68506984e8
runproj limit: 0.28
000001000000010001 2.68506984e8
runproj limit: 0.28
100001000001010001 2.68506984e8
runproj limit: 0.28
000001010000010001 2.68506984e8
runproj limit: 0.28
110001010000011001 2.68506984e8
best: 0.9999998212337322
runproj limit: 0.28
000001000001010001 2.68506984e8
runproj limit: 0.28
100010000100010001 2.68506984e8
runproj limit: 0.28
000000001100010001 2.68506984e8
runproj limit: 0.28
001011111000010101 2.68506984e8
runproj limit: 0.28
000010000100010001 2.68506984e8
runproj limit: 0.28
000011010000010001 2.68506984e8
runproj limit: 0.28
000010101101010100 2.68507008e8
runproj limit: 0.28
000000000001010001 2.68506984e8
runproj limit: 0.28
100010001001110101 2.68506984e8
runproj limit: 0.28
111011010000010000 2.68507008e8
runproj limit: 0.28
101000011000010001 2.68506984e8
runproj limit: 0.28
001011100000000001 2.68507008e8
runproj limit: 0.28
010111010100011110 2.68507008e8
runproj limit: 0.28
000001000000010001 2.68506984e8
runproj limit: 0.28
100001000001010001 2.68506984e8
runproj limit: 0.28
000011010000010001 2.68506984e8
runproj limit: 0.28
000000001100010001 2.68506984e8
runproj limit: 0.28
100001001000110101 2.68506984e8
runproj limit: 0.28
100001001000110111 2.68506984e8
runproj limit: 0.28
000001010000010001 2.68506984e8
best: 0.9999998212337322
runproj limit: 0.28
000011001100110001 2.68506984e8
runproj limit: 0.28
000000001100010001 2.68506984e8
runproj limit: 0.28
100000000100010001 2.68506984e8
runproj limit: 0.28
100011100100010101 2.68506984e8
runproj limit: 0.28
100001000001010101 2.68506984e8
runproj limit: 0.28
010001000000011100 2.68507008e8
runproj limit: 0.28
100001001001110001 2.68506984e8
runproj limit: 0.28
101000001000010101 2.68506984e8
runproj limit: 0.28
000011010001100101 2.68507008e8
runproj limit: 0.28
101000111000001001 2.68507008e8
runproj limit: 0.28
000100000101010001 2.68506984e8
runproj limit: 0.28
100001010010110001 2.68506984e8
runproj limit: 0.28
100010000100110100 2.68507008e8
runproj limit: 0.28
000001000001010001 2.68506984e8
runproj limit: 0.28
100010000100010001 2.68506984e8
runproj limit: 0.28
000000001100010001 2.68506984e8
runproj limit: 0.28
001011111000010101 2.68506984e8
runproj limit: 0.28
000010000100010001 2.68506984e8
runproj limit: 0.28
000011010000010001 2.68506984e8
runproj limit: 0.28
000000000001010001 2.68506984e8
best: 0.9999998212337322
runproj limit: 0.28
101000000000010001 2.68506984e8
runproj limit: 0.28
000001000001010001 2.68506984e8
runproj limit: 0.28
000011001100110001 2.68506984e8
runproj limit: 0.28
100010000000010001 2.68506984e8
runproj limit: 0.28
100011000000110001 2.68506984e8
runproj limit: 0.28
000010001100110001 2.68506984e8
runproj limit: 0.28
100001000001010101 2.68506984e8
runproj limit: 0.28
100011010010010001 2.68506984e8
runproj limit: 0.28
110011010000011001 2.68506984e8
runproj limit: 0.28
001101000101011011 2.68506984e8
runproj limit: 0.28
001100000100010011 2.68506984e8
runproj limit: 0.28
100111001111110111 2.68506984e8
runproj limit: 0.28
010010101000010100 2.68507008e8
runproj limit: 0.28
000011001100110001 2.68506984e8
runproj limit: 0.28
000000001100010001 2.68506984e8
runproj limit: 0.28
100000000100010001 2.68506984e8
runproj limit: 0.28
100011100100010101 2.68506984e8
runproj limit: 0.28
100001000001010101 2.68506984e8
runproj limit: 0.28
100001001001110001 2.68506984e8
runproj limit: 0.28
101000001000010101 2.68506984e8
best: 0.9999998212337322
runproj limit: 0.28
100011001101010101 2.68506984e8
runproj limit: 0.28
000010001000010001 2.68506984e8
runproj limit: 0.28
000000000100010001 2.68506984e8
runproj limit: 0.28
100001001001110001 2.68506984e8
runproj limit: 0.28
001101000101011011 2.68506984e8
runproj limit: 0.28
010011000100010001 2.68506984e8
runproj limit: 0.28
000101000101010011 2.68506984e8
runproj limit: 0.28
001000001100010001 2.68506984e8
runproj limit: 0.28
001000001001010000 2.68507008e8
runproj limit: 0.28
001001011011111001 2.68506984e8
runproj limit: 0.28
100001000000000101 2.68507008e8
runproj limit: 0.28
101000000100011100 2.68507008e8
runproj limit: 0.28
000011010011000111 2.68507008e8
runproj limit: 0.28
101000000000010001 2.68506984e8
runproj limit: 0.28
000001000001010001 2.68506984e8
runproj limit: 0.28
000011001100110001 2.68506984e8
runproj limit: 0.28
100010000000010001 2.68506984e8
runproj limit: 0.28
100011000000110001 2.68506984e8
runproj limit: 0.28
000010001100110001 2.68506984e8
runproj limit: 0.28
100001000001010101 2.68506984e8
best: 0.9999998212337322
runproj limit: 0.28
100001000001010101 2.68506984e8
runproj limit: 0.28
100011010001000101 2.68507008e8
runproj limit: 0.28
000001000000110000 2.68507008e8
runproj limit: 0.28
100001001000110001 2.68506984e8
runproj limit: 0.28
000001000100010011 2.68506984e8
runproj limit: 0.28
000010001000010001 2.68506984e8
runproj limit: 0.28
101000000000110001 2.68506984e8
runproj limit: 0.28
000010001000010001 2.68506984e8
runproj limit: 0.28
000011001000111110 2.68507008e8
runproj limit: 0.28
000001111100110000 2.68507008e8
runproj limit: 0.28
111000100000110001 2.68506984e8
runproj limit: 0.28
001001001011110001 2.68506984e8
runproj limit: 0.28
100001100001110110 2.68507008e8
runproj limit: 0.28
100011001101010101 2.68506984e8
runproj limit: 0.28
000010001000010001 2.68506984e8
runproj limit: 0.28
000000000100010001 2.68506984e8
runproj limit: 0.28
100001001001110001 2.68506984e8
runproj limit: 0.28
001101000101011011 2.68506984e8
runproj limit: 0.28
010011000100010001 2.68506984e8
runproj limit: 0.28
000101000101010011 2.68506984e8
best: 0.9999998212337322
runproj limit: 0.28
000000001000010001 2.68506984e8
runproj limit: 0.28
001001001011110001 2.68506984e8
runproj limit: 0.28
101001000001110001 2.68506984e8
runproj limit: 0.28
100001001000110001 2.68506984e8
runproj limit: 0.28
100001000101010011 2.68506984e8
runproj limit: 0.28
101000100100110001 2.68506984e8
runproj limit: 0.28
001000000011110001 2.68506984e8
runproj limit: 0.28
000111001101010001 2.68506984e8
runproj limit: 0.28
100011101001011010 2.68507008e8
runproj limit: 0.28
000101001011110000 2.68507008e8
runproj limit: 0.28
000110101000110000 2.68507008e8
runproj limit: 0.28
000000100001111001 2.68506984e8
runproj limit: 0.28
100001001001101011 2.68507008e8
runproj limit: 0.28
100001000001010101 2.68506984e8
runproj limit: 0.28
100001001000110001 2.68506984e8
runproj limit: 0.28
000001000100010011 2.68506984e8
runproj limit: 0.28
000010001000010001 2.68506984e8
runproj limit: 0.28
101000000000110001 2.68506984e8
runproj limit: 0.28
111000100000110001 2.68506984e8
runproj limit: 0.28
001001001011110001 2.68506984e8
best: 0.9999998212337322
runproj limit: 0.28
000000101001010001 2.68506984e8
runproj limit: 0.28
101001000010110001 2.68506984e8
runproj limit: 0.28
001010001011010001 2.68506984e8
runproj limit: 0.28
001000000001010011 2.68506984e8
runproj limit: 0.28
001011001000110001 2.68506984e8
runproj limit: 0.28
001001001011110001 2.68506984e8
runproj limit: 0.28
100000000100010001 2.68506984e8
runproj limit: 0.28
111000100001110011 2.68506984e8
runproj limit: 0.28
111011100100111011 2.68506984e8
runproj limit: 0.28
000010100001111011 2.68506984e8
runproj limit: 0.28
001001000011001001 2.68507008e8
runproj limit: 0.28
010000110001111001 2.68506984e8
runproj limit: 0.28
100011001110011001 2.68506984e8
runproj limit: 0.28
000000001000010001 2.68506984e8
runproj limit: 0.28
001001001011110001 2.68506984e8
runproj limit: 0.28
101001000001110001 2.68506984e8
runproj limit: 0.28
100001001000110001 2.68506984e8
runproj limit: 0.28
100001000101010011 2.68506984e8
runproj limit: 0.28
101000100100110001 2.68506984e8
runproj limit: 0.28
001000000011110001 2.68506984e8
best: 0.9999998212337322
runproj limit: 0.28
001000110001111001 2.68506984e8
runproj limit: 0.28
001000001011010001 2.68506984e8
runproj limit: 0.28
001000001000010001 2.68506984e8
runproj limit: 0.28
000000100001010011 2.68506984e8
runproj limit: 0.28
001000101001110001 2.68506984e8
runproj limit: 0.28
010010001100110011 2.68506984e8
runproj limit: 0.28
010000110001111001 2.68506984e8
runproj limit: 0.28
101001000101110001 2.68506984e8
runproj limit: 0.28
000100001011110001 2.68506984e8
runproj limit: 0.28
000001101100000000 2.68507032e8
runproj limit: 0.28
110001101100111011 2.68506984e8
runproj limit: 0.28
101000001001010001 2.68506984e8
runproj limit: 0.28
010100100110001111 2.68507008e8
runproj limit: 0.28
000000101001010001 2.68506984e8
runproj limit: 0.28
101001000010110001 2.68506984e8
runproj limit: 0.28
001010001011010001 2.68506984e8
runproj limit: 0.28
001000000001010011 2.68506984e8
runproj limit: 0.28
001011001000110001 2.68506984e8
runproj limit: 0.28
001001001011110001 2.68506984e8
runproj limit: 0.28
100000000100010001 2.68506984e8
best: 0.9999998212337322
done evolving!
"all is well:)"
>>>>>>>>>>>>>>FINISH OPTIMIZATION>>>>>>>>>>>>>>>
562.49user 417.44system 18:35.85elapsed 87%CPU (0avgtext+0avgdata 135392maxresident)k
1093664inputs+1449112outputs (295major+63639406minor)pagefaults 0swaps
