Optimizing /h/ywang30/nofib/spectral/cse
>>>>>>>>>>>>>>>START OPTIMIZATION>>>>>>>>>>>>>>>
pop: 13
gens: 15
arch: 7
limit is: 0.0
runproj limit: 0.0
"All is well :D"
Basetime is: 1251888.0
runproj limit: 0.0
0100000000000000000010000000000000000000000010000000001000000000101000000010011000000000000000000000000000000100000000100100000000000000000001000,010000000000000000001000000000000000000000001000000000100000000010100000001 1235496.0
runproj limit: 0.0
0000000000000000000000000000000000000000000000000000000000000000000000000000000000000000000000000000000000000000000000000000000000000000000000000,000000000000000000000000000000000000000000000000000000000000000000000000000 1251888.0
runproj limit: 0.0
0000000000000000000000000000000000000000000000000000000000000000000000000000000000000000000000000000000000000000000000000000000000000000000000000,000000000000000000000000000000000000000000000000000000000000000000000000000 1251888.0
runproj limit: 0.0
0000000000010000001000001010000000001010010000000001000000000110000000001000000000000000000000000001000001000000000000000100010000000000000000000,000000000001000000100000101000000000101001000000000100000000011000000000100 1241560.0
runproj limit: 0.0
0000000000000000000000000100011000000000100100000110000000000000000000000000000000000000010001000100000000000000000000000000010000100000000000100,000000000000000000000000010001100000000010010000011000000000000000000000000 1252136.0
runproj limit: 0.0
0000000000000000000000000000000000000000000000000000000000000000000000000000000000000000000000000000000000000000000000000000000000000000000000000,000000000000000000000000000000000000000000000000000000000000000000000000000 1251888.0
runproj limit: 0.0
1000000000000000000000000011000101010000100000010000000100000100000010100000000000000101000000000000000011000000100000000000001010000001001000000,100000000000000000000000001100010101000010000001000000010000010000001010000 1232832.0
runproj limit: 0.0
0000000000000000000000000000000000000000000000000000000000000000000000000000000000000000000000000000000000000000000000000000000000000000000000000,000000000000000000000000000000000000000000000000000000000000000000000000000 1251888.0
runproj limit: 0.0
0000100000000000000000100000100000000000000000000100000100000000100000100100000000000000000100000000000000010100000100000000000000000000000000100,000010000000000000000010000010000000000000000000010000010000000010000010010 1242704.0
runproj limit: 0.0
0010000000000000000000001000000000110000100000000001000000000000010000000000000000000000010000000000100000000000000000000010000000000011001001000,001000000000000000000000100000000011000010000000000100000000000001000000000 1253352.0
runproj limit: 0.0
0000010000000000100000000000000000001010000000000000000000001011000000000000100000111100000010000000010000001000000000000010001000001000001000000,000001000000000010000000000000000000101000000000000000000000101100000000000 1252104.0
runproj limit: 0.0
0000000000000000000000000000000000000000000000000000000000000000000000000000000000000000000000000000000000000000000000000000000000000000000000000,000000000000000000000000000000000000000000000000000000000000000000000000000 1251888.0
runproj limit: 0.0
0000000000000000000000000000100000000000000001000000000000000011000110000010010000000000000000010000100010001100000000000000010000001000000000000,000000000000000000000000000010000000000000000100000000000000001100011000001 1252120.0
best: 0.984778191020283
runproj limit: 0.0
0000000000010000000000001000000000000010010000000000000000000000000000001000000000000000000000000000000000000000000000000000010000000000000000000,000000000001000000000000100000000000001001000000000000000000000000000000100 1251888.0
runproj limit: 0.0
0000000000000000000000000000000100000000000000000000000000000000000010100000000000000101000000000000000001000000000000000000000000000000000000000,000000000000000000000000000000010000000000000000000000000000000000001010000 1251584.0
runproj limit: 0.0
0100000000000000000000000000000000000000000000000000000000000000100000000000011000000000000000000000000000000100000000100100000000000000000001000,010000000000000000000000000000000000000000000000000000000000000010000000000 1235496.0
runproj limit: 0.0
0000000000000000000000000000000000000000000000000100000000000000000000100000000000000000000100000000000000000000000100000000000000000000000000100,000000000000000000000000000000000000000000000000010000000000000000000010000 1251472.0
runproj limit: 0.0
1000000000000000000000000011000101010000100000010000000100000100000010100000000000000101000000000000000011000000100000000000001010000001001000000,100000000000000000000000001100010101000010000001000000010000010000001010000 1232832.0
runproj limit: 0.0
1000100000000000000000100001100101010000000000010100000100000100100010100000000000000000000100000000000001010000100000000000001000000001000000100,100010000000000000000010000110010101000000000001010000010000010010001010000 1231600.0
runproj limit: 0.0
0000000000000000000000000000000000000000000000000000000000000000000000000000000000000000000100000000000000010100000000000000000000000000000000000,000000000000000000000000000000000000000000000000000000000000000000000000000 1251984.0
runproj limit: 0.0
1000000000000000000000100001000001010000100000010100000100000000100010100100000000000100000100000000000010000100000000000000000010000000001000000,100000000000000000000010000100000101000010000001010000010000000010001010010 1243360.0
runproj limit: 0.0
0000000000011100100000011000001000000010000001000100011100101000000010001100010000000011000100001000100010001000010000010010100000100000000000001,000000000001110010000001100000100000001000000100010001110010100000001000110 1256504.0
runproj limit: 0.0
0000010000001001011001100000000101111000000101010100000000010000000000000000000000011010100010100000000100000010000100001001010000010000000110000,000001000000100101100110000000010111100000010101010000000001000000000000000 1251344.0
runproj limit: 0.0
0000110011000110011110000101000000010010000011000000101100100000101000100000011000101010000100100101100100100100000000101110001000100011000000100,000011001100011001111000010100000001001000001100000010110010000010100010000 1241568.0
runproj limit: 0.0
0100010010011000011100101011100010001010010000001100010001000000000000011000001000100100000101000011100001111100000101010100010000000011001001000,010001001001100001110010101110001000101001000000110001000100000000000001100 1226808.0
runproj limit: 0.0
0110010100100000010000000001000000100010000001011111110000000000000000010000000000000001000101111001100001000000001000000100100000000000000100000,011001010010000001000000000100000010001000000101111111000000000000000001000 1228160.0
runproj limit: 0.0
1000000000000000000000000011000101010000100000010000000100000100000010100000000000000101000000000000000011000000100000000000001010000001001000000,100000000000000000000000001100010101000010000001000000010000010000001010000 1232832.0
runproj limit: 0.0
0100000000000000000010000000000000000000000010000000001000000000101000000010011000000000000000000000000000000100000000100100000000000000000001000,010000000000000000001000000000000000000000001000000000100000000010100000001 1235496.0
runproj limit: 0.0
0000000000010000001000001010000000001010010000000001000000000110000000001000000000000000000000000001000001000000000000000100010000000000000000000,000000000001000000100000101000000000101001000000000100000000011000000000100 1241560.0
runproj limit: 0.0
0000100000000000000000100000100000000000000000000100000100000000100000100100000000000000000100000000000000010100000100000000000000000000000000100,000010000000000000000010000010000000000000000000010000010000000010000010010 1242704.0
runproj limit: 0.0
0000000000000000000000000000000000000000000000000000000000000000000000000000000000000000000000000000000000000000000000000000000000000000000000000,000000000000000000000000000000000000000000000000000000000000000000000000000 1251888.0
runproj limit: 0.0
0000010000000000100000000000000000001010000000000000000000001011000000000000100000111100000010000000010000001000000000000010001000001000001000000,000001000000000010000000000000000000101000000000000000000000101100000000000 1252104.0
runproj limit: 0.0
0000000000000000000000000000100000000000000001000000000000000011000110000010010000000000000000010000100010001100000000000000010000001000000000000,000000000000000000000000000010000000000000000100000000000000001100011000001 1252120.0
best: 0.9799662589624631
runproj limit: 0.0
0110010000100000000000000001000000000010000001010000000000000000000000000000000000000001000101011000000001010100000000000100100000000000000000000,011001000010000000000000000100000000001000000101000000000000000000000000000 1241608.0
runproj limit: 0.0
1100000010010000001000001011100111010010100000011100010001000000000000010000001000000100000001000011100001101000000001000000001010000001001001000,110000001001000000100000101110011101001010000001110001000100000000000001000 1233048.0
runproj limit: 0.0
0000100000000000000000100000100001010000000000010100000100000100100000100100000000000000000100000000000001010000100000000000001000000001000000100,000010000000000000000010000010000101000000000001010000010000010010000010010 1240592.0
runproj limit: 0.0
0000000000000000000000000000000001000000100010010000001100000000100000100000001000000100000000000000000001000100000000000100001010000000001001000,000000000000000000000000000000000100000010001001000000110000000010000010000 1252096.0
runproj limit: 0.0
0100000000000000000000000010000101000000000000000000000100000100100000000000011000000000000000000000000001000000100000000100001010000000001001000,010000000000000000000000001000010100000000000000000000010000010010000000000 1224872.0
runproj limit: 0.0
0000000100100000011000000010000000000010010001011101110000000110000000010000000000000000000101010001100001000000001000000100000000000000000000000,000000010010000001100000001000000000001001000101110111000000011000000001000 1224928.0
runproj limit: 0.0
0100010000000100011110000101000000000010000010000000101100000000101000100000011000101000000100100100000000000100000000101110000000000011000001100,010001000000010001111000010100000000001000001000000010110000000010100010000 1234544.0
runproj limit: 0.0
0000010000001000011100101001000100001010000001001100010001000000000000000000001000010010000010100010100001000000000100011001010000010011001000000,000001000000100001110010100100010000101000000100110001000100000000000000000 1243968.0
runproj limit: 0.0
0000100000000010000101100100101000000001001110011100000000100000100000010001101100000010000100001000011100100010010110100010001101010000011000100,000010000000001000010110010010100000000100111001110000000010000010000001000 1250600.0
runproj limit: 0.0
0111010100110000000010000000000100100000000000111111111000100110010100000100000101000101000101010100100101010000100000110110100001101000000000101,011101010011000000001000000000010010000000000011111111100010011001010000010 1226424.0
runproj limit: 0.0
1101010010001111011110101011111010001001010100101000110110001010101010001000001110111110100100000111101001001101001111010100000000000011101010000,110101001000111101111010101111101000100101010010100011011000101010101000100 1226040.0
runproj limit: 0.0
0111010011000101111110100011100011110000010101001000000011000100000000110000001000010000000101110100101000101000000111001100010110001001010010000,011101001100010111111010001110001111000001010100100000001100010000000011000 1225344.0
runproj limit: 0.0
1001010000000101100001100111111100111100110100010000100110000101000111100110011001000101010000100010110110100001100100100000001011000001111000100,100101000000010110000110011111110011110011010001000010011000010100011110011 1242920.0
runproj limit: 0.0
0100010010011000011100101011100010001010010000001100010001000000000000011000001000100100000101000011100001111100000101010100010000000011001001000,010001001001100001110010101110001000101001000000110001000100000000000001100 1226808.0
runproj limit: 0.0
0110010100100000010000000001000000100010000001011111110000000000000000010000000000000001000101111001100001000000001000000100100000000000000100000,011001010010000001000000000100000010001000000101111111000000000000000001000 1228160.0
runproj limit: 0.0
1000100000000000000000100001100101010000000000010100000100000100100010100000000000000000000100000000000001010000100000000000001000000001000000100,100010000000000000000010000110010101000000000001010000010000010010001010000 1231600.0
runproj limit: 0.0
1000000000000000000000000011000101010000100000010000000100000100000010100000000000000101000000000000000011000000100000000000001010000001001000000,100000000000000000000000001100010101000010000001000000010000010000001010000 1232832.0
runproj limit: 0.0
0100000000000000000000000000000000000000000000000000000000000000100000000000011000000000000000000000000000000100000000100100000000000000000001000,010000000000000000000000000000000000000000000000000000000000000010000000000 1235496.0
runproj limit: 0.0
0100000000000000000010000000000000000000000010000000001000000000101000000010011000000000000000000000000000000100000000100100000000000000000001000,010000000000000000001000000000000000000000001000000000100000000010100000001 1235496.0
runproj limit: 0.0
0000000000010000001000001010000000001010010000000001000000000110000000001000000000000000000000000001000001000000000000000100010000000000000000000,000000000001000000100000101000000000101001000000000100000000011000000000100 1241560.0
best: 0.9784197947420217
runproj limit: 0.0
0111010000110000000000000001000000100010000000110011001000000000010100000100000000000001000101011000000101010000000000110110100001100000000000100,011101000011000000000000000100000010001000000011001100100000000001010000010 1241816.0
runproj limit: 0.0
0110000010000001000010000001100011100000100011001000001000000000100000110000001000010100000100110100000001101100000110000100011110000001000000000,011000001000000100001000000110001110000010001100100000100000000010000011000 1241936.0
runproj limit: 0.0
0110010100100000010000000000000000000000000011000010011000000000100000010010010000000001000001110000100001000000001000100100100000000000000000000,011001010010000001000000000000000000000000001100001001100000000010000001001 1226768.0
runproj limit: 0.0
0100010010010000010000101001100011000010010000001100000001000100100000010000001000000000000101000011100001111100100000010100010000000001000000100,010001001001000001000010100110001100001001000000110000000100010010000001000 1232104.0
runproj limit: 0.0
0101010000111101000110101000001110001001000100101010111100000110111000001100000111110101000100000110100001000000000111110110100001001000100010101,010101000011110100011010100000111000100100010010101011110000011011100000110 1233000.0
runproj limit: 0.0
0100010100100000010000000000000000100010010001011111110000000000000000010000000000000000000101110001100001000000001000000100100000000000000000000,010001010010000001000000000000000010001001000101111111000000000000000001000 1226848.0
runproj limit: 0.0
1000000000000000001000100001100101010000000000000100000100000100100010100000011000101000000100000100000000000100100000000010000000000001000001100,100000000000000000100010000110010101000000000000010000010000010010001010000 1241016.0
runproj limit: 0.0
0100000000000000000000000010000100000000000000000000000000000100100000000000011000000000000000000000000001000100000000100100001000000000001001000,010000000000000000000000001000010000000000000000000000000000010010000000000 1224872.0
runproj limit: 0.0
0100010000000100011110000111000010000010010010000000101110101001101000110010010111110010011100101010100000000100100000101010001110000110001001110,010001000000010001111000011100001000001001001000000010111010100110100011001 1230840.0
runproj limit: 0.0
0010110000101000000001000000100000100000100101010000000110001000100101000011000000101001001111111011011001010010000011001101100000000000000000001,001011000010100000000100000010000010000010010101000000011000100010010100001 1247816.0
runproj limit: 0.0
0001010101110101110010000000000100101000000100110110010001100111010111010100101111001000000101010110100001110000000100111100101101100011001100100,000101010111010111001000000000010010100000010011011001000110011101011101010 1224072.0
runproj limit: 0.0
1100010110001110011111001101111110000000010101101001110110011011101010001101000010111110110101000110100100000111011111110100000100001111101011000,110001011000111001111100110111111000000001010110100111011001101110101000110 1231312.0
runproj limit: 0.0
0110010010000000101110110111011110100000010101001000000111000110110000110000001100010100100101110101101100011000110111001101001010101111011000110,011001001000000010111011011101111010000001010100100000011100011011000011000 1226456.0
runproj limit: 0.0
0100000000000000000000000010000101000000000000000000000100000100100000000000011000000000000000000000000001000000100000000100001010000000001001000,010000000000000000000000001000010100000000000000000000010000010010000000000 1224872.0
runproj limit: 0.0
0000000100100000011000000010000000000010010001011101110000000110000000010000000000000000000101010001100001000000001000000100000000000000000000000,000000010010000001100000001000000000001001000101110111000000011000000001000 1224928.0
runproj limit: 0.0
0111010011000101111110100011100011110000010101001000000011000100000000110000001000010000000101110100101000101000000111001100010110001001010010000,011101001100010111111010001110001111000001010100100000001100010000000011000 1225344.0
runproj limit: 0.0
1101010010001111011110101011111010001001010100101000110110001010101010001000001110111110100100000111101001001101001111010100000000000011101010000,110101001000111101111010101111101000100101010010100011011000101010101000100 1226040.0
runproj limit: 0.0
0111010100110000000010000000000100100000000000111111111000100110010100000100000101000101000101010100100101010000100000110110100001101000000000101,011101010011000000001000000000010010000000000011111111100010011001010000010 1226424.0
runproj limit: 0.0
0100010010011000011100101011100010001010010000001100010001000000000000011000001000100100000101000011100001111100000101010100010000000011001001000,010001001001100001110010101110001000101001000000110001000100000000000001100 1226808.0
runproj limit: 0.0
0110010100100000010000000001000000100010000001011111110000000000000000010000000000000001000101111001100001000000001000000100100000000000000100000,011001010010000001000000000100000010001000000101111111000000000000000001000 1228160.0
best: 0.9777807599401863
runproj limit: 0.0
0101010011111101110110101011101010000000010101101010000001000110111000101000001011010100000101010100101001001000000111010100100111001000010010001,010101001111110111011010101110101000000001010110101000000100011011100010100 1225104.0
runproj limit: 0.0
0110010100101000010100100011000010100010000000001111110000000000000000011000001000100001000101111011100001001100000000000100010000000010001001000,011001010010100001010010001100001010001000000000111111000000000000000001100 1228184.0
runproj limit: 0.0
0100000000000000000000000010000101000000000000000000000100000100100000000000011000000000000000000000000001000000100000000100001010000000001001000,010000000000000000000000001000010100000000000000000000010000010010000000000 1224872.0
runproj limit: 0.0
0101010000000000011110001001001010001011010001001001110000001010101000010000000110011001100101111101100001001100001001000100100000000010001010000,010101000000000001111000100100101000101101000100100111000000101010100001000 1236944.0
runproj limit: 0.0
0100000000000100010110000111000110000010010000000000101100000000100000110000011111000000001000000000000001000100000000101000001010000000001001000,010000000000010001011000011100011000001001000000000010110000000010000011000 1231976.0
runproj limit: 0.0
0000010000001000011000001011000010000010010000001100010000000110000000010000000000100000000101010011100001101100000000000100010000000000001000000,000001000000100001100000101100001000001001000000110001000000011000000001000 1233488.0
runproj limit: 0.0
1000010110100000011101001001011000000000010101111101110110001011101010001101000010001010000101010000100000000010001110110100000100000101101000000,100001011010000001110100100101100000000001010111110111011000101110101000110 1226336.0
runproj limit: 0.0
0110010010000011001110001011110010101001010000001000100100000010101010100000001110010110100100100111000001001101000111010100011000000011100000000,011001001000001100111000101111001010100101000000100010010000001010101010000 1226008.0
runproj limit: 0.0
0110011010110110011101101101101001100010110000001100000101110010100000010011001101010100101101000011100011110100010000110100011001100001101001101,011001101011011001110110110110100110001011000000110000010111001010000001001 1235128.0
runproj limit: 0.0
0011010011011001011101101011100010000010010001000000111101011000000100101000001001110000011001001010101011111110000110110100010001010000001001101,001101001101100101110110101110001000001001000100000011110101100000010010100 1240256.0
runproj limit: 0.0
0001110001110101110000110100000100101000000100110111000001100001111011010110101111101101000101110010101000100010100110111111101011100010101101100,000111000111010111000011010000010010100000010011011100000110000111101101011 1243984.0
runproj limit: 0.0
1110010000010000110010001000100000000001000011000100011001000010100000001010011010000111000001111000010011010001111100100101100000100100001000100,111001000001000011001000100010000000000100001100010001100100001010000000101 1235632.0
runproj limit: 0.0
0011010000110000010011100011000010101011001000110000011010010000010100000110001011000000000111111000000011000011010000110101100111100101001000011,001101000011000001001110001100001010101100100011000001101001000001010000011 1239816.0
runproj limit: 0.0
0001010101110101110010000000000100101000000100110110010001100111010111010100101111001000000101010110100001110000000100111100101101100011001100100,000101010111010111001000000000010010100000010011011001000110011101011101010 1224072.0
runproj limit: 0.0
0100000000000000000000000010000100000000000000000000000000000100100000000000011000000000000000000000000001000100000000100100001000000000001001000,010000000000000000000000001000010000000000000000000000000000010010000000000 1224872.0
runproj limit: 0.0
0100000000000000000000000010000101000000000000000000000100000100100000000000011000000000000000000000000001000000100000000100001010000000001001000,010000000000000000000000001000010100000000000000000000010000010010000000000 1224872.0
runproj limit: 0.0
0000000100100000011000000010000000000010010001011101110000000110000000010000000000000000000101010001100001000000001000000100000000000000000000000,000000010010000001100000001000000000001001000101110111000000011000000001000 1224928.0
runproj limit: 0.0
0111010011000101111110100011100011110000010101001000000011000100000000110000001000010000000101110100101000101000000111001100010110001001010010000,011101001100010111111010001110001111000001010100100000001100010000000011000 1225344.0
runproj limit: 0.0
1101010010001111011110101011111010001001010100101000110110001010101010001000001110111110100100000111101001001101001111010100000000000011101010000,110101001000111101111010101111101000100101010010100011011000101010101000100 1226040.0
runproj limit: 0.0
0111010100110000000010000000000100100000000000111111111000100110010100000100000101000101000101010100100101010000100000110110100001101000000000101,011101010011000000001000000000010010000000000011111111100010011001010000010 1226424.0
best: 0.9777807599401863
runproj limit: 0.0
0100000000000000011000000010000000000000000000000101110000000110100000000000010000000000000100010001000001000000000000100100001000000000000001000,010000000000000001100000001000000000000000000000010111000000011010000000000 1225792.0
runproj limit: 0.0
0100010100101000010000100011000010100010000000001101110000000010000000011000000000100001000101111011100001001000000000000100010000000000001000000,010001010010100001000010001100001010001000000000110111000000001000000001100 1228248.0
runproj limit: 0.0
0110000011000100111110100011100010110000010000000000000000000100100000100000011000000000000001000100001001000000000011000100011010000001001011000,011000001100010011111010001110001011000001000000000000000000010010000010000 1225536.0
runproj limit: 0.0
0101010010000001010100000011100100010000000101000000000011000100000000000000001000000000000001010100001000000100000010000100000000001000010011000,010101001000000101010000001110010001000000010100000000001100010000000000000 1225008.0
runproj limit: 0.0
0111000000000101011110000111100010000010010100000000001111000100100000110000001010010000000000100000100001101000000101001000010110000000000011000,011100000000010101111000011110001000001001010000000000111100010010000011000 1231632.0
runproj limit: 0.0
0010010000001010001100001011010010001010010000001000100000000110001010100000001010110110100100010111100001001100000100000100011000000000100000000,001001000000101000110000101101001000101001000000100010000000011000101010000 1232640.0
runproj limit: 0.0
1100010000000000000000000000000100000000010000110101110000000000100000001000001010000010000000000000100001000110001100100100000100000101001001000,110001000000000000000000000000010000000001000011010111000000000010000000100 1233968.0
runproj limit: 0.0
0110011010110010001111000000000100100010110000111110100100100110000000010011001101010101101101010010100001110000010000110110100001100000101001101,011001101011001000111100000000010010001011000011111010010010011000000001001 1233176.0
runproj limit: 0.0
1111010010000111011011100011111110001001010100001101010100000010101110101100001110011100100100000101100011101011001011011100000000110111101111010,111101001000011101101110001111111000100101010000110101010000001010111010110 1226800.0
runproj limit: 0.0
1100000100110000000000000000101000101000100110111110010100110111000110011100010101000100000101010100100101100100100010111011100000101100010100100,110000010011000000000000000010100010100010011011111001010011011100011001110 1225080.0
runproj limit: 0.0
1100000010000100111000000011100000010110000001011101010010111000011010000100000000000000000101010111011001111000000000000110010111010000011001100,110000001000010011100000001110000001011000000101110101001011100001101000010 1227656.0
runproj limit: 0.0
0111010000001010001110001010111000011001010001001000100111010110111110101010001111010110010010100000000111001111000111010100110100001111101100010,011101000000101000111000101011100001100101000100100010011101011011111010101 1224232.0
runproj limit: 0.0
0110000010001000011111001011011101101011010010011101101000000111100011000100101110110100100101110110010100001000000001011100010100101011100001011,011000001000100001111100101101110110101101001001110110100000011110001100010 1225904.0
runproj limit: 0.0
0001010101110101110010000000000100101000000100110110010001100111010111010100101111001000000101010110100001110000000100111100101101100011001100100,000101010111010111001000000000010010100000010011011001000110011101011101010 1224072.0
runproj limit: 0.0
0100000000000000000000000010000101000000000000000000000100000100100000000000011000000000000000000000000001000000100000000100001010000000001001000,010000000000000000000000001000010100000000000000000000010000010010000000000 1224872.0
runproj limit: 0.0
0100000000000000000000000010000100000000000000000000000000000100100000000000011000000000000000000000000001000100000000100100001000000000001001000,010000000000000000000000001000010000000000000000000000000000010010000000000 1224872.0
runproj limit: 0.0
0000000100100000011000000010000000000010010001011101110000000110000000010000000000000000000101010001100001000000001000000100000000000000000000000,000000010010000001100000001000000000001001000101110111000000011000000001000 1224928.0
runproj limit: 0.0
0101010011111101110110101011101010000000010101101010000001000110111000101000001011010100000101010100101001001000000111010100100111001000010010001,010101001111110111011010101110101000000001010110101000000100011011100010100 1225104.0
runproj limit: 0.0
0111010011000101111110100011100011110000010101001000000011000100000000110000001000010000000101110100101000101000000111001100010110001001010010000,011101001100010111111010001110001111000001010100100000001100010000000011000 1225344.0
runproj limit: 0.0
0110010010000011001110001011110010101001010000001000100100000010101010100000001110010110100100100111000001001101000111010100011000000011100000000,011001001000001100111000101111001010100101000000100010010000001010101010000 1226008.0
best: 0.9777807599401863
runproj limit: 0.0
0000000110100100111000000010100000000110010001011101010000011110011010010100000000000000000101010101101001011000000000000100010010000000001001000,000000011010010011100000001010000000011001000101110101000001111001101001010 1224064.0
runproj limit: 0.0
0100000100101000011101000010011101100010010011011101110000000111100010000100101100000100100101110000000101001000000001010100010100100010100001011,010000010010100001110100001001110110001001001101110111000000011110001000010 1230888.0
runproj limit: 0.0
1100000010000001110100000011100000010010000001010100010010001000000000000100001000000000000001010111001001111000000010000100000011000000010001000,110000001000000111010000001110000001001000000101010001001000100000000000010 1228248.0
runproj limit: 0.0
0110010010000010001111001011111010101011010010011001100000000111100011000100101110010110100101110111000100001000000101011100010000100011100001010,011001001000001000111100101111101010101101001001100110000000011110001100010 1224416.0
runproj limit: 0.0
0100000000000000000000000010000100000000000000000000000000000100100000000000011000000000000000000000000001000100000000100100001000000000001001000,010000000000000000000000001000010000000000000000000000000000010010000000000 1224872.0
runproj limit: 0.0
0100000000000000000000000010000100000000000000000000000100000100100000000000011000000000000000000000000001000100100000100100001000000000001001000,010000000000000000000000001000010000000000000000000000010000010010000000000 1224872.0
runproj limit: 0.0
0000000000000100110010000000000101001000000000110000010001000110100001010000111010000000000001000000000001110000100000000100101100100011001001000,000000000000010011001000000000010100100000000011000001000100011010000101000 1254448.0
runproj limit: 0.0
0100000000000000000000000010000101000000000000000000000100000100100000000000011000000000000000000000000001000100000000000100001000000000001001000,010000000000000000000000001000010100000000000000000000010000010010000000000 1224872.0
runproj limit: 0.0
0000000010001111110110000100100100110101011001010000000111000110000100000001100000000011010011110100001110110100010010000001001010001000010011100,000000001000111111011000010010010011010101100101000000011100011000010000000 1248296.0
runproj limit: 0.0
0001101110010110010110001000111000110001000110101100100010110111111010111000111011010101010110000000000110001010011111010000110100000111111100010,000110111001011001011000100011100011000100011010110010001011011111101011100 1223800.0
runproj limit: 0.0
0100110011111101100110111011001010000001010110100011010001010110101000011000001000010100110101110100100100001000100000001111100011001010010011001,010011001111110110011011101100101000000101011010001101000101011010100001100 1226568.0
runproj limit: 0.0
1101110011100001010110001111000111010000001011001000010011110100010110111000101101000001101011010100110100110011010110001100010100001100011000011,110111001110000101011000111100011101000000101100100001001111010001011011100 1225560.0
runproj limit: 0.0
0110000010101100011110011100011101110011110000111111001000000001100011000111111010000000110001011110010000011010100001011000010001101011110000011,011000001010110001111001110001110111001111000011111100100000000110001100011 1237944.0
runproj limit: 0.0
0001010101110101110010000000000100101000000100110110010001100111010111010100101111001000000101010110100001110000000100111100101101100011001100100,000101010111010111001000000000010010100000010011011001000110011101011101010 1224072.0
runproj limit: 0.0
0111010000001010001110001010111000011001010001001000100111010110111110101010001111010110010010100000000111001111000111010100110100001111101100010,011101000000101000111000101011100001100101000100100010011101011011111010101 1224232.0
runproj limit: 0.0
0100000000000000000000000010000101000000000000000000000100000100100000000000011000000000000000000000000001000000100000000100001010000000001001000,010000000000000000000000001000010100000000000000000000010000010010000000000 1224872.0
runproj limit: 0.0
0100000000000000000000000010000100000000000000000000000000000100100000000000011000000000000000000000000001000100000000100100001000000000001001000,010000000000000000000000001000010000000000000000000000000000010010000000000 1224872.0
runproj limit: 0.0
0000000100100000011000000010000000000010010001011101110000000110000000010000000000000000000101010001100001000000001000000100000000000000000000000,000000010010000001100000001000000000001001000101110111000000011000000001000 1224928.0
runproj limit: 0.0
0101010010000001010100000011100100010000000101000000000011000100000000000000001000000000000001010100001000000100000010000100000000001000010011000,010101001000000101010000001110010001000000010100000000001100010000000000000 1225008.0
runproj limit: 0.0
1100000100110000000000000000101000101000100110111110010100110111000110011100010101000100000101010100100101100100100010111011100000101100010100100,110000010011000000000000000010100010100010011011111001010011011100011001110 1225080.0
best: 0.9775634881075623
runproj limit: 0.0
0000000100000000010000000010000100000000000001001000010000000110000000010000001000000000000000000000000001000100001000000100000000000000000000000,000000010000000001000000001000010000000000000100100001000000011000000001000 1223880.0
runproj limit: 0.0
0100000000000000000000000010000101000000000000000000000100000100100000000000011000000000000000000000000001000100000000000100001000000000001001000,010000000000000000000000001000010100000000000000000000010000010010000000000 1224872.0
runproj limit: 0.0
0001000000100000010000000000000100100000000100100010000000100111010010010100001001000000000101000010000001110000000000111100001100100001001000100,000100000010000001000000000000010010000000010010001000000010011101001001010 1254160.0
runproj limit: 0.0
0101111010000010010100001000110100010000000110000000000011000101110010100000111001000101000001010100001000001110001110000100100100000000111010010,010111101000001001010000100011010001000000011000000000001100010111001010000 1223920.0
runproj limit: 0.0
0011000110000010000111001010111000111001000110011100100010010111101011000000111110010111000110110000000110001010000111010000010000000111111101010,001100011000001000011100101011100011100100011001110010001001011110101100000 1231848.0
runproj limit: 0.0
0101100010000001000110001110000111000000000010001000000101000100110110000000111100000000100000000100000000100100010000000100011100001100011001010,010110001000000100011000111000011100000000001000100000010100010011011000000 1223824.0
runproj limit: 0.0
0000101110010110010010001010111000010001010001111101110000111111011010110000100000000001010110000000000110011010010000010000010110000010101101000,000010111001011001001000101011100001000101000111110111000011111101101011000 1223752.0
runproj limit: 0.0
0100000000000000000000000010000100000000000000000000000000000100100000000000011000000000000000000000000001000100000000100100001000000000001001000,010000000000000000000000001000010000000000000000000000000000010010000000000 1224872.0
runproj limit: 0.0
0100110000010000000001000100000101100001100000000001100000010001101100010000110001000001101000000100001011000100000000100110001001001000001100011,010011000001000000000100010000010110000110000000000110000001000110110001000 1226032.0
runproj limit: 0.0
1000010010000010011001000001111010101001000010111001101010000111110001010100001110010111000101111101100110001110011101111010000100000011101011000,100001001000001001100100000111101010100100001011100110101000011111000101010 1240424.0
runproj limit: 0.0
1110010110000000000000000001000101010101111011001110010110010100100001000101001100000101000110000000100011001110000010111110001100000011101101001,111001011000000000000000000100010101010111101100111001011001010010000100010 1224480.0
runproj limit: 0.0
0100011110000110000111101000011010101111010001111000110011100110100001000101101111011101100111110110100100001001100101011100110100100011100000000,010001111000011000011110100001101010111101000111100011001110011010000100010 1226272.0
runproj limit: 0.0
1100110010111100000110111001010010000001000111000011110011010010101010001010001110010100101101100100101100101100100010001001100010001110010111101,110011001011110000011011100101001000000100011100001111001101001010101000101 1231640.0
runproj limit: 0.0
0001101110010110010110001000111000110001000110101100100010110111111010111000111011010101010110000000000110001010011111010000110100000111111100010,000110111001011001011000100011100011000100011010110010001011011111101011100 1223800.0
runproj limit: 0.0
0000000110100100111000000010100000000110010001011101010000011110011010010100000000000000000101010101101001011000000000000100010010000000001001000,000000011010010011100000001010000000011001000101110101000001111001101001010 1224064.0
runproj limit: 0.0
0001010101110101110010000000000100101000000100110110010001100111010111010100101111001000000101010110100001110000000100111100101101100011001100100,000101010111010111001000000000010010100000010011011001000110011101011101010 1224072.0
runproj limit: 0.0
0111010000001010001110001010111000011001010001001000100111010110111110101010001111010110010010100000000111001111000111010100110100001111101100010,011101000000101000111000101011100001100101000100100010011101011011111010101 1224232.0
runproj limit: 0.0
0110010010000010001111001011111010101011010010011001100000000111100011000100101110010110100101110111000100001000000101011100010000100011100001010,011001001000001000111100101111101010101101001001100110000000011110001100010 1224416.0
runproj limit: 0.0
0100000000000000000000000010000100000000000000000000000000000100100000000000011000000000000000000000000001000100000000100100001000000000001001000,010000000000000000000000001000010000000000000000000000000000010010000000000 1224872.0
runproj limit: 0.0
0100000000000000000000000010000100000000000000000000000100000100100000000000011000000000000000000000000001000100100000100100001000000000001001000,010000000000000000000000001000010000000000000000000000010000010010000000000 1224872.0
best: 0.9775251460194522
runproj limit: 0.0
0111010010000010001110001010111010001001010001001000100110010110110111000010101110010110100101100110000110001101000101011100010000101111101001010,011101001000001000111000101011101000100101000100100010011001011011011100001 1228432.0
runproj limit: 0.0
0111000000000010001110001010111100001000000000000000100110010110100000000000011100010000000010100000000111001100000101000100111100000110101000010,011100000000001000111000101011110000100000000000000010011001011010000000000 1226072.0
runproj limit: 0.0
0011010110101000111010001010100000001100010001001001110100010110111110000100000111010100000110010000100111001000000100000100010000001101101000000,001101011010100011101000101010000000110001000100100111010001011011111000010 1232216.0
runproj limit: 0.0
0101111100000000010100001010100100010000000101001000010001000100110000110000001000000000000001010000001001000110001100000100100000000000001010000,010111110000000001010000101010010001000000010100100001000100010011000011000 1227056.0
runproj limit: 0.0
0000000110000100011000000010000100000000010001011100010000011110001010010000001000000000000001000101000001000100001000000100000010000000000001000,000000011000010001100000001000010000000001000101110001000001111000101001000 1223472.0
runproj limit: 0.0
0100000110011000000000101010010010000000000111001001010011010010001010000000001010000100101000100100001001100100000010000000100010001100000010100,010000011001100000000010101001001000000000011100100101001101001000101000000 1226992.0
runproj limit: 0.0
0000000101100100110000000000000000000010000000011111010001011111011011010100001100000000000101010111100001011000000100000100010100100000001101100,000000010110010011000000000000000000001000000001111101000101111101101101010 1224168.0
runproj limit: 0.0
0000001010000010010000000010101000010001000001110000000000111100100010100000111000000000000010000000000010000110010000110000011100000000001101000,000000101000001001000000001010100001000100000111000000000011110010001010000 1236792.0
runproj limit: 0.0
1101000110001100000111000110100111000010000011111000010101000100000110101011101000000000100100110000101100100100010001000100010100001110011001010,110100011000110000011100011010011100001000001111100001010100010000011010101 1233880.0
runproj limit: 0.0
1110011110000110000000000011111101010101011110011110010110110100001011001001001100100101001110000000001011001110000010111111011100001010111100001,111001111000011000000000001111110101010101111001111001011011010000101100100 1223584.0
runproj limit: 0.0
0101000010010000000000000011110001000000010000001001000110001100100000000110110110110000000110001001011101000110101010001110001000001100011001100,010100001001000000000000001111000100000001000000100100011000110010000000011 1238488.0
runproj limit: 0.0
1000101110111110010110010011101101110011011101111001100000111101010010100011101000000011011110000000101111100010011000000000010110001110110101000,100010111011111001011001001110110111001101110111100110000011110101001010001 1234648.0
runproj limit: 0.0
0100000000001001011000000101100111011010010010010010111101011100101000000100011000000000000000010000001001110100100100000100101000000001001001001,010000000000100101100000010110011101101001001001001011110101110010100000010 1234208.0
runproj limit: 0.0
0000101110010110010010001010111000010001010001111101110000111111011010110000100000000001010110000000000110011010010000010000010110000010101101000,000010111001011001001000101011100001000101000111110111000011111101101011000 1223752.0
runproj limit: 0.0
0001101110010110010110001000111000110001000110101100100010110111111010111000111011010101010110000000000110001010011111010000110100000111111100010,000110111001011001011000100011100011000100011010110010001011011111101011100 1223800.0
runproj limit: 0.0
0101100010000001000110001110000111000000000010001000000101000100110110000000111100000000100000000100000000100100010000000100011100001100011001010,010110001000000100011000111000011100000000001000100000010100010011011000000 1223824.0
runproj limit: 0.0
0000000100000000010000000010000100000000000001001000010000000110000000010000001000000000000000000000000001000100001000000100000000000000000000000,000000010000000001000000001000010000000000000100100001000000011000000001000 1223880.0
runproj limit: 0.0
0101111010000010010100001000110100010000000110000000000011000101110010100000111001000101000001010100001000001110001110000100100100000000111010010,010111101000001001010000100011010001000000011000000000001100010111001010000 1223920.0
runproj limit: 0.0
0000000110100100111000000010100000000110010001011101010000011110011010010100000000000000000101010101101001011000000000000100010010000000001001000,000000011010010011100000001010000000011001000101110101000001111001101001010 1224064.0
runproj limit: 0.0
0001010101110101110010000000000100101000000100110110010001100111010111010100101111001000000101010110100001110000000100111100101101100011001100100,000101010111010111001000000000010010100000010011011001000110011101011101010 1224072.0
best: 0.9773014838388099
runproj limit: 0.0
0000101110110110010110000011111001010001010101111001110000111101011010100011100000000011011110000000101110000010011000000000010110001010100101000,000010111011011001011000001111100101000101010111100111000011110101101010001 1234648.0
runproj limit: 0.0
0000000110110101010000000010000100100000000101010110010000001110010011010100101010001000000001010110100001010000001100001100101110100000001000100,000000011011010101000000001000010010000000010101011001000000111001001101010 1223352.0
runproj limit: 0.0
0111110010000010011110001010111000010001010110000000100011010101110011000010101100000101100001100100001010001111000100000100100000101100101000010,011111001000001001111000101011100001000101011000000010001101010111001100001 1224048.0
runproj limit: 0.0
0101110010000000000100001010100100000000000110000000000001000100110110100000111000000000100000000100001000001100001010000100111100001000111011010,010111001000000000010000101010010000000000011000000000000100010011011010000 1223808.0
runproj limit: 0.0
0001001110011110010110000100110111100010000010111000010001100100000110101010101011010000110110000000000100100010011011000100110100000110011100010,000100111001111001011000010011011110001000001011100001000110010000011010101 1224136.0
runproj limit: 0.0
0001101100010110110010001000101000110010000100111100010001010111011010010100111011000001010110000001100000001010011101010100010100000000101101000,000110110001011011001000100010100011001000010011110001000101011101101001010 1223504.0
runproj limit: 0.0
0000000110000100011000000010000100000000010001011100010000011110001010010000001000000000000001000101000001000100001000000100000010000000000001000,000000011000010001100000001000010000000001000101110001000001111000101001000 1223472.0
runproj limit: 0.0
0000001110010100011010001010110000010111010001011101010000111111011010110100100000000000000101010000100011011010000000000000010010000000001101000,000000111001010001101000101011000001011101000101110101000011111101101011010 1224112.0
runproj limit: 0.0
1100000110100110110001100011100101100110111111100110010000111110000011111101000011000000110110011101100011011000000111100100010111001000100001010,110000011010011011000110001110010110011011111110011001000011111000001111110 1225376.0
runproj limit: 0.0
1100001110000100101100100010111100011101011110011100010011110101011011111001001001101101010111000100101000001110000010010010011111100111010100010,110000111000010010110010001011110001110101111001110001001111010101101111100 1224112.0
runproj limit: 0.0
0010001010010010110101000101111100010001100101010010001000001010100000100100011010010001010000100110110111000110110100000101011010010000001100000,001000101001001011010100010111110001000110010101001000100000101010000010010 1246896.0
runproj limit: 0.0
0001100101101100111100001000001011010010000000011100010010001100001000110101101111010110000001100001000011101100001000000000100110100000100101001,000110010110110011110000100000101101001000000001110001001000110000100011010 1224528.0
runproj limit: 0.0
1010110111000111010000000111111000001101010100011101010111000111001011001101101110010001001010011100101000000110000000110001011110001010110101001,101011011100011101000000011111100000110101010001110101011100011100101100110 1225376.0
runproj limit: 0.0
0000000110000100011000000010000100000000010001011100010000011110001010010000001000000000000001000101000001000100001000000100000010000000000001000,000000011000010001100000001000010000000001000101110001000001111000101001000 1223472.0
runproj limit: 0.0
1110011110000110000000000011111101010101011110011110010110110100001011001001001100100101001110000000001011001110000010111111011100001010111100001,111001111000011000000000001111110101010101111001111001011011010000101100100 1223584.0
runproj limit: 0.0
0000101110010110010010001010111000010001010001111101110000111111011010110000100000000001010110000000000110011010010000010000010110000010101101000,000010111001011001001000101011100001000101000111110111000011111101101011000 1223752.0
runproj limit: 0.0
0001101110010110010110001000111000110001000110101100100010110111111010111000111011010101010110000000000110001010011111010000110100000111111100010,000110111001011001011000100011100011000100011010110010001011011111101011100 1223800.0
runproj limit: 0.0
0101100010000001000110001110000111000000000010001000000101000100110110000000111100000000100000000100000000100100010000000100011100001100011001010,010110001000000100011000111000011100000000001000100000010100010011011000000 1223824.0
runproj limit: 0.0
0000000100000000010000000010000100000000000001001000010000000110000000010000001000000000000000000000000001000100001000000100000000000000000000000,000000010000000001000000001000010000000000000100100001000000011000000001000 1223880.0
runproj limit: 0.0
0101111010000010010100001000110100010000000110000000000011000101110010100000111001000101000001010100001000001110001110000100100100000000111010010,010111101000001001010000100011010001000000011000000000001100010111001010000 1223920.0
best: 0.9772056286185345
runproj limit: 0.0
0001101100010110010010001000111000110001000100111100110000110111011010010100111011000101010110000000000100001010011111010000110100000110111100010,000110110001011001001000100011100011000100010011110011000011011101101001010 1223704.0
runproj limit: 0.0
0100011110000110010000001010010100000000000010001100010010001111001010010000001000000001000001010100000001001110001110000100000110000000010011000,010001111000011001000000101001010000000000001000110001001000111100101001000 1223200.0
runproj limit: 0.0
0010001110011110000000000001111111010101001110011100010000100100000110101010101110010001111110000000001110101110001010100110110100000110011100011,001000111001111000000000000111111101010100111001110001000010010000011010101 1233096.0
runproj limit: 0.0
0000000110000000010000000010000100000000000001011100010000010110001010010000001000000000000001000101000001000100001000000100000010000000000000000,000000011000000001000000001000010000000000000101110001000001011000101001000 1223488.0
runproj limit: 0.0
1100000110010100111000100010110100000100000111010100010011000110011011111000001010101001010001010100101000010100001010001010101110100011000100110,110000011001010011100010001011010000010000011101010001001100011001101111100 1223952.0
runproj limit: 0.0
0101100110000101011100001110000101000000010001001000010100010100111010010000011100000000100001000101000001100100000000000100011000001000000001010,010110011000010101110000111000010100000001000100100001010001010011101001000 1223808.0
runproj limit: 0.0
0101100110010010010110001000101000110000000110001000100001100110111110100000111011010101010010000000001010001000011011010100111100001011111111010,010110011001001001011000100010100011000000011000100010000110011011111010000 1224848.0
runproj limit: 0.0
1100111110000010010000001010111101010001010110010100000011110100010010001000001000000101000110010000001001001110001110110101000100001000111000000,110011111000001001000000101011110101000101011001010000001111010001001000100 1223680.0
runproj limit: 0.0
0011101101000110100001001001110000010011001110111101010000010110010110010101110011000101010110000101001000011001111100010100010110010000101110000,001110110100011010000100100111000001001100111011110101000001011001011001010 1223840.0
runproj limit: 0.0
1010000000101111011001000010000100001110000111011000001001011110001010110111000010100001000011010101000001101110100000000100000011000000010101000,101000000010111101100100001000010000111000011101100000100101111000101011011 1246936.0
runproj limit: 0.0
1000100111000010011000000011000101001011000110111001110011011000001011010101101100010001101010011110101001000100001011110010000110001011110110000,100010011100001001100000001100010100101100011011100111001101100000101101010 1227896.0
runproj limit: 0.0
0010101110010101000111000010100000000001010100111001110000011111111010110000000000001000011010000100001100000011110000000001000111001011101101010,001010111001010100011100001010000000000101010011100111000001111111101011000 1227976.0
runproj limit: 0.0
0110011110010011100100000010110101011101001111010101110110110010100110101001001000101011001011000001101011001101001010111110011110001110011100001,011001111001001110010000001011010101110100111101010111011011001010011010100 1225536.0
runproj limit: 0.0
0000000110110101010000000010000100100000000101010110010000001110010011010100101010001000000001010110100001010000001100001100101110100000001000100,000000011011010101000000001000010010000000010101011001000000111001001101010 1223352.0
runproj limit: 0.0
0000000110000100011000000010000100000000010001011100010000011110001010010000001000000000000001000101000001000100001000000100000010000000000001000,000000011000010001100000001000010000000001000101110001000001111000101001000 1223472.0
runproj limit: 0.0
0001101100010110110010001000101000110010000100111100010001010111011010010100111011000001010110000001100000001010011101010100010100000000101101000,000110110001011011001000100010100011001000010011110001000101011101101001010 1223504.0
runproj limit: 0.0
1110011110000110000000000011111101010101011110011110010110110100001011001001001100100101001110000000001011001110000010111111011100001010111100001,111001111000011000000000001111110101010101111001111001011011010000101100100 1223584.0
runproj limit: 0.0
0000101110010110010010001010111000010001010001111101110000111111011010110000100000000001010110000000000110011010010000010000010110000010101101000,000010111001011001001000101011100001000101000111110111000011111101101011000 1223752.0
runproj limit: 0.0
0001101110010110010110001000111000110001000110101100100010110111111010111000111011010101010110000000000110001010011111010000110100000111111100010,000110111001011001011000100011100011000100011010110010001011011111101011100 1223800.0
runproj limit: 0.0
0101110010000000000100001010100100000000000110000000000001000100110110100000111000000000100000000100001000001100001010000100111100001000111011010,010111001000000000010000101010010000000000011000000000000100010011011010000 1223808.0
best: 0.9770842120061859
runproj limit: 0.0
0001001110010100011000001000000000100001010101011100010000111110011010010000101011000101000100000001000001001100001010010100100010000000010000000,000100111001010001100000100000000010000101010101110001000011111001101001000 1223968.0
runproj limit: 0.0
0110011110000001000100001010110100010101000110000101000100010110110110101001111000001001101000000100001001001100001010011100111110001110011001001,011001111000000100010000101011010001010100011000010100010001011011011010100 1223232.0
runproj limit: 0.0
0001101100010110100010001000110000010011000110111100010000010110011110010100110011000101010110000101001000001010111101010100010110010000101110000,000110110001011010001000100011000001001100011011110001000001011001111001010 1223504.0
runproj limit: 0.0
0000000110010000010000000010000100000000000001010100010000011110010011010000001000000000000001010111000001010000001100001100001110000000001000000,000000011001000001000000001000010000000000000101010001000001111001001101000 1223720.0
runproj limit: 0.0
0001101010000000000110001000110000110001000110000100100001100100111110111000111000010100110000000000000110001010011010000100110100000010111111010,000110101000000000011000100011000011000100011000010010000110010011111011100 1232440.0
runproj limit: 0.0
0001001110000110010100001000011100000001000110101100000010110111111010010000101000000001010010000000000011001110001110000000100110000110111110000,000100111000011001010000100001110000000100011010110000001011011111101001000 1222968.0
runproj limit: 0.0
0000001110010110010000000010110000100000000001111110110000101110011011010100100000001001000001000100100111011010011000011000011110000010001101000,000000111001011001000000001011000010000000000111111011000010111001101101010 1228840.0
runproj limit: 0.0
0100011110000110010000001010010100000000000010001100010010001111001010010000001000000001000001010100000001001110001110000100000110000000010011000,010001111000011001000000101001010000000000001000110001001000111100101001000 1223200.0
runproj limit: 0.0
0000000111110110100000000011000100001011100111001110011001111100111000010100100110001010000010010110100101111001000001101001101110100000001000101,000000011111011010000000001100010000101110011100111001100111110011100001010 1225776.0
runproj limit: 0.0
0001010010010110001010000000010100011001010011000100100001110101100010101011101001000101000110000010000111001010011101110010110100000101110100010,000101001001011000101000000001010001100101001100010010000111010110001010101 1255008.0
runproj limit: 0.0
0000110101001010010000111010001110011001100100010001000001111111000000010000101001000010001100010100101001101110010110110101001110101101101010000,000011010100101001000011101000111001100110010001000100000111111100000001000 1224592.0
runproj limit: 0.0
1000010100001101011000110001000001111100011001000110010000100110010111011100110000000100000001011110101001000101000000000101100110000010001000100,100001010000110101100011000100000111110001100100011001000010011001011101110 1225496.0
runproj limit: 0.0
0101111010001000110110001101001000001000100110000010001100011000111010011100101000100000110000001000010001101010101010000100011110001100111011100,010111101000100011011000110100100000100010011000001000110001100011101001110 1230480.0
runproj limit: 0.0
0100011110000110010000001010010100000000000010001100010010001111001010010000001000000001000001010100000001001110001110000100000110000000010011000,010001111000011001000000101001010000000000001000110001001000111100101001000 1223200.0
runproj limit: 0.0
0000000110110101010000000010000100100000000101010110010000001110010011010100101010001000000001010110100001010000001100001100101110100000001000100,000000011011010101000000001000010010000000010101011001000000111001001101010 1223352.0
runproj limit: 0.0
0000000110000100011000000010000100000000010001011100010000011110001010010000001000000000000001000101000001000100001000000100000010000000000001000,000000011000010001100000001000010000000001000101110001000001111000101001000 1223472.0
runproj limit: 0.0
0000000110000000010000000010000100000000000001011100010000010110001010010000001000000000000001000101000001000100001000000100000010000000000000000,000000011000000001000000001000010000000000000101110001000001011000101001000 1223488.0
runproj limit: 0.0
0001101100010110110010001000101000110010000100111100010001010111011010010100111011000001010110000001100000001010011101010100010100000000101101000,000110110001011011001000100010100011001000010011110001000101011101101001010 1223504.0
runproj limit: 0.0
1110011110000110000000000011111101010101011110011110010110110100001011001001001100100101001110000000001011001110000010111111011100001010111100001,111001111000011000000000001111110101010101111001111001011011010000101100100 1223584.0
runproj limit: 0.0
1100111110000010010000001010111101010001010110010100000011110100010010001000001000000101000110010000001001001110001110110101000100001000111000000,110011111000001001000000101011110101000101011001010000001111010001001000100 1223680.0
best: 0.9768988919136536
runproj limit: 0.0
0000000110110110010000000011000100000010100101001110011001011100010001010100101110001000000000010110100101010000001101001000101110100000001000100,000000011011011001000000001100010000001010010100111001100101110001000101010 1225344.0
runproj limit: 0.0
0001001110000100010100001010001100000000000000011100000000010111011010010000101000000001010010000110000001000010001100001100101110000000101110000,000100111000010001010000101000110000000000000001110000000001011101101001000 1223304.0
runproj limit: 0.0
0001001110010110010010001010110000000001000001111110010000010110011110010100110001001001000011000101101000011010011000010100011110010000101101000,000100111001011001001000101011000000000100000111111001000001011001111001010 1223440.0
runproj limit: 0.0
0000000110110001010000000010000100100000000101010100010000010110001010010000001000000000000001000100100001000000001000000100000110100000001000000,000000011011000101000000001000010010000000010101010001000001011000101001000 1223488.0
runproj limit: 0.0
0001000110110101010000000000000100100001010101011100010000101110011010010100101010001000000001000111000001010100001000001100100010100000001000000,000100011011010101000000000000010010000101010101110001000010111001101001010 1223624.0
runproj limit: 0.0
0010011110000101011100001010100100010101000000010101010100011110111010001000001000000000100001000101000001001100001000011100110010000010001001000,001001111000010101110000101010010001010100000001010101010001111011101000100 1223232.0
runproj limit: 0.0
0000000110110100011000000000000100100001000101010110010000011110011010010000101011000101000001000010100001010000001010000100100110100000011000100,000000011011010001100000000000010010000100010101011001000001111001101001000 1223592.0
runproj limit: 0.0
1100011110000010010000001010110101010000010010011100010011111101000010000000001000000001000101010000001001001110001110100100000110001000110000000,110001111000001001000000101011010101000001001001110001001111110100001000000 1223312.0
runproj limit: 0.0
1010000111010110100110001000101000100010010001111110011001000111011010110110011000000101010001100001100000001001101001001110000000010001111100011,101000011101011010011000100010100010001001000111111001100100011101101011011 1224176.0
runproj limit: 0.0
0000101110100110100010001000111011011011000111010100110000011111011110010110111011001101110101001101101000011010111001110100010110010110101110000,000010111010011010001000100011101101101100011101010011000001111101111001011 1227904.0
runproj limit: 0.0
0001001110111101000000000010000000001000001101010100010001000110011011010010101010011010011001000110010001000001001110001110101101100000000100101,000100111011110100000000001000000000100000110101010001000100011001101101001 1223656.0
runproj limit: 0.0
0000001111011110011010100110000000000100000010010100011000011000010010010100011000010100000001000101000011000110001010000000000001010000100001000,000000111101111001101010011000000000010000001001010001100001100001001001010 1226144.0
runproj limit: 0.0
0000000110000110111000001110001100000001000000011001010000000110011101010000001010111000001111001010101001000011001100100100001111010000000101010,000000011000011011100000111000110000000100000001100101000000011001110101000 1228152.0
runproj limit: 0.0
0001001110000110010100001000011100000001000110101100000010110111111010010000101000000001010010000000000011001110001110000000100110000110111110000,000100111000011001010000100001110000000100011010110000001011011111101001000 1222968.0
runproj limit: 0.0
0100011110000110010000001010010100000000000010001100010010001111001010010000001000000001000001010100000001001110001110000100000110000000010011000,010001111000011001000000101001010000000000001000110001001000111100101001000 1223200.0
runproj limit: 0.0
0110011110000001000100001010110100010101000110000101000100010110110110101001111000001001101000000100001001001100001010011100111110001110011001001,011001111000000100010000101011010001010100011000010100010001011011011010100 1223232.0
runproj limit: 0.0
0000000110110101010000000010000100100000000101010110010000001110010011010100101010001000000001010110100001010000001100001100101110100000001000100,000000011011010101000000001000010010000000010101011001000000111001001101010 1223352.0
runproj limit: 0.0
0000000110000100011000000010000100000000010001011100010000011110001010010000001000000000000001000101000001000100001000000100000010000000000001000,000000011000010001100000001000010000000001000101110001000001111000101001000 1223472.0
runproj limit: 0.0
0000000110000000010000000010000100000000000001011100010000010110001010010000001000000000000001000101000001000100001000000100000010000000000000000,000000011000000001000000001000010000000000000101110001000001011000101001000 1223488.0
runproj limit: 0.0
0001101100010110100010001000110000010011000110111100010000010110011110010100110011000101010110000101001000001010111101010100010110010000101110000,000110110001011010001000100011000001001100011011110001000001011001111001010 1223504.0
best: 0.9768988919136536
runproj limit: 0.0
0000000110000101010000000010000100000000000001011110010000010110000011010000001010000000000001010110100001000000001000000100001010100000001000000,000000011000010101000000001000010000000000000101111001000001011000001101000 1224104.0
runproj limit: 0.0
0000011110100100011000000010010100000000000011010100010010011110001010010000101010000001000001010000100001001010001110000100000110000000010011000,000001111010010001100000001001010000000000001101010001001001111000101001000 1223584.0
runproj limit: 0.0
0000001110000100010100001010001100000000000101011100000000000110010010010000101010000001010000000110000001010010001100001100101110000000001000100,000000111000010001010000101000110000000000010101110000000000011001001001000 1223304.0
runproj limit: 0.0
0100001110010001000000001010000100010000000101000100010000010110010010000000001000000000000001000100000001001000001000001100011110001000011001001,010000111001000100000000101000010001000000010100010001000001011001001000000 1223152.0
runproj limit: 0.0
0000001110010111010000001010100100000001000101111110010000010110010010010100111000001000000001010101101001010010011000001100001110010000001101100,000000111001011101000000101010010000000100010111111001000001011001001001010 1224016.0
runproj limit: 0.0
0000011110000100010100001010100100000101000000011100010100011111011010010000101000000000110000000110000001001100001000011100111110000010001100000,000001111000010001010000101010010000010100000001110001010001111101101001000 1224200.0
runproj limit: 0.0
0110011110000101010100001010110100010101000000010101010100010110111010001001011000001001100001000100000001001100001000011100111010001110011001000,011001111000010101010000101011010001010100000001010101010001011011101000100 1223248.0
runproj limit: 0.0
0000000110110100010000000000000100000001000101011100010000110110001010010000001000001000000001000101000001010100001000000100000010000000001000000,000000011011010001000000000000010000000100010101110001000011011000101001000 1223488.0
runproj limit: 0.0
0110101110000111110101100011100010010101000000110001000000111100111000001010011100000010001001010101010000100010101000011100111010000010001101010,011010111000011111010110001110001001010100000011000100000011110011100000101 1224416.0
runproj limit: 0.0
1010100111010110000100001000101000100010011001111110011000100111011000000111011010000101010001100001001000011111111011000110000101010010000101011,101010011101011000010000100010100010001001100111111001100010011101100000011 1227504.0
runproj limit: 0.0
0000010110001110011000110000110010000000000001111110010100110111000110010000101001110000100001101000010000001101101000011001000000010100000000000,000001011000111001100011000011001000000000000111111001010011011100011001000 1227808.0
runproj limit: 0.0
1010000010010010010100011011000000000111101101011100010010011100001110110000001100000000000101100111100001000000011000010100100010000000000000001,101000001001001001010001101100000000011110110101110001001001110000111011000 1235224.0
runproj limit: 0.0
1100001111100100010001100011110100101000111110000100001000000001101000010010011000100101000011000100001011010100011110000101000010010001010111000,110000111110010001000110001111010010100011111000010000100000000110100001001 1226192.0
runproj limit: 0.0
0001001110000110010100001000011100000001000110101100000010110111111010010000101000000001010010000000000011001110001110000000100110000110111110000,000100111000011001010000100001110000000100011010110000001011011111101001000 1222968.0
runproj limit: 0.0
0100011110000110010000001010010100000000000010001100010010001111001010010000001000000001000001010100000001001110001110000100000110000000010011000,010001111000011001000000101001010000000000001000110001001000111100101001000 1223200.0
runproj limit: 0.0
0010011110000101011100001010100100010101000000010101010100011110111010001000001000000000100001000101000001001100001000011100110010000010001001000,001001111000010101110000101010010001010100000001010101010001111011101000100 1223232.0
runproj limit: 0.0
0110011110000001000100001010110100010101000110000101000100010110110110101001111000001001101000000100001001001100001010011100111110001110011001001,011001111000000100010000101011010001010100011000010100010001011011011010100 1223232.0
runproj limit: 0.0
0001001110000100010100001010001100000000000000011100000000010111011010010000101000000001010010000110000001000010001100001100101110000000101110000,000100111000010001010000101000110000000000000001110000000001011101101001000 1223304.0
runproj limit: 0.0
1100011110000010010000001010110101010000010010011100010011111101000010000000001000000001000101010000001001001110001110100100000110001000110000000,110001111000001001000000101011010101000001001001110001001111110100001000000 1223312.0
runproj limit: 0.0
0000000110110101010000000010000100100000000101010110010000001110010011010100101010001000000001010110100001010000001100001100101110100000001000100,000000011011010101000000001000010010000000010101011001000000111001001101010 1223352.0
best: 0.9768988919136536
runproj limit: 0.0
0100001110010111110101001010100110010100000000000001000000010100011010001000011000000000000001010101010000001010001000011100111010001000001101000,010000111001011111010100101010011001010000000000000100000001010001101000100 1223648.0
runproj limit: 0.0
0000001110000100010100001010001100000000000101011100000000000110010010010000101010000001010000000110000001010010001100001100101110000000001000100,000000111000010001010000101000110000000000010101110000000000011001001001000 1223304.0
runproj limit: 0.0
0010001110000100011100001000000100010001000000011100000110111110111010011000001000000000000010000100000011001100001000001100110110000010111010000,001000111000010001110000100000010001000100000001110000011011111011101001100 1222896.0
runproj limit: 0.0
0000001110000000010000001010000100010000000001010100010100011110011010010000001000000000110001000110000001001100001000001100011110000010001001001,000000111000000001000000101000010001000000000101010001010001111001101001000 1224184.0
runproj limit: 0.0
0010001110000101000100001010110100000101000111010101000000010110010010110101111000001001001000010101001001010100011010001100101110010100011001001,001000111000010100010000101011010000010100011101010100000001011001001011010 1223648.0
runproj limit: 0.0
0101101110000111110101000011111100010101000100100000000000110110111000000000001000000011001010010000010000001010001100000100100010000110101101010,010110111000011111010100001111110001010100010010000000000011011011100000000 1224688.0
runproj limit: 0.0
0010101110000111110000000010100110000101000001111000000000010100111010011000111000001010000001010101010001110010001000001100101010010000001101110,001010111000011111000000001010011000010100000111100000000001010011101001100 1223648.0
runproj limit: 0.0
0011001110000100010100001010100100010101000000010101000100010110011010010000101000000000000001000111000001000100001000001100110110000010001111000,001100111000010001010000101010010001010100000001010100010001011001101001000 1224040.0
runproj limit: 0.0
0011011110010111010001000000110100000001101001111100010100011110010011110101011100111001100110110001101001110110001000101111011110101011001101100,001101111001011101000100000011010000000110100111110001010001111001001111010 1225024.0
runproj limit: 0.0
1110010111001101010100001100110100000001000110111101100101010111110110101001111000101110100001111100001000001100101000000100100010101110011010001,111001011100110101010000110011010000000100011011110110010101011111011010100 1225040.0
runproj limit: 0.0
0010101100010111010010001111100100001010000001111100010100000100010010110110011000010000000111010101001111010000101000101011001000110000011101100,001010110001011101001000111110010000101000000111110001010000010001001011011 1227352.0
runproj limit: 0.0
0100001110011001001110001110000101000000100110000100101101000100111011101111011000001010100010010000001000000000000110011101011011001110001001001,010000111001100100111000111000010100000010011000010010110100010011101110111 1223776.0
runproj limit: 0.0
1011010110100010110110001111110100110100010100010101010100110111111000010111110101000101110001010110100001011100001000000000011010001000011001000,101101011010001011011000111111010011010001010001010101010011011111100001011 1225928.0
runproj limit: 0.0
0001001110000110010100001000011100000001000110101100000010110111111010010000101000000001010010000000000011001110001110000000100110000110111110000,000100111000011001010000100001110000000100011010110000001011011111101001000 1222968.0
runproj limit: 0.0
0100001110010001000000001010000100010000000101000100010000010110010010000000001000000000000001000100000001001000001000001100011110001000011001001,010000111001000100000000101000010001000000010100010001000001011001001000000 1223152.0
runproj limit: 0.0
0100011110000110010000001010010100000000000010001100010010001111001010010000001000000001000001010100000001001110001110000100000110000000010011000,010001111000011001000000101001010000000000001000110001001000111100101001000 1223200.0
runproj limit: 0.0
0010011110000101011100001010100100010101000000010101010100011110111010001000001000000000100001000101000001001100001000011100110010000010001001000,001001111000010101110000101010010001010100000001010101010001111011101000100 1223232.0
runproj limit: 0.0
0110011110000001000100001010110100010101000110000101000100010110110110101001111000001001101000000100001001001100001010011100111110001110011001001,011001111000000100010000101011010001010100011000010100010001011011011010100 1223232.0
runproj limit: 0.0
0110011110000101010100001010110100010101000000010101010100010110111010001001011000001001100001000100000001001100001000011100111010001110011001000,011001111000010101010000101011010001010100000001010101010001011011101000100 1223248.0
runproj limit: 0.0
0000001110000100010100001010001100000000000101011100000000000110010010010000101010000001010000000110000001010010001100001100101110000000001000100,000000111000010001010000101000110000000000010101110000000000011001001001000 1223304.0
best: 0.9768413787814885
done evolving!
"all is well:)"
>>>>>>>>>>>>>>FINISH OPTIMIZATION>>>>>>>>>>>>>>>
690.91user 352.38system 19:10.75elapsed 90%CPU (0avgtext+0avgdata 105524maxresident)k
1042080inputs+1520616outputs (590major+70922911minor)pagefaults 0swaps
