Optimizing /h/ywang30/nofib/shootout/fannkuch-redux
>>>>>>>>>>>>>>>START OPTIMIZATION>>>>>>>>>>>>>>>
pop: 13
gens: 15
arch: 7
limit is: 7.56
runproj limit: 7.56
"All is well :D"
Basetime is: 8.70987368e8
runproj limit: 7.56
000000000000000001001001010010100101010101010001000001000010100000001000000000000000000 8.70987368e8
runproj limit: 7.56
001000000010000001011001010010010101010101010001000001000010100100101000000000000000000 8.70987368e8
runproj limit: 7.56
000000000000000001001001010010100101010101010001000001000010100000001000000000000000000 8.70987368e8
runproj limit: 7.56
000000000000000001001001010010100101010101010001000001000010100000001000000000000000000 8.70987368e8
runproj limit: 7.56
000000000000000001001001010010100101010101010001000001000010100000001000000000000000000 8.70987368e8
runproj limit: 7.56
000000000000000001001001010010100101010101010001000001000010100000001000000000000000000 8.70987368e8
runproj limit: 7.56
"timed out"
100000000000000001001001011110110000010111010000000001010010110000000010000000000000010 1.741974736e9
runproj limit: 7.56
000000000000000001001001010010100101010101010001000001000010100000001000000000000000000 8.70987368e8
runproj limit: 7.56
000010000000000001001011010000100101010101010001010001010010100010001010010000000000000 8.70987368e8
runproj limit: 7.56
001000000000000001001001110010100110010111010001000101000010100001001000000000000000000 8.70987368e8
runproj limit: 7.56
000000000000000001001001010010100101010101010001000001000010100000001000000000000000000 8.70987368e8
runproj limit: 7.56
000000000000000001001001010010100101010101010001000001000010100000001000000000000000000 8.70987368e8
runproj limit: 7.56
000000000000000001001001010000100101010101010101000001000010101100010000001001000000000 8.7098816e8
best: 1.0
runproj limit: 7.56
000000000000000001001001010010100101010101010001000001000010100000001000000000000000000 8.70987368e8
runproj limit: 7.56
000000000000000001001001010010100101010101010001000001000010100000001000000000000000000 8.70987368e8
runproj limit: 7.56
000000000000000001001001010010100101010101010001000001000010100000001000000000000000000 8.70987368e8
runproj limit: 7.56
000000000000000001001001010010100101010101010001010001000010100000001010000000000000000 8.70987368e8
runproj limit: 7.56
"timed out"
101000000000000001011001011110110100010111010001000001000010110000001010000000000000010 1.741974736e9
runproj limit: 7.56
000010000000000001001011010000100101010101010001010001010010100010001010000000000000000 8.70987368e8
runproj limit: 7.56
000000000000000001001001010010100101010101010001000001000010100000001000000000000000000 8.70987368e8
runproj limit: 7.56
000010000000000001001001010000100101010101010001000001000010100000001010000000000000000 8.70987368e8
runproj limit: 7.56
001000000011110011011000110010110101011101010101010000110000000100100000110001000000001 8.70987272e8
runproj limit: 7.56
000001000000100100101111010010110010110101000100010001000011100000001000000000000001101 8.70987368e8
runproj limit: 7.56
010011001100011000111001000110100100011101010101000011010000100000001010001000000010101 8.70987144e8
runproj limit: 7.56
010001001000100000011011010100101101010101010001110100000110111000001001000000100010010 3.483723528e9
runproj limit: 7.56
011001010010000000001001010110100111011101010100111110000010100000001001000000000000000 3.483723528e9
runproj limit: 7.56
000000000000000001001001010010100101010101010001000001000010100000001000000000000000000 8.70987368e8
runproj limit: 7.56
001000000010000001011001010010010101010101010001000001000010100100101000000000000000000 8.70987368e8
runproj limit: 7.56
000010000000000001001011010000100101010101010001010001010010100010001010010000000000000 8.70987368e8
runproj limit: 7.56
001000000000000001001001110010100110010111010001000101000010100001001000000000000000000 8.70987368e8
runproj limit: 7.56
000000000000000001001001010000100101010101010101000001000010101100010000001001000000000 8.7098816e8
runproj limit: 7.56
"timed out"
100000000000000001001001011110110000010111010000000001010010110000000010000000000000010 1.741974736e9
best: 0.99999974282061
runproj limit: 7.56
000000000000100100001101010010110011110101010001010001000011100000001000000000000000001 8.70987368e8
runproj limit: 7.56
001000000010110001011000010010110101010101010001000001000000000100101000100001000000000 8.7098708e8
runproj limit: 7.56
000001000000100100101011010010100000010101010100010001000011100000001000000000000000100 8.70987368e8
runproj limit: 7.56
010011000000001001001001000010100101011101010001000001010000100000001010001000000010100 8.70987144e8
runproj limit: 7.56
000000000000000001001001010000100101010101010001000001000010100000001010000000000000000 8.70987368e8
runproj limit: 7.56
000000000000000001001001010010100101010101010001010001000010100000001010000000000000000 8.70987368e8
runproj limit: 7.56
000010000011010001011001110000110101011101010001010000110010100100101000010001000000000 8.70987368e8
runproj limit: 7.56
001000000011110011011001010010110101010101010101000001000010000100100000110000000000001 8.70987368e8
runproj limit: 7.56
"timed out"
101000000000001001001101001110010100010011101000100001010000110000001001010110110000011 1.741974736e9
runproj limit: 7.56
001100000001000000000001110110110110011111010111000101100000111000011001010000010100010 8.70987096e8
runproj limit: 7.56
"timed out"
101100000001011101000001110011000110011011000011010111011110001011100001000000011001101 1.741974736e9
runproj limit: 7.56
001100000101110111000001110010100010111101000101010000001010110000001010100000000011010 3.483723528e9
runproj limit: 7.56
001101000011100101011110100001010011101100000101010010111000000000110100101000100100001 8.7098716e8
runproj limit: 7.56
010011001100011000111001000110100100011101010101000011010000100000001010001000000010101 8.70987144e8
runproj limit: 7.56
001000000011110011011000110010110101011101010101010000110000000100100000110001000000001 8.70987272e8
runproj limit: 7.56
000000000000000001001001010010100101010101010001000001000010100000001000000000000000000 8.70987368e8
runproj limit: 7.56
000000000000000001001001010010100101010101010001010001000010100000001010000000000000000 8.70987368e8
runproj limit: 7.56
000010000000000001001011010000100101010101010001010001010010100010001010000000000000000 8.70987368e8
runproj limit: 7.56
000010000000000001001001010000100101010101010001000001000010100000001010000000000000000 8.70987368e8
runproj limit: 7.56
000001000000100100101111010010110010110101000100010001000011100000001000000000000001101 8.70987368e8
best: 0.9999996693407843
runproj limit: 7.56
001100000001100000001001010010110110110101010111010101100010100000011001010000000000001 8.70987368e8
runproj limit: 7.56
000011000000100101001101010010110111111101010100010001000011100000001010001000000001100 8.70987368e8
runproj limit: 7.56
001000000011110011011000010010100101010101010101000000010000100100100010110000000000001 3.483723432e9
runproj limit: 7.56
010011001100001000001001000110100100011101010001000001010000100000001010001000000010100 8.70987144e8
runproj limit: 7.56
000010000001010000011001110110110100011111010001010000110010111100101000010000000100000 8.70987096e8
runproj limit: 7.56
000000000001100110011110110010110001010101000100010001010001000100100000110000000000101 8.70987368e8
runproj limit: 7.56
000010000010000001001001110010100101010101010001000001000010100100001000000001000000000 8.70987368e8
runproj limit: 7.56
000011000000000001001001000010100101010101010001010001010010100000001010000000000010000 8.70987432e8
runproj limit: 7.56
000010000011010001011001111000111101011100010001010000111000000000101001011001111101101 8.70987096e8
runproj limit: 7.56
010010000000000100001001010100110001111111000001010001011011000010011100001100000010101 8.70987368e8
runproj limit: 7.56
010100000101010111000001110110110110111111000111100011000100111100010100010010111100100 8.70987096e8
runproj limit: 7.56
000101010000100000101001001010100010010001000000010101000010100100001000010100110001101 8.70987392e8
runproj limit: 7.56
001100000111100110011000000001000000010101010101000001010010001111100000110000010000011 8.70987432e8
runproj limit: 7.56
001000000010110001011000010010110101010101010001000001000000000100101000100001000000000 8.7098708e8
runproj limit: 7.56
001100000001000000000001110110110110011111010111000101100000111000011001010000010100010 8.70987096e8
runproj limit: 7.56
010011000000001001001001000010100101011101010001000001010000100000001010001000000010100 8.70987144e8
runproj limit: 7.56
010011001100011000111001000110100100011101010101000011010000100000001010001000000010101 8.70987144e8
runproj limit: 7.56
001101000011100101011110100001010011101100000101010010111000000000110100101000100100001 8.7098716e8
runproj limit: 7.56
001000000011110011011000110010110101011101010101010000110000000100100000110001000000001 8.70987272e8
runproj limit: 7.56
000000000000100100001101010010110011110101010001010001000011100000001000000000000000001 8.70987368e8
best: 0.9999996693407843
runproj limit: 7.56
000011000001000001001001110010100100011111010001010001010010111000101010001000000110100 8.70987096e8
runproj limit: 7.56
000000000011110011011000110000110101011100010101010000111000000100100000111001001000101 8.70987272e8
runproj limit: 7.56
001000000010110001011000010010110101010101010001000001000000000100101000100001000000000 8.7098708e8
runproj limit: 7.56
000011000000100100111101010010100001010101010001000001000010100000001000000000000000101 8.70987368e8
runproj limit: 7.56
000010000010010001011001111000101101011100010001000000110010100100001001000001011100100 8.70987096e8
runproj limit: 7.56
001000000011100000001001110010110101011111010101010000100000111000001000010001000000011 8.7098708e8
runproj limit: 7.56
000100000001000000010001110110110100011111010101000100110000111100111000010000000100010 8.70987096e8
runproj limit: 7.56
000011001000101001001001000010110111011101010000000001010011100000001010001000000001100 8.70987432e8
runproj limit: 7.56
011011101110010000111101010110001110011111010001000001000011111000001010000100010111110 8.70987096e8
runproj limit: 7.56
010100000111110111011100110010110101111101010001100010000001100100110011110001000101011 3.483723256e9
runproj limit: 7.56
001110010001000000001010100110110110011111010111000000100000100010101001011000010110000 8.7098716e8
runproj limit: 7.56
"timed out"
100010010000010011010001011010111101011000010001001000111100001000101000111001010101110 1.741974736e9
runproj limit: 7.56
011100000001100001000111011010111110010001110111011000101011100000011001011000101100001 8.70987144e8
runproj limit: 7.56
001000000010110001011000010010110101010101010001000001000000000100101000100001000000000 8.7098708e8
runproj limit: 7.56
000010000001010000011001110110110100011111010001010000110010111100101000010000000100000 8.70987096e8
runproj limit: 7.56
000010000011010001011001111000111101011100010001010000111000000000101001011001111101101 8.70987096e8
runproj limit: 7.56
010100000101010111000001110110110110111111000111100011000100111100010100010010111100100 8.70987096e8
runproj limit: 7.56
001100000001000000000001110110110110011111010111000101100000111000011001010000010100010 8.70987096e8
runproj limit: 7.56
010011001100001000001001000110100100011101010001000001010000100000001010001000000010100 8.70987144e8
runproj limit: 7.56
010011000000001001001001000010100101011101010001000001010000100000001010001000000010100 8.70987144e8
best: 0.9999996693407843
runproj limit: 7.56
000000000101010111011001110110110110111111000011000011110100111100111000010000100100000 8.70987096e8
runproj limit: 7.56
000110000100010111001001111000111101011110010011000001100110101100010000010001111100100 8.7098796e8
runproj limit: 7.56
001000000001000000000001110110110110011111010011000000110010111000111000010000010100000 8.70987096e8
runproj limit: 7.56
001000000001100000000001110010110111011111010101010100100000111000001001010001000100010 8.70987096e8
runproj limit: 7.56
001000000011100000001001110010110101011111010101010000100000111000001000010001000000011 8.7098708e8
runproj limit: 7.56
000011000011100000111001110010110001011111010101000001000000110000001000010001000000001 8.7098708e8
runproj limit: 7.56
000110000001000001000001110010100100011111010001000100110000111000101000000000000100110 8.70987096e8
runproj limit: 7.56
001001101011100000111101110010110111011111010101000001000010111000001010000101010011111 8.70987368e8
runproj limit: 7.56
011011001100101000011101100110110100011101010011010111011000000000011000011000000000101 8.70987144e8
runproj limit: 7.56
"timed out"
111110000000001001000001000000010101111111001001000111100001100101000011101001000010100 1.741974736e9
runproj limit: 7.56
"timed out"
111001001011010010001001010000111100001110010000010100101011000001100001000001000010011 1.741974736e9
runproj limit: 7.56
000111000000001101001001000110011100011101010100000001011110110001011010100000000101100 8.7098716e8
runproj limit: 7.56
010010001100100101001101000100011000010101011000010101100000110100101100011010000000101 8.70987144e8
runproj limit: 7.56
001000000010110001011000010010110101010101010001000001000000000100101000100001000000000 8.7098708e8
runproj limit: 7.56
001000000011100000001001110010110101011111010101010000100000111000001000010001000000011 8.7098708e8
runproj limit: 7.56
000011000001000001001001110010100100011111010001010001010010111000101010001000000110100 8.70987096e8
runproj limit: 7.56
000010000010010001011001111000101101011100010001000000110010100100001001000001011100100 8.70987096e8
runproj limit: 7.56
000100000001000000010001110110110100011111010101000100110000111100111000010000000100010 8.70987096e8
runproj limit: 7.56
011011101110010000111101010110001110011111010001000001000011111000001010000100010111110 8.70987096e8
runproj limit: 7.56
000010000001010000011001110110110100011111010001010000110010111100101000010000000100000 8.70987096e8
best: 0.9999996693407843
runproj limit: 7.56
000011000011100000001001110010110101011111010101010001000000110000001000010001000000001 8.7098708e8
runproj limit: 7.56
010010000110100001001101100000011000011101011001010000100000110100101000011010001000100 8.70987144e8
runproj limit: 7.56
000100000001000001000001110010100110011111010101000100110000111000001000000000000100010 8.70987096e8
runproj limit: 7.56
000011000011100000111001110010110001011111010001000000010010111100101000010001000100001 3.483723256e9
runproj limit: 7.56
000011000001000001001001110010100100011111010001010001010010111000101010001000000110100 8.70987096e8
runproj limit: 7.56
001010000011100001001001110010100100011111010001010001100010111000101010011000000110011 8.70987096e8
runproj limit: 7.56
001000000011110001011001010010110101011111010001010001100000010000101000010001000000001 8.7098708e8
runproj limit: 7.56
001000000011100000001001110010110101011111010101010000100000111000001000010001000000011 8.7098708e8
runproj limit: 7.56
011101000001011010001001101110110101001010100100010100110000110000011001010111100100011 8.70987096e8
runproj limit: 7.56
010011111010010001101001111010110111111110001011000000110110111100011001011010010000010 8.70987368e8
runproj limit: 7.56
000010000001000001010000110100110100011011011001100001110001111101111011010000001000010 8.70987368e8
runproj limit: 7.56
"timed out"
101010000111100000001001000000111011011111101101110101100011111001010010110011010000010 1.741974736e9
runproj limit: 7.56
010010001110110101001000011000011001110111010010011111100000101100101100010111010011111 8.7098708e8
runproj limit: 7.56
001000000011100000001001110010110101011111010101010000100000111000001000010001000000011 8.7098708e8
runproj limit: 7.56
000011000011100000111001110010110001011111010101000001000000110000001000010001000000001 8.7098708e8
runproj limit: 7.56
001000000010110001011000010010110101010101010001000001000000000100101000100001000000000 8.7098708e8
runproj limit: 7.56
000000000101010111011001110110110110111111000011000011110100111100111000010000100100000 8.70987096e8
runproj limit: 7.56
001000000001000000000001110110110110011111010011000000110010111000111000010000010100000 8.70987096e8
runproj limit: 7.56
001000000001100000000001110010110111011111010101010100100000111000001001010001000100010 8.70987096e8
runproj limit: 7.56
000110000001000001000001110010100100011111010001000100110000111000101000000000000100110 8.7098712e8
best: 0.9999996693407843
runproj limit: 7.56
001000000101110111011001110110110110011111000001000011110000010000101000010001100100001 8.70987096e8
runproj limit: 7.56
011000000110100001001001010010111101110111010100010111100000101000101000010101000000011 8.7098708e8
runproj limit: 7.56
000011000011000000001001110010110101011111010101010001000000111000101000010001000010110 8.7098708e8
runproj limit: 7.56
000010101011110001001001111010110101111111001001010000110000010100111000011010000000010 8.7098708e8
runproj limit: 7.56
001001000011100000111001110010110101011111010101000001000000110000001001010001000100010 8.70987096e8
runproj limit: 7.56
001000000011100000011001010010110101011111010101010000100000111000101000010001000000001 8.7098708e8
runproj limit: 7.56
010011101010100001111001110010110101011111010111000001000110110100001000010011010000001 8.70987368e8
runproj limit: 7.56
001011000001100001001001110010110101011111010001010000110000111000101010001000000100010 8.70987096e8
runproj limit: 7.56
001001000010100001001101101010100010011001010001010111110011101100011011011010100010011 8.70987416e8
runproj limit: 7.56
"timed out"
110000000001000001011001011110110110010110010001000000011010111001110001010010010100000 1.741974736e9
runproj limit: 7.56
"timed out"
100001011011100000001001111110110000001000111001101001111001111000001100000100010000001 1.741974736e9
runproj limit: 7.56
001011110011110000011011111100110001001111011111000101011100111000100000010101000000100 8.70987784e8
runproj limit: 7.56
"timed out"
111101000101011100001001100111010101001011100010010110111000100000010000011111111100011 1.741974736e9
runproj limit: 7.56
000011000011100000001001110010110101011111010101010001000000110000001000010001000000001 8.7098708e8
runproj limit: 7.56
001000000011110001011001010010110101011111010001010001100000010000101000010001000000001 8.7098708e8
runproj limit: 7.56
001000000011100000001001110010110101011111010101010000100000111000001000010001000000011 8.7098708e8
runproj limit: 7.56
010010001110110101001000011000011001110111010010011111100000101100101100010111010011111 8.7098708e8
runproj limit: 7.56
000011000011100000111001110010110001011111010101000001000000110000001000010001000000001 8.7098708e8
runproj limit: 7.56
001000000010110001011000010010110101010101010001000001000000000100101000100001000000000 8.7098708e8
runproj limit: 7.56
000100000001000001000001110010100110011111010101000100110000111000001000000000000100010 8.70987096e8
best: 0.9999996693407843
runproj limit: 7.56
000011000110100101011000111000010001110111010010010111000000100100001000010001010000001 8.7098708e8
runproj limit: 7.56
010010001110100001001000010000011001110111010100010111100000101000101000010111010001111 8.7098708e8
runproj limit: 7.56
000010000110110101011001011000111101110111010010010011100000101000101100010101010011011 8.7098708e8
runproj limit: 7.56
001010100110100001001001110010111101111111000101010101110000110000111000010001000000011 8.7098708e8
runproj limit: 7.56
000001000011110000011001010010110101011111010001010001100000010000101000010001000000001 8.7098708e8
runproj limit: 7.56
011000000011001100001001100011110101011111100110010100111000101000000000010001101100011 8.70988024e8
runproj limit: 7.56
001000000011110000001001110010110101011111010101010000100000011000101000010001000000001 8.7098708e8
runproj limit: 7.56
010001101010110001111001010010110101011111010111000001000110110100101000010011000000000 8.70987368e8
runproj limit: 7.56
"timed out"
101010010011000101011101110000110101010111010110010000100000010011101010111100010000001 1.741974736e9
runproj limit: 7.56
"timed out"
110000100001011001011001010101010110010100000100000000011000111011011001100010010110000 1.741974736e9
runproj limit: 7.56
000111001010000000001001110101100101011110010101110101001000011000101000001011111001110 8.7098708e8
runproj limit: 7.56
"timed out"
100100000011100001010000010111110000010111100101010101110000110000101001001100100100011 1.741974736e9
runproj limit: 7.56
011000000110000100101001001100110100011110011101011100000101001000001000000101000000011 3.483723528e9
runproj limit: 7.56
011000000110100001001001010010111101110111010100010111100000101000101000010101000000011 8.7098708e8
runproj limit: 7.56
000011000011000000001001110010110101011111010101010001000000111000101000010001000010110 8.7098708e8
runproj limit: 7.56
000010101011110001001001111010110101111111001001010000110000010100111000011010000000010 8.7098708e8
runproj limit: 7.56
001000000011100000011001010010110101011111010101010000100000111000101000010001000000001 8.7098708e8
runproj limit: 7.56
000011000011100000001001110010110101011111010101010001000000110000001000010001000000001 8.7098708e8
runproj limit: 7.56
001000000011110001011001010010110101011111010001010001100000010000101000010001000000001 8.7098708e8
runproj limit: 7.56
001000000011100000001001110010110101011111010101010000100000111000001000010001000000011 8.7098708e8
best: 0.9999996693407843
runproj limit: 7.56
000001000010110101011001011010110101010111010110000011100010110000101100010011010011000 8.70987368e8
runproj limit: 7.56
001001000011100000011001010010110101011111010001010000100000010000001000010001000000011 8.70987104e8
runproj limit: 7.56
000011000110100101011000111000010001110111010010010111000000100100001000010001010000001 8.7098708e8
runproj limit: 7.56
000011100011100001001001111010110101111111010001010000100000010100111000011000000000011 8.7098708e8
runproj limit: 7.56
000010000011000000001001110000110101010111010100010000000000010011101010111000000010101 4.702385664e9
runproj limit: 7.56
000011000011100000001001110010110101011111010101010000000000110000001000010001000000001 3.48372324e9
runproj limit: 7.56
000001000011110000011001010010110101011111010001010001100000010000101000010001000000001 8.7098708e8
runproj limit: 7.56
011000000010110001001001010010111101011111010000010101100000100000101000010001000000001 8.7098708e8
runproj limit: 7.56
"timed out"
111000000011111001111111010110100011011101101010111101100010010001001110110101001100001 1.741974736e9
runproj limit: 7.56
001110001010001010111011110001100001111110010101111101011100011101101011001011101101010 8.70987096e8
runproj limit: 7.56
001111001011000010011101101000110101011100000111111101101011000000100000011001110000110 8.7098816e8
runproj limit: 7.56
000111001101010010001001111010001000010110010101010001101001011000100010000111011101010 8.7098796e8
runproj limit: 7.56
010000001111110100001001101010100000011111100001011100110111011000111000001000001011000 8.70987368e8
runproj limit: 7.56
000011000110100101011000111000010001110111010010010111000000100100001000010001010000001 8.7098708e8
runproj limit: 7.56
010010001110100001001000010000011001110111010100010111100000101000101000010111010001111 8.7098708e8
runproj limit: 7.56
000010000110110101011001011000111101110111010010010011100000101000101100010101010011011 8.7098708e8
runproj limit: 7.56
001010100110100001001001110010111101111111000101010101110000110000111000010001000000011 8.7098708e8
runproj limit: 7.56
000001000011110000011001010010110101011111010001010001100000010000101000010001000000001 8.7098708e8
runproj limit: 7.56
001000000011110000001001110010110101011111010101010000100000011000101000010001000000001 8.7098708e8
runproj limit: 7.56
000111001010000000001001110101100101011110010101110101001000011000101000001011111001110 8.70987104e8
best: 0.9999996693407843
runproj limit: 7.56
001011001111110000001001110010101000111111010101010001101001010000101010000111011101010 8.70987096e8
runproj limit: 7.56
000011001010000100011000111101100101011110010111010111001000100000001000011001011000101 8.7098708e8
runproj limit: 7.56
000011001011000001001001111000010101010110010101011101101001101000101000011001010000110 8.70987368e8
runproj limit: 7.56
000001000011110000001000111010110101010111010100010101000000000100001000010001000000001 8.7098708e8
runproj limit: 7.56
001101001011101010111011110001110001011111010001011101111100010000101011000011100001011 8.7098708e8
runproj limit: 7.56
000001000110100001011000011000110101011111010011010011000000010000001000010001000000001 8.7098708e8
runproj limit: 7.56
001010100110100001001001110010110101111111000101010001110000010100111000011000000000011 8.7098708e8
runproj limit: 7.56
010010001110000000001000110101000001011111010100110111000000111000101000011011110001111 8.7098708e8
runproj limit: 7.56
011010001011100000000100010101111011110011111100010011100100101100011000010011110001101 8.70987104e8
runproj limit: 7.56
"timed out"
101001011001011100011101010010110101100110001001000000000100010000101010001101101010001 1.741974736e9
runproj limit: 7.56
001000000010100001111001001001000001001110011100010001110011001100101101110011011011000 8.70987368e8
runproj limit: 7.56
001010000110111000001101111001011100110111000110000011100010101010101100010111010011111 8.70987368e8
runproj limit: 7.56
"timed out"
111000000011100111011001010110011101111110010100111011100000111010011110010001010000110 1.741974736e9
runproj limit: 7.56
000011000110100101011000111000010001110111010010010111000000100100001000010001010000001 8.7098708e8
runproj limit: 7.56
000011100011100001001001111010110101111111010001010000100000010100111000011000000000011 8.70987104e8
runproj limit: 7.56
000001000011110000011001010010110101011111010001010001100000010000101000010001000000001 8.7098708e8
runproj limit: 7.56
011000000010110001001001010010111101011111010000010101100000100000101000010001000000001 8.7098708e8
runproj limit: 7.56
010010001110100001001000010000011001110111010100010111100000101000101000010111010001111 8.7098708e8
runproj limit: 7.56
000010000110110101011001011000111101110111010010010011100000101000101100010101010011011 8.7098708e8
runproj limit: 7.56
001010100110100001001001110010111101111111000101010101110000110000111000010001000000011 8.7098708e8
best: 0.9999996693407843
runproj limit: 7.56
001011100010100001001001110010111101111111000001010001100000010100111000010000000000011 8.7098708e8
runproj limit: 7.56
001000000010100101011001110110011101111111010101011001100000111000011100010001010000111 8.7098708e8
runproj limit: 7.56
010010001110100000001000010001111011110011011100010111100100101100111000010111110001101 8.7098708e8
runproj limit: 7.56
000011000010110001001000111010110101010111010010010111000000100100001000010001010000001 8.7098708e8
runproj limit: 7.56
001011001010100011111001110011111001111111000101011101110000110000111011010001100001011 8.7098708e8
runproj limit: 7.56
000010000010010101011001111101100101111111010110010011000000101000001000011001011000101 8.7098708e8
runproj limit: 7.56
000011001110100001001000111000011001110111010000010111000000101100101000010111010001011 8.7098708e8
runproj limit: 7.56
000011001010000100011000111101100101011110010111010111001000100000001000011001011000101 8.7098708e8
runproj limit: 7.56
000001000111111111011001010110110111110001011000110001000111011010000100010001110000000 8.70987416e8
runproj limit: 7.56
000001110110110100101001111010001111010110000100110011101100100001001101011000011010011 8.7098708e8
runproj limit: 7.56
"timed out"
100010100010100000001011110110001101111100011100100011001000010101100001111001110101100 1.741974736e9
runproj limit: 7.56
"timed out"
100010001101000101111011110100000100000110100011010111000010000100011000110000111000111 1.741974736e9
runproj limit: 7.56
001010000110000010000001101100001101011101000101011101000101000000001011100000000010011 8.70987368e8
runproj limit: 7.56
000011001010000100011000111101100101011110010111010111001000100000001000011001011000101 8.7098708e8
runproj limit: 7.56
000001000011110000001000111010110101010111010100010101000000000100001000010001000000001 8.7098708e8
runproj limit: 7.56
001101001011101010111011110001110001011111010001011101111100010000101011000011100001011 8.7098708e8
runproj limit: 7.56
000001000110100001011000011000110101011111010011010011000000010000001000010001000000001 8.7098708e8
runproj limit: 7.56
001010100110100001001001110010110101111111000101010001110000010100111000011000000000011 8.7098708e8
runproj limit: 7.56
010010001110000000001000110101000001011111010100110111000000111000101000011011110001111 8.7098708e8
runproj limit: 7.56
000011000110100101011000111000010001110111010010010111000000100100001000010001010000001 8.7098708e8
best: 0.9999996693407843
runproj limit: 7.56
001011000010100000101000111011110001011111010101011101100000110100001000010001000000001 8.7098708e8
runproj limit: 7.56
000011000010110101011001111010100101010111010110010111000000101000001000010001010000101 8.7098708e8
runproj limit: 7.56
000010001110100001001000011001111011110011010000010111000000101100111000010111110001011 8.7098708e8
runproj limit: 7.56
000011000010100001001000011010110101011111010010010011000000010000001000010001010000001 8.7098708e8
runproj limit: 7.56
001010100110100001001001110010110101111111000001010001110000010100111000010000000000011 8.7098708e8
runproj limit: 7.56
001000001011100110111011110111011101011111010101011001100000011000101110010011110000011 8.7098708e8
runproj limit: 7.56
000011001111100000001000111010010101010111010000010101000000101100101000010011000001011 8.7098708e8
runproj limit: 7.56
000011001010000101011000111000100001110111010110010111000000100000001000011001011000101 8.7098708e8
runproj limit: 7.56
"timed out"
100100001010100000011001110010110100111110010001011001010001010100111010010010001100001 1.741974736e9
runproj limit: 7.56
010110000101100000001000010001010111010011011010110101100100001000111000011111010001001 8.7098708e8
runproj limit: 7.56
000101100011010001001000111010100111110111110100011101000100100100101000001001000001000 8.7098708e8
runproj limit: 7.56
001101101110000010110001100001100001001110011101111101011100001001001011010010100000001 8.70987144e8
runproj limit: 7.56
000011000011101011101000001010010101010011010110100011000001000100110000010001011011101 8.7098816e8
runproj limit: 7.56
001011100010100001001001110010111101111111000001010001100000010100111000010000000000011 8.7098708e8
runproj limit: 7.56
001000000010100101011001110110011101111111010101011001100000111000011100010001010000111 8.7098708e8
runproj limit: 7.56
010010001110100000001000010001111011110011011100010111100100101100111000010111110001101 8.7098708e8
runproj limit: 7.56
000011000010110001001000111010110101010111010010010111000000100100001000010001010000001 8.7098708e8
runproj limit: 7.56
001011001010100011111001110011111001111111000101011101110000110000111011010001100001011 8.7098708e8
runproj limit: 7.56
000010000010010101011001111101100101111111010110010011000000101000001000011001011000101 8.7098708e8
runproj limit: 7.56
000011001110100001001000111000011001110111010000010111000000101100101000010111010001011 8.7098708e8
best: 0.9999996693407843
runproj limit: 7.56
000011000010110001011000111000110101110111010010010011000000101100001000010001010000101 8.7098708e8
runproj limit: 7.56
000110001111100000001000110001010111010011011000010101000000101100111000011011010001001 8.7098708e8
runproj limit: 7.56
000110000010100100011001111000100101010011011010010111000100101000111000011101010000101 8.7098708e8
runproj limit: 7.56
010011001111100000001000010010111111010111010000010111000000101100101000010011110001001 8.7098708e8
runproj limit: 7.56
000010000110100001001000011000111011010011010000010111000000101100001000010001010001001 8.7098708e8
runproj limit: 7.56
010011000000110000011001010011100111010111010010110111100100101000001000011111010001001 8.7098708e8
runproj limit: 7.56
010010001110100010001000010111011011111011010101010101100100111000101010010111110001101 8.7098708e8
runproj limit: 7.56
000010000010000101011001110001110101111111000101010011010000100000001000011001001000001 8.7098708e8
runproj limit: 7.56
011011001011101100011101010011000101011111010111001000110010010000100110011010100000010 8.70987368e8
runproj limit: 7.56
001111101110000000111001100001100001001110111101111101011010001001000000010110101000001 8.70988224e8
runproj limit: 7.56
000010001111011000101011110001001101010111010010011101010010101000011000010001000110011 8.70987096e8
runproj limit: 7.56
"timed out"
101010010011011101001000011001110101100001100110010011001000000000011010011001001000101 1.741974736e9
runproj limit: 7.56
"timed out"
100010000100111001001110011100110111110100100010110110101000011110000000011000010010011 1.741974736e9
runproj limit: 7.56
001011000010100000101000111011110001011111010101011101100000110100001000010001000000001 8.7098708e8
runproj limit: 7.56
000011000010110101011001111010100101010111010110010111000000101000001000010001010000101 8.7098708e8
runproj limit: 7.56
000010001110100001001000011001111011110011010000010111000000101100111000010111110001011 8.7098708e8
runproj limit: 7.56
000011000010100001001000011010110101011111010010010011000000010000001000010001010000001 8.7098708e8
runproj limit: 7.56
001010100110100001001001110010110101111111000001010001110000010100111000010000000000011 8.7098708e8
runproj limit: 7.56
001000001011100110111011110111011101011111010101011001100000011000101110010011110000011 8.7098708e8
runproj limit: 7.56
000011001111100000001000111010010101010111010000010101000000101100101000010011000001011 8.7098708e8
best: 0.9999996693407843
runproj limit: 7.56
010011001111101000011100010010010111011111010100000000000000100000101100010010110001001 4.70238564e9
runproj limit: 7.56
010010000000100100011001011001100111010011011010110111000100101000011000011101010001101 8.7098708e8
runproj limit: 7.56
000111000010100000011000111010110001011011011110011101000100100000011000010001000000001 8.7098708e8
runproj limit: 7.56
010010001010100000001001010011110111111011010110010111100100111000001000010111110001001 8.7098708e8
runproj limit: 7.56
000011000011110000001000111010110101110111010000010111000000101100101000010011010000101 8.7098708e8
runproj limit: 7.56
001011000111010000101001110001110101010111010101011101100010110000011000010001000000001 8.70987368e8
runproj limit: 7.56
001010000111101100001000010010110111011111010001001100100000100000101010010000110001010 8.7098708e8
runproj limit: 7.56
000010001110100001001000010001111001110011010000010101100000010100111000010000000001011 8.7098708e8
runproj limit: 7.56
011110000000110000011101111010100111010101100010111111110100001000001110011001000010001 8.7098708e8
runproj limit: 7.56
"timed out"
100011100110010000001000000010110100001111010001110001000100010100001000010001010010010 1.741974736e9
runproj limit: 7.56
001000001110100001000000001100111011111111000000011111010001100100001010011011010000101 8.70987368e8
runproj limit: 7.56
001010000011000001100000001001110000001001010010010101100101011000111100001011010000000 8.70987416e8
runproj limit: 7.56
"timed out"
100110101100111100000000000011011001111110000101010101100110111100100011101101000101011 1.741974736e9
runproj limit: 7.56
000011000010110001011000111000110101110111010010010011000000101100001000010001010000101 8.7098708e8
runproj limit: 7.56
000110001111100000001000110001010111010011011000010101000000101100111000011011010001001 8.7098708e8
runproj limit: 7.56
000110000010100100011001111000100101010011011010010111000100101000111000011101010000101 8.7098708e8
runproj limit: 7.56
010011001111100000001000010010111111010111010000010111000000101100101000010011110001001 8.7098708e8
runproj limit: 7.56
000010000110100001001000011000111011010011010000010111000000101100001000010001010001001 8.7098708e8
runproj limit: 7.56
010011000000110000011001010011100111010111010010110111100100101000001000011111010001001 8.7098708e8
runproj limit: 7.56
010010001110100010001000010111011011111011010101010101100100111000101010010111110001101 8.7098708e8
best: 0.9999996693407843
done evolving!
"all is well:)"
>>>>>>>>>>>>>>FINISH OPTIMIZATION>>>>>>>>>>>>>>>
2391.18user 297.13system 46:10.00elapsed 97%CPU (0avgtext+0avgdata 5440096maxresident)k
977392inputs+1300968outputs (274major+64925123minor)pagefaults 0swaps
