Optimizing /h/ywang30/nofib/spectral/integer
>>>>>>>>>>>>>>>START OPTIMIZATION>>>>>>>>>>>>>>>
pop: 13
gens: 15
arch: 7
limit is: 3.09
runproj limit: 3.09
"All is well :D"
Basetime is: 3.3389766e9
runproj limit: 3.09
0100000000000000000010000000000000000000000010 3.3389766e9
runproj limit: 3.09
0010000000100000000100000000001100000000000000 3.3389766e9
runproj limit: 3.09
0000000000010000001000001001101000000000000011 3.3389766e9
runproj limit: 3.09
0000000000010000001000001010000000001010010000 3.3389766e9
runproj limit: 3.09
0000000000000000000000000100011000000000100100 3.3389766e9
runproj limit: 3.09
0000000000000000000000000000000000000000000000 3.3389766e9
runproj limit: 3.09
1000000000000000000000000011000101010000100000 3.3389766e9
runproj limit: 3.09
0100000000001100000000100000000000000000000000 3.3389766e9
runproj limit: 3.09
0000100000000000000000100000100000000000000000 3.3389766e9
runproj limit: 3.09
0010000000000000000000001000000000110000100000 3.3389766e9
runproj limit: 3.09
0000010000000000100000000000000000001010000000 3.338978056e9
runproj limit: 3.09
0000100000001000000000010000000100000000001000 3.3389766e9
runproj limit: 3.09
0000000000000000000000000000100000000000000001 3.3389766e9
best: 1.0
runproj limit: 3.09
0000000000000000001000000000111000000000100011 3.3389766e9
runproj limit: 3.09
0000000000010000000000001001100100000000000011 3.3389766e9
runproj limit: 3.09
0100000000000000000000000000000000000000000000 3.3389766e9
runproj limit: 3.09
0000000000000000000000000000100000000000000000 3.3389766e9
runproj limit: 3.09
1010000000000000000100000011000100010000100000 3.3389766e9
runproj limit: 3.09
1000100000000000000000100001100101010000000000 3.3389766e9
runproj limit: 3.09
0110000000000000000000000000001100000000000000 3.3389766e9
runproj limit: 3.09
1000000000000000000000000001000001010000100000 3.3389766e9
runproj limit: 3.09
0010000000111100100100011000000100000010000001 3.338978056e9
runproj limit: 3.09
0000010000001001011001100100011101111000100001 3.3389766e9
runproj limit: 3.09
0000110011000110011110000101000000010010000011 3.3389766e9
runproj limit: 3.09
0100010010001000010100100001100010000000000000 3.3389766e9
runproj limit: 3.09
0110010100110000011000001000101000100010000010 3.3389766e9
runproj limit: 3.09
0100000000000000000010000000000000000000000010 3.3389766e9
runproj limit: 3.09
0010000000100000000100000000001100000000000000 3.3389766e9
runproj limit: 3.09
0000000000010000001000001001101000000000000011 3.3389766e9
runproj limit: 3.09
0000000000010000001000001010000000001010010000 3.3389766e9
runproj limit: 3.09
0000000000000000000000000100011000000000100100 3.3389766e9
runproj limit: 3.09
0000000000000000000000000000000000000000000000 3.3389766e9
runproj limit: 3.09
1000000000000000000000000011000101010000100000 3.3389766e9
best: 1.0
runproj limit: 3.09
0010000000000000000000000001000100010000000000 3.3389766e9
runproj limit: 3.09
0100000010000000000000000000100010000000000000 3.3389766e9
runproj limit: 3.09
0000010010010010011100000100000000011010010011 3.3389766e9
runproj limit: 3.09
0010000000000000000100000000001100000000100000 3.3389766e9
runproj limit: 3.09
0100000000000000000010000000000000000000000010 3.3389766e9
runproj limit: 3.09
0000000000000000001000000010100000000010010000 3.3389766e9
runproj limit: 3.09
0000010000000100011110000101111000000010100011 3.3389766e9
runproj limit: 3.09
0000010000001000010100100101011100001000000001 3.3389766e9
runproj limit: 3.09
0000000000000010000101000100001000000001001110 3.3389766e9
runproj limit: 3.09
0101000000010000010000000001000100000010000011 3.3389766e9
runproj limit: 3.09
1101010010011111010110100001111010000011000100 3.3389766e9
runproj limit: 3.09
0111010011010101110110101001100011111010000101 3.338978056e9
runproj limit: 3.09
0101010000000101100011100100111001101100010110 3.338978056e9
runproj limit: 3.09
0000000000000000001000000000111000000000100011 3.3389766e9
runproj limit: 3.09
0000000000010000000000001001100100000000000011 3.3389766e9
runproj limit: 3.09
0100000000000000000000000000000000000000000000 3.3389766e9
runproj limit: 3.09
0000000000000000000000000000100000000000000000 3.3389766e9
runproj limit: 3.09
1010000000000000000100000011000100010000100000 3.3389766e9
runproj limit: 3.09
1000100000000000000000100001100101010000000000 3.3389766e9
runproj limit: 3.09
0110000000000000000000000000001100000000000000 3.3389766e9
best: 1.0
runproj limit: 3.09
0101000000010010010100000100000000000001000011 3.3389766e9
runproj limit: 3.09
0110000000000000000100000000001100000000100000 3.3389766e9
runproj limit: 3.09
1000010010010000010100000001000100010000010001 3.3389766e9
runproj limit: 3.09
0000000000000010001100000000100000001000000001 3.3389766e9
runproj limit: 3.09
0000000000010100010110000101001100000010000011 3.3389766e9
runproj limit: 3.09
0010000000010000000000001000001100000000000011 3.3389766e9
runproj limit: 3.09
0100000000000000000000000000000000000001001000 3.3389766e9
runproj limit: 3.09
1010000000000000000100000001000100010000100000 3.3389766e9
runproj limit: 3.09
0000010000000100011110000111111010000010110011 3.3389766e9
runproj limit: 3.09
0110100000001000000001000000100100110010100100 3.3389766e9
runproj limit: 3.09
0110010011010111101100000100000000010010010111 3.338978056e9
runproj limit: 3.09
1100010110011110010111000111111110001010000101 3.3389766e9
runproj limit: 3.09
0001010001001101000100110001100001011000000001 3.3389766e9
runproj limit: 3.09
0010000000000000000000000001000100010000000000 3.3389766e9
runproj limit: 3.09
0100000010000000000000000000100010000000000000 3.3389766e9
runproj limit: 3.09
0000010010010010011100000100000000011010010011 3.3389766e9
runproj limit: 3.09
0010000000000000000100000000001100000000100000 3.3389766e9
runproj limit: 3.09
0100000000000000000010000000000000000000000010 3.3389766e9
runproj limit: 3.09
0000000000000000001000000010100000000010010000 3.3389766e9
runproj limit: 3.09
0000010000000100011110000101111000000010100011 3.3389766e9
best: 1.0
runproj limit: 3.09
0000010010010000010110000100001000001010010011 3.3389766e9
runproj limit: 3.09
0100010000000000011010000001101000000001001000 3.3389766e9
runproj limit: 3.09
0110010000000000000100000100100100111010010111 3.3389766e9
runproj limit: 3.09
0010000000000100000100000101111100000010100011 3.3389766e9
runproj limit: 3.09
0000000000000100010110000111110110010010110001 3.3389766e9
runproj limit: 3.09
0100000010000000001000000000100000000010000000 3.3389766e9
runproj limit: 3.09
1101010010010010010101000111011000001010000101 3.3389766e9
runproj limit: 3.09
0110000000000010001100000000101100001000000001 3.3389766e9
runproj limit: 3.09
0111001000110100011001000000001010100001100011 3.3389766e9
runproj limit: 3.09
0011000001000001000001000000000000001001001001 3.3389766e9
runproj limit: 3.09
0100100110000000000010110100100010000000000000 3.3389766e9
runproj limit: 3.09
0000010110100000110110001001100100010001010001 3.338978056e9
runproj limit: 3.09
0001000000010010000111100110000010001000001011 3.3389766e9
runproj limit: 3.09
0101000000010010010100000100000000000001000011 3.3389766e9
runproj limit: 3.09
0110000000000000000100000000001100000000100000 3.3389766e9
runproj limit: 3.09
1000010010010000010100000001000100010000010001 3.3389766e9
runproj limit: 3.09
0000000000000010001100000000100000001000000001 3.3389766e9
runproj limit: 3.09
0000000000010100010110000101001100000010000011 3.3389766e9
runproj limit: 3.09
0010000000010000000000001000001100000000000011 3.3389766e9
runproj limit: 3.09
0100000000000000000000000000000000000001001000 3.3389766e9
best: 1.0
runproj limit: 3.09
0011000000000010001000000000000000001000000001 3.3389766e9
runproj limit: 3.09
0010000000000010010110000111111110010010010001 3.3389766e9
runproj limit: 3.09
0100000000000000000000000000001000000000001000 3.3389766e9
runproj limit: 3.09
0100000010000100000010000000101100000010000010 3.3389766e9
runproj limit: 3.09
0100000010000000001000000000100000000010000000 3.3389766e9
runproj limit: 3.09
0110000010000010001100000000101000001010000000 3.3389766e9
runproj limit: 3.09
1001010010010010010100000110001000001010000011 3.3389766e9
runproj limit: 3.09
0101001000000000001001000000100000100001100000 3.3389766e9
runproj limit: 3.09
0000000000011000000101000000001000000000000011 3.3389766e9
runproj limit: 3.09
1111010000000000000010000000101100001001101110 3.3389766e9
runproj limit: 3.09
1011011010111000111001001000101000110101110010 3.338978056e9
runproj limit: 3.09
0111000010001011001100000001100110111000000000 3.3389766e9
runproj limit: 3.09
0010010000011011010001001000100011000010000001 3.3389766e9
runproj limit: 3.09
0000010010010000010110000100001000001010010011 3.3389766e9
runproj limit: 3.09
0100010000000000011010000001101000000001001000 3.3389766e9
runproj limit: 3.09
0110010000000000000100000100100100111010010111 3.3389766e9
runproj limit: 3.09
0010000000000100000100000101111100000010100011 3.3389766e9
runproj limit: 3.09
0000000000000100010110000111110110010010110001 3.3389766e9
runproj limit: 3.09
0100000010000000001000000000100000000010000000 3.3389766e9
runproj limit: 3.09
1101010010010010010101000111011000001010000101 3.3389766e9
best: 1.0
runproj limit: 3.09
0010000010000000001000000001110100000010100000 3.3389766e9
runproj limit: 3.09
0010000000011000010001000001100001000010000001 3.3389766e9
runproj limit: 3.09
1001010010010100010000000000101000000010000010 3.3389766e9
runproj limit: 3.09
0010000010000011001101000000100000001010000001 3.3389766e9
runproj limit: 3.09
0010010000000010010100000110100110010010010001 3.3389766e9
runproj limit: 3.09
0100010000000000000110000100100100010000010001 3.3389766e9
runproj limit: 3.09
0000010000000010001000000001101000001001000001 3.3389766e9
runproj limit: 3.09
0100000000000000001001000000100000100011000000 3.3389766e9
runproj limit: 3.09
0001010010001010100000000111101100100111011110 3.338978056e9
runproj limit: 3.09
0001111100010111010100000011100110010000010111 3.3389766e9
runproj limit: 3.09
0001100000011000010101010000101000000001000000 3.3389766e9
runproj limit: 3.09
1100100011100100000000001100001111000010001100 3.3389766e9
runproj limit: 3.09
0101001000100100001000010111100000111001000010 3.3389766e9
runproj limit: 3.09
0011000000000010001000000000000000001000000001 3.3389766e9
runproj limit: 3.09
0010000000000010010110000111111110010010010001 3.3389766e9
runproj limit: 3.09
0100000000000000000000000000001000000000001000 3.3389766e9
runproj limit: 3.09
0100000010000100000010000000101100000010000010 3.3389766e9
runproj limit: 3.09
0100000010000000001000000000100000000010000000 3.3389766e9
runproj limit: 3.09
0110000010000010001100000000101000001010000000 3.3389766e9
runproj limit: 3.09
1001010010010010010100000110001000001010000011 3.3389766e9
best: 1.0
runproj limit: 3.09
0100000010000100000000000000101100000010000010 3.3389766e9
runproj limit: 3.09
1100100010100100001000000100001101111000001100 3.3389766e9
runproj limit: 3.09
0011010000000010001000000100000010000010010001 3.3389766e9
runproj limit: 3.09
0100101000000011001100000011101000000000000111 3.3389766e9
runproj limit: 3.09
0011010110000011000101000001100110011000010111 3.3389766e9
runproj limit: 3.09
0100100010000000001001001100100011000011000100 3.3389766e9
runproj limit: 3.09
0010101000010011010100000011100110010000010001 3.3389766e9
runproj limit: 3.09
0001100010010100010000010000101000000001000000 3.3389766e9
runproj limit: 3.09
0100100000010000000111000010100101110001110001 3.3389766e9
runproj limit: 3.09
1100000010000011011011001010100000001000010001 3.3389766e9
runproj limit: 3.09
1110010100000100000010000011101101010111111001 3.3389766e9
runproj limit: 3.09
0000001110000111000101100011000000001110000010 3.3389766e9
runproj limit: 3.09
1001100001011001110101010010110000000001010001 3.338978056e9
runproj limit: 3.09
0010000010000000001000000001110100000010100000 3.3389766e9
runproj limit: 3.09
0010000000011000010001000001100001000010000001 3.3389766e9
runproj limit: 3.09
1001010010010100010000000000101000000010000010 3.3389766e9
runproj limit: 3.09
0010000010000011001101000000100000001010000001 3.3389766e9
runproj limit: 3.09
0010010000000010010100000110100110010010010001 3.3389766e9
runproj limit: 3.09
0100010000000000000110000100100100010000010001 3.3389766e9
runproj limit: 3.09
0000010000000010001000000001101000001001000001 3.3389766e9
best: 1.0
runproj limit: 3.09
0011010000000011000101000101100110011000010011 3.3389766e9
runproj limit: 3.09
0000011110000011000101000001000110011100010111 3.3389766e9
runproj limit: 3.09
0010001110000011000101100000100000001110000000 3.3389766e9
runproj limit: 3.09
1100101010000101001100000000101000000000001100 3.3389766e9
runproj limit: 3.09
0010010000011010010100000101100101000010000001 3.3389766e9
runproj limit: 3.09
0000000000011101010000000000111000000000000000 3.3389766e9
runproj limit: 3.09
0000000000010000000101000011100001010011010001 3.3389766e9
runproj limit: 3.09
1110010000000000000010000010101101010111110001 3.3389766e9
runproj limit: 3.09
1010100100010101010000001001000001000000000000 3.3389766e9
runproj limit: 3.09
1100001010000101011011001000011000001000110100 3.3389766e9
runproj limit: 3.09
0010010010010010001000000101110110000010000001 3.3389766e9
runproj limit: 3.09
1010101000111011010000011010110011110010011101 3.3389766e9
runproj limit: 3.09
1100100010101101010000000011101111100010011110 3.3389766e9
runproj limit: 3.09
0100000010000100000000000000101100000010000010 3.3389766e9
runproj limit: 3.09
1100100010100100001000000100001101111000001100 3.3389766e9
runproj limit: 3.09
0011010000000010001000000100000010000010010001 3.3389766e9
runproj limit: 3.09
0100101000000011001100000011101000000000000111 3.3389766e9
runproj limit: 3.09
0011010110000011000101000001100110011000010111 3.3389766e9
runproj limit: 3.09
0100100010000000001001001100100011000011000100 3.3389766e9
runproj limit: 3.09
0010101000010011010100000011100110010000010001 3.3389766e9
best: 1.0
runproj limit: 3.09
0010011010000001000000000000100001000110110001 3.3389766e9
runproj limit: 3.09
0010110000010011010100000101100100000000010001 3.3389766e9
runproj limit: 3.09
1100010000000001000001000111101110011010011011 3.3389766e9
runproj limit: 3.09
1010011110000011010001001010110010110010011111 3.3389766e9
runproj limit: 3.09
1100100010000100000000001001000001100000000000 3.3389766e9
runproj limit: 3.09
0011010100000011000101000011100001010011010101 3.3389766e9
runproj limit: 3.09
0010010000011010010100000101100101000010000001 3.3389766e9
runproj limit: 3.09
1000101000110000011001011010110011110010011100 3.3389766e9
runproj limit: 3.09
1000100010000010000000101101100110100011101010 3.3389766e9
runproj limit: 3.09
1110011010000111110111101001011001000000110100 3.338978056e9
runproj limit: 3.09
0000010010000010101101000010100010000010100101 3.338978056e9
runproj limit: 3.09
0011110011110010110000001111101010010000010000 3.338978056e9
runproj limit: 3.09
1000100011000100001011001100011101010000111110 3.3389766e9
runproj limit: 3.09
0011010000000011000101000101100110011000010011 3.3389766e9
runproj limit: 3.09
0000011110000011000101000001000110011100010111 3.3389766e9
runproj limit: 3.09
0010001110000011000101100000100000001110000000 3.3389766e9
runproj limit: 3.09
1100101010000101001100000000101000000000001100 3.3389766e9
runproj limit: 3.09
0010010000011010010100000101100101000010000001 3.3389766e9
runproj limit: 3.09
0000000000011101010000000000111000000000000000 3.3389766e9
runproj limit: 3.09
0000000000010000000101000011100001010011010001 3.3389766e9
best: 1.0
runproj limit: 3.09
1100110000000001000100000001101001010000001100 3.3389766e9
runproj limit: 3.09
0011000000010001000101000001100001010011010001 3.3389766e9
runproj limit: 3.09
1100101010000111000101001001000101010100000110 3.3389766e9
runproj limit: 3.09
0010010000011111010000000101111000010000000010 3.3389766e9
runproj limit: 3.09
1110110010010111110100101101010101000000110101 3.338978056e9
runproj limit: 3.09
0010100010000010000001101101100110010011010011 3.3389766e9
runproj limit: 3.09
1000001010000001000101000000111010000000011100 3.3389766e9
runproj limit: 3.09
0000011100000011000101000001000000010010010001 3.3389766e9
runproj limit: 3.09
0010011111010011010110000000011110111101011101 3.3389766e9
runproj limit: 3.09
1000010110110001010101000101100101001100010111 3.3389766e9
runproj limit: 3.09
0000001010000100001000000100011100000000100011 3.3389766e9
runproj limit: 3.09
0000001110000000010000101000111000011110000101 3.3389766e9
runproj limit: 3.09
0000101000100101111101011011111011111010001101 3.338978056e9
runproj limit: 3.09
0010011010000001000000000000100001000110110001 3.3389766e9
runproj limit: 3.09
0010110000010011010100000101100100000000010001 3.3389766e9
runproj limit: 3.09
1100010000000001000001000111101110011010011011 3.3389766e9
runproj limit: 3.09
1010011110000011010001001010110010110010011111 3.3389766e9
runproj limit: 3.09
1100100010000100000000001001000001100000000000 3.3389766e9
runproj limit: 3.09
0011010100000011000101000011100001010011010101 3.3389766e9
runproj limit: 3.09
0010010000011010010100000101100101000010000001 3.3389766e9
best: 1.0
runproj limit: 3.09
0010110000010010010100000101100100000000010001 3.3389766e9
runproj limit: 3.09
0000111000011111010100000101111101010010000101 3.3389766e9
runproj limit: 3.09
0000001110000111010000001001011100101001010001 3.3389766e9
runproj limit: 3.09
0010011100001101010000000001111000010010000001 3.3389766e9
runproj limit: 3.09
0000110000000111000101000011000001010101000110 3.3389766e9
runproj limit: 3.09
0001010000000011001100000010010101000001110111 3.3389766e9
runproj limit: 3.09
1000000010000100000000000101001000000000000011 3.3389766e9
runproj limit: 3.09
0011000000010001000101000001100001010011010001 3.3389766e9
runproj limit: 3.09
1100010001000010110001000110101110110001111001 3.338978056e9
runproj limit: 3.09
0011101000000011011001001011001101111011000000 3.3389766e9
runproj limit: 3.09
1100010111001011000101110001110011011010100011 3.3389766e9
runproj limit: 3.09
1010001101101011011110110011011011100001000001 3.3389766e9
runproj limit: 3.09
0010011000010010100110000010001001001010100001 3.338978056e9
runproj limit: 3.09
1100110000000001000100000001101001010000001100 3.3389766e9
runproj limit: 3.09
0011000000010001000101000001100001010011010001 3.3389766e9
runproj limit: 3.09
1100101010000111000101001001000101010100000110 3.3389766e9
runproj limit: 3.09
0010010000011111010000000101111000010000000010 3.3389766e9
runproj limit: 3.09
0010100010000010000001101101100110010011010011 3.3389766e9
runproj limit: 3.09
1000001010000001000101000000111010000000011100 3.3389766e9
runproj limit: 3.09
0000011100000011000101000001000000010010010001 3.3389766e9
best: 1.0
runproj limit: 3.09
0000100000000111000101000001000001010001000000 3.3389766e9
runproj limit: 3.09
1010001101101011011110110011011011100001000001 3.3389766e9
runproj limit: 3.09
1000000111001001001110000101011001100001000011 3.3389766e9
runproj limit: 3.09
0010011100001111010000000001111000010000000011 3.3389766e9
runproj limit: 3.09
0010100000000010010101101101100110010000010001 3.3389766e9
runproj limit: 3.09
1100010010001111000101010001100011010010100111 3.3389766e9
runproj limit: 3.09
1010001010101110010000000001011011000000000011 3.3389766e9
runproj limit: 3.09
0100111000000001000100000001001000010010010100 3.3389766e9
runproj limit: 3.09
1001001001000010010101101101100110000011000110 3.3389766e9
runproj limit: 3.09
0001001100110111010000001001010111100001010000 3.3389766e9
runproj limit: 3.09
0010001000011001010101000001100101111011011001 3.3389766e9
runproj limit: 3.09
1100100011011101000111101101000001010000010101 3.3389766e9
runproj limit: 3.09
0010011100011011111000001101110000010011000000 3.338978056e9
runproj limit: 3.09
0010110000010010010100000101100100000000010001 3.3389766e9
runproj limit: 3.09
0000111000011111010100000101111101010010000101 3.3389766e9
runproj limit: 3.09
0000001110000111010000001001011100101001010001 3.3389766e9
runproj limit: 3.09
0010011100001101010000000001111000010010000001 3.3389766e9
runproj limit: 3.09
0000110000000111000101000011000001010101000110 3.3389766e9
runproj limit: 3.09
0001010000000011001100000010010101000001110111 3.3389766e9
runproj limit: 3.09
1000000010000100000000000101001000000000000011 3.3389766e9
best: 1.0
runproj limit: 3.09
0110110000011101010101100101011001010010000101 3.3389766e9
runproj limit: 3.09
0011001010110110010000000001011111100001010001 3.3389766e9
runproj limit: 3.09
0011001101100111011100010011011011100001010000 3.3389766e9
runproj limit: 3.09
1010001010000110010000001001011001100000010011 3.3389766e9
runproj limit: 3.09
0000000101001001011000000101011001100011000001 3.3389766e9
runproj limit: 3.09
0000001101101011010100111001011011100001010000 3.3389766e9
runproj limit: 3.09
1000011001000110000101101101100010000011000111 3.3389766e9
runproj limit: 3.09
0001010000000011010100100101010110010000010011 3.3389766e9
runproj limit: 3.09
1000100010001101101100111000100101010010100111 3.338978056e9
runproj limit: 3.09
1001101001000010110111101101100110000011001110 3.338978056e9
runproj limit: 3.09
1010011010100000011000110011101101000000000011 3.3389766e9
runproj limit: 3.09
1011010100010001001000011011010001000110011011 3.3389766e9
runproj limit: 3.09
1010001101101111010001101000011000111010111101 3.3389766e9
runproj limit: 3.09
0000100000000111000101000001000001010001000000 3.3389766e9
runproj limit: 3.09
1010001101101011011110110011011011100001000001 3.3389766e9
runproj limit: 3.09
1000000111001001001110000101011001100001000011 3.3389766e9
runproj limit: 3.09
0010011100001111010000000001111000010000000011 3.3389766e9
runproj limit: 3.09
0010100000000010010101101101100110010000010001 3.3389766e9
runproj limit: 3.09
1100010010001111000101010001100011010010100111 3.3389766e9
runproj limit: 3.09
1010001010101110010000000001011011000000000011 3.3389766e9
best: 1.0
runproj limit: 3.09
1010000100000000001000001001010001100110010011 3.3389766e9
runproj limit: 3.09
0000001101100111011100111011011011100001010000 3.3389766e9
runproj limit: 3.09
0011101000000111011100000001011001100001000000 3.3389766e9
runproj limit: 3.09
0000011101000111010101111101111011000011000011 3.3389766e9
runproj limit: 3.09
1110010000001110010001100101011001010000000111 3.3389766e9
runproj limit: 3.09
0000000000000010010000010011100001000001000010 3.3389766e9
runproj limit: 3.09
1011010100010001001000011011010001000110011011 3.3389766e9
runproj limit: 3.09
0000000110001010000111100101011101000001010001 3.3389766e9
runproj limit: 3.09
0011011101101011010101110011001011100001111100 3.3389766e9
runproj limit: 3.09
1010010101000011000000000111111000000100000011 3.3389766e9
runproj limit: 3.09
0010100111001001011010000000011001101000000101 3.3389766e9
runproj limit: 3.09
0000001100010111011010000101001001000101100011 3.3389766e9
runproj limit: 3.09
0101010001100001100111101000100010100010010011 3.338978056e9
runproj limit: 3.09
0110110000011101010101100101011001010010000101 3.3389766e9
runproj limit: 3.09
0011001010110110010000000001011111100001010001 3.3389766e9
runproj limit: 3.09
0011001101100111011100010011011011100001010000 3.3389766e9
runproj limit: 3.09
1010001010000110010000001001011001100000010011 3.3389766e9
runproj limit: 3.09
0000000101001001011000000101011001100011000001 3.3389766e9
runproj limit: 3.09
0000001101101011010100111001011011100001010000 3.3389766e9
runproj limit: 3.09
1000011001000110000101101101100010000011000111 3.3389766e9
best: 1.0
done evolving!
"all is well:)"
>>>>>>>>>>>>>>FINISH OPTIMIZATION>>>>>>>>>>>>>>>
1260.12user 241.89system 25:56.51elapsed 96%CPU (0avgtext+0avgdata 105508maxresident)k
1039504inputs+1383024outputs (590major+63311211minor)pagefaults 0swaps
