Optimizing /h/ywang30/nofib/spectral/lcss
>>>>>>>>>>>>>>>START OPTIMIZATION>>>>>>>>>>>>>>>
pop: 13
gens: 15
arch: 7
limit is: 0.65
runproj limit: 0.65
"All is well :D"
Basetime is: 3.3086116e8
runproj limit: 0.65
0100000000000000000010000000000000000000000010000000001000000000101000 3.3086112e8
runproj limit: 0.65
0000000000000000000000000000000000000000000000000000000000000000000000 3.3086116e8
runproj limit: 0.65
0000000000010000001000001001101000000000000011000001000010000000000000 3.61835216e8
runproj limit: 0.65
0000000000010000001000001010000000001010010000000001000000000110000000 3.61773944e8
runproj limit: 0.65
0000000000000000000000000100011000000000100100000110000000000000000000 3.30865424e8
runproj limit: 0.65
0010000010010000000000010000100000000000000000001000000000000000110000 3.221204e8
runproj limit: 0.65
1000000000000000000000000011000101010000100000010000000100000100000010 3.30845144e8
runproj limit: 0.65
0100000000001100000000100000000000000000000000100000010000001010000000 3.1009572e8
runproj limit: 0.65
0000100000000000000000100000100000000000000000000100000100000000100000 3.30840568e8
runproj limit: 0.65
0010000000000000000000001000000000110000100000000001000000000000010000 3.30824512e8
runproj limit: 0.65
0000010000000000100000000000000000001010000000000000000000001011000000 3.25860336e8
runproj limit: 0.65
0000100000001000000000010000000100000000001000000000000000000000010000 3.30895296e8
runproj limit: 0.65
0000000000000000000000000000000000000000000000000000000000000000000000 3.3086116e8
best: 0.9372382058988127
runproj limit: 0.65
0000010000000000000000000000010000001000100000000100000000000010000000 3.30808264e8
runproj limit: 0.65
0000000000000000000000000000000100000000000000000000000000000000000010 3.3086116e8
runproj limit: 0.65
0010000010010000000000010000100000000000000000001000000000000000110000 3.221204e8
runproj limit: 0.65
0000000000001100000000100000000000000000000000100100010000001000000000 3.1009572e8
runproj limit: 0.65
1000000000000000000000000011000101010000100000010000000100000100000010 3.30845144e8
runproj limit: 0.65
1000100000000000000000100001100101010000000000010100000100000100100010 3.3082432e8
runproj limit: 0.65
0100000000000000100000000000000000001010000000000000010000001010000000 3.25860336e8
runproj limit: 0.65
0000100000000000000000100000100000000000000000000100000100000000100000 3.30840568e8
runproj limit: 0.65
0000000000011100100000011000001000000010000001000100011100101000000010 3.37973096e8
runproj limit: 0.65
0000010000001001011001100100011101111000100001010010000000010000000000 2.43554424e8
runproj limit: 0.65
0000110011000110011110000101000000010010000011000000101100100000101000 3.71619048e8
runproj limit: 0.65
0110010000011000010100110001000010000000000000000101010001000110110000 3.22099808e8
runproj limit: 0.65
0110000100100000110000000001000000101000000001011111110000001011000000 3.26139952e8
runproj limit: 0.65
0100000000001100000000100000000000000000000000100000010000001010000000 3.1009572e8
runproj limit: 0.65
0010000010010000000000010000100000000000000000001000000000000000110000 3.221204e8
runproj limit: 0.65
0000010000000000100000000000000000001010000000000000000000001011000000 3.25860336e8
runproj limit: 0.65
0010000000000000000000001000000000110000100000000001000000000000010000 3.30824512e8
runproj limit: 0.65
0000100000000000000000100000100000000000000000000100000100000000100000 3.30840568e8
runproj limit: 0.65
1000000000000000000000000011000101010000100000010000000100000100000010 3.30845144e8
runproj limit: 0.65
0100000000000000000010000000000000000000000010000000001000000000101000 3.3086112e8
best: 0.7361227410313136
runproj limit: 0.65
0110000000100000100000000001000000001000000001010000010000001010000000 3.26139952e8
runproj limit: 0.65
0100000000011100000000100000000010000000000000100100010001001110000000 3.22064376e8
runproj limit: 0.65
0000000000000000000000100000100001110000000000010100000000000100100000 3.30820208e8
runproj limit: 0.65
0010000010010000000000000000100001000000100000011000000100000000110000 3.22087824e8
runproj limit: 0.65
0000000010010000000000110000100000000000000000000000000000000010100000 3.22099808e8
runproj limit: 0.65
0000010000001100100000000000000000000010000000000100010000001011000000 3.25917496e8
runproj limit: 0.65
0010000010010100000000011000100000000010000000000000011100000000010000 3.2212036e8
runproj limit: 0.65
0010010000001000010100110101011100001000000001000111010001000000000000 3.30807992e8
runproj limit: 0.65
0010000000000010000101001100001000110001101110011001000100100000010000 1.99743048e8
runproj limit: 0.65
0101000000011100010010100001000100000010000001000000011000101100010100 3.22099848e8
runproj limit: 0.65
1111010000001111010110110001011010000011000100100001110110001100011010 3.2598304e8
runproj limit: 0.65
0101010001000101110110111001000011111010000101000001000011000010110000 3.25864328e8
runproj limit: 0.65
0101010000001001100001000100111001101100010100100000110010001011000101 1.99806368e8
runproj limit: 0.65
0000010000001001011001100100011101111000100001010010000000010000000000 2.43554424e8
runproj limit: 0.65
0000000000001100000000100000000000000000000000100100010000001000000000 3.1009572e8
runproj limit: 0.65
0100000000001100000000100000000000000000000000100000010000001010000000 3.1009572e8
runproj limit: 0.65
0110010000011000010100110001000010000000000000000101010001000110110000 3.22099808e8
runproj limit: 0.65
0010000010010000000000010000100000000000000000001000000000000000110000 3.221204e8
runproj limit: 0.65
0100000000000000100000000000000000001010000000000000010000001010000000 3.25860336e8
runproj limit: 0.65
0000010000000000100000000000000000001010000000000000000000001011000000 3.25860336e8
best: 0.6037065456700932
runproj limit: 0.65
0000000000000110000100101100000000000001100010101000000100100000000000 3.25999328e8
runproj limit: 0.65
0000000000000000000000000000000001001000100000000000000000000001110000 3.30808264e8
runproj limit: 0.65
0000000000001100000000100000000000001010000000100000010000001010000000 3.10059072e8
runproj limit: 0.65
0010010000000001010000100100011001110000100000010000000000000000100000 3.30758936e8
runproj limit: 0.65
0010010000010100010000011001000000000000000000000000010100000110010000 3.2212036e8
runproj limit: 0.65
0000000000000000000100001100000000110010001010000000000100100000000000 3.30850312e8
runproj limit: 0.65
0110000000001100000000101000000000100001001000010000010000101000010000 3.1007536e8
runproj limit: 0.65
0010000010010000000000000000100000000000100000001000000000000000110000 3.22087824e8
runproj limit: 0.65
0010000010010100000000011010100010000010010000000000011110101001010000 3.2212428e8
runproj limit: 0.65
0010100000101000100001000000100000101010100101010000010110000010100101 1.99627568e8
runproj limit: 0.65
0011000001011001100010100001000100001010000101001001110001101101010111 3.37915936e8
runproj limit: 0.65
0001010100000001100001100110000100000011000001000001000000011010000000 1.99874336e8
runproj limit: 0.65
0100010000000000100110101101111110101010000101000001000111000000000000 3.25864368e8
runproj limit: 0.65
0010000000000010000101001100001000110001101110011001000100100000010000 1.99743048e8
runproj limit: 0.65
0101010000001001100001000100111001101100010100100000110010001011000101 1.99806368e8
runproj limit: 0.65
0000010000001001011001100100011101111000100001010010000000010000000000 2.43554424e8
runproj limit: 0.65
0000000000001100000000100000000000000000000000100100010000001000000000 3.1009572e8
runproj limit: 0.65
0100000000001100000000100000000000000000000000100000010000001010000000 3.1009572e8
runproj limit: 0.65
0100000000011100000000100000000010000000000000100100010001001110000000 3.22064376e8
runproj limit: 0.65
0010000010010000000000000000100001000000100000011000000100000000110000 3.22087824e8
best: 0.6033575170926682
runproj limit: 0.65
0010010000101000010001100000000100101010100001010000000010000010100000 1.97851192e8
runproj limit: 0.65
0110000010011100000000100000100000000001001000011000000100001000110000 3.22039904e8
runproj limit: 0.65
0010000000000000100101000100101000100010100110010001010100000000110001 1.99684728e8
runproj limit: 0.65
0100000000001100000000100000000000000000000000000100010000101000000000 3.10131192e8
runproj limit: 0.65
0010000000001100010000101001000000000000001000000000010100101100010000 3.10099832e8
runproj limit: 0.65
0100000000001001100000001000100001101000011000010000010010101011010001 3.25824824e8
runproj limit: 0.65
0101010000001001100001000110100000000111000000000000000000001010000100 1.99837768e8
runproj limit: 0.65
0010100000001000100000000000000000100000000100010100010010000000000001 3.25917496e8
runproj limit: 0.65
0010001000100000001001101000001010100001000010101000000000010110000000 2.37322672e8
runproj limit: 0.65
0001000001001101000001101000000000101001001001011100111100110000010100 1.9779252e8
runproj limit: 0.65
0101110100001001100011110000111001101100010100100001100010001101101001 1.9981036e8
runproj limit: 0.65
1000000100111100100010101000100000001011000000100110010001001000000000 3.37839704e8
runproj limit: 0.65
0110100000101000110010100010100010100011101101010011000100010010100101 3.26088112e8
runproj limit: 0.65
0010100000101000100001000000100000101010100101010000010110000010100101 1.99627568e8
runproj limit: 0.65
0010000000000010000101001100001000110001101110011001000100100000010000 1.99743048e8
runproj limit: 0.65
0101010000001001100001000100111001101100010100100000110010001011000101 1.99806368e8
runproj limit: 0.65
0001010100000001100001100110000100000011000001000001000000011010000000 1.99874336e8
runproj limit: 0.65
0000010000001001011001100100011101111000100001010010000000010000000000 2.43554424e8
runproj limit: 0.65
0000000000001100000000100000000000001010000000100000010000001010000000 3.10059072e8
runproj limit: 0.65
0110000000001100000000101000000000100001001000010000010000101000010000 3.1007536e8
best: 0.597811239010345
runproj limit: 0.65
0001000000001101100001100010000100000001000001011001001100010010010000 1.9967228e8
runproj limit: 0.65
0001000100001001110001101001000100000000000000000001000000101110010000 1.99696752e8
runproj limit: 0.65
0001000000001001011001100100000100111001100001011010010100110000000000 2.4810244e8
runproj limit: 0.65
0010010000001011010001000100001000111000100011011011000100110000010000 2.0979184e8
runproj limit: 0.65
0000000000001001011000101000001100001000001000010010000100101000000000 3.77069632e8
runproj limit: 0.65
0100000000001100000000100000000000000000000000000100010000101000000000 3.10131192e8
runproj limit: 0.65
0011010000101000110001100010000100101111000001000000000010000010000000 1.998214e8
runproj limit: 0.65
0110001000001100001001101000000000100001001000011000000000000010000000 2.43311152e8
runproj limit: 0.65
0111110100000001100110111000111101101100010100000100000000000101101101 3.2584804e8
runproj limit: 0.65
1101010000001100000010101000101100101001101110010001111100111001000010 3.09989848e8
runproj limit: 0.65
1110011010101100101001100000101000110101010011111001000010101000011010 2.45316968e8
runproj limit: 0.65
0011100010000001100000000001001010010000000101010100010001010100010101 3.25880736e8
runproj limit: 0.65
0000010000000111010001100000101111001000000010110101011100001111001001 2.09788904e8
runproj limit: 0.65
0001000001001101000001101000000000101001001001011100111100110000010100 1.9779252e8
runproj limit: 0.65
0010010000101000010001100000000100101010100001010000000010000010100000 1.97851192e8
runproj limit: 0.65
0010100000101000100001000000100000101010100101010000010110000010100101 1.99627568e8
runproj limit: 0.65
0010000000000000100101000100101000100010100110010001010100000000110001 1.99684728e8
runproj limit: 0.65
0010000000000010000101001100001000110001101110011001000100100000010000 1.99743048e8
runproj limit: 0.65
0101010000001001100001000100111001101100010100100000110010001011000101 1.99806368e8
runproj limit: 0.65
0101110100001001100011110000111001101100010100100001100010001101101001 1.9981036e8
best: 0.597811239010345
runproj limit: 0.65
0010001010001100101001000000101000100101100011110001010000001000111011 2.45049648e8
runproj limit: 0.65
0010000000000100010001100000101101000010000110010101010100000101001001 1.97885e8
runproj limit: 0.65
0011010000101011110001000100001100101011100001001011000010110010010000 1.99813336e8
runproj limit: 0.65
0101110100001001100011110000111001101100010100100001100010001101101001 1.9981036e8
runproj limit: 0.65
0010100000101000100001000000100000101010100101010000010110000010100101 1.99627568e8
runproj limit: 0.65
0010110000101000000001000000000000101010100001010000010010000010100100 1.97851272e8
runproj limit: 0.65
0010010000101100000001101000000000101010101001011000010100010000100000 1.97807576e8
runproj limit: 0.65
0010100000101000010001000000100000101010100101010000010010000010100100 1.97692808e8
runproj limit: 0.65
0100010000000011000011100101000100100100011101001001001000010000010100 2.09788904e8
runproj limit: 0.65
0101011100011101111000000011001010111000010010110000010100110101010001 3.8824496e8
runproj limit: 0.65
0011100000000010010101011100101000110000101101010000010100110000000000 1.99763408e8
runproj limit: 0.65
1001100101101001110011100101100111000000001110001001010000011110000110 1.9966128e8
runproj limit: 0.65
0000010000100011010000110111101111010000100000010111111100001001001001 3.26042944e8
runproj limit: 0.65
0001000001001101000001101000000000101001001001011100111100110000010100 1.9779252e8
runproj limit: 0.65
0010010000101000010001100000000100101010100001010000000010000010100000 1.97851192e8
runproj limit: 0.65
0010100000101000100001000000100000101010100101010000010110000010100101 1.99627568e8
runproj limit: 0.65
0001000000001101100001100010000100000001000001011001001100010010010000 1.9967228e8
runproj limit: 0.65
0010000000000000100101000100101000100010100110010001010100000000110001 1.99684728e8
runproj limit: 0.65
0001000100001001110001101001000100000000000000000001000000101110010000 1.99696752e8
runproj limit: 0.65
0010000000000010000101001100001000110001101110011001000100100000010000 1.99743048e8
best: 0.5975098678853692
runproj limit: 0.65
0011000000001101100001100000000100001001001001011001010100010000110000 1.9960016e8
runproj limit: 0.65
0010100000101000100001000000100000101010100101010000010010000010100100 1.99627568e8
runproj limit: 0.65
0011100000001000100001100000000000101011001001011000110110100000010101 1.9960016e8
runproj limit: 0.65
0000011000001101100000000011000000101000100010011000010100010101010001 3.25835944e8
runproj limit: 0.65
0000010000101000010001101000000100100010000001000000000010100010010000 1.97916344e8
runproj limit: 0.65
0010000000101000010001001000100000101010100001011000010010000010100000 1.97692768e8
runproj limit: 0.65
0110011000011001111001100001001110111000100001110000000010100111110001 2.2019588e8
runproj limit: 0.65
0010100000101000100001000000100000101010100101010000010110000010100100 1.99627568e8
runproj limit: 0.65
0010000000111000000000000110000001001011000001010001110110010111101000 3.21883096e8
runproj limit: 0.65
1100000000000000110011001110101000100000110110110001011110000000100011 1.99583912e8
runproj limit: 0.65
1000110110101000010001000011100001111111011110011110000100010010100101 1.97811768e8
runproj limit: 0.65
0111111000001101101011010011011001101000010111000000110001101100101011 2.50226616e8
runproj limit: 0.65
1011100001000011110101011110110000110000111100110000110110110100000010 1.99587984e8
runproj limit: 0.65
0010100000101000010001000000100000101010100101010000010010000010100100 1.97692808e8
runproj limit: 0.65
0001000001001101000001101000000000101001001001011100111100110000010100 1.9779252e8
runproj limit: 0.65
0010010000101100000001101000000000101010101001011000010100010000100000 1.97807576e8
runproj limit: 0.65
0010010000101000010001100000000100101010100001010000000010000010100000 1.97851192e8
runproj limit: 0.65
0010110000101000000001000000000000101010100001010000010010000010100100 1.97851272e8
runproj limit: 0.65
0010000000000100010001100000101101000010000110010101010100000101001001 1.97885e8
runproj limit: 0.65
0010100000101000100001000000100000101010100101010000010110000010100101 1.99627568e8
best: 0.5975097469887369
runproj limit: 0.65
0010010000101000010001000000000100101010100001010000000010000010100000 1.97851272e8
runproj limit: 0.65
0010010000101000010001100000000100101010100001010000000010000010010000 1.97851192e8
runproj limit: 0.65
0010010000001000000001100000000000101011001001010000010000010010110000 1.97979576e8
runproj limit: 0.65
0010100000101100100001100000100000101010001101011001010000000010100100 1.9962052e8
runproj limit: 0.65
0010010001101100000001001000000000101011100001010100011110110000100100 1.97834944e8
runproj limit: 0.65
0010010000100111010001001100110000101000101101111000010110110100100010 1.99785968e8
runproj limit: 0.65
0011000000001101000001101000000000101000001001011000011100110000110100 1.9781288e8
runproj limit: 0.65
1000010010101100010001000010100001110111000110010111010100010001001001 1.97843128e8
runproj limit: 0.65
1010100100100101010000000000000000101000100000101000000010000010010000 3.10055272e8
runproj limit: 0.65
1000111110101110010001000001011001111111111011001110000100110010001111 1.99757544e8
runproj limit: 0.65
0010100010011000100001100001110100101011011001010001110100101000010101 1.69725528e8
runproj limit: 0.65
1010100000000000100101011001110101001000101001010100000110000000101101 1.99587984e8
runproj limit: 0.65
0010100000100001111001000111000010110000110111000010101011011010101100 2.49946808e8
runproj limit: 0.65
0010000000101000010001001000100000101010100001011000010010000010100000 1.97692768e8
runproj limit: 0.65
0010100000101000010001000000100000101010100101010000010010000010100100 1.97692808e8
runproj limit: 0.65
0001000001001101000001101000000000101001001001011100111100110000010100 1.9779252e8
runproj limit: 0.65
0010010000101100000001101000000000101010101001011000010100010000100000 1.97807576e8
runproj limit: 0.65
1000110110101000010001000011100001111111011110011110000100010010100101 1.97811768e8
runproj limit: 0.65
0010010000101000010001100000000100101010100001010000000010000010100000 1.97851192e8
runproj limit: 0.65
0010110000101000000001000000000000101010100001010000010010000010100100 1.97851272e8
best: 0.5129811187266586
runproj limit: 0.65
0000010000101100010001000000100001100110000110011100010010000000100000 1.97879776e8
runproj limit: 0.65
0010010001101000010001001000000100101010100001010000000110100000010100 1.97851232e8
runproj limit: 0.65
0010110110101000010001000001100101111010000110011110000110000010100100 1.97883888e8
runproj limit: 0.65
0001110111101000000001101000100001101101001111011100011100110000100100 1.97807576e8
runproj limit: 0.65
0010100010110000000001100000010000101000100001001001000110100010010001 1.69748744e8
runproj limit: 0.65
0010100000101000010001100000100000101000101101010000010000100010100100 1.97649112e8
runproj limit: 0.65
0010010001101100000001001000000000101011100001010100011110110000100100 1.97834944e8
runproj limit: 0.65
0000000000101100010001001000100001100110100100010000010010000000001000 1.97692768e8
runproj limit: 0.65
1110010000101010011000000001000001001010001111101011000010100010111001 3.71632864e8
runproj limit: 0.65
0000110010011010001101000000110101100011011001010011110001101001000101 2.20440144e8
runproj limit: 0.65
0000100010001000000100100110100000101011111101110011111100011110010111 3.3074828e8
runproj limit: 0.65
0011110010000100100101000010001111111001110000010100011100100010100110 1.99817408e8
runproj limit: 0.65
0101101000001100010001101100000101110001000011011111111101000011010100 1.9784428e8
runproj limit: 0.65
0010100010011000100001100001110100101011011001010001110100101000010101 1.69725528e8
runproj limit: 0.65
0010000000101000010001001000100000101010100001011000010010000010100000 1.97692768e8
runproj limit: 0.65
0010100000101000010001000000100000101010100101010000010010000010100100 1.97692808e8
runproj limit: 0.65
0001000001001101000001101000000000101001001001011100111100110000010100 1.9779252e8
runproj limit: 0.65
0010010000101100000001101000000000101010101001011000010100010000100000 1.97807576e8
runproj limit: 0.65
1000110110101000010001000011100001111111011110011110000100010010100101 1.97811768e8
runproj limit: 0.65
0011000000001101000001101000000000101000001001011000011100110000110100 1.9781288e8
best: 0.5129811187266586
runproj limit: 0.65
0000000000101000010001000000100000100010100100010000010000000000100100 1.97749968e8
runproj limit: 0.65
0010100000001000000001101000100000101000001001010001111100111000010101 1.9781288e8
runproj limit: 0.65
0010100010110000010001000000000000101010100001001001000110000010000001 1.69748824e8
runproj limit: 0.65
1010100110101000110001000001100001101011011000010011010100000000100101 1.99588064e8
runproj limit: 0.65
0000000010001010001001000000110001101000001001011011011001111000010100 2.45294448e8
runproj limit: 0.65
0010010000011000000001101001100000101010011001010000110100100000100101 1.70075728e8
runproj limit: 0.65
0001100011101000000001101000000001101101001001011100111100110000010100 1.97649112e8
runproj limit: 0.65
0010000000101100000001001000100000101000001001011000011110000010110100 1.976858e8
runproj limit: 0.65
0000100001111000000010100001111000001001100111010001010001100011101000 3.21862696e8
runproj limit: 0.65
1000000110000011010000001000100000100100110111011100001011000010100000 3.26006336e8
runproj limit: 0.65
0111111000001001011001101000111000110111010001111011011001011100010100 2.43494328e8
runproj limit: 0.65
0000100000101011000100001000111000111010100000010100010010100010000100 3.26022624e8
runproj limit: 0.65
1000000000111001110101001001101001101110110101011011110010000110100101 1.69736608e8
runproj limit: 0.65
0010100010011000100001100001110100101011011001010001110100101000010101 1.69725528e8
runproj limit: 0.65
0010100010110000000001100000010000101000100001001001000110100010010001 1.69748744e8
runproj limit: 0.65
0010100000101000010001100000100000101000101101010000010000100010100100 1.97649112e8
runproj limit: 0.65
0000000000101100010001001000100001100110100100010000010010000000001000 1.97692768e8
runproj limit: 0.65
0010000000101000010001001000100000101010100001011000010010000010100000 1.97692768e8
runproj limit: 0.65
0010100000101000010001000000100000101010100101010000010010000010100100 1.97692808e8
runproj limit: 0.65
0001000001001101000001101000000000101001001001011100111100110000010100 1.9779252e8
best: 0.5129811187266586
runproj limit: 0.65
0000000000101000010001000000101001100110110101011001110000000110100100 1.97692808e8
runproj limit: 0.65
0000000000001001000101101001001000101110101101011011111000100010010101 1.97764056e8
runproj limit: 0.65
1010000000101001110001100000101001101000111101011000110000000110100100 1.99583872e8
runproj limit: 0.65
0010100010111000100001000001110001101011011001010011110100101000110101 1.69725608e8
runproj limit: 0.65
0010100000111000010001000000000000101010100001011001010110000010000001 1.69748824e8
runproj limit: 0.65
1010100000001001010101101000101001101000011101010011111110000110100101 1.9781288e8
runproj limit: 0.65
1010100000111001100101100001100000101011110101011001110000000010100101 1.6972028e8
runproj limit: 0.65
0000100000111001110001101001101000101110000001011001111000000110010101 1.69765072e8
runproj limit: 0.65
0010100011011011010001100000110100000000111011001001111101011010111110 1.69949392e8
runproj limit: 0.65
0010011100101000001101001000001100000010110000111000010001000000111100 2.37514056e8
runproj limit: 0.65
1110001011100100000001111000010011100000111011011101011100001001100110 1.97653184e8
runproj limit: 0.65
1010110000100000101001010010110001110111000101000001110100000000010001 2.45340304e8
runproj limit: 0.65
0001001001000101110011101111101100100001101001011110110001101100011000 1.99608344e8
runproj limit: 0.65
0010100010011000100001100001110100101011011001010001110100101000010101 1.69725528e8
runproj limit: 0.65
1000000000111001110101001001101001101110110101011011110010000110100101 1.69736608e8
runproj limit: 0.65
0010100010110000000001100000010000101000100001001001000110100010010001 1.69748744e8
runproj limit: 0.65
0010100010110000010001000000000000101010100001001001000110000010000001 1.69748824e8
runproj limit: 0.65
0010010000011000000001101001100000101010011001010000110100100000100101 1.70075728e8
runproj limit: 0.65
0001100011101000000001101000000001101101001001011100111100110000010100 1.97649112e8
runproj limit: 0.65
0010100000101000010001100000100000101000101101010000010000100010100100 1.97649112e8
best: 0.512965257088502
runproj limit: 0.65
0010100000111000110101001000000000101110100101011001010010000010100101 1.69732496e8
runproj limit: 0.65
0010100010101001000101101001111001101011011001010011111100100010110101 1.97669512e8
runproj limit: 0.65
1010100000101001100001100001101001101010110101011000110000000110100100 1.996316e8
runproj limit: 0.65
0010100010111000110001000000100000101011000001010001010110100010100001 1.69756968e8
runproj limit: 0.65
0000000000111001110001001001101001101110110101011001110010000110100100 1.69736608e8
runproj limit: 0.65
1010001010110000000001111000010011101000110001001101001100100001100000 1.69752816e8
runproj limit: 0.65
1000100000111001110101101001100001101011110101011011110000000110100101 1.6972028e8
runproj limit: 0.65
0010100010001000110001100000100100101001101001010001010100101010110100 1.99567584e8
runproj limit: 0.65
1001111011011000010101101001100000111010001100010010111100110000100101 1.70075728e8
runproj limit: 0.65
1011000010011001110001100000100010100000111100110000010000001111100100 1.6970924e8
runproj limit: 0.65
1001001000110001100101001001101101000110111101011001110011001110101101 1.69692992e8
runproj limit: 0.65
0010101011101010000011000100010100101100110010000001001110100100001001 1.9961124e8
runproj limit: 0.65
0010100010101110001001001101111001101010011000011110110100110000111011 2.39273952e8
runproj limit: 0.65
1010100000111001100101100001100000101011110101011001110000000010100101 1.6972028e8
runproj limit: 0.65
0010100010011000100001100001110100101011011001010001110100101000010101 1.69725528e8
runproj limit: 0.65
0010100010111000100001000001110001101011011001010011110100101000110101 1.69725608e8
runproj limit: 0.65
1000000000111001110101001001101001101110110101011011110010000110100101 1.69736608e8
runproj limit: 0.65
0010100010110000000001100000010000101000100001001001000110100010010001 1.69748744e8
runproj limit: 0.65
0010100000111000010001000000000000101010100001011001010110000010000001 1.69748824e8
runproj limit: 0.65
0010100010110000010001000000000000101010100001001001000110000010000001 1.69748824e8
best: 0.5128827814059529
runproj limit: 0.65
1000100000111001110001001001001000101010110001011011010010000010100001 1.69752896e8
runproj limit: 0.65
1011000010011001110001100000100010100000111100110000010000001111100100 1.6970924e8
runproj limit: 0.65
1011000010011001110001100000100010100000111100110000010000001111100100 1.6970924e8
runproj limit: 0.65
1000100000111001100101100001100001101011110101010011110000100100110101 1.6972028e8
runproj limit: 0.65
1010000000111001110101000001101001101110110101011011110000000110100100 1.69736648e8
runproj limit: 0.65
1010000010010001110001110000000011100000111100010000000100000011100000 1.697092e8
runproj limit: 0.65
1010100010111000000001000000010001101001010001001011000100101001110001 1.6974068e8
runproj limit: 0.65
1010100000111000100001000001000101100110100101011001010011000010000001 1.69736648e8
runproj limit: 0.65
1110111010110010101000010001010101101000110001101001011000000011100010 3.83391336e8
runproj limit: 0.65
1001011011011000110111101001100000111010000100010010111101010000100111 1.69903584e8
runproj limit: 0.65
1000110000110111111101011011010111101011110101111001110100100111101001 2.20130536e8
runproj limit: 0.65
1000100100101010010101011001000100101101001101011001010100001000000101 1.99587984e8
runproj limit: 0.65
1010110011111010100000001000010100000011100101011001101110100110110111 3.37850784e8
runproj limit: 0.65
1001001000110001100101001001101101000110111101011001110011001110101101 1.69692992e8
runproj limit: 0.65
1011000010011001110001100000100010100000111100110000010000001111100100 1.6970924e8
runproj limit: 0.65
1000100000111001110101101001100001101011110101011011110000000110100101 1.6972028e8
runproj limit: 0.65
1010100000111001100101100001100000101011110101011001110000000010100101 1.6972028e8
runproj limit: 0.65
0010100010011000100001100001110100101011011001010001110100101000010101 1.69725528e8
runproj limit: 0.65
0010100010111000100001000001110001101011011001010011110100101000110101 1.69725608e8
runproj limit: 0.65
0010100000111000110101001000000000101110100101011001010010000010100101 1.69732496e8
best: 0.5128827814059529
runproj limit: 0.65
1000100100111011010101100001000001101101000101010011010000100100100101 1.69744712e8
runproj limit: 0.65
1010000010011001110001100000100011100000111100010000000000001011100100 1.6970924e8
runproj limit: 0.65
1011000000111001110001101001100101100110111101111001110010001111101101 1.69692952e8
runproj limit: 0.65
1000100000111001110101110000100011101011111101010010010100100100100000 1.69676624e8
runproj limit: 0.65
1010100000111001100101000001101000101010110101011001110000000110100100 1.69752936e8
runproj limit: 0.65
1001101000110101110101011011001101101010110101011001110001101111101001 1.69752856e8
runproj limit: 0.65
1000100000101010010101001001001000101101010101011001010000000100000100 1.99623496e8
runproj limit: 0.65
0010000010010000110001110001000111101000011101010000110100101001010000 1.69745848e8
runproj limit: 0.65
1001010010010001110000111010010011100000010000010010000000001011100001 3.37952544e8
runproj limit: 0.65
0011001011010101100001100110100010110100111100001000110001001110100100 1.6970924e8
runproj limit: 0.65
1000100010111001110111000100101001100101110001011001110100010100100100 1.69716248e8
runproj limit: 0.65
1000110000100001101111100101010001111110010101011000011001010000101000 2.50210288e8
runproj limit: 0.65
0110001010111110010011100101100010000001101000110000010000101110100110 1.697296e8
runproj limit: 0.65
1001001000110001100101001001101101000110111101011001110011001110101101 1.69692992e8
runproj limit: 0.65
1010000010010001110001110000000011100000111100010000000100000011100000 1.697092e8
runproj limit: 0.65
1011000010011001110001100000100010100000111100110000010000001111100100 1.6970924e8
runproj limit: 0.65
1000100000111001100101100001100001101011110101010011110000100100110101 1.6972028e8
runproj limit: 0.65
1000100000111001110101101001100001101011110101011011110000000110100101 1.6972028e8
runproj limit: 0.65
1010100000111001100101100001100000101011110101011001110000000010100101 1.6972028e8
runproj limit: 0.65
0010100010011000100001100001110100101011011001010001110100101000010101 1.69725528e8
best: 0.5128333105040193
done evolving!
"all is well:)"
>>>>>>>>>>>>>>FINISH OPTIMIZATION>>>>>>>>>>>>>>>
519.57user 247.22system 13:48.24elapsed 92%CPU (0avgtext+0avgdata 109600maxresident)k
1082560inputs+1451416outputs (580major+64052407minor)pagefaults 0swaps
