Optimizing /h/ywang30/nofib/real/maillist
>>>>>>>>>>>>>>>START OPTIMIZATION>>>>>>>>>>>>>>>
pop: 13
gens: 15
arch: 7
limit is: 0.84
runproj limit: 0.84
"All is well :D"
Basetime is: 9.056236e7
runproj limit: 0.84
000000000000000000000000000000000000000000000000000 9.056236e7
runproj limit: 0.84
001000000010000000010000000000110000000000000000000 9.056236e7
runproj limit: 0.84
000000000001000000100000100110100000000000001100000 9.0562336e7
runproj limit: 0.84
000000000000000000000000000000000000000000000000000 9.056244e7
runproj limit: 0.84
000000000000000000000000010001100000000010010000011 9.056244e7
runproj limit: 0.84
001000001001000000000001000010000000000000000000100 9.0562336e7
runproj limit: 0.84
100000000000000000000000001100010101000010000001000 9.056236e7
runproj limit: 0.84
000000000000000000000000000000000000000000000000000 9.056236e7
runproj limit: 0.84
000010000000000000000010000010000000000000000000010 9.056236e7
runproj limit: 0.84
001000000000000000000000100000000011000010000000000 9.056244e7
runproj limit: 0.84
000000000000000000000000000000000000000000000000000 9.056236e7
runproj limit: 0.84
000010000000100000000001000000010000000000100000000 9.0562512e7
runproj limit: 0.84
000000000000000000000000000000000000000000000000000 9.056236e7
best: 0.9999997349892383
runproj limit: 0.84
000000000000000000100000000011100000000010001100010 9.056236e7
runproj limit: 0.84
000000000001000000000000100110010000000000001100000 9.0562336e7
runproj limit: 0.84
001000001001000000000001000010000000000000000000100 9.0562336e7
runproj limit: 0.84
000000000000000000000000100000100000000000000100000 9.056236e7
runproj limit: 0.84
101000000000000000010000001100010001000010000000000 9.056236e7
runproj limit: 0.84
100010000000000000000010000110010101000000000001010 9.056244e7
runproj limit: 0.84
000000000000000000000000000000000000000000000000000 9.056244e7
runproj limit: 0.84
100000000000000000000010000100000101000010000001010 9.056236e7
runproj limit: 0.84
000000000000110010100001000110000000001000001000010 9.0562584e7
runproj limit: 0.84
000001000000100101100110010001110111100010000101001 9.0562592e7
runproj limit: 0.84
010011001100011001110000010100000001001000000100000 9.056236e7
runproj limit: 0.84
011001000001100001010011000100001000000000000000010 9.0562488e7
runproj limit: 0.84
011001010011000001100000100010100010001000001001111 9.0562336e7
runproj limit: 0.84
000000000001000000100000100110100000000000001100000 9.0562336e7
runproj limit: 0.84
001000001001000000000001000010000000000000000000100 9.0562336e7
runproj limit: 0.84
000000000000000000000000000000000000000000000000000 9.056236e7
runproj limit: 0.84
001000000010000000010000000000110000000000000000000 9.056244e7
runproj limit: 0.84
100000000000000000000000001100010101000010000001000 9.056236e7
runproj limit: 0.84
000010000000000000000010000010000000000000000000010 9.056244e7
runproj limit: 0.84
000000000000000000000000010001100000000010010000011 9.056236e7
best: 0.9999997349892383
runproj limit: 0.84
011001000010000000100000000000100000001000001001000 9.056236e7
runproj limit: 0.84
011000000001000000100001100010100000001000001000110 9.0562416e7
runproj limit: 0.84
000001001000001001110000010000110001001000000100000 9.056236e7
runproj limit: 0.84
001000001001000000000000100010000000000000000000100 9.0562336e7
runproj limit: 0.84
000000001001000000000001000010000000000000001100000 9.0562336e7
runproj limit: 0.84
000000010011000001000000100010100000000000000001110 9.0562336e7
runproj limit: 0.84
001001001000010001110001010110000000001000000000000 9.056244e7
runproj limit: 0.84
000000000000100001000000010001110000100000000100001 9.0562512e7
runproj limit: 0.84
000010000000001000010110010010100000000100111001110 9.056236e7
runproj limit: 0.84
000100000000000001101000100010110000001000001010000 9.0539008e7
runproj limit: 0.84
100100000001011100001000000001100000001100010010010 9.0538984e7
runproj limit: 0.84
010101000100010111011011100100001111101000010100000 9.0539008e7
runproj limit: 0.84
000101000001010110100110110101000110110001011100000 9.0562392e7
runproj limit: 0.84
000000000001000000000000100110010000000000001100000 9.0562336e7
runproj limit: 0.84
001000001001000000000001000010000000000000000000100 9.0562336e7
runproj limit: 0.84
011001010011000001100000100010100010001000001001111 9.0562336e7
runproj limit: 0.84
000000000001000000100000100110100000000000001100000 9.0562336e7
runproj limit: 0.84
000000000000000000100000000011100000000010001100010 9.056236e7
runproj limit: 0.84
000000000000000000000000100000100000000000000100000 9.056236e7
runproj limit: 0.84
101000000000000000010000001100010001000010000000000 9.056244e7
best: 0.9997418795181574
runproj limit: 0.84
000100000000001001010000010010100000000100001010110 9.0562336e7
runproj limit: 0.84
010000000000000100001000100100001010100000000100000 9.0539032e7
runproj limit: 0.84
001000001001000000000001100010100000000000000000000 9.0562336e7
runproj limit: 0.84
001000000001000000000000100110100000000000001000000 9.0562416e7
runproj limit: 0.84
000100000000010101101000000010110000001100010010010 9.0539008e7
runproj limit: 0.84
000000010011000001000001000010100000000000000001100 9.0562416e7
runproj limit: 0.84
010011000001000001000000000010100000001100101001110 9.0562336e7
runproj limit: 0.84
001000000001000000000000100011100000000000000000110 9.0562416e7
runproj limit: 0.84
000000000000000000100000001011101000000011001100010 9.056236e7
runproj limit: 0.84
001011000010100000100100000110100010000010011001000 9.0562584e7
runproj limit: 0.84
011100000100010110101000100010110000101000011010100 9.0539008e7
runproj limit: 0.84
100000010001011000001110011001110000101000010110010 9.0539008e7
runproj limit: 0.84
010001000000000010011010110111111010101000010100000 9.0539032e7
runproj limit: 0.84
100100000001011100001000000001100000001100010010010 9.0538984e7
runproj limit: 0.84
000100000000000001101000100010110000001000001010000 9.0539008e7
runproj limit: 0.84
010101000100010111011011100100001111101000010100000 9.0539088e7
runproj limit: 0.84
001000001001000000000000100010000000000000000000100 9.0562336e7
runproj limit: 0.84
000000001001000000000001000010000000000000001100000 9.0562416e7
runproj limit: 0.84
000000010011000001000000100010100000000000000001110 9.0562336e7
runproj limit: 0.84
000000000001000000000000100110010000000000001100000 9.0562336e7
best: 0.9997418795181574
runproj limit: 0.84
000100000000000100101000000100100000101000000110010 9.0539088e7
runproj limit: 0.84
010010000001000000000000100110000000001100101001000 9.0562336e7
runproj limit: 0.84
100100000001011100001000000001100000001100010010010 9.0539064e7
runproj limit: 0.84
001000000001000000000000100110000000000000001100100 9.0562336e7
runproj limit: 0.84
000101000001010001001000000010100000001100111010110 9.0539064e7
runproj limit: 0.84
000000010010000001000000100010100000000000000001010 9.056236e7
runproj limit: 0.84
100100000000000001101100001011110000101000010010000 9.0539008e7
runproj limit: 0.84
010000001000000000001000100110001010000000000000100 9.0539032e7
runproj limit: 0.84
001100100010010001100100000010001010000110001010110 9.056256e7
runproj limit: 0.84
001111000101000101000100000010100000101100101101000 9.0562312e7
runproj limit: 0.84
000110010000000001100011110010110000001000001010000 9.0562336e7
runproj limit: 0.84
101000011010000010001001000000100000000100000000011 9.0539112e7
runproj limit: 0.84
010100000000001000011110011010101000100000101010111 9.0539008e7
runproj limit: 0.84
100100000001011100001000000001100000001100010010010 9.0539064e7
runproj limit: 0.84
000100000000010101101000000010110000001100010010010 9.0539008e7
runproj limit: 0.84
011100000100010110101000100010110000101000011010100 9.0539008e7
runproj limit: 0.84
100000010001011000001110011001110000101000010110010 9.0539008e7
runproj limit: 0.84
000100000000000001101000100010110000001000001010000 9.0539008e7
runproj limit: 0.84
010000000000000100001000100100001010100000000100000 9.0539032e7
runproj limit: 0.84
010001000000000010011010110111111010101000010100000 9.0539032e7
best: 0.9997421445289191
runproj limit: 0.84
100100000001011000001100001010110000101000010010010 9.0539064e7
runproj limit: 0.84
100001010001011001001100000010110000001100011010110 9.0539008e7
runproj limit: 0.84
000100000000000101101000100010110000001100010010000 9.0539008e7
runproj limit: 0.84
000100000000000001101000100010110000001000001010000 9.0539008e7
runproj limit: 0.84
000101000000000001101000000010110000001000101010110 9.0539008e7
runproj limit: 0.84
000000000001000000000000100110000000000000000100100 9.0562336e7
runproj limit: 0.84
100100000000010101101000001010110000001000010010000 9.0539008e7
runproj limit: 0.84
010000011000000010001010110110111000000100000100010 9.0539032e7
runproj limit: 0.84
011000000000100100011100000100011010100000000110010 9.0539256e7
runproj limit: 0.84
111100000000000010010010110101001010001010001100000 9.0562336e7
runproj limit: 0.84
110001011010110011000000000000101001010001000100010 9.0562592e7
runproj limit: 0.84
010100000000100100001000100010100001000000000100100 9.053916e7
runproj limit: 0.84
010001000000101001001100100110110110101000001101010 9.0539264e7
runproj limit: 0.84
100100000000000001101100001011110000101000010010000 9.0539088e7
runproj limit: 0.84
010100000000001000011110011010101000100000101010111 9.0539008e7
runproj limit: 0.84
000100000000010101101000000010110000001100010010010 9.0539008e7
runproj limit: 0.84
011100000100010110101000100010110000101000011010100 9.0539008e7
runproj limit: 0.84
100000010001011000001110011001110000101000010110010 9.0539008e7
runproj limit: 0.84
000100000000000001101000100010110000001000001010000 9.0537352e7
runproj limit: 0.84
010000001000000000001000100110001010000000000000100 9.0539112e7
best: 0.9997238587863656
runproj limit: 0.84
011100000100000101101000100010110000101000101010110 9.0539088e7
runproj limit: 0.84
011000000000100101101100100010110110101000011010010 9.0539336e7
runproj limit: 0.84
100100000000000001101000100010110000001000010010000 9.0539008e7
runproj limit: 0.84
010000001000000000001000100110001010000000000000100 9.0539032e7
runproj limit: 0.84
100100010000011001101100000010110000001100011010010 9.0539008e7
runproj limit: 0.84
000100000000010001101000000010110000001100001010000 9.0539008e7
runproj limit: 0.84
000100000000011000001110001010110000100000000010011 9.0539008e7
runproj limit: 0.84
010101000000001000111100011010111000101000101010111 9.0539088e7
runproj limit: 0.84
010001000000111011100000111110110010011101111011000 9.0562584e7
runproj limit: 0.84
011110111001110000001000001010110010101001110100100 9.0539208e7
runproj limit: 0.84
100110010001011001001111011011110000101100011010110 9.0539064e7
runproj limit: 0.84
100110000110000001100000010000111100001000110010100 9.0562336e7
runproj limit: 0.84
010000011010010010001111101010111001100110001110011 9.0539032e7
runproj limit: 0.84
000100000000000001101000100010110000001000001010000 9.0539008e7
runproj limit: 0.84
100001010001011001001100000010110000001100011010110 9.0539088e7
runproj limit: 0.84
000100000000000101101000100010110000001100010010000 9.0539008e7
runproj limit: 0.84
000101000000000001101000000010110000001000101010110 9.0539008e7
runproj limit: 0.84
100100000000010101101000001010110000001000010010000 9.0539088e7
runproj limit: 0.84
010100000000001000011110011010101000100000101010111 9.0539008e7
runproj limit: 0.84
000100000000010101101000000010110000001100010010010 9.0539088e7
best: 0.9997421445289191
runproj limit: 0.84
000101000000000000101100001010110000101000001010010 9.0539008e7
runproj limit: 0.84
000100010000001001101100011010110000001000101010011 9.0539008e7
runproj limit: 0.84
100100010000011001101000000010110000001000001010010 9.0539008e7
runproj limit: 0.84
011110101000000000001000011010101000101000110110111 9.053916e7
runproj limit: 0.84
100001010000001000001110011010110000101100111010110 9.0539032e7
runproj limit: 0.84
000101000000001000101100001010110000101000100010011 9.0539088e7
runproj limit: 0.84
010011111001010000001100000010110000001000011000100 9.0539232e7
runproj limit: 0.84
100100000000001001101000000010110000001100011010000 9.0539008e7
runproj limit: 0.84
000111000001010001101100011010110110001010001010000 9.0538984e7
runproj limit: 0.84
101000001000000001010000001110001010001001000010100 9.056236e7
runproj limit: 0.84
101100011000000001101000001110110101011111000110001 9.0539008e7
runproj limit: 0.84
011000111000010000101010101000001010010000001110100 9.0539256e7
runproj limit: 0.84
000110010101011111001111010010010000101101011100110 9.0538984e7
runproj limit: 0.84
100100000000000001101000100010110000001000010010000 9.0539008e7
runproj limit: 0.84
100100010000011001101100000010110000001100011010010 9.0539088e7
runproj limit: 0.84
000100000000010001101000000010110000001100001010000 9.0539008e7
runproj limit: 0.84
000100000000011000001110001010110000100000000010011 9.0539008e7
runproj limit: 0.84
000100000000000001101000100010110000001000001010000 9.0539008e7
runproj limit: 0.84
000100000000000101101000100010110000001100010010000 9.0539008e7
runproj limit: 0.84
000101000000000001101000000010110000001000101010110 9.0539008e7
best: 0.9997418795181574
runproj limit: 0.84
000100000000001000001100101010110000100000000010010 9.0539008e7
runproj limit: 0.84
000100000000001000001100001010110000101000000010011 9.0539088e7
runproj limit: 0.84
100110010101011101101100010010110000101101011000110 9.0539064e7
runproj limit: 0.84
000100010000001001101100011010110000001000101010011 9.0539008e7
runproj limit: 0.84
100100010000010001101000000010110000001100001010010 9.0539008e7
runproj limit: 0.84
000101000001001101001110011010110000101000011000010 9.0538984e7
runproj limit: 0.84
100100010000000001101100001110110100001010001010000 9.0539088e7
runproj limit: 0.84
101100001000000101101000101010110101011110010110001 9.0539088e7
runproj limit: 0.84
000110000000101101101000100000110000000100011101010 9.0539312e7
runproj limit: 0.84
101100111000011001101000000101010101011101010011001 9.053924e7
runproj limit: 0.84
100000011001011001101000000101100000001001001010110 9.0539008e7
runproj limit: 0.84
100101000010100001111001100111100110000000011010100 9.053916e7
runproj limit: 0.84
000100010000101100001100000100111001100001100011010 9.053916e7
runproj limit: 0.84
000111000001010001101100011010110110001010001010000 9.0538984e7
runproj limit: 0.84
000110010101011111001111010010010000101101011100110 9.0539064e7
runproj limit: 0.84
000101000000000000101100001010110000101000001010010 9.0539088e7
runproj limit: 0.84
000100010000001001101100011010110000001000101010011 9.0539008e7
runproj limit: 0.84
100100010000011001101000000010110000001000001010010 9.0539088e7
runproj limit: 0.84
100100000000001001101000000010110000001100011010000 9.0539008e7
runproj limit: 0.84
101100011000000001101000001110110101011111000110001 9.0539088e7
best: 0.9997418795181574
runproj limit: 0.84
001100000001000001101000101010110110011010010110000 9.0538984e7
runproj limit: 0.84
101100010000000001101000000110110100001101000010001 9.0539008e7
runproj limit: 0.84
000100000000001000001100101010110000100000000010010 9.0539008e7
runproj limit: 0.84
000100000000000000101000001010110000101100011010010 9.0539008e7
runproj limit: 0.84
100010011001111001101000100001110000000100011011010 9.0539232e7
runproj limit: 0.84
000110010101011101001101001010010000100001010000110 9.0539064e7
runproj limit: 0.84
100100010000010001101000000010110000001100001010010 9.0539088e7
runproj limit: 0.84
000101000001001001101000011010110010001010011010000 9.0538984e7
runproj limit: 0.84
010100000000000001001110000110100110001110100001101 9.0539088e7
runproj limit: 0.84
101001011001010011011010000001100100101001001010111 9.0539008e7
runproj limit: 0.84
101000011000011011111100011000110000001011011000111 9.0539032e7
runproj limit: 0.84
100010011110110011111000101010001101000101001110010 9.0539256e7
runproj limit: 0.84
010111100100000101101100011010100101001000100010011 9.053916e7
runproj limit: 0.84
000101000001001101001110011010110000101000011000010 9.0539064e7
runproj limit: 0.84
000111000001010001101100011010110110001010001010000 9.0538984e7
runproj limit: 0.84
000100000000001000001100101010110000100000000010010 9.0539008e7
runproj limit: 0.84
000100010000001001101100011010110000001000101010011 9.0539088e7
runproj limit: 0.84
100100010000010001101000000010110000001100001010010 9.0539008e7
runproj limit: 0.84
100000011001011001101000000101100000001001001010110 9.0539008e7
runproj limit: 0.84
100100000000001001101000000010110000001100011010000 9.0539008e7
best: 0.9997418795181574
runproj limit: 0.84
000100000101011101001001001010110000001000010000100 9.0538984e7
runproj limit: 0.84
000100000000001101101010001010110000001100011000010 9.0539088e7
runproj limit: 0.84
100100011000010001101100011000110010001011001010001 9.0539008e7
runproj limit: 0.84
101000010001010001101000001001100000011011010010000 9.0539088e7
runproj limit: 0.84
101000011000010011001010000001110100001101001010011 9.0539112e7
runproj limit: 0.84
000100000001001001001100001010110000001100001000010 9.0538984e7
runproj limit: 0.84
000100010000001001101000011010110000001100001010011 9.0539088e7
runproj limit: 0.84
000101000001000001101000011010110110001000011010000 9.0538984e7
runproj limit: 0.84
001111000100010000100000011111010100001110100010000 9.0562416e7
runproj limit: 0.84
101111011011111101101000011010110110110011010010010 9.0539216e7
runproj limit: 0.84
000101000001010101001000111001000010000011011100010 9.0538984e7
runproj limit: 0.84
001100000000000101011000001011010001100000010110000 9.0539008e7
runproj limit: 0.84
100101000000011111111000011110010010101011011110101 9.0539008e7
runproj limit: 0.84
001100000001000001101000101010110110011010010110000 9.0538984e7
runproj limit: 0.84
000101000001001001101000011010110010001010011010000 9.0538984e7
runproj limit: 0.84
000111000001010001101100011010110110001010001010000 9.0539064e7
runproj limit: 0.84
101100010000000001101000000110110100001101000010001 9.0539008e7
runproj limit: 0.84
000100000000001000001100101010110000100000000010010 9.0539088e7
runproj limit: 0.84
000100000000000000101000001010110000101100011010010 9.0539088e7
runproj limit: 0.84
101001011001010011011010000001100100101001001010111 9.0539008e7
best: 0.9997418795181574
runproj limit: 0.84
000101000001011101101000001010110000001000010010000 9.0538984e7
runproj limit: 0.84
000101000001010101011000111100000010001011011110001 9.0539064e7
runproj limit: 0.84
100101000001011111101100011010010010101011001110100 9.0538984e7
runproj limit: 0.84
001100000001000101011000001010010001101010010110000 9.0539064e7
runproj limit: 0.84
000100010000010001101000001000110000001111001010010 9.0539008e7
runproj limit: 0.84
100101000001011101011000111001000010100011011110001 9.0539064e7
runproj limit: 0.84
100101000000011101111000111110010010001011011110100 9.0539088e7
runproj limit: 0.84
000100000000011111101010011110010010001000011100110 9.0539088e7
runproj limit: 0.84
001100000101001110101000101110110100110100011111100 9.0538984e7
runproj limit: 0.84
000111110000000001011000101000000010001101001100110 9.053924e7
runproj limit: 0.84
110101101101100001101011011001111010101011010010010 9.0539216e7
runproj limit: 0.84
101101001010100001001011100110100011101011100111000 9.053924e7
runproj limit: 0.84
000101100001110110000000100111110010100001011100011 9.0562464e7
runproj limit: 0.84
000100000101011101001001001010110000001000010000100 9.0538984e7
runproj limit: 0.84
000100000001001001001100001010110000001100001000010 9.0538984e7
runproj limit: 0.84
000101000001000001101000011010110110001000011010000 9.0538984e7
runproj limit: 0.84
000101000001010101001000111001000010000011011100010 9.0538984e7
runproj limit: 0.84
001100000001000001101000101010110110011010010110000 9.0538984e7
runproj limit: 0.84
000101000001001001101000011010110010001010011010000 9.0538984e7
runproj limit: 0.84
100100011000010001101100011000110010001011001010001 9.0539008e7
best: 0.9997418795181574
runproj limit: 0.84
001100000001001101101000001110110100000100001111110 9.0539064e7
runproj limit: 0.84
000100000001010101011000111010000001101011010110001 9.0538984e7
runproj limit: 0.84
100101000001011101101000011110010010101011011110100 9.0539064e7
runproj limit: 0.84
000101000001010001001000101011110000000101001000010 9.0538984e7
runproj limit: 0.84
000100000001001001101000101010110100001010010010000 9.0538984e7
runproj limit: 0.84
000101000001000101111000111100000010001011011110000 9.0538984e7
runproj limit: 0.84
000101000001011101101000001010110000001000010000010 9.0538984e7
runproj limit: 0.84
100100000100011001101001011000110010001011010010100 9.0539008e7
runproj limit: 0.84
100010101101000000111000101010110111011011000010001 9.053924e7
runproj limit: 0.84
100001001010011111101100011010111110001011001000000 9.0539112e7
runproj limit: 0.84
000000100001101000001100001010100010101100101000011 9.053916e7
runproj limit: 0.84
000101100100101001100010001010100110011001010110100 9.056256e7
runproj limit: 0.84
001100000000011111111000111010110001101110010010110 9.0539088e7
runproj limit: 0.84
000101000001011101101000001010110000001000010010000 9.0539064e7
runproj limit: 0.84
100101000001011111101100011010010010101011001110100 9.0538984e7
runproj limit: 0.84
001100000101001110101000101110110100110100011111100 9.0539064e7
runproj limit: 0.84
000100000101011101001001001010110000001000010000100 9.0539064e7
runproj limit: 0.84
000100000001001001001100001010110000001100001000010 9.0539064e7
runproj limit: 0.84
000101000001000001101000011010110110001000011010000 9.0539064e7
runproj limit: 0.84
000101000001010101001000111001000010000011011100010 9.0538984e7
best: 0.9997418795181574
runproj limit: 0.84
000100000101011101001001011010110110001000011000000 9.0538984e7
runproj limit: 0.84
100101000001011111101000011010110010101011001000000 9.0538984e7
runproj limit: 0.84
000100000001011101011000111010000001101010010010001 9.0539064e7
runproj limit: 0.84
000101000001001110101000101010110000001000010001110 9.0538984e7
runproj limit: 0.84
000101000001011101101001011110110010001000010010100 9.0538984e7
runproj limit: 0.84
000100000001010101011000111010000001101011010110001 9.0538984e7
runproj limit: 0.84
001101000101001101101000101100000100101100011110000 9.0538984e7
runproj limit: 0.84
000101000001001001101000001010110110001010011010000 9.0539064e7
runproj limit: 0.84
010110000001001111011110011000011010001011011100010 9.0538984e7
runproj limit: 0.84
100000101101000010110000101010110111011011100010001 9.0562488e7
runproj limit: 0.84
000100000001100101001011000001101000001000010010011 9.0539208e7
runproj limit: 0.84
101101010000011101011001011101010010011101101100010 9.0539088e7
runproj limit: 0.84
000100000111010111101010111100010000001000111110000 9.0538984e7
runproj limit: 0.84
000100000001010101011000111010000001101011010110001 9.0539064e7
runproj limit: 0.84
000101000001010001001000101011110000000101001000010 9.0539064e7
runproj limit: 0.84
000100000001001001101000101010110100001010010010000 9.0538984e7
runproj limit: 0.84
000101000001000101111000111100000010001011011110000 9.0538984e7
runproj limit: 0.84
000101000001011101101000001010110000001000010000010 9.0538984e7
runproj limit: 0.84
100101000001011111101100011010010010101011001110100 9.0538984e7
runproj limit: 0.84
000101000001010101001000111001000010000011011100010 9.0539064e7
best: 0.9997418795181574
runproj limit: 0.84
000101000001001111011100101000011000001011010101110 9.0538984e7
runproj limit: 0.84
000100000001011101011000111010000001101010010010001 9.0538984e7
runproj limit: 0.84
000100000001001001101000101010110100001010010010000 9.0539064e7
runproj limit: 0.84
001101000001001101001000101000000000101110011110000 9.0539064e7
runproj limit: 0.84
000100000101010101011001011000100010001010011010000 9.0539064e7
runproj limit: 0.84
011111000001001111111100001000000010001101011110010 9.0539064e7
runproj limit: 0.84
000111000001011111101001011100111010001010011010110 9.0539064e7
runproj limit: 0.84
000101000001001101101000101010110100001000010000010 9.0538984e7
runproj limit: 0.84
001001000001010101011100010011000001101001100110000 9.0539008e7
runproj limit: 0.84
100101100101110100111000100100000011011011011101100 9.0539208e7
runproj limit: 0.84
011100001001001111010110001100011010100111001100011 9.0562392e7
runproj limit: 0.84
001100000000100101010000101111000111011101011110000 9.0562488e7
runproj limit: 0.84
111001100111010011100000111000000110101001001110000 9.0562568e7
runproj limit: 0.84
000100000101011101001001011010110110001000011000000 9.0539064e7
runproj limit: 0.84
100101000001011111101000011010110010101011001000000 9.0538984e7
runproj limit: 0.84
000101000001001110101000101010110000001000010001110 9.0538984e7
runproj limit: 0.84
000101000001011101101001011110110010001000010010100 9.0538984e7
runproj limit: 0.84
000100000001010101011000111010000001101011010110001 9.0538984e7
runproj limit: 0.84
001101000101001101101000101100000100101100011110000 9.0538984e7
runproj limit: 0.84
010110000001001111011110011000011010001011011100010 9.0538984e7
best: 0.9997418795181574
done evolving!
"all is well:)"
>>>>>>>>>>>>>>FINISH OPTIMIZATION>>>>>>>>>>>>>>>
509.20user 385.64system 23:43.69elapsed 62%CPU (0avgtext+0avgdata 135580maxresident)k
1051760inputs+8500200outputs (423major+63583767minor)pagefaults 0swaps
