Optimizing /h/ywang30/nofib/shootout/n-body
>>>>>>>>>>>>>>>START OPTIMIZATION>>>>>>>>>>>>>>>
pop: 13
gens: 15
arch: 7
limit is: 2.38
runproj limit: 2.38
"All is well :D"
Basetime is: 1.60017796e9
runproj limit: 2.38
0100101010000001010111000001000100000000000010000000001001000000101000000010011000000000000000100000000000000100000000100 1.60017796e9
runproj limit: 2.38
0010101010100001010001000001001000000000000000000000000001000001001000000000000000000000000000100000000000100000001000000 1.60018004e9
runproj limit: 2.38
0000101010010001011101001000101100000000000011000001000011000000000000000000100000100000000000100001000000100001000100110 1.60017812e9
runproj limit: 2.38
0000101010000001010101000001000100000000000000000000000001000000000000000000000000000000000000100000000000000000000000000 1.60017796e9
runproj limit: 2.38
0000101010000001010101000101011100000000100100000110000001000000000000000000000000000000010001100100000000000000000000000 1.60017796e9
runproj limit: 2.38
0010101000010001010101010001100100000000000000001000000001000000110000000100000000001000000000110100000000000001000001001 1.60017796e9
runproj limit: 2.38
0000101010000001010101000001000100000000000000000000000001000000000000000000000000000000000000100000000000000000000000000 1.60017796e9
runproj limit: 2.38
0100101010001101010101100001000100000000000000100000010001001010000000000000000000010011000010100100000001000000001010000 1.60017796e9
runproj limit: 2.38
0000101010000001010101000001000100000000000000000000000001000000000000000000000000000000000000100000000000000000000000000 1.60017796e9
runproj limit: 2.38
0000101010000001010101000001000100000000000000000000000001000000000000000000000000000000000000100000000000000000000000000 1.60017796e9
runproj limit: 2.38
0000101010000001010101000001000100000000000000000000000001000000000000000000000000000000000000100000000000000000000000000 1.60017796e9
runproj limit: 2.38
0000001010001001010101010001000000000000001000000000000001000000010000001000000000000000000000100000010000100000000000000 1.60017796e9
runproj limit: 2.38
0000101010000001010101000001000100000000000000000000000001000000000000000000000000000000000000100000000000000000000000000 1.60017796e9
best: 1.0
runproj limit: 2.38
0000101010000001010101000001010100000000100000000100000001000000000000000000000000000000010001100000000000000000000000000 1.60017796e9
runproj limit: 2.38
0000101010010001010101001000100100000000000011000001000001000000000000000000000000000000000000100001000000000000000100110 1.60017812e9
runproj limit: 2.38
0110101000010001010101010001000100000000000000000000000001000000100000000100011000001000000000100000000000000100000001100 1.60017796e9
runproj limit: 2.38
0000101010000001010101000001000100000000000000000000000001000000000000000000000000000000000000100000000000000000000000000 1.60017796e9
runproj limit: 2.38
0000101010000001010101000001000100000000000000000000000001000000000000000000000000000000000000100000000000000000000000000 1.60017796e9
runproj limit: 2.38
0000101010000001010101000001000100000000000000000000000001000000000000000000000000000000000000100000000000000000000000000 1.60017796e9
runproj limit: 2.38
0100101010000001010101000001000100000000000000000000010001001000000000000000000000000010000010100100000000000000001000000 1.60017796e9
runproj limit: 2.38
0000101010000001010101000001000100000000000000000100000001000000000000000000000000000000010001100100000000000000000000000 1.60017796e9
runproj limit: 2.38
0000101010001101111101010000100100000010000010000101011111101000000010001100110000100011000100101001100010101001010100100 1.60017812e9
runproj limit: 2.38
0000111010001000001100100101011001111000100001010010000001010000000000000000000000011010110011000100000100000010000100001 1.60017828e9
runproj limit: 2.38
0000011001000111001011000100000100010010000011000000101101100000101000100000011000101010000100000101100100100100000000101 1.60017796e9
runproj limit: 2.38
0110111010011001000001110000000110000000000000000101010000000110110000010100001000101100000101110110100000111101000100011 1.60018036e9
runproj limit: 2.38
0110111110100001000101000000000100100010000001011111110001000000000000010000000000000001000101011001100001000000001000000 1.60017828e9
runproj limit: 2.38
0100101010000001010111000001000100000000000010000000001001000000101000000010011000000000000000100000000000000100000000100 1.60017796e9
runproj limit: 2.38
0000101010000001010101000001000100000000000000000000000001000000000000000000000000000000000000100000000000000000000000000 1.60017796e9
runproj limit: 2.38
0000101010000001010101000101011100000000100100000110000001000000000000000000000000000000010001100100000000000000000000000 1.60017796e9
runproj limit: 2.38
0010101000010001010101010001100100000000000000001000000001000000110000000100000000001000000000110100000000000001000001001 1.60017796e9
runproj limit: 2.38
0100101010001101010101100001000100000000000000100000010001001010000000000000000000010011000010100100000001000000001010000 1.60017796e9
runproj limit: 2.38
0000001010001001010101010001000000000000001000000000000001000000010000001000000000000000000000100000010000100000000000000 1.60017796e9
runproj limit: 2.38
0000101010010001011101001000101100000000000011000001000011000000000000000000100000100000000000100001000000100001000100110 1.60017812e9
best: 1.0
runproj limit: 2.38
0000101010000001010101000001000100000000000000000000010001001000000000000000000000000010000000100100000000000000001000000 1.60017796e9
runproj limit: 2.38
0110101010000001010101010001000100000010000001001100110001000000100000010000010000001001000001111001100000000100001000000 1.60017796e9
runproj limit: 2.38
0000111000010011001001010101000100010010000011000000000001100000101000000100000000001000000100100101100100100101000000001 1.60018004e9
runproj limit: 2.38
0000101010000001010101000001000100000000000000000000000001000000000000000000000000000000000000100000000000000000000000000 1.60017796e9
runproj limit: 2.38
0100101000010001010111010001000100000000000010000000000001000000101000000100011000000000000000100000000000000100000000100 1.60017796e9
runproj limit: 2.38
0010101010000001010101010001000100000000000000000000000001000000010000000000000000000000000000100100000000000000000000000 1.60017796e9
runproj limit: 2.38
0000111010000101001011000100010100000010100010000100101101000000101000100000011000101000000101000100000000000100000000101 1.60017796e9
runproj limit: 2.38
0000101010001001000101000101011000001000000001000010010001000000000000000000000000010010010011000100000000000000000100001 1.60017812e9
runproj limit: 2.38
0000001010001011010000010101001000000001000110011000000101100000010000111101101100000010000000101000001100010110010010100 1.60018004e9
runproj limit: 2.38
0101101010010001000101000000000000000010000011100000000001100110111100010110011101000100000000001101000100010100101000010 1.60017812e9
runproj limit: 2.38
1101101010010110010111000001011100000011000100100100110110000010101010010000000110011000100011100000001000110001000010000 1.60017828e9
runproj limit: 2.38
0101111011000100100011111000000111111010000101000001000010000010110000111100001000011000000101000001101001101001000110000 1.60017828e9
runproj limit: 2.38
0101111010000100110110100101111101101100010110000000101011000001101101000100000001000000010000000010110101100101000100000 1.60017796e9
runproj limit: 2.38
0000101010000001010101000001010100000000100000000100000001000000000000000000000000000000010001100000000000000000000000000 1.60017796e9
runproj limit: 2.38
0110101000010001010101010001000100000000000000000000000001000000100000000100011000001000000000100000000000000100000001100 1.60017796e9
runproj limit: 2.38
0000101010000001010101000001000100000000000000000000000001000000000000000000000000000000000000100000000000000000000000000 1.60017796e9
runproj limit: 2.38
0100101010000001010101000001000100000000000000000000010001001000000000000000000000000010000010100100000000000000001000000 1.60017796e9
runproj limit: 2.38
0000101010000001010101000001000100000000000000000100000001000000000000000000000000000000010001100100000000000000000000000 1.60017796e9
runproj limit: 2.38
0000011001000111001011000100000100010010000011000000101101100000101000100000011000101010000100000101100100100100000000101 1.60017796e9
runproj limit: 2.38
0100101010000001010111000001000100000000000010000000001001000000101000000010011000000000000000100000000000000100000000100 1.60017796e9
best: 1.0
runproj limit: 2.38
0110101000010001010101010001000100000000000000000000010001001000000000000100011000001010000000100100000000000100000000100 1.60017796e9
runproj limit: 2.38
0100101010000001010111000001000100000000000000000000000001000000000000000000000000000000000000100000000000000000000000000 1.60017796e9
runproj limit: 2.38
0110101000010011011101010100000100000010000010000000101001000000100000100100011000001000000100100101000100000100000000101 1.60017796e9
runproj limit: 2.38
0100101010000001010101000001000100000000000000000000000001000000000000000000000000000000000000100100000000000000000000000 1.60017796e9
runproj limit: 2.38
0000101010000101010011000101000100000000000010000100100101001000101000100000000000100010000001100100000000000000001000000 1.60017796e9
runproj limit: 2.38
0100101010010001010111010001000100000000000000000000001001000000100000000100011000000000000000100000000000000100000000100 1.60017796e9
runproj limit: 2.38
0000101010000001011101000000010100000000000000000000000001000000100000100000011000101000000000100100000000000100000000000 1.60017796e9
runproj limit: 2.38
0000101010000001010101000001000100000000000000000100000001000000000000000000000000000000000001100100000000000000000000000 1.60017796e9
runproj limit: 2.38
0000111010000101001011000110010110000010110010000100101111101001101000110010010111110010011101001010100000000100100000101 1.60017796e9
runproj limit: 2.38
0100001010001001010100000000100100100010100100000000010111000000100101000011000000101010001010000111011000000110001011001 1.60017796e9
runproj limit: 2.38
0011101011010100110101000000000000001010000111101001101000100111111111000110110111001001000000001111000000110100001100011 1.60017812e9
runproj limit: 2.38
0101101110000000010110100111000000001001000011000001001001010001101000000111010100000000010001100001001101001110010000000 1.60017844e9
runproj limit: 2.38
0001101011001100010101010001100101011000000001000010010101000010110000000000000100010110110011000101000100110000110100001 1.60017828e9
runproj limit: 2.38
0000101010000001010101000001000100000000000000000000010001001000000000000000000000000010000000100100000000000000001000000 1.60017796e9
runproj limit: 2.38
0110101010000001010101010001000100000010000001001100110001000000100000010000010000001001000001111001100000000100001000000 1.60017796e9
runproj limit: 2.38
0000101010000001010101000001000100000000000000000000000001000000000000000000000000000000000000100000000000000000000000000 1.60017796e9
runproj limit: 2.38
0100101000010001010111010001000100000000000010000000000001000000101000000100011000000000000000100000000000000100000000100 1.60017796e9
runproj limit: 2.38
0010101010000001010101010001000100000000000000000000000001000000010000000000000000000000000000100100000000000000000000000 1.60017796e9
runproj limit: 2.38
0000111010000101001011000100010100000010100010000100101101000000101000100000011000101000000101000100000000000100000000101 1.60017796e9
runproj limit: 2.38
0101111010000100110110100101111101101100010110000000101011000001101101000100000001000000010000000010110101100101000100000 1.60017796e9
best: 1.0
runproj limit: 2.38
0000101010000001010111000101000100000000000000000100000001001000101000000000000000000000000000100000000000000000001000000 1.60017796e9
runproj limit: 2.38
0001111010000001010111000001111100101100010000000000101011000000101001000000011000100000000000000100000100100100000100000 1.60017796e9
runproj limit: 2.38
0100101010000001010101000000100100100010000100000000010101000000100001000011000000100000000000100000010000000010000010000 1.60017796e9
runproj limit: 2.38
0100101010000100110110100101110101000100000110000000100011000001101100000100010001000000000000000010100000000101000100000 1.60017796e9
runproj limit: 2.38
0000101010000101000011000110010110000010010000000100101101000000000000110000000111000000001001100000000000000100000000001 1.60017812e9
runproj limit: 2.38
0110111010000001011111010100010100000010000010001100101001000000100000000000010000101000000101011000000000000100000000001 1.60017796e9
runproj limit: 2.38
0100101010010001010001010001000100000000000010000000100101001000101000100000001000000010000001100100000000000100000000000 1.60018004e9
runproj limit: 2.38
0100101010000001010111000001000100000000000000000000000001000000000000000000000000000000000000100000000000000000000000000 1.60017796e9
runproj limit: 2.38
0100100000110111011000010101001110100000100000000000010101111110000000000111011101011110101000100100000010001100110000000 1.600180008e9
runproj limit: 2.38
0111101011000000011100000000010100001000000001001100101101011000100100010000011001111100011100101101001010000110000011100 1.60017828e9
runproj limit: 2.38
0110001110000001010111100101000100000010000001001101100001000110001100010010010000101100000001011101101001010110101010000 1.60017812e9
runproj limit: 2.38
1110101100100011111111011100100100000011000010000110101000000010100000111100010010001110000100101101110110010101110100101 1.60017796e9
runproj limit: 2.38
0010101000010001000110110011000110001001001000000011000011011000000000000110010011001011000010000100000110010111010000100 1.60017828e9
runproj limit: 2.38
0110101000010001010101010001000100000000000000000000010001001000000000000100011000001010000000100100000000000100000000100 1.60017796e9
runproj limit: 2.38
0100101010000001010111000001000100000000000000000000000001000000000000000000000000000000000000100000000000000000000000000 1.60017796e9
runproj limit: 2.38
0110101000010011011101010100000100000010000010000000101001000000100000100100011000001000000100100101000100000100000000101 1.60017796e9
runproj limit: 2.38
0100101010000001010101000001000100000000000000000000000001000000000000000000000000000000000000100100000000000000000000000 1.60017796e9
runproj limit: 2.38
0000101010000101010011000101000100000000000010000100100101001000101000100000000000100010000001100100000000000000001000000 1.60017796e9
runproj limit: 2.38
0100101010010001010111010001000100000000000000000000001001000000100000000100011000000000000000100000000000000100000000100 1.60017796e9
runproj limit: 2.38
0000101010000001011101000000010100000000000000000000000001000000100000100000011000101000000000100100000000000100000000000 1.60017796e9
best: 1.0
runproj limit: 2.38
1100101000000011111111001000000100000001000010000100100000000010000000100100000000000000000100101101000000000100110100000 1.60017796e9
runproj limit: 2.38
0000111010000001010111000001110100101100010000000000101011000000101001000000010000100000000000000000000100100000000100000 1.60017796e9
runproj limit: 2.38
0100101010000001011101000000000100000000000000000000000001000000000000100000000000101000000000100100000000000100000000000 1.60017796e9
runproj limit: 2.38
0100111010000101010111010100000100000000000010000100100101001000100000100000010000100010000001111000000000000000001000000 1.60017796e9
runproj limit: 2.38
0110111010000001011111010100010100000010000010001100101001000000100000000000010000101000000101011000000000000100000000001 1.60017796e9
runproj limit: 2.38
0100101010000001010111000000000100000010000000000000000001000000100000000000010000101000000000011000000000000100000000000 1.60017796e9
runproj limit: 2.38
0000101010000001010101000101000100000000000000000000100001001000101000100000000000000010000000100100000000000000000000000 1.60017796e9
runproj limit: 2.38
0110101100000011011111010100000100000011000010000100101001000010100000110100010000001000000101011100110100000100110000101 1.60017796e9
runproj limit: 2.38
0110101010011001010010011001000000000000000000100101101011001000100100100000011000100010000000100010001010100010000100101 1.60017812e9
runproj limit: 2.38
0101111100100011111101011100001000001011100100000111000100010011110010100100000010001111000100101101110110100001110110100 1.60017812e9
runproj limit: 2.38
1010101000001101111111011100110110010110010011011101101011111110111010010100010000001000000101011100111000010000000000001 1.60017812e9
runproj limit: 2.38
0101101000001000010111000000001110110000000001000000000010010100010100001010000001000000110110100111000110000010000000000 1.60017828e9
runproj limit: 2.38
0100111010011010000110010001101011000010000010010101000101000101101001100000111000100010000001110001010101000001000110101 1.6001786e9
runproj limit: 2.38
0000101010000001010111000101000100000000000000000100000001001000101000000000000000000000000000100000000000000000001000000 1.60017796e9
runproj limit: 2.38
0001111010000001010111000001111100101100010000000000101011000000101001000000011000100000000000000100000100100100000100000 1.60017796e9
runproj limit: 2.38
0100101010000001010101000000100100100010000100000000010101000000100001000011000000100000000000100000010000000010000010000 1.60017796e9
runproj limit: 2.38
0100101010000100110110100101110101000100000110000000100011000001101100000100010001000000000000000010100000000101000100000 1.60017796e9
runproj limit: 2.38
0110111010000001011111010100010100000010000010001100101001000000100000000000010000101000000101011000000000000100000000001 1.60017796e9
runproj limit: 2.38
0100101010000001010111000001000100000000000000000000000001000000000000000000000000000000000000100000000000000000000000000 1.60017796e9
runproj limit: 2.38
1110101100100011111111011100100100000011000010000110101000000010100000111100010010001110000100101101110110010101110100101 1.60017796e9
best: 1.0
runproj limit: 2.38
0100101010000000011110100101010100000010000010000100100011000001100000000000010000100000000001001010100000000101000100000 1.60017828e9
runproj limit: 2.38
0100101010011000000110000001101001000000000110000100100101000101101100100000111000000000000001110011000100000101000100100 1.60017844e9
runproj limit: 2.38
0000101010000101010101010101000100000000000000000000100001001000100000100000000000000010000000110000000000000000000000000 1.60017796e9
runproj limit: 2.38
1100101110000001110111000100000100000011000010000010100000000010100000100100010010101100000000101100100100000101100000101 1.60017796e9
runproj limit: 2.38
0000101010000001010101000000100100101010010000000000000101000000100001000001000000100000000000000000000000000010000100000 1.60017796e9
runproj limit: 2.38
0100111010000001010111000000110100101000000000000000111011000000100001000010001000100000000000100000000100000000000000000 1.60017796e9
runproj limit: 2.38
0101111010000011111111001001101100100000010010000000101000000010100000100000011000000000000000101100000100000100010100000 1.60017796e9
runproj limit: 2.38
0110111100000011011111010100000100000011000010001100101001000000100000000000010000001000000101011000010100000100010000101 1.60017796e9
runproj limit: 2.38
0001101010001011110101010011000100100101011110010100100001001010100100100001111000100001010011011000000110110000011000000 1.60017796e9
runproj limit: 2.38
0000000100011101000111010110010100101010010101101000101100100001100100010010100100101011000001111000000001000001011000001 1.60017812e9
runproj limit: 2.38
0111011010000001001111000100110100000011000001000101111001010000110000110000010011101000110101111000001101000100100111010 1.60017812e9
runproj limit: 2.38
1100011011100101010101011000100111000000001100001100110101111000110110011000110101100011101011111000111100110111011100001 1.60017796e9
runproj limit: 2.38
0110101100100111011110000011000100011011100000100110001001000100100000110111000100111100010001110100110000010110010000101 1.60017796e9
runproj limit: 2.38
1100101000000011111111001000000100000001000010000100100000000010000000100100000000000000000100101101000000000100110100000 1.60017796e9
runproj limit: 2.38
0000111010000001010111000001110100101100010000000000101011000000101001000000010000100000000000000000000100100000000100000 1.60017796e9
runproj limit: 2.38
0100101010000001011101000000000100000000000000000000000001000000000000100000000000101000000000100100000000000100000000000 1.60017796e9
runproj limit: 2.38
0100111010000101010111010100000100000000000010000100100101001000100000100000010000100010000001111000000000000000001000000 1.60017796e9
runproj limit: 2.38
0110111010000001011111010100010100000010000010001100101001000000100000000000010000101000000101011000000000000100000000001 1.60017796e9
runproj limit: 2.38
0100101010000001010111000000000100000010000000000000000001000000100000000000010000101000000000011000000000000100000000000 1.60017796e9
runproj limit: 2.38
0000101010000001010101000101000100000000000000000000100001001000101000100000000000000010000000100100000000000000000000000 1.60017796e9
best: 1.0
runproj limit: 2.38
0110111010000101010111010100000100000000000010001100101101000000100000100000010000101000000001011000000000000000000000001 1.60017796e9
runproj limit: 2.38
1100001110100111011110010000100101011010001100000100000101001100100110011101110100100100100001111100111000010111011000001 1.60017796e9
runproj limit: 2.38
0100101010000001011101000000000100001011010000000000100001000010000001100100000000100000000100100000000000000100100100000 1.60017796e9
runproj limit: 2.38
0100000000000001010111000010010100001010000101000000001101000001100100000010100000101011000000011000000001000100001000001 1.600178648e9
runproj limit: 2.38
0000111010000001010111000101010100100000010000000000101010000000101000100000010010100100000000101000000100100001100000100 1.60017796e9
runproj limit: 2.38
0110011110000001011101011000000111000011000100001100100001000000110110000000110100101010100001011000010100100100011000001 1.60017796e9
runproj limit: 2.38
0000010000010001000111010100010100101010010000100000101010100001100000000000110100100001000001110000000001000000010100000 1.600178808e9
runproj limit: 2.38
0000101010000101010101000001000100100010000000000000000101001000100000000000000000000000000000010000000000000010000000000 1.60017796e9
runproj limit: 2.38
0100001010010001010110000110110101001001100000000001011111010101101101010010100001100001101000100100001110000000100000000 1.60017812e9
runproj limit: 2.38
0010101110000001100001001110000100000001010010100010101010000010110010110100110010101101100000100110000110000011111000001 1.6001802e9
runproj limit: 2.38
1110101100000101010111010111000101010101111001001010110011011000100001100101000100100111000111111000100010001010001010011 1.60017796e9
runproj limit: 2.38
1110100010000101111111100111100100000111000001100011110011100011100010100101010011100111000010101101000100000100000000101 1.60017812e9
runproj limit: 2.38
1001101011001010010101010001011100100101001111110100000011001110100110110011111110100001001011001000001110010100011010000 1.60017828e9
runproj limit: 2.38
0000101010000101010101010101000100000000000000000000100001001000100000100000000000000010000000110000000000000000000000000 1.60017796e9
runproj limit: 2.38
1100101110000001110111000100000100000011000010000010100000000010100000100100010010101100000000101100100100000101100000101 1.60017796e9
runproj limit: 2.38
0000101010000001010101000000100100101010010000000000000101000000100001000001000000100000000000000000000000000010000100000 1.60017796e9
runproj limit: 2.38
0100111010000001010111000000110100101000000000000000111011000000100001000010001000100000000000100000000100000000000000000 1.60017796e9
runproj limit: 2.38
0101111010000011111111001001101100100000010010000000101000000010100000100000011000000000000000101100000100000100010100000 1.60017796e9
runproj limit: 2.38
0110111100000011011111010100000100000011000010001100101001000000100000000000010000001000000101011000010100000100010000101 1.60017796e9
runproj limit: 2.38
0001101010001011110101010011000100100101011110010100100001001010100100100001111000100001010011011000000110110000011000000 1.60017796e9
best: 1.0
runproj limit: 2.38
0100111010000001110111001001000100100000010000000000101010000010100000100000010000000000000000101100000100100001110000000 1.60017796e9
runproj limit: 2.38
0100111010000001010111000000110100101000010000000000101010000000101000100000011010100100000000101000000100100001000000100 1.60017796e9
runproj limit: 2.38
1100111110000001110111000000100100101001000000000010101000000000100001100100000000101000000000100000100100000101100000101 1.60017796e9
runproj limit: 2.38
1100001110100111011110010000100101011010001100000100000101001100100110011101110100100100100001111100111000010111011000001 1.60017796e9
runproj limit: 2.38
1101111110000011110111000000100100000001000010000000100000000010100000100000011010101100000000101100000100000100100000100 1.60017796e9
runproj limit: 2.38
0000111010001110010111010000010100000000001110111100100011001100100010110000011010101000001011011000001010000100011010001 1.60017828e9
runproj limit: 2.38
1100101110000001110111000100100100000010010000000000000101000000100001000001010010101100000000100100000100000111100100101 1.60017796e9
runproj limit: 2.38
1110101100000001010111010110000101010101100011001110100011011000100001100100010000101000000111111000010110000110000000111 1.60017796e9
runproj limit: 2.38
0100001010001100110110001100100100000001000011110010110000000010010000001111000110101100000100011000001000000101100001101 1.60017796e9
runproj limit: 2.38
1110100100000011010111010101111101010101011100011010110011111000001011101001000100000111001111111000001010001010001010011 1.60017796e9
runproj limit: 2.38
0101101000010001011101000001110000001011000000001001100011001010000001100010101110010000000010101001011100000110001110001 1.60017812e9
runproj limit: 2.38
1001101010100011110001001010010001000111010010010000110001001000101100110010110000100011011011011000101111001000010000010 1.60018004e9
runproj limit: 2.38
1100001110101110000110010111000111000000011110010110111100010100101110011001110100100100100001101100110000100111111100001 1.60017844e9
runproj limit: 2.38
0110111010000101010111010100000100000000000010001100101101000000100000100000010000101000000001011000000000000000000000001 1.60017796e9
runproj limit: 2.38
1100001110100111011110010000100101011010001100000100000101001100100110011101110100100100100001111100111000010111011000001 1.60017796e9
runproj limit: 2.38
0100101010000001011101000000000100001011010000000000100001000010000001100100000000100000000100100000000000000100100100000 1.60017796e9
runproj limit: 2.38
0000111010000001010111000101010100100000010000000000101010000000101000100000010010100100000000101000000100100001100000100 1.60017796e9
runproj limit: 2.38
0110011110000001011101011000000111000011000100001100100001000000110110000000110100101010100001011000010100100100011000001 1.60017796e9
runproj limit: 2.38
0000101010000101010101000001000100100010000000000000000101001000100000000000000000000000000000010000000000000010000000000 1.60017796e9
runproj limit: 2.38
1110101100000101010111010111000101010101111001001010110011011000100001100101000100100111000111111000100010001010001010011 1.60017796e9
best: 1.0
runproj limit: 2.38
1110101110000001010111000100000101100101100011000110101000000000100001100100010000101000000001111000010100000101100000111 1.60017796e9
runproj limit: 2.38
1111111110000101110111010001100101000001011000001010110010010010100001100100000000100101000001111100100110001000100010101 1.60017796e9
runproj limit: 2.38
0100111010000001110111001001000100100000010000000000101010000010100000100000010000000000000000101100000100100001110000000 1.60017796e9
runproj limit: 2.38
0100011110000001011101010000000111001011010100001000100001000010110011000100100100101010000100001000000000100100111100000 1.60017796e9
runproj limit: 2.38
1100001110001111110110001100100100000001000010010000110100000110010010001111000100100100000001111000101000010111101001001 1.60017796e9
runproj limit: 2.38
0110011110000001110101011100000100000010000100001000000001000000110110000000110100101100100001110000000100000100011100101 1.60017796e9
runproj limit: 2.38
1101111110000011110111000000100100000001000010000000100000000010100000100000011010101100000000101100000100000100100000100 1.60017796e9
runproj limit: 2.38
0100111010000101010111010100000100000010000010000100000101000000100000100000010000100000000000011000000000000000000000000 1.60017796e9
runproj limit: 2.38
1100101010000111011100100000000001000010101110111011000101101000111001101001000011000000110011011000001010000010000111100 1.60017812e9
runproj limit: 2.38
1100110100000001111011110100111100011101011100011000110110111001011011011001000001001111010110111100101001001010001010110 1.60017796e9
runproj limit: 2.38
1100101100010001110010010001010001010101000111101100101011101110100011100000110010111001010101011110100011000110100100001 1.60017796e9
runproj limit: 2.38
1100011101101011010011001010101011010011010011000000100010010000100010000101111101111010000000001000000110101100100000100 1.60017796e9
runproj limit: 2.38
1010001101000010000111010001111000001101010110011001110010001011001011101101100110110011001011100100101001000010001000010 1.6001786e9
runproj limit: 2.38
0100111010000001110111001001000100100000010000000000101010000010100000100000010000000000000000101100000100100001110000000 1.60017796e9
runproj limit: 2.38
0100111010000001010111000000110100101000010000000000101010000000101000100000011010100100000000101000000100100001000000100 1.60017796e9
runproj limit: 2.38
1100111110000001110111000000100100101001000000000010101000000000100001100100000000101000000000100000100100000101100000101 1.60017796e9
runproj limit: 2.38
1100001110100111011110010000100101011010001100000100000101001100100110011101110100100100100001111100111000010111011000001 1.60017796e9
runproj limit: 2.38
1101111110000011110111000000100100000001000010000000100000000010100000100000011010101100000000101100000100000100100000100 1.60017796e9
runproj limit: 2.38
1100101110000001110111000100100100000010010000000000000101000000100001000001010010101100000000100100000100000111100100101 1.60017796e9
runproj limit: 2.38
1110101100000001010111010110000101010101100011001110100011011000100001100100010000101000000111111000010110000110000000111 1.60017796e9
best: 1.0
runproj limit: 2.38
1100011101100011010010001000100001011010001010000100000011010000100010000101111101110110000000011100101010101110111000000 1.60017796e9
runproj limit: 2.38
0100101000000001010111000100000101000101100011000000100010010010100000100000010000001000000101111000000110000010100000100 1.60017796e9
runproj limit: 2.38
1100101100010001010111010000010101100000000001000000101010000100100001100000111010111000010001001100100001000001100100101 1.60017796e9
runproj limit: 2.38
1100111110000001110111000001100100000000010000000000001011000010100001000000010000100100000000101100000100100111110100001 1.60017796e9
runproj limit: 2.38
1100111100000001111111110000110100000101011100001000110110011010001001011000000000001101010001111100101111001000000010101 1.60017796e9
runproj limit: 2.38
0101111010000001110111000001000100100001010000000000101000000010100000100000011010100100000000101100000100000001110000000 1.60017796e9
runproj limit: 2.38
1100111101000011110010001010111001010111000011100100100011001100100010000000110101111000000101001000000011000110100100101 1.60017796e9
runproj limit: 2.38
0110111000000001010111000000100100100100110010001010100011000000100001100000010010101000000000111000000110100010000000101 1.60017796e9
runproj limit: 2.38
0110111011010001000100000001101100001001011010000001101011000001100100100001010010100000000000101100101100110010100001100 1.60017828e9
runproj limit: 2.38
0111111000101000110110000000100100001111010100000100111001000010100000000111010000001101000010111100000100101110001000100 1.60017796e9
runproj limit: 2.38
1100111110000100011111000000111000100011110001100010001100011111100001111100010010101000100001111010010101000111101011111 1.60017828e9
runproj limit: 2.38
1110111110000010100010001000111100111001000101000110101000100000000001100100100000100001001100100100101110011100000000111 1.60017812e9
runproj limit: 2.38
1100111010010000110011010101001100001010010011001111100101000110001101000000010100101110000101011001100000000011001000000 1.60017812e9
runproj limit: 2.38
1110101110000001010111000100000101100101100011000110101000000000100001100100010000101000000001111000010100000101100000111 1.60017796e9
runproj limit: 2.38
1111111110000101110111010001100101000001011000001010110010010010100001100100000000100101000001111100100110001000100010101 1.60017796e9
runproj limit: 2.38
0100111010000001110111001001000100100000010000000000101010000010100000100000010000000000000000101100000100100001110000000 1.60017796e9
runproj limit: 2.38
0100011110000001011101010000000111001011010100001000100001000010110011000100100100101010000100001000000000100100111100000 1.60017796e9
runproj limit: 2.38
1100001110001111110110001100100100000001000010010000110100000110010010001111000100100100000001111000101000010111101001001 1.60017796e9
runproj limit: 2.38
0110011110000001110101011100000100000010000100001000000001000000110110000000110100101100100001110000000100000100011100101 1.60017796e9
runproj limit: 2.38
1101111110000011110111000000100100000001000010000000100000000010100000100000011010101100000000101100000100000100100000100 1.60017796e9
best: 1.0
runproj limit: 2.38
1101111110000001110111010000100101000001011010001000100000000010100000100100000010101100000000111100100100000000100000100 1.60017796e9
runproj limit: 2.38
1100111010000010110011000001101100000010000010000111100101000010101001100000010100101100000100001100000000000110101000100 1.60017812e9
runproj limit: 2.38
1100101010001100110110001100101100001000010011001000110101000110000110000111000100101110000001111001100000010011001001001 1.60017796e9
runproj limit: 2.38
1100111110000001110111000101100100000001110011000000101010000000100001000000010000100000000001111000010100000111100000011 1.60017796e9
runproj limit: 2.38
1100111100010001111111010000010100000001000001000000111010000100101001011000100010001100010001111100101111001001100110101 1.60017796e9
runproj limit: 2.38
0100111010000001010111010100000100000100100111000000100001000000110010100000110000001000000101111000000100000010101000101 1.60017796e9
runproj limit: 2.38
1110101110001011010111000100100101100101000011000010111100000010010011101101000000101100000001111000000000010111100001101 1.60017796e9
runproj limit: 2.38
0100101000000001010111000100000101000101100011000000100010010010100000100000010000001000000101111000000110000010100000100 1.60017796e9
runproj limit: 2.38
0100111011000010000111001000000100001011110010011000100011110000001011100000011100000010000011101100000000001000111101100 1.60017844e9
runproj limit: 2.38
0110100010000001101001010100101000101010010001100000000010000010101110010011100110111100110001110010000101000100011110001 1.600180568e9
runproj limit: 2.38
1010110011001001010111110000010111101100000000001111100001001011110011111000110011101111001010111100100110000010011000101 1.600178808e9
runproj limit: 2.38
0110111100111001011111110111000000111001111111010110101000101000100101101100001010100100000001110000011100010000101100110 1.60017796e9
runproj limit: 2.38
1101110110001011000101000111001000001001100010000010101101011110101100011100001010001100010000100000011101100010000000100 1.60017812e9
runproj limit: 2.38
1100011101100011010010001000100001011010001010000100000011010000100010000101111101110110000000011100101010101110111000000 1.60017796e9
runproj limit: 2.38
0100101000000001010111000100000101000101100011000000100010010010100000100000010000001000000101111000000110000010100000100 1.60017796e9
runproj limit: 2.38
1100101100010001010111010000010101100000000001000000101010000100100001100000111010111000010001001100100001000001100100101 1.60017796e9
runproj limit: 2.38
1100111110000001110111000001100100000000010000000000001011000010100001000000010000100100000000101100000100100111110100001 1.60017796e9
runproj limit: 2.38
1100111100000001111111110000110100000101011100001000110110011010001001011000000000001101010001111100101111001000000010101 1.60017796e9
runproj limit: 2.38
0101111010000001110111000001000100100001010000000000101000000010100000100000011010100100000000101100000100000001110000000 1.60017796e9
runproj limit: 2.38
1100111101000011110010001010111001010111000011100100100011001100100010000000110101111000000101001000000011000110100100101 1.60017796e9
best: 1.0
runproj limit: 2.38
1100101100010001011111000100010100000101000011000000111010000100100000101000010000001000000101111000001110000000100010101 1.60017796e9
runproj limit: 2.38
0110111100111001011111110111000000111001111111010110101000101000100101101100001010100100000001110000011100010000101100110 1.60017796e9
runproj limit: 2.38
1110111110011011011111000100100100101101010011010010111000101010010101101101001000101100000001110000001100010111101001100 1.60017796e9
runproj limit: 2.38
1100111110000001110111000101100100000001110001000000001010000010100001000000010000100000000000101000010100100111110100011 1.60017796e9
runproj limit: 2.38
1101111110000001111111110000110100000001011110001000100110011010100000000000000010001101010001111100101101001000100010101 1.60017796e9
runproj limit: 2.38
1100111100010010010011000001111100100010000000000101100101000010100001100000111110101000010101001100100000000010101000100 1.60017844e9
runproj limit: 2.38
0110101110111001010111000101000000111101111011000110101100100010000101101100000010101100000001110000010000010001101000111 1.60017796e9
runproj limit: 2.38
1100011101100011010010001000110001010110000010100100100011000000100010000001111101110100000100001000000010100110100100101 1.60017796e9
runproj limit: 2.38
0111010111000001101011110000110100010101001001001010111110001010001001111010100011001001010110011100101111001011110110110 1.60017796e9
runproj limit: 2.38
1101101000111100110110001100100111000000010010100000010101001111000110000101001100100110100010110001000000000011001101101 1.60017796e9
runproj limit: 2.38
0101100000001001000111000100000001101101101011000010100011011010101000100110010000011010011101101000110110010011100010100 1.600178808e9
runproj limit: 2.38
1100100101001011010101110100010001100100010010001000100010000010111001100100101010101100010001001100100011000011100110101 1.60017796e9
runproj limit: 2.38
1100111110010111011111001001101100000000110010001101101010011000101111000000010010011000001111100101111100010100100000110 1.60017812e9
runproj limit: 2.38
1101111110000001110111010000100101000001011010001000100000000010100000100100000010101100000000111100100100000000100000100 1.60017796e9
runproj limit: 2.38
1100101010001100110110001100101100001000010011001000110101000110000110000111000100101110000001111001100000010011001001001 1.60017796e9
runproj limit: 2.38
1100111110000001110111000101100100000001110011000000101010000000100001000000010000100000000001111000010100000111100000011 1.60017796e9
runproj limit: 2.38
1100111100010001111111010000010100000001000001000000111010000100101001011000100010001100010001111100101111001001100110101 1.60017796e9
runproj limit: 2.38
0100111010000001010111010100000100000100100111000000100001000000110010100000110000001000000101111000000100000010101000101 1.60017796e9
runproj limit: 2.38
1110101110001011010111000100100101100101000011000010111100000010010011101101000000101100000001111000000000010111100001101 1.60017796e9
runproj limit: 2.38
0100101000000001010111000100000101000101100011000000100010010010100000100000010000001000000101111000000110000010100000100 1.60017796e9
best: 1.0
runproj limit: 2.38
1100110100000001111111110100010101100100000011001000111010000010111001001100101010101100010001011100101011001001100110101 1.60017796e9
runproj limit: 2.38
1111101110111001110111000101100110000100010011000000001100100110000101001100000110101100000000110001000000000011101101101 1.60017796e9
runproj limit: 2.38
1111101000111101011110010110100001111000110010000110101001001101000111001101001000100100000011110000000100000000101100111 1.60017796e9
runproj limit: 2.38
0110101110010001110111000101000000001101111011000100101100000000000101101100000000101000000001111000010000000001101000011 1.60017796e9
runproj limit: 2.38
1110111100011011011111010100110100100001000001000000111000101110011001011000100000101100000001110100001111011011100001101 1.60017796e9
runproj limit: 2.38
1100111000111000110110111100000000000001110010000000100001001011000100000101001110100100000000110001001100010000001100111 1.60017796e9
runproj limit: 2.38
0111010111000001101011110000110100010101001001001010111110001010001001111010100011001001010110011100101111001011110110110 1.60017796e9
runproj limit: 2.38
1110101110001001111111100000100100100001000111001000111110000010010011101101000000001100010001111100100100001100100000101 1.60017796e9
runproj limit: 2.38
1010001110011001110110101101100010101101010011110110101100001000010111101111011100101110101001100000011101111001001001100 1.60017796e9
runproj limit: 2.38
0111110111000001001001110000110100010101000001001010111111101010001011001011100001001001010110011100000111011101100100111 1.60018004e9
runproj limit: 2.38
0110111110110111011111110111110110111101111011100100101000000011001001101100100011011100100001011101000001011000001000100 1.60017796e9
runproj limit: 2.38
0100101010011001010011011101100001100010101111000010111110001000010111001101000100101100000101011010100000010011110001111 1.60017796e9
runproj limit: 2.38
0100101101110011111110111001110100101001111101001000100000001010001011011010110010101000010011101100100101010011110110101 1.60017796e9
runproj limit: 2.38
1100101100010001011111000100010100000101000011000000111010000100100000101000010000001000000101111000001110000000100010101 1.60017796e9
runproj limit: 2.38
0110111100111001011111110111000000111001111111010110101000101000100101101100001010100100000001110000011100010000101100110 1.60017796e9
runproj limit: 2.38
1110111110011011011111000100100100101101010011010010111000101010010101101101001000101100000001110000001100010111101001100 1.60017796e9
runproj limit: 2.38
1100111110000001110111000101100100000001110001000000001010000010100001000000010000100000000000101000010100100111110100011 1.60017796e9
runproj limit: 2.38
1101111110000001111111110000110100000001011110001000100110011010100000000000000010001101010001111100101101001000100010101 1.60017796e9
runproj limit: 2.38
0110101110111001010111000101000000111101111011000110101100100010000101101100000010101100000001110000010000010001101000111 1.60017796e9
runproj limit: 2.38
1100011101100011010010001000110001010110000010100100100011000000100010000001111101110100000100001000000010100110100100101 1.60017796e9
best: 1.0
runproj limit: 2.38
0110101010011001010011000101100000000011101111000000111110000000010101101100000000101000000101011010100000010011111000111 1.60017796e9
runproj limit: 2.38
1100101000111101011110111110100000010000110010000000101001001001000110001101001010100100000011110001001100010000001100111 1.60017796e9
runproj limit: 2.38
1111101100011101011110000100000100111100100011000000111011001101000100101100011000101000000101111000001110000000101100101 1.60017796e9
runproj limit: 2.38
1110011010010000110011110000100100010101100001001010111010001010000100000010100111000001000100110001001100010010100100111 1.60017796e9
runproj limit: 2.38
1100010100000011011011110100110001000110000011100100100011000010110001001101101000101100010100011100000011001111100100101 1.60017796e9
runproj limit: 2.38
1000001100011001111110001101110100101101010011000100101000000100000110101001011000001010001101100000011101010000100001101 1.60017796e9
runproj limit: 2.38
0100101010011001010011011101100001100010101111000010111110001000010111001101000100101100000101011010100000010011110001111 1.60017796e9
runproj limit: 2.38
1111111110001001011111100100100100000101010010010000100010011010100101100000000000001100000001111100001100011110101011101 1.60017796e9
runproj limit: 2.38
1111101000111000110111110110010000000001011110000010100101000011000101100100101010010101100111010101001100110100011100011 1.60017796e9
runproj limit: 2.38
0100110111001101100111000011100100010101110001111000101011000011100001000000010000000111001001010000010101100111010110000 1.60017812e9
runproj limit: 2.38
1000101100011001110100101000100010100110010111110100101000011010010111001101111100110110101111100000111011111011111001000 1.60017796e9
runproj limit: 2.38
1110101110011001111101000001010101010100010001000001100011010000101100000110110000100011001010111100010101101011111000011 1.60017812e9
runproj limit: 2.38
1010011111100110001001110101110100110100011101001010111110101011001011100100001110000101000110001110001111011011110110101 1.60018004e9
runproj limit: 2.38
1100110100000001111111110100010101100100000011001000111010000010111001001100101010101100010001011100101011001001100110101 1.60017796e9
runproj limit: 2.38
1111101110111001110111000101100110000100010011000000001100100110000101001100000110101100000000110001000000000011101101101 1.60017796e9
runproj limit: 2.38
1111101000111101011110010110100001111000110010000110101001001101000111001101001000100100000011110000000100000000101100111 1.60017796e9
runproj limit: 2.38
0110101110010001110111000101000000001101111011000100101100000000000101101100000000101000000001111000010000000001101000011 1.60017796e9
runproj limit: 2.38
1110111100011011011111010100110100100001000001000000111000101110011001011000100000101100000001110100001111011011100001101 1.60017796e9
runproj limit: 2.38
1100111000111000110110111100000000000001110010000000100001001011000100000101001110100100000000110001001100010000001100111 1.60017796e9
runproj limit: 2.38
0111010111000001101011110000110100010101001001001010111110001010001001111010100011001001010110011100101111001011110110110 1.60017796e9
best: 1.0
done evolving!
"all is well:)"
>>>>>>>>>>>>>>FINISH OPTIMIZATION>>>>>>>>>>>>>>>
1291.21user 340.46system 28:52.93elapsed 94%CPU (0avgtext+0avgdata 131500maxresident)k
1242256inputs+1672656outputs (325major+65034610minor)pagefaults 0swaps
