Optimizing /h/ywang30/nofib/spectral/power
>>>>>>>>>>>>>>>START OPTIMIZATION>>>>>>>>>>>>>>>
pop: 13
gens: 15
arch: 7
limit is: 0.77
runproj limit: 0.77
"All is well :D"
Basetime is: 2.06521312e8
runproj limit: 0.77
"timed out"
01000000000000000000100000000000000000000000100000000010000000001010000000100110000000000000000000000000000001000000001001000000000000000000010001001010000000100110100001100000000 4.13042624e8
runproj limit: 0.77
00100000001000000001000000000011000000000000000000000000000000010010000000000000000000000000000000000000001000000010000001000000000000010000000000000000000000100000100000000000000 2.11509392e8
runproj limit: 0.77
00000000000100000010000010011010000000000000110000010000100000000000000000001000001000000000000000010000001000010001001100000001000000000000100000000010000000010000110000000000000 2.2363008e8
runproj limit: 0.77
00000000000000000000000000000000000000000000000000000000000000000000000000000000000000000000000000000000000000000000000000000000000000000000000000000000000000000000000000000000000 2.06521312e8
runproj limit: 0.77
"timed out"
00000000000000000000000001000110000000001001000001100000000000000000000000000000000000000100010001000000000000000000000000000100001000000000001001000000010000000000010000000010000 4.13042624e8
runproj limit: 0.77
"timed out"
00100000100100000000000100001000000000000000000010000000000000001100000001000000000010000000000101000000000000010000010010000100100010000000000000100010000000000000010000001000000 4.13042624e8
runproj limit: 0.77
"timed out"
10000000000000000000000000110001010100001000000100000001000001000000101000000000000001010000000000000000110000001000000000000010100000010010000000000000100000000000000001001001000 4.13042624e8
runproj limit: 0.77
"timed out"
01000000000011000000001000000000000000000000001000000100000010100000000000000000000100110000100001000000010000000010100000000000000000000001000010001001000000100100000000010000000 4.13042624e8
runproj limit: 0.77
"timed out"
00001000000000000000001000001000000000000000000001000001000000001000001001000000000000000001000000000000000101000001000000000000000000000000001001000100010010001100100000001001000 4.13042624e8
runproj limit: 0.77
00000000000000000000000000000000000000000000000000000000000000000000000000000000000000000000000000000000000000000000000000000000000000000000000000000000000000000000000000000000000 2.06521312e8
runproj limit: 0.77
00000000000000000000000000000000000000000000000000000000000000000000000000000000000000000000000000000000000000000000000000000000000000000000000000000000000000000000000000000000000 2.06521312e8
runproj limit: 0.77
00000000000000000000000000000000000000000000000000000000000000000000000000000000000000000000000000000000000000000000000000000000000000000000000000000000000000000000000000000000000 2.06521312e8
runproj limit: 0.77
"timed out"
00000000000000000000000000001000000000000000010000000000000000110001100000100100000000000000000100001000100011000000000000000100000010000000000000010000010000010000000000100000100 4.13042624e8
best: 1.0
runproj limit: 0.77
00000000000000000000000000000000000000000000000000000000000000000000000000000000000000000000000000000000000000000000000000000000000000000000000000000000000000000000000000000000000 2.06521312e8
runproj limit: 0.77
00100000001000000000000000000000000000000000000000000000000000010010000000000000000000000000000000000000000000000000000001000000000000010000000000000000000000100000100000000000000 2.06522368e8
runproj limit: 0.77
"timed out"
01000000000000000000000000000000000000000000000000000000000000001000000000000110000000000000000000000000000001000000001001000000000000000000010001000010000000000110000001100000000 4.13042624e8
runproj limit: 0.77
"timed out"
00000000000000000000000010001010000000000000010000010000000000010000000000000100001000000000000100001000000001000001001100000001000000000000100000000010000000010000110000000000100 4.13042624e8
runproj limit: 0.77
"timed out"
10100000000000000001000000110001000100001000000000000000000001000000001000000000000001010000000000000000110000000000000001000000000000010000000000000000100000100000000001000000000 4.13042624e8
runproj limit: 0.77
"timed out"
00001000000000000000001000001000000000000000000001000001000000001000001000000000000000000001000000000000000100000000000000000000000000000000001000000100010010000100100000001001000 4.13042624e8
runproj limit: 0.77
"timed out"
01000000000000000000000000000000000000000000000000000100000010000000000000000000000000100000100001000000000000000010000000000000000000000001000000001000000000000000000000010000000 4.13042624e8
runproj limit: 0.77
"timed out"
10000000000000000000000000010000010100001000000101000000000000000000101000000000000001000100010001000000100000000000000000000100101000000010000000000000100000000000000000000000000 4.13042624e8
runproj limit: 0.77
"timed out"
00100000001111001001000110000001000000100000010001000111001010010010100011000100000000110001000010001000101010000110000101101000001000010000000010000101000000100010000101000011000 4.13042624e8
runproj limit: 0.77
"timed out"
00000100000010010110011000000001011110000001010101000000000100000000000000000000000110101000101000000001000000100001000010010100000100000001100001100000000000100001010100000000011 4.13042624e8
runproj limit: 0.77
"timed out"
00001100110001100111100001010000000100100000110000001011001000001010001000000110001010100001001001011001001001000000001011100010001000110000001001001011001000100110100001110010010 4.13042624e8
runproj limit: 0.77
"timed out"
01000100100010000101001000011000100000000000000011010100010001100000000100000010001001000001010000101000001111000001010100000000000000110010010001001000000000000100001010000000000 4.13042624e8
runproj limit: 0.77
"timed out"
01100101001000000100000000010000001000100000010111111100000000000000000100000000000000010001011110011000010000000010000001001000000000000001000000000000011000010000000000110000001 4.13042624e8
runproj limit: 0.77
00000000000000000000000000000000000000000000000000000000000000000000000000000000000000000000000000000000000000000000000000000000000000000000000000000000000000000000000000000000000 2.06521312e8
runproj limit: 0.77
00100000001000000001000000000011000000000000000000000000000000010010000000000000000000000000000000000000001000000010000001000000000000010000000000000000000000100000100000000000000 2.11509392e8
runproj limit: 0.77
00000000000100000010000010011010000000000000110000010000100000000000000000001000001000000000000000010000001000010001001100000001000000000000100000000010000000010000110000000000000 2.2363008e8
runproj limit: 0.77
"timed out"
01000000000000000000100000000000000000000000100000000010000000001010000000100110000000000000000000000000000001000000001001000000000000000000010001001010000000100110100001100000000 4.13042624e8
runproj limit: 0.77
"timed out"
00000000000000000000000001000110000000001001000001100000000000000000000000000000000000000100010001000000000000000000000000000100001000000000001001000000010000000000010000000010000 4.13042624e8
runproj limit: 0.77
"timed out"
00100000100100000000000100001000000000000000000010000000000000001100000001000000000010000000000101000000000000010000010010000100100010000000000000100010000000000000010000001000000 4.13042624e8
runproj limit: 0.77
"timed out"
10000000000000000000000000110001010100001000000100000001000001000000101000000000000001010000000000000000110000001000000000000010100000010010000000000000100000000000000001001001000 4.13042624e8
best: 1.0
runproj limit: 0.77
"timed out"
00100000000000000000000000010000000100000000000000000100000011000000001000000000000001110000000001000000110000000010000001000000000000000001000000001000100000100000000001000000000 4.13042624e8
runproj limit: 0.77
"timed out"
01000000100000000000000000001000100000000000000011000100010001000000000100000010000000000000010000101000001010000000010000000000000000000010010000000000000000000100000000000000000 4.13042624e8
runproj limit: 0.77
"timed out"
01000100100000100111100001000000000100100000110000000010001000001010000000100110000010000001000000011001001001000000001001000010001000110000001001001011000000100110100001110010010 4.13042624e8
runproj limit: 0.77
00100000001000000001000000000011000000000000000000000000000000010010000000000000000000000000000000000000001000000010000001000000000000010000000000000000000000100000100000000000000 2.11509392e8
runproj limit: 0.77
00000000000100000010000010011010000000000000000000010000000000000000000000000000001000000000000000010000001000000000000000000000000000000000100000000000000000000000110000000000000 2.21731872e8
runproj limit: 0.77
"timed out"
00000000000000000010000010011010000000000000110000010000100000000000000000000100001000000000000100001000001000000001001100000001000000000000100000000010000000010000110000000000100 4.13042624e8
runproj limit: 0.77
"timed out"
00000000001101000001000010000001000000100000000000000111000000010010000000000100000000000001000000000000000010000110000100101000000000010000000010000000000000100010000101000001000 4.13042624e8
runproj limit: 0.77
"timed out"
00000100000010000101001000010001000010000000010011010100010000000000000000000010000100100000101000101000000000000001000110010000000100110010000001101000000000000000011100000000010 4.13042624e8
runproj limit: 0.77
"timed out"
00100000100100100001010101001010000000010011100100000001001000001100001100011011000010100000000111000111001101110100111010100111110110000110000000101010000010000100110000000010010 4.13042624e8
runproj limit: 0.77
"timed out"
00010000000100000100100000010001000000100000011000000010001001100101000101000001010001000000001011010001000100001010001100100000011010000001001010000001000000000000011101000000000 4.13042624e8
runproj limit: 0.77
"timed out"
11010100100111110101101000011110100000110001001010011101100011001010100000000011101111101001000001101010000011010011110100000100000000111010100000000000101001001000011100011111001 4.13042624e8
runproj limit: 0.77
"timed out"
01110100110101011101101010011000111110100001010010010000110000100000001110000010000100000001011101011010011010000001110010000001100010010100100000001111000001100100101010001000000 4.13042624e8
runproj limit: 0.77
"timed out"
00010100000001011000011001001110011011000101000000001000100000010001010001100110010000000100001000101101011000010001001000000000010000001100001000100100001010000000000001100100100 4.13042624e8
runproj limit: 0.77
00000000000000000000000000000000000000000000000000000000000000000000000000000000000000000000000000000000000000000000000000000000000000000000000000000000000000000000000000000000000 2.06521312e8
runproj limit: 0.77
00100000001000000000000000000000000000000000000000000000000000010010000000000000000000000000000000000000000000000000000001000000000000010000000000000000000000100000100000000000000 2.06522368e8
runproj limit: 0.77
00100000001000000001000000000011000000000000000000000000000000010010000000000000000000000000000000000000001000000010000001000000000000010000000000000000000000100000100000000000000 2.11509392e8
runproj limit: 0.77
00000000000100000010000010011010000000000000110000010000100000000000000000001000001000000000000000010000001000010001001100000001000000000000100000000010000000010000110000000000000 2.2363008e8
runproj limit: 0.77
"timed out"
01000000000000000000000000000000000000000000000000000000000000001000000000000110000000000000000000000000000001000000001001000000000000000000010001000010000000000110000001100000000 4.13042624e8
runproj limit: 0.77
"timed out"
00000000000000000000000010001010000000000000010000010000000000010000000000000100001000000000000100001000000001000001001100000001000000000000100000000010000000010000110000000000100 4.13042624e8
runproj limit: 0.77
"timed out"
10100000000000000001000000110001000100001000000000000000000001000000001000000000000001010000000000000000110000000000000001000000000000010000000000000000100000100000000001000000000 4.13042624e8
best: 1.0
runproj limit: 0.77
"timed out"
00100000001000100001000001001000000000010000100000000001001000011010001000000001000000100000000111000110000100110000110000000101100110000100000000001010000010100100100000000000010 4.13042624e8
runproj limit: 0.77
10100000001000000001000000010001000000000000000000000000000000000010000000000000000000010000000000000000000000000000000001000000000000010000000000000000000000100000000000000000000 2.11509392e8
runproj limit: 0.77
"timed out"
00100000001000000000000010000010000000000000000000010000000000010010000000000100000000000000000000000000000000000000001101000001000000000000000000000010000000000000100000000000100 4.13042624e8
runproj limit: 0.77
00100000000000000001000000000001000000000000000000000000000000000000000000000000000000000000000000000000000000000010000000000000000000000000000000000000000000100000100000000000000 2.11508304e8
runproj limit: 0.77
"timed out"
00000000000101000011000010011000000000000000000000000101100000010010000000001000000000000000000000010000000000010000001100000001000000000000000000000000000000100010100100000001000 4.13042624e8
runproj limit: 0.77
00100000000000000000000000010000000000001000000000000000000000010010000000000000000000010000000000000000000000000000000001000000000000010000000000000000100000100000100001000000000 2.06793904e8
runproj limit: 0.77
"timed out"
00100000000000000001000000000011000000010010000100000000001000001110001100000011000010000000000111000100001101100110000001100111110110010010000000000010000000100000110000000000010 4.13042624e8
runproj limit: 0.77
"timed out"
01100000001000000001000000000001000000000000000000000000000000000000000000000010000000000000000000000000000001000010001001000000000000010000010000000010000000000000100000000000000 4.13042624e8
runproj limit: 0.77
"timed out"
00000000001101000001000010100001100000100100000000000111101010000010000100100111110110100111000011101000000010001110000101101011100001000010000110000000000101101010000001001000101 4.13042624e8
runproj limit: 0.77
"timed out"
01101000000010000000010000001000001100101001000000000101100001001001011000110000001011110010101001110110110001100010110011010000000000000001000010010001100000100010000001000010000 4.13042624e8
runproj limit: 0.77
"timed out"
00100100110001111011100001000000000110100001110010011000011000011010110100101100100001010001000000111000000001001001001011100001001010000011001011000011000110001110010001111010100 4.13042624e8
runproj limit: 0.77
"timed out"
11000101100111100101110001111111100010100001011010001101100111011010100001010000101111101101010001111001010001110111111100000101000011111010110000010000000000001000001000111001000 4.13042624e8
runproj limit: 0.77
"timed out"
01100100100100001001101111010111101010100001010010010001110000001100001110000011000101001001011101001011010110001101110010010110101011110110001101000111110001100100010010011110111 4.13042624e8
runproj limit: 0.77
00000000000000000000000000000000000000000000000000000000000000000000000000000000000000000000000000000000000000000000000000000000000000000000000000000000000000000000000000000000000 2.06521312e8
runproj limit: 0.77
00100000001000000000000000000000000000000000000000000000000000010010000000000000000000000000000000000000000000000000000001000000000000010000000000000000000000100000100000000000000 2.06522368e8
runproj limit: 0.77
00100000001000000001000000000011000000000000000000000000000000010010000000000000000000000000000000000000001000000010000001000000000000010000000000000000000000100000100000000000000 2.11509392e8
runproj limit: 0.77
00000000000100000010000010011010000000000000000000010000000000000000000000000000001000000000000000010000001000000000000000000000000000000000100000000000000000000000110000000000000 2.21731872e8
runproj limit: 0.77
00000000000100000010000010011010000000000000110000010000100000000000000000001000001000000000000000010000001000010001001100000001000000000000100000000010000000010000110000000000000 2.2363008e8
runproj limit: 0.77
"timed out"
00100000000000000000000000010000000100000000000000000100000011000000001000000000000001110000000001000000110000000010000001000000000000000001000000001000100000100000000001000000000 4.13042624e8
runproj limit: 0.77
"timed out"
01000000100000000000000000001000100000000000000011000100010001000000000100000010000000000000010000101000001010000000010000000000000000000010010000000000000000000100000000000000000 4.13042624e8
best: 1.0
runproj limit: 0.77
00000000000100000011000010000001000000000000000000000000100000010010000000000000000000000000000000000000000000010000000100000000000000000000000000000000000000100000100000000000000 2.27144968e8
runproj limit: 0.77
"timed out"
00000000100000000001000000001001000000010010000111000100010001000000000100000011000000000000010001000100001001000010010000100100000000000010000000000010000000000000110000000000010 4.13042624e8
runproj limit: 0.77
00000000000000000000000000000000000000000000000000000000000000000000000000000000000000000000000000000000000000000000000000000000000000000000000000000000000000000000000000000000000 2.06521312e8
runproj limit: 0.77
01100000100000000001000000001001000000000000000000000000000000000000000100000010000000000000010000101000000000000010000000000000000000000000000000000000000000100000100000000000000 2.11508304e8
runproj limit: 0.77
"timed out"
00000000001001000001000010100001100000100100000000000111000000000000000100000011110010000010000001000000000010000110001001001000100000010000000000000010000001101000000000000000100 4.13042624e8
runproj limit: 0.77
00100000000000000000000000010000000100000000000000000100000000010010000000000000000000110000000000000000100000000010000001000000000000010000000000001000000000100000000000000000000 2.06522368e8
runproj limit: 0.77
"timed out"
10000100101000000001010000110110000010100001001010001101100011011010100001010000100010100001010000011000010000100001101100000101000001011010000000000000000000101000100000000001000 4.13042624e8
runproj limit: 0.77
10100000000000000001000000010001000000000000000000000000000000000000000000000000000000010000000000000000000000000000000001000000000000010000000000000000000000100000100000000000000 2.11509392e8
runproj limit: 0.77
"timed out"
00000010001001100010010001000011101000001000000000000001001101100000000000110001010101001010000000000000100010001110001000000010011000001010010011100011100010110010001100000000001 4.13042624e8
runproj limit: 0.77
"timed out"
01010000010000010001010000000011000010010010010111001011001110001111000000000011010111000111000101010110101101000110111001100111100010100010001010000100001000000100111110000000000 4.13042624e8
runproj limit: 0.77
"timed out"
00101001001000000000101101000000000000000000000000010100000001111001000000100000001001010000001001000010010100101000100001110001100000001000010000100010000100100010001000000001000 4.13042624e8
runproj limit: 0.77
"timed out"
10100001000100001000100000001010000000010000000001110000010000110010000110000110100001100000000010001100100100011101001101010001001001000010001001000011000010000001110000010100100 4.13042624e8
runproj limit: 0.77
"timed out"
01100000001000100101111001101000100010000010100000110101101100011010001000100011110000110000101111000111100000000100110000110100000111010110001111001011000000110100100101000000111 4.13042624e8
runproj limit: 0.77
00000000000000000000000000000000000000000000000000000000000000000000000000000000000000000000000000000000000000000000000000000000000000000000000000000000000000000000000000000000000 2.06521312e8
runproj limit: 0.77
00100000001000000000000000000000000000000000000000000000000000010010000000000000000000000000000000000000000000000000000001000000000000010000000000000000000000100000100000000000000 2.06522368e8
runproj limit: 0.77
00100000000000000000000000010000000000001000000000000000000000010010000000000000000000010000000000000000000000000000000001000000000000010000000000000000100000100000100001000000000 2.06793904e8
runproj limit: 0.77
00100000000000000001000000000001000000000000000000000000000000000000000000000000000000000000000000000000000000000010000000000000000000000000000000000000000000100000100000000000000 2.11508304e8
runproj limit: 0.77
10100000001000000001000000010001000000000000000000000000000000000010000000000000000000010000000000000000000000000000000001000000000000010000000000000000000000100000000000000000000 2.11509392e8
runproj limit: 0.77
00100000001000000001000000000011000000000000000000000000000000010010000000000000000000000000000000000000001000000010000001000000000000010000000000000000000000100000100000000000000 2.11509392e8
runproj limit: 0.77
00000000000100000010000010011010000000000000000000010000000000000000000000000000001000000000000000010000001000000000000000000000000000000000100000000000000000000000110000000000000 2.21731872e8
best: 1.0
runproj limit: 0.77
00100000001000000000000000000001000000000000000000000000000000010010000000000000000000000000000000000000000000000000000000000000000000000000000000000000000000100000100000000000000 2.06521312e8
runproj limit: 0.77
"timed out"
00100000000000000001000010100001100000100100000000000010000000000000000000000001000010000000000000000000000010000110000000001000000000010000000000000000000001101000100000000000100 4.13042624e8
runproj limit: 0.77
10100000001000000001000000010001000000000000000000000000000000000010000000000000000000010000000000000000000000000000000001000000000000010000000000000000000000100000100000000000000 2.11509392e8
runproj limit: 0.77
00100000001000000000000000010000000100000000000000000100000000010010000000000000000000000000000000000000100000000000000001000000000000010000000000001000000000100000100000000000000 2.06522368e8
runproj limit: 0.77
00100000000000000000000000010000000100000000000000000100000000010010000000000000000000110000000000000000100000000010000001000000000000010000000000001000000000100000000000000000000 2.06522368e8
runproj limit: 0.77
00100000000000000001000000010000000100000000000000000000000000000000000100000010000000010000010000000000000000000010000000000000000000010000000000000000000000100000000000000000000 2.11508304e8
runproj limit: 0.77
"timed out"
10100100001000000000000000100000000000000000001000001100000001011010000000000000100000100000000000001000000000100001000000000101000001010000000000000000000000101000100000000001000 4.13042624e8
runproj limit: 0.77
"timed out"
00100001000000000000000000010000000100010000000001010000000000110010000100000010000000110000000010001100100000001110001001000000001000010010000000000001000010000000000000010100100 4.13042624e8
runproj limit: 0.77
"timed out"
00000000001010000000010010000010000000000000001001011000100010010011001001000000001000100000000000100010100001100011000011000000001101010001010100100010110101100010100100010000000 4.13042624e8
runproj limit: 0.77
"timed out"
10110100000100000010100010010001000010001001100000001011000100010100100110000100001000010000000000010000000101000000100011010000010001000101100010010100000000100001010101000101001 4.13042624e8
runproj limit: 0.77
"timed out"
11100100100011001000000010011000100001000100010100010100101111110100100101000000001000110000000001001110100101000010000001100001110100010100011001001100110100101101000100000000000 4.13042624e8
runproj limit: 0.77
"timed out"
10110000100010010001000000000011101100000000010000000000110101000101000010100000010000011101100001110001100000100000000001001011000011010011000100100000000010100011000000010101011 4.13042624e8
runproj limit: 0.77
"timed out"
00100100001010110101010000001000110000100000100101010011000001000000011001001000001000100000010100010101011001010011100011000011001010010000010111101100010101010000000000010000010 4.13042624e8
runproj limit: 0.77
00000000000000000000000000000000000000000000000000000000000000000000000000000000000000000000000000000000000000000000000000000000000000000000000000000000000000000000000000000000000 2.06521312e8
runproj limit: 0.77
00100000000000000000000000010000000100000000000000000100000000010010000000000000000000110000000000000000100000000010000001000000000000010000000000001000000000100000000000000000000 2.06522368e8
runproj limit: 0.77
00100000001000000000000000000000000000000000000000000000000000010010000000000000000000000000000000000000000000000000000001000000000000010000000000000000000000100000100000000000000 2.06522368e8
runproj limit: 0.77
00100000000000000000000000010000000000001000000000000000000000010010000000000000000000010000000000000000000000000000000001000000000000010000000000000000100000100000100001000000000 2.06793904e8
runproj limit: 0.77
01100000100000000001000000001001000000000000000000000000000000000000000100000010000000000000010000101000000000000010000000000000000000000000000000000000000000100000100000000000000 2.11508304e8
runproj limit: 0.77
00100000000000000001000000000001000000000000000000000000000000000000000000000000000000000000000000000000000000000010000000000000000000000000000000000000000000100000100000000000000 2.11508304e8
runproj limit: 0.77
10100000000000000001000000010001000000000000000000000000000000000000000000000000000000010000000000000000000000000000000001000000000000010000000000000000000000100000100000000000000 2.11509392e8
best: 1.0
runproj limit: 0.77
00100000000000000000000000010000000000001000000000000000000000010010000000000000000000010000000000000000100000000010000001000000000000010000000000001000100000100000100001000000000 2.06793904e8
runproj limit: 0.77
00100000000010000101010000010000010000000000100001000001000001000000001001001000000000010000010100010001001000010010000001000011001000010000010110101100110100000000000001000000000 2.1305716e8
runproj limit: 0.77
10100100001000000000000000000000000000000000000000001100000001011010000000000000100000000000000000001000000000100001000001000000000000010000000000000000000000100000100000000000000 2.10369224e8
runproj limit: 0.77
10100000000000000001000000010000000100000000000000000000000000000000000100000010000000010000000000000000000000000000000000000000000000010000000000000000000000100000100000000000000 2.11508304e8
runproj limit: 0.77
00100000001000000000000000000000000000000000000000000000000000010010000000000000000000000000000000000000000000000000000000000000000000010000000000000000000000100000100000000000000 2.06521312e8
runproj limit: 0.77
00100000000000000000000000000000000000000000000000000000000000010010000000000000000000100000000000000000000000000000000001000000000000010000000000000000000000100000000000000000000 2.06522368e8
runproj limit: 0.77
00100000000000000000000000010001000000000000000000000000000000010010000000000000000000100000000000000000100000000010000000000000000000000000000000001000000000100000000000000000000 2.06521312e8
runproj limit: 0.77
00100000000000000000000000010000000100000000000000000100000000010010000000000000000000110000000000000000100000000010000001000000000000010000000000001000000000100000000000000000000 2.06522368e8
runproj limit: 0.77
01110100001011101000100001110001001001010111000100000001000000110011000000011010000000110100101000000001101100000100000001010010100000000000001000000000110000000000100000110010000 2.24237576e8
runproj limit: 0.77
"timed out"
01001111100111000110000000110000001110000101111001000101011000000011000100101101000000000001001000000000110001010100000000000000000010010100000000000000000001100000101011000101000 4.13042624e8
runproj limit: 0.77
"timed out"
01111000100000000101000100000001000000010000110010010100000100000100001000000010110000001100011000101011010000001011110110110001000000100000010001100010111000100011000000000000000 4.13042624e8
runproj limit: 0.77
"timed out"
10101000010000000000100011011000110100000011100010000000001100010111101110001001010000011010100000001111101101110101000011000101000001010010110111001000001010100000111001111001100 4.13042624e8
runproj limit: 0.77
"timed out"
00100001001001000000010101100000000010011000101001111000000001010010000100110111001101110101001000001101100100100110001000000001011000010110010001110000000000110001000101110110000 4.13042624e8
runproj limit: 0.77
00100000001000000000000000000001000000000000000000000000000000010010000000000000000000000000000000000000000000000000000000000000000000000000000000000000000000100000100000000000000 2.06521312e8
runproj limit: 0.77
00000000000000000000000000000000000000000000000000000000000000000000000000000000000000000000000000000000000000000000000000000000000000000000000000000000000000000000000000000000000 2.06521312e8
runproj limit: 0.77
00100000001000000000000000010000000100000000000000000100000000010010000000000000000000000000000000000000100000000000000001000000000000010000000000001000000000100000100000000000000 2.06522368e8
runproj limit: 0.77
00100000000000000000000000010000000100000000000000000100000000010010000000000000000000110000000000000000100000000010000001000000000000010000000000001000000000100000000000000000000 2.06522368e8
runproj limit: 0.77
00100000001000000000000000000000000000000000000000000000000000010010000000000000000000000000000000000000000000000000000001000000000000010000000000000000000000100000100000000000000 2.06522368e8
runproj limit: 0.77
00100000000000000000000000010000000000001000000000000000000000010010000000000000000000010000000000000000000000000000000001000000000000010000000000000000100000100000100001000000000 2.06793904e8
runproj limit: 0.77
00100000000000000001000000010000000100000000000000000000000000000000000100000010000000010000010000000000000000000010000000000000000000010000000000000000000000100000000000000000000 2.11508304e8
best: 1.0
runproj limit: 0.77
00100000000000000000000000010000000100000000000000000000000000010010000000000000000000110000000000000000100000000010000001000000000000010000000000001000000000100000000000000000000 2.06522368e8
runproj limit: 0.77
00100000001000000000000000010000000000000000000000000000000000010010000000000000000000000000000000000000100000000010000001000000000000010000000000001000000000100000000000000000000 2.06522368e8
runproj limit: 0.77
00100000001000000000000000000001000000000000000000000000000000010010000000000000000000000000000000000000000000000000000000000000000000000000000000000000000000100000100000000000000 2.06521312e8
runproj limit: 0.77
"timed out"
00001010100000000000000000110001000010000001110000000101000000000011000000101100000000000000000000000000110000000000000000000000000010000000000000001000000001100000101010000101000 4.13042624e8
runproj limit: 0.77
00100000000000000000000000000000000000001000000000000000000000010000000000000000000000000000000000000000000000000000000000000000000000010000000000000000000000000000100000000000000 2.06521312e8
runproj limit: 0.77
00100000000000000000000000010000000100000000000000000100000000010010000000000000000000110000000000000000100000000010000001000000000000010000000000001000000000100000000000000000000 2.06522368e8
runproj limit: 0.77
"timed out"
01001010100100000110000000010000000100000000001001000000011000000010000000001001000000000000001000000000110000000100000000000000000010000000000000000000000001100000001001000100000 4.13042624e8
runproj limit: 0.77
00100000001000000000000000010000000100000000000000000100000000010010000000000000000000010000000000000000000000000000000001000000000000010000000000001000000000100000000000000000000 2.06522368e8
runproj limit: 0.77
"timed out"
00101100000100000000010001100000011000011000000000011001000101000001000100001010010000111010000001000010100000001000000001100000010010010001010111010100000100110010010001100000000 4.13042624e8
runproj limit: 0.77
"timed out"
11000000001000000101100010100000000000100100001000000010100000010110100100001000000000011000000010101000100001100110001000100101001000010010100100001000000000010111100000010010110 4.13042624e8
runproj limit: 0.77
"timed out"
10000101100000000000000000100000010001011110110011100001100100010010010001010101000001100001100000001000000010100010100111100001000000101001000010001000000000010000000001001010000 4.13042624e8
runproj limit: 0.77
"timed out"
10000011000001000011001000101000000101000000111000010100111000010000100100010010010010100000100000011000000000011000000000001001000000010000010100000010000000101000100100000000000 4.13042624e8
runproj limit: 0.77
"timed out"
11110100011011110000100001010111001001010011011100001001100001110011100100111011100000110010101100000011100101000100100000110010110001000001000000100100001001000001100000111010001 4.13042624e8
runproj limit: 0.77
00100000001000000000000000000000000000000000000000000000000000010010000000000000000000000000000000000000000000000000000000000000000000010000000000000000000000100000100000000000000 2.06521312e8
runproj limit: 0.77
00100000000000000000000000010001000000000000000000000000000000010010000000000000000000100000000000000000100000000010000000000000000000000000000000001000000000100000000000000000000 2.06521312e8
runproj limit: 0.77
00100000001000000000000000000001000000000000000000000000000000010010000000000000000000000000000000000000000000000000000000000000000000000000000000000000000000100000100000000000000 2.06521312e8
runproj limit: 0.77
00000000000000000000000000000000000000000000000000000000000000000000000000000000000000000000000000000000000000000000000000000000000000000000000000000000000000000000000000000000000 2.06521312e8
runproj limit: 0.77
00100000000000000000000000000000000000000000000000000000000000010010000000000000000000100000000000000000000000000000000001000000000000010000000000000000000000100000000000000000000 2.06522368e8
runproj limit: 0.77
00100000000000000000000000010000000100000000000000000100000000010010000000000000000000110000000000000000100000000010000001000000000000010000000000001000000000100000000000000000000 2.06522368e8
runproj limit: 0.77
00100000001000000000000000010000000100000000000000000100000000010010000000000000000000000000000000000000100000000000000001000000000000010000000000001000000000100000100000000000000 2.06522368e8
best: 1.0
runproj limit: 0.77
00100000000000000000000000000000000000000000000000000000000000010010000000000000000000000000000000000000000000000000000000000000000000010000000000000000000000100000000000000000000 2.06521312e8
runproj limit: 0.77
00000000000000000000000000000000000000000000000000000000000000010000000000000000000000000000000000000000000000000000000000000000000000010000000000000000000000000000100000000000000 2.06521312e8
runproj limit: 0.77
00000000000000000000000000000001000000000000000000000000000000010000000000000000000000100000000000000000000000000000000000000000000000000000000000001000000000000000000000000000000 2.06521312e8
runproj limit: 0.77
00100000001000000000000000010000000000000000000000000000000000010010000000000000000000000000000000000000100000000010000001000000000000010000000000001000000000100000000000000000000 2.06522368e8
runproj limit: 0.77
00100000000000000000000000010000000000000000000000000000000000010010000000000000000000100000000000000000000000000000000001000000000000000000000000000000000000100000000000000000000 2.06522368e8
runproj limit: 0.77
"timed out"
01100000001010110000000001000101000000000011001100000001100001010010100100000010100000100010101000000010100001000100100000000000100001000000000000100100000000000001100000000010000 4.13042624e8
runproj limit: 0.77
00100000000000000000000000010001000000000000000000000000000000010010000000000000000000000000000000000000000000000010000000000000000000000000000000000000000000100000000000000000000 2.06521312e8
runproj limit: 0.77
"timed out"
10000100100000000000000000110000010001011000010000100100100100010010010001000000000000110000100000000000000000100010000101000001000000010001000000001000000000000000000000000010000 4.13042624e8
runproj limit: 0.77
"timed out"
10101001000011010000010010011001000000100000011100000100000000011110001010110101000000100001001101001011100000000010010000000010000000100000000000001001001000100100000000000100000 4.13042624e8
runproj limit: 0.77
"timed out"
11000010001001100101100010001110000000101101011100000010101000011100000111001000001000011010000010100010100001100110001000110001001010000110110101001001000100010011100000000010010 4.13042624e8
runproj limit: 0.77
"timed out"
00110000101100000000000000011100000000000100000010010000100010010010000001101011101100000001100010010111000000101010100010100000000011000100001000100000001000100100101001001000000 4.13042624e8
runproj limit: 0.77
"timed out"
10100000000010000001000110000101011100100011000001000000000000110000000100110010000000100010000000001010111110000010000101000000000011010110000000001010001000100101101010100010000 4.13042624e8
runproj limit: 0.77
"timed out"
00100000001010010110000001101000100110100100100100101110010110010000000001000000000000000000000100000010101100001011000001001000000000000000000011101010000010100100000000010100001 4.13042624e8
runproj limit: 0.77
00100000001000000000000000000001000000000000000000000000000000010010000000000000000000000000000000000000000000000000000000000000000000000000000000000000000000100000100000000000000 2.06521312e8
runproj limit: 0.77
00100000000000000000000000000000000000001000000000000000000000010000000000000000000000000000000000000000000000000000000000000000000000010000000000000000000000000000100000000000000 2.06521312e8
runproj limit: 0.77
00100000001000000000000000000000000000000000000000000000000000010010000000000000000000000000000000000000000000000000000000000000000000010000000000000000000000100000100000000000000 2.06521312e8
runproj limit: 0.77
00100000000000000000000000010001000000000000000000000000000000010010000000000000000000100000000000000000100000000010000000000000000000000000000000001000000000100000000000000000000 2.06521312e8
runproj limit: 0.77
00000000000000000000000000000000000000000000000000000000000000000000000000000000000000000000000000000000000000000000000000000000000000000000000000000000000000000000000000000000000 2.06521312e8
runproj limit: 0.77
00100000000000000000000000010000000100000000000000000000000000010010000000000000000000110000000000000000100000000010000001000000000000010000000000001000000000100000000000000000000 2.06522368e8
runproj limit: 0.77
00100000001000000000000000010000000000000000000000000000000000010010000000000000000000000000000000000000100000000010000001000000000000010000000000001000000000100000000000000000000 2.06522368e8
best: 1.0
runproj limit: 0.77
00000100000000000000000000010001010001001000010000000000000000010000000001000000000000110000000000000000000000000010000101000000000000000001000000001000000000000000000000000010000 2.06519272e8
runproj limit: 0.77
00000000000000000000000000000000000000000000000000000000000000010000000000000000000000100000000000000000000000000000000001000000000000000000000000000000000000100000000000000000000 2.06522368e8
runproj limit: 0.77
00100000000000000000000000000000000000000000000000000000000000010010000000000000000000000000000000000000000000000000000000000000000000010000000000000000000000100000000000000000000 2.06521312e8
runproj limit: 0.77
00100000000000000000000000000000000000000000000000000000000000010010000000000000000000000000000000000000000000000000000000000000000000000000000000000000000000000000100000000000000 2.06521312e8
runproj limit: 0.77
"timed out"
00101000000010000000000010011001000000100000000100000100000000011110001010100100000000100000000001000000100000000000010000000000000000100000000000001000001000100000000000000000000 4.13042624e8
runproj limit: 0.77
00000000000000000000000000010001000000000000000000000000000000000000000000000000000000000000000000000000000000000000000000000000000000000000000000000000000000000000000000000000000 2.06521312e8
runproj limit: 0.77
00100000000000000000000000000000000000000000000000000000000000010010000000000000000000100000000000000000000000000000000001000000000000010000000000000000000000100000000000000000000 2.06522368e8
runproj limit: 0.77
00100000001000000000000000000001000000000000000000000000000000010010000000000000000000110000000000000000000000000000000000000000000000000000000000000000000000100000100000000000000 2.06521312e8
runproj limit: 0.77
"timed out"
11100000000000100010011000000001011100001011101110110000001000010100011010010000110000111100110010000010000000000011111001000001010010011010000100001000000000100000110000100010000 4.13042624e8
runproj limit: 0.77
"timed out"
11100110001001001110101010011110010010101101011100100011111000001000001011001001011010011100010011101010010001100110000011100001110001011100110011001000100110000000100000101110010 4.13042624e8
runproj limit: 0.77
"timed out"
00010000101000001001010001101001000000001101001010110010101111110010100000100011001000010101001011111010010000100011101111110001100111000100011000110000001000100100011101001100001 4.13042624e8
runproj limit: 0.77
"timed out"
00011000111010001001000010100011110100100100010000000000100100110000101001011001110101100000001001000000101010000000000001001001001000011001000010000001010001001001100110000010000 4.13042624e8
runproj limit: 0.77
"timed out"
01101010011000010100000001000001010110000010100000110000011100100010000001001000101101000001000111001000110010000000100011100000100000010010010000110000001100101111100010001001001 4.13042624e8
runproj limit: 0.77
00100000000000000000000000000000000000000000000000000000000000010010000000000000000000000000000000000000000000000000000000000000000000010000000000000000000000100000000000000000000 2.06521312e8
runproj limit: 0.77
00000000000000000000000000000000000000000000000000000000000000010000000000000000000000000000000000000000000000000000000000000000000000010000000000000000000000000000100000000000000 2.06521312e8
runproj limit: 0.77
00000000000000000000000000000001000000000000000000000000000000010000000000000000000000100000000000000000000000000000000000000000000000000000000000001000000000000000000000000000000 2.06521312e8
runproj limit: 0.77
00100000000000000000000000010001000000000000000000000000000000010010000000000000000000000000000000000000000000000010000000000000000000000000000000000000000000100000000000000000000 2.06521312e8
runproj limit: 0.77
00100000001000000000000000000001000000000000000000000000000000010010000000000000000000000000000000000000000000000000000000000000000000000000000000000000000000100000100000000000000 2.06521312e8
runproj limit: 0.77
00100000000000000000000000000000000000001000000000000000000000010000000000000000000000000000000000000000000000000000000000000000000000010000000000000000000000000000100000000000000 2.06521312e8
runproj limit: 0.77
00100000001000000000000000000000000000000000000000000000000000010010000000000000000000000000000000000000000000000000000000000000000000010000000000000000000000100000100000000000000 2.06521312e8
best: 0.9999901220848335
runproj limit: 0.77
00100000000000000000000000010001000000000000000000000000000000010000000000000000000000000000000000000000000000000010000000000000000000000000000000000000000000000000000000000000000 2.06521312e8
runproj limit: 0.77
00100000000000000000000000000000000000000000000000000000000000010010000000000000000000000000000000000000000000000000000000000000000000010000000000000000000000100000000000000000000 2.06521312e8
runproj limit: 0.77
"timed out"
00000000100000000000000000101000000000000100000000110010100101010010000000100000001000000100001011001000010000000011100111010001000111010100000000010000001000100100001001001100001 4.13042624e8
runproj limit: 0.77
00000100000000000000000000010000000001001000000000000000000000010000000000000000000000100000000000000000000000000000000000000000000000010000000000000000000000000000000000000000000 2.06521288e8
runproj limit: 0.77
"timed out"
11100000001001001010001010011100010000001001001000100001110000011000001011001001001010010100000011101010010001000100000001100001000000010000010010001000000000100000100000001110000 4.13042624e8
runproj limit: 0.77
00100000000000000000000000000001000000000000000000000000000000010010000000000000000000000000000000000000000000000000000000000000000000000000000000000000000000100000100000000000000 2.06521312e8
runproj limit: 0.77
00100000000000000000000000010001000000000000000000000000000000010010000000000000000000000000000000000000000000000000000000000000000000000000000000000000000000100000000000000000000 2.06521312e8
runproj limit: 0.77
00100000000000000000000000000000000000000000000000000000000000010010000000000000000000000000000000000000000000000000000000000000000000010000000000000000000000100000100000000000000 2.06521312e8
runproj limit: 0.77
"timed out"
00100000010100000100110000010110001000010010100000010000010000000011000000010010000001000000000001001010000100111000010000000000100100010000110001011010101010010111001000100100100 4.13042624e8
runproj limit: 0.77
"timed out"
10100001101010110000010000000000000011100101100001000110010000010000001001110010101000010000100100000000001010101010000000000000010000010101000000010011100001010000000000101110001 4.13042624e8
runproj limit: 0.77
"timed out"
00100000000001010010000001011110000000101100111001001001000111100000000111000000100000111000000000100000010000100000110101110110000000010001110011001001100001001000000000001001010 4.13042624e8
runproj limit: 0.77
"timed out"
00100000000000110101010010000111000100000001010001000000001000011000000000001000000010110011000001000010100110011000000100010100010010010000000100111000001001011111000100000100000 4.13042624e8
runproj limit: 0.77
"timed out"
10100000001101011001000000010011000010000100010010111000000001111001011000000001000011010001010000011000000000110010000000010000100001001000000000000000101001110000100001000000100 4.13042624e8
runproj limit: 0.77
00000100000000000000000000010001010001001000010000000000000000010000000001000000000000110000000000000000000000000010000101000000000000000001000000001000000000000000000000000010000 2.06519272e8
runproj limit: 0.77
00100000000000000000000000000000000000000000000000000000000000010010000000000000000000000000000000000000000000000000000000000000000000010000000000000000000000100000000000000000000 2.06521312e8
runproj limit: 0.77
00100000000000000000000000000000000000000000000000000000000000010010000000000000000000000000000000000000000000000000000000000000000000000000000000000000000000000000100000000000000 2.06521312e8
runproj limit: 0.77
00000000000000000000000000010001000000000000000000000000000000000000000000000000000000000000000000000000000000000000000000000000000000000000000000000000000000000000000000000000000 2.06521312e8
runproj limit: 0.77
00100000001000000000000000000001000000000000000000000000000000010010000000000000000000110000000000000000000000000000000000000000000000000000000000000000000000100000100000000000000 2.06521312e8
runproj limit: 0.77
00000000000000000000000000000000000000000000000000000000000000010000000000000000000000000000000000000000000000000000000000000000000000010000000000000000000000000000100000000000000 2.06521312e8
runproj limit: 0.77
00000000000000000000000000000001000000000000000000000000000000010000000000000000000000100000000000000000000000000000000000000000000000000000000000001000000000000000000000000000000 2.06521312e8
best: 0.9999901220848335
runproj limit: 0.77
00000000000000000000000000000001000000000000000000000000000000010010000000000000000000100000000000000000000000000000000000000000000000010000000000000000000000100000000000000000000 2.06521312e8
runproj limit: 0.77
"timed out"
00100000000001010001000000010011000000000000000000110000000000110000010000000001000011110001000000000000000000100010000000000000100001001000000000001000100001010000000001000000100 4.13042624e8
runproj limit: 0.77
"timed out"
00100000001000000100000000000110001000010000100000000000010000000011000000000010000001000000000001001010000000001000000000000000100100010000110001001000100010010111001000000100100 4.13042624e8
runproj limit: 0.77
00000100000000000000000000010000000001001000010000000000000000010000000000000000000000100000000000000000000000000010000100000000000000000000000000000000000000000000000000000010000 2.06521288e8
runproj limit: 0.77
00000000000000000000000000000000000000000000000000000000000000010000000000000000000000100000000000000000000000000000000000000000000000000000000000000000000000000000000000000000000 2.06521312e8
runproj limit: 0.77
00100000000000000000000000000000000000000000000000000000000000010010000000000000000000000000000000000000000000000000000000000000000000010000000000000000000000000000100000000000000 2.06521312e8
runproj limit: 0.77
00000100001000000000000000000001010001000000010000000000000000010010000001000000000000110000000000000000000000000010000000000000000000000000000000001000000000100000000000000000000 2.06518216e8
runproj limit: 0.77
00100100000000000000000000000000000000001000000000000000000000010010000000000000000000000000000000000000000000000000000000000000000000010000000000000000000000000000000000000000000 2.06521288e8
runproj limit: 0.77
"timed out"
00000100010000111100000000000001011011110000110110000010011100111010110001000011000000010000110000000001001010010001011100010000000000000001000010001101110000000001010100000010001 4.13042624e8
runproj limit: 0.77
"timed out"
00001111000000000111000010001011001010000101011010000000110000110110000100110100100100000100000000100000010000000000101000100000000000110010000001000000001000000111101010001000000 4.13042624e8
runproj limit: 0.77
"timed out"
11100010110010000000001100001100110010001100100001010000100010100110100110001000010001110010100001001000001000000110000000000010101001000100100000100100011100000000000100000000010 4.13042624e8
runproj limit: 0.77
"timed out"
10000000101110000010001100100000000110001111010100000000001010010001000011000110100011110000000010000010000101010001000111010010001000100001000000011001001010000000000000010000101 4.13042624e8
runproj limit: 0.77
"timed out"
00000010000010001100100001111010000010001000000000100011010111010011001111000100001000100100000011000110011001101000000000001000100001000000001100101001010011011001010100100010001 4.13042624e8
runproj limit: 0.77
00000100000000000000000000010001010001001000010000000000000000010000000001000000000000110000000000000000000000000010000101000000000000000001000000001000000000000000000000000010000 2.06519272e8
runproj limit: 0.77
00000100000000000000000000010000000001001000000000000000000000010000000000000000000000100000000000000000000000000000000000000000000000010000000000000000000000000000000000000000000 2.06521288e8
runproj limit: 0.77
00100000000000000000000000010001000000000000000000000000000000010000000000000000000000000000000000000000000000000010000000000000000000000000000000000000000000000000000000000000000 2.06521312e8
runproj limit: 0.77
00100000000000000000000000000000000000000000000000000000000000010010000000000000000000000000000000000000000000000000000000000000000000010000000000000000000000100000000000000000000 2.06521312e8
runproj limit: 0.77
00100000000000000000000000000001000000000000000000000000000000010010000000000000000000000000000000000000000000000000000000000000000000000000000000000000000000100000100000000000000 2.06521312e8
runproj limit: 0.77
00100000000000000000000000010001000000000000000000000000000000010010000000000000000000000000000000000000000000000000000000000000000000000000000000000000000000100000000000000000000 2.06521312e8
runproj limit: 0.77
00100000000000000000000000000000000000000000000000000000000000010010000000000000000000000000000000000000000000000000000000000000000000010000000000000000000000100000100000000000000 2.06521312e8
best: 0.9999850088111003
runproj limit: 0.77
00000100000000000000000000000000000001000000000000000000000000010000000000000000000000100000000000000000000000000000000000000000000000000000000000000000000000000000000000000000000 2.06521288e8
runproj limit: 0.77
00100100000000000000000000010000000000000000000000000000000000010010000000000000000000000000000000000000000000000010000000000000000000000000000000000000000000000000000000000010000 2.06521288e8
runproj limit: 0.77
"timed out"
00000000001110000010000000000001000011000100010100000000001010010011000011000110000000110000000010000010000000000000000011000000001000100001000000011000000000000000000000010000100 4.13042624e8
runproj limit: 0.77
00100000000000000000000000000000000001001000010000000000000000010010000000000000000000000000000000000000000000000010000100000000000000000000000000000000000000000000000000000010000 2.06521312e8
runproj limit: 0.77
00000100000000000000000000010000000000001000000000000000000000010010000000000000000000100000000000000000000000000000000000000000000000010000000000000000000000100000000000000000000 2.06521288e8
runproj limit: 0.77
"timed out"
10100010000010000000000100001000110000001100000001010000100000100100000110000000010000000000100001000000000000000110000000000000101000000000100000100000011000000000000100000000010 4.13042624e8
runproj limit: 0.77
00000100000000000000000000010000000001001000010000000000000000010010000001000000000000110000000000000000000000000000000000000000000000010000000000000000000000000000000000000000000 2.06518216e8
runproj limit: 0.77
00000000000000000000000000000001000000000000010000000000000000010010000000000000000000010000000000000000000000000000000101000000000000000001000000001000000000000000000000000010000 2.06522368e8
runproj limit: 0.77
"timed out"
10011010110000000101000000000001000100000101010000100010000100010010001000101000110001000001111000000000000000111101000110100101000100010100010110000000000110001000101000000010101 4.13042624e8
runproj limit: 0.77
"timed out"
00110000100100000100000000000100111010010000111010001000010010010011000000100000000011001000110011000010000100001001001000000000100101110000110000000010110111001111101001111110100 4.13042624e8
runproj limit: 0.77
"timed out"
00010110000010000100000000010001001011001010000000100000010010010010000001100000000100000110000100001100000100010000100000100000110000010011000010100011001001011000000010011000011 4.13042624e8
runproj limit: 0.77
"timed out"
00100010010110100000101001010000000001000100110010000010000001110110000001000100000101000000000000000000100000100010100001000000110100001000000000001100010100000000010000010000000 4.13042624e8
runproj limit: 0.77
"timed out"
00000100000101101010000011010010000001011000000011010000000110010011100000000000101110100011100111011010000100110010001110000000010100000011010100000001000001000000110011100101001 4.13042624e8
runproj limit: 0.77
00000100001000000000000000000001010001000000010000000000000000010010000001000000000000110000000000000000000000000010000000000000000000000000000000001000000000100000000000000000000 2.06518216e8
runproj limit: 0.77
00000100000000000000000000010001010001001000010000000000000000010000000001000000000000110000000000000000000000000010000101000000000000000001000000001000000000000000000000000010000 2.06519272e8
runproj limit: 0.77
00000100000000000000000000010000000001001000010000000000000000010000000000000000000000100000000000000000000000000010000100000000000000000000000000000000000000000000000000000010000 2.06521288e8
runproj limit: 0.77
00100100000000000000000000000000000000001000000000000000000000010010000000000000000000000000000000000000000000000000000000000000000000010000000000000000000000000000000000000000000 2.06521288e8
runproj limit: 0.77
00000100000000000000000000010000000001001000000000000000000000010000000000000000000000100000000000000000000000000000000000000000000000010000000000000000000000000000000000000000000 2.06521288e8
runproj limit: 0.77
00000000000000000000000000000001000000000000000000000000000000010010000000000000000000100000000000000000000000000000000000000000000000010000000000000000000000100000000000000000000 2.06521312e8
runproj limit: 0.77
00000000000000000000000000000000000000000000000000000000000000010000000000000000000000100000000000000000000000000000000000000000000000000000000000000000000000000000000000000000000 2.06521312e8
best: 0.9999850088111003
runproj limit: 0.77
00100100000000000000000000000000000000001000000000000000000000010010000000000000000000000000000000000000000000000000000000000000000000010000000000000000000000000000000000000000000 2.06521288e8
runproj limit: 0.77
00000100000000000000000000010001000001001000010000000000000000010010000001000000000000110000000000000000000000000000000100000000000000000000000000001000000000000000000000000010000 2.06518216e8
runproj limit: 0.77
00100100000000000000000000000000000000000000000000000000000000010010000000000000000000000000000000000000000000000000000000000000000000000000000000000000000000000000000000000000000 2.06521288e8
runproj limit: 0.77
00000100000000000000000000010000000001001000010000000000000000010000000001000000000000110000000000000000000000000000000000000000000000010000000000000000000000000000000000000010000 2.06518216e8
runproj limit: 0.77
00000100000001101010000011010000000000011000000011000000000110010010100000000000101110100010000010011010000100110000001000000000010100010001010000000001000000000000110011000100000 2.26570968e8
runproj limit: 0.77
00100100000000000000000000010000000000000000000000000000000000010010000000000000000000000000000000000000000000000010000000000000000000000000000000000000000000000000000000000010000 2.06521288e8
runproj limit: 0.77
"timed out"
10000000000000000000000000001000000000001000000000000000100000000000000010000000010000100000000000000000000000000010000000000000101000000000000000000000011000000000000000000000000 4.13042624e8
runproj limit: 0.77
00000000000000000000000000010000000000001000000000000000000000010010000000000000000000100000000000000000000000000000000000000000000000010000000000000000000000100000000000000000000 2.06521312e8
runproj limit: 0.77
"timed out"
11101110000010101010011110011001010000001100001000010101101000000100100110100101010000101010100101000100011011101110000000000010101000000001100100100000111001011011100100000000111 4.13042624e8
runproj limit: 0.77
"timed out"
10010010110000001101100000000001000100000111010000100010011100010010100100111000010001000001111000001010000101011001100100100100010100101010000111000000001110001100101000000010111 4.13042624e8
runproj limit: 0.77
"timed out"
00000000000011100010001100111101100001001000011000100001001000000001000001001000011100111000001011010100010010011000000111010000100101010000000000010100101100000000011011001010000 4.13042624e8
runproj limit: 0.77
"timed out"
10100001000100100001000110010000000001111011000000000000100010110011001000000001000000100001001000101000000001000100000100001000000000010000000010110000000110000001000000001100011 4.13042624e8
runproj limit: 0.77
"timed out"
10000000011000100000011010001001011011000111010010000110100011111000100001100100001001110000100100000010100110100110000101010001000100010000000000000110000000000000000000010110100 4.13042624e8
runproj limit: 0.77
00000100000000000000000000010000000001001000010000000000000000010010000001000000000000110000000000000000000000000000000000000000000000010000000000000000000000000000000000000000000 2.06518216e8
runproj limit: 0.77
00000100001000000000000000000001010001000000010000000000000000010010000001000000000000110000000000000000000000000010000000000000000000000000000000001000000000100000000000000000000 2.06518216e8
runproj limit: 0.77
00000100000000000000000000010001010001001000010000000000000000010000000001000000000000110000000000000000000000000010000101000000000000000001000000001000000000000000000000000010000 2.06519272e8
runproj limit: 0.77
00000100000000000000000000000000000001000000000000000000000000010000000000000000000000100000000000000000000000000000000000000000000000000000000000000000000000000000000000000000000 2.06521288e8
runproj limit: 0.77
00100100000000000000000000010000000000000000000000000000000000010010000000000000000000000000000000000000000000000010000000000000000000000000000000000000000000000000000000000010000 2.06521288e8
runproj limit: 0.77
00000100000000000000000000010000000000001000000000000000000000010010000000000000000000100000000000000000000000000000000000000000000000010000000000000000000000100000000000000000000 2.06521288e8
runproj limit: 0.77
00000100000000000000000000010000000001001000010000000000000000010000000000000000000000100000000000000000000000000010000100000000000000000000000000000000000000000000000000000010000 2.06521288e8
best: 0.9999850088111003
runproj limit: 0.77
00000101000000100001000000010000000001101001000000000000100000110011000000000000000000100001001000101000000000000100000100001000000000010000000010100000000000000001000000000010011 2.11543464e8
runproj limit: 0.77
00100100000000000000000000010000000000000000000000000000000000010010000000000000000000000000000000000000000000000010000000000000000000000000000000000000000000000000000000000010000 2.06521288e8
runproj limit: 0.77
00000100000000000000000000010000000001001000010000000000000000010010000001000000000000110000000000000000000000000010000001000000000000000001000000001000000000000000000000000000000 2.06519272e8
runproj limit: 0.77
00000100000000000000000000010000000001000000010000000000000000010010000001000000000000010000000000000000000000000000000000000000000000000000000000000000000000000000000000000010000 2.06518216e8
runproj limit: 0.77
00000100000000000000000000000000000001001000000000000000000000010000000000000000000000000000000000000000000000000000000000000000000000000000000000000000000000000000000000000010000 2.06521288e8
runproj limit: 0.77
"timed out"
01001100000010001000010110011000010000001100010000000100101000000010100101000000000000110010000100000100010001100100000000000000101000000000100100100000101000011010000100000000110 4.13042624e8
runproj limit: 0.77
"timed out"
00100100000101100010000010010000000001111001000010000000000010110010101000000000100110100010000010001000000101110100000000001000010100010000010010100000000110000000110000000100011 4.13042624e8
runproj limit: 0.77
00000100000000000000000000010000010001000000000000000000000000010010000000000000000000010000000000000000000000000010000000000000000000000000000000001000000000000000000000000010000 2.06521288e8
runproj limit: 0.77
"timed out"
00010000000000000000010010110100000000001011000000100001000010010010011000011001001100011001111001000000001001000110001000110100001110110000000000000000000000001010100000000010000 4.13042624e8
runproj limit: 0.77
"timed out"
10000110010011000100000001100000000100000000001110001000010000000000000000000000001001010010011110000000010000001000100110000111001000000000110000001000001010000000000010010101001 4.13042624e8
runproj limit: 0.77
"timed out"
00101100100001101010100010000000000010101001000011100001000010110010101000101000101000100011100010010011100100011100000001110001111100010101010001010001010001000100110111000000110 4.13042624e8
runproj limit: 0.77
"timed out"
00100000000110000010100001001100010100011000000000011010010100110011010001101000000000010010100101000000010011000011000000011001010000000100000000100001010010011000010011000001000 4.13042624e8
runproj limit: 0.77
"timed out"
11010110001001111000100001000001001001011101010000000000001000000010100110101011010011110100000100101000000100000000000011001000000001100000000000011100000001000100000001110000010 4.13042624e8
runproj limit: 0.77
00000100000000000000000000010001000001001000010000000000000000010010000001000000000000110000000000000000000000000000000100000000000000000000000000001000000000000000000000000010000 2.06518216e8
runproj limit: 0.77
00000100000000000000000000010000000001001000010000000000000000010000000001000000000000110000000000000000000000000000000000000000000000010000000000000000000000000000000000000010000 2.06518216e8
runproj limit: 0.77
00000100000000000000000000010000000001001000010000000000000000010010000001000000000000110000000000000000000000000000000000000000000000010000000000000000000000000000000000000000000 2.06518216e8
runproj limit: 0.77
00000100001000000000000000000001010001000000010000000000000000010010000001000000000000110000000000000000000000000010000000000000000000000000000000001000000000100000000000000000000 2.06518216e8
runproj limit: 0.77
00000100000000000000000000010001010001001000010000000000000000010000000001000000000000110000000000000000000000000010000101000000000000000001000000001000000000000000000000000010000 2.06519272e8
runproj limit: 0.77
00100100000000000000000000000000000000001000000000000000000000010010000000000000000000000000000000000000000000000000000000000000000000010000000000000000000000000000000000000000000 2.06521288e8
runproj limit: 0.77
00100100000000000000000000000000000000000000000000000000000000010010000000000000000000000000000000000000000000000000000000000000000000000000000000000000000000000000000000000000000 2.06521288e8
best: 0.9999850088111003
done evolving!
"all is well:)"
>>>>>>>>>>>>>>FINISH OPTIMIZATION>>>>>>>>>>>>>>>
822.62user 312.04system 26:25.31elapsed 71%CPU (0avgtext+0avgdata 134388maxresident)k
1026784inputs+1584912outputs (482major+62918270minor)pagefaults 0swaps
