Optimizing /h/ywang30/nofib/imaginary/primes
>>>>>>>>>>>>>>>START OPTIMIZATION>>>>>>>>>>>>>>>
pop: 13
gens: 15
arch: 7
limit is: 0.1
runproj limit: 0.1
"All is well :D"
Basetime is: 1.08561936e8
runproj limit: 0.1
01000000000 1.08561936e8
runproj limit: 0.1
00100000001 1.08561936e8
runproj limit: 0.1
00000000000 1.08561936e8
runproj limit: 0.1
00000000000 1.08561936e8
runproj limit: 0.1
00000000000 1.08561936e8
runproj limit: 0.1
00100000100 1.08561936e8
runproj limit: 0.1
10000000000 1.08561936e8
runproj limit: 0.1
01000000000 1.08561936e8
runproj limit: 0.1
00001000000 1.08561936e8
runproj limit: 0.1
00100000000 1.08561936e8
runproj limit: 0.1
00000100000 1.08561936e8
runproj limit: 0.1
00001000000 1.08561936e8
runproj limit: 0.1
00000000000 1.08561936e8
best: 1.0
runproj limit: 0.1
00000000000 1.08561936e8
runproj limit: 0.1
00000000000 1.08561936e8
runproj limit: 0.1
01100000100 1.08561936e8
runproj limit: 0.1
00000000000 1.08561936e8
runproj limit: 0.1
10100000000 1.08561936e8
runproj limit: 0.1
10001000000 1.08561936e8
runproj limit: 0.1
01000000000 1.08561936e8
runproj limit: 0.1
10000000000 1.08561936e8
runproj limit: 0.1
00100000001 1.08561936e8
runproj limit: 0.1
00000100000 1.08561936e8
runproj limit: 0.1
00001100110 1.08561936e8
runproj limit: 0.1
01100100000 1.08561936e8
runproj limit: 0.1
01100101001 1.08561936e8
runproj limit: 0.1
01000000000 1.08561936e8
runproj limit: 0.1
00100000001 1.08561936e8
runproj limit: 0.1
00000000000 1.08561936e8
runproj limit: 0.1
00100000100 1.08561936e8
runproj limit: 0.1
10000000000 1.08561936e8
runproj limit: 0.1
00001000000 1.08561936e8
runproj limit: 0.1
00100000000 1.08561936e8
best: 1.0
runproj limit: 0.1
00100000000 1.08561936e8
runproj limit: 0.1
01100000000 1.08561936e8
runproj limit: 0.1
00000100100 1.08561936e8
runproj limit: 0.1
00100000000 1.08561936e8
runproj limit: 0.1
01000000100 1.08561936e8
runproj limit: 0.1
00100000000 1.08561936e8
runproj limit: 0.1
00000000001 1.08561936e8
runproj limit: 0.1
00100100000 1.08561936e8
runproj limit: 0.1
00001000000 1.08561936e8
runproj limit: 0.1
01010000000 1.08561936e8
runproj limit: 0.1
11110100000 1.08561936e8
runproj limit: 0.1
01010100010 1.08561936e8
runproj limit: 0.1
00110100001 1.08561936e8
runproj limit: 0.1
00000000000 1.08561936e8
runproj limit: 0.1
01100000100 1.08561936e8
runproj limit: 0.1
10100000000 1.08561936e8
runproj limit: 0.1
10001000000 1.08561936e8
runproj limit: 0.1
01000000000 1.08561936e8
runproj limit: 0.1
10000000000 1.08561936e8
runproj limit: 0.1
00100000001 1.08561936e8
best: 1.0
runproj limit: 0.1
01010000000 1.08561936e8
runproj limit: 0.1
00100000000 1.08561936e8
runproj limit: 0.1
10000100100 1.08561936e8
runproj limit: 0.1
00001000000 1.08561936e8
runproj limit: 0.1
00000000000 1.08561936e8
runproj limit: 0.1
01100000001 1.08561936e8
runproj limit: 0.1
10001000000 1.08561936e8
runproj limit: 0.1
01100000000 1.08561936e8
runproj limit: 0.1
00000000001 1.08561936e8
runproj limit: 0.1
01101000000 1.08561936e8
runproj limit: 0.1
01100100110 1.08561936e8
runproj limit: 0.1
11100101000 1.08561936e8
runproj limit: 0.1
01000100000 1.08561936e8
runproj limit: 0.1
00100000000 1.08561936e8
runproj limit: 0.1
01100000000 1.08561936e8
runproj limit: 0.1
00000100100 1.08561936e8
runproj limit: 0.1
01000000100 1.08561936e8
runproj limit: 0.1
00000000001 1.08561936e8
runproj limit: 0.1
00100100000 1.08561936e8
runproj limit: 0.1
00001000000 1.08561936e8
best: 1.0
runproj limit: 0.1
00000100100 1.08561936e8
runproj limit: 0.1
10001000000 1.08561936e8
runproj limit: 0.1
01100100000 1.08561936e8
runproj limit: 0.1
00000000000 1.08561936e8
runproj limit: 0.1
00000000000 1.08561936e8
runproj limit: 0.1
01100100000 1.08561936e8
runproj limit: 0.1
11110100000 1.08561936e8
runproj limit: 0.1
00100000000 1.08561936e8
runproj limit: 0.1
01110010001 1.08561936e8
runproj limit: 0.1
11111000010 1.08561936e8
runproj limit: 0.1
01101001000 1.08561936e8
runproj limit: 0.1
00000101101 1.08561936e8
runproj limit: 0.1
00010000000 1.08561936e8
runproj limit: 0.1
01010000000 1.08561936e8
runproj limit: 0.1
00100000000 1.08561936e8
runproj limit: 0.1
10000100100 1.08561936e8
runproj limit: 0.1
00001000000 1.08561936e8
runproj limit: 0.1
00000000000 1.08561936e8
runproj limit: 0.1
01100000001 1.08561936e8
runproj limit: 0.1
10001000000 1.08561936e8
best: 1.0
runproj limit: 0.1
01110000100 1.08561936e8
runproj limit: 0.1
00100000000 1.08561936e8
runproj limit: 0.1
10001000000 1.08561936e8
runproj limit: 0.1
01000100000 1.08561936e8
runproj limit: 0.1
01100100000 1.08561936e8
runproj limit: 0.1
01100000000 1.08561936e8
runproj limit: 0.1
10010100100 1.08561936e8
runproj limit: 0.1
01100101100 1.08561936e8
runproj limit: 0.1
01000000001 1.08561936e8
runproj limit: 0.1
10110001101 1.08561936e8
runproj limit: 0.1
10110110101 1.08561936e8
runproj limit: 0.1
00110000100 1.08561936e8
runproj limit: 0.1
01100100001 1.08561936e8
runproj limit: 0.1
00000100100 1.08561936e8
runproj limit: 0.1
10001000000 1.08561936e8
runproj limit: 0.1
01100100000 1.08561936e8
runproj limit: 0.1
00000000000 1.08561936e8
runproj limit: 0.1
11110100000 1.08561936e8
runproj limit: 0.1
00100000000 1.08561936e8
runproj limit: 0.1
01110010001 1.08561936e8
best: 1.0
runproj limit: 0.1
00000010100 1.08561936e8
runproj limit: 0.1
01000000000 1.08561936e8
runproj limit: 0.1
10010100000 1.08561936e8
runproj limit: 0.1
01100000000 1.08561936e8
runproj limit: 0.1
00100100000 1.08561936e8
runproj limit: 0.1
11000000000 1.08561936e8
runproj limit: 0.1
11000000000 1.08561936e8
runproj limit: 0.1
01100101100 1.08561936e8
runproj limit: 0.1
00010000000 1.08561936e8
runproj limit: 0.1
01011111000 1.08561936e8
runproj limit: 0.1
01011000001 1.08561936e8
runproj limit: 0.1
11001100011 1.08561936e8
runproj limit: 0.1
01100101101 1.08561936e8
runproj limit: 0.1
01110000100 1.08561936e8
runproj limit: 0.1
00100000000 1.08561936e8
runproj limit: 0.1
10001000000 1.08561936e8
runproj limit: 0.1
01000100000 1.08561936e8
runproj limit: 0.1
01100100000 1.08561936e8
runproj limit: 0.1
01100000000 1.08561936e8
runproj limit: 0.1
10010100100 1.08561936e8
best: 1.0
runproj limit: 0.1
01100100000 1.08561936e8
runproj limit: 0.1
11001101001 1.08561936e8
runproj limit: 0.1
01110100000 1.08561936e8
runproj limit: 0.1
01001010000 1.08561936e8
runproj limit: 0.1
01110101000 1.08561936e8
runproj limit: 0.1
01101101000 1.08561936e8
runproj limit: 0.1
01101010000 1.08561936e8
runproj limit: 0.1
01011000001 1.08561936e8
runproj limit: 0.1
11001100000 1.08561936e8
runproj limit: 0.1
10000000000 1.08561936e8
runproj limit: 0.1
11100001100 1.08561936e8
runproj limit: 0.1
01000011000 1.08561936e8
runproj limit: 0.1
11011000011 1.08561936e8
runproj limit: 0.1
00000010100 1.08561936e8
runproj limit: 0.1
01000000000 1.08561936e8
runproj limit: 0.1
10010100000 1.08561936e8
runproj limit: 0.1
01100000000 1.08561936e8
runproj limit: 0.1
00100100000 1.08561936e8
runproj limit: 0.1
11000000000 1.08561936e8
runproj limit: 0.1
01100101100 1.08561936e8
best: 1.0
runproj limit: 0.1
00110100000 1.08561936e8
runproj limit: 0.1
01000111000 1.08561936e8
runproj limit: 0.1
01011011010 1.08561936e8
runproj limit: 0.1
11001011000 1.08561936e8
runproj limit: 0.1
01100100000 1.08561936e8
runproj limit: 0.1
01000100000 1.08561936e8
runproj limit: 0.1
01000000000 1.08561936e8
runproj limit: 0.1
11100000100 1.08561936e8
runproj limit: 0.1
11001001000 1.08561936e8
runproj limit: 0.1
10000010000 1.08561936e8
runproj limit: 0.1
01100100100 1.08561936e8
runproj limit: 0.1
11101010001 1.08561936e8
runproj limit: 0.1
11001101001 1.08561936e8
runproj limit: 0.1
01100100000 1.08561936e8
runproj limit: 0.1
11001101001 1.08561936e8
runproj limit: 0.1
01110100000 1.08561936e8
runproj limit: 0.1
01001010000 1.08561936e8
runproj limit: 0.1
01110101000 1.08561936e8
runproj limit: 0.1
01101101000 1.08561936e8
runproj limit: 0.1
01101010000 1.08561936e8
best: 1.0
runproj limit: 0.1
01100010000 1.08561936e8
runproj limit: 0.1
01101100000 1.08561936e8
runproj limit: 0.1
11000100000 1.08561936e8
runproj limit: 0.1
11100111000 1.08561936e8
runproj limit: 0.1
11001001000 1.08561936e8
runproj limit: 0.1
01110101000 1.08561936e8
runproj limit: 0.1
01100100000 1.08561936e8
runproj limit: 0.1
11101010001 1.08561936e8
runproj limit: 0.1
10101101000 1.08561936e8
runproj limit: 0.1
10100110000 1.08561936e8
runproj limit: 0.1
01000100100 1.08561936e8
runproj limit: 0.1
01111100111 1.08561936e8
runproj limit: 0.1
11001000010 1.08561936e8
runproj limit: 0.1
00110100000 1.08561936e8
runproj limit: 0.1
01000111000 1.08561936e8
runproj limit: 0.1
01011011010 1.08561936e8
runproj limit: 0.1
11001011000 1.08561936e8
runproj limit: 0.1
01100100000 1.08561936e8
runproj limit: 0.1
01000100000 1.08561936e8
runproj limit: 0.1
01000000000 1.08561936e8
best: 1.0
runproj limit: 0.1
11001101110 1.08561936e8
runproj limit: 0.1
01110000000 1.08561936e8
runproj limit: 0.1
01000110100 1.08561936e8
runproj limit: 0.1
01100100000 1.08561936e8
runproj limit: 0.1
10101100000 1.08561936e8
runproj limit: 0.1
00101100000 1.08561936e8
runproj limit: 0.1
01100100110 1.08561936e8
runproj limit: 0.1
01000111000 1.08561936e8
runproj limit: 0.1
01100111010 1.08561936e8
runproj limit: 0.1
11000101101 1.08561936e8
runproj limit: 0.1
01000110000 1.08561936e8
runproj limit: 0.1
01111011010 1.08561936e8
runproj limit: 0.1
01101010001 1.08561936e8
runproj limit: 0.1
01100010000 1.08561936e8
runproj limit: 0.1
01101100000 1.08561936e8
runproj limit: 0.1
11000100000 1.08561936e8
runproj limit: 0.1
11100111000 1.08561936e8
runproj limit: 0.1
11001001000 1.08561936e8
runproj limit: 0.1
01110101000 1.08561936e8
runproj limit: 0.1
01100100000 1.08561936e8
best: 1.0
runproj limit: 0.1
01101100000 1.08561936e8
runproj limit: 0.1
01101110000 1.08561936e8
runproj limit: 0.1
01000011000 1.08561936e8
runproj limit: 0.1
01101111000 1.08561936e8
runproj limit: 0.1
10000100000 1.08561936e8
runproj limit: 0.1
01000010000 1.08561936e8
runproj limit: 0.1
11000100000 1.08561936e8
runproj limit: 0.1
01110000000 1.08561936e8
runproj limit: 0.1
11000100010 1.08561936e8
runproj limit: 0.1
01111010000 1.08561936e8
runproj limit: 0.1
10000101110 1.08561936e8
runproj limit: 0.1
11100011111 1.08561936e8
runproj limit: 0.1
01100110000 1.08561936e8
runproj limit: 0.1
11001101110 1.08561936e8
runproj limit: 0.1
01110000000 1.08561936e8
runproj limit: 0.1
01000110100 1.08561936e8
runproj limit: 0.1
01100100000 1.08561936e8
runproj limit: 0.1
10101100000 1.08561936e8
runproj limit: 0.1
00101100000 1.08561936e8
runproj limit: 0.1
01100100110 1.08561936e8
best: 1.0
runproj limit: 0.1
10000000000 1.08561936e8
runproj limit: 0.1
11100011111 1.08561936e8
runproj limit: 0.1
11000001010 1.08561936e8
runproj limit: 0.1
01101111000 1.08561936e8
runproj limit: 0.1
01101100000 1.08561936e8
runproj limit: 0.1
11000100100 1.08561936e8
runproj limit: 0.1
11100110001 1.08561936e8
runproj limit: 0.1
01001101110 1.08561936e8
runproj limit: 0.1
00010110110 1.08561936e8
runproj limit: 0.1
01010011101 1.08561936e8
runproj limit: 0.1
01100010000 1.08561936e8
runproj limit: 0.1
01000100110 1.08561936e8
runproj limit: 0.1
01101111000 1.08561936e8
runproj limit: 0.1
01101100000 1.08561936e8
runproj limit: 0.1
01101110000 1.08561936e8
runproj limit: 0.1
01000011000 1.08561936e8
runproj limit: 0.1
01101111000 1.08561936e8
runproj limit: 0.1
10000100000 1.08561936e8
runproj limit: 0.1
01000010000 1.08561936e8
runproj limit: 0.1
11000100000 1.08561936e8
best: 1.0
runproj limit: 0.1
01100100000 1.08561936e8
runproj limit: 0.1
01110010001 1.08561936e8
runproj limit: 0.1
01110011111 1.08561936e8
runproj limit: 0.1
11100110000 1.08561936e8
runproj limit: 0.1
01101111000 1.08561936e8
runproj limit: 0.1
01000011111 1.08561936e8
runproj limit: 0.1
10000110110 1.08561936e8
runproj limit: 0.1
01101110000 1.08561936e8
runproj limit: 0.1
10001000100 1.08561936e8
runproj limit: 0.1
00011110110 1.08561936e8
runproj limit: 0.1
11100010001 1.08561936e8
runproj limit: 0.1
11100011000 1.08561936e8
runproj limit: 0.1
11101011011 1.08561936e8
runproj limit: 0.1
10000000000 1.08561936e8
runproj limit: 0.1
11100011111 1.08561936e8
runproj limit: 0.1
11000001010 1.08561936e8
runproj limit: 0.1
01101111000 1.08561936e8
runproj limit: 0.1
01101100000 1.08561936e8
runproj limit: 0.1
11000100100 1.08561936e8
runproj limit: 0.1
11100110001 1.08561936e8
best: 1.0
runproj limit: 0.1
11100111000 1.08561936e8
runproj limit: 0.1
01000011111 1.08561936e8
runproj limit: 0.1
01110010000 1.08561936e8
runproj limit: 0.1
00010110110 1.08561936e8
runproj limit: 0.1
11100100000 1.08561936e8
runproj limit: 0.1
10001000000 1.08561936e8
runproj limit: 0.1
11100011000 1.08561936e8
runproj limit: 0.1
01000101000 1.08561936e8
runproj limit: 0.1
01110111111 1.08561936e8
runproj limit: 0.1
11101101010 1.08561936e8
runproj limit: 0.1
10100000000 1.08561936e8
runproj limit: 0.1
01001011000 1.08561936e8
runproj limit: 0.1
01010100111 1.08561936e8
runproj limit: 0.1
01100100000 1.08561936e8
runproj limit: 0.1
01110010001 1.08561936e8
runproj limit: 0.1
01110011111 1.08561936e8
runproj limit: 0.1
11100110000 1.08561936e8
runproj limit: 0.1
01101111000 1.08561936e8
runproj limit: 0.1
01000011111 1.08561936e8
runproj limit: 0.1
10000110110 1.08561936e8
best: 1.0
done evolving!
"all is well:)"
>>>>>>>>>>>>>>FINISH OPTIMIZATION>>>>>>>>>>>>>>>
475.68user 402.76system 16:47.40elapsed 87%CPU (0avgtext+0avgdata 135376maxresident)k
1060136inputs+1397104outputs (590major+63472875minor)pagefaults 0swaps
