Optimizing /h/ywang30/nofib/spectral/sorting
>>>>>>>>>>>>>>>START OPTIMIZATION>>>>>>>>>>>>>>>
pop: 13
gens: 15
arch: 7
limit is: 0.0
runproj limit: 0.0
"All is well :D"
Basetime is: 1278520.0
runproj limit: 0.0
"timed out"
00000000000000,00000000000000000000000000000000000000000000000000000000000000000000000000000000000000000000000000000000000000000000000000000000000000000000000000000000000000000000000000000000000000 2557040.0
runproj limit: 0.0
"timed out"
00100000001000,00100000001000000001000000000011000000000000000000000000000000010010000000000000000000000000000000000000001000000010000001000000000000010000000000000000000000100000100000000000000000 2557040.0
runproj limit: 0.0
"timed out"
00000000000000,00000000000000000000000000000000000000000000000000000000000000000000000000000000000000000000000000000000000000000000000000000000000000000000000000000000000000000000000000000000000000 2557040.0
runproj limit: 0.0
"timed out"
00000000000100,00000000000100000010000010100000000010100100000000010000000001100000000010000000000000000000000000010000010000000000000001000100000000000000000000000000100000000001000000000001000000 2557040.0
runproj limit: 0.0
"timed out"
00000000000000,00000000000000000000000001000110000000001001000001100000000000000000000000000000000000000100010001000000000000000000000000000100001000000000001001000000010000000000010000000010000000 2557040.0
runproj limit: 0.0
"timed out"
00100000100100,00100000100100000000000100001000000000000000000010000000000000001100000001000000000010000000000101000000000000010000010010000100100010000000000000100010000000000000010000001000000000 2557040.0
runproj limit: 0.0
"timed out"
10000000000000,10000000000000000000000000110001010100001000000100000001000001000000101000000000000001010000000000000000110000001000000000000010100000010010000000000000100000000000000001001001000000 2557040.0
runproj limit: 0.0
"timed out"
01000000000011,01000000000011000000001000000000000000000000001000000100000010100000000000000000000100110000100001000000010000000010100000000000000000000001000010001001000000100100000000010000000100 2557040.0
runproj limit: 0.0
"timed out"
00001000000000,00001000000000000000001000001000000000000000000001000001000000001000001001000000000000000001000000000000000101000001000000000000000000000000001001000100010010001100100000001001000000 2557040.0
runproj limit: 0.0
"timed out"
00000000000000,00000000000000000000000000000000000000000000000000000000000000000000000000000000000000000000000000000000000000000000000000000000000000000000000000000000000000000000000000000000000000 2557040.0
runproj limit: 0.0
"timed out"
00000000000000,00000000000000000000000000000000000000000000000000000000000000000000000000000000000000000000000000000000000000000000000000000000000000000000000000000000000000000000000000000000000000 2557040.0
runproj limit: 0.0
"timed out"
00001000000010,00001000000010000000000100000001000000000010000000000000000000000100000010000000000000000000000000000100001000000000000000100000000000000000000001000010010000100000000010011000100000 2557040.0
runproj limit: 0.0
"timed out"
00000000000000,00000000000000000000000000001000000000000000010000000000000000110001100000100100000000000000000100001000100011000000000000000100000010000000000000010000010000010000000000100000100000 2557040.0
best: 2.0
runproj limit: 0.0
"timed out"
00000000000000,00000000000000000000000000000100000000001000000001000000000000000000000000000000000000000100010000000000000000000000000000000100001000000000000000000000010000000000000000000010000000 2557040.0
runproj limit: 0.0
"timed out"
00000000000000,00000000000000000000000000000001000000000000000000000000000000000000101000000000000001010000000000000000010000000000000000000000000000000000000000000000100000000000000001001000000000 2557040.0
runproj limit: 0.0
"timed out"
00100000100100,00100000100100000000000100000000000000000000000000000000000000000000000001000000000010000000000000000000000000000000010000000100000000000000000000000000000000000000000000001000000000 2557040.0
runproj limit: 0.0
"timed out"
00000000000000,00000000000000000000000000001000000000000000000001000000000000010000001000000100000000000001000100001000000001000001000000000000000000000000001000000000010010010100100000000001100000 2557040.0
runproj limit: 0.0
"timed out"
10100000000000,10100000000000000001000000110001000100001000000000000000000001000000001000000000000001010000000000000000110000000000000001000000000000010000000000000000100000100000000001000000000000 2557040.0
runproj limit: 0.0
"timed out"
10001000000000,10001000000000000000001000011001010100000000000101000001000001001000101000000000000000000001000000000000010100001000000000000010000000010000001000000100010010000100100001001001000000 2557040.0
runproj limit: 0.0
"timed out"
01000000000000,01000000000000000000000000000000000000000000000000000100000010000000000000000000000000100000100001000000000000000010000000000000000000000001000000001000000000000000000000010000000000 2557040.0
runproj limit: 0.0
"timed out"
10000000000000,10000000000000000000000000010000010100001000000101000000000000000000101000000000000001000100010001000000100000000000000000000100101000000010000000000000100000000000000000000000000000 2557040.0
runproj limit: 0.0
"timed out"
00100000001111,00100000001111001001000110000001000000100000010001000111001010010010100011000100000000110001000010001000101010000110000101101000001000010000000010000101000000100010000101000011000001 2557040.0
runproj limit: 0.0
"timed out"
00000100000010,00000100000010010110011001000111011110001000010100100000000100000000000000000000000110101100111001000001000000100001000010010000001100000001101000100000010000100001000100000010011010 2557040.0
runproj limit: 0.0
"timed out"
01001100110001,01001100110001100111000001010000000100100000010000001001001000000000001000100000001010100001001001011001001000000000000010100010001000110000011000000001001000000000000000010010010100 2557040.0
runproj limit: 0.0
"timed out"
01100100000110,01100100000110000101001100010000100000000000000001010100010001101100000101000010001011000001010101101000001111010001000110000100100010110010010001101010000000000100011010001000000100 2557040.0
runproj limit: 0.0
"timed out"
01100101001000,01100101001000000100000000010000001000100000010111111100000000000000000100000000000000010001011110011000010000000010000001001000000000000001000000000000011000010000000000110000001001 2557040.0
runproj limit: 0.0
"timed out"
00000000000000,00000000000000000000000000000000000000000000000000000000000000000000000000000000000000000000000000000000000000000000000000000000000000000000000000000000000000000000000000000000000000 2557040.0
runproj limit: 0.0
"timed out"
00100000001000,00100000001000000001000000000011000000000000000000000000000000010010000000000000000000000000000000000000001000000010000001000000000000010000000000000000000000100000100000000000000000 2557040.0
runproj limit: 0.0
"timed out"
00000000000100,00000000000100000010000010100000000010100100000000010000000001100000000010000000000000000000000000010000010000000000000001000100000000000000000000000000100000000001000000000001000000 2557040.0
runproj limit: 0.0
"timed out"
00000000000000,00000000000000000000000001000110000000001001000001100000000000000000000000000000000000000100010001000000000000000000000000000100001000000000001001000000010000000000010000000010000000 2557040.0
runproj limit: 0.0
"timed out"
00100000100100,00100000100100000000000100001000000000000000000010000000000000001100000001000000000010000000000101000000000000010000010010000100100010000000000000100010000000000000010000001000000000 2557040.0
runproj limit: 0.0
"timed out"
10000000000000,10000000000000000000000000110001010100001000000100000001000001000000101000000000000001010000000000000000110000001000000000000010100000010010000000000000100000000000000001001001000000 2557040.0
runproj limit: 0.0
"timed out"
01000000000011,01000000000011000000001000000000000000000000001000000100000010100000000000000000000100110000100001000000010000000010100000000000000000000001000010001001000000100100000000010000000100 2557040.0
best: 2.0
runproj limit: 0.0
"timed out"
00100000000000,00100000000000000000000000010000000100000000000000000100000011000000001000000000000001110000000001000000110000000010000001000000000000000001000000001000100000100000000001000000000000 2557040.0
runproj limit: 0.0
"timed out"
01100000000100,01100000000100000000000100000000100000000000000001000100010001000000000101000010000010000000010101101000001010010000000000000100000000000010010000100000000000000100000000001000000100 2557040.0
runproj limit: 0.0
"timed out"
00000100100000,00000100100000100111000001000110000100100001010000000000001000000000000000000000000010000101000001011001001000000000000000000110001000110000011000000001010000000000000000010010010100 2557040.0
runproj limit: 0.0
"timed out"
00100000000000,00100000000000000001000000000011000000001000000000000000000000000000001000000000000001000000000000000000011000000010000001000000000000010000000000000000100000100000100000000000000000 2557040.0
runproj limit: 0.0
"timed out"
00000000100100,00000000100100000000000100000000000000000000000000000000000000000000000001000000000000000000000000000000000000000000000000000000000000000000000000000000000000000000000000001000000000 2557040.0
runproj limit: 0.0
"timed out"
00000000000000,00000000000000000000000001001000000000000001000001100000000000000000001000000100000000000101000101001000000000000001000000000000000000000000001000000000010010000000000000000010100000 2557040.0
runproj limit: 0.0
"timed out"
00000000001101,00000000001101000001000010000101000000101000000001000111000000010010000000000100000000000001010000000000000010000110000100101100001000010000000010000000010000100010000101000011000001 2557040.0
runproj limit: 0.0
"timed out"
00100100000010,00100100000010000101001101010111000010000000010001110100010000000000000000000010000110100100111001101000000000010001000110010100100110110010000001101000010000000000001100000000010000 2557040.0
runproj limit: 0.0
"timed out"
10000000000000,10000000000000100001010001110011010100011011100010000000001001000000100101011011000001110000000010000111111101101100101000100001110100010100000000001000100010000100100001000011010001 2557040.0
runproj limit: 0.0
"timed out"
00010000000100,00010000000100000100100000010001000000100000011000000010001001100101000101000001010001000000001011010001000100001010001100100000011010000001001010000001000000000000011101000000000000 2557040.0
runproj limit: 0.0
"timed out"
11110100000011,11110100000011110101101100010110100000110001001000011101100011000110100001000011101101101001000100101010000011000011100110000000100010111010100000100010101001001000001100010111001100 2557040.0
runproj limit: 0.0
"timed out"
01010100010001,01010100010001011101101110010000111110100001010000010000110000101100001111000010000110000001011000011010011010010001100000000101000000010100100000101101000001100100111010000000000100 2557040.0
runproj limit: 0.0
"timed out"
00110100001110,00110100001110010001011111001111011011100101010001001111101010000011110010100010010000110101001010100101110010010111001101101000011000011100001010100001001010100010000100100111100011 2557040.0
runproj limit: 0.0
"timed out"
00000000000000,00000000000000000000000000000100000000001000000001000000000000000000000000000000000000000100010000000000000000000000000000000100001000000000000000000000010000000000000000000010000000 2557040.0
runproj limit: 0.0
"timed out"
00000000000000,00000000000000000000000000000001000000000000000000000000000000000000101000000000000001010000000000000000010000000000000000000000000000000000000000000000100000000000000001001000000000 2557040.0
runproj limit: 0.0
"timed out"
00100000100100,00100000100100000000000100000000000000000000000000000000000000000000000001000000000010000000000000000000000000000000010000000100000000000000000000000000000000000000000000001000000000 2557040.0
runproj limit: 0.0
"timed out"
00000000000000,00000000000000000000000000001000000000000000000001000000000000010000001000000100000000000001000100001000000001000001000000000000000000000000001000000000010010010100100000000001100000 2557040.0
runproj limit: 0.0
"timed out"
10100000000000,10100000000000000001000000110001000100001000000000000000000001000000001000000000000001010000000000000000110000000000000001000000000000010000000000000000100000100000000001000000000000 2557040.0
runproj limit: 0.0
"timed out"
10001000000000,10001000000000000000001000011001010100000000000101000001000001001000101000000000000000000001000000000000010100001000000000000010000000010000001000000100010010000100100001001001000000 2557040.0
runproj limit: 0.0
"timed out"
01000000000000,01000000000000000000000000000000000000000000000000000100000010000000000000000000000000100000100001000000000000000010000000000000000000000001000000001000000000000000000000010000000000 2557040.0
best: 2.0
runproj limit: 0.0
"timed out"
00010000000100,00010000000100100101000001110001000000011000111010000010001001000101000101000001000001100000000010000111100100101010101100100001111100010101001000001000000010000100111101000000010000 2557040.0
runproj limit: 0.0
"timed out"
01000000000000,01000000000000000001000000000000000000001000000000000100000000000000001000000000000001000000000001000000010000000010000001000000000000000000000000001000100000000000000000010000000000 2557040.0
runproj limit: 0.0
"timed out"
10000100100000,10000100100000000101000000010101000100000001010101000000001001001000001000000000000010000001000000001000001100000000000000000010001000010000011000000001010010000000100001010000010100 2557040.0
runproj limit: 0.0
"timed out"
00000000000000,00000000000000100011000000001000000000000001010001000000001000010000001000000000000010000001000000001001000001000000000000000000001000100000011000000000010000010100000000010001000000 2557040.0
runproj limit: 0.0
"timed out"
00000000000101,00000000000101000101000010010001000000100000000001000111000001110110000001000000010000000000011011010000000000000010001100100100011010000001001010000000010000100010001101000001000000 2557040.0
runproj limit: 0.0
"timed out"
00000000000000,00000000000000000000000000000001000000000000000000000100000000000000101000000000000001000000000000000000010000000000000000000000000000000001000000000000000000000000000000001000000000 2557040.0
runproj limit: 0.0
"timed out"
00000000100100,00000000100100000000000100010000000000010010000000000000001000000000000101000011000001010000000010000100010101100100010000100001110100000000000000000000000000000000100001001001010001 2557040.0
runproj limit: 0.0
"timed out"
10100000000000,10100000000000000001000000010001000100001000000000000000000000000000001000000000000001000000000000000000110000000010000001000000000000010000000000000000100000100000100000000000000000 2557040.0
runproj limit: 0.0
"timed out"
00000000001101,00000000001101000001000010100101100000101100000001000111101010000010000100100111110110100111010011101000000010001110000101101111101001000010000110000000010101101010000001001010101000 2557040.0
runproj limit: 0.0
"timed out"
01101000000010,01101000000010000000010000001000001100101001000000000101100001001001011000110000001011110010101001110110110001100010110011010000000000000001000010010001100000100010000001000010000000 2557040.0
runproj limit: 0.0
"timed out"
01100100110001,01100100110001111011000001000110000110100000010010011010011000010000110100001010100001010101000001111000000000001001000010100101001010000011011010001001010110101000110000011010100000 2557040.0
runproj limit: 0.0
"timed out"
11100101000011,11100101000011100101110101110111100010100001011000001101100111010110100000010000101101101101010100111001010001100111101110000001100001111010110000110010000000001000011000110001000001 2557040.0
runproj limit: 0.0
"timed out"
01000100000000,01000100000000001001101011011111101010100001010000010001110000000000001111000011000111001001011000001011010110011101100000010010001001110110001101100101110001100100000010010110111000 2557040.0
runproj limit: 0.0
"timed out"
00100000000000,00100000000000000000000000010000000100000000000000000100000011000000001000000000000001110000000001000000110000000010000001000000000000000001000000001000100000100000000001000000000000 2557040.0
runproj limit: 0.0
"timed out"
01100000000100,01100000000100000000000100000000100000000000000001000100010001000000000101000010000010000000010101101000001010010000000000000100000000000010010000100000000000000100000000001000000100 2557040.0
runproj limit: 0.0
"timed out"
00000100100000,00000100100000100111000001000110000100100001010000000000001000000000000000000000000010000101000001011001001000000000000000000110001000110000011000000001010000000000000000010010010100 2557040.0
runproj limit: 0.0
"timed out"
00100000000000,00100000000000000001000000000011000000001000000000000000000000000000001000000000000001000000000000000000011000000010000001000000000000010000000000000000100000100000100000000000000000 2557040.0
runproj limit: 0.0
"timed out"
00000000100100,00000000100100000000000100000000000000000000000000000000000000000000000001000000000000000000000000000000000000000000000000000000000000000000000000000000000000000000000000001000000000 2557040.0
runproj limit: 0.0
"timed out"
00000000000000,00000000000000000000000001001000000000000001000001100000000000000000001000000100000000000101000101001000000000000001000000000000000000000000001000000000010010000000000000000010100000 2557040.0
runproj limit: 0.0
"timed out"
00000000001101,00000000001101000001000010000101000000101000000001000111000000010010000000000100000000000001010000000000000010000110000100101100001000010000000010000000010000100010000101000011000001 2557040.0
best: 2.0
runproj limit: 0.0
"timed out"
00000100100100,00000100100100000101000010000000000000100001010001000000000001100110000000000000010010000100001001011000000000000010000100000110011010100001001010000000010000100000000000000000010100 2557040.0
runproj limit: 0.0
"timed out"
00000000001100,00000000001100000000000110000000000000010010000001000111000000000010000101000011000000000001010000000100010001000100000100100000000000010000000010000000010000100000100001000001010001 2557040.0
runproj limit: 0.0
"timed out"
01100100000000,01100100000000000001000001001010001100100001010000000101000000001000011000110000001011010100000001010101000000100000100000010000001000110000000000000001110000000010000000010010000100 2557040.0
runproj limit: 0.0
"timed out"
00100000000101,00100000000101000001000000000111000000101000000000000001000000010000000000000000000000000000010000000000011000000110000100101100000000010000000000000000010000100000100000000011000000 2557040.0
runproj limit: 0.0
"timed out"
00000000000001,00000000000001000001000010100101100100101100000000000111000000000000000100000001110011000010010001000000110010000110000001001000100000010000000000000000110001101000000000000000100000 2557040.0
runproj limit: 0.0
"timed out"
01100000000100,01100000000100000000000101000000000000000001000001100000010001000000000001000110000010000001000101001000000000000000000000000000000000000000011000000000000010000100000000000000100000 2557040.0
runproj limit: 0.0
"timed out"
10110100000100,10110100000100100101010001110111000010101001011000001111101011010111100000010000100001100001010000011111010100100011101100100001110101011111000000000000000000001100111100000001010000 2557040.0
runproj limit: 0.0
"timed out"
01000000000000,01000000000000100011000000001000000000000000010001000100000000010000001000000000000001000000000001000001000001000010000001000000000000100000010000001000000000010100000000010000000000 2557040.0
runproj limit: 0.0
"timed out"
00110010001101,00110010001101000110010000110011101000010000111010000011000100100101000101110000010100101010000010000111000110100110100100100011100100011111011011101011100000010110010001000000011000 2557040.0
runproj limit: 0.0
"timed out"
01110000110100,01110000110100010000010100010000000010010010010011001011001110000001001001000011010100010111000000010110110101000100101000100001100000110000001010000110001000100100101111001001000001 2557040.0
runproj limit: 0.0
"timed out"
01101001000100,01101001000100000000101001000000100000000000000001010000010000101011000101100010001011010000011100101010011110111000100000110101100000011010000000000010000100000110101000001001000110 2557040.0
runproj limit: 0.0
"timed out"
00000101101100,00000101101100001101100010011101000100010001010100100000011001101000001110000010100011100001000010000100101000011101000000010010000001010010010001000000010000000001110001000100010100 2557040.0
runproj limit: 0.0
"timed out"
01010000000100,01010000000100100001111001010001100010001010111010110110101101000101000101100011110001110000101010000110000000011110101100010000011101000111000111001001000000010100111000000000111010 2557040.0
runproj limit: 0.0
"timed out"
00010000000100,00010000000100100101000001110001000000011000111010000010001001000101000101000001000001100000000010000111100100101010101100100001111100010101001000001000000010000100111101000000010000 2557040.0
runproj limit: 0.0
"timed out"
01000000000000,01000000000000000001000000000000000000001000000000000100000000000000001000000000000001000000000001000000010000000010000001000000000000000000000000001000100000000000000000010000000000 2557040.0
runproj limit: 0.0
"timed out"
10000100100000,10000100100000000101000000010101000100000001010101000000001001001000001000000000000010000001000000001000001100000000000000000010001000010000011000000001010010000000100001010000010100 2557040.0
runproj limit: 0.0
"timed out"
00000000000000,00000000000000100011000000001000000000000001010001000000001000010000001000000000000010000001000000001001000001000000000000000000001000100000011000000000010000010100000000010001000000 2557040.0
runproj limit: 0.0
"timed out"
00000000000101,00000000000101000101000010010001000000100000000001000111000001110110000001000000010000000000011011010000000000000010001100100100011010000001001010000000010000100010001101000001000000 2557040.0
runproj limit: 0.0
"timed out"
00000000000000,00000000000000000000000000000001000000000000000000000100000000000000101000000000000001000000000000000000010000000000000000000000000000000001000000000000000000000000000000001000000000 2557040.0
runproj limit: 0.0
"timed out"
00000000100100,00000000100100000000000100010000000000010010000000000000001000000000000101000011000001010000000010000100010101100100010000100001110100000000000000000000000000000000100001001001010001 2557040.0
best: 2.0
runproj limit: 0.0
"timed out"
01110000100100,01110000100100001100000110010001000100010001010010000011011111100000001000000011010000000011000010000100100100001101101000100000100001010010001001000100001000000100110101000100010001 2557040.0
runproj limit: 0.0
"timed out"
00000000000000,00000000000000100001000010100100100100100100000001000110000000000000001000000001000011000000000001000000100011000110000001001000000000110000010000000000000001101100000000010000100000 2557040.0
runproj limit: 0.0
"timed out"
01000000100000,01000000100000000000000100010000000000000010000000000100000000000000000000000001000001010000000000000000010001000000010000100000110000000000000000000000100000000000000000011001000001 2557040.0
runproj limit: 0.0
"timed out"
01000000000101,01000000000101000000000101000001000000100001000001100011010001110100000001000100010000000000001101010000000000000010000000000100011000000000001010000000000010000110000100000001000000 2557040.0
runproj limit: 0.0
"timed out"
01100000000100,01100000000100000000000101000000000000000001000001100000010001000000000001000110000010000001000101001000000000000000000000000000000000000000011000000000000010000100000000000000100000 2557040.0
runproj limit: 0.0
"timed out"
01000000000100,01000000000100100011000000000000000000000001000001000100010001010000001001000100000011000000000101001000000000000010000001000000000000000000010000001000000000000100000000000000100000 2557040.0
runproj limit: 0.0
"timed out"
10010100100100,10010100100100100101000010100000000000101001011000001110001001100110000000000000100011100100000000011101000000100011000100100001111011110001001000000000010000101000100100000001010000 2557040.0
runproj limit: 0.0
"timed out"
01100101100100,01100101100100000001000101000100000000010001000000100000011001100000001100000110000010000001000110000100001000001100000000000000000000000010011000000000000000000100000000000100010100 2557040.0
runproj limit: 0.0
"timed out"
00100000000010,00100000000010000001010010000000000000000000001001011100100010000001100001000000001001100000000000100010111001100001000010000000001101000000010100100010110101000010000100011000000001 2557040.0
runproj limit: 0.0
"timed out"
10110001101100,10110001101100001101000010010110000110011000110100111011011101111100101000000110100011110001000010000100100101011101100011000010010000010111010011010100010000100000010100000001011101 2557040.0
runproj limit: 0.0
"timed out"
11110110101110,11110110101110001110010010111011001101010100101110010011101011000011100000110000011100101010000011001001000011100110100100000010010000011011000010101111010100011011010101000000011100 2557040.0
runproj limit: 0.0
"timed out"
01010000100010,01010000100010110011000000011010101100000000000001000100110101010101001010100000010001001101100000110000100001100010000001001011000011100011010100101000000010010111100000000101011000 2557040.0
runproj limit: 0.0
"timed out"
00000100000010,00000100000010110100010000001010110000100000100101010111000001010010110001001000001001100000010100010101000001010001100010000011001010000001010111101100010101110000100000011000010101 2557040.0
runproj limit: 0.0
"timed out"
00000100100100,00000100100100000101000010000000000000100001010001000000000001100110000000000000010010000100001001011000000000000010000100000110011010100001001010000000010000100000000000000000010100 2557040.0
runproj limit: 0.0
"timed out"
00000000001100,00000000001100000000000110000000000000010010000001000111000000000010000101000011000000000001010000000100010001000100000100100000000000010000000010000000010000100000100001000001010001 2557040.0
runproj limit: 0.0
"timed out"
01100100000000,01100100000000000001000001001010001100100001010000000101000000001000011000110000001011010100000001010101000000100000100000010000001000110000000000000001110000000010000000010010000100 2557040.0
runproj limit: 0.0
"timed out"
00100000000101,00100000000101000001000000000111000000101000000000000001000000010000000000000000000000000000010000000000011000000110000100101100000000010000000000000000010000100000100000000011000000 2557040.0
runproj limit: 0.0
"timed out"
00000000000001,00000000000001000001000010100101100100101100000000000111000000000000000100000001110011000010010001000000110010000110000001001000100000010000000000000000110001101000000000000000100000 2557040.0
runproj limit: 0.0
"timed out"
01100000000100,01100000000100000000000101000000000000000001000001100000010001000000000001000110000010000001000101001000000000000000000000000000000000000000011000000000000010000100000000000000100000 2557040.0
runproj limit: 0.0
"timed out"
10110100000100,10110100000100100101010001110111000010101001011000001111101011010111100000010000100001100001010000011111010100100011101100100001110101011111000000000000000000001100111100000001010000 2557040.0
best: 2.0
runproj limit: 0.0
"timed out"
00100010100110,00100010100110001110000000101111000001011000101100000001000010010011100000010000011100000010000011000000011010000110100100101010000000011010000000101011010000111010100000000001000100 2557040.0
runproj limit: 0.0
"timed out"
00100000000010,00100000000010000100010000000010010000100000100001000001000001010010100001001000000001000000010100010001010000010100000000001011001000010001010110101100010100100000100000001000000100 2557040.0
runproj limit: 0.0
"timed out"
10010100000101,10010100000101000100000101000000000000100001000000101110000001110100000000000000110000000000001101011000000000100011000100000100111010000001001000000000000010100010100100000001010000 2557040.0
runproj limit: 0.0
"timed out"
00000000000100,00000000000100110011010000000010000000100001100101010101000001010010010001001100000001000000010100000001000001010000100011000010001000000000010101001000010100100100100000010000100000 2557040.0
runproj limit: 0.0
"timed out"
00000100000000,00000100000000100001000010100010100100100100010000000101000000000000001000010001000011000000000001010001100011100010000000010000000000110000000000000001000001001000000000010000000100 2557040.0
runproj limit: 0.0
"timed out"
01000000001000,01000000001000000001000001000010000100000000010001000111000000000000001101100010001000010101000001000100000000000000000100100000000000010000000000000000110000100010100001000000000001 2557040.0
runproj limit: 0.0
"timed out"
01000000001100,01000000001100001100000110000001000100010000010011000011010110100000001001000011000000000001000010000100000101000100100100100000100001010010000011000100000000000000110001000000010001 2557040.0
runproj limit: 0.0
"timed out"
01100001100100,01100001100100000001000101000100000000010001000000100000011001000000000001000110000010000001000101001100001000000100000000000000000000000010011000000000000010000100000000000100000000 2557040.0
runproj limit: 0.0
"timed out"
00010100000110,00010100000110101000100100110001001001110110000101100010010001010101000001011110010000110100100101010001101100000110000001010110111000000000000010000000110010100110000100110011000000 2557040.0
runproj limit: 0.0
"timed out"
00111111000101,00111111000101110101000000111010100110000101111000000101101101000100001110001101010001111100101000110000110000110100000000001011000001100111010100100000000011010111001011000000011000 2557040.0
runproj limit: 0.0
"timed out"
00111000000010,00111000000010000101010110001000000000010000111011001000100110000101101101000000111001101100001000100001101001101000110100110001001101100000000101000000001101000001100100011000000001 2557040.0
runproj limit: 0.0
"timed out"
11001000011101,11001000011101000000100110001001110000100010100011100111011101110001101111001101000000011010101101011111001101110111000010000001011001000010111101000000001000000110011101111000100000 2557040.0
runproj limit: 0.0
"timed out"
01100101101101,01100101101101000001010000110100000110011001101000001000011000000000001100110011001111000100001100000101001100100100000001000001010000000110001001110001000010110101000101100110110101 2557040.0
runproj limit: 0.0
"timed out"
01110000100100,01110000100100001100000110010001000100010001010010000011011111100000001000000011010000000011000010000100100100001101101000100000100001010010001001000100001000000100110101000100010001 2557040.0
runproj limit: 0.0
"timed out"
00000000000000,00000000000000100001000010100100100100100100000001000110000000000000001000000001000011000000000001000000100011000110000001001000000000110000010000000000000001101100000000010000100000 2557040.0
runproj limit: 0.0
"timed out"
01000000100000,01000000100000000000000100010000000000000010000000000100000000000000000000000001000001010000000000000000010001000000010000100000110000000000000000000000100000000000000000011001000001 2557040.0
runproj limit: 0.0
"timed out"
01000000000101,01000000000101000000000101000001000000100001000001100011010001110100000001000100010000000000001101010000000000000010000000000100011000000000001010000000000010000110000100000001000000 2557040.0
runproj limit: 0.0
"timed out"
01100000000100,01100000000100000000000101000000000000000001000001100000010001000000000001000110000010000001000101001000000000000000000000000000000000000000011000000000000010000100000000000000100000 2557040.0
runproj limit: 0.0
"timed out"
01000000000100,01000000000100100011000000000000000000000001000001000100010001010000001001000100000011000000000101001000000000000010000001000000000000000000010000001000000000000100000000000000100000 2557040.0
runproj limit: 0.0
"timed out"
10010100100100,10010100100100100101000010100000000000101001011000001110001001100110000000000000100011100100000000011101000000100011000100100001111011110001001000000000010000101000100100000001010000 2557040.0
best: 2.0
runproj limit: 0.0
"timed out"
01100000000101,01100000000101000000000101000001000000100001000001100001010001000100000001000100010010000000000101010000000000000000000000000000001000000000011000000000000010000100000100000001100000 2557040.0
runproj limit: 0.0
"timed out"
11001101001101,11001101001101000001010100001101010110000010100000101011011000110001101110011111000001001000001100000111001101110110000000000001011001000010111001100001001000100111000101110010100000 2557040.0
runproj limit: 0.0
"timed out"
01010100000000,01010100000000100100000010000011100100110101010010000101001011100000001000000011010010000011000001010100100110001000001000000000000001110010001001000000001000001000010000010000010000 2557040.0
runproj limit: 0.0
"timed out"
01101010000100,01101010000100110011000000111000000010000001110001000101110001000100001001001100010011111000000101111000010000100000000001001011000000000010010100001000000011000111001010000000011000 2557040.0
runproj limit: 0.0
"timed out"
00010101000100,00010101000100110001010000010010100100000101110100000101100101010000010000001100000001011000100100110000110000110000000000000010000001100111010101100000000100010100101001000000010000 2557040.0
runproj limit: 0.0
"timed out"
01101001000100,01101001000100000000100110000000110000010000100010100010011001010001100001001111000010001000000101001100001000000110000000000001001001000010111101000000000010000100001001000100100000 2557040.0
runproj limit: 0.0
"timed out"
00001010000100,00001010000100110101000000111010100100000100001000000110001001000100001000001001000011010100101000110000110011100110000000001001000000110011010000100000000011000110001001010000000000 2557040.0
runproj limit: 0.0
"timed out"
00011000000101,00011000000101000100000110000000000000010000110010101110000001000100001101000000110000101000001100011001101000101001100100010000111010100000000001000000000010000010100100010001000000 2557040.0
runproj limit: 0.0
"timed out"
01001100001100,01001100001100000001010000100010011100011000010001011110000101010011001001101000011000001111000000000110100000001000000100000000010010010001010111010100110100110000110000100000000110 2557040.0
runproj limit: 0.0
"timed out"
11100000000100,11100000000100110110110010100010000000000101101101010111100001010110110101000100000001011000010110101001100000110110101010100111000000000010110001000000010100010011100000000010010000 2557040.0
runproj limit: 0.0
"timed out"
11100101100101,11100101100101000000000101110001010101111111110010000110110101110100010000010001010001010001101101011000100010100010100110100101011000111001001000000000000010110110000101001011000000 2557040.0
runproj limit: 0.0
"timed out"
00100011000101,00100011000101110001011000111010000001100001011101000001111001000010110001011100010011110000110100011001000001001000100011001011001000000000000001001010010100101100100100010000100010 2557040.0
runproj limit: 0.0
"timed out"
10111000010010,10111000010010011101010110101110000000010100100011000000000111000101001001100001011001101010001100100011100000101000010101010001011100100001001101100100110100000000100100010000001001 2557040.0
runproj limit: 0.0
"timed out"
00100010100110,00100010100110001110000000101111000001011000101100000001000010010011100000010000011100000010000011000000011010000110100100101010000000011010000000101011010000111010100000000001000100 2557040.0
runproj limit: 0.0
"timed out"
00100000000010,00100000000010000100010000000010010000100000100001000001000001010010100001001000000001000000010100010001010000010100000000001011001000010001010110101100010100100000100000001000000100 2557040.0
runproj limit: 0.0
"timed out"
10010100000101,10010100000101000100000101000000000000100001000000101110000001110100000000000000110000000000001101011000000000100011000100000100111010000001001000000000000010100010100100000001010000 2557040.0
runproj limit: 0.0
"timed out"
00000000000100,00000000000100110011010000000010000000100001100101010101000001010010010001001100000001000000010100000001000001010000100011000010001000000000010101001000010100100100100000010000100000 2557040.0
runproj limit: 0.0
"timed out"
00000100000000,00000100000000100001000010100010100100100100010000000101000000000000001000010001000011000000000001010001100011100010000000010000000000110000000000000001000001001000000000010000000100 2557040.0
runproj limit: 0.0
"timed out"
01000000001000,01000000001000000001000001000010000100000000010001000111000000000000001101100010001000010101000001000100000000000000000100100000000000010000000000000000110000100010100001000000000001 2557040.0
runproj limit: 0.0
"timed out"
01000000001100,01000000001100001100000110000001000100010000010011000011010110100000001001000011000000000001000010000100000101000100100100100000100001010010000011000100000000000000110001000000010001 2557040.0
best: 2.0
runproj limit: 0.0
"timed out"
00010100000100,00010100000100110001010010010010100100000100110100000101100101010000001000010000000011000000000101010001100000110010000000010010000001110010000100000000000101000100000001000000010100 2557040.0
runproj limit: 0.0
"timed out"
00100111000100,00100111000100110001010000011010100101000101010100000101101001010000010000011100000011011000100100111001000000111000000011001011001000000101000001001000000100000100100000010000010000 2557040.0
runproj limit: 0.0
"timed out"
00111011010010,00111011010010110001011010101010000001000101110011000000110011000001100001001001011011110000000100101011100001001000100011011011001000000000001001001000010100001000100100010000100011 2557040.0
runproj limit: 0.0
"timed out"
11001011000101,11001011000101010011000000001100000010000011100000000011011001010100101111001100000001001000001100001000001000110010000000001001010001000010010000101001001000000111000110000010111000 2557040.0
runproj limit: 0.0
"timed out"
00000100000010,00000100000010100001000000000010010000100000000001000001000001010010100000011000000001000000010000010001110011100110000000011001001000110001010000000101000000000000100000010000000100 2557040.0
runproj limit: 0.0
"timed out"
00100000000011,00100000000011010100000110001100000000000000100001100000000111000100001001000100010011101010001100100010100000100000010101000000001000000000011000100100110000000100000100000001100001 2557040.0
runproj limit: 0.0
"timed out"
00000000000000,00000000000000000001010000100010010100110000010001001100000001010010001001001000000001000110010000010011110000010100000000001010000010010001010110010100010100110000110000000000000100 2557040.0
runproj limit: 0.0
"timed out"
11100100100000,11100100100000000000000101100001010101111000010001000111110101000000010100100010010000010101101001000100100000100000000100100101010000010001000000000000110010100110000001000011000000 2557040.0
runproj limit: 0.0
"timed out"
10101001000001,10101001000001010100000010001010010000000000111101000101000001011110101011111101000001000001011001011010010000010100010000001001001000110001010110101101011100100100100000001100000110 2557040.0
runproj limit: 0.0
"timed out"
11100010000101,11100010000101010110110010001100000000001100111001010111101001011100010110000100001001011010010110100011100000110110101010110011000010010110100000000001010000010111100000010010110010 2557040.0
runproj limit: 0.0
"timed out"
01000100100100,01000100100100100100000010011110100100110001010000010101101001100000001001101000111110000010100011000011100110100010101010100000000010110110000001100000000000001100011001011000010000 2557040.0
runproj limit: 0.0
"timed out"
10001010001110,10001010001110110100000110101111111100100111001001000010001001100110001100111011000011110110101000111010101101100100000100001001000011110101010000100010001011000011000011110010000010 2557040.0
runproj limit: 0.0
"timed out"
11001101001111,11001101001111010111010101110101110000100110000100000101001110110011101111011111000001001000001000000101000001111111000000001001011001010010111010000011001010100011000101100110101000 2557040.0
runproj limit: 0.0
"timed out"
01100000000101,01100000000101000000000101000001000000100001000001100001010001000100000001000100010010000000000101010000000000000000000000000000001000000000011000000000000010000100000100000001100000 2557040.0
runproj limit: 0.0
"timed out"
11001101001101,11001101001101000001010100001101010110000010100000101011011000110001101110011111000001001000001100000111001101110110000000000001011001000010111001100001001000100111000101110010100000 2557040.0
runproj limit: 0.0
"timed out"
01010100000000,01010100000000100100000010000011100100110101010010000101001011100000001000000011010010000011000001010100100110001000001000000000000001110010001001000000001000001000010000010000010000 2557040.0
runproj limit: 0.0
"timed out"
01101010000100,01101010000100110011000000111000000010000001110001000101110001000100001001001100010011111000000101111000010000100000000001001011000000000010010100001000000011000111001010000000011000 2557040.0
runproj limit: 0.0
"timed out"
00010101000100,00010101000100110001010000010010100100000101110100000101100101010000010000001100000001011000100100110000110000110000000000000010000001100111010101100000000100010100101001000000010000 2557040.0
runproj limit: 0.0
"timed out"
01101001000100,01101001000100000000100110000000110000010000100010100010011001010001100001001111000010001000000101001100001000000110000000000001001001000010111101000000000010000100001001000100100000 2557040.0
runproj limit: 0.0
"timed out"
00001010000100,00001010000100110101000000111010100100000100001000000110001001000100001000001001000011010100101000110000110011100110000000001001000000110011010000100000000011000110001001010000000000 2557040.0
best: 2.0
runproj limit: 0.0
"timed out"
00100110000010,00100110000010010000000001100010010001001000010011000000110011000000000100100001011000010100001001000100100000001000100110011011011000000001000000001000010000101110000000010011100001 2557040.0
runproj limit: 0.0
"timed out"
00001100000100,00001100000100110101000000010010000000000100000000000111000001010100000000011000000011010000001000110001110011100110000000011001000000110011010000100000000010000000100001010000000000 2557040.0
runproj limit: 0.0
"timed out"
11000100000100,11000100000100010011010100110101100100100110110100000101000100010000101011010101000011001000001001010101000000111010000000000011001001110010101010000001001011000011000001100010001100 2557040.0
runproj limit: 0.0
"timed out"
10000111000100,10000111000100110100010010100111101100100111100101000011001101100010000100101010000001010110100000110000110001110000000000000000000011100101010100100010000011010001001001010000010000 2557040.0
runproj limit: 0.0
"timed out"
11001001000101,11001001000101000001010010001110010000000000100101100111001000011110101011111111000001000000001101000011000101110110010000000001001000110000010000101001011100100100100001111000100000 2557040.0
runproj limit: 0.0
"timed out"
00010101000100,00010101000100110001010000100010010100110101010001001101000101010000011001001100000001011000100100110001110000110000000000001010000000010001010111100000010100010000101000000000000000 2557040.0
runproj limit: 0.0
"timed out"
00000100000010,00000100000010100001000000000010010000100000000001000001000001010010100000011000000001000000010000010001110011100110000000011001001000110001010000000101000000000000100000010000000100 2557040.0
runproj limit: 0.0
"timed out"
10101010001100,10101010001100000100000110101101111100000110000011000010011001000000001101101011000010000000000100011010101000100100000000000001001001010001010100100000000010000100000001010110100000 2557040.0
runproj limit: 0.0
"timed out"
10101001000100,10101001000100100010111110010001101000011011001100010010010001010111111011011111110010000100110111001110101000000111111000000000011011001000111001000000000010000100111001100110100000 2557040.0
runproj limit: 0.0
"timed out"
11000110000101,11000110000101111101111010011100010010001100111001110110111001001000011010000101011011011100000111101011010000110110100001100011111001001100100110000000110010000100100000111110110110 2557040.0
runproj limit: 0.0
"timed out"
01100100100000,01100100100000101101010011101011100100111000011000110111100100000000101000100000011010010110001010101110110110101011100111110001100110110110010001110000000000001100101101011100011000 2557040.0
runproj limit: 0.0
"timed out"
00011100111000,00011100111000101000000010100001100100000100010001000001100101110010001001000001110100100000011001010001011001100110000001010000000000111000010010000100010001001001100110010010000100 2557040.0
runproj limit: 0.0
"timed out"
10101000010101,10101000010101000010110011001101010110001110011001100111110101101100010111001100100100011011010001101011010010110110001001010011100010010100110000110001011100011000100010011011111010 2557040.0
runproj limit: 0.0
"timed out"
00010100000100,00010100000100110001010010010010100100000100110100000101100101010000001000010000000011000000000101010001100000110010000000010010000001110010000100000000000101000100000001000000010100 2557040.0
runproj limit: 0.0
"timed out"
00100111000100,00100111000100110001010000011010100101000101010100000101101001010000010000011100000011011000100100111001000000111000000011001011001000000101000001001000000100000100100000010000010000 2557040.0
runproj limit: 0.0
"timed out"
00111011010010,00111011010010110001011010101010000001000101110011000000110011000001100001001001011011110000000100101011100001001000100011011011001000000000001001001000010100001000100100010000100011 2557040.0
runproj limit: 0.0
"timed out"
11001011000101,11001011000101010011000000001100000010000011100000000011011001010100101111001100000001001000001100001000001000110010000000001001010001000010010000101001001000000111000110000010111000 2557040.0
runproj limit: 0.0
"timed out"
00000100000010,00000100000010100001000000000010010000100000000001000001000001010010100000011000000001000000010000010001110011100110000000011001001000110001010000000101000000000000100000010000000100 2557040.0
runproj limit: 0.0
"timed out"
00100000000011,00100000000011010100000110001100000000000000100001100000000111000100001001000100010011101010001100100010100000100000010101000000001000000000011000100100110000000100000100000001100001 2557040.0
runproj limit: 0.0
"timed out"
00000000000000,00000000000000000001010000100010010100110000010001001100000001010010001001001000000001000110010000010011110000010100000000001010000010010001010110010100010100110000110000000000000100 2557040.0
best: 2.0
runproj limit: 0.0
"timed out"
11001101110000,11001101110000000000000010000101000110000010000000000011111101010010101001000101110101100000011100001000011001100010000000001001010001011010010010000101001000001111000110000010011100 2557040.0
runproj limit: 0.0
"timed out"
00010000000000,00010000000000010001010000000010010100110000010000000100000001010000001000010000000001000100010000010001100000010100000000010010000010110011000100000000010101010100010000000000000100 2557040.0
runproj limit: 0.0
"timed out"
01100110100000,01100110100000110001010010111010100101000001010000110111101100000000001000100000001010010100101110111000010000111011100111010001001110100110000001011000000000001100101001011100011000 2557040.0
runproj limit: 0.0
"timed out"
00000100000011,00000100000011110100000010011100000100000000100100100101100111010100001001010100010011001000000101010000100000110000010101010000001000000010010000000100100001000100000001000000000001 2557040.0
runproj limit: 0.0
"timed out"
11001100000101,11001100000101111101001010011110010000001100101001110110110001011100001010010101001011010100000011111011110010100110100001101011000000000000000110100000000010000000100001011110000010 2557040.0
runproj limit: 0.0
"timed out"
00001000000100,00001000000100100000011010010001100100010101110100010100000101010100001011010111100010000100100111011110101000110011010000000000000011000010111000000000000001000100101001100100000000 2557040.0
runproj limit: 0.0
"timed out"
01000100110000,01000100110000101000010010100001100100010000011000010001100100100010101000100001110100000000001011000010010011101111000011010000100110110000010010100000000000001000100100010100001000 2557040.0
runproj limit: 0.0
"timed out"
00000111000100,00000111000100110001010000001010000100100100010100000100101001010010000000001100000001001110100000010001100000011000000001001011000000010001000010001000000100110100110000000000010100 2557040.0
runproj limit: 0.0
"timed out"
00000111010000,00000111010000110101100000001100101101010111110100010101111001000011010000001110000010011000100101110011000100000000010011001011101100000101110000010010101110010011001000110100110000 2557040.0
runproj limit: 0.0
"timed out"
10100101101000,10100101101000010001010000000010010011000101100000000111010001010010101001101010101001010000110100010001111001001100000000011001011000110100010000010110100001010000000000111110001100 2557040.0
runproj limit: 0.0
"timed out"
00000010000011,00000010000011000010000000101101000000101100111010001001110100110000000010100001111000011100001001100100110000101010010110101101011000010001110011001001110001100110000000011000110001 2557040.0
runproj limit: 0.0
"timed out"
00011011010010,00011011010010000100001000101100000101000100100010000000111011001001100001000001011001100011000101101001000111010000100111001111011010010000001101111000011101010111100000010100100011 2557040.0
runproj limit: 0.0
"timed out"
00101010001001,00101010001001011101000110111111111110000010010001111010011000101011010101101010000001100001010100000010101000010110000000010001101000011001010100100000101011010100000000010110000000 2557040.0
runproj limit: 0.0
"timed out"
00100110000010,00100110000010010000000001100010010001001000010011000000110011000000000100100001011000010100001001000100100000001000100110011011011000000001000000001000010000101110000000010011100001 2557040.0
runproj limit: 0.0
"timed out"
00001100000100,00001100000100110101000000010010000000000100000000000111000001010100000000011000000011010000001000110001110011100110000000011001000000110011010000100000000010000000100001010000000000 2557040.0
runproj limit: 0.0
"timed out"
11000100000100,11000100000100010011010100110101100100100110110100000101000100010000101011010101000011001000001001010101000000111010000000000011001001110010101010000001001011000011000001100010001100 2557040.0
runproj limit: 0.0
"timed out"
10000111000100,10000111000100110100010010100111101100100111100101000011001101100010000100101010000001010110100000110000110001110000000000000000000011100101010100100010000011010001001001010000010000 2557040.0
runproj limit: 0.0
"timed out"
11001001000101,11001001000101000001010010001110010000000000100101100111001000011110101011111111000001000000001101000011000101110110010000000001001000110000010000101001011100100100100001111000100000 2557040.0
runproj limit: 0.0
"timed out"
00010101000100,00010101000100110001010000100010010100110101010001001101000101010000011001001100000001011000100100110001110000110000000000001010000000010001010111100000010100010000101000000000000000 2557040.0
runproj limit: 0.0
"timed out"
00000100000010,00000100000010100001000000000010010000100000000001000001000001010010100000011000000001000000010000010001110011100110000000011001001000110001010000000101000000000000100000010000000100 2557040.0
best: 2.0
runproj limit: 0.0
"timed out"
00001100000000,00001100000000100001000000000010000000000100000001000011000001010000100000011000000001000000010000110001110011100110000000011001001000110011010000100001000000000000100001010000000000 2557040.0
runproj limit: 0.0
"timed out"
00101110000011,00101110000011110001000000010110010100000000000001110000010001100010010000101010000001000001010000010010101011000110000000011001101000011001010100100000100011010100100000010110000000 2557040.0
runproj limit: 0.0
"timed out"
00000011000101,00000011000101110101010010001100001000010100110101100111011001000011100001111111000010011000101101110011000100110000010000001011101100000100110000100000101110010011001000110100110000 2557040.0
runproj limit: 0.0
"timed out"
00001111000011,00001111000011010100000010011100000100000000100010100100111111000001001001000001010011000000000101110000100111110000100111010111001000010000000100100100100101010110000001000000100011 2557040.0
runproj limit: 0.0
"timed out"
11100100000000,11100100000000111001000010011110110001000001010001110111100100000000001010000101001011010100100011111011110010111111100101111011000000000010000001010000000000000000100001011110010000 2557040.0
runproj limit: 0.0
"timed out"
00000010000011,00000010000011010111000100101111010010101000110011111001011000111000000111101001111000111000010100000000111000101010010100000101001000011001110001100000100001000100000000010010100001 2557040.0
runproj limit: 0.0
"timed out"
10000000000101,10000000000101000001000000101100000000000100110001000101101100011110100010111111010001001100001101000001010101111110010010100001001000110000010011101001011000100100000001111000110000 2557040.0
runproj limit: 0.0
"timed out"
00010000000000,00010000000000010001010000000010010100110000010000000100000001010000001000010000000001000100010000010001100000010100000000010010000010110011000100000000010101010100010000000000000100 2557040.0
runproj limit: 0.0
"timed out"
11000100010100,11000100010100101111010100100101101110011110010010000111011000111010011011010110000011101000111001010100001010101001011001010011001001110010101000000100111011000010010101100010000100 2557040.0
runproj limit: 0.0
"timed out"
00011010000100,00011010000100110110010010101001011110110000001011001101110101110110011101111000100101011100100100010001100000110000101000101010000000110011010110100000011100010111100010001000000010 2557040.0
runproj limit: 0.0
"timed out"
11000101110110,11000101110110110001011100000110110110101000110101010100001011100110100110000100010000111100000001011001101000011110000001001001101001000101100010101100011000010100010100000000000000 2557040.0
runproj limit: 0.0
"timed out"
10000011111110,10000011111110110111101100111101111010010000110000010101110011000010010010001000100001011000100111110001000001010011010001011001100100100101110000000011100100010011001000100110011100 2557040.0
runproj limit: 0.0
"timed out"
00000110000000,00000110000000101101100001111001010010101000000001100010010110010001101111011100001001000100010011010111101010001110000000010001101001110001011100100100010011011001110100110010001100 2557040.0
runproj limit: 0.0
"timed out"
11001101110000,11001101110000000000000010000101000110000010000000000011111101010010101001000101110101100000011100001000011001100010000000001001010001011010010010000101001000001111000110000010011100 2557040.0
runproj limit: 0.0
"timed out"
00010000000000,00010000000000010001010000000010010100110000010000000100000001010000001000010000000001000100010000010001100000010100000000010010000010110011000100000000010101010100010000000000000100 2557040.0
runproj limit: 0.0
"timed out"
01100110100000,01100110100000110001010010111010100101000001010000110111101100000000001000100000001010010100101110111000010000111011100111010001001110100110000001011000000000001100101001011100011000 2557040.0
runproj limit: 0.0
"timed out"
00000100000011,00000100000011110100000010011100000100000000100100100101100111010100001001010100010011001000000101010000100000110000010101010000001000000010010000000100100001000100000001000000000001 2557040.0
runproj limit: 0.0
"timed out"
11001100000101,11001100000101111101001010011110010000001100101001110110110001011100001010010101001011010100000011111011110010100110100001101011000000000000000110100000000010000000100001011110000010 2557040.0
runproj limit: 0.0
"timed out"
00001000000100,00001000000100100000011010010001100100010101110100010100000101010100001011010111100010000100100111011110101000110011010000000000000011000010111000000000000001000100101001100100000000 2557040.0
runproj limit: 0.0
"timed out"
01000100110000,01000100110000101000010010100001100100010000011000010001100100100010101000100001110100000000001011000010010011101111000011010000100110110000010010100000000000001000100100010100001000 2557040.0
best: 2.0
runproj limit: 0.0
"timed out"
11100000000000,11100000000000110001000000011110010000010000010000100110000100010000001010010001001001000100000000110011100000110100100001111011000010000010000001000000000100000100010001001000000000 2557040.0
runproj limit: 0.0
"timed out"
10000011111110,10000011111110110111101100111101111010010000110000010101110011000010010010001000100001011000100111110001000001010011010001011001100100100101110000000011100100010011001000100110011100 2557040.0
runproj limit: 0.0
"timed out"
10000001010110,10000001010110010011100000101100011010010000110001010101100011001110010010111001000001011100100111110001000101111010010001001001000100100001010010100011001100010000001001100000010000 2557040.0
runproj limit: 0.0
"timed out"
00001111000011,00001111000011110100000010011100000100000000100010100100111111010100001001000101010011000000000101010000100011110000010101010001001000010000010000100100100101010100000001000000000011 2557040.0
runproj limit: 0.0
"timed out"
00001100000101,00001100000101111001001010010110010000001100000001000010100001010000001000011101001011010100000011110011110011100110100000011001000000110001010100100001000000000000100001011100000010 2557040.0
runproj limit: 0.0
"timed out"
11000100100010,11000100100010110001010100000010110100101001010001110100001101100100001110000000010010011100001111111000100000011110100001011001101010000101100000101000011000000100000101000100000000 2557040.0
runproj limit: 0.0
"timed out"
10000010001111,10000010001111100101000000111101110010000000110000010101100101001010000010101010110001001100100111110001000001010010010011011001100100100001110000000011110100010100001001100000010000 2557040.0
runproj limit: 0.0
"timed out"
01001101110000,01001101110000000000000010000001100100000000001000000001100101110010101000000101110101000000011001000010011011100111000010000000010011010010010010000100000000001001000110010010011100 2557040.0
runproj limit: 0.0
"timed out"
01110110110101,01110110110101111000001010011110010100001001111001010100110101011100000010111101111010010101111011111011110010011011100111001110000100010100010000100000000100101000101001011100101011 2557040.0
runproj limit: 0.0
"timed out"
00010011101001,00010011101001110101010010001110111010010100101111101111011011010011100001011101000000010000011111111011000000110001011000001011101101100100110001101010111011001011101001001110110000 2557040.0
runproj limit: 0.0
"timed out"
00000010000010,00000010000010010101010000000011011110110010010000100100010011010010001001110000000101100010010100011101100100000100100000110010110010110000000110100011011100001100010010011000011000 2557040.0
runproj limit: 0.0
"timed out"
01100100110110,01100100110110010001111011111011100100000101100010110101101101100110001001100100001111010100101110111000110000011011000110010001111010101110000001010100010100001100111001001100011110 2557040.0
runproj limit: 0.0
"timed out"
00001111000110,00001111000110111110000001011110000100010000110001110100111001000010101001000001111101000011100010101010100011000000101101010111011100010011010000100101100100010110110010100111101001 2557040.0
runproj limit: 0.0
"timed out"
00001100000000,00001100000000100001000000000010000000000100000001000011000001010000100000011000000001000000010000110001110011100110000000011001001000110011010000100001000000000000100001010000000000 2557040.0
runproj limit: 0.0
"timed out"
00101110000011,00101110000011110001000000010110010100000000000001110000010001100010010000101010000001000001010000010010101011000110000000011001101000011001010100100000100011010100100000010110000000 2557040.0
runproj limit: 0.0
"timed out"
00000011000101,00000011000101110101010010001100001000010100110101100111011001000011100001111111000010011000101101110011000100110000010000001011101100000100110000100000101110010011001000110100110000 2557040.0
runproj limit: 0.0
"timed out"
00001111000011,00001111000011010100000010011100000100000000100010100100111111000001001001000001010011000000000101110000100111110000100111010111001000010000000100100100100101010110000001000000100011 2557040.0
runproj limit: 0.0
"timed out"
11100100000000,11100100000000111001000010011110110001000001010001110111100100000000001010000101001011010100100011111011110010111111100101111011000000000010000001010000000000000000100001011110010000 2557040.0
runproj limit: 0.0
"timed out"
00000010000011,00000010000011010111000100101111010010101000110011111001011000111000000111101001111000111000010100000000111000101010010100000101001000011001110001100000100001000100000000010010100001 2557040.0
runproj limit: 0.0
"timed out"
10000000000101,10000000000101000001000000101100000000000100110001000101101100011110100010111111010001001100001101000001010101111110010010100001001000110000010011101001011000100100000001111000110000 2557040.0
best: 2.0
runproj limit: 0.0
"timed out"
01000100000111,01000100000111010101011011011100100100000001100010110100101101100100001001000001001011000100001101110000100011110011100111010111001010111000000001100100010101001110111001000000110010 2557040.0
runproj limit: 0.0
"timed out"
00010010001001,00010010001001100101000000011100111010010100110001101101000101000011000010001111100000001100110111110001000001110011010011001001101100100101110000001011111000011011101001000110010000 2557040.0
runproj limit: 0.0
"timed out"
00010011111101,00010011111101110111010100101101111010010100100100000101011011010011110010011000000000011000001111110011000001010001011001011001100101100100110001100011110001000011101001101110011000 2557040.0
runproj limit: 0.0
"timed out"
10000010000101,10000010000101100101010010011101011010000100110100110101101101001010100010101011000000001000100101110001000101010010010000001011101100100100110000100000111110010100001001110100010000 2557040.0
runproj limit: 0.0
"timed out"
00001111000010,00001111000010111110000001011100000100010000100001100100111001000001101001000001111101000010000111101010100011000000101111010111011100010001010100100101100101010110110010000100100001 2557040.0
runproj limit: 0.0
"timed out"
00000011111110,00000011111110110101011110001101111010010100100111100111011011010010000001011101100000011000111111110001000001010001011000011011100100100100110000101011100110000011101000101110011100 2557040.0
runproj limit: 0.0
"timed out"
11100110110100,11100110110100110000011010000110010100101001010001010100011101000100001010110101010010011100101011111001110000011010100011011011101100000100000000100000011000000000100001010100101011 2557040.0
runproj limit: 0.0
"timed out"
00001110000111,00001110000111111000001000011110010000001000110001000100100001000010101001000001101111000100100011110011100011100000100100010101011100010001010000100101000000000000110011101110000011 2557040.0
runproj limit: 0.0
"timed out"
10001000100010,10001000100010011011001110010011010100101001011000110001000101000100101110100101010010110110001011111100111011110110100001011011101010000100100100101000111001011111100101000100101010 2557040.0
runproj limit: 0.0
"timed out"
01111110110101,01111110110101110000101010011110010100001011111001010100101101011100101110101101011010010101111011110001110111111111000101001111010100101010000001100000001100101100101001011100111011 2557040.0
runproj limit: 0.0
"timed out"
10000110001100,10000110001100000111001100010000010010000000111000110100101101011001000010100010101101000100101100100101010011001010010100001001000001100001110000010111011000010100010010101010010000 2557040.0
runproj limit: 0.0
"timed out"
10100011000111,10100011000111110110000010111110010011010011110011111001111010011001001111101000111000111001011100101000111001101110010000001101001000011001110011010000100111100101000000011110111000 2557040.0
runproj limit: 0.0
"timed out"
10001011011011,10001011011011110100011000000100001110001111100000100010011100101001101001100101011010000000100001110010000001010100100111000110001100000001000100101010100101010110000001010100000001 2557040.0
runproj limit: 0.0
"timed out"
11100000000000,11100000000000110001000000011110010000010000010000100110000100010000001010010001001001000100000000110011100000110100100001111011000010000010000001000000000100000100010001001000000000 2557040.0
runproj limit: 0.0
"timed out"
10000011111110,10000011111110110111101100111101111010010000110000010101110011000010010010001000100001011000100111110001000001010011010001011001100100100101110000000011100100010011001000100110011100 2557040.0
runproj limit: 0.0
"timed out"
10000001010110,10000001010110010011100000101100011010010000110001010101100011001110010010111001000001011100100111110001000101111010010001001001000100100001010010100011001100010000001001100000010000 2557040.0
runproj limit: 0.0
"timed out"
00001111000011,00001111000011110100000010011100000100000000100010100100111111010100001001000101010011000000000101010000100011110000010101010001001000010000010000100100100101010100000001000000000011 2557040.0
runproj limit: 0.0
"timed out"
00001100000101,00001100000101111001001010010110010000001100000001000010100001010000001000011101001011010100000011110011110011100110100000011001000000110001010100100001000000000000100001011100000010 2557040.0
runproj limit: 0.0
"timed out"
11000100100010,11000100100010110001010100000010110100101001010001110100001101100100001110000000010010011100001111111000100000011110100001011001101010000101100000101000011000000100000101000100000000 2557040.0
runproj limit: 0.0
"timed out"
10000010001111,10000010001111100101000000111101110010000000110000010101100101001010000010101010110001001100100111110001000001010010010011011001100100100001110000000011110100010100001001100000010000 2557040.0
best: 2.0
runproj limit: 0.0
"timed out"
10000011000111,10000011000111100110000010011111011011000001110101111001111001011001100011101011010000011001011101101000110001100110010000001111101100111001110010000000111111100101001000110100011000 2557040.0
runproj limit: 0.0
"timed out"
00000011111101,00000011111101110111011110101101111010010100100111100101011011010011100010011100100000011000001111110001000001010001011001011001100100100100110001101011110101000011101001101110011100 2557040.0
runproj limit: 0.0
"timed out"
00010010000001,00010010000001110111010000011100011010010000110100100101010111010001001010011001000001010000001101110011100000010101011001111011000101000010000001000000010000000011101001101100001000 2557040.0
runproj limit: 0.0
"timed out"
01110110110100,01110110110100110000011010010110010100101011011001010100011101000100001110110101010010010100101011110001110111011110000001011111101100101000000000100000011000000100100001011100101011 2557040.0
runproj limit: 0.0
"timed out"
11000100000111,11000100000111100101011011111101110100000001100000010100100101100110000001101001101011000100101111110001100011010011000111011101101010100001110001100101010100011110001001100000110000 2557040.0
runproj limit: 0.0
"timed out"
10101000000010,10101000000010111001000110010110010100110000010000100010000100000000101110000001001001100110000010110111110001110100100001011011101010000110100101101000101000011110010101000000100010 2557040.0
runproj limit: 0.0
"timed out"
10100011000111,10100011000111110110000010111110010011010011110011111001111010011001001111101000111000111001011100101000111001101110010000001101001000011001110011010000100111100101000000011110111000 2557040.0
runproj limit: 0.0
"timed out"
00000101000110,00000101000110110001101000011100010000011100000001010011100001000000010000111101001001010100100111110001000111100110110000011001000100110001010010100011000100010000100001110000010000 2557040.0
runproj limit: 0.0
"timed out"
00110111111110,00110111111110110101001100101001111010011111100111000110011001010010011001000100101100000001000110110001001000010101010000101111101010010100110000101011100110001001001000101110011000 2557040.0
runproj limit: 0.0
"timed out"
10001101010000,10001101010000110000000011111100000001000000101100101100101111000100001001000101011010110010011011010000110011111000110011010110000000010000100000101100101111010100000011010101001110 2557040.0
runproj limit: 0.0
"timed out"
10100000000010,10100000000010011011101111000011010110011000011000010000000001100100100110001101010100110111101011110101011011011010101000101010000010000000100101111000101000011011100001000000011110 2557040.0
runproj limit: 0.0
"timed out"
00101011000101,00101011000101110110100011010000010001011000100010111110101011110111011000101101010011110010100000010000110000110011010101001000011000010100010000000101110111001100010010000001000111 2557040.0
runproj limit: 0.0
"timed out"
00110100111101,00110100111101001000111011010110011100111100010001010100010101010100101101011110000001011000101111010001110100011010100100010011101101100100000000110100011001000100100000100110111011 2557040.0
runproj limit: 0.0
"timed out"
01000100000111,01000100000111010101011011011100100100000001100010110100101101100100001001000001001011000100001101110000100011110011100111010111001010111000000001100100010101001110111001000000110010 2557040.0
runproj limit: 0.0
"timed out"
00010010001001,00010010001001100101000000011100111010010100110001101101000101000011000010001111100000001100110111110001000001110011010011001001101100100101110000001011111000011011101001000110010000 2557040.0
runproj limit: 0.0
"timed out"
00010011111101,00010011111101110111010100101101111010010100100100000101011011010011110010011000000000011000001111110011000001010001011001011001100101100100110001100011110001000011101001101110011000 2557040.0
runproj limit: 0.0
"timed out"
10000010000101,10000010000101100101010010011101011010000100110100110101101101001010100010101011000000001000100101110001000101010010010000001011101100100100110000100000111110010100001001110100010000 2557040.0
runproj limit: 0.0
"timed out"
00001111000010,00001111000010111110000001011100000100010000100001100100111001000001101001000001111101000010000111101010100011000000101111010111011100010001010100100101100101010110110010000100100001 2557040.0
runproj limit: 0.0
"timed out"
00000011111110,00000011111110110101011110001101111010010100100111100111011011010010000001011101100000011000111111110001000001010001011000011011100100100100110000101011100110000011101000101110011100 2557040.0
runproj limit: 0.0
"timed out"
11100110110100,11100110110100110000011010000110010100101001010001010100011101000100001010110101010010011100101011111001110000011010100011011011101100000100000000100000011000000000100001010100101011 2557040.0
best: 2.0
done evolving!
"all is well:)"
>>>>>>>>>>>>>>FINISH OPTIMIZATION>>>>>>>>>>>>>>>
435.70user 338.15system 14:42.99elapsed 87%CPU (0avgtext+0avgdata 131296maxresident)k
577584inputs+825640outputs (324major+59858866minor)pagefaults 0swaps
