Optimizing /h/ywang30/nofib/shootout/binary-trees
>>>>>>>>>>>>>>>START OPTIMIZATION>>>>>>>>>>>>>>>
pop: 13
gens: 15
arch: 7
limit is: 1.355
runproj limit: 1.355
"All is well :D"
Basetime is: 0.595
runproj limit: 1.355
00000000010000000000000000000000101000000000000000 0.555
runproj limit: 1.355
00000000010000000000000000000000101000000000000000 0.558
runproj limit: 1.355
00000000010100000010000010011010101000000000110000 0.597
runproj limit: 1.355
00000000010000000000000000000000101000000000000000 0.565
runproj limit: 1.355
00000000010000000000000001000110101000001001000001 0.63
runproj limit: 1.355
00100000110100000000000100001000101000000000000010 0.51
runproj limit: 1.355
10000000010000000000000000110001111100001000000100 0.542
runproj limit: 1.355
01000000010011000000001000000000101000000000001000 0.57
runproj limit: 1.355
00001000010000000000001000001000101000000000000001 0.508
runproj limit: 1.355
00100000010000000000000010000000100100001000000000 0.532
runproj limit: 1.355
00000100010000001000000000000000101010100000000000 0.572
runproj limit: 1.355
00001000010010000000000100000001101000000010000000 0.54
runproj limit: 1.355
00000000010000000000000000001000101000000000010000 0.537
best: 0.8537815126050421
runproj limit: 1.355
00000100010000000000000000000000101010000000000000 0.57
runproj limit: 1.355
00001000010000000000000000000001101000000010000000 0.555
runproj limit: 1.355
00100000110100000000000100001000101000000000000010 0.518
runproj limit: 1.355
00000000010000000000000000001000101000000000000001 0.518
runproj limit: 1.355
10000000010000000000000000110001111100001000000100 0.532
runproj limit: 1.355
10001000010000000000001000011001111100000000000101 0.572
runproj limit: 1.355
00000000010000000000000000000000101000000000000000 0.552
runproj limit: 1.355
00001000010000000000001000001000101000000000000001 0.51
runproj limit: 1.355
00000000010111001000000110000010101000100000010001 0.61
runproj limit: 1.355
00001100010000010110011100000000110110000011010101 0.44
runproj limit: 1.355
01001100100001100111000001010000101100100000010000 0.872
runproj limit: 1.355
01100100010110000101001100010000001000000000000001 0.535
runproj limit: 1.355
01100001011000001100000000010000100010000000010111 0.57
runproj limit: 1.355
00001000010000000000001000001000101000000000000001 0.518
runproj limit: 1.355
00100000110100000000000100001000101000000000000010 0.5
runproj limit: 1.355
00100000010000000000000010000000100100001000000000 0.548
runproj limit: 1.355
00000000010000000000000000001000101000000000010000 0.512
runproj limit: 1.355
00001000010010000000000100000001101000000010000000 0.56
runproj limit: 1.355
10000000010000000000000000110001111100001000000100 0.537
runproj limit: 1.355
00000000010000000000000000000000101000000000000000 0.558
best: 0.7394957983193278
runproj limit: 1.355
00000000010000000000000000010000101100000000000100 0.528
runproj limit: 1.355
01100000010100000000000100000000001000000000000001 0.428
runproj limit: 1.355
00000000010000000000001000001000111100000000000101 0.498
runproj limit: 1.355
00100000110100000000000000001000111000001000000110 0.535
runproj limit: 1.355
00001000110100000000001100001000101000000000000000 0.537
runproj limit: 1.355
00000000010000000000000000001000101000000000000001 0.53
runproj limit: 1.355
00100000110101000000000110001000101000100000000000 0.53
runproj limit: 1.355
00100100010000000101001100010000101010000000010001 0.588
runproj limit: 1.355
00000000010000100001010001001010101000010011110110 0.55
runproj limit: 1.355
00011000010100000100101000011001101000100000011001 0.395
runproj limit: 1.355
11110100010011110101101100010110001000110001001000 0.438
runproj limit: 1.355
01010100000001011101101110010000010110100001010000 0.847
runproj limit: 1.355
00011100010001011000010001000110110011000101000001 0.405
runproj limit: 1.355
00001100010000010110011100000000110110000011010101 0.435
runproj limit: 1.355
00100000110100000000000100001000101000000000000010 0.508
runproj limit: 1.355
00001000010000000000001000001000101000000000000001 0.495
runproj limit: 1.355
00000000010000000000000000001000101000000000010000 0.508
runproj limit: 1.355
00000000010000000000000000001000101000000000000001 0.545
runproj limit: 1.355
10000000010000000000000000110001111100001000000100 0.532
runproj limit: 1.355
01100100010110000101001100010000001000000000000001 0.525
best: 0.6638655462184875
runproj limit: 1.355
00011000010100000100001000010000101000000000011000 0.502
runproj limit: 1.355
01100000010110000000000000010000011000001000000001 0.545
runproj limit: 1.355
00000000010000000000001000011000111100000000000100 0.61
runproj limit: 1.355
00001100010000010100001100000000110100000000000101 0.532
runproj limit: 1.355
01110000010111010101101100011011001000110001001000 0.42
runproj limit: 1.355
00100000010100000100001100010000101000000000000000 0.522
runproj limit: 1.355
00100000010000000000001010001000101000000000000001 0.502
runproj limit: 1.355
00100000010100000000000000011000101100001000000110 0.582
runproj limit: 1.355
00100000110101000000000110101000001000100100000000 0.52
runproj limit: 1.355
01001000010010000000010000001000100100101001000100 0.58
runproj limit: 1.355
01111000000101011000101000011001101010100001011011 0.805
runproj limit: 1.355
11100101010011100101110101110111001010100001011000 0.478
runproj limit: 1.355
00110100000001010001001001011111111110000000010001 0.782
runproj limit: 1.355
00011000010100000100101000011001101000100000011001 0.402
runproj limit: 1.355
00011100010001011000010001000110110011000101000001 0.408
runproj limit: 1.355
01100000010100000000000100000000001000000000000001 0.43
runproj limit: 1.355
00001100010000010110011100000000110110000011010101 0.425
runproj limit: 1.355
11110100010011110101101100010110001000110001001000 0.427
runproj limit: 1.355
00001000010000000000001000001000101000000000000001 0.532
runproj limit: 1.355
00000000010000000000001000001000111100000000000101 0.528
best: 0.6756302521008404
runproj limit: 1.355
01110000010110010000100100000010001000100000001000 0.518
runproj limit: 1.355
00100000110100000000001010001000101000000100000000 0.653
runproj limit: 1.355
00011000010100000100101000011001101000100000011001 0.395
runproj limit: 1.355
00001100010000000110001000001000100010000010000101 0.505
runproj limit: 1.355
01110000010001000101101000011000001000110001001001 0.372
runproj limit: 1.355
00000000010001011000000010000000111010000100000001 0.575
runproj limit: 1.355
00111000010001011001000001010010101001110001001001 0.405
runproj limit: 1.355
01100100010110010010010000010000011010000010010001 0.48
runproj limit: 1.355
00111010011101100111011001010010000000001000011000 0.378
runproj limit: 1.355
01010000000000010000011010001000101010000000010010 0.788
runproj limit: 1.355
00010101010001011000111100000110110011000101000001 0.33
runproj limit: 1.355
10100001111001001000100100100000001000110100000001 0.65
runproj limit: 1.355
01011000010100000000110000110000001010010010011000 0.53
runproj limit: 1.355
00011000010100000100101000011001101000100000011001 0.408
runproj limit: 1.355
00011100010001011000010001000110110011000101000001 0.408
runproj limit: 1.355
01110000010111010101101100011011001000110001001000 0.43
runproj limit: 1.355
00001100010000010110011100000000110110000011010101 0.435
runproj limit: 1.355
11110100010011110101101100010110001000110001001000 0.415
runproj limit: 1.355
01100000010100000000000100000000001000000000000001 0.43
runproj limit: 1.355
11100101010011100101110101110111001010100001011000 0.478
best: 0.5546218487394958
runproj limit: 1.355
00011100010001010110010001000100110111000111000001 0.552
runproj limit: 1.355
01000000010000010100111100011000001000110011000001 0.492
runproj limit: 1.355
10110100010001110101111100010110011010000001001000 0.518
runproj limit: 1.355
11010100010011011101010100010110110001010101001000 0.53
runproj limit: 1.355
01110000010001110101101000010010001000110001001001 0.428
runproj limit: 1.355
00100100010000000010000000001000110010000010000101 0.58
runproj limit: 1.355
00011000010001011000010001000110110011010001001001 0.395
ru