Optimizing /h/ywang30/nofib/spectral/clausify
>>>>>>>>>>>>>>>START OPTIMIZATION>>>>>>>>>>>>>>>
pop: 13
gens: 15
arch: 7
limit is: 6.0e-2
runproj limit: 6.0e-2
"All is well :D"
Basetime is: 2.0e-2
runproj limit: 6.0e-2
01000000000000000000100000000000000000000000100000000010000000001010000000100110000000000000000000000000000001000000001001000000000000000000010001001010000000100110100001100000000000000000000000000000000000010010010000000100001000000001000100100 2.0e-2
runproj limit: 6.0e-2
00100000001000000001000000000011000000000000000000000000000000010010000000000000000000000000000000000000001000000010000001000000000000010000000000000000000000100000100000000000000000000000000001000000000000100000000000001001000000000000000001000 2.0e-2
runproj limit: 6.0e-2
00000000000100000010000010011010000000000000110000010000100000000000000000001000001000000000000000010000001000010001001100000001000000000000100000000010000000010000110000000000000010000000000000000100000011000000101000000000000000010000000000000 2.0e-2
runproj limit: 6.0e-2
00000000000000000000000000000000000000000000000000000000000000000000000000000000000000000000000000000000000000000000000000000000000000000000000000000000000000000000000000000000000000000000000000000000000000000000000000000000000000000000000000000 2.0e-2
runproj limit: 6.0e-2
00000000000000000000000001000110000000001001000001100000000000000000000000000000000000000100010001000000000000000000000000000100001000000000001001000000010000000000010000000010000000100000100000100000000001100001000000000000000000010101100000000 2.0e-2
runproj limit: 6.0e-2
00100000100100000000000100001000000000000000000010000000000000001100000001000000000010000000000101000000000000010000010010000100100010000000000000100010000000000000010000001000000000001010000100000001010000001000101000000000000000010000001000000 2.0e-2
runproj limit: 6.0e-2
10000000000000000000000000110001010100001000000100000001000001000000101000000000000001010000000000000000110000001000000000000010100000010010000000000000100000000000000001001001000000000000000010000101000000000000000000000000000000001100101000000 2.0e-2
runproj limit: 6.0e-2
00000000000000000000000000000000000000000000000000000000000000000000000000000000000000000000000000000000000000000000000000000000000000000000000000000000000000000000000000000000000000000000000000000000000000000000000000000000000000000000000000000 2.0e-2
runproj limit: 6.0e-2
00001000000000000000001000001000000000000000000001000001000000001000001001000000000000000001000000000000000101000001000000000000000000000000001001000100010010001100100000001001000000000000110100000000001000000000100000100000000000000001000000000 2.0e-2
runproj limit: 6.0e-2
00100000000000000000000010000000001100001000000000010000000000000100000000000000000000000100000000001000000000000000000000100000000000110010010000000000000000000100000001000010001001100100000000010000000000100000000000100100000000000000001100000 2.0e-2
runproj limit: 6.0e-2
00000100000000001000000000000000000010100000000000000000000010110000000000001000001111000000100000000100000010000000000000100010000010000010000000000000000000100100000000001000000001000000101010000010100000000000000000010001000000000000000001000 2.0e-2
runproj limit: 6.0e-2
00000000000000000000000000000000000000000000000000000000000000000000000000000000000000000000000000000000000000000000000000000000000000000000000000000000000000000000000000000000000000000000000000000000000000000000000000000000000000000000000000000 2.0e-2
runproj limit: 6.0e-2
00000000000000000000000000001000000000000000010000000000000000110001100000100100000000000000000100001000100011000000000000000100000010000000000000010000010000010000000000100000100000000000000000000000000001001000000000000010000000000010001001000 3.0e-2
best: 1.0
runproj limit: 6.0e-2
00000000000000000010000000001110000000001000110001010000100000000000000000000000000000000100010000010000000000010001001100000100001000000000100000000000010000010000010000000010000000000000100000100000000001100001000000000000000000010001000000000 2.0e-2
runproj limit: 6.0e-2
00000000000100000000000010011001000000000000110000010000000000000000101000000000000001010000000000010000010000000001001100000001000000000000100000000000100000000000100001001000000000000000000000000100000011000000101000000000000000001100100000000 2.0e-2
runproj limit: 6.0e-2
01100000100100000000000100000000000000000000000000000000000000001000000001000110000010000000000000000000000001000000011001000100000000000000010001000010000000000110000001101000000000000010000100000001010000010000101000000100000000000001000000100 2.0e-2
runproj limit: 6.0e-2
00000000000000000000000000000000000000000000000001000000000000000000001000000000000000000001000000000000000000000001000000000000000000000000001000000000010010000100100000000001000000000000110100000000001000000000100000000000000000000000000000000 2.0e-2
runproj limit: 6.0e-2
10100000000000000001000000110001000100001000000000000000000001000000001000000000000001010000000000000000110000000000000001000000000000010000000000000000100000100000000001000000000000000000000010000100000000100000000000000000000000000000000000000 2.0e-2
runproj limit: 6.0e-2
10001000000000000000001000011001010100000000000101000001000001001000101000000000000000000001000000000000010100001000000000000010000000010000001000000100010010000100100001001001000000000000100100000100001000000000100000000000000000001100001000000 2.0e-2
runproj limit: 6.0e-2
00000000000000001000000000000000000010100000000000000000000000100000000000000000001100000000000000000100000000000000000000000000000010000010000000000000000000100100000000000000000001000000100010000000000000000000000000000001000000000000000000000 2.0e-2
runproj limit: 6.0e-2
10000000000000000000000000010000010100001000000101000000000000000000101000000000000001000100010001000000100000000000000000000100101000000010000000000000100000000000000000000000000000100000100010000001000001000000000000000000000000011100100000000 2.0e-2
runproj limit: 6.0e-2
00100000001111001001000110000001000000100000010001000111001010010010100011000100000000110001000010001000101010000110000101101000001000010000000010000101000000100010000101000011000001000000010101000010000100110000000001001101001100100010011000010 2.0e-2
runproj limit: 6.0e-2
00000100000010010110011001000111011110001000010100100000000100000000000000000000000110101100111001000001000000100001000010010000001100000001101000100000010000100001000100000010011010100101010000100000010001100001010110000001010100001001101000000 2.0e-2
runproj limit: 6.0e-2
00001100110001100111100001010000000100100000110000001011001000001010001000000110001010100001001001011001001001000000001011100010001000110000001001001011001000100110100001110010010100001000000000000000110000010110010000010111001100000001000110101 5.0e-2
runproj limit: 6.0e-2
01100100000110000101001100010000100000000000000001010100010001101100000101000010001011000001010101101000001111010001000110000100100010110010010001101010000000000100011010001000000100001010110100110011011100000100001011010000101000000001001001100 4.0e-2
runproj limit: 6.0e-2
01100101001100000110000010001010001000100000100111101100100000000000000100001000001000010001011110001000011000010011001101001001000000000001100000000010011000000000110000110000001011001000101010100000010011100010100000010100010110010000110011101 4.2e-2
runproj limit: 6.0e-2
01000000000000000000100000000000000000000000100000000010000000001010000000100110000000000000000000000000000001000000001001000000000000000000010001001010000000100110100001100000000000000000000000000000000000010010010000000100001000000001000100100 2.0e-2
runproj limit: 6.0e-2
00100000001000000001000000000011000000000000000000000000000000010010000000000000000000000000000000000000001000000010000001000000000000010000000000000000000000100000100000000000000000000000000001000000000000100000000000001001000000000000000001000 2.0e-2
runproj limit: 6.0e-2
00000000000100000010000010011010000000000000110000010000100000000000000000001000001000000000000000010000001000010001001100000001000000000000100000000010000000010000110000000000000010000000000000000100000011000000101000000000000000010000000000000 2.0e-2
runproj limit: 6.0e-2
00000000000000000000000000000000000000000000000000000000000000000000000000000000000000000000000000000000000000000000000000000000000000000000000000000000000000000000000000000000000000000000000000000000000000000000000000000000000000000000000000000 2.0e-2
runproj limit: 6.0e-2
00000000000000000000000001000110000000001001000001100000000000000000000000000000000000000100010001000000000000000000000000000100001000000000001001000000010000000000010000000010000000100000100000100000000001100001000000000000000000010101100000000 2.0e-2
runproj limit: 6.0e-2
00100000100100000000000100001000000000000000000010000000000000001100000001000000000010000000000101000000000000010000010010000100100010000000000000100010000000000000010000001000000000001010000100000001010000001000101000000000000000010000001000000 2.0e-2
runproj limit: 6.0e-2
10000000000000000000000000110001010100001000000100000001000001000000101000000000000001010000000000000000110000001000000000000010100000010010000000000000100000000000000001001001000000000000000010000101000000000000000000000000000000001100101000000 2.0e-2
best: 1.0
runproj limit: 6.0e-2
00100000000000000000000000010000000110000000000000000000000001100000001000000000000001010000000000000000110000000000000001000000000010000010000000000000100000100000000001000000000000000000100010000100000000000000000000000000000000000000000000000 2.0e-2
runproj limit: 6.0e-2
01100000000100000000000100000000100000000000000001000100010001001000000101000110000010000000010101101000001011010000000001000100000000000010010001100010000000000110000000001000000100001010000100100011010100010100001011000000001000000001000001100 2.0e-2
runproj limit: 6.0e-2
00000000000000000000001000001000010100000000000101000000000001001000000000000000000000000001000000000000010100001000000000000010000000010000001000000000000000000100000001001001000000000000000100000000000000000000100000000000000000000000000000000 2.0e-2
runproj limit: 6.0e-2
00100000000000000001000000000011000000001000000000000000000000000000001000000000000001000000000000000000011000000010000001000000000000010000000000000000100000100000100000000000000000000000000010000100000000100000000000001001000000000000000000000 2.0e-2
runproj limit: 6.0e-2
01000000100100000000100100000000000000000000100000000000000000001010000001000110000000000000000000000000000001000000001001000000000000000000010001000010000000100110000001101000000000000000000000000001000000010000110000000100001000000001000100100 2.0e-2
runproj limit: 6.0e-2
00000000000000000000000000000000000000000000000001000000000000000000001000000000000000000001000000000000000000000001000000000000000000000000001000000000000010000000000000000000000000000000010100000000000000000000100000000000000000000000000000000 2.0e-2
runproj limit: 6.0e-2
00000000001101000001000010001111000000101000010001010111100000010010000000000100000000000001010000010000000010010110000100101100001000010000100010000000010000110010000101000011000001000000110001000010000100100001000001000001000000010010010000000 2.0e-2
runproj limit: 6.0e-2
00000000000010000100000001000111000010100000010000100000000000000000000000000000000100100100111001000100000000000001000010010000000110000010000000100000010000100000000100000000010000100101100010000000000001100000000010000001000100000000000000000 2.0e-2
runproj limit: 6.0e-2
00100000100100100001010101001010000000010011100100000001001000001100001100011011000010100000000111000111001101110100111010100111110110000110000000101010000010000100110000000010010001001010000101010001010100000010101000011000000100010001101001011 2.0e-2
runproj limit: 6.0e-2
01010000000100000100000000010001000000100000111000000000001001101111000101100111010001000000001011010001000101001010000101100000011010000001011011001011000000100110111100100000000000100101000010000010100100000010010000010101000100000011000000000 2.0e-2
runproj limit: 6.0e-2
10010000000101111000100000000110000010010001001001001001110010001010100100000001101010101000010001000110001100010010100000000100000010001010110001001000101001101000010110011111001001010000100010101100000101001000000001001001010001010000100010100 5.0e-2
runproj limit: 6.0e-2
01010100010001011101101110010000111110100001010000010000110000101100001111000010000110000001011000011010011010010001100000000101000000010100100000101101000001100100111010000000000100000100110111010010110101000101000001110010101010011001000111100 4.5e-2
runproj limit: 6.0e-2
00110100001110010001011111001111011011100101010001001111101010000011110010100010010000110101001010100101110010010111001101101000011000011100001010100001001010100010000100100111100011000000010111100110100000011000000001111011001000100000010011010 5.0e-2
runproj limit: 6.0e-2
00000000000000000010000000001110000000001000110001010000100000000000000000000000000000000100010000010000000000010001001100000100001000000000100000000000010000010000010000000010000000000000100000100000000001100001000000000000000000010001000000000 2.0e-2
runproj limit: 6.0e-2
00000000000100000000000010011001000000000000110000010000000000000000101000000000000001010000000000010000010000000001001100000001000000000000100000000000100000000000100001001000000000000000000000000100000011000000101000000000000000001100100000000 2.0e-2
runproj limit: 6.0e-2
01100000100100000000000100000000000000000000000000000000000000001000000001000110000010000000000000000000000001000000011001000100000000000000010001000010000000000110000001101000000000000010000100000001010000010000101000000100000000000001000000100 2.0e-2
runproj limit: 6.0e-2
00000000000000000000000000000000000000000000000001000000000000000000001000000000000000000001000000000000000000000001000000000000000000000000001000000000010010000100100000000001000000000000110100000000001000000000100000000000000000000000000000000 2.0e-2
runproj limit: 6.0e-2
10100000000000000001000000110001000100001000000000000000000001000000001000000000000001010000000000000000110000000000000001000000000000010000000000000000100000100000000001000000000000000000000010000100000000100000000000000000000000000000000000000 2.0e-2
runproj limit: 6.0e-2
10001000000000000000001000011001010100000000000101000001000001001000101000000000000000000001000000000000010100001000000000000010000000010000001000000100010010000100100001001001000000000000100100000100001000000000100000000000000000001100001000000 2.0e-2
runproj limit: 6.0e-2
00000000000000001000000000000000000010100000000000000000000000100000000000000000001100000000000000000100000000000000000000000000000010000010000000000000000000100100000000000000000001000000100010000000000000000000000000000001000000000000000000000 2.0e-2
best: 1.0
runproj limit: 6.0e-2
01010000000100100101000001001000000000010000111000000001001000001111001101100111000000100000000111000111000101110010110100100101111110000101001000001010000010100110111100000000010000001010000100010000100100000010001000010000000100000001000001001 2.0e-2
runproj limit: 6.0e-2
00000000000000000001000000000000000010001000000000000000000000000000001000000000001101000000000000000100010000000000000001000000000000000010000000000000100000100100000000000000000000000000100010000100000000000000000000000001000000000000000000000 2.0e-2
runproj limit: 6.0e-2
10000000000000000000001000011001010100000000000101000000000001001000001000000000000000000001000000000000010100001000000000000010000000010000001000000000010010000100100001001001000000000000000100000100000000000000100000000000000000000100000000000 2.0e-2
runproj limit: 6.0e-2
00000000000000000000000000000000010000000000000001000000000001001000001000000000000000000001000000000000000000001000000000000000000000000000001000000000010000000100000000001001000000000000000100000000001000000000100000000000000000000000000000000 2.0e-2
runproj limit: 6.0e-2
00000000000101000101000010010011000000100000010001010101000001110110000001000110010000000000011011010000000001000010000100100100011010000001111010000000010000110110101100000001000000000101000010000010100100100011010001000101000000010010000000000 2.0e-2
runproj limit: 6.0e-2
00000000000100000000000010000001000000100000110000000000000000000000101000000000000001000000000000010100010000000001001100000000000010000000000000000000000000000100100000001000000001000000100000000100000010000000101000000000000000001000000000000 2.0e-2
runproj limit: 6.0e-2
01100000100100000000000100000000000000010010000100000000001000001100001101000011000010000000000111000100000101100100011001100111110110000010000000000010000000000110110000001000010001001010000100000001010100010010101000001000000100000001000001001 2.0e-2
runproj limit: 6.0e-2
10100000000000000001000000010001000100001000000000000000000000000000001000000000000001000000000000000000110000000010000001000000000000010000000000000000100000100000100000000000000000000000000010000100000000100000000000001001000000000000000000000 2.0e-2
runproj limit: 6.0e-2
00000000001101000001000010101111100000101100010001010111001010000010000100100111110110100111010011111000000010011110000101101111101001000010100110000000010101111010000001001010101000000011101001100000000010100001101000001100000101010010110100001 2.0e-2
runproj limit: 6.0e-2
01101000000010000000010000001000001110101001000000000001100011101001011000110000001011010010101000110110110001100000110011010000000010000010000010011001100000100010000001000010000000110100110010010111010000000001010001010000010001000000000000010 2.0e-2
runproj limit: 6.0e-2
01100000010001011100001000001000010110000001000111011010010001011000110100001010100011010001000000100001011100000001000010100001000010100011001010001000000110101100110001000001110100000011000100011100001001001001000001000010100110011000100011111 5.0e-2
runproj limit: 6.0e-2
00010001000000011000011001100001000000110000010000010000000100110000000001010011001100000100010000010111010010100100001000000001000001000010010000010000101001100100010100100110001100100100100010010000000000001000101101010001000001010100000000000 2.0e-2
runproj limit: 6.0e-2
00010000010011010000000100001000010110100000010000100001000000101100000000000001000101101100111001010101001100001101000010000111001111100000101101101000100000100000111100010110101100100001110001001110000001100000010110000101100100010001000000001 4.5e-2
runproj limit: 6.0e-2
00100000000000000000000000010000000110000000000000000000000001100000001000000000000001010000000000000000110000000000000001000000000010000010000000000000100000100000000001000000000000000000100010000100000000000000000000000000000000000000000000000 2.0e-2
runproj limit: 6.0e-2
01100000000100000000000100000000100000000000000001000100010001001000000101000110000010000000010101101000001011010000000001000100000000000010010001100010000000000110000000001000000100001010000100100011010100010100001011000000001000000001000001100 2.0e-2
runproj limit: 6.0e-2
00000000000000000000001000001000010100000000000101000000000001001000000000000000000000000001000000000000010100001000000000000010000000010000001000000000000000000100000001001001000000000000000100000000000000000000100000000000000000000000000000000 2.0e-2
runproj limit: 6.0e-2
00100000000000000001000000000011000000001000000000000000000000000000001000000000000001000000000000000000011000000010000001000000000000010000000000000000100000100000100000000000000000000000000010000100000000100000000000001001000000000000000000000 2.0e-2
runproj limit: 6.0e-2
01000000100100000000100100000000000000000000100000000000000000001010000001000110000000000000000000000000000001000000001001000000000000000000010001000010000000100110000001101000000000000000000000000001000000010000110000000100001000000001000100100 2.0e-2
runproj limit: 6.0e-2
00000000000000000000000000000000000000000000000001000000000000000000001000000000000000000001000000000000000000000001000000000000000000000000001000000000000010000000000000000000000000000000010100000000000000000000100000000000000000000000000000000 2.0e-2
runproj limit: 6.0e-2
00000000001101000001000010001111000000101000010001010111100000010010000000000100000000000001010000010000000010010110000100101100001000010000100010000000010000110010000101000011000001000000110001000010000100100001000001000001000000010010010000000 2.0e-2
best: 1.0
runproj limit: 6.0e-2
00000000000100000000001010001010000000100000000101010000000001100110000000000000010000000000001000000000000001000010000100000110010010000001111010000000010000100100100001001001000000000101000100000010100000100011010000000100000000000000000000000 2.0e-2
runproj limit: 6.0e-2
01000000001100000000000110001010000000010010000101010111100000000010000101000011000000000001010001000100000001000100001100100100000000010010100010000010010000110110110001000000010001000010110101000010000100110010101000001000000100010011010001001 2.0e-2
runproj limit: 6.0e-2
01100000000000000000001000001000011100100001000101000001000001001000011000110000001001010000000000000100010100100000100000010000000000010000000000000000100000000110000001001010000000100000100000000101010000000000100000000000000000000000000000010 2.2e-2
runproj limit: 6.0e-2
00100000000101000001000000001111000000101000010000010001100000010000000000000000000000000000010000010000011000010110000100101100000000010000000000000000010000110000100000000011000000000000010011000010000100100000000001000001000000000000000000000 2.8e-2
runproj limit: 6.0e-2
00000000000001000001000010101101100100101100010000010111000000000000000100000001110011000010010001010000110010010110000001001000100000010000100000000000110001111000000000000000100000000000000000000100000010100000000000001101000000010010000000000 2.0e-2
runproj limit: 6.0e-2
01100000000100000000000100000000000000000000000001000000010001001000000001000010000010000001000101000000000000000000000001000000000000000000011001000010000010000110000000000000000000000010000100100010010000000000000001000000001000000001000000000 2.0e-2
runproj limit: 6.0e-2
01010000000100100100010001101000000000110000010000000000001000110001000001110011000000000000010101010111010101110010011000100001110111000111000000000010101001100100111100000100010100000100100110010000000100000010101000010000000101000101000001001 2.0e-2
runproj limit: 6.0e-2
00000000000000000000000000000000010000000000000001000000000001001000001000000000001101000000000000000000000000001000000001000000000000000010000000000000000000000100000000001000000000000000100000000000000000000000100000000000000000000000000000000 2.0e-2
runproj limit: 6.0e-2
01110010001101000110010000001010101000011000111000000000000101101111001101010110010101101010000111000111100111111110111100100111100110001111011011101001100000110100010000000000011000101010001101010001100100010000001011010000001100000101010011101 4.8e-2
runproj limit: 6.0e-2
00010000110100010000010100000000000010010010010111001011001110001101000001000011010111000111000101010110100101000100100001100111100010110010001010000100001000100010111110001000000001001010001100001001110100010000101010101001000111010000000001011 2.0e-2
runproj limit: 6.0e-2
01101001000100000000101001000000100000000000000001010000010000100011000101100110001011010000011100101010011111111000100001110101100000011010000001000000000100000100101000001001000110000000111110100011010100110100001011000000100000100101011110000 5.0e-2
runproj limit: 6.0e-2
00000001001100001000101010010001010100010000000100100000010001101000001110000010100001100001000010001100110000010101000000010010001001010010000001000001010000000101110001011101000000001100100100001110000000110111100000100010100100011001001000010 4.5e-2
runproj limit: 6.0e-2
00010000000100100001111001101000100010000010111000110101101100001111001101000101110000110000101111000110100001000110110100010100011111010111000111001011000000110110111001000000111010011010000100010000101110101010001001011001000100010101000001111 2.0e-2
runproj limit: 6.0e-2
01010000000100100101000001001000000000010000111000000001001000001111001101100111000000100000000111000111000101110010110100100101111110000101001000001010000010100110111100000000010000001010000100010000100100000010001000010000000100000001000001001 2.0e-2
runproj limit: 6.0e-2
00000000000000000001000000000000000010001000000000000000000000000000001000000000001101000000000000000100010000000000000001000000000000000010000000000000100000100100000000000000000000000000100010000100000000000000000000000001000000000000000000000 2.0e-2
runproj limit: 6.0e-2
10000000000000000000001000011001010100000000000101000000000001001000001000000000000000000001000000000000010100001000000000000010000000010000001000000000010010000100100001001001000000000000000100000100000000000000100000000000000000000100000000000 2.0e-2
runproj limit: 6.0e-2
00000000000000000000000000000000010000000000000001000000000001001000001000000000000000000001000000000000000000001000000000000000000000000000001000000000010000000100000000001001000000000000000100000000001000000000100000000000000000000000000000000 2.0e-2
runproj limit: 6.0e-2
00000000000101000101000010010011000000100000010001010101000001110110000001000110010000000000011011010000000001000010000100100100011010000001111010000000010000110110101100000001000000000101000010000010100100100011010001000101000000010010000000000 2.0e-2
runproj limit: 6.0e-2
00000000000100000000000010000001000000100000110000000000000000000000101000000000000001000000000000010100010000000001001100000000000010000000000000000000000000000100100000001000000001000000100000000100000010000000101000000000000000001000000000000 2.2e-2
runproj limit: 6.0e-2
01100000100100000000000100000000000000010010000100000000001000001100001101000011000010000000000111000100000101100100011001100111110110000010000000000010000000000110110000001000010001001010000100000001010100010010101000001000000100000001000001001 2.0e-2
best: 1.0
runproj limit: 6.0e-2
00010000000000000000000100000000010000000000010111000011000111001100001000000001010011000011000000000100100100001000100000100010100010000000001000000100001000000000100100001001000001000000000100000000000100010000101010101001000000000000000000001 2.0e-2
runproj limit: 6.0e-2
00000000000000000000000010101100100100100100010001000010000000000000001000000001000011000000000000010000100010011110000001001000000000010000000000000000000001111100000000001000100000000000100000000100000000100000000000001000000000000010000000000 2.0e-2
runproj limit: 6.0e-2
00100000100000000000000100000000000010000010000100000000000000000100001000000001000111000000000001000100010001000000011001100100110000000010000000000000100000100100010000001000000001001010000010000001000100000000001000000000000000000000000000001 2.0e-2
runproj limit: 6.0e-2
01000000000101000000000100000011000000100000000001010001010001111100000001000010010000000000001101010000000001000010000000000100011000000000011010000010000010010110100100000001000000000000000100000010100000000011000001000000001000010001000000000 2.0e-2
runproj limit: 6.0e-2
01100000000100000000000100000000000000000000000001000000010001001000000001000010000010000001000101000000000000000000000001000000000000000000011001000010000010000110000000000000000000000010000100100010010000000000000001000000001000000001000000000 2.0e-2
runproj limit: 6.0e-2
01000000000100000000000000000000010000000000000001000000010001001000001001000000000111000000000100000000000000000000000001000000000000000010000001000000000000000100000000001000000000000000100000000000010000000000100000000000000000000000000000000 2.0e-2
runproj limit: 6.0e-2
00010000000100100000001010101010000000110000000000000000001000100010000000100001000000000000000001000101000001100010000100100001110011000001111000000010110000100100100100000100000100000100100100000000100000000010101000010000000001000000000000000 2.0e-2
runproj limit: 6.0e-2
01100001000100000000000100000000000000010000000000000000010001101000001100000010000000000001000110001100010000000100000001000000001000000010001001000011000000000100000000011101000000001110100100100010000000110111000000000000101100011001001000000 4.8e-2
runproj limit: 6.0e-2
00100000000110000001010000000000000000100000111001011000100010000001100001000000001001100000000000110110111001100000001110000000001111000001010100100010110101000110100100011000000000000000110000101100000011000100001010011000000100010010001011110 4.5e-2
runproj limit: 6.0e-2
11010100100100000000100100001011000010011011100100011011001100011000101011000111000010010000000111000100001000100100111010110111100111000111000010010110000000100111010101001101011000101011000100100001011101010110110000000000001110001001100001010 2.0e-2
runproj limit: 6.0e-2
10100100100111001000000110001000100101000100010101010000111110101110100100000010001010000001000100001110000101000000000001100001110100000100000000000110110110001011000100000000000100001010011000101010010101110000011001110100100010000001010100000 5.0e-2
runproj limit: 6.0e-2
00010000100010010000000000010010111100000000010001000000110100001101001010100000011101001101100001110001100000101000000001001011000011000001000100100000000010000111100000011101011000001010100001100000000100000100000100010000110101110011011000000 5.0e-2
runproj limit: 6.0e-2
00000100000010110100010000001011100000100000100100010011000000011010010001001000000101100000010100010101010001011001100011000011001010000010010111101100010101110100100000011000010101000100100100001000001100000000100000011100001010000000011011000 4.2e-2
runproj limit: 6.0e-2
00000000000100000000001010001010000000100000000101010000000001100110000000000000010000000000001000000000000001000010000100000110010010000001111010000000010000100100100001001001000000000101000100000010100000100011010000000100000000000000000000000 2.0e-2
runproj limit: 6.0e-2
01000000001100000000000110001010000000010010000101010111100000000010000101000011000000000001010001000100000001000100001100100100000000010010100010000010010000110110110001000000010001000010110101000010000100110010101000001000000100010011010001001 2.0e-2
runproj limit: 6.0e-2
00000000000001000001000010101101100100101100010000010111000000000000000100000001110011000010010001010000110010010110000001001000100000010000100000000000110001111000000000000000100000000000000000000100000010100000000000001101000000010010000000000 2.0e-2
runproj limit: 6.0e-2
01100000000100000000000100000000000000000000000001000000010001001000000001000010000010000001000101000000000000000000000001000000000000000000011001000010000010000110000000000000000000000010000100100010010000000000000001000000001000000001000000000 2.0e-2
runproj limit: 6.0e-2
01010000000100100100010001101000000000110000010000000000001000110001000001110011000000000000010101010111010101110010011000100001110111000111000000000010101001100100111100000100010100000100100110010000000100000010101000010000000101000101000001001 2.0e-2
runproj limit: 6.0e-2
00000000000000000000000000000000010000000000000001000000000001001000001000000000001101000000000000000000000000001000000001000000000000000010000000000000000000000100000000001000000000000000100000000000000000000000100000000000000000000000000000000 2.0e-2
runproj limit: 6.0e-2
00010000110100010000010100000000000010010010010111001011001110001101000001000011010111000111000101010110100101000100100001100111100010110010001010000100001000100010111110001000000001001010001100001001110100010000101010101001000111010000000001011 2.0e-2
best: 1.0
runproj limit: 6.0e-2
01100000000100000000000100000000000000000000000001000000010001001000000001000010000010000001000101000000000000000000000001000000000000000000011001000010000010000110000000000000000000000010000100100010010000000000000001000000001000000001000000000 2.0e-2
runproj limit: 6.0e-2
00100000000010000100010100000011000000000000100000000001000000011010000001001000000011000000010101010001000000010000000001000011001000000000010111101100010110100100100000001000000100000110100100101010011000000000100000001000001010000001000011000 4.8e-2
runproj limit: 6.0e-2
00010000000101000000000100000010000000110000000000010000000000110100000000100011010000000000001101000000000001100010000100000100111010000001111000000010000010100110100100000101000000000000100100000000100000000010000000000000000001010000000000000 2.0e-2
runproj limit: 6.0e-2
00000000010100010000010000000000010000010000010101001001001000001101000001000001010111000010000101000010000001000000100001000010100000100010001000000000001000100110101000001000000000001010100100001000010000000000100000000001000111000000000001000 2.0e-2
runproj limit: 6.0e-2
00000000000000000000000010101100100100100100010000000011000000000000001000000001100011000010000001010000100010011110000001001000100000010000000000000000000001111000000000000000100000000000100000000100000000100000000000001101000000000010000000000 2.0e-2
runproj limit: 6.0e-2
00000000001001000001000010001001100100001100010101010111100000000000000101000011110000000011010001000100110010000110000101100000100000010010100000000010110000110100110001000000100001000010110000000000000100110000101000001000000000010011010001000 2.0e-2
runproj limit: 6.0e-2
00000000001100000000000100001010000000010000010111000011000110000000001001000011000001000001000001000100000101000000101100100000100010000000000010000100000000010110100000001001000001000000110101000000000100010010101010001001000000010000010001001 2.0e-2
runproj limit: 6.0e-2
01100000001100000000000110000010000000010010000001000001110001001000000001000011000010000001010001000100000000000100001000000000000000000010100000000010000010110110110001000000000001000010000101100010010100010010101001000000000000010001000000001 2.0e-2
runproj limit: 6.0e-2
00010100000110101000100101110011001001110111000101010000010001011101000001011000010000110100100101010001101101000110000001010110111000000000010010000010110010110110100100110011000000000000010100100011101010000011001011000010001000111000110000001 3.0e-2
runproj limit: 6.0e-2
00001111100011000110000100100000001010000101111000000001001001011001000101101111000010110000001101000000010001010110000000000000000010000100011001001010000011000110101011000101000000100000100010110010110100010000000000100010001001110111001110010 5.0e-2
runproj limit: 6.0e-2
01001000000100100000010101100000000000100000100010010100001100110101001101110011110000001100011101010100000101111011101110010000110111100111010001100000010001100111011100000100010100010101001110111000010101100010111000000001100001101001000011001 4.5e-2
runproj limit: 6.0e-2
11001000011101000000100111001011110000100011100011010101011101111001101111001011000000011010101101011111001100110111000010000001011001000010101101000010001000010110111101111000100000010000000000001000100010000011000001001000001000110001010001000 2.0e-2
runproj limit: 6.0e-2
00000100001011110100000101111011100110101000001100111011000001111010010001111101001000100101011110010100010101110001100010000010011010000110000110011101010111000101100101111010110100000100100100000000010100100101101000001100011010000000001011000 4.2e-2
runproj limit: 6.0e-2
00010000000000000000000100000000010000000000010111000011000111001100001000000001010011000011000000000100100100001000100000100010100010000000001000000100001000000000100100001001000001000000000100000000000100010000101010101001000000000000000000001 2.0e-2
runproj limit: 6.0e-2
00000000000000000000000010101100100100100100010001000010000000000000001000000001000011000000000000010000100010011110000001001000000000010000000000000000000001111100000000001000100000000000100000000100000000100000000000001000000000000010000000000 2.0e-2
runproj limit: 6.0e-2
00100000100000000000000100000000000010000010000100000000000000000100001000000001000111000000000001000100010001000000011001100100110000000010000000000000100000100100010000001000000001001010000010000001000100000000001000000000000000000000000000001 2.0e-2
runproj limit: 6.0e-2
01000000000101000000000100000011000000100000000001010001010001111100000001000010010000000000001101010000000001000010000000000100011000000000011010000010000010010110100100000001000000000000000100000010100000000011000001000000001000010001000000000 2.0e-2
runproj limit: 6.0e-2
01100000000100000000000100000000000000000000000001000000010001001000000001000010000010000001000101000000000000000000000001000000000000000000011001000010000010000110000000000000000000000010000100100010010000000000000001000000001000000001000000000 2.0e-2
runproj limit: 6.0e-2
01000000000100000000000000000000010000000000000001000000010001001000001001000000000111000000000100000000000000000000000001000000000000000010000001000000000000000100000000001000000000000000100000000000010000000000100000000000000000000000000000000 2.0e-2
runproj limit: 6.0e-2
00010000000100100000001010101010000000110000000000000000001000100010000000100001000000000000000001000101000001100010000100100001110011000001111000000010110000100100100100000100000100000100100100000000100000000010101000010000000001000000000000000 2.0e-2
best: 1.0
runproj limit: 6.0e-2
01100000000101000000000100000011000000100000000001010001010001001100000001000010010010000000000101010000000001000000000000000000001000000000011000000010000010010110100100000001000000000010000100100010110000000011000001000000001000000001000000000 2.0e-2
runproj limit: 6.0e-2
10001000000001000000000111001111110100100011100000000001000000110001101110001001100001001010001001010010000000110110000000000000011001000010100001000010001001110110100000010000100000010000100000001000000000000011000000001100001000110011010001000 2.0e-2
runproj limit: 6.0e-2
00010000000000000000000010000000110000100100010010000011000011001100001000000001110011000011000001010100100110011100000000001010100000000000001000000000001000111000000000000000000000000000100100000000000000010000001000101101000000000010000000001 2.0e-2
runproj limit: 6.0e-2
01001010100100000000000000100000000010000001110001000001010001011001000001101100000110110000000100000000010000000010000001000000000010000000010001000000000011000110101010000101000000000000100010110000110000010000000000100000000001110010001110000 4.2e-2
runproj limit: 6.0e-2
00000000000100000000010000000100110100100100010101000011001000001101000000000001010011000000000100010000100010000000000001000000100000000000001000000000000000111110100000001000100000000000100000001000010000000000100000001001000101000010000000000 2.0e-2
runproj limit: 6.0e-2
01101000001100000000100111000010110000010011100011010001110001011001100001001011000010001000010001000100001000000110000000000001001001000010100101000010000010110110111001000000100000010010000000001000000100010010101001001000000000110001000000001 2.0e-2
runproj limit: 6.0e-2
00001010100000000110000100100000000000000100011000000010001001010000000001001001000011010000001101000000010010011110000000001000000010010000001001000010000011010110001001001100000000000000100000010100100100000000000000001000001001000011000010010 4.2e-2
runproj limit: 6.0e-2
00010000000101000000000010000010100000100000010000010001000000000000001000000001100000000010000101000000100011001110000100000000111010000000110000000010000010111110100100000001000000000000100100000100000000000000000000001000000000000010000000000 2.0e-2
runproj limit: 6.0e-2
00001100001101000001010011101001111100010100010101001110100101010011000001001001100000011001010000000110010010001110000101000000110010010011110111010110110100100110100000100000100110000110110001000010100100110100111000111001100000000010010011000 5.0e-2
runproj limit: 6.0e-2
11100000010100010101110010100000010000110100011101001011101000001001100101001001010111011010000111101010100000100110101000100111101000100000101100001000001000010001101000011010110000101010000001101001110000100110110010000011001110010000000011000 5.2e-2
runproj limit: 6.0e-2
11100101100101000000000100110011010101111110110010110100110101111100010000010111010001010001101101011000100011100010100110100101011000111001011000000010000010100110100101001011000000010101000100110011101010110011100101000100000010110011100101010 2.0e-2
runproj limit: 6.0e-2
00100011010101010010011000111000010001010000101101011101110000011101100001010001000101110010100101011010000001011000100001001011100000100010011100000010001000101110101100001000000010000010100100001010000000000001101001011001110110111001000011000 5.0e-2
runproj limit: 6.0e-2
10010100010110110000100101010101001001110011011101011000110000011101100101111001110000110010100001010011100100000110100000110110101001000001011010100110001011110111100100111011001000010000010000100011101110100111111011001010001000110011111011000 5.3e-2
runproj limit: 6.0e-2
01100000000100000000000100000000000000000000000001000000010001001000000001000010000010000001000101000000000000000000000001000000000000000000011001000010000010000110000000000000000000000010000100100010010000000000000001000000001000000001000000000 2.0e-2
runproj limit: 6.0e-2
00010000000101000000000100000010000000110000000000010000000000110100000000100011010000000000001101000000000001100010000100000100111010000001111000000010000010100110100100000101000000000000100100000000100000000010000000000000000001010000000000000 2.0e-2
runproj limit: 6.0e-2
00000000010100010000010000000000010000010000010101001001001000001101000001000001010111000010000101000010000001000000100001000010100000100010001000000000001000100110101000001000000000001010100100001000010000000000100000000001000111000000000001000 2.0e-2
runproj limit: 6.0e-2
00000000000000000000000010101100100100100100010000000011000000000000001000000001100011000010000001010000100010011110000001001000100000010000000000000000000001111000000000000000100000000000100000000100000000100000000000001101000000000010000000000 2.0e-2
runproj limit: 6.0e-2
00000000001001000001000010001001100100001100010101010111100000000000000101000011110000000011010001000100110010000110000101100000100000010010100000000010110000110100110001000000100001000010110000000000000100110000101000001000000000010011010001000 2.0e-2
runproj limit: 6.0e-2
00000000001100000000000100001010000000010000010111000011000110000000001001000011000001000001000001000100000101000000101100100000100010000000000010000100000000010110100000001001000001000000110101000000000100010010101010001001000000010000010001001 2.0e-2
runproj limit: 6.0e-2
01100000001100000000000110000010000000010010000001000001110001001000000001000011000010000001010001000100000000000100001000000000000000000010100000000010000010110110110001000000000001000010000101100010010100010010101001000000000000010001000000001 2.0e-2
best: 1.0
runproj limit: 6.0e-2
00000000001101000001010010000000100100101100010101000011000000001101000100000001110000000001010101010100110010000110000101100000100000010000000000000000100000111110100000001000100000000000100000000000010100100000101000001000000100010011000001000 2.0e-2
runproj limit: 6.0e-2
00000000000100000000010010001100100100100100010001000011000000001101000000000001010011000000000001010000100010001000000001001000100000000000001000000000000001111010100000001000100000000000100000000100010000000000100000001001000101000010000000000 2.2e-2
runproj limit: 6.0e-2
00000000000000000000000110101010100000110100000000010011000000010100000000100011100001000000001101010000100001100110000101000100110000010001000000000000000010110000100000000001000000000000100100000000100000100000000000000001000001010010000000000 2.0e-2
runproj limit: 6.0e-2
10001000000001000000000111001111110100100011100000000001000000110001101110001001100001001010001001010010000000110110000000000000011001000010100001000010001001110110100000010000100000010000100000001000000000000011000000001100001000110011010001000 2.0e-2
runproj limit: 6.0e-2
00000000001101000001000000001011000000011000000000010000100000110000000101100011010000000011000001000100100010000010000101100000101010000011111000000010110010110100110000000001100000000000110100000000100100010010001000001000000001010001010001000 2.0e-2
runproj limit: 6.0e-2
00000000000111110000000101000111000000100011001101010000110000011100100101000000110010100010100101010010100000000110100000000000101001000000011000100110000010110111100100000011000000010010000100100011110000100011001011000010001000000001010010000 5.0e-2
runproj limit: 6.0e-2
00010000010101000000010100000010000000110000010101011001000000001100000001100001010100000010001101000010000001000010100100000100110000000010111000000000000010100110101100001101000000000000100100001000100000000000000000000001000011000000000000000 2.0e-2
runproj limit: 6.0e-2
11100100100100000000000100100011010101111000010011100001110101000000010000000011010001000001101001000100100101100000101100100101110010000001000010000010000010110110100000001011000000010101000100010011101110110011101101000100000000010001010001011 2.0e-2
runproj limit: 6.0e-2
10011001000110010000010110001010000000010000011100010100000000111000001010010110010000000001000000001011000001100010010100000110111010100001111000000011001010100010100100000001000010001000100101000000100000000000000000000001000001010011010000000 2.0e-2
runproj limit: 6.0e-2
11100111100100100000000100011101010101110111100110110100111101110110110011010111011001010011101101010010100011100010100110110001011010101101001001000011000110100010100101011011100010010101011000110000101000111011100101100100010010110011100011000 4.8e-2
runproj limit: 6.0e-2
00000000100100000000000010011101110000100000010000010011100001001100001001101010011111000010100011000011100110110110100010101010100011000100000000100000000000111100001001001000000000111010110000000011001001010000000010111101010000000010101000101 2.0e-2
runproj limit: 6.0e-2
11100000000110000001000000010111011000110001000000000101110001101010000101110001000010100011010001001110011110000110001100000000000011000100100000000000001010110011111011100010000011001110011111100001110100000000101101000000000000011011001100000 2.0e-2
runproj limit: 6.0e-2
10001000000011010110000110110111010010000111000100101111010110110011101111001001100001001010001101010000001100111111000000001000011001010010100010100000001011110010100000000100101000010011111100100001001000000111000001001100011101110111010001010 2.0e-2
runproj limit: 6.0e-2
01100000000101000000000100000011000000100000000001010001010001001100000001000010010010000000000101010000000001000000000000000000001000000000011000000010000010010110100100000001000000000010000100100010110000000011000001000000001000000001000000000 2.0e-2
runproj limit: 6.0e-2
10001000000001000000000111001111110100100011100000000001000000110001101110001001100001001010001001010010000000110110000000000000011001000010100001000010001001110110100000010000100000010000100000001000000000000011000000001100001000110011010001000 2.0e-2
runproj limit: 6.0e-2
00010000000000000000000010000000110000100100010010000011000011001100001000000001110011000011000001010100100110011100000000001010100000000000001000000000001000111000000000000000000000000000100100000000000000010000001000101101000000000010000000001 2.0e-2
runproj limit: 6.0e-2
00000000000100000000010000000100110100100100010101000011001000001101000000000001010011000000000100010000100010000000000001000000100000000000001000000000000000111110100000001000100000000000100000001000010000000000100000001001000101000010000000000 2.0e-2
runproj limit: 6.0e-2
01101000001100000000100111000010110000010011100011010001110001011001100001001011000010001000010001000100001000000110000000000001001001000010100101000010000010110110111001000000100000010010000000001000000100010010101001001000000000110001000000001 2.0e-2
runproj limit: 6.0e-2
00010000000101000000000010000010100000100000010000010001000000000000001000000001100000000010000101000000100011001110000100000000111010000000110000000010000010111110100100000001000000000000100100000100000000000000000000001000000000000010000000000 2.0e-2
runproj limit: 6.0e-2
11100101100101000000000100110011010101111110110010110100110101111100010000010111010001010001101101011000100011100010100110100101011000111001011000000010000010100110100101001011000000010101000100110011101010110011100101000100000010110011100101010 2.0e-2
best: 1.0
runproj limit: 6.0e-2
00100100000000000000000100100010010001111000010001010011000001010000000000000011000001000000001001010100100101100000001100000100110010010001000000000000000010110110100000000011000000000000100100010011101100100000101001000000000001010011000000010 2.0e-2
runproj limit: 6.0e-2
11100000000101000001000100011011010000111110100010110100100100111100010000100111010001010001001101011000100011000010100111100001101010000001011000000010110010110100110101000001000000000101000100010001100110110011000000000100000011110011000001000 2.0e-2
runproj limit: 6.0e-2
10000000001101000010010110100111100100001110010101001011000100000001101111000001100001001011001101010000001000011110000100100000001001010010100010100000101010111010100000001000101000010010100100100000001000100110100001001100000100010011000001000 2.0e-2
runproj limit: 6.0e-2
11101000001100000001100101010111111000110001100010000101110001101010100101101001000010000011010001000100001000000110000000000001001011000100100100000000000010110011111001000000100000000010011101000001000100010010101101001000000000111011000000001 2.0e-2
runproj limit: 6.0e-2
10001000000011000000000110001110000000010000000100000101000000111000101010000101100000000010001000010010000000110010010100000000111000100000101000000010001011110110100100010000100000000000100001000000000000000010000000000101001000110011010000000 2.0e-2
runproj limit: 6.0e-2
00101000001100000000110110000010000000110001010111011001000000011001100001001001000100001000011001000000000001000110100000000101111000000010110001000010000010110110111100001101100000000000000100001000000100000000001000001000000010110001000000001 2.0e-2
runproj limit: 6.0e-2
00000000001101000001000000001011000000011000000000010000100000110000000101100011010000000011000001000100100010000010000101100000101010000011111000000010110010110100110000000001100000000000110100000000100100010010001000001000000001010001010001000 2.0e-2
runproj limit: 6.0e-2
11010000000101000001000000010111001000110000010000000001100001000000000100100001000000000010000101000110001011001110000100000000101010000000100000000010000010111110111000000011000000000000110101000101000000000000100000001000000000011010001000000 2.0e-2
runproj limit: 6.0e-2
11010000000101100010011010010011111000101011111110100001001000000110010010010001010000001110110111000010000011001111111100000001101000001010110100000010000010111110010100100011000000000001100110100100000000000000010100000100010010111010110001000 2.0e-2
runproj limit: 6.0e-2
00100100100100101011001010001101100010100000010000110010110001011000000101101011001101000100110010001011010110110110101001111010011000011110000110100001100010101111001001100100000100110000110000000110001001010101000010000011010001111010100000001 3.0e-2
runproj limit: 6.0e-2
00100000100000001001010011101000110000101001011000110001101100101100101000100010111011010110001010101110110110111111101111111011000111000100010000110000000000111100111101001100001000111000111100010111001011000001010001111110010000000010001010000 5.3e-2
runproj limit: 6.0e-2
00011000110111001000000010101000110100111100010000010000000100010000101100111010100101100011001000000100001000000010000100101001100010001010111010000011100011111101110110000011100000101110101000000000100100111111010000001000100001000001010011101 5.0e-2
runproj limit: 6.0e-2
01011010010000010100000011000001100110100110110010110011011111111100001001001001011110000010000110011100010100011100100011101010000000000010011000110000000100110111000010001001001000101100100100001000000000011000001001101101010100000001100100000 2.0e-2
runproj limit: 6.0e-2
00000000001101000001010010000000100100101100010101000011000000001101000100000001110000000001010101010100110010000110000101100000100000010000000000000000100000111110100000001000100000000000100000000000010100100000101000001000000100010011000001000 2.0e-2
runproj limit: 6.0e-2
00000000000000000000000110101010100000110100000000010011000000010100000000100011100001000000001101010000100001100110000101000100110000010001000000000000000010110000100000000001000000000000100100000000100000100000000000000001000001010010000000000 2.0e-2
runproj limit: 6.0e-2
10001000000001000000000111001111110100100011100000000001000000110001101110001001100001001010001001010010000000110110000000000000011001000010100001000010001001110110100000010000100000010000100000001000000000000011000000001100001000110011010001000 2.0e-2
runproj limit: 6.0e-2
00000000001101000001000000001011000000011000000000010000100000110000000101100011010000000011000001000100100010000010000101100000101010000011111000000010110010110100110000000001100000000000110100000000100100010010001000001000000001010001010001000 2.0e-2
runproj limit: 6.0e-2
00010000010101000000010100000010000000110000010101011001000000001100000001100001010100000010001101000010000001000010100100000100110000000010111000000000000010100110101100001101000000000000100100001000100000000000000000000001000011000000000000000 2.0e-2
runproj limit: 6.0e-2
11100100100100000000000100100011010101111000010011100001110101000000010000000011010001000001101001000100100101100000101100100101110010000001000010000010000010110110100000001011000000010101000100010011101110110011101101000100000000010001010001011 2.0e-2
runproj limit: 6.0e-2
10011001000110010000010110001010000000010000011100010100000000111000001010010110010000000001000000001011000001100010010100000110111010100001111000000011001010100010100100000001000010001000100101000000100000000000000000000001000001010011010000000 2.0e-2
best: 1.0
runproj limit: 6.0e-2
00000000001100000000100110000010000000010001000110010001000000111001000001001001000100001010011001000000000001000010000001100000101000000010111000000010110010110100111000001101100000000000100100000000000100010000001000001000000001110001010001000 2.0e-2
runproj limit: 6.0e-2
00000000001111000001010010000010000100010000010101000000000000011101000110000001010000000001000000000100010000100010010100000010111010010001101000000001001010101110100100000000000000000000100101000000100000100000000000001000000000010011010000000 2.0e-2
runproj limit: 6.0e-2
10001000000011000000000110001010000000110000000100000101000000011100001000000111100000000000001100010000100001100110000100000000110000110000000000000000001011110110100000000000000000000000100001000000000000100010000000000001000001010010000000000 2.0e-2
runproj limit: 6.0e-2
11000000000100000000000000000011010100101000010101100011010000000001010100000001110001000001010101010100100001100100000100100100100010000001000000000010000000111110100000001010100000010100000100010001110100100010101101001100000100010001010001010 2.0e-2
runproj limit: 6.0e-2
00100000100100101011001110001111100000110110000010110000110101111100010101101011011101000101000110011010110010000110101111110010101000010010001110000010110010101110000101000100000000100001100100000000100000110101000010000010010011110011100001001 3.0e-2
runproj limit: 6.0e-2
01010000001101000000011010000011110100101101010100000011000000000101000110000001010000001100110111010010110010000111010101100000100000000000110100000000000000111110000000101001100000000000100000100100000000000000011000001000000110011011100001000 2.0e-2
runproj limit: 6.0e-2
11001000001100000001000000001111110000011000000000000000110001100000100101101001010000000011010001000100101000000010000100100000001011000011100100000010000010110101110000000001100000000010110100000000000100010010001001001000000001111011000000000 2.0e-2
runproj limit: 6.0e-2
00001000000010000000010110101010000000010100001000010100000000010000000000010010100000000000001001011000000001100110000101000110111000100001000000000011001010100000100100000001000010000000100101000000100000000000000000000001000001010010010000000 2.0e-2
runproj limit: 6.0e-2
00100000010100000100110110111100101000100110100000000011010000000111000000110001100000000000001100011010100101011110010101000100010100010001110001011010101000100111001000100101100000000000001000100100111101100001000001100001000010010000000110001 4.8e-2
runproj limit: 6.0e-2
10100001100111110001010000001011000011111101100001010110110000110000001100010001111000010011100101000100101000101000000101100000111010000110111000010001010011100100010000101111101000000000000110100001110110001111111000011000100001010101010000100 4.8e-2
runproj limit: 6.0e-2
00000000000001010010000101101101000000011100111000011010000110100000000110000011100001001000001001110100110101000010111100110010110010000001110011000001100011111110100000001000010000010000100100010010011110110110101101000000001010011010000000000 2.0e-2
runproj limit: 6.0e-2
10101000000001110101010101001001110000100010110001000001001000111001101110000001100011011001001000010000100110101110000100010100001011010010100101110010000000101001100100010100100000011010001010100000101010000100100000001100011010111111000001000 2.0e-2
runproj limit: 6.0e-2
01010000000000011000000000000101001010110100000010111001100000101011011100100000000011100011010101011110001011111100000100010000001011001000100000000010101011101110111001000011100000001100110001001010000001100000111100001010100100011010000000010 4.8e-2
runproj limit: 6.0e-2
00100100000000000000000100100010010001111000010001010011000001010000000000000011000001000000001001010100100101100000001100000100110010010001000000000000000010110110100000000011000000000000100100010011101100100000101001000000000001010011000000010 2.0e-2
runproj limit: 6.0e-2
11100000000101000001000100011011010000111110100010110100100100111100010000100111010001010001001101011000100011000010100111100001101010000001011000000010110010110100110101000001000000000101000100010001100110110011000000000100000011110011000001000 2.0e-2
runproj limit: 6.0e-2
10000000001101000010010110100111100100001110010101001011000100000001101111000001100001001011001101010000001000011110000100100000001001010010100010100000101010111010100000001000101000010010100100100000001000100110100001001100000100010011000001000 2.0e-2
runproj limit: 6.0e-2
11101000001100000001100101010111111000110001100010000101110001101010100101101001000010000011010001000100001000000110000000000001001011000100100100000000000010110011111001000000100000000010011101000001000100010010101101001000000000111011000000001 2.0e-2
runproj limit: 6.0e-2
10001000000011000000000110001110000000010000000100000101000000111000101010000101100000000010001000010010000000110010010100000000111000100000101000000010001011110110100100010000100000000000100001000000000000000010000000000101001000110011010000000 2.2e-2
runproj limit: 6.0e-2
00101000001100000000110110000010000000110001010111011001000000011001100001001001000100001000011001000000000001000110100000000101111000000010110001000010000010110110111100001101100000000000000100001000000100000000001000001000000010110001000000001 2.0e-2
runproj limit: 6.0e-2
00000000001101000001000000001011000000011000000000010000100000110000000101100011010000000011000001000100100010000010000101100000101010000011111000000010110010110100110000000001100000000000110100000000100100010010001000001000000001010001010001000 2.0e-2
best: 1.0
runproj limit: 6.0e-2
00000000001101000001000100001011010000111110000010010000100000110000000100100111010000000001000101011000100011000010000101100001101010000001011000000010110010110100110101000001000000000100100100010000100100110011000000000000000011110001010001000 2.0e-2
runproj limit: 6.0e-2
00010000001100010000000000001101000000110000000000110001100000100010010101100000000011000011000001000110101010100000000101100000001011001011111000000010100011101110111001000011100000001000110001000000000001100000001000001010000001011010000000000 3.0e-2
runproj limit: 6.0e-2
00000000001101000100010110100100101100001110100001000011010100000101100101000001100000000001001100011010000001011110000100100000001100010010110001101000101000100111001000000101100000000010101000100100001100100000100001000000000110010010000001001 2.0e-2
runproj limit: 6.0e-2
10001000000000100100000001000011010100100010110001100001001000110001000110000001100001001001001000010000100110101110000100000100000010010011000100100010000000101000100000001000100000010010001100100000110110000000101101001100011010111101000001010 2.0e-2
runproj limit: 6.0e-2
00001000000001000000110110001010000000110000000101001001000000011100000000000001100100000000001001000000000001000110100100000100111000010000000000000010000010110110101000001101000000000000100001000000000100000010001000001001000001110010000000000 2.0e-2
runproj limit: 6.0e-2
00000000000000000010000100001111000000011001110101011010000000001000100011001011100001001000011001000000010001000010110100010000110010000010110001000010000011110110111100001000000000010000100100010000000100110010101001001000001010110000000000000 2.0e-2
runproj limit: 6.0e-2
10000000000011000000000101101100000000010100110000010111000100101000100110000101100000001000001001010000010000110010111100110010111000100000101011000000001011111110100000011000110000000000100000010000010000000110101101000000001000110011010000000 2.0e-2
runproj limit: 6.0e-2
00000000001111000001010010000010000100010000010101000000000000011101000110000001010000000001000000000100010000100010010100000010111010010001101000000001001010101110100100000000000000000000100101000000100000100000000000001000000000010011010000000 2.0e-2
runproj limit: 6.0e-2
10000000011101111110010110110111101110110110110011001001011000101011011111000010100001101011111101010001000010001101011101110000001001010010100000100101011010111011110100001000100000010101100110100100001010100110101000101000001111010000000001010 2.0e-2
runproj limit: 6.0e-2
00100111001100000111110100001001001010110100001101011001110000111111100101111101100000001100011001100000010001000110001000100101111000100000110000000010001010110001110110000101100010010010101011001000000011000001001001011000001110101110111100001 2.0e-2
runproj limit: 6.0e-2
11001010110000000000011010100110110010011000101001000100100010100100100110011010110001110010101000010000001001100000000101000100010001110101100000100111010110000000000000000001010110000000100110011000111000100011001100000001001011111001010000010 2.0e-2
runproj limit: 6.0e-2
10100000101110000010001000010011000110111111010101010011001011010001000010000101100010000000001011010110100000110011001110010110111010110001000000010001001000110110100000010001101100010000100100101011101100001011111001010000000001010011000000110 2.0e-2
runproj limit: 6.0e-2
00000010001111001101100001110000000010010000000000110011110111110011001010100111011000000111000010000010111011101010000101101000001011000011110100100011100001101101100100100011101000010001110101001010011010000000001000000000000001011001000001000 2.0e-2
runproj limit: 6.0e-2
00000000001100000000100110000010000000010001000110010001000000111001000001001001000100001010011001000000000001000010000001100000101000000010111000000010110010110100111000001101100000000000100100000000000100010000001000001000000001110001010001000 2.0e-2
runproj limit: 6.0e-2
00000000001111000001010010000010000100010000010101000000000000011101000110000001010000000001000000000100010000100010010100000010111010010001101000000001001010101110100100000000000000000000100101000000100000100000000000001000000000010011010000000 2.0e-2
runproj limit: 6.0e-2
10001000000011000000000110001010000000110000000100000101000000011100001000000111100000000000001100010000100001100110000100000000110000110000000000000000001011110110100000000000000000000000100001000000000000100010000000000001000001010010000000000 2.0e-2
runproj limit: 6.0e-2
11000000000100000000000000000011010100101000010101100011010000000001010100000001110001000001010101010100100001100100000100100100100010000001000000000010000000111110100000001010100000010100000100010001110100100010101101001100000100010001010001010 2.0e-2
runproj limit: 6.0e-2
01010000001101000000011010000011110100101101010100000011000000000101000110000001010000001100110111010010110010000111010101100000100000000000110100000000000000111110000000101001100000000000100000100100000000000000011000001000000110011011100001000 2.0e-2
runproj limit: 6.0e-2
11001000001100000001000000001111110000011000000000000000110001100000100101101001010000000011010001000100101000000010000100100000001011000011100100000010000010110101110000000001100000000010110100000000000100010010001001001000000001111011000000000 2.0e-2
runproj limit: 6.0e-2
00001000000010000000010110101010000000010100001000010100000000010000000000010010100000000000001001011000000001100110000101000110111000100001000000000011001010100000100100000001000010000000100101000000100000000000000000000001000001010010010000000 2.0e-2
best: 1.0
runproj limit: 6.0e-2
00001000000001000001110010001010000000110000000101001000000000011101000100000001000000000001000000000000010000000010100100000000111010010000101000000011000010110110100000001001000000000000100001000000000000100010001000001000000000110010010000000 2.0e-2
runproj limit: 6.0e-2
10100000101110000010001000010011000110111111010101010011001011010001000010000101100010000000001011010110100000110011001110010110111010110001000000010001001000110110100000010001101100010000100100101011101100001011111001010000000001010011000000110 2.0e-2
runproj limit: 6.0e-2
10000000000110000010000101101010000010010100110100010111001011111001000110000101100000000000001011010010100000110010011110010110111010110001100010010000001011110110100000010001100000010000100000111000111000001111111101010000001000010011010000010 2.0e-2
runproj limit: 6.0e-2
10001000000000000000000001000011010100100000010001100011001000000001010110000001110001001001010100010000100010101110000100100100000010010011000000100010000000101010100000001000100000010000001100100001110110100010101101001100001100011101000001010 2.0e-2
runproj limit: 6.0e-2
00000000001101000001011010001011110100111101000110010001000000110000000100100001010000000100110111011010110011000110010101100001100010000001111100000000010010111100110001001001000000000000100100110000100100000000001000000000000110010001100001000 2.0e-2
runproj limit: 6.0e-2
10001010000001000000010010100010110000011000000101000100100000100100001110000110110000000000101100010000000001100000000100000100010000110001100000100011010011110010000000000001010000000000100100001000001000100010000100000001000011011010010000010 2.0e-2
runproj limit: 6.0e-2
10100000001111000000000100110001000110011110110001010011001101111001000010000101100000000000001011010100000000110010101100010010111010110001000000000000001001111110100000010001100000010000100100010000001000000010111001000000000000010011010000110 2.0e-2
runproj limit: 6.0e-2
00000000001000000000100110001010000000010101001010010001000000010000000000001001000000001010011001011000000001000110000001100000101000000010000000000011001010110000110000001101000000000000100101000000000100010000000000000001000001010010010001000 2.0e-2
runproj limit: 6.0e-2
11101010111101000101011010000011110000101000000100100001000100000101001110101001100001001101001111010010110010111010010011000101100100010100100010000000000110010110001000101011001001000100111011000110011000000100000000011001001010011011100001000 2.0e-2
runproj limit: 6.0e-2
00010000100001000100010110100110011110001110111011001011010110010101100101100011100010001001111110010010000101011111001100100000001101110010110000100010111101111111101001111111100000000110000000100100001101110100100001010000010011010010000101101 2.0e-2
runproj limit: 6.0e-2
00010010001101000101010010000011001110010010010101100000010010011111000111100001010100100111000100001000010100110010110100100010001010010010101010100010000011110110100110011000011100001000000011000001100100100111000001001000010001000001000000010 2.0e-2
runproj limit: 6.0e-2
10001010010101100000101111001011000001110100110110000111000001111010001001000011100101000000001100010000000001000110100101000000000100111000000000001100011111110110110000010000000110100010101010101101100100100011100000000001001001011010111000010 2.0e-2
runproj limit: 6.0e-2
10001000000101001110000010000001010100110010100010110001001110110010100110000001001111001010101111001010100010011110001110000100010110010000010000100011000001101000010011101111101010010110001101001000100101010000111110001101011000110101010100000 2.0e-2
runproj limit: 6.0e-2
00000000001101000001000100001011010000111110000010010000100000110000000100100111010000000001000101011000100011000010000101100001101010000001011000000010110010110100110101000001000000000100100100010000100100110011000000000000000011110001010001000 2.0e-2
runproj limit: 6.0e-2
00000000001101000100010110100100101100001110100001000011010100000101100101000001100000000001001100011010000001011110000100100000001100010010110001101000101000100111001000000101100000000010101000100100001100100000100001000000000110010010000001001 2.0e-2
runproj limit: 6.0e-2
10001000000000100100000001000011010100100010110001100001001000110001000110000001100001001001001000010000100110101110000100000100000010010011000100100010000000101000100000001000100000010010001100100000110110000000101101001100011010111101000001010 2.0e-2
runproj limit: 6.0e-2
00001000000001000000110110001010000000110000000101001001000000011100000000000001100100000000001001000000000001000110100100000100111000010000000000000010000010110110101000001101000000000000100001000000000100000010001000001001000001110010000000000 2.0e-2
runproj limit: 6.0e-2
00000000000000000010000100001111000000011001110101011010000000001000100011001011100001001000011001000000010001000010110100010000110010000010110001000010000011110110111100001000000000010000100100010000000100110010101001001000001010110000000000000 2.0e-2
runproj limit: 6.0e-2
10000000000011000000000101101100000000010100110000010111000100101000100110000101100000001000001001010000010000110010111100110010111000100000101011000000001011111110100000011000110000000000100000010000010000000110101101000000001000110011010000000 2.0e-2
runproj limit: 6.0e-2
00000000001111000001010010000010000100010000010101000000000000011101000110000001010000000001000000000100010000100010010100000010111010010001101000000001001010101110100100000000000000000000100101000000100000100000000000001000000000010011010000000 2.0e-2
best: 1.0
runproj limit: 6.0e-2
00001010000101000000101111001010000001110000100110000001000001111000000001000011100100000000001001000000000001000110100100000100111000111000000000000010010010110110110000011100000010100000100010101101100100100011000000000001001001011010010000010 2.0e-2
runproj limit: 6.0e-2
00110000001001000100000100110100001110001110110001001011001100010101000110100001100000000000011111010000000100010111101100100010011010110011110000000010111101111111101000110111100000010010000100000100001001010110100001000000000001010010010100110 2.2e-2
runproj limit: 6.0e-2
00110000101101000110010000000011010110101110110001000011010110010101100010100101100010000000101010010010000100110111001100110010011011110010110000100011011101110111100001011111101000000000000000101100101100111000111001010000000011010011000100110 2.0e-2
runproj limit: 6.0e-2
10101000000100100100000100010011000110011010110001110011001101111001000110000101100001000001001000010000000110111110100100000100000010110011000100100010000001111110100000000001100000010000100100110000111010000000111101000000011010111011010001010 2.0e-2
runproj limit: 6.0e-2
00001000000001001010110110000010010100110000000110001001001110110000100010000001001110000010001011001010000001011110001100000100010100010000010000100011000000100100011011001101100010000110000001001000000101000010001110001001011001110101010000000 2.0e-2
runproj limit: 6.0e-2
00000000100110000100011010100111001110111110010011000011010011010001000101100011100010000000011111010010000000111011001100010100011000110010010000100001001000110111101000011001101100000100000000101011101101101111111001010000010001010011000100100 2.0e-2
runproj limit: 6.0e-2
11101010110101000001011010000010110000001000000100100100100000000100001110100011110001000100001111010000010001100000010111000100010100010100100000000011010010110110000000100001001001000100100111001100011000000010000100010001000010011010100000010 2.0e-2
runproj limit: 6.0e-2
00001000001101000000001010000001110100111011100110010001000110110010100110000001010101001100111111011010100010000110010111100101010110000001111000100001000001111100110011101011000000000010100100110000100101010000011000000101011110010001010100000 2.0e-2
runproj limit: 6.0e-2
11000110000001101010001000110011010000011000001100000001101000000100101110100011110000101010101000010100011010001000000100000110010000110000100100100011110010101001100000000001111010111000101110001000011100000011000000100010100001110011011010000 4.8e-2
runproj limit: 6.0e-2
11100010111101001101111010000011110000101010000100100001011100000101100010111001000001001101001111011000110111011110110001000100110100101010110011000000001110010010001000101011011001000100111010100110011010000110101100001101001010010011100101001 2.0e-2
runproj limit: 6.0e-2
10100100001100100010001000011100100110011110111001110010000101101010000010001101111100001000000000000000010010101010101011000010011111110001000000010100100101111110111011011011100000010111110100110010111010010000111001001110100001110011001011111 5.0e-2
runproj limit: 6.0e-2
00100001000111100001000011111101000001101111110000010111100110001001101110000100100000001001000001111000010001110110111000111010111000100000101001110000001101011111100000010100101001100000100001010000010000001111011101001000100000011001111101000 4.5e-2
runproj limit: 6.0e-2
10001100011001100000101100010010001010111111000111001111100011110100100000100101101101000000101101000010100111100010100100010101111100000001000000001100000010110110101000011001100010000000111000000000011110000001101010001010110000101010000101100 4.5e-2
runproj limit: 6.0e-2
00001000000001000001110010001010000000110000000101001000000000011101000100000001000000000001000000000000010000000010100100000000111010010000101000000011000010110110100000001001000000000000100001000000000000100010001000001000000000110010010000000 2.0e-2
runproj limit: 6.0e-2
10100000101110000010001000010011000110111111010101010011001011010001000010000101100010000000001011010110100000110011001110010110111010110001000000010001001000110110100000010001101100010000100100101011101100001011111001010000000001010011000000110 2.0e-2
runproj limit: 6.0e-2
10000000000110000010000101101010000010010100110100010111001011111001000110000101100000000000001011010010100000110010011110010110111010110001100010010000001011110110100000010001100000010000100000111000111000001111111101010000001000010011010000010 2.2e-2
runproj limit: 6.0e-2
10001000000000000000000001000011010100100000010001100011001000000001010110000001110001001001010100010000100010101110000100100100000010010011000000100010000000101010100000001000100000010000001100100001110110100010101101001100001100011101000001010 2.0e-2
runproj limit: 6.0e-2
00000000001101000001011010001011110100111101000110010001000000110000000100100001010000000100110111011010110011000110010101100001100010000001111100000000010010111100110001001001000000000000100100110000100100000000001000000000000110010001100001000 2.0e-2
runproj limit: 6.0e-2
10001010000001000000010010100010110000011000000101000100100000100100001110000110110000000000101100010000000001100000000100000100010000110001100000100011010011110010000000000001010000000000100100001000001000100010000100000001000011011010010000010 2.0e-2
runproj limit: 6.0e-2
10100000001111000000000100110001000110011110110001010011001101111001000010000101100000000000001011010100000000110010101100010010111010110001000000000000001001111110100000010001100000010000100100010000001000000010111001000000000000010011010000110 2.0e-2
best: 1.0
runproj limit: 6.0e-2
10101001000111100001000100011001000101111111110000110111101101001001000110000101100001000001000000111000010010111110101000101000010010100010101100100010000001011111100000010000101000000000100101010000111000001101011101001000001010011011111001000 2.0e-2
runproj limit: 6.0e-2
00000000100101000110011010000111001110101110110011000011010111010101100110100011100010000000101011010010000000111111001100010010011000110010010000100001011001110111101001011101101100000100000000101001101100111010111001010000010011010011000100110 2.0e-2
runproj limit: 6.0e-2
00111000000001000110110010001010000110101010100001001011010010010101000110000001000000000001001000000000000100100011001100010000111011010000101000000011010110110111100000001101101000000000000000000100000100101010001000010000000001010011000100000 2.0e-2
runproj limit: 6.0e-2
11101010110101001101011010000010110000001010000100100101100000000101000010100011110001001100001111011000110111110100110101000100010100101000100000000001010010110010000000101011001001000100100110001100011010000110100100001101000010010010100000001 2.0e-2
runproj limit: 6.0e-2
10100010000111000000101111100011000000011010100101010011001001111000000001000011100100000000001011000000000000100110100100000110111000110001000000000010000011110110100000011101000000000000100010010101101000100011011000000000001000010010010000110 2.0e-2
runproj limit: 6.0e-2
01000000000001001000000000110010010000010000000100001000101000000100100100000011100000100011000000000100010000000010000100000000010000010000101100100011100010101000100000000001110010000000100011001000001100000011001000100010100000110011011000000 4.8e-2
runproj limit: 6.0e-2
00100000000101100010110111101010000101101001100010000111001110001000101010000101000110001010001011011000000001011110001100111110110100010000010001100000000101110100011000001100101000000100100001001000000100000011011100001001100001110001011000000 4.0e-2
runproj limit: 6.0e-2
00000000100110000101011010000111000100111110000010000001000000110001000100100001100010000000011111010010000010100111001101100101000000100001111000100000000010111100110001001001000000000000100000101010101101001010001001010000010111010011100100000 2.0e-2
runproj limit: 6.0e-2
00110100100110000100001000000011001110110101010011100010010001010001011101111010101110011001100110010010001001111111000100100000010110000010010000100001001000111101001000011001101000011101110000000011101001111111111011000000001001010011100110100 5.0e-2
runproj limit: 6.0e-2
00001010010011000100000000100011010001100000011111101011011000010001010110000001111000111011001010010000110010100110100010100011001010010011110000101010001010101010100010011101101101111001001000101101100110010000100001000101001100101101101111100 4.8e-2
runproj limit: 6.0e-2
00100000100001001010010111010010010110000001000110101000001010010000101010101001001000000011101011000011100001110010000101110101111100010100010001110011010001100000011111001001010110000110000001001010000001010000000110011010011000110101100100000 3.0e-2
runproj limit: 6.0e-2
10101100000110000010100000001111000001111000010001111001011100100010000111101001110001111011110001010000110001101101000100111101010010010111000000000011010010110010110011001001100100000000001100110000111110000010101111101100001100011001110001010 2.0e-2
runproj limit: 6.0e-2
00111000111100111001111011010010111000011101000100100100101000010100101001001000100010000000001011111000010101100000010000001100010101110100100000010111010011110010000001010011011001001000111111001110111001001101101100010010100010111010101100010 4.0e-2
runproj limit: 6.0e-2
00001010000101000000101111001010000001110000100110000001000001111000000001000011100100000000001001000000000001000110100100000100111000111000000000000010010010110110110000011100000010100000100010101101100100100011000000000001001001011010010000010 2.0e-2
runproj limit: 6.0e-2
00110000101101000110010000000011010110101110110001000011010110010101100010100101100010000000101010010010000100110111001100110010011011110010110000100011011101110111100001011111101000000000000000101100101100111000111001010000000011010011000100110 2.0e-2
runproj limit: 6.0e-2
10101000000100100100000100010011000110011010110001110011001101111001000110000101100001000001001000010000000110111110100100000100000010110011000100100010000001111110100000000001100000010000100100110000111010000000111101000000011010111011010001010 2.0e-2
runproj limit: 6.0e-2
00001000000001001010110110000010010100110000000110001001001110110000100010000001001110000010001011001010000001011110001100000100010100010000010000100011000000100100011011001101100010000110000001001000000101000010001110001001011001110101010000000 2.0e-2
runproj limit: 6.0e-2
00000000100110000100011010100111001110111110010011000011010011010001000101100011100010000000011111010010000000111011001100010100011000110010010000100001001000110111101000011001101100000100000000101011101101101111111001010000010001010011000100100 2.0e-2
runproj limit: 6.0e-2
11101010110101000001011010000010110000001000000100100100100000000100001110100011110001000100001111010000010001100000010111000100010100010100100000000011010010110110000000100001001001000100100111001100011000000010000100010001000010011010100000010 2.0e-2
runproj limit: 6.0e-2
00001000001101000000001010000001110100111011100110010001000110110010100110000001010101001100111111011010100010000110010111100101010110000001111000100001000001111100110011101011000000000010100100110000100101010000011000000101011110010001010100000 2.0e-2
best: 1.0
done evolving!
"all is well:)"
>>>>>>>>>>>>>>FINISH OPTIMIZATION>>>>>>>>>>>>>>>
710.88user 347.44system 35:55.13elapsed 49%CPU (0avgtext+0avgdata 109164maxresident)k
1154408inputs+1557824outputs (590major+70137822minor)pagefaults 0swaps
