Optimizing /h/ywang30/nofib/spectral/integer
>>>>>>>>>>>>>>>START OPTIMIZATION>>>>>>>>>>>>>>>
pop: 1
gens: 1
arch: 1
limit is: 2.705
runproj limit: 2.705
"All is well :D"
Basetime is: 4.0e-2
runproj limit: 2.705
0000000000000000000000000000000000000000000000 4.0e-2
best: 1.0
done evolving!
"all is well:)"
>>>>>>>>>>>>>>FINISH OPTIMIZATION>>>>>>>>>>>>>>>
38.15user 5.21system 0:46.42elapsed 93%CPU (0avgtext+0avgdata 109568maxresident)k
10560inputs+14344outputs (9major+960413minor)pagefaults 0swaps
Optimizing /h/ywang30/nofib/spectral/integer
>>>>>>>>>>>>>>>START OPTIMIZATION>>>>>>>>>>>>>>>
pop: 15
gens: 13
arch: 7
limit is: 2.405
runproj limit: 2.405
"All is well :D"
Basetime is: 3.0e-2
runproj limit: 2.405
0100000000000000000010000000000000000000000010 3.0e-2
runproj limit: 2.405
0000000000000000000000000000000000000000000000 3.2e-2
runproj limit: 2.405
0000000000000000000000000000000000000000000000 3.0e-2
runproj limit: 2.405
0000000000010000001000001010000000001010010000 3.0e-2
runproj limit: 2.405
0000000000000000000000000100011000000000100100 3.5e-2
runproj limit: 2.405
0000000000000000000000000000000000000000000000 3.2e-2
runproj limit: 2.405
0000000000000000000000000000000000000000000000 3.0e-2
runproj limit: 2.405
0000000000000000000000000000000000000000000000 3.2e-2
runproj limit: 2.405
0000100000000000000000100000100000000000000000 3.8e-2
runproj limit: 2.405
0000000000000000000000000000000000000000000000 3.2e-2
runproj limit: 2.405
0000000000000000000000000000000000000000000000 3.5e-2
runproj limit: 2.405
0000000000000000000000000000000000000000000000 3.2e-2
runproj limit: 2.405
0000000000000000000000000000100000000000000001 3.0e-2
runproj limit: 2.405
0000001000000001000000100000000100000000000010 4.0e-2
runproj limit: 2.405
0000000000000000000000000000000000000000000000 3.5e-2
best: 1.0
runproj limit: 2.405
0000000000000000000000000000100000000000000001 3.2e-2
runproj limit: 2.405
0000000000000000000000000000100000000000000000 3.2e-2
runproj limit: 2.405
0000000000000000000000000100001000000000000101 3.7e-2
runproj limit: 2.405
0000000000000000000000000000100000000000000001 4.0e-2
runproj limit: 2.405
0000000000000000000000000000000000000000000000 3.2e-2
runproj limit: 2.405
0000000000000000000000000000000000000000000000 3.2e-2
runproj limit: 2.405
0000000000000000000000000000000000000000000000 3.0e-2
runproj limit: 2.405
0000000000000000000000000000000000000000000000 3.5e-2
runproj limit: 2.405
0000000000000000000000000000000000000000000000 3.2e-2
runproj limit: 2.405
0100110011000110011100000101000000010010000001 3.2e-2
runproj limit: 2.405
0000010010001000010110100001100010000000000010 3.2e-2
runproj limit: 2.405
0110010100100000010000000001000000100010000001 3.2e-2
runproj limit: 2.405
0000011000000000001010010001111100100100100000 3.0e-2
runproj limit: 2.405
0001001000101000010100000100000000000000110101 3.2e-2
runproj limit: 2.405
1010000001001000000000000100101010000000010000 3.0e-2
runproj limit: 2.405
0100000000000000000010000000000000000000000010 3.2e-2
runproj limit: 2.405
0000000000000000000000000000000000000000000000 3.0e-2
runproj limit: 2.405
0000000000010000001000001010000000001010010000 4.0e-2
runproj limit: 2.405
0000000000000000000000000000100000000000000001 3.2e-2
runproj limit: 2.405
0000000000000000000000000100011000000000100100 3.5e-2
runproj limit: 2.405
0000100000000000000000100000100000000000000000 4.0e-2
runproj limit: 2.405
0000001000000001000000100000000100000000000010 3.2e-2
best: 1.0
runproj limit: 2.405
0000000000000000000000000000000000000000000001 4.0e-2
runproj limit: 2.405
1000000001001000000000000000101010000000000000 3.0e-2
runproj limit: 2.405
0000000000000000000000000000000000000000000000 3.5e-2
runproj limit: 2.405
0100011000000000001010010001000000100100100010 3.0e-2
runproj limit: 2.405
0100010000010000011000001011000000100010010000 3.2e-2
runproj limit: 2.405
0000000000000000000000000000000000000000000000 3.5e-2
runproj limit: 2.405
0000000000000000000000000000100000000000000001 3.0e-2
runproj limit: 2.405
0001000000000000000100000000100000000000010100 4.0e-2
runproj limit: 2.405
0000000000000000000000000000100000000000000001 3.2e-2
runproj limit: 2.405
1001000000010111000010000000011000000011000100 4.0e-2
runproj limit: 2.405
1001000000010101100010001100101011111010010101 4.0e-2
runproj limit: 2.405
0001010000000101100001100100111001101100010100 4.0e-2
runproj limit: 2.405
0101100000001000000010000101010000100001000100 4.0e-2
runproj limit: 2.405
0000000100000100000001000100101010000000000010 4.0e-2
runproj limit: 2.405
0001011011001000000010000100101110000100011001 3.0e-2
runproj limit: 2.405
0000000000000000000000000000000000000000000000 3.0e-2
runproj limit: 2.405
0000011000000000001010010001111100100100100000 3.0e-2
runproj limit: 2.405
1010000001001000000000000100101010000000010000 3.5e-2
runproj limit: 2.405
0000000000000000000000000000100000000000000001 3.5e-2
runproj limit: 2.405
0000000000000000000000000000100000000000000000 3.0e-2
runproj limit: 2.405
0100110011000110011100000101000000010010000001 3.0e-2
runproj limit: 2.405
0000010010001000010110100001100010000000000010 4.0e-2
best: 1.0
runproj limit: 2.405
0000000000000000000000000000100000000000000000 3.0e-2
runproj limit: 2.405
1000000000010000000000000000110000000000000000 3.2e-2
runproj limit: 2.405
0100010011000110010100000100000010010110001001 3.2e-2
runproj limit: 2.405
0000000000000000000000000000000000000000000000 3.0e-2
runproj limit: 2.405
0000011000000000001010010001111100100100100000 3.5e-2
runproj limit: 2.405
0000000000000000001000000000101100000100000000 3.0e-2
runproj limit: 2.405
0001011011001000000010000100101110000100011001 3.0e-2
runproj limit: 2.405
0000010011001000000000000100100010000100011000 3.0e-2
runproj limit: 2.405
0001000000000001100000001100100001110000010101 4.0e-2
runproj limit: 2.405
1111000001010000010010001100101011110010010001 3.0e-2
runproj limit: 2.405
1001000101001001000001100110101110001001000001 3.0e-2
runproj limit: 2.405
0001000001000101010000010100011101010000000000 3.0e-2
runproj limit: 2.405
0000000101000001111110100000000100100000001011 3.5e-2
runproj limit: 2.405
0010000101001111001001000010000010110000000000 4.0e-2
runproj limit: 2.405
1001001000000100000000010000101011000101101000 3.0e-2
runproj limit: 2.405
1000000001001000000000000000101010000000000000 3.2e-2
runproj limit: 2.405
0100011000000000001010010001000000100100100010 3.5e-2
runproj limit: 2.405
0000000000000000000000000000100000000000000001 3.0e-2
runproj limit: 2.405
0001011011001000000010000100101110000100011001 3.2e-2
runproj limit: 2.405
0000000000000000000000000000000000000000000000 3.2e-2
runproj limit: 2.405
0000011000000000001010010001111100100100100000 3.0e-2
runproj limit: 2.405
0000000000000000000000000000100000000000000000 3.5e-2
best: 1.0
runproj limit: 2.405
0000010000001000000000000000001100000000001000 3.0e-2
runproj limit: 2.405
1001000001000001000010101110101010111011000001 3.2e-2
runproj limit: 2.405
0000010011000000000000000000000000000000010000 3.0e-2
runproj limit: 2.405
1001000001001000000000100000101110000000000000 3.0e-2
runproj limit: 2.405
1001001000000100001010010001101000000101101000 3.2e-2
runproj limit: 2.405
0001001111001000000011100100101110001001001001 3.0e-2
runproj limit: 2.405
0000010011000000000100000100000010000110011001 3.0e-2
runproj limit: 2.405
0000000000000000001000000001000100100000000000 3.2e-2
runproj limit: 2.405
0000010001000000000000000100000010000000001000 4.0e-2
runproj limit: 2.405
0000100100000000000010110100100000000000000000 3.2e-2
runproj limit: 2.405
1001011111111000100000001100001110000101011001 3.5e-2
runproj limit: 2.405
1101000101001001010010000100101100000000001001 3.5e-2
runproj limit: 2.405
0001010101100101000011010110111100001100000110 4.0e-2
runproj limit: 2.405
0000000001000100000010001100100000110100000000 3.5e-2
runproj limit: 2.405
1001010001101001000011011101001111000100001000 3.5e-2
runproj limit: 2.405
0000000000000000000000000000100000000000000000 3.2e-2
runproj limit: 2.405
0000000000000000000000000000000000000000000000 3.7e-2
runproj limit: 2.405
0000000000000000001000000000101100000100000000 3.2e-2
runproj limit: 2.405
0001011011001000000010000100101110000100011001 3.2e-2
runproj limit: 2.405
0000010011001000000000000100100010000100011000 3.0e-2
runproj limit: 2.405
1111000001010000010010001100101011110010010001 3.5e-2
runproj limit: 2.405
1001000101001001000001100110101110001001000001 3.2e-2
best: 1.0
runproj limit: 2.405
1101000101001001000010100000101110000000000000 3.0e-2
runproj limit: 2.405
0000000100000000001010000000101000000100000000 3.0e-2
runproj limit: 2.405
1001000000000000000010000000100000000101100000 4.0e-2
runproj limit: 2.405
0001000001000100000010001100100000010000000000 3.0e-2
runproj limit: 2.405
0001001111001000000011100100101110001001001001 3.2e-2
runproj limit: 2.405
0001010011001000000000100100100010000000001000 3.2e-2
runproj limit: 2.405
0000010000001000000000000000001100000000001000 3.5e-2
runproj limit: 2.405
1100000000001000000010000000101100000100000001 3.0e-2
runproj limit: 2.405
0001001010000000000010100100101110001000000001 3.8e-2
runproj limit: 2.405
1100000010000100100000001000101110010100011001 3.0e-2
runproj limit: 2.405
0001000010001001000000000001101010110000000001 3.0e-2
runproj limit: 2.405
0001011111000011010010100100000001001011001011 3.2e-2
runproj limit: 2.405
1000001101001010111000100000001110010010001011 3.8e-2
runproj limit: 2.405
0100111001000001000100011011000011000100010000 4.0e-2
runproj limit: 2.405
0010110001000100000100010000000010100110110101 3.5e-2
runproj limit: 2.405
0000010000001000000000000000001100000000001000 3.0e-2
runproj limit: 2.405
0000010011000000000000000000000000000000010000 3.0e-2
runproj limit: 2.405
1001000001001000000000100000101110000000000000 3.0e-2
runproj limit: 2.405
0001001111001000000011100100101110001001001001 3.2e-2
runproj limit: 2.405
0000010011000000000100000100000010000110011001 3.0e-2
runproj limit: 2.405
0000010011001000000000000100100010000100011000 3.0e-2
runproj limit: 2.405
1001000001000001000010101110101010111011000001 3.0e-2
best: 1.0
runproj limit: 2.405
0001000011000000000010100000001000000000011001 3.2e-2
runproj limit: 2.405
0001001111001000000011100100101110001001001001 3.0e-2
runproj limit: 2.405
1101000101001001000010100000101100000100000001 3.0e-2
runproj limit: 2.405
0000010011000000000000000000000000000010010001 3.0e-2
runproj limit: 2.405
0001000011000000000100001100000010010000001001 3.0e-2
runproj limit: 2.405
1101000101001000000010000000101110000100000001 3.0e-2
runproj limit: 2.405
1100010011000000000010000000001100000000010000 3.0e-2
runproj limit: 2.405
1000010000001000000000101000001100011010001000 3.0e-2
runproj limit: 2.405
0000000100001000000010000000101000000000000000 3.2e-2
runproj limit: 2.405
0001110011000000010100010100100010000111011010 3.0e-2
runproj limit: 2.405
0100100011100100100010000100001101010100010111 3.2e-2
runproj limit: 2.405
0000010011100100000001010111000000011000110010 3.5e-2
runproj limit: 2.405
1100100000101110111010000000101000000100000001 3.2e-2
runproj limit: 2.405
0000101010001100100110001100001000001100101000 3.7e-2
runproj limit: 2.405
0011001100000001001110000000000100000101110101 3.0e-2
runproj limit: 2.405
1101000101001001000010100000101110000000000000 3.0e-2
runproj limit: 2.405
0000000100000000001010000000101000000100000000 3.5e-2
runproj limit: 2.405
0001000001000100000010001100100000010000000000 3.0e-2
runproj limit: 2.405
1100000000001000000010000000101100000100000001 3.0e-2
runproj limit: 2.405
1100000010000100100000001000101110010100011001 3.0e-2
runproj limit: 2.405
0001000010001001000000000001101010110000000001 3.2e-2
runproj limit: 2.405
0000010000001000000000000000001100000000001000 3.2e-2
best: 1.0
runproj limit: 2.405
1100000000001000000010101000001100001000001001 3.0e-2
runproj limit: 2.405
1100000010000100000010000000101100010000011001 3.2e-2
runproj limit: 2.405
1101000100001000000010100000101100000100000001 3.0e-2
runproj limit: 2.405
1100000000001001000010000000101110000000000000 3.0e-2
runproj limit: 2.405
1101000001001101000010001100101000000000000000 3.2e-2
runproj limit: 2.405
1101000101001000000010000000101110000100000000 3.0e-2
runproj limit: 2.405
1100000000101100001010000000101000000100000001 3.8e-2
runproj limit: 2.405
1100000101001001000010100000101100000100000001 3.0e-2
runproj limit: 2.405
1101000011000000000010000000001110001001001001 3.0e-2
runproj limit: 2.405
0111010011001000000010000011101111010001111010 3.0e-2
runproj limit: 2.405
0011000011001100001011000111001110001101001010 4.0e-2
runproj limit: 2.405
1001000011001000100000000011110010110000010000 3.5e-2
runproj limit: 2.405
0000010011110000101000001000010100000110010101 3.8e-2
runproj limit: 2.405
0111001100010111101100000001000101101100111001 3.0e-2
runproj limit: 2.405
1011101100000000100110000001000110110101110001 3.0e-2
runproj limit: 2.405
0001001111001000000011100100101110001001001001 3.0e-2
runproj limit: 2.405
1101000101001001000010100000101100000100000001 3.0e-2
runproj limit: 2.405
0000010011000000000000000000000000000010010001 3.0e-2
runproj limit: 2.405
0001000011000000000100001100000010010000001001 3.0e-2
runproj limit: 2.405
1101000101001000000010000000101110000100000001 3.0e-2
runproj limit: 2.405
1100010011000000000010000000001100000000010000 3.0e-2
runproj limit: 2.405
1000010000001000000000101000001100011010001000 3.0e-2
best: 1.0
runproj limit: 2.405
1001101100000000000011100101100110110001011001 3.0e-2
runproj limit: 2.405
1100000111000000000010000000001110000100001001 3.0e-2
runproj limit: 2.405
1100000011000100000010000000001100000001001001 3.0e-2
runproj limit: 2.405
1100000000001100000010100000101100000100011001 3.0e-2
runproj limit: 2.405
0000010101000000000000100000101000000110010001 3.5e-2
runproj limit: 2.405
1101000011000001000010001100001010001001001000 3.2e-2
runproj limit: 2.405
1101000000000001000100001100001110000000000000 3.0e-2
runproj limit: 2.405
1001001011000000000011000000101110001001001001 3.0e-2
runproj limit: 2.405
1001101100001000100011000001000110101101001001 3.2e-2
runproj limit: 2.405
1100000110011000000010100001011000000100010001 3.0e-2
runproj limit: 2.405
0000010000100000000100110001011001111000000100 3.5e-2
runproj limit: 2.405
1101000101000001011010000111001100011110010011 3.0e-2
runproj limit: 2.405
0101001001001001000010111100001100011000001101 3.2e-2
runproj limit: 2.405
1100011000011000010001110001001100011010000110 3.0e-2
runproj limit: 2.405
1100101011101101010100000001101110000001000000 3.5e-2
runproj limit: 2.405
1100000000001000000010101000001100001000001001 3.0e-2
runproj limit: 2.405
1101000100001000000010100000101100000100000001 3.5e-2
runproj limit: 2.405
1100000000001001000010000000101110000000000000 3.0e-2
runproj limit: 2.405
1101000101001000000010000000101110000100000000 3.2e-2
runproj limit: 2.405
1100000101001001000010100000101100000100000001 3.0e-2
runproj limit: 2.405
1101000011000000000010000000001110001001001001 3.0e-2
runproj limit: 2.405
0111010011001000000010000011101111010001111010 3.2e-2
best: 1.0
runproj limit: 2.405
1100001001011000010011111100001100011000001100 3.2e-2
runproj limit: 2.405
1100000010000100000010000000101110001101011001 3.0e-2
runproj limit: 2.405
1100101111111100000010000001101110000100010001 3.0e-2
runproj limit: 2.405
1101000000000001000010000000101110000000000000 3.0e-2
runproj limit: 2.405
1000010000000000000100000000001111011000000000 3.0e-2
runproj limit: 2.405
1101100100011000000010100001000010001101000001 3.0e-2
runproj limit: 2.405
1101000100001000011010000010001100010110000011 3.0e-2
runproj limit: 2.405
1101000000000100000100101000101110000100000000 3.2e-2
runproj limit: 2.405
1101000011000001000010000110001100000001010001 3.0e-2
runproj limit: 2.405
1110000110001000100111100110001100000100110101 4.0e-2
runproj limit: 2.405
0110110000100000100110001001100000000011101011 3.2e-2
runproj limit: 2.405
1000101001001000010010000100101011011000001010 3.0e-2
runproj limit: 2.405
0110100011001001010001001000111011000100000010 3.0e-2
runproj limit: 2.405
0100100001001000000011000000001100000000100000 3.0e-2
runproj limit: 2.405
0100001111011001100100010001111100000101010001 3.0e-2
runproj limit: 2.405
1001101100000000000011100101100110110001011001 3.2e-2
runproj limit: 2.405
1100000111000000000010000000001110000100001001 3.0e-2
runproj limit: 2.405
1100000011000100000010000000001100000001001001 3.2e-2
runproj limit: 2.405
1100000000001100000010100000101100000100011001 3.2e-2
runproj limit: 2.405
1101000000000001000100001100001110000000000000 3.0e-2
runproj limit: 2.405
1001001011000000000011000000101110001001001001 3.0e-2
runproj limit: 2.405
1100000110011000000010100001011000000100010001 3.0e-2
best: 1.0
runproj limit: 2.405
0100000011000001100100000101111100000100000000 3.2e-2
runproj limit: 2.405
0101001101010001000100011101101100000000010001 3.0e-2
runproj limit: 2.405
0100001111011001100010000001111100000101010001 3.0e-2
runproj limit: 2.405
1100000110010000000010100000001110000100011001 3.0e-2
runproj limit: 2.405
1101000000000001000010000000101110000000000000 3.0e-2
runproj limit: 2.405
1100000111001000000011000001001100000100110000 3.0e-2
runproj limit: 2.405
1110100010100001100010000101100000000001000001 3.0e-2
runproj limit: 2.405
0101000100011001100000000000111100000101010000 3.0e-2
runproj limit: 2.405
1101000110011001100110110001001110000101000001 3.0e-2
runproj limit: 2.405
1111010100001101010010000110110001010000010001 3.0e-2
runproj limit: 2.405
1010010000000011010001001000010111001000000101 4.0e-2
runproj limit: 2.405
0101000100011101111110000011000100011110010010 3.0e-2
runproj limit: 2.405
1101000010010000010111101101011110011010001100 3.2e-2
runproj limit: 2.405
1101010111100101000000100010011110010101010111 3.0e-2
runproj limit: 2.405
0100000110000100100010100110100110000100111100 3.0e-2
runproj limit: 2.405
1100000010000100000010000000101110001101011001 3.0e-2
runproj limit: 2.405
1100101111111100000010000001101110000100010001 3.2e-2
runproj limit: 2.405
1101000000000001000010000000101110000000000000 3.0e-2
runproj limit: 2.405
1000010000000000000100000000001111011000000000 3.0e-2
runproj limit: 2.405
1101100100011000000010100001000010001101000001 3.0e-2
runproj limit: 2.405
1101000100001000011010000010001100010110000011 3.0e-2
runproj limit: 2.405
1101000011000001000010000110001100000001010001 3.0e-2
best: 1.0
runproj limit: 2.405
1101000100001000010010000001001000000111000011 3.2e-2
runproj limit: 2.405
1101000110010001000110110000001110000101001001 3.0e-2
runproj limit: 2.405
1100000111001000100010000001001100000101110001 3.0e-2
runproj limit: 2.405
0101001000000001000110001000101110000000010000 3.0e-2
runproj limit: 2.405
1100000000000001000010000010100110000000000000 3.0e-2
runproj limit: 2.405
1100010000000000000100000100001111010100000000 3.0e-2
runproj limit: 2.405
0101000110000101100010100110101110000100101000 3.0e-2
runproj limit: 2.405
0101000100010000000010100000001110000100011001 3.0e-2
runproj limit: 2.405
1101000100000001010010000010001110010110000010 3.0e-2
runproj limit: 2.405
0001001011001001000010110000011101001000110010 3.0e-2
runproj limit: 2.405
0000000010111000001100110011001010000100011100 3.0e-2
runproj limit: 2.405
0101000101011001110110011010000000001000110001 3.0e-2
runproj limit: 2.405
1110101010101011110010000001110100100001000101 3.2e-2
runproj limit: 2.405
1101100110111001100010011011001000101000010010 3.0e-2
runproj limit: 2.405
1010100001111100000010100000111110000110010101 3.0e-2
runproj limit: 2.405
0101001101010001000100011101101100000000010001 3.0e-2
runproj limit: 2.405
0100001111011001100010000001111100000101010001 3.0e-2
runproj limit: 2.405
1100000110010000000010100000001110000100011001 3.0e-2
runproj limit: 2.405
1101000000000001000010000000101110000000000000 3.0e-2
runproj limit: 2.405
1100000111001000000011000001001100000100110000 3.0e-2
runproj limit: 2.405
1110100010100001100010000101100000000001000001 3.0e-2
runproj limit: 2.405
0101000100011001100000000000111100000101010000 3.2e-2
best: 1.0
runproj limit: 2.405
1101000000000101100010100000101110000000101000 3.0e-2
runproj limit: 2.405
0101000110010000000010100000001110000100011001 3.0e-2
runproj limit: 2.405
1101000101000001010100010000001110010000000001 3.0e-2
runproj limit: 2.405
1010100001101000000010000001001100000100110101 3.0e-2
runproj limit: 2.405
0100001101011001000010000001101110000101010000 3.2e-2
runproj limit: 2.405
1001000010111000000000110011001010000100010000 3.0e-2
runproj limit: 2.405
0101000100000101100010100010001110000100111001 3.0e-2
runproj limit: 2.405
1101001111001001000111000000101110000000110000 3.2e-2
runproj limit: 2.405
1101000111001001100010100100101110000101100000 3.0e-2
runproj limit: 2.405
1101011000001000010100000100001011111100001000 3.0e-2
runproj limit: 2.405
1110101011111011100000100001100100000101010010 3.0e-2
runproj limit: 2.405
0000000010101110100100111111000010000101011101 3.0e-2
runproj limit: 2.405
0110001000000001000110111010101100010001010000 3.0e-2
runproj limit: 2.405
0101000100111000001010100111010000001010111101 3.0e-2
runproj limit: 2.405
0110101001111011110010111111000111001011010110 3.0e-2
runproj limit: 2.405
1101000110010001000110110000001110000101001001 3.0e-2
runproj limit: 2.405
1100000111001000100010000001001100000101110001 3.0e-2
runproj limit: 2.405
0101001000000001000110001000101110000000010000 3.0e-2
runproj limit: 2.405
1100000000000001000010000010100110000000000000 3.0e-2
runproj limit: 2.405
1100010000000000000100000100001111010100000000 3.0e-2
runproj limit: 2.405
0101000110000101100010100110101110000100101000 3.0e-2
runproj limit: 2.405
0101000100010000000010100000001110000100011001 3.0e-2
best: 1.0
done evolving!
"all is well:)"
>>>>>>>>>>>>>>FINISH OPTIMIZATION>>>>>>>>>>>>>>>
3059.01user 225.81system 55:45.02elapsed 98%CPU (0avgtext+0avgdata 105516maxresident)k
991400inputs+1345968outputs (563major+66257131minor)pagefaults 0swaps
