Optimizing /h/ywang30/nofib/real/maillist
>>>>>>>>>>>>>>>START OPTIMIZATION>>>>>>>>>>>>>>>
pop: 1
gens: 1
arch: 1
limit is: 0.315
runproj limit: 0.315
"All is well :D"
Basetime is: 1.0e-2
runproj limit: 0.315
010000000000000000001000000000000000000000001000000 1.2e-2
best: 1.2
done evolving!
"all is well:)"
>>>>>>>>>>>>>>FINISH OPTIMIZATION>>>>>>>>>>>>>>>
7.04user 7.14system 1:02.62elapsed 22%CPU (0avgtext+0avgdata 105344maxresident)k
11904inputs+303288outputs (10major+966411minor)pagefaults 0swaps
Optimizing /h/ywang30/nofib/real/maillist
>>>>>>>>>>>>>>>START OPTIMIZATION>>>>>>>>>>>>>>>
pop: 15
gens: 13
arch: 7
limit is: 0.202
runproj limit: 0.202
"All is well :D"
Basetime is: 2.0e-2
runproj limit: 0.202
010000000000000000001000000000000000000000001000000 2.0e-2
runproj limit: 0.202
001000000010000000010000000000110000000000000000000 2.0e-2
runproj limit: 0.202
000000000001000000100000100110100000000000001100000 2.0e-2
runproj limit: 0.202
000000000001000000100000101000000000101001000000000 2.0e-2
runproj limit: 0.202
000000000000000000000000000000000000000000000000000 2.0e-2
runproj limit: 0.202
000000000000000000000000000000000000000000000000000 2.0e-2
runproj limit: 0.202
100000000000000000000000001100010101000010000001000 2.0e-2
runproj limit: 0.202
000000000000000000000000000000000000000000000000000 2.0e-2
runproj limit: 0.202
000000000000000000000000000000000000000000000000000 2.0e-2
runproj limit: 0.202
001000000000000000000000100000000011000010000000000 2.0e-2
runproj limit: 0.202
000001000000000010000000000000000000101000000000000 2.0e-2
runproj limit: 0.202
000000000000000000000000000000000000000000000000000 2.0e-2
runproj limit: 0.202
000000000000000000000000000010000000000000000100000 2.0e-2
runproj limit: 0.202
000000100000000100000010000000010000000000001001000 1.5e-2
runproj limit: 0.202
000000000000000000000000000000000000000000000000000 2.0e-2
best: 0.75
runproj limit: 0.202
000000000000000000000000000010000000000000000100000 2.0e-2
runproj limit: 0.202
000000000000000000000000000010000000000000000000000 2.0e-2
runproj limit: 0.202
000000000000000000000000000000000000000000000000000 2.0e-2
runproj limit: 0.202
000000000010000000010000000010010000000000000100000 2.0e-2
runproj limit: 0.202
001000000001000000000000100110000001000000000100000 1.7e-2
runproj limit: 0.202
000000000000000000000000000000010001000000000000000 1.8e-2
runproj limit: 0.202
000000000000000000000000000000000000100000000000000 1.7e-2
runproj limit: 0.202
000000100000000000000010000000000000000000001000000 2.0e-2
runproj limit: 0.202
000000100000000100000010000000000000000000000001000 2.0e-2
runproj limit: 0.202
010011101100011101110010010100010001001000001101000 2.0e-2
runproj limit: 0.202
000001001000100001011010000110001000000000001000110 2.0e-2
runproj limit: 0.202
010001010010000001000000100100000001001010000101111 2.0e-2
runproj limit: 0.202
000001100000000000101001000111110010010010000000000 1.5e-2
runproj limit: 0.202
000100100010100001010000000001100000000001000100110 2.0e-2
runproj limit: 0.202
101000000100100000000000010010101000000001000010001 2.0e-2
runproj limit: 0.202
000000100000000100000010000000010000000000001001000 2.0e-2
runproj limit: 0.202
010000000000000000001000000000000000000000001000000 1.7e-2
runproj limit: 0.202
001000000010000000010000000000110000000000000000000 1.5e-2
runproj limit: 0.202
000000000001000000100000100110100000000000001100000 2.0e-2
runproj limit: 0.202
000000000001000000100000101000000000101001000000000 2.0e-2
runproj limit: 0.202
000000000000000000000000000000000000000000000000000 2.0e-2
runproj limit: 0.202
100000000000000000000000001100010101000010000001000 2.0e-2
best: 0.75
runproj limit: 0.202
010000000000000000000000000000000000000000001100000 2.0e-2
runproj limit: 0.202
100000100100100000000010000010101000000000001000000 2.0e-2
runproj limit: 0.202
010000000000000100000010000000000000000000000000000 2.0e-2
runproj limit: 0.202
000001100000000000101001000100000010010010000000000 1.7e-2
runproj limit: 0.202
001000000010000000010000000000000000000000000000000 2.0e-2
runproj limit: 0.202
000000100000000100000000000000000000000000000001000 2.0e-2
runproj limit: 0.202
000000000000000000000000000010000000000000000100000 1.8e-2
runproj limit: 0.202
000000000001000000100000100010000000000001000000000 2.0e-2
runproj limit: 0.202
000000000001000000000000100110100001000000001100000 2.0e-2
runproj limit: 0.202
101100000000011100001000100111100001001100010110010 2.0e-2
runproj limit: 0.202
000100000111110110011000100000110111101000010100010 2.0e-2
runproj limit: 0.202
000101000000010110000110010011100110010001010000000 2.0e-2
runproj limit: 0.202
010110000001100000101000101100100010101111000000000 2.0e-2
runproj limit: 0.202
001000010010010000010100010010011000000000001011011 2.0e-2
runproj limit: 0.202
101101101000000000001000000010010000010000100000000 2.0e-2
runproj limit: 0.202
000001100000000000101001000111110010010010000000000 1.8e-2
runproj limit: 0.202
001000000010000000010000000000110000000000000000000 2.0e-2
runproj limit: 0.202
001000000001000000000000100110000001000000000100000 2.0e-2
runproj limit: 0.202
000000000000000000000000000000000000100000000000000 2.0e-2
runproj limit: 0.202
010000000000000000001000000000000000000000001000000 2.0e-2
runproj limit: 0.202
000000000000000000000000000000010001000000000000000 2.0e-2
runproj limit: 0.202
000000000000000000000000000010000000000000000100000 2.0e-2
best: 0.8500000000000001
runproj limit: 0.202
010000000001000000001000000110000001000000001000000 2.0e-2
runproj limit: 0.202
100000000000000000001000100001000001000000000100010 1.7e-2
runproj limit: 0.202
001000000000000000010000000000000000010000100000000 2.0e-2
runproj limit: 0.202
010000000000000100000010000000000000000000000000000 2.0e-2
runproj limit: 0.202
010100000000010100000010010010000100010001010000000 2.0e-2
runproj limit: 0.202
011000000010000000011000000000110000000000001000000 2.0e-2
runproj limit: 0.202
001100000000001100001000100001100001100100000110010 1.2e-2
runproj limit: 0.202
011000010000000000001100010000001000000000001011010 2.0e-2
runproj limit: 0.202
000000000001100110010000100000000111000001010100000 1.8e-2
runproj limit: 0.202
011100000011100001011000100000110111001000000100110 1.2e-2
runproj limit: 0.202
000100010000000100000110011000010000000100000100000 2.0e-2
runproj limit: 0.202
001100000110010101010001010011110101000000000000000 2.0e-2
runproj limit: 0.202
000001110100000111010011000111100000010010101100011 2.0e-2
runproj limit: 0.202
101000010001011100100100111100100010000001000100000 2.0e-2
runproj limit: 0.202
000100100101110000100001100010000100010111100000000 2.0e-2
runproj limit: 0.202
000001100000000000101001000100000010010010000000000 2.0e-2
runproj limit: 0.202
000000000000000000000000000010000000000000000100000 2.0e-2
runproj limit: 0.202
000001100000000000101001000111110010010010000000000 2.0e-2
runproj limit: 0.202
010000000000000000000000000000000000000000001100000 1.8e-2
runproj limit: 0.202
100000100100100000000010000010101000000000001000000 2.0e-2
runproj limit: 0.202
010000000000000100000010000000000000000000000000000 1.7e-2
runproj limit: 0.202
001000000010000000010000000000000000000000000000000 2.0e-2
best: 0.6
runproj limit: 0.202
011100000000000001011000100000000010001000001100000 2.0e-2
runproj limit: 0.202
000100000010100100001010101000110011001100000100010 1.5e-2
runproj limit: 0.202
001000000000000000001100000000000001000000001110010 2.0e-2
runproj limit: 0.202
000100000010000000010010000000010000000000000000000 1.5e-2
runproj limit: 0.202
000000000001000110001000100000000011000000010100000 2.0e-2
runproj limit: 0.202
001100010000000100001110100000110001000100000110000 2.0e-2
runproj limit: 0.202
011000010000000000000100000000000000000000001101010 2.0e-2
runproj limit: 0.202
101001110001000000101101110100000010010010000000000 2.0e-2
runproj limit: 0.202
010000000000000100000010010000001000000000000010010 2.0e-2
runproj limit: 0.202
010010010001000000000011010110000001000000001000000 1.7e-2
runproj limit: 0.202
101100010011001110000000000011100001100000000110001 1.7e-2
runproj limit: 0.202
010001110100000110011101001111101000110110001100010 2.0e-2
runproj limit: 0.202
110001000010110000001011000001001000010100010000100 2.0e-2
runproj limit: 0.202
010000000100010000101000110000110011000000001101100 2.0e-2
runproj limit: 0.202
110000101010000100000101100110000100000001001010000 2.0e-2
runproj limit: 0.202
001100000000001100001000100001100001100100000110010 2.0e-2
runproj limit: 0.202
011100000011100001011000100000110111001000000100110 2.0e-2
runproj limit: 0.202
100000000000000000001000100001000001000000000100010 2.0e-2
runproj limit: 0.202
010000000000000100000010000000000000000000000000000 1.7e-2
runproj limit: 0.202
000000000001100110010000100000000111000001010100000 2.0e-2
runproj limit: 0.202
010000000000000000000000000000000000000000001100000 1.8e-2
runproj limit: 0.202
010000000001000000001000000110000001000000001000000 2.0e-2
best: 0.75
runproj limit: 0.202
001100010011001100010010000010100000100000000000001 2.0e-2
runproj limit: 0.202
010000010001000000000000000110000001000000001000000 2.0e-2
runproj limit: 0.202
001000000000000100000000100001100001100000000100000 2.0e-2
runproj limit: 0.202
010100000100010000011000110000110001000000001101000 2.0e-2
runproj limit: 0.202
001001110001000000001111100000110010000110000010000 2.0e-2
runproj limit: 0.202
000100000010100100010010101000000111000000000100000 2.0e-2
runproj limit: 0.202
010100000000000000001000100000000010000000001100000 2.0e-2
runproj limit: 0.202
101000000000000000000000000011000001100000000110000 2.0e-2
runproj limit: 0.202
110000101110000100000001100010100001000001001010000 2.0e-2
runproj limit: 0.202
101101001000110011011000000010001011011001001001000 2.0e-2
runproj limit: 0.202
001000001000101000001000100101001010100100000010010 2.0e-2
runproj limit: 0.202
010001000000101001000110000010111100001000001001010 2.0e-2
runproj limit: 0.202
000000110010001011110010000010010001001000101110000 2.0e-2
runproj limit: 0.202
011010101000000100011101101100001101010000001110010 2.0e-2
runproj limit: 0.202
000110001000011100001001110001100011100110110110000 2.0e-2
runproj limit: 0.202
000100000010100100001010101000110011001100000100010 2.0e-2
runproj limit: 0.202
000100000010000000010010000000010000000000000000000 2.0e-2
runproj limit: 0.202
010010010001000000000011010110000001000000001000000 2.0e-2
runproj limit: 0.202
101100010011001110000000000011100001100000000110001 1.7e-2
runproj limit: 0.202
010000000000000100000010000000000000000000000000000 1.7e-2
runproj limit: 0.202
010000000000000000000000000000000000000000001100000 2.0e-2
runproj limit: 0.202
011100000000000001011000100000000010001000001100000 1.8e-2
best: 0.8500000000000001
runproj limit: 0.202
000100000011000000010000000001110001000000000110000 2.0e-2
runproj limit: 0.202
101100010011001110000000000011100001100000000110001 1.7e-2
runproj limit: 0.202
001100010011000100000010000011100001100000000110001 1.7e-2
runproj limit: 0.202
000000000010000100010010000000000000000000000000000 1.7e-2
runproj limit: 0.202
010100000100000100000000110000000001000000000001000 2.0e-2
runproj limit: 0.202
101000010000000000001001000010110000000000000110000 2.0e-2
runproj limit: 0.202
110100100010000000010011000000100000000000001000000 2.0e-2
runproj limit: 0.202
011100000001001100000000100010100000001000001110001 1.7e-2
runproj limit: 0.202
101100010010101100000010000011100011000100000100001 2.0e-2
runproj limit: 0.202
010110000000000101000011000010000000000100001100100 2.0e-2
runproj limit: 0.202
001111001110110011010000110000000111011001110001100 2.0e-2
runproj limit: 0.202
000100000000010000010111011100010001100010001010001 1.5e-2
runproj limit: 0.202
101010000010011011100000000011010001100000000111000 2.0e-2
runproj limit: 0.202
000111101010110110010010011000100011111110000100100 2.0e-2
runproj limit: 0.202
011100110001000100010000000100110001000111011101100 2.0e-2
runproj limit: 0.202
101100010011001110000000000011100001100000000110001 2.0e-2
runproj limit: 0.202
010000000000000100000010000000000000000000000000000 1.7e-2
runproj limit: 0.202
011100000000000001011000100000000010001000001100000 2.0e-2
runproj limit: 0.202
001100010011001100010010000010100000100000000000001 1.8e-2
runproj limit: 0.202
010000010001000000000000000110000001000000001000000 2.0e-2
runproj limit: 0.202
001000000000000100000000100001100001100000000100000 2.0e-2
runproj limit: 0.202
010100000100010000011000110000110001000000001101000 2.0e-2
best: 0.75
runproj limit: 0.202
001100010011001100010000100010100000000000000010001 1.8e-2
runproj limit: 0.202
011100000001000000010001000010100000001000001100001 1.7e-2
runproj limit: 0.202
000100000011011100010110001010110000100010001000001 2.0e-2
runproj limit: 0.202
001111010011000110010010010010100010111110000100101 1.7e-2
runproj limit: 0.202
101100000010001101001000100001100011101000000110000 2.0e-2
runproj limit: 0.202
001100010001001100000000100011100000101000000110001 1.5e-2
runproj limit: 0.202
010000000000001100000000000010000000001000001110001 2.0e-2
runproj limit: 0.202
010100000000000100000111010000010001100000001000000 1.7e-2
runproj limit: 0.202
110100100011000000000011000001100000100000000100000 1.7e-2
runproj limit: 0.202
000001001000000000001001001110110101010111101010111 1.5e-2
runproj limit: 0.202
100100100011011110100010001101100001110000001000001 1.5e-2
runproj limit: 0.202
100100000100010110010111010101110001100011001100001 2.0e-2
runproj limit: 0.202
000000000001000110110010100001010000010000010010000 2.0e-2
runproj limit: 0.202
011100010010011110001010000111100111000100110110001 2.0e-2
runproj limit: 0.202
101101001110110101110000110100001100011001100000100 2.0e-2
runproj limit: 0.202
000100000000010000010111011100010001100010001010001 2.0e-2
runproj limit: 0.202
101100010011001110000000000011100001100000000110001 1.7e-2
runproj limit: 0.202
001100010011000100000010000011100001100000000110001 2.0e-2
runproj limit: 0.202
000000000010000100010010000000000000000000000000000 1.5e-2
runproj limit: 0.202
011100000001001100000000100010100000001000001110001 2.0e-2
runproj limit: 0.202
010000000000000100000010000000000000000000000000000 1.7e-2
runproj limit: 0.202
001100010011001100010010000010100000100000000000001 2.0e-2
best: 0.75
runproj limit: 0.202
001100000010001100010000000010000000000000000000001 2.0e-2
runproj limit: 0.202
001100000001001100000101100011000001101000000010000 1.8e-2
runproj limit: 0.202
100100100011011110000010000101100000100000000100000 1.0e-2
runproj limit: 0.202
100100000101000010010111010000110001000010001100001 1.8e-2
runproj limit: 0.202
001100000011000100010110000010100001100010001000001 2.0e-2
runproj limit: 0.202
000100000011000110110011100001110000100000010010000 1.7e-2
runproj limit: 0.202
100000000010011100110010001101100001100000000000000 1.5e-2
runproj limit: 0.202
100100000010011111100010100001100011111000001000001 1.5e-2
runproj limit: 0.202
000101000010001000000000001010100001000111101010011 2.0e-2
runproj limit: 0.202
001000011000001100000000100100110000101001000110101 2.0e-2
runproj limit: 0.202
101100010001101100000011100111110110101000110000011 1.8e-2
runproj limit: 0.202
100100100011111011000010010011101000011001000001000 1.7e-2
runproj limit: 0.202
101011110111000010010011000010100011111110010110100 2.0e-2
runproj limit: 0.202
011100110010001101010111100110100000100000111000001 2.0e-2
runproj limit: 0.202
001101111101010111001010010110100010111010000100101 1.5e-2
runproj limit: 0.202
001100010001001100000000100011100000101000000110001 2.0e-2
runproj limit: 0.202
000001001000000000001001001110110101010111101010111 2.0e-2
runproj limit: 0.202
100100100011011110100010001101100001110000001000001 1.8e-2
runproj limit: 0.202
000000000010000100010010000000000000000000000000000 2.0e-2
runproj limit: 0.202
011100000001000000010001000010100000001000001100001 2.0e-2
runproj limit: 0.202
001111010011000110010010010010100010111110000100101 2.0e-2
runproj limit: 0.202
010100000000000100000111010000010001100000001000000 2.0e-2
best: 0.5
runproj limit: 0.202
100100000010011111100011100001110010110000010000001 2.0e-2
runproj limit: 0.202
100100000101000010010011010000100001101110000100001 2.0e-2
runproj limit: 0.202
001001110101010010010011010010100010111110000100100 1.7e-2
runproj limit: 0.202
100000100011011111100010010011101000100001000001000 1.7e-2
runproj limit: 0.202
100100000010111100110010100101100100101000100000010 1.5e-2
runproj limit: 0.202
001100010000001100000000100111110100101000010110111 1.2e-2
runproj limit: 0.202
101100111111011111000010010111100010111010000000100 2.0e-2
runproj limit: 0.202
000000000011000100110011000101100001100000010000000 2.0e-2
runproj limit: 0.202
100100100011111010000010010101101000100001000000000 1.5e-2
runproj limit: 0.202
000101111100010101011110001011110010111000010110100 2.0e-2
runproj limit: 0.202
010010001110100110010111111000101100101001001100000 2.0e-2
runproj limit: 0.202
110110000111011011100010011101110100010000100000000 2.0e-2
runproj limit: 0.202
001110101111011111101110101100110101100000000010010 2.0e-2
runproj limit: 0.202
100110000111000010110111100011111000100010010000000 2.0e-2
runproj limit: 0.202
000100000111011000011001000111110000100100000101100 1.7e-2
runproj limit: 0.202
100100100011011110000010000101100000100000000100000 1.5e-2
runproj limit: 0.202
100000000010011100110010001101100001100000000000000 2.0e-2
runproj limit: 0.202
100100000010011111100010100001100011111000001000001 1.7e-2
runproj limit: 0.202
001101111101010111001010010110100010111010000100101 1.8e-2
runproj limit: 0.202
000100000011000110110011100001110000100000010010000 1.7e-2
runproj limit: 0.202
100100100011111011000010010011101000011001000001000 2.0e-2
runproj limit: 0.202
001100000001001100000101100011000001101000000010000 2.0e-2
best: 0.6
runproj limit: 0.202
000100000111011000010001000111110000100000000000000 2.0e-2
runproj limit: 0.202
100100100011011110010010100101110000100000010100000 1.5e-2
runproj limit: 0.202
001101010101000100010001010011100110101010000110110 1.2e-2
runproj limit: 0.202
100100000010011100110010000101100100100000000000010 1.5e-2
runproj limit: 0.202
100000100011011111100010010011101000100001000001000 2.0e-2
runproj limit: 0.202
000101011000011111011011000001110010110000010000100 1.8e-2
runproj limit: 0.202
100100000010011010100010010001100010110000000000001 1.8e-2
runproj limit: 0.202
000000100011011001001010010011100000100100000001100 1.7e-2
runproj limit: 0.202
001100000010001111000000100011100010101000011110011 1.7e-2
runproj limit: 0.202
100101111111001011100010000100010110100011001010110 1.2e-2
runproj limit: 0.202
101100000010110001100110000100000101101000110100000 1.5e-2
runproj limit: 0.202
101101111100000001011010010010000010011011000000000 1.7e-2
runproj limit: 0.202
000100001010000011111101100100110001001000100000000 1.2e-2
runproj limit: 0.202
100101110001101010001000000100100001110001011001000 1.5e-2
runproj limit: 0.202
101101100101110101001010001110001010111000010001111 1.2e-2
runproj limit: 0.202
001100010000001100000000100111110100101000010110111 1.7e-2
runproj limit: 0.202
100100000010111100110010100101100100101000100000010 1.8e-2
runproj limit: 0.202
100100100011111010000010010101101000100001000000000 1.7e-2
runproj limit: 0.202
100100100011011110000010000101100000100000000100000 1.2e-2
runproj limit: 0.202
001001110101010010010011010010100010111110000100100 1.5e-2
runproj limit: 0.202
100000100011011111100010010011101000100001000001000 1.5e-2
runproj limit: 0.202
000100000111011000011001000111110000100100000101100 2.0e-2
best: 0.6
runproj limit: 0.202
000001100111011111010010010010101010100101000000000 1.7e-2
runproj limit: 0.202
000100000010001101100010000101100000100000010010011 1.0e-2
runproj limit: 0.202
101101111100000000010001010010100110101010000100000 1.7e-2
runproj limit: 0.202
100100100010011100110010100101100000100000010000000 2.0e-2
runproj limit: 0.202
001100100111001111001000101110001010101000010101011 2.0e-2
runproj limit: 0.202
100100100010010110011000000101100000001000100100000 1.8e-2
runproj limit: 0.202
100101100111111000001010001111101010110001000000110 1.5e-2
runproj limit: 0.202
000000100011011100000010010001100100100000000001100 1.0e-2
runproj limit: 0.202
100100100011111110000010000101101000100001000100000 1.0e-2
runproj limit: 0.202
010101010011101011100001000111011010000000000010100 1.7e-2
runproj limit: 0.202
000101101000111110100001001001110101010001110101000 1.0e-2
runproj limit: 0.202
100100000011111101011010111011000000000010010100001 1.2e-2
runproj limit: 0.202
100100000011110111010010110100100010100000000100101 1.2e-2
runproj limit: 0.202
000100000000000101111110001100011011011101101100101 1.7e-2
runproj limit: 0.202
011100110010000011111111100001110001000000110000100 1.7e-2
runproj limit: 0.202
001101010101000100010001010011100110101010000110110 1.8e-2
runproj limit: 0.202
100101111111001011100010000100010110100011001010110 2.0e-2
runproj limit: 0.202
000100001010000011111101100100110001001000100000000 1.5e-2
runproj limit: 0.202
101101100101110101001010001110001010111000010001111 1.5e-2
runproj limit: 0.202
100100100011011110000010000101100000100000000100000 1.5e-2
runproj limit: 0.202
100100100011011110010010100101110000100000010100000 2.0e-2
runproj limit: 0.202
100100000010011100110010000101100100100000000000010 2.0e-2
best: 0.5
runproj limit: 0.202
100101100111111000001010000101101000100001000100000 1.2e-2
runproj limit: 0.202
000000100010001101100010000001100100100000010010101 1.5e-2
runproj limit: 0.202
100100100011111110010010000101101010100001000100000 1.2e-2
runproj limit: 0.202
111100110011010110011111100101110000100000010000100 1.2e-2
runproj limit: 0.202
000101101011111110100011000101100100000001000100000 2.0e-2
runproj limit: 0.202
000100100000010111110000001001110101011101100100001 1.2e-2
runproj limit: 0.202
000101100111111000001010011001100100100000000000110 2.0e-2
runproj limit: 0.202
100100100011111110000010000101100000100001000100000 1.0e-2
runproj limit: 0.202
000101100111011010001010000110101010110101000000110 1.2e-2
runproj limit: 0.202
100000000010110111011000000101110010101000000100001 1.2e-2
runproj limit: 0.202
100101000010010000000000011111111010100000001100010 1.5e-2
runproj limit: 0.202
000101101001100100000001111001010101010101110001110 1.0e-2
runproj limit: 0.202
100001100101110101001001000110000011111100010001111 1.0e-2
runproj limit: 0.202
100100000101111010101001001110000000001010100100011 1.0e-2
runproj limit: 0.202
101000111100001100111100011100100101010001111101001 1.0e-2
runproj limit: 0.202
000100000010001101100010000101100000100000010010011 1.2e-2
runproj limit: 0.202
000000100011011100000010010001100100100000000001100 1.0e-2
runproj limit: 0.202
100100100011111110000010000101101000100001000100000 2.0e-2
runproj limit: 0.202
000101101000111110100001001001110101010001110101000 1.7e-2
runproj limit: 0.202
100100000011111101011010111011000000000010010100001 1.0e-2
runproj limit: 0.202
100100000011110111010010110100100010100000000100101 2.0e-2
runproj limit: 0.202
100101100111111000001010001111101010110001000000110 1.2e-2
best: 0.5
done evolving!
"all is well:)"
>>>>>>>>>>>>>>FINISH OPTIMIZATION>>>>>>>>>>>>>>>
442.78user 341.03system 33:57.75elapsed 38%CPU (0avgtext+0avgdata 109588maxresident)k
997504inputs+28409424outputs (469major+66827465minor)pagefaults 0swaps
