warning: dubious run time results for paraffins: [0.19,0.26999998,0.21000001,0.18]
warning: dubious run time results for paraffins: [0.19,0.26999998,0.21000001,0.18]
warning: dubious run time results for paraffins: [0.26999998,0.18,0.17,0.22]
warning: dubious GC time results for paraffins: [0.21,0.15,0.14,0.18]
warning: dubious run time results for paraffins: [0.26999998,0.18,0.17,0.22]
warning: dubious GC time results for paraffins: [0.21,0.15,0.14,0.18]
warning: dubious run time results for paraffins: [0.32999998,0.21000001,0.19999999,0.21000001]
warning: dubious GC time results for paraffins: [0.25,0.17,0.16,0.17]
warning: dubious run time results for paraffins: [0.32999998,0.21000001,0.19999999,0.21000001]
warning: dubious GC time results for paraffins: [0.25,0.17,0.16,0.17]
warning: dubious run time results for paraffins: [0.19999999,0.19999999,0.3,0.19999999]
warning: dubious GC time results for paraffins: [0.16,0.16,0.23,0.16]
warning: dubious run time results for paraffins: [0.19999999,0.19999999,0.3,0.19999999]
warning: dubious GC time results for paraffins: [0.16,0.16,0.23,0.16]
warning: dubious run time results for paraffins: [0.28,0.19,0.19,0.19]
warning: dubious run time results for paraffins: [0.28,0.19,0.19,0.19]
Optimizing /h/ywang30/nofib/imaginary/paraffins
>>>>>>>>>>>>>>>START OPTIMIZATION>>>>>>>>>>>>>>>
pop: 13
gens: 15
arch: 7
limit is: 0.198
runproj limit: 0.198
"All is well :D"
Basetime is: 0.162
runproj limit: 0.198
01000000000000000000100000000000000000000000100000000010000000001010000000 0.155
runproj limit: 0.198
"timed out"
00100000001000000001000000000011000000000000000000000000000000010010000000 0.324
runproj limit: 0.198
00000000000100000010000010011010000000000000110000010000100000000000000000 0.155
runproj limit: 0.198
00000000000000000000000000000000000000000000000000000000000000000000000000 0.155
runproj limit: 0.198
00000000000000000000000000000000000000000000000000000000000000000000000000 0.158
runproj limit: 0.198
00100000100100000000000100001000000000000000000010000000000000001100000001 0.173
runproj limit: 0.198
10000000000000000000000000110001010100001000000100000001000001000000101000 0.16
runproj limit: 0.198
01000000000011000000001000000000000000000000001000000100000010100000000000 0.16
runproj limit: 0.198
00000000000000000000000000000000000000000000000000000000000000000000000000 0.155
runproj limit: 0.198
00000000000000000000000000000000000000000000000000000000000000000000000000 0.155
runproj limit: 0.198
00000100000000001000000000000000000010100000000000000000000010110000000000 0.155
runproj limit: 0.198
00001000000010000000000100000001000000000010000000000000000000000100000010 0.17
runproj limit: 0.198
00000000000000000000000000000000000000000000000000000000000000000000000000 0.158
best: 0.95679012345679
runproj limit: 0.198
00000000000000000010000000001010000000000000110000010000100000000000000000 0.188
runproj limit: 0.198
00000000000100000000000010011001000000000000110000010000000000000000101000 0.178
runproj limit: 0.198
01000000000000000000000000000000000000000000000000000000000000001000000000 0.145
runproj limit: 0.198
00000000000000000000000000000000000000000000000000000000000000000000000000 0.152
runproj limit: 0.198
10000000000000000000000000110001010100001000000100000001000001000000101000 0.155
runproj limit: 0.198
00000000000000000000000000000000000000000000000000000000000000000000000000 0.15
runproj limit: 0.198
00000000000000001000000000000000000010100000000000000000000000100000000000 0.148
runproj limit: 0.198
00000000000000000000000000000000000000000000000000000000000000000000000000 0.152
runproj limit: 0.198
00000000000011001010000100011000000000100000100001010111101010000000100011 0.145
runproj limit: 0.198
00000100000010010110011000000001011110000001010101000000000100000000000000 0.145
runproj limit: 0.198
00001100110001100111100001010000000100100000110000001011001000001010001000 0.152
runproj limit: 0.198
01000100100010000101001000011000100000000000000011010100010001100000000100 0.145
runproj limit: 0.198
"timed out"
01100101001100000110000010001010001000100000100111101100100000000000000100 0.324
runproj limit: 0.198
01000000000000000000100000000000000000000000100000000010000000001010000000 0.148
runproj limit: 0.198
00000000000100000010000010011010000000000000110000010000100000000000000000 0.155
runproj limit: 0.198
00000000000000000000000000000000000000000000000000000000000000000000000000 0.15
runproj limit: 0.198
00000100000000001000000000000000000010100000000000000000000010110000000000 0.148
runproj limit: 0.198
10000000000000000000000000110001010100001000000100000001000001000000101000 0.152
runproj limit: 0.198
01000000000011000000001000000000000000000000001000000100000010100000000000 0.152
runproj limit: 0.198
00001000000010000000000100000001000000000010000000000000000000000100000010 0.152
best: 0.8950617283950616
runproj limit: 0.198
00000000000010000000000100011000000100000000000101010111100011000000101001 0.15
runproj limit: 0.198
01000000100000000000000000001000100000000000000011000100010001001000000100 0.148
runproj limit: 0.198
00000000000000001000000000000000000010000000000000000000000000110000000000 0.148
runproj limit: 0.198
00000000110001000111000000010000010100001000110100001011000000001000001000 0.148
runproj limit: 0.198
01000000000000000000000000000000000000000000000000000000000000001000000000 0.152
runproj limit: 0.198
00000100000000001000000000000000000000100000000000000000000010110000000000 0.15
runproj limit: 0.198
00000000000001000010000000011010000000100000110000010111100000000000000000 0.17
runproj limit: 0.198
00000100000010000101001000010001000010000000010011010100010000000000000000 0.167
runproj limit: 0.198
00000100000000101001010001000010000010110011100110000001001010110000001101 0.145
runproj limit: 0.198
01010000000100000100000000010001000000100000111000000000001001101111000101 0.158
runproj limit: 0.198
11010100100111110101101000011110100000110001001010011101100011001010100000 0.158
runproj limit: 0.198
01110100110101011101101010011000111110100001010010010000110000100000001110 0.158
runproj limit: 0.198
00010100000010010010011101010110011011100101100001011111001010010001110010 0.168
runproj limit: 0.198
01000000000000000000000000000000000000000000000000000000000000001000000000 0.158
runproj limit: 0.198
00000000000011001010000100011000000000100000100001010111101010000000100011 0.158
runproj limit: 0.198
00000100000010010110011000000001011110000001010101000000000100000000000000 0.158
runproj limit: 0.198
01000100100010000101001000011000100000000000000011010100010001100000000100 0.152
runproj limit: 0.198
00000000000000001000000000000000000010100000000000000000000000100000000000 0.165
runproj limit: 0.198
01000000000000000000100000000000000000000000100000000010000000001010000000 0.152
runproj limit: 0.198
00000100000000001000000000000000000010100000000000000000000010110000000000 0.152
best: 0.8950617283950616
runproj limit: 0.198
01010100000100100101000001000000000010110000111010000001001010100111001101 0.155
runproj limit: 0.198
00000000010001000111000000000000010110001000100000000010000000011000001000 0.158
runproj limit: 0.198
00000000000000001000000000010000000000000000000101010010100011010000001000 0.152
runproj limit: 0.198
01000100100000000100001000011000100010000000000011000000010000100000000100 0.165
runproj limit: 0.198
01010100100011010101101000011010100000010001001010011101000001101010000000 0.155
runproj limit: 0.198
00000100000000001001000001000000000010100010100000000001001010110000001001 0.158
runproj limit: 0.198
00000000000000001000000000000000000010010010000100000000001000110000001100 0.155
runproj limit: 0.198
00000000000011000011000000010000000100001000110101011011100010001000001000 0.158
runproj limit: 0.198
00000000000000001000000000100000100010100100000000000000101010110000000100 0.162
runproj limit: 0.198
01001000000000000000010100000000001100101001000101010110000001001001111001 0.15
runproj limit: 0.198
01100000010001010100000000000000000000000001000010011010010000100000110100 0.158
runproj limit: 0.198
00010101000000011000011001100001000000110000010000010000000110100000000001 0.158
runproj limit: 0.198
01100100100100001001101111010111101010100001010010010001110000001100001110 0.15
runproj limit: 0.198
00000100000000101001010001000010000010110011100110000001001010110000001101 0.152
runproj limit: 0.198
01000000100000000000000000001000100000000000000011000100010001001000000100 0.158
runproj limit: 0.198
00000000000000001000000000000000000010000000000000000000000000110000000000 0.167
runproj limit: 0.198
00000000110001000111000000010000010100001000110100001011000000001000001000 0.158
runproj limit: 0.198
00000000000010000000000100011000000100000000000101010111100011000000101001 0.16
runproj limit: 0.198
00000100000000001000000000000000000000100000000000000000000010110000000000 0.178
runproj limit: 0.198
01000000000000000000000000000000000000000000000000000000000000001000000000 0.16
best: 0.9259259259259258
runproj limit: 0.198
01000000010001000101010000000000001110101000100001010010000001011000001000 0.188
runproj limit: 0.198
00000000000000001000000000000000000000010010000100000000000000011000000100 0.16
runproj limit: 0.198
01000100000000000001010101000010001110100001100100000110000010101000111101 0.158
runproj limit: 0.198
0000000000000000111warning: dubious run time results for paraffins: [0.29,0.19,0.22,0.24]
warning: dubious GC time results for paraffins: [0.22,0.15,0.18,0.19]
warning: dubious run time results for paraffins: [0.29,0.19,0.22,0.24]
warning: dubious GC time results for paraffins: [0.22,0.15,0.18,0.19]
warning: dubious run time results for paraffins: [0.26,0.19,0.26999998,0.18]
warning: dubious GC time results for paraffins: [0.2,0.15,0.21,0.14]
warning: dubious run time results for paraffins: [0.26,0.19,0.26999998,0.18]
warning: dubious GC time results for paraffins: [0.2,0.15,0.21,0.14]
warning: dubious run time results for paraffins: [0.19999999,0.25,0.22,0.3]
warning: dubious GC time results for paraffins: [0.16,0.2,0.18,0.23]
warning: dubious run time results for paraffins: [0.19999999,0.25,0.22,0.3]
warning: dubious GC time results for paraffins: [0.16,0.2,0.18,0.23]
warning: dubious run time results for paraffins: [0.21000001,0.18,0.16,0.23]
warning: dubious run time results for paraffins: [0.21000001,0.18,0.16,0.23]
warning: dubious run time results for paraffins: [0.19999999,0.19999999,0.18,0.26]
warning: dubious run time results for paraffins: [0.19999999,0.19999999,0.18,0.26]
warning: dubious run time results for paraffins: [0.28,0.19999999,0.19,0.19]
warning: dubious run time results for paraffins: [0.28,0.19999999,0.19,0.19]
warning: dubious run time results for paraffins: [0.18,0.18,0.26,0.21000001]
warning: dubious run time results for paraffins: [0.18,0.18,0.26,0.21000001]
1000000000000000000001000000100000010001000011000001100 0.162
runproj limit: 0.198
01010000100001000101100000011000100010010011001000011101001001110000000000 0.16
runproj limit: 0.198
01000000100001010101001000001000000000010010000110000001001001101010000100 0.185
runproj limit: 0.198
01010100100100100101000001010010000000010001011010001101001001101011000000 0.175
runproj limit: 0.198
01001000100000000011000100000000011100001001110100001111000000001000011001 0.172
runproj limit: 0.198
"timed out"
01110110001101000110010000000010101010111000111010000000000111000111001101 0.324
runproj limit: 0.198
01110000010000011000010000000000000000010010010111001011001110110001000000 0.152
runproj limit: 0.198
01001001100000000000101101001000100000000000000011010000010000100011000100 0.167
runproj limit: 0.198
"timed out"
10000001001100000000100010011000000000010000000100110010110011110000001110 0.324
runproj limit: 0.198
00001000000000000100101100100000101110111011000101100010100101001001111001 0.155
runproj limit: 0.198
01001000000000000000010100000000001100101001000101010110000001001001111001 0.193
runproj limit: 0.198
01100100100100001001101111010111101010100001010010010001110000001100001110 0.152
runproj limit: 0.198
00000000000000001000000000010000000000000000000101010010100011010000001000 0.155
runproj limit: 0.198
00000100000000101001010001000010000010110011100110000001001010110000001101 0.158
runproj limit: 0.198
01010100000100100101000001000000000010110000111010000001001010100111001101 0.162
runproj limit: 0.198
01010100100011010101101000011010100000010001001010011101000001101010000000 0.158
runproj limit: 0.198
00000000000000001000000000000000000010010010000100000000001000110000001100 0.158
best: 0.9382716049382716
runproj limit: 0.198
01110000000000101000010000000010000010010011110110000011001110110000001001 0.16
runproj limit: 0.198
01000000000000101101110000011010100010010011000000001001001001110000001101 0.158
runproj limit: 0.198
01000100000100001000000000000110000010100011010110010001110000011000001110 0.155
runproj limit: 0.198
01110100000100001101101001000111101010110000011010010001000000000111001100 0.16
runproj limit: 0.198
01010000100100100101000000000000100010010010101000000001001000110100000001 0.158
runproj limit: 0.198
00000000000000001111000000000000000000001000000100000010001000011000001100 0.16
runproj limit: 0.198
01110100100100100001001111010111001010110001011010001101111001001000000100 0.16
runproj limit: 0.198
00000001000000001000000000000000000000010010000100010010100010110000001100 0.152
runproj limit: 0.198
01110100100001010100111010011011100000010001000011000101100011101011001001 0.165
runproj limit: 0.198
10110100000000001000100000001011000000011011100100011011001100100100101010 0.148
runproj limit: 0.198
10000100000010011101001010000000100101010110010010010001100110001100100001 0.152
runproj limit: 0.198
01011000000010010011000100010010110000001001100100001111110101001101011011 0.155
runproj limit: 0.198
01010000100001100001111000010001010000110001101111001110000000111000011001 0.155
runproj limit: 0.198
01110000010000011000010000000000000000010010010111001011001110110001000000 0.158
runproj limit: 0.198
01100100100100001001101111010111101010100001010010010001110000001100001110 0.155
runproj limit: 0.198
00001000000000000100101100100000101110111011000101100010100101001001111001 0.152
runproj limit: 0.198
00000000000000001000000000010000000000000000000101010010100011010000001000 0.148
runproj limit: 0.198
01000100000000000001010101000010001110100001100100000110000010101000111101 0.152
runproj limit: 0.198
00000100000000101001010001000010000010110011100110000001001010110000001101 0.155
runproj limit: 0.198
01010100100011010101101000011010100000010001001010011101000001101010000000 0.148
best: 0.9135802469135802
runproj limit: 0.198
00000000000010001101000000010000100001010010010000010011100111010100101001 0.155
runproj limit: 0.198
01010000000001000001011000010001010000000000100111010010000010011000001001 0.165
runproj limit: 0.198
10000100000010001100000000000010100110010010010010010001100010011000000001 0.15
runproj limit: 0.198
01010100100011010101101000011010100000010001001010011101000001101010000000 0.155
runproj limit: 0.198
00001000000000000100101100100000101110111011000101100010100101001001111001 0.148
runproj limit: 0.198
00101100100000001100101100000100101110111011000010010001110101001101001100 0.152
runproj limit: 0.198
01010100100010011000001000011010000000010011010110001001000111101000000000 0.15
runproj limit: 0.198
00001001000000001000001000000000000000111011000100000010100001011001101001 0.152
runproj limit: 0.198
00100000000111100101001000110111100011100111011110010000000000100110001100 0.158
runproj limit: 0.198
00110111100101010101000100110010111010001100011101001110101101011100011111 0.152
runproj limit: 0.198
01011100000000000101010001001010001110110001010110010010000110101100110001 0.155
runproj limit: 0.198
"timed out"
11001000011000101101010011010010010010010000100010001101000101110101100011 0.324
runproj limit: 0.198
"timed out"
00000001001001001000010101110000000110011010101100111010100011010000001100 0.324
runproj limit: 0.198
10110100000000001000100000001011000000011011100100011011001100100100101010 0.155
runproj limit: 0.198
00000000000000001000000000010000000000000000000101010010100011010000001000 0.15
runproj limit: 0.198
01010100100011010101101000011010100000010001001010011101000001101010000000 0.158
runproj limit: 0.198
00000001000000001000000000000000000000010010000100010010100010110000001100 0.145
runproj limit: 0.198
10000100000010011101001010000000100101010110010010010001100110001100100001 0.158
runproj limit: 0.198
00001000000000000100101100100000101110111011000101100010100101001001111001 0.155
runproj limit: 0.198
01000100000000000001010101000010001110100001100100000110000010101000111101 0.145
best: 0.8950617283950616
runproj limit: 0.198
01000000000010001000000000000000000000010010010110010000100010101000001000 0.168
runproj limit: 0.198
00001000000000000100101000000000101110111011000101000010100101011001101001 0.158
runproj limit: 0.198
00011000000000000000100100001001100010111011000101011011101100100101111010 0.167
runproj limit: 0.198
01110110100010010001000000110010010010010000010110001110100111111100011000 0.172
runproj limit: 0.198
00000000100011001100001000011000000000000000001011010011100011001000000000 0.158
runproj limit: 0.198
01010001100010011000001000000000000000110011000110001000100001001000001000 0.152
runproj limit: 0.198
00000010100100010100000100010010110000000000001101011010101011010100011001 0.168
runproj limit: 0.198
00001000000010000100100100000010101110111011000100010000100010001000001001 0.165
runproj limit: 0.198
00100000100100001100111101100100110110100011000010001000110000011110001000 0.178
runproj limit: 0.198
10110100100011010000001010111010100000110101000010011111100001101110100100 0.167
runproj limit: 0.198
10100100100000001000000000110000010101001100110111110111000110110000011101 0.158
runproj limit: 0.198
01110111100010010111100000100010100001010001110010001001111001111010100000 0.155
runproj limit: 0.198
11011100010000011101010001101100001110110101001110011010100111101100010101 0.16
runproj limit: 0.198
00000001000000001000000000000000000000010010000100010010100010110000001100 0.16
runproj limit: 0.198
01000100000000000001010101000010001110100001100100000110000010101000111101 0.165
runproj limit: 0.198
00001000000000000100101100100000101110111011000101100010100101001001111001 0.16
runproj limit: 0.198
10000100000010001100000000000010100110010010010010010001100010011000000001 0.155
runproj limit: 0.198
01010100100010011000001000011010000000010011010110001001000111101000000000 0.162
runproj limit: 0.198
00000000000000001000000000010000000000000000000101010010100011010000001000 0.155
runproj limit: 0.198
00101100100000001100101100000100101110111011000010010001110101001101001100 0.155
best: 0.9382716049382716
runproj limit: 0.198
10000000000000001100000000000010000010010010010000010011100010011000001001 0.155
runproj limit: 0.198
0111001110001100011110warning: dubious run time results for paraffins: [0.29,0.19999999,0.19999999,0.25]
warning: dubious run time results for paraffins: [0.29,0.19999999,0.19999999,0.25]
warning: dubious run time results for paraffins: [0.26,0.19999999,0.19,0.28]
warning: dubious run time results for paraffins: [0.26,0.19999999,0.19,0.28]
warning: dubious run time results for paraffins: [0.19999999,0.25,0.21000001,0.3]
warning: dubious GC time results for paraffins: [0.16,0.2,0.17,0.23]
warning: dubious run time results for paraffins: [0.19999999,0.25,0.21000001,0.3]
warning: dubious GC time results for paraffins: [0.16,0.2,0.17,0.23]
warning: dubious run time results for paraffins: [0.19999999,0.19,0.26,0.18]
warning: dubious run time results for paraffins: [0.19999999,0.19,0.26,0.18]
warning: dubious run time results for paraffins: [0.19999999,0.29,0.19999999,0.19999999]
warning: dubious run time results for paraffins: [0.19999999,0.29,0.19999999,0.19999999]
warning: dubious run time results for paraffins: [0.26,0.23,0.26,0.33999997]
warning: dubious GC time results for paraffins: [0.2,0.18,0.2,0.26]
warning: dubious run time results for paraffins: [0.26,0.23,0.26,0.33999997]
warning: dubious GC time results for paraffins: [0.2,0.18,0.2,0.26]
warning: dubious run time results for paraffins: [0.23,0.3,0.29,0.19999999]
warning: dubious GC time results for paraffins: [0.18,0.23,0.22,0.16]
warning: dubious run time results for paraffins: [0.23,0.3,0.29,0.19999999]
warning: dubious GC time results for paraffins: [0.18,0.23,0.22,0.16]
1000000010000001000000101011011001101001101000000000 0.155
runproj limit: 0.198
01000111100010000111000000000010100011010001010010000001110010011000100000 0.155
runproj limit: 0.198
00001000000000000100101000000000101110111011000101000010100101011001101001 0.158
runproj limit: 0.198
01010111100010011010001000101010100000010011010010001001001001111010100000 0.155
runproj limit: 0.198
01001000000000010100100101101100001110111001001100110010100111001101010101 0.158
runproj limit: 0.198
10000100000000001100000000110000010100011010000111110010100111001000111101 0.158
runproj limit: 0.198
10100100100000001000000000110000010101001000010101110010000110010000011001 0.155
runproj limit: 0.198
11011000100001001000011010001000000000010011011010001100100001000100000010 0.158
runproj limit: 0.198
10100110100001101000000000011110010101000101100011110111001110111010111110 0.155
runproj limit: 0.198
00011000100100000100101000011101101110111111000111010010000111011001101000 0.16
runproj limit: 0.198
"timed out"
10101100101010001101101010010001110110011000000011010101110101101111001000 0.324
runproj limit: 0.198
00101100100010011010101101111100001000011111100110111111100011001111001101 0.15
runproj limit: 0.198
01010001100010011000001000000000000000110011000110001000100001001000001000 0.152
runproj limit: 0.198
01110111100010010111100000100010100001010001110010001001111001111010100000 0.165
runproj limit: 0.198
10000100000010001100000000000010100110010010010010010001100010011000000001 0.158
runproj limit: 0.198
00000000000000001000000000010000000000000000000101010010100011010000001000 0.152
runproj limit: 0.198
00101100100000001100101100000100101110111011000010010001110101001101001100 0.182
runproj limit: 0.198
00001000000000000100101000000000101110111011000101000010100101011001101001 0.165
runproj limit: 0.198
00000000100011001100001000011000000000000000001011010011100011001000000000 0.18
best: 0.9259259259259258
runproj limit: 0.198
01100100100010011000000000010000010001111010010111001000100000001000001001 0.162
runproj limit: 0.198
01100100100011001110101001101100000000001000100111011001100011001001001000 0.158
runproj limit: 0.198
00100000000000001110101100100100000010010110010100011011100011011100001001 0.162
runproj limit: 0.198
10001000000000001100100000000010100110010011010100010000100111011000101001 0.165
runproj limit: 0.198
00011000100100001100001010001100001000010011000010011110100001000100100010 0.152
runproj limit: 0.198
00110111000000011100100000000010000011010011010010000001100000111010101001 0.165
runproj limit: 0.198
01010111100010011010001000101010100000010011010010001001001001111010100000 0.155
runproj limit: 0.198
01100001100000001000000000000000010001010010010100000010100001000000001001 0.158
runproj limit: 0.198
11001000000000100110110000010001110110110000101011110010101101011111110011 0.162
runproj limit: 0.198
10000010100001000011001000001110000111000101100011010110011110101110110010 0.158
runproj limit: 0.198
10000100100100000001010001000101010101000001011101010000001011110000111000 0.152
runproj limit: 0.198
"timed out"
01001111011000010011001010001001010100110111000010001001101101011010001001 0.324
runproj limit: 0.198
11101100110001111100000001011111000011000111000011000111010010001010111111 0.152
runproj limit: 0.198
00101100100010011010101101111100001000011111100110111111100011001111001101 0.16
runproj limit: 0.198
01010001100010011000001000000000000000110011000110001000100001001000001000 0.165
runproj limit: 0.198
00000000000000001000000000010000000000000000000101010010100011010000001000 0.155
runproj limit: 0.198
10000000000000001100000000000010000010010010010000010011100010011000001001 0.16
runproj limit: 0.198
01110011100011000111101000000010000001000000101011011001101001101000000000 0.19
runproj limit: 0.198
01000111100010000111000000000010100011010001010010000001110010011000100000 0.152
runproj limit: 0.198
01010111100010011010001000101010100000010011010010001001001001111010100000 0.162
best: 0.9382716049382716
runproj limit: 0.198
01100111000000011100100000000000000001010011010010000011100000001010001001 0.167
runproj limit: 0.198
01101100110000111100101101111111000011000111000010111111000011001111101111 0.158
runproj limit: 0.198
10000110100100000001001000000110010101000001110111010000011011110100111010 0.158
runproj limit: 0.198
01100101100010001111100101110010100010011001110110010111110011001011000100 0.15
runproj limit: 0.198
10000100100011000110101001101100000001000001100111011100010010001011000010 0.148
runproj limit: 0.198
01101000000000000010100100111001011010111110100011111110100001011111001111 0.158
runproj limit: 0.198
10000000100000000100010000000110010011000000011001010011000011011000101000 0.158
runproj limit: 0.198
01000001100010001010000000000000110000010011010110000001100001000010001001 0.158
runproj limit: 0.198
01110001110110011100111000010110001000100001100110011000110001011011001000 0.152
runproj limit: 0.198
"timed out"
11110110001000101010011000101010100011110110110011001111011001111010101001 0.324
runproj limit: 0.198
11001000110000101110000000010000010010100011101010001110010101111010111001 0.155
runproj limit: 0.198
00100000000000111101010010010110000100000001010100010010101011011000001000 0.155
runproj limit: 0.198
11100001100101010001000000010010010011010110000110111010100000101011010001 0.158
runproj limit: 0.198
00011000100100001100001010001100001000010011000010011110100001000100100010 0.155
runproj limit: 0.198
10000100100100000001010001000101010101000001011101010000001011110000111000 0.155
runproj limit: 0.198
11101100110001111100000001011111000011000111000011000111010010001010111111 0.152
runproj limit: 0.198
01000111100010000111000000000010100011010001010010000001110010011000100000 0.165
runproj limit: 0.198
01010111100010011010001000101010100000010011010010001001001001111010100000 0.175
runproj limit: 0.198
00000000000000001000000000010000000000000000000101010010100011010000001000 0.15
runproj limit: 0.198
01100100100011001110101001101100000000001000100111011001100011001001001000 0.158
best: 0.9135802469135802
runproj limit: 0.198
01100100100001001100010001100100010101001000111101010000100011111000001000 0.165
runproj limit: 0.198
11100001100001111111000000010010010011010010100010111110000001101010011001 0.16
runproj limit: 0.198
01110101110001011100000000011110001001000011100111001111010011011011111101 0.165
runproj limit: 0.198
00100100100010101111000100110110100010000001010100010110101011011000000100 0.165
runproj limit: 0.198
10000100100110000010101001100110000001000001110111011100010011110110110010 0.152
runproj limit: 0.198
00001000010000001010000000010000000000100010100111011010100011010010011000 0.152
runproj limit: 0.198
11001000100100011101000000010000010010000010100010001010000101111011011001 0.165
runproj limit: 0.198
01100100110000011101100101110011000011001011000110011111100011001011100100 0.16
runproj limit: 0.198
11101100100001000000000001001111001001111111100101000101001110100000001111 0.17
runproj limit: 0.198
00001111000000001111000010011011001010000101011111010010010011110110001100 0.16
runproj limit: 0.198
11000010110010001000001100011100110010001100100100000010000001100100101110 0.21
runproj limit: 0.198
"timed out"
11110101011000011110110100100111011111100110100010011000111011011010001010 0.324
runproj limit: 0.198
11001010110010100010100001101011010000101011101010101101000010111001110110 0.162
runproj limit: 0.198
10000100100011000110101001101100000001000001100111011100010010001011000010 0.17
runproj limit: 0.198
01100101100010001111100101110010100010011001110110010111110011001011000100 0.165
runproj limit: 0.198
00000000000000001000000000010000000000000000000101010010100011010000001000 0.197
runproj limit: 0.198
01110001110110011100111000010110001000100001100110011000110001011011001000 0.175
runproj limit: 0.198
11101100110001111100000001011111000011000111000011000111010010001010111111 0.16
runproj limit: 0.198
11001000110000101110000000010000010010100011101010001110010101111010111001 0.158
runproj limit: 0.198
001000000000001111010100100101100001000000010101000100warning: dubious run time results for paraffins: [0.19,0.19999999,0.45,0.18]
warning: dubious GC time results for paraffins: [0.15,0.16,0.34,0.15]
warning: dubious run time results for paraffins: [0.19,0.19999999,0.45,0.18]
warning: dubious GC time results for paraffins: [0.15,0.16,0.34,0.15]
warning: dubious run time results for paraffins: [0.28,0.25,0.18,0.17]
warning: dubious GC time results for paraffins: [0.21,0.19,0.15,0.14]
warning: dubious run time results for paraffins: [0.28,0.25,0.18,0.17]
warning: dubious GC time results for paraffins: [0.21,0.19,0.15,0.14]
warning: dubious run time results for paraffins: [0.19999999,0.18,0.26999998,0.17]
warning: dubious run time results for paraffins: [0.19999999,0.18,0.26999998,0.17]
warning: dubious run time results for paraffins: [0.16,0.26,0.16,0.17]
warning: dubious GC time results for paraffins: [0.13,0.22,0.13,0.14]
warning: dubious run time results for paraffins: [0.16,0.26,0.16,0.17]
warning: dubious GC time results for paraffins: [0.13,0.22,0.13,0.14]
warning: dubious run time results for paraffins: [0.19999999,0.22,0.26,0.18]
warning: dubious run time results for paraffins: [0.19999999,0.22,0.26,0.18]
warning: dubious run time results for paraffins: [0.19999999,0.26999998,0.19,0.19999999]
warning: dubious run time results for paraffins: [0.19999999,0.26999998,0.19,0.19999999]
warning: dubious run time results for paraffins: [0.19999999,0.26999998,0.19,0.19999999]
warning: dubious run time results for paraffins: [0.19999999,0.26999998,0.19,0.19999999]
warning: dubious run time results for paraffins: [0.26,0.26,0.19999999,0.17]
warning: dubious run time results for paraffins: [0.26,0.26,0.19999999,0.17]
10101011011000001000 0.16
best: 0.9382716049382716
runproj limit: 0.198
10000100000110001111100010000111000010000001010111011100010011110110101110 0.158
runproj limit: 0.198
00001100110010101110000000110100000010000011000110010010101011011010010000 0.2
runproj limit: 0.198
11011111110001110000000001101111001000101011100110101101000011111001111100 0.172
runproj limit: 0.198
00100100100011001101010000100110010010000001111101010100101011111000001000 0.172
runproj limit: 0.198
01100100110001011100000001110101000011000011111001010001000011111000101001 0.148
runproj limit: 0.198
11100000110000110011000001010010010001010011101010111110000011101001110001 0.145
runproj limit: 0.198
01101000100010011101000001010000100010001000100010010110000101101011010101 0.155
runproj limit: 0.198
01100001110000011100000000010110000100000001100110000111101011011000101000 0.152
runproj limit: 0.198
01010110000001111001000001011111000111000010010011100101010110001010110111 0.152
runproj limit: 0.198
"timed out"
01100101011101011100000000011100111011000011111101000111010001001011111101 0.324
runproj limit: 0.198
11011010110010101010000000010001011000100001101010101110000111111000111000 0.148
runproj limit: 0.198
11001000100100000010001000101010010001101111011000101111000011011111110111 0.155
runproj limit: 0.198
00001111000101100101000001011001001010010101001100000010010101110101101100 0.15
runproj limit: 0.198
10000100100110000010101001100110000001000001110111011100010011110110110010 0.15
runproj limit: 0.198
00001000010000001010000000010000000000100010100111011010100011010010011000 0.152
runproj limit: 0.198
11001000110000101110000000010000010010100011101010001110010101111010111001 0.158
runproj limit: 0.198
11100001100001111111000000010010010011010010100010111110000001101010011001 0.143
runproj limit: 0.198
01100100110000011101100101110011000011001011000110011111100011001011100100 0.148
runproj limit: 0.198
00001111000000001111000010011011001010000101011111010010010011110110001100 0.158
runproj limit: 0.198
11101100110001111100000001011111000011000111000011000111010010001010111111 0.155
best: 0.882716049382716
runproj limit: 0.198
11101000100101111110001000011010010001000011000000101110000011001111111101 0.152
runproj limit: 0.198
01101000100000011001000000010000000000100010100011011110100101000010011001 0.145
runproj limit: 0.198
10000001110001101110000000110100010011010010100010010010000011001010011000 0.145
runproj limit: 0.198
01101000100000111101000001010000000010001000100010011110000101111011110001 0.16
runproj limit: 0.198
11000111100001110101000001011010001011010010101000111010010101110110101001 0.158
runproj limit: 0.198
00001000110000101111000000110110010011010011101110011110101011011001110000 0.148
runproj limit: 0.198
11000010000000110001000001010110000111000011101011101100010011001001110101 0.155
runproj limit: 0.198
00001110000001001101000001111001001011000101001000010011000101110101101100 0.15
runproj limit: 0.198
10101100110000011001011011000011110001010011100011111011001011001001010001 0.158
runproj limit: 0.198
01011110000001110001100001011111000111000000010011100101001110001010011011 0.148
runproj limit: 0.198
01101100100001111111001101111101000010001000101010110111001101111000010101 0.155
runproj limit: 0.198
01001101110101011101000111001110000010111100000011000111110000101011110111 0.148
runproj limit: 0.198
"timed out"
01100101111001011111011010001010011001011101100000111000100010000010111001 0.324
runproj limit: 0.198
11100001100001111111000000010010010011010010100010111110000001101010011001 0.158
runproj limit: 0.198
11100000110000110011000001010010010001010011101010111110000011101001110001 0.155
runproj limit: 0.198
01100100110001011100000001110101000011000011111001010001000011111000101001 0.182
runproj limit: 0.198
11011010110010101010000000010001011000100001101010101110000111111000111000 0.155
runproj limit: 0.198
01100100110000011101100101110011000011001011000110011111100011001011100100 0.17
runproj limit: 0.198
00001111000101100101000001011001001010010101001100000010010101110101101100 0.155
runproj limit: 0.198
10000100100110000010101001100110000001000001110111011100010011110110110010 0.16
best: 0.8950617283950616
runproj limit: 0.198
00001101100101001101000001011011001010111100001101000110110001100011111111 0.165
runproj limit: 0.198
10000001110001101110000000110100010011010010100010010010000011001010011000 0.158
runproj limit: 0.198
10000001100001111110000000010100010011010010100010111110000011101010011000 0.16
runproj limit: 0.198
01010010000000110001000001010110000111000000100011100101010011001010111011 0.16
runproj limit: 0.198
11011000100011101010001000010011011000100001101010101110000011001101111101 0.172
runproj limit: 0.198
11001010000001111101000101111110000010000001101010101100011111011000010101 0.17
runproj limit: 0.198
01001101110101011101000111001110000010111100000011000111110000101011110111 0.165
runproj limit: 0.198
10001000100100111110001000010110010001010011000110111110000011011111110101 0.175
runproj limit: 0.198
00111100110000101111010010010010010011011000101110111111101001011001101000 0.165
runproj limit: 0.198
00000011100010101010000001010100010110010010101100011010010011011010011000 0.152
runproj limit: 0.198
10000100010000011001111010010011110011100010100011011010001111101001011001 0.155
runproj limit: 0.198
00101010000111001111100000110101011110011101001000001001010001010110111101 0.165
runproj limit: 0.198
"timed out"
10111010101001100001100001000000001000110111100011011110101101010010111110 0.324
runproj limit: 0.198
01101000100000011001000000010000000000100010100011011110100101000010011001 0.158
runproj limit: 0.198
10000001110001101110000000110100010011010010100010010010000011001010011000 0.148
runproj limit: 0.198
00001000110000101111000000110110010011010011101110011110101011011001110000 0.167
runproj limit: 0.198
01011110000001110001100001011111000111000000010011100101001110001010011011 0.148
runproj limit: 0.198
01001101110101011101000111001110000010111100000011000111110000101011110111 0.152
runproj limit: 0.198
00001110000001001101000001111001001011000101001000010011000101110101101100 0.145
runproj limit: 0.198
11101000100101111110001000011010010001000011000000101110000011001111111101 0.152
best: 0.8950617283950616
done evolving!
"all is well:)"
>>>>>>>>>>>>>>FINISH OPTIMIZATION>>>>>>>>>>>>>>>
880.69user 386.25system 38:57.94elapsed 54%CPU (0avgtext+0avgdata 131532maxresident)k
1103352inputs+1509168outputs (564major+81428128minor)pagefaults 0swaps
