Optimizing /h/ywang30/nofib/shootout/pidigits
>>>>>>>>>>>>>>>START OPTIMIZATION>>>>>>>>>>>>>>>
pop: 1
gens: 1
arch: 1
limit is: 0.845
runproj limit: 0.845
"All is well :D"
Basetime is: 5.0e-2
runproj limit: 0.845
01000000000000000000100000 5.0e-2
best: 1.0
done evolving!
"all is well:)"
>>>>>>>>>>>>>>FINISH OPTIMIZATION>>>>>>>>>>>>>>>
15.90user 5.19system 0:24.16elapsed 87%CPU (0avgtext+0avgdata 105488maxresident)k
13952inputs+15352outputs (10major+970417minor)pagefaults 0swaps
Optimizing /h/ywang30/nofib/shootout/pidigits
>>>>>>>>>>>>>>>START OPTIMIZATION>>>>>>>>>>>>>>>
pop: 15
gens: 13
arch: 7
limit is: 0.762
runproj limit: 0.762
"All is well :D"
Basetime is: 4.0e-2
runproj limit: 0.762
01000000000000000000100000 4.5e-2
runproj limit: 0.762
00100000001000000001000000 4.8e-2
runproj limit: 0.762
00000000000100000010000010 5.0e-2
runproj limit: 0.762
00000000000000000000000000 4.0e-2
runproj limit: 0.762
00000000000000000000000001 4.5e-2
runproj limit: 0.762
00000000000000000000000000 5.0e-2
runproj limit: 0.762
10000000000000000000000000 4.5e-2
runproj limit: 0.762
00000000000000000000000000 5.0e-2
runproj limit: 0.762
00001000000000000000001000 5.0e-2
runproj limit: 0.762
00100000000000000000000010 5.0e-2
runproj limit: 0.762
00000000000000000000000000 4.5e-2
runproj limit: 0.762
00001000000010000000000100 4.0e-2
runproj limit: 0.762
00000000000000000000000000 4.8e-2
runproj limit: 0.762
00000010000000010000001000 4.0e-2
runproj limit: 0.762
00110000000000100101000010 4.2e-2
best: 1.0
runproj limit: 0.762
10000000000000000000000000 4.8e-2
runproj limit: 0.762
00000000000000000000000000 4.5e-2
runproj limit: 0.762
00000000000000000000000001 4.5e-2
runproj limit: 0.762
00000000001000000001000000 4.8e-2
runproj limit: 0.762
00100000000000000000000000 4.5e-2
runproj limit: 0.762
00000000000000000000000000 4.8e-2
runproj limit: 0.762
00010000000000000000000010 4.0e-2
runproj limit: 0.762
00001010000000000000001100 5.0e-2
runproj limit: 0.762
00100010000000010001001000 4.2e-2
runproj limit: 0.762
01000100110011100111000101 5.0e-2
runproj limit: 0.762
00000100100010000101101000 4.0e-2
runproj limit: 0.762
01000101001000000100000010 4.2e-2
runproj limit: 0.762
00110110000000100111100110 5.0e-2
runproj limit: 0.762
00010010001010000101000001 4.0e-2
runproj limit: 0.762
10101000010000000000000101 4.0e-2
runproj limit: 0.762
00000000000000000000000000 4.0e-2
runproj limit: 0.762
00001000000010000000000100 4.0e-2
runproj limit: 0.762
00000010000000010000001000 4.0e-2
runproj limit: 0.762
00110000000000100101000010 4.0e-2
runproj limit: 0.762
01000000000000000000100000 4.2e-2
runproj limit: 0.762
00000000000000000000000001 4.5e-2
runproj limit: 0.762
10000000000000000000000000 4.5e-2
best: 1.0
runproj limit: 0.762
00100000000010000100000100 4.2e-2
runproj limit: 0.762
10001000010000000000000001 4.0e-2
runproj limit: 0.762
00001000000010010001001100 4.0e-2
runproj limit: 0.762
00100000000000000001000010 4.8e-2
runproj limit: 0.762
01000110000000010100001000 4.0e-2
runproj limit: 0.762
00001010000010010001000000 4.0e-2
runproj limit: 0.762
00100100100000000101101000 4.0e-2
runproj limit: 0.762
00010000000000000001000000 4.0e-2
runproj limit: 0.762
00110000000000100101000010 4.5e-2
runproj limit: 0.762
10110000000101110000100000 4.0e-2
runproj limit: 0.762
00110010010111001000101010 4.2e-2
runproj limit: 0.762
00000100000001011000011011 4.0e-2
runproj limit: 0.762
00011000000010000000000000 4.0e-2
runproj limit: 0.762
00010001000001000000010011 4.0e-2
runproj limit: 0.762
00011110110000000000100101 5.0e-2
runproj limit: 0.762
00010000000000000000000010 4.0e-2
runproj limit: 0.762
00000100100010000101101000 4.0e-2
runproj limit: 0.762
00010010001010000101000001 4.5e-2
runproj limit: 0.762
10101000010000000000000101 4.0e-2
runproj limit: 0.762
00000000000000000000000000 4.8e-2
runproj limit: 0.762
00001000000010000000000100 4.0e-2
runproj limit: 0.762
00000010000000010000001000 4.0e-2
best: 1.0
runproj limit: 0.762
00000000000000000000000000 4.5e-2
runproj limit: 0.762
10010000000100000000000000 4.0e-2
runproj limit: 0.762
01100110000000000100001010 5.0e-2
runproj limit: 0.762
00001000000000011001001100 4.0e-2
runproj limit: 0.762
00000100000011010000001011 4.0e-2
runproj limit: 0.762
00010000000000000001000000 4.2e-2
runproj limit: 0.762
10110000010000110000100101 4.0e-2
runproj limit: 0.762
01000011000000010100011011 4.0e-2
runproj limit: 0.762
00010010000000010000001000 4.0e-2
runproj limit: 0.762
01110000010001011101000000 4.0e-2
runproj limit: 0.762
10111001010000010000011100 4.0e-2
runproj limit: 0.762
01010110010001000000001101 4.0e-2
runproj limit: 0.762
00010001010000011111101010 5.0e-2
runproj limit: 0.762
00110001000100000010110001 5.0e-2
runproj limit: 0.762
00000010010011000001000100 4.0e-2
runproj limit: 0.762
10001000010000000000000001 4.0e-2
runproj limit: 0.762
00001000000010010001001100 4.2e-2
runproj limit: 0.762
01000110000000010100001000 4.0e-2
runproj limit: 0.762
00001010000010010001000000 4.0e-2
runproj limit: 0.762
00100100100000000101101000 4.2e-2
runproj limit: 0.762
00010000000000000001000000 4.5e-2
runproj limit: 0.762
10110000000101110000100000 4.0e-2
best: 1.0
runproj limit: 0.762
00001000000010011001000000 4.0e-2
runproj limit: 0.762
00110000010000010000001100 4.0e-2
runproj limit: 0.762
00001000000000011000011110 4.0e-2
runproj limit: 0.762
10111000010000110000001100 4.0e-2
runproj limit: 0.762
00010000000000010000000000 4.0e-2
runproj limit: 0.762
10110001010000010000111101 4.0e-2
runproj limit: 0.762
01001011000010010101011010 4.0e-2
runproj limit: 0.762
00000000010010000000000011 4.0e-2
runproj limit: 0.762
00001010000000011001001011 4.0e-2
runproj limit: 0.762
00101101100000000101000101 4.2e-2
runproj limit: 0.762
10000101001111011000101001 4.0e-2
runproj limit: 0.762
11111001010000010100100100 4.2e-2
runproj limit: 0.762
00111101011011010000110000 4.2e-2
runproj limit: 0.762
00001010010011010011100011 5.0e-2
runproj limit: 0.762
10001000101010000001010110 4.2e-2
runproj limit: 0.762
10010000000100000000000000 4.0e-2
runproj limit: 0.762
00001000000000011001001100 4.0e-2
runproj limit: 0.762
00000100000011010000001011 4.0e-2
runproj limit: 0.762
10110000010000110000100101 4.0e-2
runproj limit: 0.762
01000011000000010100011011 4.0e-2
runproj limit: 0.762
00010010000000010000001000 4.0e-2
runproj limit: 0.762
01110000010001011101000000 4.0e-2
best: 1.0
runproj limit: 0.762
10000001010101010000101100 4.0e-2
runproj limit: 0.762
10010011001111010000101000 4.0e-2
runproj limit: 0.762
00010000000100000000000000 4.5e-2
runproj limit: 0.762
00011000000000111000001100 4.0e-2
runproj limit: 0.762
10100000010000000000101001 4.2e-2
runproj limit: 0.762
01110000010000010000011101 4.0e-2
runproj limit: 0.762
00001010000000010000000000 4.0e-2
runproj limit: 0.762
10000100000011010000101001 4.0e-2
runproj limit: 0.762
10010100000010010000101111 4.0e-2
runproj limit: 0.762
11001100100001010001000010 4.0e-2
runproj limit: 0.762
10000000100110010000000000 4.0e-2
runproj limit: 0.762
10110100010010000100110101 4.0e-2
runproj limit: 0.762
10101011010000011110001100 5.0e-2
runproj limit: 0.762
01000010100000001001011000 4.2e-2
runproj limit: 0.762
10111000100101000000000101 4.0e-2
runproj limit: 0.762
00001000000010011001000000 4.0e-2
runproj limit: 0.762
00110000010000010000001100 4.0e-2
runproj limit: 0.762
00001000000000011000011110 4.2e-2
runproj limit: 0.762
10111000010000110000001100 4.0e-2
runproj limit: 0.762
00010000000000010000000000 4.0e-2
runproj limit: 0.762
10110001010000010000111101 4.0e-2
runproj limit: 0.762
01001011000010010101011010 4.0e-2
best: 1.0
runproj limit: 0.762
00110000010000010000001100 4.0e-2
runproj limit: 0.762
00011010000000010000001100 4.0e-2
runproj limit: 0.762
10000001010101010000101101 4.0e-2
runproj limit: 0.762
00110000010000010000001100 4.0e-2
runproj limit: 0.762
00011000000000111000001000 4.0e-2
runproj limit: 0.762
10000101010011010000101101 4.0e-2
runproj limit: 0.762
10010000010000010000101100 4.0e-2
runproj limit: 0.762
01011001010000110000011010 4.0e-2
runproj limit: 0.762
10000001001011011001100000 4.0e-2
runproj limit: 0.762
00001000000000010100000100 4.5e-2
runproj limit: 0.762
01000100111001010001100001 4.0e-2
runproj limit: 0.762
00110000011001010000011001 4.0e-2
runproj limit: 0.762
10001100001010111110101001 5.0e-2
runproj limit: 0.762
00000110100011010000100011 4.0e-2
runproj limit: 0.762
10100001001111000001101000 4.0e-2
runproj limit: 0.762
10000001010101010000101100 4.0e-2
runproj limit: 0.762
10010011001111010000101000 4.0e-2
runproj limit: 0.762
00011000000000111000001100 4.0e-2
runproj limit: 0.762
01110000010000010000011101 4.0e-2
runproj limit: 0.762
00001010000000010000000000 4.0e-2
runproj limit: 0.762
10000100000011010000101001 4.0e-2
runproj limit: 0.762
10010100000010010000101111 4.0e-2
best: 1.0
runproj limit: 0.762
01011000010000010000011110 4.0e-2
runproj limit: 0.762
00010010000000010000100100 4.0e-2
runproj limit: 0.762
01110000010001010000011101 4.0e-2
runproj limit: 0.762
00110100010000010000111011 4.0e-2
runproj limit: 0.762
10001000010000011000001100 4.0e-2
runproj limit: 0.762
10000101010111010000101100 4.0e-2
runproj limit: 0.762
10010101001111010000101000 4.0e-2
runproj limit: 0.762
00110011000001010000111101 4.0e-2
runproj limit: 0.762
10010000010000010000101100 4.0e-2
runproj limit: 0.762
00100000110011010000101101 4.0e-2
runproj limit: 0.762
10110111000011010010100111 5.0e-2
runproj limit: 0.762
00000100010011001000101001 4.0e-2
runproj limit: 0.762
00110000011100011010001110 5.0e-2
runproj limit: 0.762
11100001001010101001001000 4.0e-2
runproj limit: 0.762
11001100111001001011100001 5.0e-2
runproj limit: 0.762
00110000010000010000001100 4.0e-2
runproj limit: 0.762
00011010000000010000001100 4.0e-2
runproj limit: 0.762
10000001010101010000101101 4.0e-2
runproj limit: 0.762
00011000000000111000001000 4.0e-2
runproj limit: 0.762
10000101010011010000101101 4.0e-2
runproj limit: 0.762
10010000010000010000101100 4.0e-2
runproj limit: 0.762
01011001010000110000011010 4.0e-2
best: 1.0
runproj limit: 0.762
00111000000000010000001100 4.0e-2
runproj limit: 0.762
00010001000001010000111100 4.0e-2
runproj limit: 0.762
00010000010000010000100100 4.0e-2
runproj limit: 0.762
00010100010010011000101001 4.0e-2
runproj limit: 0.762
10000000010101010000111101 4.0e-2
runproj limit: 0.762
10010000010000011000001100 4.0e-2
runproj limit: 0.762
00010000010000011000001000 4.0e-2
runproj limit: 0.762
10001000010000010000101100 4.0e-2
runproj limit: 0.762
01111000010000010000001100 4.0e-2
runproj limit: 0.762
01100000110101010000011101 4.0e-2
runproj limit: 0.762
11011001011010110001011100 4.0e-2
runproj limit: 0.762
10000101010001000110101100 5.0e-2
runproj limit: 0.762
11001010000000000000011011 4.2e-2
runproj limit: 0.762
00011011010100110100001100 4.0e-2
runproj limit: 0.762
00111110101001010101011011 4.0e-2
runproj limit: 0.762
01011000010000010000011110 4.0e-2
runproj limit: 0.762
00010010000000010000100100 4.0e-2
runproj limit: 0.762
01110000010001010000011101 4.0e-2
runproj limit: 0.762
00110100010000010000111011 4.0e-2
runproj limit: 0.762
10001000010000011000001100 4.0e-2
runproj limit: 0.762
10000101010111010000101100 4.0e-2
runproj limit: 0.762
10010101001111010000101000 4.0e-2
best: 1.0
runproj limit: 0.762
00010011010100111100001100 4.0e-2
runproj limit: 0.762
10010101001111010000101000 4.0e-2
runproj limit: 0.762
00101010101101010000011101 4.0e-2
runproj limit: 0.762
01010000010000010000001101 4.0e-2
runproj limit: 0.762
01011000010010011000001000 4.2e-2
runproj limit: 0.762
01111000010100010000011101 4.0e-2
runproj limit: 0.762
10010010001000110001011100 4.0e-2
runproj limit: 0.762
10010000010000011000001100 4.0e-2
runproj limit: 0.762
00111000010000010000000100 4.0e-2
runproj limit: 0.762
00011110101101011100001010 4.0e-2
runproj limit: 0.762
10001101110101011001101010 4.0e-2
runproj limit: 0.762
11001010000101000100111100 4.0e-2
runproj limit: 0.762
10011100100000010100001001 4.0e-2
runproj limit: 0.762
00011000000000001000011100 4.2e-2
runproj limit: 0.762
11100010100101001001110001 4.2e-2
runproj limit: 0.762
00111000000000010000001100 4.2e-2
runproj limit: 0.762
00010001000001010000111100 4.0e-2
runproj limit: 0.762
00010000010000010000100100 4.0e-2
runproj limit: 0.762
00010100010010011000101001 4.0e-2
runproj limit: 0.762
10000000010101010000111101 4.0e-2
runproj limit: 0.762
10010000010000011000001100 4.0e-2
runproj limit: 0.762
00010000010000011000001000 4.5e-2
best: 1.0
runproj limit: 0.762
11001110000101000100001000 4.2e-2
runproj limit: 0.762
00100000000000010000001101 4.0e-2
runproj limit: 0.762
01111000000100010000011101 4.0e-2
runproj limit: 0.762
01010000010001011000111000 4.0e-2
runproj limit: 0.762
01010000010000010000001101 4.0e-2
runproj limit: 0.762
00011110111101111100001110 4.0e-2
runproj limit: 0.762
00001000010100011000101100 4.0e-2
runproj limit: 0.762
01010000010000010000001101 4.0e-2
runproj limit: 0.762
01110000010100010000001100 4.0e-2
runproj limit: 0.762
10110110001001100011011101 5.0e-2
runproj limit: 0.762
00001010101101100101001111 4.2e-2
runproj limit: 0.762
00010010001101101000011100 4.0e-2
runproj limit: 0.762
10000000110001000100000101 4.0e-2
runproj limit: 0.762
00011011100100011100100011 4.0e-2
runproj limit: 0.762
10010101110000010000101000 4.0e-2
runproj limit: 0.762
00010011010100111100001100 4.2e-2
runproj limit: 0.762
10010101001111010000101000 4.0e-2
runproj limit: 0.762
00101010101101010000011101 4.2e-2
runproj limit: 0.762
01010000010000010000001101 4.0e-2
runproj limit: 0.762
01111000010100010000011101 4.0e-2
runproj limit: 0.762
10010010001000110001011100 4.0e-2
runproj limit: 0.762
10010000010000011000001100 4.0e-2
best: 1.0
runproj limit: 0.762
01010000011000110000011101 4.0e-2
runproj limit: 0.762
01010000010000011000111100 4.0e-2
runproj limit: 0.762
01111010111100110000011101 4.0e-2
runproj limit: 0.762
01000000010001011000111000 4.0e-2
runproj limit: 0.762
01010000010000010000101101 4.2e-2
runproj limit: 0.762
00010000010000010000000101 4.0e-2
runproj limit: 0.762
10010101111100010000101000 4.0e-2
runproj limit: 0.762
01010000010001011000111101 4.0e-2
runproj limit: 0.762
00010010001000000000001100 4.2e-2
runproj limit: 0.762
11101000011111010000010001 4.0e-2
runproj limit: 0.762
11010100111110010010000001 5.0e-2
runproj limit: 0.762
00100010000010011100101100 4.0e-2
runproj limit: 0.762
00001010010110111100101101 4.2e-2
runproj limit: 0.762
01111000111100001000010011 4.0e-2
runproj limit: 0.762
11110110101111010000100000 4.0e-2
runproj limit: 0.762
00100000000000010000001101 4.0e-2
runproj limit: 0.762
01111000000100010000011101 4.0e-2
runproj limit: 0.762
01010000010001011000111000 4.0e-2
runproj limit: 0.762
01010000010000010000001101 4.0e-2
runproj limit: 0.762
00011110111101111100001110 4.2e-2
runproj limit: 0.762
00001000010100011000101100 4.0e-2
runproj limit: 0.762
01110000010100010000001100 4.0e-2
best: 1.0
runproj limit: 0.762
01010100011100010000101001 4.0e-2
runproj limit: 0.762
01110000010000011000001100 4.0e-2
runproj limit: 0.762
00010000000000010000001101 4.0e-2
runproj limit: 0.762
11110100101110010000101000 4.0e-2
runproj limit: 0.762
01110000000101011000011001 4.0e-2
runproj limit: 0.762
00111010111101011000001010 4.0e-2
runproj limit: 0.762
01010100010100010000101001 4.0e-2
runproj limit: 0.762
01001100110101111100001010 4.0e-2
runproj limit: 0.762
01010100011000010000111000 4.0e-2
runproj limit: 0.762
01100010010110010100001100 4.0e-2
runproj limit: 0.762
00001010000010111000000101 4.0e-2
runproj limit: 0.762
00010010001101101010001111 5.0e-2
runproj limit: 0.762
01110000010001011000110100 4.0e-2
runproj limit: 0.762
00100010011010000011100011 5.0e-2
runproj limit: 0.762
11001011001100101100011010 4.5e-2
runproj limit: 0.762
01010000011000110000011101 4.0e-2
runproj limit: 0.762
01010000010000011000111100 4.0e-2
runproj limit: 0.762
01111010111100110000011101 4.0e-2
runproj limit: 0.762
01000000010001011000111000 4.0e-2
runproj limit: 0.762
00010000010000010000000101 4.0e-2
runproj limit: 0.762
10010101111100010000101000 4.0e-2
runproj limit: 0.762
01010000010001011000111101 4.0e-2
best: 1.0
done evolving!
"all is well:)"
>>>>>>>>>>>>>>FINISH OPTIMIZATION>>>>>>>>>>>>>>>
1188.32user 229.66system 24:45.44elapsed 95%CPU (0avgtext+0avgdata 108580maxresident)k
1026840inputs+1439040outputs (563major+67212372minor)pagefaults 0swaps
