Optimizing /h/ywang30/nofib/spectral/puzzle
>>>>>>>>>>>>>>>START OPTIMIZATION>>>>>>>>>>>>>>>
pop: 13
gens: 15
arch: 7
limit is: 0.272
runproj limit: 0.272
"All is well :D"
Basetime is: 3.0e-2
runproj limit: 0.272
010000000000000000001000000000000000000000001000000000100000000010100000001001100000000000000000000000 2.8e-2
runproj limit: 0.272
001000000010000000010000000000110000000000000000000000000000000100100000000000000000000000000000000000 3.0e-2
runproj limit: 0.272
000000000001000000100000100110100000000000001100000100001000000000000000000010000010000000000000000100 3.0e-2
runproj limit: 0.272
000000000001000000100000101000000000101001000000000100000000011000000000100000000000000000000000000100 3.0e-2
runproj limit: 0.272
000000000000000000000000010001100000000010010000011000000000000000000000000000000000000001000100010000 2.2e-2
runproj limit: 0.272
000000000000000000000000000000000000000000000000000000000000000000000000000000000000000000000000000000 3.0e-2
runproj limit: 0.272
100000000000000000000000001100010101000010000001000000010000010000001010000000000000010100000000000000 3.0e-2
runproj limit: 0.272
010000000000110000000010000000000000000000000010000001000000101000000000000000000001001100001000010000 3.0e-2
runproj limit: 0.272
000010000000000000000010000010000000000000000000010000010000000010000010010000000000000000010000000000 3.2e-2
runproj limit: 0.272
001000000000000000000000100000000011000010000000000100000000000001000000000000000000000001000000000010 2.8e-2
runproj limit: 0.272
000001000000000010000000000000000000101000000000000000000000101100000000000010000011110000001000000001 2.2e-2
runproj limit: 0.272
000010000000100000000001000000010000000000100000000000000000000001000000100000000000000000000000000001 3.0e-2
runproj limit: 0.272
000000000000000000000000000010000000000000000100000000000000001100011000001001000000000000000001000010 3.0e-2
best: 0.7333333333333333
runproj limit: 0.272
000001000000000000000000000001000000100010000000010000000000001000000000000000000001010001000100000001 2.2e-2
runproj limit: 0.272
000000000001000000000000100110010000000000001100000100000000000000001010000000000000010100000000000100 3.0e-2
runproj limit: 0.272
011000000000000000000000100000000010000010000000000100000000000010000000000001100000000000000000000000 3.0e-2
runproj limit: 0.272
000000000000000000000000100010100000000000000100000100000000000100000000000001000010000000000001000010 3.0e-2
runproj limit: 0.272
101000000000000000010000001100010001000010000000000000000000010000000010000000000000010100000000000000 3.2e-2
runproj limit: 0.272
100000000000000000000000000110010101000000000001000000000000010100001000000000000000000000000001000000 3.0e-2
runproj limit: 0.272
010000000000000010000000000000000000101000000000000001000000101000000000000000000011001000001000010001 2.0e-2
runproj limit: 0.272
100000000000000000000000000100000101000010000001010000000000000000001010000000000000010001000100010000 2.0e-2
runproj limit: 0.272
001000000011110010010001100000010000001000000100010001110010100100101000110001000000001100010000100010 3.0e-2
runproj limit: 0.272
000001000000100101100110010001110111100010000101001000000001000000000000000000000001101011001110010000 7.0e-2
runproj limit: 0.272
010011001100011001110000000101100001001010010100011010010010000000000010001000000010101001010110000110 7.8e-2
runproj limit: 0.272
010001001000100001010010000110001000000000000000110101000100011000000001000000100010010000010100001010 3.0e-2
runproj limit: 0.272
011000010010000011000000000100000010100000000101111111000000101100000001000010000011110100011111100111 7.2e-2
runproj limit: 0.272
000000000000000000000000010001100000000010010000011000000000000000000000000000000000000001000100010000 2.0e-2
runproj limit: 0.272
000001000000000010000000000000000000101000000000000000000000101100000000000010000011110000001000000001 2.2e-2
runproj limit: 0.272
010000000000000000001000000000000000000000001000000000100000000010100000001001100000000000000000000000 2.0e-2
runproj limit: 0.272
001000000000000000000000100000000011000010000000000100000000000001000000000000000000000001000000000010 2.0e-2
runproj limit: 0.272
001000000010000000010000000000110000000000000000000000000000000100100000000000000000000000000000000000 3.0e-2
runproj limit: 0.272
000000000001000000100000100110100000000000001100000100001000000000000000000010000010000000000000000100 3.0e-2
runproj limit: 0.272
000000000001000000100000101000000000101001000000000100000000011000000000100000000000000000000000000100 3.0e-2
best: 0.6666666666666667
runproj limit: 0.272
001000000000000000000000000100000001100000000000000001000000111000000010000000000000011100000000010000 2.0e-2
runproj limit: 0.272
010000001000000000000000000010001000000010010000111001000100010000000001000000100000000000000100001010 2.8e-2
runproj limit: 0.272
000000000000000000000000000010000111000000000001000000000000010000000000000000000000000001000001000000 2.2e-2
runproj limit: 0.272
000000000000000000000000100000000000100000000000000100000000001000000010000010000001010000001000000000 2.5e-2
runproj limit: 0.272
010000000000000000000000010000000000000000000000000000100000000010000000001001100000000001000000010000 2.0e-2
runproj limit: 0.272
001000000000000000000000100010100010000000000100000100000000000001000000000001000010000001000001000010 2.5e-2
runproj limit: 0.272
000000000011010000010000100001010000001010000000010001110000001100100000000001000000010000010100000001 3.0e-2
runproj limit: 0.272
000000000000100001000000010001110000101000000100001001000000000000000000000000000001001001001110010001 6.0e-2
runproj limit: 0.272
001000000000001000010100110000100011000110111001100100010010000001000011010110110000001001000000100011 2.0e-2
runproj limit: 0.272
000100000001000001001000010101110000001010010110011000100010011001010001010000010100010001000110100100 6.0e-2
runproj limit: 0.272
110100000001011110001000000001100000100100010010010011011100000010101001000000011010100010001100000001 2.0e-2
runproj limit: 0.272
011101001101010111011010100110001111101000010100100100001100001000000011100000100001000000010111010110 9.0e-2
runproj limit: 0.272
000101000000010110000110000010000110110011000000011010001000000100010100011001100100000000000110011011 9.0e-2
runproj limit: 0.272
010000000000000010000000000000000000101000000000000001000000101000000000000000000011001000001000010001 2.0e-2
runproj limit: 0.272
100000000000000000000000000100000101000010000001010000000000000000001010000000000000010001000100010000 2.0e-2
runproj limit: 0.272
000000000000000000000000010001100000000010010000011000000000000000000000000000000000000001000100010000 2.0e-2
runproj limit: 0.272
010000000000000000001000000000000000000000001000000000100000000010100000001001100000000000000000000000 2.0e-2
runproj limit: 0.272
001000000000000000000000100000000011000010000000000100000000000001000000000000000000000001000000000010 2.0e-2
runproj limit: 0.272
000001000000000000000000000001000000100010000000010000000000001000000000000000000001010001000100000001 2.0e-2
runproj limit: 0.272
000001000000000010000000000000000000101000000000000000000000101100000000000010000011110000001000000001 3.0e-2
best: 0.6666666666666667
runproj limit: 0.272
100000000000001000010000110000000101000110001001100000010010000000001010000000010000001001000100100011 2.0e-2
runproj limit: 0.272
000000000000000000000000000000000000100000000000000000000000001100000010000010000011110000001000000001 2.5e-2
runproj limit: 0.272
000000000000000000000000000000000101100010000000010000000000001000001000000000000001010001000100000000 2.0e-2
runproj limit: 0.272
010000000000000000001000000000000100000000001000000000100000010000100000001000100000000000000001000000 2.2e-2
runproj limit: 0.272
010100000000010100001000000000100000100100010010010011110100000010100001000001111010000000001100000001 2.2e-2
runproj limit: 0.272
101000000000000000000000000010100001000000000000010100000000000001001010000001000000010001000101010000 2.2e-2
runproj limit: 0.272
001000000000000000000000110000100010000110110001010000000010000001000011000000110000000001000100100011 2.0e-2
runproj limit: 0.272
000000000000000000000000010000000011000000000000000100000000000010000000000001000000000001000000000010 2.0e-2
runproj limit: 0.272
001000000000000000000000101000001011000011000000000100001010100101000001001000111101101000100000111000 2.0e-2
runproj limit: 0.272
011010000000100000000100000010000011101010010000000001011000011010010110001100000010111100101010011101 8.2e-2
runproj limit: 0.272
011000000100010111000000000010000111100000010001100110100100010100001101000010101000110101000001001000 2.0e-2
runproj limit: 0.272
110000010001011010001110011001110000000000010110010111011101000110101001010100101010100011001000000101 2.0e-2
runproj limit: 0.272
000100000100110100000001000010000101101000000100001001010000001011000000000000010001011011001110010101 6.8e-2
runproj limit: 0.272
001000000000000000000000000100000001100000000000000001000000111000000010000000000000011100000000010000 2.2e-2
runproj limit: 0.272
010000000000000000000000010000000000000000000000000000100000000010000000001001100000000001000000010000 2.2e-2
runproj limit: 0.272
001000000000001000010100110000100011000110111001100100010010000001000011010110110000001001000000100011 2.0e-2
runproj limit: 0.272
110100000001011110001000000001100000100100010010010011011100000010101001000000011010100010001100000001 2.0e-2
runproj limit: 0.272
010000000000000010000000000000000000101000000000000001000000101000000000000000000011001000001000010001 2.2e-2
runproj limit: 0.272
100000000000000000000000000100000101000010000001010000000000000000001010000000000000010001000100010000 2.5e-2
runproj limit: 0.272
000000000000000000000000010001100000000010010000011000000000000000000000000000000000000001000100010000 2.0e-2
best: 0.6666666666666667
runproj limit: 0.272
010100000000000100011000000000100000000100111011110000010000000010100011010110111000001001000000100011 2.0e-2
runproj limit: 0.272
000000000000000000000000010000100000000110110001011000000000000000000001000000110000000001000100000011 2.0e-2
runproj limit: 0.272
001000000000000000010100010100100001000010001001000101000000000001000011010000110000011101000000000000 2.2e-2
runproj limit: 0.272
000100000000000000001000010001100000100100010000010001000100000010100000000000011000100010000100000001 2.0e-2
runproj limit: 0.272
001000000000000000000000101000001011000001000000000100000000000011000001000001011100100001100000010010 2.0e-2
runproj limit: 0.272
010000000000000000000000110000100010000000110001010000000010000011000001000000110000000001000100010011 2.0e-2
runproj limit: 0.272
100000000000001000000100011001100001000010010011000011011110000110101001010100001000100001000000000101 2.0e-2
runproj limit: 0.272
000000000000001100000000000001000000100100000000010010010100000010101011000000011011110010001000000001 2.0e-2
runproj limit: 0.272
101000100010010000100100100000101111000100001001100000000001011000001010001100000101011011100100100011 2.0e-2
runproj limit: 0.272
010100000100000100000100110000100010100110110101100010110011100001010000000000110101010000110100000111 2.0e-2
runproj limit: 0.272
011010010100010111001011010010000111100000010001100011100100001110111101001010101010100001000011011000 7.0e-2
runproj limit: 0.272
100000010011000010001000100010000101100110000000001000000100000000001001100000101001001001000100100011 2.0e-2
runproj limit: 0.272
110000000000001001011110111000001101100010101001101101011011000000001010001000111100001101001110100011 6.0e-2
runproj limit: 0.272
100000000000001000010000110000000101000110001001100000010010000000001010000000010000001001000100100011 2.0e-2
runproj limit: 0.272
000000000000000000000000000000000101100010000000010000000000001000001000000000000001010001000100000000 2.0e-2
runproj limit: 0.272
001000000000000000000000110000100010000110110001010000000010000001000011000000110000000001000100100011 2.0e-2
runproj limit: 0.272
000000000000000000000000010000000011000000000000000100000000000010000000000001000000000001000000000010 2.2e-2
runproj limit: 0.272
001000000000000000000000101000001011000011000000000100001010100101000001001000111101101000100000111000 2.0e-2
runproj limit: 0.272
011000000100010111000000000010000111100000010001100110100100010100001101000010101000110101000001001000 2.2e-2
runproj limit: 0.272
110000010001011010001110011001110000000000010110010111011101000110101001010100101010100011001000000101 2.0e-2
best: 0.6666666666666667
runproj limit: 0.272
110100000001000010000000110000000101100110000101100000110101100001000000000000110101010001100100100011 2.0e-2
runproj limit: 0.272
000000000000001100000000101000001011000001000000010000010100000011001011000001011000110001000000000001 2.0e-2
runproj limit: 0.272
100000010000011010001010011000010100100000000010010010000001001100001000000100000011110001000000000000 2.0e-2
runproj limit: 0.272
011000000000000000000000111000001010000001110001010100000010100111000001000000111101101000000100011000 2.8e-2
runproj limit: 0.272
010000000000000000000000110000100010000000110001010000000010000011000001000000110000000001000100010011 2.0e-2
runproj limit: 0.272
010000000000001000000000100001000010100000010001010010000010000011101011000000011001010011001000000011 2.0e-2
runproj limit: 0.272
110000000000001100010000001000100000000010111011100011010010000010100001010100101000000001000000000001 2.2e-2
runproj limit: 0.272
010000010000000000000000110000100000100110100001000000000000000010000001000000100001000001000100100011 2.0e-2
runproj limit: 0.272
010000000100110111010100100010010111100000010011110000101100110100011111010010101010111101000001000000 2.0e-2
runproj limit: 0.272
001101010011000010000000100000110101000100011000001110110101000101000000000001101001001101000100100011 2.0e-2
runproj limit: 0.272
011001101010100010100100000010100110010101001100100100001010100001100011011100000111011011100100110000 2.0e-2
runproj limit: 0.272
000100001000101000000000000101101011100100000100010010011001010011111011101000011111110001010000011101 2.0e-2
runproj limit: 0.272
000001000000100001000100000011111100101100001001000110100100010110001101010010011001111010001101000100 2.0e-2
runproj limit: 0.272
010100000000000100011000000000100000000100111011110000010000000010100011010110111000001001000000100011 2.0e-2
runproj limit: 0.272
000000000000000000000000010000100000000110110001011000000000000000000001000000110000000001000100000011 2.0e-2
runproj limit: 0.272
000100000000000000001000010001100000100100010000010001000100000010100000000000011000100010000100000001 2.2e-2
runproj limit: 0.272
001000000000000000000000101000001011000001000000000100000000000011000001000001011100100001100000010010 2.0e-2
runproj limit: 0.272
010000000000000000000000110000100010000000110001010000000010000011000001000000110000000001000100010011 2.0e-2
runproj limit: 0.272
100000000000001000000100011001100001000010010011000011011110000110101001010100001000100001000000000101 2.0e-2
runproj limit: 0.272
000000000000001100000000000001000000100100000000010010010100000010101011000000011011110010001000000001 2.0e-2
best: 0.6666666666666667
runproj limit: 0.272
001000101000100010100000100010100111010101001100000100000000100011100001010100010111100001100100110010 2.0e-2
runproj limit: 0.272
001000000000100001000100100001111100000000001000000100000100010110001001010010011000110010100101010100 2.0e-2
runproj limit: 0.272
011001110010111010000010011000000100100100001010000000001001100100001011011100000011110001100100100000 2.0e-2
runproj limit: 0.272
000000000000001000000100100001100010101100011001010110000100010110001101010010011001110011001101000001 2.0e-2
runproj limit: 0.272
000100000001001100000000101000001011000001000100100000110100100011001011000000110000110001100000100011 2.0e-2
runproj limit: 0.272
000000000000000000000000100000001001000001010001011000000000000000000011000001111000000001000000000011 2.0e-2
runproj limit: 0.272
010000000000000010000000110000100001100110010101111000010101100000000000000000110001010001000100100011 2.0e-2
runproj limit: 0.272
010000010000000000000000110000100000100100110001000000000000000010000001000000100000000001000100010011 2.0e-2
runproj limit: 0.272
100001000001111000001000101100000111110011110100100000100101101001010000000110010101011100101110100011 7.8e-2
runproj limit: 0.272
011111110001011001100000001101101001000101011010000010001111010111101010100011001111111101000010011101 7.2e-2
runproj limit: 0.272
010110000100110110010101100000010111100100011111010101101101110101011100010010100110111110000011000000 9.0e-2
runproj limit: 0.272
100010000110001100001000011010000111000001111000110001010111000010010000100011001100110111101000000010 2.0e-2
runproj limit: 0.272
010000010010010000000101101100100001000100101011001010000000011010000001001101110010010000010110000011 9.5e-2
runproj limit: 0.272
110100000001000010000000110000000101100110000101100000110101100001000000000000110101010001100100100011 2.0e-2
runproj limit: 0.272
000000000000001100000000101000001011000001000000010000010100000011001011000001011000110001000000000001 2.5e-2
runproj limit: 0.272
100000010000011010001010011000010100100000000010010010000001001100001000000100000011110001000000000000 2.0e-2
runproj limit: 0.272
010000000000000000000000110000100010000000110001010000000010000011000001000000110000000001000100010011 2.5e-2
runproj limit: 0.272
010000000000001000000000100001000010100000010001010010000010000011101011000000011001010011001000000011 2.0e-2
runproj limit: 0.272
010000010000000000000000110000100000100110100001000000000000000010000001000000100001000001000100100011 2.0e-2
runproj limit: 0.272
010000000100110111010100100010010111100000010011110000101100110100011111010010101010111101000001000000 2.0e-2
best: 0.6666666666666667
runproj limit: 0.272
010000000000000000000000100000100010100000010001010000000010000011000001000000110001010001000100010011 2.0e-2
runproj limit: 0.272
100010000001001100000000111010001111000001111000100000010100000011010000100011100000110011100000000011 2.0e-2
runproj limit: 0.272
010100000001001100000000100000001101000111000100100000110100100001000000000000110101110001100100100011 2.0e-2
runproj limit: 0.272
011010110000001000000000011101100000000110011001000000001000010111001011000011100111011101000100001111 2.0e-2
runproj limit: 0.272
000000000000001100000100100000001011100001000001010000000100000110001101000011011000110001000001000001 2.0e-2
runproj limit: 0.272
000010010000001100001000010000100110100101111000100000000100000010010001000010101000010011000100000011 2.0e-2
runproj limit: 0.272
011010100001101001100000000101101011000101001110000110000110110111100011000010000111100101100010111100 9.0e-2
runproj limit: 0.272
001000110000111100000010101000001010100000000110100000011001100001001011000100100011110001100100100000 2.0e-2
runproj limit: 0.272
000011000001000000000100111000001111000111010001011110010001010100110010000011011100000111100000010011 2.0e-2
runproj limit: 0.272
111000000000001001011100001001100010100101011011010110101100010111000100010000011001110101001101101011 2.0e-2
runproj limit: 0.272
111001001000000000000000111100100101110011011101111001011001000010000101010101110000010101011100010001 2.0e-2
runproj limit: 0.272
001000110000011000100110101111100010111100010111010011001010010010000101010110011101011111000101000111 2.0e-2
runproj limit: 0.272
000001000101111110001000100101100111110010110010100010101101111001011001001110001101011101001111100011 6.0e-2
runproj limit: 0.272
001000101000100010100000100010100111010101001100000100000000100011100001010100010111100001100100110010 2.0e-2
runproj limit: 0.272
001000000000100001000100100001111100000000001000000100000100010110001001010010011000110010100101010100 2.0e-2
runproj limit: 0.272
011001110010111010000010011000000100100100001010000000001001100100001011011100000011110001100100100000 2.0e-2
runproj limit: 0.272
000000000000001000000100100001100010101100011001010110000100010110001101010010011001110011001101000001 2.0e-2
runproj limit: 0.272
000100000001001100000000101000001011000001000100100000110100100011001011000000110000110001100000100011 2.0e-2
runproj limit: 0.272
000000000000000000000000100000001001000001010001011000000000000000000011000001111000000001000000000011 2.2e-2
runproj limit: 0.272
010000000000000010000000110000100001100110010101111000010101100000000000000000110001010001000100100011 2.0e-2
best: 0.6666666666666667
runproj limit: 0.272
000000000000001100000100100000001011100001000001110000100100100110001011000000010000110001000001100011 2.0e-2
runproj limit: 0.272
001000110000001100100100100111101011110001000001010010001110000110001101000111011001010001000001000011 2.0e-2
runproj limit: 0.272
000000110000001000100110100001100010111100011101010011001000010010000101010010011001011111001101000011 2.0e-2
runproj limit: 0.272
110010100001001000000000011000101000000101111001100000000000010011000010100011100010110011100100000011 2.0e-2
runproj limit: 0.272
000100000000101100000000100000101100000000000000100000000100010111001001000010111000110010100100110111 2.0e-2
runproj limit: 0.272
000000000001101100000000100001100110100000110010000000101101110011001001000000011101011001001110100011 6.2e-2
runproj limit: 0.272
000000000000000000000100101000111101000101000001011110010000010100000011000010011000110111100100010110 2.0e-2
runproj limit: 0.272
111001011000010000000000111101100101110010010101011011001001000010000101010100010001011101001101000111 2.0e-2
runproj limit: 0.272
101010010000010101000000000011111100001000001111000101000100010101001011111111001000110010110110000110 0.11
runproj limit: 0.272
111000100000010001011100000010000010100111001110010110101110010101101100100000011011110101101101101001 2.0e-2
runproj limit: 0.272
010000001000001100000000100111011101000110000100000100111100000001000000011010001110110001111100000110 2.0e-2
runproj limit: 0.272
110000000010100010010001010101110111101110100101101001010101101000100001001100010001011001100100100001 2.0e-2
runproj limit: 0.272
100010000001101001100000100100000110101000110001101011110001100011110000110011100000110011100001000011 2.0e-2
runproj limit: 0.272
010000000000000000000000100000100010100000010001010000000010000011000001000000110001010001000100010011 2.0e-2
runproj limit: 0.272
100010000001001100000000111010001111000001111000100000010100000011010000100011100000110011100000000011 2.0e-2
runproj limit: 0.272
010100000001001100000000100000001101000111000100100000110100100001000000000000110101110001100100100011 2.0e-2
runproj limit: 0.272
011010110000001000000000011101100000000110011001000000001000010111001011000011100111011101000100001111 2.0e-2
runproj limit: 0.272
000000000000001100000100100000001011100001000001010000000100000110001101000011011000110001000001000001 2.0e-2
runproj limit: 0.272
000010010000001100001000010000100110100101111000100000000100000010010001000010101000010011000100000011 2.0e-2
runproj limit: 0.272
001000110000111100000010101000001010100000000110100000011001100001001011000100100011110001100100100000 2.0e-2
best: 0.6666666666666667
runproj limit: 0.272
001001110000010000100000110101100110111110010101010011001000000010000101010100010001011101001101000011 2.0e-2
runproj limit: 0.272
001100000000111100000000100000101010000000000000100000001101010101001001000000110010110000100100110000 2.0e-2
runproj limit: 0.272
100000000000001100100100100000001011101000100001110010100101100111000001110001000000110011100001000011 2.0e-2
runproj limit: 0.272
100000000000000110010100000101111011101010100101001001000100101010101001001010011001110001100100000001 2.0e-2
runproj limit: 0.272
100010000001001100000000001010111110001000001001000001010100000101000011111011100000110011100000000010 2.0e-2
runproj limit: 0.272
000000000000001100000100101000011111000101000001010010000000010100001111000011011000110001000001000110 2.0e-2
runproj limit: 0.272
000100000000101100000000100000101100000000000000100000000100010111001001000010111000110010100100110111 2.0e-2
runproj limit: 0.272
110010000010001110010001010101110111100110110001101000010101100010000001001000000000010001000100100011 2.0e-2
runproj limit: 0.272
110010010000000100101110010100110000100111000011001100000110000011110111100110100100010000001000100011 2.0e-2
runproj limit: 0.272
110001100000011011101110000110000110000111001110011110111010010000101111100000001111010100001001111011 2.0e-2
runproj limit: 0.272
011000001001001110010100111010001101000100010110001100011111011001001000001000000111110100110110011101 0.118
runproj limit: 0.272
000010001110001110010000001000010001001001000100100000001101011111000011010100100101101010100110100111 0.1
runproj limit: 0.272
101010000100010100011100010010010111000111100110011010101001011001101100110010010000100101111100011011 2.0e-2
runproj limit: 0.272
000000000000001100000100100000001011100001000001110000100100100110001011000000010000110001000001100011 2.0e-2
runproj limit: 0.272
001000110000001100100100100111101011110001000001010010001110000110001101000111011001010001000001000011 2.0e-2
runproj limit: 0.272
000000110000001000100110100001100010111100011101010011001000010010000101010010011001011111001101000011 2.0e-2
runproj limit: 0.272
110010100001001000000000011000101000000101111001100000000000010011000010100011100010110011100100000011 2.0e-2
runproj limit: 0.272
000100000000101100000000100000101100000000000000100000000100010111001001000010111000110010100100110111 2.2e-2
runproj limit: 0.272
000000000000000000000100101000111101000101000001011110010000010100000011000010011000110111100100010110 2.0e-2
runproj limit: 0.272
111001011000010000000000111101100101110010010101011011001001000010000101010100010001011101001101000111 2.0e-2
best: 0.6666666666666667
runproj limit: 0.272
110010000000001100000000101000111111000101100001000000000000010000000011000011011010110001100000000010 2.0e-2
runproj limit: 0.272
010001001000000100000000110101100101110010000101110000001101100010000011000000010000010101000101100111 2.2e-2
runproj limit: 0.272
101010100001001100000100001111101111010000000001010001010110000100001011011011010000110011000001000011 2.0e-2
runproj limit: 0.272
000000000000001000000100100000111101000001000001111010100000000100001011000000010000110111000001100011 2.0e-2
runproj limit: 0.272
110000000000111010100010000110100110000010001010111100011001010101101011100000000011010100000100111010 3.0e-2
runproj limit: 0.272
010010000000001100000110010000111011100101000001100100100100000011001011100000100000110000001001100011 2.8e-2
runproj limit: 0.272
100000000001001110000100011001101000000000111001100000000100100011001011001010000010110011100100000011 2.0e-2
runproj limit: 0.272
001000111000011100000000100111100011110011010001011011001010000110001101000111011001010101000001000011 2.2e-2
runproj limit: 0.272
000000110101001101101000100010001001110101101001010110001010000010111101000011111001000001000001010001 2.0e-2
runproj limit: 0.272
101100011010000000000100100000101100111001011000110001100000010111001011011110010010110110101101110111 2.0e-2
runproj limit: 0.272
000000110000000100000000100110010010100111011111000001011001111110000100110100011001011111001101001011 2.0e-2
runproj limit: 0.272
001000110000000101110010000000000011111100001001000011001010010000000101010000011001111011111101010011 2.0e-2
runproj limit: 0.272
010010000011011000000001010001010111000111110101000110010101111000110111001000010000101001010000100101 2.0e-2
runproj limit: 0.272
001001110000010000100000110101100110111110010101010011001000000010000101010100010001011101001101000011 2.0e-2
runproj limit: 0.272
001100000000111100000000100000101010000000000000100000001101010101001001000000110010110000100100110000 2.0e-2
runproj limit: 0.272
100000000000001100100100100000001011101000100001110010100101100111000001110001000000110011100001000011 2.0e-2
runproj limit: 0.272
100000000000000110010100000101111011101010100101001001000100101010101001001010011001110001100100000001 2.0e-2
runproj limit: 0.272
100010000001001100000000001010111110001000001001000001010100000101000011111011100000110011100000000010 2.0e-2
runproj limit: 0.272
000000000000001100000100101000011111000101000001010010000000010100001111000011011000110001000001000110 2.8e-2
runproj limit: 0.272
000100000000101100000000100000101100000000000000100000000100010111001001000010111000110010100100110111 2.0e-2
best: 0.6666666666666667
runproj limit: 0.272
000100000000101100000000100000101000000000000000100000000100010111001001000010111000110000100100110000 2.0e-2
runproj limit: 0.272
000010000000111000000000100001001101000110010000100100010101111011100101001010010000100011010100110111 2.0e-2
runproj limit: 0.272
000000110001001101100000001010001000101101001001000011010010000010010001011011100001000001000000010000 2.0e-2
runproj limit: 0.272
000000110000000001000100100000111101001101001001011010000010000000001111000000010000110111000101010011 2.2e-2
runproj limit: 0.272
001010000001001100000100101010111111010100000001010010010100000100001011010011010000110011000001000110 2.0e-2
runproj limit: 0.272
010000010000011000000001110110010110000111011101000100010101111100000101100100011001011111000000000101 2.2e-2
runproj limit: 0.272
100000010001001100000000100010011010101101001101000001011101010101000100110011110000010011001100000010 2.2e-2
runproj limit: 0.272
010000000011011000000001110000010111000101100101011010110101111000100011001000010000111111000000100101 2.0e-2
runproj limit: 0.272
100000000100000011100100100100001001000110101000010010000010101101101101110001110000111011101101000011 2.0e-2
runproj limit: 0.272
000011110000001101110100001010101101100100010111110010001100011101101110001110010001110000000001001110 2.8e-2
runproj limit: 0.272
111000010100111100000011100100101111010000011001001111000010101011000100100101011101001001101001010001 2.0e-2
runproj limit: 0.272
100001111110101101001011101110011100000100011000010110001000100010101101100010010001110001000001110001 2.0e-2
runproj limit: 0.272
000100100000001111001000111110011100100010000000101000110001100111111010110011111010110011100100000110 2.0e-2
runproj limit: 0.272
110010000000001100000000101000111111000101100001000000000000010000000011000011011010110001100000000010 2.0e-2
runproj limit: 0.272
101010100001001100000100001111101111010000000001010001010110000100001011011011010000110011000001000011 2.2e-2
runproj limit: 0.272
000000000000001000000100100000111101000001000001111010100000000100001011000000010000110111000001100011 2.0e-2
runproj limit: 0.272
100000000001001110000100011001101000000000111001100000000100100011001011001010000010110011100100000011 2.0e-2
runproj limit: 0.272
000000110101001101101000100010001001110101101001010110001010000010111101000011111001000001000001010001 2.0e-2
runproj limit: 0.272
101100011010000000000100100000101100111001011000110001100000010111001011011110010010110110101101110111 2.0e-2
runproj limit: 0.272
000000110000000100000000100110010010100111011111000001011001111110000100110100011001011111001101001011 2.0e-2
best: 0.6666666666666667
runproj limit: 0.272
001010000001001100000100001010101111010000000001010010010110000100001011011011010000110011000001000110 2.0e-2
runproj limit: 0.272
100001111110101101001011101110011100000100011000010110001000100010101101100010010001110001000001110001 2.0e-2
runproj limit: 0.272
000001110100101111001000111110011100000110000000001110100000100011101100110010011001110001100101100010 2.0e-2
runproj limit: 0.272
100000110000001000000100000001111001000100101001000000000010100001001011000010010000110011100100010011 2.0e-2
runproj limit: 0.272
000100100101001100101000100000101001100000100001100000001100010111001001000011111001000001100000010001 2.0e-2
runproj limit: 0.272
101000000000101100000001100100101101010000000001001110000000001011001110100000010101110101001001110011 2.0e-2
runproj limit: 0.272
100000100010101101000000100110111100000000000000010110000100000010001001000010110000110000000000110001 2.5e-2
runproj limit: 0.272
010010100000001100000000101110110010100111000011000000001001011010000110010011011001111001100001000011 2.0e-2
runproj limit: 0.272
101110011001001100111000100010001000110100111101011110101011000010111111001001110101010001011111010001 6.7e-2
runproj limit: 0.272
000100111010001101100000001010100100001101001111100001010010100110010001010011000001100011001100110010 2.0e-2
runproj limit: 0.272
101000111010100001000100100000111110011001111000111001100100110111101011000110010011111111001100110100 2.0e-2
runproj limit: 0.272
000000100101100000001110110000101101010000001101011010000000011101101011010001010001100111000001100011 2.0e-2
runproj limit: 0.272
000000110001011011100100010000011101001001001101101110000011100000110111000000011011010111111100100101 2.0e-2
runproj limit: 0.272
000100000000101100000000100000101000000000000000100000000100010111001001000010111000110000100100110000 2.0e-2
runproj limit: 0.272
000010000000111000000000100001001101000110010000100100010101111011100101001010010000100011010100110111 2.0e-2
runproj limit: 0.272
000000110001001101100000001010001000101101001001000011010010000010010001011011100001000001000000010000 2.0e-2
runproj limit: 0.272
001010000001001100000100101010111111010100000001010010010100000100001011010011010000110011000001000110 2.0e-2
runproj limit: 0.272
010000000011011000000001110000010111000101100101011010110101111000100011001000010000111111000000100101 2.0e-2
runproj limit: 0.272
100000000100000011100100100100001001000110101000010010000010101101101101110001110000111011101101000011 2.0e-2
runproj limit: 0.272
111000010100111100000011100100101111010000011001001111000010101011000100100101011101001001101001010001 2.0e-2
best: 0.6666666666666667
runproj limit: 0.272
001000100001001100000110111000111101010000001001010010010000011101001011010001010000110011000001000110 2.0e-2
runproj limit: 0.272
000100111010001101100000001010100100001101001111100001010010100110010001010011000001100011001100110010 2.0e-2
runproj limit: 0.272
000100111110001101000001101010011100000101001101010010000010100110010101100010010001100001001001110000 2.0e-2
runproj limit: 0.272
100000110000001001000000001001011000000101101001000010000010100000000011000010100001100011100100010000 2.0e-2
runproj limit: 0.272
000010100001011110100100010000111101010000000001100010000011100000000111010010011011010011100101100100 2.0e-2
runproj limit: 0.272
000001111110101101100011001010011100000101001101100010000010100110101001010011000001100001000100110000 2.0e-2
runproj limit: 0.272
100000100001001100100000001100101000110101000001000010000000000010001011111001000101000001000000010001 2.0e-2
runproj limit: 0.272
000000100001001000100100000000001001101001001101100010001101100000110111000000111001010111101000110001 2.0e-2
runproj limit: 0.272
111011000000100110100111000000110101010000000011011111010010000011000110101001000101111111101000110010 2.0e-2
runproj limit: 0.272
000010100101100010000110110000101101010000101101011010000110011101100000010101011001100111000001100001 2.0e-2
runproj limit: 0.272
100001000100111011000111101111010001000110101010011010010000101001011101110011110111111001101111110110 8.2e-2
runproj limit: 0.272
001000010101001011110101000000011001011000011000010010001010000101111111110001100000111011111111001001 8.0e-2
runproj limit: 0.272
101011000111000100000010001100111101110111110001110011111100111110000011011010010010100011001000000110 2.0e-2
runproj limit: 0.272
001010000001001100000100001010101111010000000001010010010110000100001011011011010000110011000001000110 2.0e-2
runproj limit: 0.272
100001111110101101001011101110011100000100011000010110001000100010101101100010010001110001000001110001 2.0e-2
runproj limit: 0.272
000001110100101111001000111110011100000110000000001110100000100011101100110010011001110001100101100010 2.0e-2
runproj limit: 0.272
100000110000001000000100000001111001000100101001000000000010100001001011000010010000110011100100010011 2.0e-2
runproj limit: 0.272
000100100101001100101000100000101001100000100001100000001100010111001001000011111001000001100000010001 2.0e-2
runproj limit: 0.272
101000000000101100000001100100101101010000000001001110000000001011001110100000010101110101001001110011 2.0e-2
runproj limit: 0.272
010010100000001100000000101110110010100111000011000000001001011010000110010011011001111001100001000011 2.0e-2
best: 0.6666666666666667
runproj limit: 0.272
100000000000100010100100001001110000010100101001010111000010100001000111100001100101100111101000010010 2.0e-2
runproj limit: 0.272
000000111110001101000011001010011100000101001101100010000010100110110001100011010001100001001001110000 2.0e-2
runproj limit: 0.272
000110100001001101000000001010001100010100001001010010000010100110011011101011010001110011000001010100 2.2e-2
runproj limit: 0.272
000000100101001010000000001000101100110101100001000010000000000011101000011001010101100011000001100001 2.0e-2
runproj limit: 0.272
000010100000001100000110111010111011000010000011000010011000011101001011010011011000110011100001000110 2.0e-2
runproj limit: 0.272
011010000000101110000101000000101101010000000001010011010110000010000010011001010001111011100000100110 2.0e-2
runproj limit: 0.272
001010000000010110100100000000110101010000000001111011000010100011000111100011011101011111100001110010 1.7e-2
runproj limit: 0.272
000100110101101111101000110010001100100100000000000100001100010011001101000011111001110001100101010010 2.0e-2
runproj limit: 0.272
001100111110101101100111100011011100000111111101101010010010000110101111010101010010100111011010100000 7.8e-2
runproj limit: 0.272
000000010100111001000100011001111000010100101010100010000110100101001011000010010010101111000011110011 7.3e-2
runproj limit: 0.272
110001001000100110101111010100110101111100010011010111000011001011000100100011000100011111110000110000 1.7e-2
runproj limit: 0.272
101001110001101000101100010010111100010010101001000110100111101001111111011000010000111111001101000011 2.0e-2
runproj limit: 0.272
010100000011010010101000011000101010110000010001000010000010000110000010000011110001110000000001011011 2.0e-2
runproj limit: 0.272
001000100001001100000110111000111101010000001001010010010000011101001011010001010000110011000001000110 2.2e-2
runproj limit: 0.272
000100111010001101100000001010100100001101001111100001010010100110010001010011000001100011001100110010 2.0e-2
runproj limit: 0.272
000100111110001101000001101010011100000101001101010010000010100110010101100010010001100001001001110000 2.0e-2
runproj limit: 0.272
100000110000001001000000001001011000000101101001000010000010100000000011000010100001100011100100010000 2.0e-2
runproj limit: 0.272
000010100001011110100100010000111101010000000001100010000011100000000111010010011011010011100101100100 2.0e-2
runproj limit: 0.272
000001111110101101100011001010011100000101001101100010000010100110101001010011000001100001000100110000 2.0e-2
runproj limit: 0.272
100000100001001100100000001100101000110101000001000010000000000010001011111001000101000001000000010001 2.0e-2
best: 0.5666666666666668
done evolving!
"all is well:)"
>>>>>>>>>>>>>>FINISH OPTIMIZATION>>>>>>>>>>>>>>>
1032.34user 332.77system 40:50.25elapsed 55%CPU (0avgtext+0avgdata 105224maxresident)k
1082424inputs+1548432outputs (590major+69824601minor)pagefaults 0swaps
