warning: dubious GC time results for treejoin: [0.24,0.18,0.18,0.17]
warning: dubious GC time results for treejoin: [0.24,0.18,0.18,0.17]
warning: dubious run time results for treejoin: [0.28,0.27,0.3,0.39]
warning: dubious GC time results for treejoin: [0.17,0.17,0.19,0.24]
warning: dubious run time results for treejoin: [0.28,0.27,0.3,0.39]
warning: dubious GC time results for treejoin: [0.17,0.17,0.19,0.24]
warning: dubious run time results for treejoin: [0.29000002,0.28,0.3,0.39999998]
warning: dubious GC time results for treejoin: [0.18,0.17,0.19,0.24]
warning: dubious run time results for treejoin: [0.29000002,0.28,0.3,0.39999998]
warning: dubious GC time results for treejoin: [0.18,0.17,0.19,0.24]
warning: dubious run time results for treejoin: [0.29000002,0.25,0.46,0.39]
warning: dubious GC time results for treejoin: [0.18,0.16,0.28,0.24]
warning: dubious run time results for treejoin: [0.29000002,0.25,0.46,0.39]
warning: dubious GC time results for treejoin: [0.18,0.16,0.28,0.24]
warning: dubious run time results for treejoin: [0.32,0.21000001,0.22999999,0.21000001]
warning: dubious run time results for treejoin: [0.32,0.21000001,0.22999999,0.21000001]
warning: dubious run time results for treejoin: [0.37,0.26999998,0.25,0.25]
warning: dubious GC time results for treejoin: [0.22,0.16,0.15,0.15]
warning: dubious run time results for treejoin: [0.37,0.26999998,0.25,0.25]
warning: dubious GC time results for treejoin: [0.22,0.16,0.15,0.15]
warning: dubious run time results for treejoin: [0.42000002,0.31,0.26,0.27]
warning: dubious GC time results for treejoin: [0.25,0.19,0.16,0.17]
warning: dubious run time results for treejoin: [0.42000002,0.31,0.26,0.27]
warning: dubious GC time results for treejoin: [0.25,0.19,0.16,0.17]
warning: dubious run time results for treejoin: [0.28,0.29000002,0.41,0.5]
warning: dubious GC time results for treejoin: [0.17,0.18,0.26,0.31]
warning: dubious run time results for treejoin: [0.28,0.29000002,0.41,0.5]
warning: dubious GC time results for treejoin: [0.17,0.18,0.26,0.31]
Optimizing /h/ywang30/nofib/spectral/treejoin
>>>>>>>>>>>>>>>START OPTIMIZATION>>>>>>>>>>>>>>>
pop: 13
gens: 15
arch: 7
limit is: 0.267
runproj limit: 0.267
"All is well :D"
Basetime is: 0.162
runproj limit: 0.267
0100000000000000000010000000000000000000000010000000001000000000101000000010011000000000000000000000000000000100000000 0.178
runproj limit: 0.267
0010000000100000000100000000001100000000000000000000000000000001001000000000000000000000000000000000000000100000001000 0.195
runproj limit: 0.267
0000000000010000001000001001101000000000000011000001000010000000000000000000100000100000000000000001000000100001000100 0.193
runproj limit: 0.267
"timed out"
0000000000010000001000001010000000001010010000000001000000000110000000001000000000000000000000000001000001000000000000 0.324
runproj limit: 0.267
0000000000000000000000000100011000000000100100000110000000000000000000000000000000000000010001000100000000000000000000 0.185
runproj limit: 0.267
0010000010010000000000010000100000000000000000001000000000000000110000000100000000001000000000010100000000000001000001 0.165
runproj limit: 0.267
"timed out"
1000000000000000000000000011000101010000100000010000000100000100000010100000000000000101000000000000000011000000100000 0.324
runproj limit: 0.267
0000000000000000000000000000000000000000000000000000000000000000000000000000000000000000000000000000000000000000000000 0.158
runproj limit: 0.267
0000000000000000000000000000000000000000000000000000000000000000000000000000000000000000000000000000000000000000000000 0.173
runproj limit: 0.267
0010000000000000000000001000000000110000100000000001000000000000010000000000000000000000010000000000100000000000000000 0.2
runproj limit: 0.267
0000010000000000100000000000000000001010000000000000000000001011000000000000100000111100000010000000010000001000000000 0.145
runproj limit: 0.267
0000100000001000000000010000000100000000001000000000000000000000010000001000000000000000000000000000010000100000000000 0.135
runproj limit: 0.267
0000000000000000000000000000100000000000000001000000000000000011000110000010010000000000000000010000100010001100000000 0.192
best: 0.8333333333333334
runproj limit: 0.267
0000010000000000000000000000010000001000100000000100000000000010000000000000000000010100010001000000010000000000000000 0.195
runproj limit: 0.267
0000100000010000000000001001100100000000001011000001000000000000010000000000000000000000000000000001010000100000000100 0.162
runproj limit: 0.267
0010000010010000000000010000100000000000000000001000000000000000110000000100000000001000000000010100000000000001000001 0.215
runproj limit: 0.267
0000000000000000000000000000000000000000000000000000000000000000000000000000000000000000000000000000000000000000000000 0.155
runproj limit: 0.267
"timed out"
1010000000000000000100000011000100010000100000000000000000000100000000100000000000000101000000000000000011000000000000 0.324
runproj limit: 0.267
"timed out"
1000000000000000000000000001000101010000000000010000000000000100000010000000000000000000000000000000000001000000100000 0.324
runproj limit: 0.267
0000000000000000100000000000000000001010000000000000000000000010000000000000000000110000000000000000010000000000000000 0.16
runproj limit: 0.267
0000000000000000000000000000000000000000000000000000000000000000000000000000000000000000000000000000000000000000000000 0.16
runproj limit: 0.267
0000000000001100101000010001100000000010000010000101011110101000000010001100110000100011000100001001100010101001010100 0.162
runproj limit: 0.267
0000110000000001011001110000000001111000001101010100000000010000010000001000000000011010100010100000010100100010000100 0.135
runproj limit: 0.267
0000110011000110011110000101000000010010000011000000101100100000101000100000011000101010000100100101100100100100000000 0.138
runproj limit: 0.267
0110010000011000010100110001000010000000000000000101010001000110110000010100001000101100000101010110100000111101000100 0.17
runproj limit: 0.267
"timed out"
0110000100100000110000000001000000101000000001011111110000001011000000010000100000111101000111111001110001001000001000 0.324
runproj limit: 0.267
0000100000001000000000010000000100000000001000000000000000000000010000001000000000000000000000000000010000100000000000 0.143
runproj limit: 0.267
0000010000000000100000000000000000001010000000000000000000001011000000000000100000111100000010000000010000001000000000 0.138
runproj limit: 0.267
0000000000000000000000000000000000000000000000000000000000000000000000000000000000000000000000000000000000000000000000 0.158
runproj limit: 0.267
0010000010010000000000010000100000000000000000001000000000000000110000000100000000001000000000010100000000000001000001 0.178
runproj limit: 0.267
0100000000000000000010000000000000000000000010000000001000000000101000000010011000000000000000000000000000000100000000 0.17
runproj limit: 0.267
0000000000000000000000000100011000000000100100000110000000000000000000000000000000000000010001000100000000000000000000 0.175
runproj limit: 0.267
0000000000000000000000000000100000000000000001000000000000000011000110000010010000000000000000010000100010001100000000 0.172
best: 0.8333333333333334
runproj limit: 0.267
"timed out"
0010000000000000000000000001000000011000000000000000000000000110000000100000000000000101000000000000000011000000000000 0.324
runproj limit: 0.267
0100000000011000000000010000000110000000001000000100010001000100010000011100001000000000000001010110110000101001000000 0.193
runproj limit: 0.267
0000010010000010011100000100011000010010000111000000000000100000101000000000000000001000010100000101100100100100000000 0.175
runproj limit: 0.267
0000100000000000000000001000000000001000001000000001000000000010000000000000100000010000000010000000010000000000000000 0.132
runproj limit: 0.267
0000100000000000000000000000000100000000001000000000000000000000010000000000000000000000000000000000000000000000000000 0.132
runproj limit: 0.267
0000000000000000000000000000000000000000000000000000000000000000000000000000000000000000000000000000000000000000000000 0.16
runproj limit: 0.267
0000010000000100111110000101000000000010000010000000101100001010101000100000111000101100000110100100010000000100000000 0.175
runproj limit: 0.267
0000000000000000010000000000000000001010000001000000000000000000010000001000000000010010000010100000010000100000000100 0.172
runproj limit: 0.267
"timed out"
0000000000000010000101000000010000000001101010011110000100100000000000110101101100000010010001001100011100110110010010 0.324
runproj limit: 0.267
0001100000011000010010010001000000000010001001100000001000100110000100011100000101000100000000101101010100110000101000 7.8e-2
runproj limit: 0.267
"timed out"
1001000000010111100010000000011000001001000100100100100111001000101010010000000110101010100001000100011000110001001010 0.324
runproj limit: 0.267
"timed out"
0101010001000101110110111001000011111010000101000001000011000010110000111100001000011000000101100001101001101001000110 0.324
runproj limit: 0.267
"timed out"
0001110000001101100001110100111101101100011100000000100010000001010101001110011001000000010000100010100101000001000100 0.324
runproj limit: 0.267
0000110000000001011001110000000001111000001101010100000000010000010000001000000000011010100010100000010100100010000100 0.145
runproj limit: 0.267
0000110011000110011110000101000000010010000011000000101100100000101000100000011000101010000100100101100100100100000000 0.145
runproj limit: 0.267
0000010000000000100000000000000000001010000000000000000000001011000000000000100000111100000010000000010000001000000000 0.145
runproj limit: 0.267
0000100000001000000000010000000100000000001000000000000000000000010000001000000000000000000000000000010000100000000000 0.13
runproj limit: 0.267
0000000000000000000000000000000000000000000000000000000000000000000000000000000000000000000000000000000000000000000000 0.168
runproj limit: 0.267
0000000000000000100000000000000000001010000000000000000000000010000000000000000000110000000000000000010000000000000000 0.23
runproj limit: 0.267
0000100000010000000000001001100100000000001011000001000000000000010000000000000000000000000000000001010000100000000100 0.14
bestwarning: dubious run time results for treejoin: [0.22999999,0.24,0.22999999,0.39]
warning: dubious GC time results for treejoin: [0.13,0.13,0.13,0.23]
warning: dubious run time results for treejoin: [0.22999999,0.24,0.22999999,0.39]
warning: dubious GC time results for treejoin: [0.13,0.13,0.13,0.23]
warning: dubious run time results for treejoin: [0.36,0.24000001,0.24000001,0.22999999]
warning: dubious GC time results for treejoin: [0.21,0.14,0.14,0.13]
warning: dubious run time results for treejoin: [0.36,0.24000001,0.24000001,0.22999999]
warning: dubious GC time results for treejoin: [0.21,0.14,0.14,0.13]
warning: dubious run time results for treejoin: [0.37,0.26,0.27,0.41]
warning: dubious GC time results for treejoin: [0.21,0.15,0.15,0.22]
warning: dubious run time results for treejoin: [0.37,0.26,0.27,0.41]
warning: dubious GC time results for treejoin: [0.21,0.15,0.15,0.22]
: 0.48148148148148145
runproj limit: 0.267
"timed out"
0001100000010010010100010000010000000001101011101100001100100000000100111100000100000010000000001100011100110010001010 0.324
runproj limit: 0.267
0000100000010000000000001001100100000000001001000001000000000010000000000000000000000000000010000000010000100000000100 0.135
runproj limit: 0.267
0000110011000100010110000000000000011010000001000000000100100010001000000000001000111010000000100000100000100100000000 0.142
runproj limit: 0.267
0000100000000000000000010000000000001000001000000001000000000000010000000000100000010000000010000000010000100000000000 0.155
runproj limit: 0.267
0000000000010100010110000101000000000010001010000000101100000110101000100100000001100100000010101101010000000000001000 0.162
runproj limit: 0.267
0000110001000000001100000101100000010000000011000001000100100000111000100000000000100010000000100101110100100000000000 0.137
runproj limit: 0.267
0000010000000000101000000001000000001010000000000000000000001010100000100000111000101100000010000100010000001100000000 0.165
runproj limit: 0.267
0000100000000000000000001000000000001000001000000000000000000000000000000000000000000000000010000000000000000000000000 0.132
runproj limit: 0.267
0000000000000000000000000010000010000000010000000000000010101001000000010010001111011010011000001110100000000000100000 0.16
runproj limit: 0.267
"timed out"
0100100000001000010001000001100000101000100101000000000110001000110101001011000000111010001000000011001000100110000111 0.324
runproj limit: 0.267
0111100001011101100010010001000000001010001101101001100001100111000111001100101111001001000000101111010000010000001100 6.2e-2
runproj limit: 0.267
"timed out"
0001100100010001000001101111100000001001001010000000000000010001010000000101001100000000010001000000011101101010010100 0.324
runproj limit: 0.267
0001000001000101000000010100111101011010000001000000000100000010100000001000000100010110100010100001010100010000110100 0.14
runproj limit: 0.267
0001100000011000010010010001000000000010001001100000001000100110000100011100000101000100000000101101010100110000101000 8.0e-2
runproj limit: 0.267
0000100000001000000000010000000100000000001000000000000000000000010000001000000000000000000000000000010000100000000000 0.135
runproj limit: 0.267
0000100000000000000000001000000000001000001000000001000000000010000000000000100000010000000010000000010000000000000000 0.132
runproj limit: 0.267
0000100000000000000000000000000100000000001000000000000000000000010000000000000000000000000000000000000000000000000000 0.14
runproj limit: 0.267
0000100000010000000000001001100100000000001011000001000000000000010000000000000000000000000000000001010000100000000100 0.138
runproj limit: 0.267
0000110000000001011001110000000001111000001101010100000000010000010000001000000000011010100010100000010100100010000100 0.135
runproj limit: 0.267
0000110011000110011110000101000000010010000011000000101100100000101000100000011000101010000100100101100100100100000000 0.145
best: 0.38271604938271603
runproj limit: 0.267
0000100000010000000010000100000000001010001000000000000000000110101000000000100001010100000010100000010000000000001000 0.138
runproj limit: 0.267
0000110011000001011011110001000001010000001101010000101100100000101000101000000000011010100100100000010100100000000000 0.132
runproj limit: 0.267
0001100000011000010010010001000000000010001001100000001000100110000100011100000101000100000000101101010100110000101000 8.0e-2
runproj limit: 0.267
0000100011000110000000000101000100010010001011000000100100100000010000100000001000100010000000100001100000000000000000 0.132
runproj limit: 0.267
0000000000000000000000000010000010001000011000000000000000000000000000010000000111001000001000000100000000000000000000 0.173
runproj limit: 0.267
0000110000000000001001010000000000110000001101010100000000000000010000001000000000010010100010100000010000100010000000 0.142
runproj limit: 0.267
0000100000001000000100010001000100000010001010000000100100000110101000100100000000000000000000101001010000100000000000 0.14
runproj limit: 0.267
0000100000010000000000000001000100000000001000000000000000000000010000000000000000000000000010000000000000000000000000 0.155
runproj limit: 0.267
0010101000100110001101010100001010101000101000000001000100110110010000000011100101000100101010000000010010101000110000 0.15
runproj limit: 0.267
"timed out"
0111110001000000011000110000000001110000001100011000101100001000010100111000000001001110111110101001011110100000000111 0.324
runproj limit: 0.267
"timed out"
0111000101011101100000100101000000001010001101101000110001100001101011001110101111101100000000001011011001000010101110 0.324
runproj limit: 0.267
1000110111110100110100001000100000011011000001000110000101100000001000011000000010111100000000101000010010110101110100 0.14
runproj limit: 0.267
"timed out"
0101100000010010000111110010010010001000100011101111011110110000000100111110001111000011000010101100011010100001011010 0.324
runproj limit: 0.267
0111100001011101100010010001000000001010001101101001100001100111000111001100101111001001000000101111010000010000001100 6.5e-2
runproj limit: 0.267
0001100000011000010010010001000000000010001001100000001000100110000100011100000101000100000000101101010100110000101000 9.8e-2
runproj limit: 0.267
0000100000000000000000001000000000001000001000000000000000000000000000000000000000000000000010000000000000000000000000 0.148
runproj limit: 0.267
0000100000000000000000001000000000001000001000000001000000000010000000000000100000010000000010000000010000000000000000 0.138
runproj limit: 0.267
0000100000010000000000001001100100000000001001000001000000000010000000000000000000000000000010000000010000100000000100 0.155
runproj limit: 0.267
0000100000001000000000010000000100000000001000000000000000000000010000001000000000000000000000000000010000100000000000 0.162
runproj limit: 0.267
0000110000000001011001110000000001111000001101010100000000010000010000001000000000011010100010100000010100100010000100 0.128
best: 0.4012345679012346
runproj limit: 0.267
0001100000001000000010011000000000001010001001000001001000000010000000011000000101010100000000000000010100110000001000 6.2e-2
runproj limit: 0.267
0000110000000000011010100001000001010000001101010001101000100010101000001000000000011000100100100000010100100000000000 0.142
runproj limit: 0.267
0001100000011000011000110000000000110010001001010100000000110010010000011100000000001100000000101001010100110000100000 6.8e-2
runproj limit: 0.267
0000110000000000000010010000000000010010001101010100001000100010000000011100000001000000000000100001010000100000101000 0.135
runproj limit: 0.267
0000110000000000001001010000000000110000001101010100000000000000010000001000000000010010100010100000010000100010000000 0.182
runproj limit: 0.267
0000100011000110000000000101000100010010001011000000100100100000010000100000001000100010000000100001100000000000000000 0.13
runproj limit: 0.267
0000100000011000010000010001000000000010001001000000100000000110100100110100000000000000000000101001010000110000100000 0.132
runproj limit: 0.267
0000110110000000010100110000000001011011001001010100000100110000000000011000000000111010000000101000010000100000110100 0.132
runproj limit: 0.267
"timed out"
0010100000000000000101011000000000000000001000100101100010001000010100101100000000100010000000000010011010000110000100 0.324
runproj limit: 0.267
1011100000000001011011110000101101110000101011010101101100000001000010010000010000011011100010100000010100010110000110 6.0e-2
runproj limit: 0.267
"timed out"
1100100010001100101001011000100010100100011100000101000010111110001010011100000000110010100010100100101000110110000000 0.324
runproj limit: 0.267
1001110101111101110100001001101010101011000000000110000110110100011100010010000011111100110110101111010100110111110100 6.2e-2
runproj limit: 0.267
"timed out"
0000110000011011010001000001101011000010001010010101001100000101011001100100100000100010000011010001010101000101000110 0.324
runproj limit: 0.267
0111100001011101100010010001000000001010001101101001100001100111000111001100101111001001000000101111010000010000001100 6.2e-2
runproj limit: 0.267
0001100warning: dubious run time results for treejoin: [0.21000001,0.34,0.21000001,0.23]
warning: dubious mut time results for treejoin: [0.14,0.23,0.14,0.15]
warning: dubious run time results for treejoin: [0.21000001,0.34,0.21000001,0.23]
warning: dubious mut time results for treejoin: [0.14,0.23,0.14,0.15]
warning: dubious run time results for treejoin: [0.22999999,0.27,0.26,0.35000002]
warning: dubious run time results for treejoin: [0.22999999,0.27,0.26,0.35000002]
warning: dubious run time results for treejoin: [0.4,0.2,0.19,0.31]
warning: dubious mut time results for treejoin: [0.27,0.14,0.13,0.21]
warning: dubious run time results for treejoin: [0.4,0.2,0.19,0.31]
warning: dubious mut time results for treejoin: [0.27,0.14,0.13,0.21]
000011000010010010001000000000010001001100000001000100110000100011100000101000100000000101101010100110000101000 7.8e-2
runproj limit: 0.267
0000110000000001011001110000000001111000001101010100000000010000010000001000000000011010100010100000010100100010000100 0.12
runproj limit: 0.267
0000110011000001011011110001000001010000001101010000101100100000101000101000000000011010100100100000010100100000000000 0.13
runproj limit: 0.267
0000100011000110000000000101000100010010001011000000100100100000010000100000001000100010000000100001100000000000000000 0.138
runproj limit: 0.267
0000100000010000000010000100000000001010001000000000000000000110101000000000100001010100000010100000010000000000001000 0.152
runproj limit: 0.267
0000100000000000000000001000000000001000001000000001000000000010000000000000100000010000000010000000010000000000000000 0.14
best: 0.37037037037037035
runproj limit: 0.267
0000110001000001001001110001000000010000001101010100001000100000110000101000000000011010100100100000010100100000000000 0.125
runproj limit: 0.267
0000110010011001011011010001001001000000001111010100101100000101011000100100100000011010000001010001010100000001000000 0.135
runproj limit: 0.267
0000100000011000011000110001000000100010001001000000100000110110110100110100000000001100000000101001010100110000100000 0.137
runproj limit: 0.267
0000100010000110000000000001000100010000001000000001000000000010000000000000101000110010000000000001000000000000000000 0.13
runproj limit: 0.267
0001100000000001010011010000000001101010001101010000001000010000000000001000000000011010100010100000010100110000000100 6.0e-2
runproj limit: 0.267
0000100000001000011010110000000001010010001001000000001000010010000000011100000000000100000010100001010100110000100100 0.137
runproj limit: 0.267
0001100000011000000010011001000000001010001001000001001000100110000100011100000101010100000000000101010100110000101000 6.2e-2
runproj limit: 0.267
0000110000011001011010110000000000000000001101110000000000100000000000001000000101011100100010100001010100100000000000 0.128
runproj limit: 0.267
0100110000000110100000011111000000101111010101010001001100000000000100011001101101010111010010100000010010000000011000 0.14
runproj limit: 0.267
"timed out"
1111001011100001101100001011101010000011010111100010000011010101011000000000110111111111110010001111010101110010101100 0.324
runproj limit: 0.267
"timed out"
0001000011000110010000010101100100010011001000001001110100110000000000010000001011100010110000000001101101000000100111 0.324
runproj limit: 0.267
"timed out"
1000010001100000000000011100100011010010000011011100011000010010010110100100100100000001101010100001101100010111111100 0.324
runproj limit: 0.267
0000110110100100010101100111000001000011101011110110100100110110000000011011010100001110010100000000010100110010010100 0.14
runproj limit: 0.267
1011100000000001011011110000101101110000101011010101101100000001000010010000010000011011100010100000010100010110000110 5.8e-2
runproj limit: 0.267
0001100000001000000010011000000000001010001001000001001000000010000000011000000101010100000000000000010100110000001000 6.5e-2
runproj limit: 0.267
1001110101111101110100001001101010101011000000000110000110110100011100010010000011111100110110101111010100110111110100 6.2e-2
runproj limit: 0.267
0111100001011101100010010001000000001010001101101001100001100111000111001100101111001001000000101111010000010000001100 6.2e-2
runproj limit: 0.267
0001100000011000011000110000000000110010001001010100000000110010010000011100000000001100000000101001010100110000100000 6.5e-2
runproj limit: 0.267
0001100000011000010010010001000000000010001001100000001000100110000100011100000101000100000000101101010100110000101000 7.8e-2
runproj limit: 0.267
0000110000000001011001110000000001111000001101010100000000010000010000001000000000011010100010100000010100100010000100 0.125
best: 0.35802469135802467
runproj limit: 0.267
0001100001011101100010010001000000001010001101000001101000100110000111011100001111010101000000000111010100010000101100 6.0e-2
runproj limit: 0.267
0000100000001001010011010000000000101010001101110000000000010000000000001000000100011010100010100000010100110000000100 0.13
runproj limit: 0.267
0001100000000001011011110000100101111010101001010001101100010001000010010000010000011010100010100000010100010110000100 6.0e-2
runproj limit: 0.267
"timed out"
0011001010111001100110011011100000000010000111000000000010100111010000011100110101110111100000001111010101110010101100 0.324
runproj limit: 0.267
0001100000011000010010010000000000000010001001100001001000100010000100011000000101010100000000101000010100110000101000 7.8e-2
runproj limit: 0.267
0001110000011000011010111000000000000000001001000001001000100000000100001100000101011100000010100101010100100000101000 6.5e-2
runproj limit: 0.267
"timed out"
1101001011101001101000001001101010001011001001100001001001000111011000011000100101110101010010000111010101110010001000 0.324
runproj limit: 0.267
0000100000011001011010110000000001100010001101110000000000100000000000001000000100011110100010100001010100110000000000 0.14
runproj limit: 0.267
"timed out"
0000010000011000011011110110000000110011101001000001101100000111001100001100101001000101101010100101011110110000000100 0.324
runproj limit: 0.267
1111100000011000001110111010000000110000011001110100001010110010000010001100100000001101100000100011110110110110111000 6.2e-2
runproj limit: 0.267
1101110111011101100010010010000001011111110110100111110111110111000110001001111011001100000110101111110010011010001110 6.2e-2
runproj limit: 0.267
0010101110000010001000100010100100010100001011100000010011100011000010000001101001111001000010000000100000000001100000 0.128
runproj limit: 0.267
"timed out"
1100110001000111000000011101011000101111000100110001101110000100000110001011101011010111001010110000011010100100011010 0.324
runproj limit: 0.267
1011100000000001011011110000101101110000101011010101101100000001000010010000010000011011100010100000010100010110000110 6.7e-2
runproj limit: 0.267
0001100000000001010011010000000001101010001101010000001000010000000000001000000000011010100010100000010100110000000100 6.5e-2
runproj limit: 0.267
0001100000011000000010011001000000001010001001000001001000100110000100011100000101010100000000000101010100110000101000 6.2e-2
runproj limit: 0.267
1001110101111101110100001001101010101011000000000110000110110100011100010010000011111100110110101111010100110111110100 7.0e-2
runproj limit: 0.267
0111100001011101100010010001000000001010001101101001100001100111000111001100101111001001000000101111010000010000001100 7.0e-2
runproj limit: 0.267
0001100000001000000010011000000000001010001001000001001000000010000000011000000101010100000000000000010100110000001000 6.0e-2
runproj limit: 0.267
0001100000011000011000110000000000110010001001010100000000110010010000011100000000001100000000101001010100110000100000 6.0e-2
best: 0.37037037037037035
runproj limit: 0.267
1001100001011001010010001001101000101011000000000100001110010110010100011010000001010100000000000001010100110101101100 8.2e-2
runproj limit: 0.267
0001100101011000110100001001101000001010000001100001000010110000000100011000000001011100000010101100010100110000101100 6.2e-2
runproj limit: 0.267
0001110001011101010000011001100011101010001101000100000100110100001100011000000011111110100010101111010100110000010100 7.5e-2
runproj limit: 0.267
0000100001011101110011010001000000101010001101110001001000110000000011011000000101010101000000000111010100010000101100 0.158
runproj limit: 0.267
0001100000000001100010010000000001101010001101010001101000010000000100011100001000011010100000000010010100110000001100 6.2e-2
runproj limit: 0.267
"timed out"
0101100001000111100010011101010000001010000101110001101110000110000111001100001111010111001010100000011110110100111010 0.324
runproj limit: 0.267
1101110100011101100010011000000001001010101101100001000000110110000100001100110111011100000110100101010000011000001000 8.8e-2
runproj limit: 0.267
1101110011001000100010011010000001011111101000100011000011110110000010011000100111010100000010100010010110110010001100 6.5e-2
runproj limit: 0.267
"timed out"
1001000100001warning: dubious run time results for treejoin: [0.31,0.29000002,0.22,0.2]
warning: dubious mut time results for treejoin: [0.21,0.2,0.15,0.14]
warning: dubious run time results for treejoin: [0.31,0.29000002,0.22,0.2]
warning: dubious mut time results for treejoin: [0.21,0.2,0.15,0.14]
warning: dubious run time results for treejoin: [0.2,0.19,0.28,0.21000001]
warning: dubious run time results for treejoin: [0.2,0.19,0.28,0.21000001]
100010010011000100001101000001100100000011000010000110000100011010100011010100110010100111000110000000101 0.324
runproj limit: 0.267
"timed out"
1111101000011110001110111000111000110000111100100100001010010010101000000000100000101101101000100011011110110110111000 0.324
runproj limit: 0.267
"timed out"
0000100010010001011011110001010001111010111001011000101110011001000010010110111110101010100100101001001000010100101110 0.324
runproj limit: 0.267
"timed out"
1001100000110000011100101001010101010000000101010000010000110000011000001111001000001110001000101001111101001000101000 0.324
runproj limit: 0.267
"timed out"
0001100000010001000000110111100010101000011011000110111001101010011000011000000000001100000000111001011100000000000100 0.324
runproj limit: 0.267
0001100001011101100010010001000000001010001101000001101000100110000111011100001111010101000000000111010100010000101100 6.2e-2
runproj limit: 0.267
0001100000000001011011110000100101111010101001010001101100010001000010010000010000011010100010100000010100010110000100 6.2e-2
runproj limit: 0.267
0001100000001000000010011000000000001010001001000001001000000010000000011000000101010100000000000000010100110000001000 6.2e-2
runproj limit: 0.267
0001100000011000011000110000000000110010001001010100000000110010010000011100000000001100000000101001010100110000100000 6.2e-2
runproj limit: 0.267
1111100000011000001110111010000000110000011001110100001010110010000010001100100000001101100000100011110110110110111000 6.2e-2
runproj limit: 0.267
1101110111011101100010010010000001011111110110100111110111110111000110001001111011001100000110101111110010011010001110 6.0e-2
runproj limit: 0.267
0001100000011000000010011001000000001010001001000001001000100110000100011100000101010100000000000101010100110000101000 6.5e-2
best: 0.37037037037037035
runproj limit: 0.267
0001110001011001100010011000000001001110101000000001101000100110000011011000101111010100000000100011010100010000101100 6.5e-2
runproj limit: 0.267
0001100000011000110010000001000000001010000001010001000010010000000100011000000000011110000000100000010100110000001100 8.0e-2
runproj limit: 0.267
1001100000011000000010001000001000110011000001000100001010110110010000001010100001001101000000000011010100110111111000 6.2e-2
runproj limit: 0.267
0101110110011101000010011000000001001111001111100001101100010110000010011001100011011100000000101001110100011000001010 6.0e-2
runproj limit: 0.267
0001000000001001010011111000100001101000001101000001011100010000110010100010010000011010100010100100010100110110000101 0.17
runproj limit: 0.267
1011100000011000000010011001000000111011010000100100001010010110000010011000100000010101100000000011010100110110111100 6.0e-2
runproj limit: 0.267
0001100000000001100010010000000001101010001101010001101000010000000100011100001000011010100000000010010100110000001100 6.0e-2
runproj limit: 0.267
0001100001011101100010010001000001001110001100100001110001100110000111011001001011001100000110100111110000010000001100 6.5e-2
runproj limit: 0.267
"timed out"
0001110111011111101011110011000100111111011000011100110111010111011111100000111000001100110101100111111000011010001001 0.324
runproj limit: 0.267
"timed out"
1101111000011100100010011001111001111000111100100110001111010011111000110000100101100101110001100111111101110110111000 0.324
runproj limit: 0.267
"timed out"
1111110011011000000111011101010101011111001100000001001011000000000000011100000101000101010000000100100011110010101000 0.324
runproj limit: 0.267
0000000011101001000110011010001110111000011100010001101010000010000110111001101111001100100000100110010110011000001100 0.158
runproj limit: 0.267
"timed out"
0101001001001001010010011100000101010010000011000010001001110001000000011100100111100000000100011100110111111000001010 0.324
runproj limit: 0.267
1101110111011101100010010010000001011111110110100111110111110111000110001001111011001100000110101111110010011010001110 6.2e-2
runproj limit: 0.267
0001100101011000110100001001101000001010000001100001000010110000000100011000000001011100000010101100010100110000101100 6.2e-2
runproj limit: 0.267
0001100000000001100010010000000001101010001101010001101000010000000100011100001000011010100000000010010100110000001100 6.2e-2
runproj limit: 0.267
0001100001011101100010010001000000001010001101000001101000100110000111011100001111010101000000000111010100010000101100 6.2e-2
runproj limit: 0.267
0001100000000001011011110000100101111010101001010001101100010001000010010000010000011010100010100000010100010110000100 6.0e-2
runproj limit: 0.267
0001100000001000000010011000000000001010001001000001001000000010000000011000000101010100000000000000010100110000001000 6.0e-2
runproj limit: 0.267
0001100000011000011000110000000000110010001001010100000000110010010000011100000000001100000000101001010100110000100000 6.2e-2
best: 0.37037037037037035
runproj limit: 0.267
0001100000011000100010011001000000111010001001100000101010110110000011011000100000010101100000000111010100110100101100 6.5e-2
runproj limit: 0.267
1001100100011101011010010010000000110010001101110111110001110110000100001001111001001100000010101001110000110000000000 6.0e-2
runproj limit: 0.267
0001000000001000110100011001101001001010000001100001011100110000100000111010010001011010100010100100010100110000000100 0.167
runproj limit: 0.267
0001110010001000100010011010000000011111101111000101010110010111000110001001101111001100000110101111110100010000001010 6.8e-2
runproj limit: 0.267
"timed out"
1101100000011100110000011001110001110010101101110110000111110010111000110000100100100101010000100111111101110100110000 0.324
runproj limit: 0.267
1011100000010001000010110001000101111010010000110001001100010001000010010000110000010001100010100011010100010110110100 7.0e-2
runproj limit: 0.267
0101100011011101000010010001000001001111001101100001101000110110000011011001100111010101000000101111010100011000001000 8.0e-2
runproj limit: 0.267
0001100101011000111100000000101000000010001001000001000010110000010000011000000001001100000010101100010100110000100000 6.7e-2
runproj limit: 0.267
"timed out"
1001100001001000010001011000011000011010011010100101001011010111001110011001101000010001100000000111111100100101011101 0.324
runproj limit: 0.267
1011100110101010100011010000000001100100011011010101110001010000000100111011000010111011100010010010010100011010100100 6.0e-2
runproj limit: 0.267
"timed out"
0011100001011100101010011100111100001000111010100101001100111001000011000000101101010100100000100001010101010010100111 0.324
runproj limit: 0.267
"timed out"
0011100000000010110111011000011001111010001000010101101000110000100100011100101000010011101100000110011110101001101100 0.324
runproj limit: 0.267
1001100101001101010000001000100000000010010000101010100010110110101001111000000101010010000111101101110100110011100100 7.0e-2
runproj limit: 0.267
0101110110011101000010011000000001001111001111100001101100010110000010011001100011011100000000101001110100011000001010 6.0e-2
runproj limit: 0.267
1011100000011000000010011001000000111011010000100100001010010110000010011000100000010101100000000011010100110110111100 6.2e-2
runproj limit: 0.267
0001100000000001100010010000000001101010001101010001101000010000000100011100001000011010100000000010010100110000001100 6.0e-2
runproj limit: 0.267
0001100000000001011011110000100101111010101001010001101100010001000010010000010000011010100010100000010100010110000100 6.0e-2
runproj limit: 0.267
0001100000001000000010011000000000001010001001000001001000000010000000011000000101010100000000000000010100110000001000 6.2e-2
runproj limit: 0.267
1001100000011000000010001000001000110011000001000100001010110110010000001010100001001101000000000011010100110111111000 6.5e-2
runproj limit: 0.267
1101110111011101100010010010000001011111110110100111110111110111000110001001111011001100000110101111110010011010001110 6.2e-2
best: 0.37037037037037035
runproj limit: 0.267
1101100000011101100010010010000000011011110110100110011010110110000010001000100011011100100100100111010110011110011110 6.5e-2
runproj limit: 0.267
11011101110111011000000100100000010010100100101000101100101101100011010010001101010100000001101011011101101110100warning: dubious run time results for treejoin: [0.28,0.4,0.2,0.31]
warning: dubious mut time results for treejoin: [0.19,0.28,0.14,0.22]
warning: dubious run time results for treejoin: [0.28,0.4,0.2,0.31]
warning: dubious mut time results for treejoin: [0.19,0.28,0.14,0.22]
warning: dubious run time results for treejoin: [0.2,0.2,0.35999998,0.19]
warning: dubious mut time results for treejoin: [0.14,0.14,0.24,0.13]
warning: dubious run time results for treejoin: [0.2,0.2,0.35999998,0.19]
warning: dubious mut time results for treejoin: [0.14,0.14,0.24,0.13]
warning: dubious run time results for treejoin: [0.19,0.19,0.22,0.28]
warning: dubious run time results for treejoin: [0.19,0.19,0.22,0.28]
warning: dubious run time results for treejoin: [0.19,0.19,0.2,0.27]
warning: dubious run time results for treejoin: [0.19,0.19,0.2,0.27]
warning: dubious run time results for treejoin: [0.22,0.2,0.24,0.29]
warning: dubious run time results for treejoin: [0.22,0.2,0.24,0.29]
warning: dubious run time results for treejoin: [0.19,0.27,0.21000001,0.22999999]
warning: dubious run time results for treejoin: [0.19,0.27,0.21000001,0.22999999]
warning: dubious run time results for treejoin: [0.27,0.28,0.32,0.2]
warning: dubious mut time results for treejoin: [0.18,0.19,0.21,0.14]
warning: dubious run time results for treejoin: [0.27,0.28,0.32,0.2]
warning: dubious mut time results for treejoin: [0.18,0.19,0.21,0.14]
00110 6.0e-2
runproj limit: 0.267
1001100100000001010010010000000000000010011100101001101000110100100000111100000000010010000011001101110100110000100100 6.0e-2
runproj limit: 0.267
0101110110011000100010011010000000011111001111100101111110010110000010001001100011001100000110101001110100011000001010 6.2e-2
runproj limit: 0.267
1001100100011101000010011000000000111111110110100101000111110111000110001011100011001100000110001011110100110110011100 6.2e-2
runproj limit: 0.267
1001100100011000001010000000001000110011001001000100100010110110010100001001111001001100000000001011010000110000001000 6.7e-2
runproj limit: 0.267
0101110100001100000010011000000001001111001011000001001000010110000000011000000001011100000000000001110100010000001010 6.7e-2
runproj limit: 0.267
1001100100011101011010010010000000110010001101110111110001110110000100001001111001001100000010101001110000110000000000 6.2e-2
runproj limit: 0.267
0001100001000010010010010001000001000001101111001001100001100010101111011100000100011000100011000010010000011001000001 7.5e-2
runproj limit: 0.267
"timed out"
1001011100011000011110000000100100011011010100101100001001110100001000011001110011011101010000000001010101110111111010 0.324
runproj limit: 0.267
0101101011010000000010111000111011111011110011000001001000111101000010010010000000001010001010000111110100010111100000 9.0e-2
runproj limit: 0.267
"timed out"
1101100100100101001010101011000100010011010011110001101100111110000110010001111001010000000000100001111100001101000110 0.324
runproj limit: 0.267
"timed out"
1101111111010101010000010101101101010111010110100101111010101011001010110101101011101100010110100011101011111100101110 0.324
runproj limit: 0.267
1001100100011101011010010010000000110010001101110111110001110110000100001001111001001100000010101001110000110000000000 6.5e-2
runproj limit: 0.267
1011100110101010100011010000000001100100011011010101110001010000000100111011000010111011100010010010010100011010100100 6.0e-2
runproj limit: 0.267
0101110110011101000010011000000001001111001111100001101100010110000010011001100011011100000000101001110100011000001010 7.5e-2
runproj limit: 0.267
0001100000000001100010010000000001101010001101010001101000010000000100011100001000011010100000000010010100110000001100 6.5e-2
runproj limit: 0.267
0001100000000001011011110000100101111010101001010001101100010001000010010000010000011010100010100000010100010110000100 6.2e-2
runproj limit: 0.267
1011100000011000000010011001000000111011010000100100001010010110000010011000100000010101100000000011010100110110111100 6.0e-2
runproj limit: 0.267
0001100000001000000010011000000000001010001001000001001000000010000000011000000101010100000000000000010100110000001000 6.0e-2
best: 0.37037037037037035
runproj limit: 0.267
1001100110011101100010010000000000110110111010100101000001010110000110111011000011011011100010000011010100011010100100 6.0e-2
runproj limit: 0.267
0001110110011000000010000010001000011011001111100101100010010110000000001001101011001100000100001001110000011000001010 6.2e-2
runproj limit: 0.267
0101100100000001000010010000000000000110011011101001101000110110000000111000000000011110000010001001110100010000000000 6.0e-2
runproj limit: 0.267
0001100100101000100010010000000001100110001001010001111001010000000100011111001000111010100010000010010100111000100100 6.0e-2
runproj limit: 0.267
1101100000101000100011010010000001000011011010110110011000110110000000101000100010111011100010100011010110011110000100 6.0e-2
runproj limit: 0.267
1101110110011101000000010010000001001010011110100000100010010110000011001001100111011100000110101101110110011010000110 6.2e-2
runproj limit: 0.267
1111100000101111100010010010000001000011011110000101110010010010000100111001100011111110100010000110010110011010100110 6.2e-2
runproj limit: 0.267
0001100100000000000010010000000000001010001100001001001000000110000000111000000000010000000011001000010100110000101000 6.0e-2
runproj limit: 0.267
1010001011001000010110011000000000011010011100000011000000010010000000111010100110010000000111100000010100110011111100 0.155
runproj limit: 0.267
1000100110110001010010010000001011001010011101000001001000111101100000111110001000011010100000000101010100100000100000 0.137
runproj limit: 0.267
1010101110100010110011010000000101001100010011010111110000011000001100111101000010101001111010000010100100001011100110 0.13
runproj limit: 0.267
0101111111000111000000111100000101001011011100101001100100010000011010011101110011001000000000101001110110011010001000 7.0e-2
runproj limit: 0.267
"timed out"
0101110110001110001010010110001000011110001110101000111110001110001100001001100001110100001000110100011100001011001010 0.324
runproj limit: 0.267
1101110111011101100000010010000001001010010010100010110010110110001101001000110101010000000110101101110110111010000110 6.7e-2
runproj limit: 0.267
1001100100000001010010010000000000000010011100101001101000110100100000111100000000010010000011001101110100110000100100 6.0e-2
runproj limit: 0.267
1011100110101010100011010000000001100100011011010101110001010000000100111011000010111011100010010010010100011010100100 6.0e-2
runproj limit: 0.267
1011100000011000000010011001000000111011010000100100001010010110000010011000100000010101100000000011010100110110111100 6.5e-2
runproj limit: 0.267
0001100000001000000010011000000000001010001001000001001000000010000000011000000101010100000000000000010100110000001000 6.5e-2
runproj limit: 0.267
0101110110011000100010011010000000011111001111100101111110010110000010001001100011001100000110101001110100011000001010 6.5e-2
runproj limit: 0.267
1001100100011101000010011000000000111111110110100101000111110111000110001011100011001100000110001011110100110110011100 6.5e-2
best: 0.37037037037037035
runproj limit: 0.267
0101100100010001000010010000000000001111011111100101101010110110000010101001100001011110000010101001110100010000001000 7.8e-2
runproj limit: 0.267
1111100000100111010010010000000001000010011100000001110000010100100000111001100010011010100011001101010100010000100110 6.5e-2
runproj limit: 0.267
1001100000011000000010000011001000011011010000100100100010010110000010001000101000001100000100000011110000011000011000 6.0e-2
runproj limit: 0.267
0001100100101010100011010000000001100110011001010001111001010000000100011111000010111010100010000010010100111000100100 6.2e-2
runproj limit: 0.267
1001100000010000000010010000000000001010010000101000001000110110000000011000100000011111100000001001110100110100001000 6.5e-2
runproj limit: 0.267
0001110110011000000010000010001000011011001111100101100010010110000000001001101011001100000100001001110000011000001010 7.2e-2
runproj limit: 0.267
1011110110001110000000010000000001100010011110100101100011010100000010011011100011011011000110010010010110011010000110 7.2e-2
runproj limit: 0.267
1101110010101000100010011010000001000011001011110110111000110110000010001001100010101100000010101001010100011010001110 8.8e-2
runproj limit: 0.267
"timed out"
0001010100000011101011111001000110000110011011001101111100010100000010111010010100011100101010011001100101111110100000 0.324
runproj limit: 0.267
"timed out"
0101011111000111100010111100000101001011010100101001100101110000011000101100110001001000000000101001011110001100011010 0.324
runproj limit: 0.267
"timed out"
1111110000100001101010100000110111000011011110100111110110110011001000111001000010001110000010101011000111010011000110 0.324
runproj limit: 0.267
1111110010001010100110000011000100011000100011100101111100011100000110101001100111001100000010001011010100011100011010 6.0e-2
runproj limit: 0.267
"timed out"
0001110101100011010011111001100000101010100000100001110010111010000010111110010000110110000001011101111110101010110100 0.324
runproj limit: 0.267
1001100110011101100010010000000000110110111010100101000001010110000110111011000011011011100010000011010100011010100100 6.2e-2
runproj limit: 0.267
0101100100000001000010010000000000000110011011101001101000110110000000111000000000011110000010001001110100010000000000 7.2e-2
runproj limit: 0.267
0001100100101000100010010000000001100110001001010001111001010000000100011111001000111010100010000010010100111000100100 7.0e-2
runproj lwarning: dubious run time results for treejoin: [0.22999999,0.19,0.29000002,0.19]
warning: dubious run time results for treejoin: [0.22999999,0.19,0.29000002,0.19]
warning: dubious run time results for treejoin: [0.26999998,0.2,0.19,0.22]
warning: dubious run time results for treejoin: [0.26999998,0.2,0.19,0.22]
warning: dubious run time results for treejoin: [0.23,0.17999999,0.29,0.19]
warning: dubious run time results for treejoin: [0.23,0.17999999,0.29,0.19]
imit: 0.267
1101100000101000100011010010000001000011011010110110011000110110000000101000100010111011100010100011010110011110000100 7.0e-2
runproj limit: 0.267
0001100100000000000010010000000000001010001100001001001000000110000000111000000000010000000011001000010100110000101000 6.2e-2
runproj limit: 0.267
1001100100000001010010010000000000000010011100101001101000110100100000111100000000010010000011001101110100110000100100 6.8e-2
runproj limit: 0.267
1011100110101010100011010000000001100100011011010101110001010000000100111011000010111011100010010010010100011010100100 6.0e-2
best: 0.37037037037037035
runproj limit: 0.267
0001100010001010100110010000000001101000101001010101111000010000000100011011100011111010100010000011010100111000110100 8.2e-2
runproj limit: 0.267
1001100000011000000010000011001000011011010000100100100010010110000010001000101000001100000100000011110000011000011000 6.0e-2
runproj limit: 0.267
1001100110011001100010010000001000011111010000100101000000010110000010111011101011001000100010000011110000011000001000 6.2e-2
runproj limit: 0.267
0001100100111010000011000000001000100110011101100001111001010000000000001111000010111000000000001001110000111000100110 6.2e-2
runproj limit: 0.267
1011100000001010100010010000000001101100011010000101010001010110000000111011000010011111100010000001010100110010001000 7.5e-2
runproj limit: 0.267
"timed out"
1001000110000001100011011001000000000110111010101101010001010110000010111010000001011001101010011011000101011110100100 0.324
runproj limit: 0.267
1111110010001010100110000011000100011000100011100101111100011100000110101001100111001100000010001011010100011100011010 6.2e-2
runproj limit: 0.267
0001100100101000100010010000000001001110001000010001001000000110000100011010000000011000000010001000010100110000100100 6.2e-2
runproj limit: 0.267
1010110000010000000011011010010000001010111100101010001100111110000001111001000100101110000111101101110100010000011000 0.122
runproj limit: 0.267
"timed out"
0001101001010100010010000101001000001111010000011100000011010111000010001000101000101011001101111011110001011000111010 0.324
runproj limit: 0.267
1011000010010000000000010101000000000001010100101010001100100100000000111010000000000111100110001001010010110110111000 0.135
runproj limit: 0.267
"timed out"
1111110000110000101001010110110000010110111010110111110001100100001101101110000010111000101000110111010111010010001000 0.324
runproj limit: 0.267
0010101000000000110000010101000001100011001000000001110000110101100010100111001111010110110011011111110100000000100110 0.13
runproj limit: 0.267
1001100000011000000010000011001000011011010000100100100010010110000010001000101000001100000100000011110000011000011000 6.2e-2
runproj limit: 0.267
1111110010001010100110000011000100011000100011100101111100011100000110101001100111001100000010001011010100011100011010 6.2e-2
runproj limit: 0.267
1011100110101010100011010000000001100100011011010101110001010000000100111011000010111011100010010010010100011010100100 6.5e-2
runproj limit: 0.267
0001100100101010100011010000000001100110011001010001111001010000000100011111000010111010100010000010010100111000100100 6.0e-2
runproj limit: 0.267
1001100110011101100010010000000000110110111010100101000001010110000110111011000011011011100010000011010100011010100100 7.5e-2
runproj limit: 0.267
0001100100000000000010010000000000001010001100001001001000000110000000111000000000010000000011001000010100110000101000 6.0e-2
runproj limit: 0.267
1111100000100111010010010000000001000010011100000001110000010100100000111001100010011010100011001101010100010000100110 6.0e-2
best: 0.37037037037037035
done evolving!
"all is well:)"
>>>>>>>>>>>>>>FINISH OPTIMIZATION>>>>>>>>>>>>>>>
679.31user 349.27system 34:00.53elapsed 50%CPU (0avgtext+0avgdata 135608maxresident)k
898520inputs+1206288outputs (489major+72502941minor)pagefaults 0swaps
