warning: dubious run time results for wheel-sieve2: [0.26,0.34,0.37,0.29999998]
warning: dubious GC time results for wheel-sieve2: [0.21,0.28,0.3,0.24]
warning: dubious run time results for wheel-sieve2: [0.26,0.34,0.37,0.29999998]
warning: dubious GC time results for wheel-sieve2: [0.21,0.28,0.3,0.24]
Optimizing /h/ywang30/nofib/imaginary/wheel-sieve2
>>>>>>>>>>>>>>>START OPTIMIZATION>>>>>>>>>>>>>>>
pop: 13
gens: 15
arch: 7
limit is: 0.32
runproj limit: 0.32
"All is well :D"
Basetime is: 0.26
runproj limit: 0.32
0100000000000000000010000000000000000000000010 0.282
runproj limit: 0.32
0000000000000000000000000000000000000000000000 0.255
runproj limit: 0.32
0000000000000000000000000000000000000000000000 0.258
runproj limit: 0.32
"timed out"
0000000000010000001000001010000000001010010000 0.52
runproj limit: 0.32
0000000000000000000000000000000000000000000000 0.27
runproj limit: 0.32
"timed out"
0010000010010000000000010000100000000000000000 0.52
runproj limit: 0.32
1000000000000000000000000011000101010000100000 0.238
runproj limit: 0.32
"timed out"
0100000000001100000000100000000000000000000000 0.52
runproj limit: 0.32
0000000000000000000000000000000000000000000000 0.25
runproj limit: 0.32
0000000000000000000000000000000000000000000000 0.258
runproj limit: 0.32
0000000000000000000000000000000000000000000000 0.242
runproj limit: 0.32
"timed out"
0000100000001000000000010000000100000000001000 0.52
runproj limit: 0.32
0000000000000000000000000000100000000000000001 0.255
best: 0.9153846153846154
runproj limit: 0.32
0000000000000000000000000000000000000000000000 0.242
runproj limit: 0.32
0000000000000000000000000000000100000000000000 0.252
runproj limit: 0.32
0100000000000000000000000000000000000000000000 0.252
runproj limit: 0.32
0000000000000000000000000000100000000000000000 0.242
runproj limit: 0.32
1000000000000000000000000011000101010000100000 0.255
runproj limit: 0.32
1000000000000000000000000001000101010000000000 0.245
runproj limit: 0.32
0000000000000000000000000000000000000000000000 0.242
runproj limit: 0.32
1000000000000000000000000001000001010000100000 0.252
runproj limit: 0.32
"timed out"
0000000000011100100000011000001000000010000001 0.52
runproj limit: 0.32
"timed out"
0000010000001001011001100000000101111000000101 0.52
runproj limit: 0.32
"timed out"
0100110011000110011100000101000000010010000001 0.52
runproj limit: 0.32
"timed out"
0110010000011000010100110001000010000000000000 0.52
runproj limit: 0.32
"timed out"
0110010100100000010000000001000000100010000001 0.52
runproj limit: 0.32
1000000000000000000000000011000101010000100000 0.245
runproj limit: 0.32
0000000000000000000000000000000000000000000000 0.25
runproj limit: 0.32
0000000000000000000000000000100000000000000001 0.242
runproj limit: 0.32
0100000000000000000010000000000000000000000010 0.295
runproj limit: 0.32
"timed out"
0000000000010000001000001010000000001010010000 0.52
runproj limit: 0.32
"timed out"
0010000010010000000000010000100000000000000000 0.52
runproj limit: 0.32
"timed out"
0100000000001100000000100000000000000000000000 0.52
best: 0.9307692307692307
runproj limit: 0.32
0000000000000000000000000001000000010000000000 0.248
runproj limit: 0.32
1100000000010000000000000011000111010000100000 0.25
runproj limit: 0.32
0100000000000000000010000000000001010000000000 0.255
runproj limit: 0.32
0000000000000000000000000000000000000000000000 0.272
runproj limit: 0.32
0000000000000000000000000010100101000000000000 0.25
runproj limit: 0.32
0000000000000000000000000000100000000000000000 0.245
runproj limit: 0.32
"timed out"
0000000000010100000000001000000000000010000000 0.52
runproj limit: 0.32
"timed out"
0000000000001000010000000000000100001000000001 0.52
runproj limit: 0.32
0100000000000010000111000100001000000001001100 0.258
runproj limit: 0.32
"timed out"
1001000000010000010010000010000001010010100001 0.52
runproj limit: 0.32
"timed out"
1001000000010111000010000000011000000011000100 0.52
runproj limit: 0.32
"timed out"
0101010001000101110110111001000011111010000101 0.52
runproj limit: 0.32
"timed out"
1001010000000101100001100111111100111100110100 0.52
runproj limit: 0.32
0000000000000000000000000000000000000000000000 0.265
runproj limit: 0.32
0000000000000000000000000000100000000000000000 0.242
runproj limit: 0.32
0000000000000000000000000000100000000000000001 0.258
runproj limit: 0.32
1000000000000000000000000001000101010000000000 0.258
runproj limit: 0.32
1000000000000000000000000011000101010000100000 0.248
runproj limit: 0.32
0000000000000000000000000000000100000000000000 0.255
runproj limit: 0.32
0100000000000000000000000000000000000000000000 0.258
best: 0.9307692307692307
runproj limit: 0.32
0000000000000000000000000001000000000000000000 0.26
runproj limit: 0.32
0100000000000000000000000000000000000000000000 0.29
runproj limit: 0.32
0000000000000000000000000001100000000000000000 0.255
runproj limit: 0.32
0000000000000000000000000001000001010000000000 0.255
runproj limit: 0.32
1000000000000100000000001001000100010000000000 0.258
runproj limit: 0.32
0000000000000000000000000000100000000000000000 0.267
runproj limit: 0.32
0100000000000000000010000000000001010001001000 0.267
runproj limit: 0.32
1000000000000000000000000011100101010000000000 0.245
runproj limit: 0.32
1000000000000000000000000001000111010000110000 0.252
runproj limit: 0.32
"timed out"
0100100000001000000001000000100000110010100100 0.52
runproj limit: 0.32
"timed out"
0010000001000101110010000000000001011000000100 0.52
runproj limit: 0.32
"timed out"
0101000100000001000001100110000100001001000001 0.52
runproj limit: 0.32
"timed out"
0100010000000000100110101101111110101010000101 0.52
runproj limit: 0.32
0000000000000000000000000000100000000000000000 0.248
runproj limit: 0.32
0000000000000000000000000001000000010000000000 0.27
runproj limit: 0.32
1000000000000000000000000011000101010000100000 0.24
runproj limit: 0.32
1100000000010000000000000011000111010000100000 0.252
runproj limit: 0.32
0000000000000000000000000010100101000000000000 0.245
runproj limit: 0.32
0100000000000000000010000000000001010000000000 0.265
runproj limit: 0.32
0000000000000000000000000000000100000000000000 0.247
best: 0.923076923076923
runproj limit: 0.32
1000000000000000000000001011000100010000000000 0.26
runproj limit: 0.32
0100000000000000000000000000000001010000000000 0.272
runproj limit: 0.32
1000000000000000000000000000100001000000100000 0.258
runproj limit: 0.32
0000000000000000000000000000000110000000100000 0.258
runproj limit: 0.32
1000000000000000000000000001000111010000010000 0.238
runproj limit: 0.32
0000000000000100000010000000000000010000000000 0.27
runproj limit: 0.32
1000000000000000000000001001000000000000000000 0.268
runproj limit: 0.32
0100000000000000000000000010000001000000100000 0.262
runproj limit: 0.32
"timed out"
0010001000100110001101000101001011110000100000 0.52
runproj limit: 0.32
"timed out"
0011000001000001000011000000000001011000000001 0.52
runproj limit: 0.32
0000100100000000000010110101000000010000000000 0.282
runproj limit: 0.32
0000000100110000100010001001100111010001110000 0.255
runproj limit: 0.32
"timed out"
0100000000000000010011100011000010001001001000 0.52
runproj limit: 0.32
1000000000000000000000000011000101010000100000 0.272
runproj limit: 0.32
1000000000000000000000000011100101010000000000 0.275
runproj limit: 0.32
0000000000000000000000000010100101000000000000 0.25
runproj limit: 0.32
0000000000000000000000000000000100000000000000 0.255
runproj limit: 0.32
0000000000000000000000000000100000000000000000 0.282
runproj limit: 0.32
1000000000000000000000000001000111010000110000 0.262
runproj limit: 0.32
1100000000010000000000000011000111010000100000 0.285
best: 0.9153846153846154
runproj limit: 0.32
0000000000010000100000001001100101010001100000 0.265
runproj limit: 0.32
0000000000000000000000000001000111010000010000 0.238
runproj limit: 0.32
0000000000000000000000000000100001000000000000 0.268
runproj limit: 0.32
0000000000000000000000000010000101010000000000 0.25
runproj limit: 0.32
1000000000000100000010000000000011010000010000 0.27
runproj limit: 0.32
0000000000000000000000000000000110000000100000 0.245
runproj limit: 0.32
1000000000000000000000001001000100010000000000 0.27
runproj limit: 0.32
0000000100000100000010000000000000010001110000 0.282
runproj limit: 0.32
"timed out"
1010000000001000000101001001000011010000110000 0.52
runproj limit: 0.32
"timed out"
1011010100110000100000001001warning: dubious GC time results for wheel-sieve2: [0.31,0.23,0.24,0.22]
warning: dubious GC time results for wheel-sieve2: [0.31,0.23,0.24,0.22]
warning: dubious GC time results for wheel-sieve2: [0.23,0.32,0.25,0.22]
warning: dubious GC time results for wheel-sieve2: [0.23,0.32,0.25,0.22]
warning: dubious run time results for wheel-sieve2: [0.31,0.25,0.33,0.35000002]
warning: dubious GC time results for wheel-sieve2: [0.26,0.21,0.28,0.3]
warning: dubious run time results for wheel-sieve2: [0.31,0.25,0.33,0.35000002]
warning: dubious GC time results for wheel-sieve2: [0.26,0.21,0.28,0.3]
001011011001010110 0.52
runproj limit: 0.32
"timed out"
1100010010001000100010001000100010000100010001 0.52
runproj limit: 0.32
"timed out"
0001000110111001100010001000101101100001110001 0.52
runproj limit: 0.32
"timed out"
1000010000001011010001000001101000010010110010 0.52
runproj limit: 0.32
1000000000000000000000000001000111010000010000 0.275
runproj limit: 0.32
0000000000000000000000000010100101000000000000 0.285
runproj limit: 0.32
0000000100110000100010001001100111010001110000 0.25
runproj limit: 0.32
0000000000000000000000000000000100000000000000 0.26
runproj limit: 0.32
1000000000000000000000000000100001000000100000 0.25
runproj limit: 0.32
0000000000000000000000000000000110000000100000 0.258
runproj limit: 0.32
1000000000000000000000001011000100010000000000 0.252
best: 0.9153846153846154
runproj limit: 0.32
0000000000000100000010000000000111000000100000 0.248
runproj limit: 0.32
"timed out"
0000000000001000010001000000001000010000110010 0.52
runproj limit: 0.32
1000000000000000000000000011000100010000000000 0.25
runproj limit: 0.32
1000000000000000000000000000000110000000100000 0.26
runproj limit: 0.32
0000000000010000000010000001000111010000010000 0.26
runproj limit: 0.32
0000000000000000000000000001000111010000010000 0.255
runproj limit: 0.32
1000000000000000100000001001000100010000000000 0.26
runproj limit: 0.32
0000000100000100000010000001100100010001110000 0.24
runproj limit: 0.32
"timed out"
0101010000001110100010000101000101110101011100 0.52
runproj limit: 0.32
"timed out"
1110111110011000011010000010000011111000000111 0.52
runproj limit: 0.32
"timed out"
1001100000000000010000010000000001000001100011 0.52
runproj limit: 0.32
"timed out"
1000100001100000000010001101100100010000011110 0.52
runproj limit: 0.32
0000000100100000000011010111000000001001010010 0.24
runproj limit: 0.32
0000000000000000000000000001000111010000010000 0.24
runproj limit: 0.32
0000000000000000000000000000000110000000100000 0.238
runproj limit: 0.32
0000000000000000000000000010000101010000000000 0.26
runproj limit: 0.32
0000000100110000100010001001100111010001110000 0.25
runproj limit: 0.32
1000000000000000000000000000100001000000100000 0.248
runproj limit: 0.32
1000000000000000000000001011000100010000000000 0.245
runproj limit: 0.32
0000000000000000000000000000000100000000000000 0.267
best: 0.9153846153846154
runproj limit: 0.32
0000000000100000100000001001100111010001110000 0.252
runproj limit: 0.32
0000000100100100000011000001100100001001110000 0.245
runproj limit: 0.32
1000000000000000000000001001000101010000000000 0.235
runproj limit: 0.32
"timed out"
1010101010000000000000000010000101011000000111 0.52
runproj limit: 0.32
0000000000000000000000001010000110000000000000 0.242
runproj limit: 0.32
0000000100000100100000001001100100010001000000 0.252
runproj limit: 0.32
"timed out"
1100101010010000011010000000000111010000100000 0.52
runproj limit: 0.32
0000000100000100000010000001100111010000010000 0.245
runproj limit: 0.32
"timed out"
0000110000010000000001000111000110110001110000 0.52
runproj limit: 0.32
"timed out"
0110000000000000010110001010100001000010110000 0.52
runproj limit: 0.32
"timed out"
1010010010000100000010000010100101000100001011 0.52
runproj limit: 0.32
"timed out"
1010001100000100001000100011100110000100100011 0.52
runproj limit: 0.32
"timed out"
0001100001000001110000010010011001000001110010 0.52
runproj limit: 0.32
0000000000000000000000000000000110000000100000 0.3
runproj limit: 0.32
0000000100000100000010000001100100010001110000 0.252
runproj limit: 0.32
0000000100100000000011010111000000001001010010 0.242
runproj limit: 0.32
0000000000000000000000000001000111010000010000 0.258
runproj limit: 0.32
1000000000000000000000001011000100010000000000 0.25
runproj limit: 0.32
0000000000000100000010000000000111000000100000 0.248
runproj limit: 0.32
1000000000000000000000000000100001000000100000 0.252
best: 0.9038461538461537
runproj limit: 0.32
0000000000000100000010000010000111000000100000 0.262
runproj limit: 0.32
0000000000000000000000000011000111000000000000 0.245
runproj limit: 0.32
0000000100000000000000000001000110010001110000 0.27
runproj limit: 0.32
0000000100100100000011000001100100001001110000 0.245
runproj limit: 0.32
0000000100000100000000000001000100010001010000 0.24
runproj limit: 0.32
"timed out"
0000000100100001010011010011010001001001010010 0.52
runproj limit: 0.32
0000000100000100000011000011000100000001110010 0.258
runproj limit: 0.32
"timed out"
1010010010000100000010000010100111000100000001 0.52
runproj limit: 0.32
"timed out"
1000100000001001000011001001000100010011110001 0.52
runproj limit: 0.32
"timed out"
0110001000000110010110001000011001000010010101 0.52
runproj limit: 0.32
"timed out"
1001000010010000000000001000110001010000010000 0.52
runproj limit: 0.32
"timed out"
0000000000101000000100011001110100100010101100 0.52
runproj limit: 0.32
"timed out"
0000000100101101011011000110000110010011100010 0.52
runproj limit: 0.32
1000000000000000000000001001000101010000000000 0.25
runproj limit: 0.32
0000000000000000000000001010000110000000000000 0.245
runproj limit: 0.32
0000000100100000000011010111000000001001010010 0.245
runproj limit: 0.32
0000000100100100000011000001100100001001110000 0.265
runproj limit: 0.32
0000000100000100000010000001100111010000010000 0.235
runproj limit: 0.32
0000000000000100000010000000000111000000100000 0.265
runproj limit: 0.32
1000000000000000000000001011000100010000000000 0.24
best: 0.9038461538461537
runproj limit: 0.32
"timed out"
1010010000000100000000000000100111010100000001 0.52
runproj limit: 0.32
1000000100000000000000000001000100010000000000 0.23
runproj limit: 0.32
0000000100000100000010000011100111010000000000 0.248
runproj limit: 0.32
0000000100000100000010000011100011001000010000 0.222
runproj limit: 0.32
"timed out"
0000100000001000000010001011000100010011110000 0.52
runproj limit: 0.32
0000000100000100000011000011100100010001010010 0.255
runproj limit: 0.32
0000000100000100000000000001000100010001010000 0.235
runproj limit: 0.32
1000000000000100000000001001000101010000000000 0.255
runproj limit: 0.32
"timed out"
0100000000000010001001101010000001110000101110 0.52
runproj limit: 0.32
"timed out"
0100011000000100111010101001011000001010010101 0.52
runproj limit: 0.32
"timed out"
1011000010000000100101001111100101010000110100 0.52
runproj limit: 0.32
"timed out"
0001100111101100100100001011001011000011000001 0.52
runproj limit: 0.32
"timed out"
0100101101100001010011010011000101010001011000 0.52
runproj limit: 0.32
0000000100000100000010000001100111010000010000 0.245
runproj limit: 0.32
0000000100000100000000000001000100010001010000 0.278
runproj limit: 0.32
1000000000000000000000001011000100010000000000 0.25
runproj limit: 0.32
0000000000000000000000000011000111000000000000 0.267
runproj limit: 0.32
0000000100100100000011000001100100001001110000 0.262
runproj limit: 0.32
0000000000000000000000001010000110000000000000 0.242
runproj limit: 0.32
0000000100100000000011010111000000001001010010 0.268
best: 0.8538461538461538
runproj limit: 0.32
1000000000000100000010000001100100010000000010 0.26
runproj limit: 0.32
0000000100000100000011000101100000011001010010 0.262
runproj limit: 0.32
"timed out"
1000000010000000000000001011100101010001010000 0.52
runproj limit: 0.32
0000000000000000000010001001000110010000000000 0.25
runproj limit: 0.32
"timed out"
0100000100000100101000101001010100010000000100 0.52
runproj limit: 0.32
0000000100000100000010000001100110011001010000 0.25
runproj limit: 0.32
0000000000000100000000000011000111000000010000 0.27
runproj limit: 0.32
1000000000000000000011000001000001011000000010 0.25
runproj limit: 0.32
"timed out"
0010000101010100010000000010111100110000011000 0.52
runproj limit: 0.32
"timed out"
1010000010101111000001000001000100011111000110 0.52
runproj limit: 0.32
"timed out"
1000000000000001001000000100011010010010010011 0.52
runproj limit: 0.32
"timed out"
0010000100000111010111001011111111000000000101 0.52
runproj limit: 0.32
"timed out"
0000000000010001100100001000001101011000010001 0.52
runproj limit: 0.32
00000001000001000000100000111000110010warning: dubious run time results for wheel-sieve2: [0.34,0.28,0.4,0.29]
warning: dubious GC time results for wheel-sieve2: [0.29,0.23,0.34,0.24]
warning: dubious run time results for wheel-sieve2: [0.34,0.28,0.4,0.29]
warning: dubious GC time results for wheel-sieve2: [0.29,0.23,0.34,0.24]
warning: dubious run time results for wheel-sieve2: [0.29,0.45999998,0.27,0.29999998]
warning: dubious GC time results for wheel-sieve2: [0.24,0.39,0.22,0.24]
warning: dubious run time results for wheel-sieve2: [0.29,0.45999998,0.27,0.29999998]
warning: dubious GC time results for wheel-sieve2: [0.24,0.39,0.22,0.24]
warning: dubious GC time results for wheel-sieve2: [0.36,0.34,0.25,0.26]
warning: dubious GC time results for wheel-sieve2: [0.36,0.34,0.25,0.26]
00010000 0.25
runproj limit: 0.32
1000000100000000000000000001000100010000000000 0.245
runproj limit: 0.32
0000000100000100000000000001000100010001010000 0.275
runproj limit: 0.32
0000000000000000000000001010000110000000000000 0.242
runproj limit: 0.32
0000000100000100000010000001100111010000010000 0.24
runproj limit: 0.32
0000000100000100000010000011100111010000000000 0.24
runproj limit: 0.32
1000000000000000000000001011000100010000000000 0.238
best: 0.9153846153846154
runproj limit: 0.32
1000000100000000000000001011000100010000000000 0.242
runproj limit: 0.32
"timed out"
1000000000000001000100001010001100010000000000 0.52
runproj limit: 0.32
"timed out"
0000000100000100010010000001111110110000010000 0.52
runproj limit: 0.32
0000000100000000000010001001000110010000000000 0.252
runproj limit: 0.32
0000000000000000000010000011000101010000000000 0.25
runproj limit: 0.32
0000000100000100000011000011100001010000000010 0.275
runproj limit: 0.32
0000000100000100000010000011100111001000010000 0.24
runproj limit: 0.32
0000000100000100000011001101000000010001000010 0.255
runproj limit: 0.32
"timed out"
0000000101000111110010000010100011100011110010 0.52
runproj limit: 0.32
"timed out"
0000111000000100011110001011001011111000010101 0.52
runproj limit: 0.32
"timed out"
1100001111001100000010110011010100011000110010 0.52
runproj limit: 0.32
"timed out"
1000010110111100001010110000100110010100001100 0.52
runproj limit: 0.32
"timed out"
1000001000001000110010001100101000011000100000 0.52
runproj limit: 0.32
1000000000000000000000001011000100010000000000 0.265
runproj limit: 0.32
0000000100000100000010000001100111010000010000 0.275
runproj limit: 0.32
0000000100000100000010000011100111010000000000 0.245
runproj limit: 0.32
0000000000000000000000001010000110000000000000 0.272
runproj limit: 0.32
1000000100000000000000000001000100010000000000 0.258
runproj limit: 0.32
0000000000000000000010001001000110010000000000 0.24
runproj limit: 0.32
0000000100000100000010000001100110011001010000 0.24
best: 0.923076923076923
runproj limit: 0.32
0000000000000000000010000001000111010000000000 0.252
runproj limit: 0.32
0000000100000100000010000001000001010000000000 0.25
runproj limit: 0.32
"timed out"
0000010100011100001010000011100110000000000000 0.52
runproj limit: 0.32
1000000100000000000010001001000100010000000000 0.235
runproj limit: 0.32
1000000100000000000000000011000100010000000000 0.242
runproj limit: 0.32
"timed out"
1000001100001100000010010011000100010000110000 0.52
runproj limit: 0.32
0000000100000100000010000011100111010000010000 0.242
runproj limit: 0.32
0000000000000100000000001011100110011000010000 0.24
runproj limit: 0.32
"timed out"
1011101111000100010110000001100110001001000101 0.52
runproj limit: 0.32
"timed out"
0001000110110100010010000001110101111000010001 0.52
runproj limit: 0.32
"timed out"
0001001000001000010010001001000010111000001000 0.52
runproj limit: 0.32
"timed out"
0000001101011110000000100111100011010100010011 0.52
runproj limit: 0.32
"timed out"
0000000100010110101010000101001110010001000001 0.52
runproj limit: 0.32
0000000100000100000010000011100111001000010000 0.242
runproj limit: 0.32
0000000000000000000010001001000110010000000000 0.238
runproj limit: 0.32
0000000100000100000010000001100110011001010000 0.232
runproj limit: 0.32
1000000100000000000000001011000100010000000000 0.248
runproj limit: 0.32
0000000100000100000010000011100111010000000000 0.255
runproj limit: 0.32
0000000000000000000010000011000101010000000000 0.262
runproj limit: 0.32
0000000100000000000010001001000110010000000000 0.24
best: 0.8923076923076924
runproj limit: 0.32
1000000000000000000000001011000101010000000000 0.238
runproj limit: 0.32
0000000100000100000010000001000111010000000000 0.242
runproj limit: 0.32
1000000100000000000000000001000000010000000000 0.232
runproj limit: 0.32
1000000100000100000010000001000110010000010000 0.25
runproj limit: 0.32
"timed out"
1000000100000110101000000101000110010001000000 0.52
runproj limit: 0.32
0000000100000100000010000001000001010000000000 0.248
runproj limit: 0.32
1000000100000100000010000001000110011001010000 0.235
runproj limit: 0.32
1000000100000000000010000011000100010000000000 0.242
runproj limit: 0.32
"timed out"
1100111100001110101011111010000010010000110000 0.52
runproj limit: 0.32
"timed out"
1011001111000100110100000001100110001001001101 0.52
runproj limit: 0.32
"timed out"
0000010100001010001010110001010001010000010000 0.52
runproj limit: 0.32
"timed out"
1010000000010010000110010000000010010111101100 0.52
runproj limit: 0.32
"timed out"
1000010001100010000011100000100110111000111100 0.52
runproj limit: 0.32
0000000100000100000010000001100110011001010000 0.248
runproj limit: 0.32
1000000100000000000010001001000100010000000000 0.245
runproj limit: 0.32
0000000000000000000010001001000110010000000000 0.24
runproj limit: 0.32
0000000000000100000000001011100110011000010000 0.265
runproj limit: 0.32
0000000100000000000010001001000110010000000000 0.238
runproj limit: 0.32
1000000100000000000000000011000100010000000000 0.238
runproj limit: 0.32
0000000100000100000010000011100111010000010000 0.242
best: 0.8923076923076924
runproj limit: 0.32
"timed out"
1000000000000010000110000011000110010110100100 0.52
runproj limit: 0.32
1000000100000000000000000001000000010000000000 0.252
runproj limit: 0.32
1000000000000000000010001001000110010000000000 0.248
runproj limit: 0.32
0000000100000100000010000001000101011001010000 0.265
runproj limit: 0.32
0000000000000000000000001011100101010000000000 0.252
runproj limit: 0.32
"timed out"
1100100100001100100011011010000110010001010000 0.52
runproj limit: 0.32
"timed out"
1010000000010010000110010000000010010111101100 0.52
runproj limit: 0.32
0000000000000000000010001001000110010000000000 0.252
runproj limit: 0.32
"timed out"
0011010100000100000011001011010001010000101100 0.52
runproj limit: 0.32
"timed out"
0000001101001100010000000111000000000100000000 0.52
runproj limit: 0.32
"timed out"
1110011110001110101001111111000010011011110100 0.52
runproj limit: 0.32
"timed out"
1010010100011000001000000111110101000101100000 0.52
runproj limit: 0.32
"timed out"
0101001100100011100000000100000110111000000100 0.52
runproj limit: 0.32
1000000100000000000000000001000000010000000000 0.252
runproj limit: 0.32
1000000100000100000010000001000110011001010000 0.24
runproj limit: 0.32
1000000000000000000000001011000101010000000000 0.245
runproj limit: 0.32
0000000100000000000010001001000110010000000000 0.248
runproj limit: 0.32
1000000100000000000000000011000100010000000000 0.272
runproj limit: 0.32
0000000000000000000010001001000110010000000000 0.242
runproj limit: 0.32
0000000100000100000010000001000111010000000000 0.302
best: 0.923076923076923
done evolving!
"all is well:)"
>>>>>>>>>>>>>>FINISH OPTIMIZATION>>>>>>>>>>>>>>>
916.30user 340.10system 25:25.20elapsed 82%CPU (0avgtext+0avgdata 435932maxresident)k
1068192inputs+1467136outputs (382major+82205483minor)pagefaults 0swaps
