warning: dubious run time results for exp3_8: [0.27,0.44,0.34,0.36]
warning: dubious mut time results for exp3_8: [0.22,0.39,0.29,0.31]
warning: dubious run time results for exp3_8: [0.27,0.44,0.34,0.36]
warning: dubious mut time results for exp3_8: [0.22,0.39,0.29,0.31]
warning: dubious run time results for exp3_8: [0.28,0.42,0.24000001,0.24000001]
warning: dubious mut time results for exp3_8: [0.23,0.32,0.2,0.2]
warning: dubious run time results for exp3_8: [0.28,0.42,0.24000001,0.24000001]
warning: dubious mut time results for exp3_8: [0.23,0.32,0.2,0.2]
warning: dubious run time results for exp3_8: [0.25,0.43,0.24000001,0.25]
warning: dubious mut time results for exp3_8: [0.21,0.38,0.2,0.21]
warning: dubious run time results for exp3_8: [0.25,0.43,0.24000001,0.25]
warning: dubious mut time results for exp3_8: [0.21,0.38,0.2,0.21]
warning: dubious run time results for exp3_8: [0.25,0.27,0.26,0.38]
warning: dubious mut time results for exp3_8: [0.2,0.22,0.21,0.31]
warning: dubious run time results for exp3_8: [0.25,0.27,0.26,0.38]
warning: dubious mut time results for exp3_8: [0.2,0.22,0.21,0.31]
warning: dubious run time results for exp3_8: [0.26,0.25,0.26,0.43]
warning: dubious mut time results for exp3_8: [0.21,0.21,0.21,0.37]
warning: dubious run time results for exp3_8: [0.26,0.25,0.26,0.43]
warning: dubious mut time results for exp3_8: [0.21,0.21,0.21,0.37]
warning: dubious run time results for exp3_8: [0.26,0.55,0.29,0.32000002]
warning: dubious mut time results for exp3_8: [0.21,0.48,0.24,0.27]
warning: dubious run time results for exp3_8: [0.26,0.55,0.29,0.32000002]
warning: dubious mut time results for exp3_8: [0.21,0.48,0.24,0.27]
warning: dubious run time results for exp3_8: [0.24000001,0.35,0.29999998,0.28]
warning: dubious mut time results for exp3_8: [0.2,0.29,0.26,0.24]
warning: dubious run time results for exp3_8: [0.24000001,0.35,0.29999998,0.28]
warning: dubious mut time results for exp3_8: [0.2,0.29,0.26,0.24]
warning: dubious run time results for exp3_8: [0.5,0.35,0.33999997,0.24000001]
warning: dubious mut time results for exp3_8: [0.42,0.31,0.26,0.2]
warning: dubious run time results for exp3_8: [0.5,0.35,0.33999997,0.24000001]
warning: dubious mut time results for exp3_8: [0.42,0.31,0.26,0.2]
warning: dubious run time results for exp3_8: [0.4,0.41000003,0.34,0.26]
warning: dubious mut time results for exp3_8: [0.35,0.3,0.29,0.21]
warning: dubious run time results for exp3_8: [0.4,0.41000003,0.34,0.26]
warning: dubious mut time results for exp3_8: [0.35,0.3,0.29,0.21]
warning: dubious run time results for exp3_8: [0.29,0.3,0.37,0.26]
warning: dubious mut time results for exp3_8: [0.24,0.25,0.32,0.21]
warning: dubious run time results for exp3_8: [0.29,0.3,0.37,0.26]
warning: dubious mut time results for exp3_8: [0.24,0.25,0.32,0.21]
warning: dubious run time results for exp3_8: [0.25,0.29,0.26,0.45]
warning: dubious mut time results for exp3_8: [0.21,0.24,0.22,0.35]
warning: dubious run time results for exp3_8: [0.25,0.29,0.26,0.45]
warning: dubious mut time results for exp3_8: [0.21,0.24,0.22,0.35]
warning: dubious run time results for exp3_8: [0.27,0.41000003,0.34,0.27]
warning: dubious mut time results for exp3_8: [0.22,0.36,0.29,0.22]
warning: dubious run time results for exp3_8: [0.27,0.41000003,0.34,0.27]
warning: dubious mut time results for exp3_8: [0.22,0.36,0.29,0.22]
warning: dubious run time results for exp3_8: [0.44,0.24000001,0.25,0.33]
warning: dubious mut time results for exp3_8: [0.29,0.2,0.2,0.28]
warning: dubious run time results for exp3_8: [0.44,0.24000001,0.25,0.33]
warning: dubious mut time results for exp3_8: [0.29,0.2,0.2,0.28]
warning: dubious run time results for exp3_8: [0.24000001,0.37,0.29999998,0.26999998]
warning: dubious mut time results for exp3_8: [0.2,0.31,0.24,0.21]
warning: dubious run time results for exp3_8: [0.24000001,0.37,0.29999998,0.26999998]
warning: dubious mut time results for exp3_8: [0.2,0.31,0.24,0.21]
warning: dubious run time results for exp3_8: [0.24000001,0.24000001,0.24000001,0.34]
warning: dubious mut time results for exp3_8: [0.2,0.2,0.2,0.29]
warning: dubious run time results for exp3_8: [0.24000001,0.24000001,0.24000001,0.34]
warning: dubious mut time results for exp3_8: [0.2,0.2,0.2,0.29]
warning: dubious run time results for exp3_8: [0.27,0.36,0.26,0.24000001]
warning: dubious mut time results for exp3_8: [0.22,0.3,0.21,0.2]
warning: dubious run time results for exp3_8: [0.27,0.36,0.26,0.24000001]
warning: dubious mut time results for exp3_8: [0.22,0.3,0.21,0.2]
warning: dubious run time results for exp3_8: [0.24000001,0.48000002,0.26,0.24000001]
warning: dubious mut time results for exp3_8: [0.2,0.43,0.21,0.2]
warning: dubious run time results for exp3_8: [0.24000001,0.48000002,0.26,0.24000001]
warning: dubious mut time results for exp3_8: [0.2,0.43,0.21,0.2]
warning: dubious run time results for exp3_8: [0.47,0.25,0.25,0.25]
warning: dubious mut time results for exp3_8: [0.42,0.2,0.2,0.2]
warning: dubious run time results for exp3_8: [0.47,0.25,0.25,0.25]
warning: dubious mut time results for exp3_8: [0.42,0.2,0.2,0.2]
warning: dubious run time results for exp3_8: [0.24000001,0.24000001,0.36,0.24000001]
warning: dubious mut time results for exp3_8: [0.2,0.2,0.31,0.2]
warning: dubious run time results for exp3_8: [0.24000001,0.24000001,0.36,0.24000001]
warning: dubious mut time results for exp3_8: [0.2,0.2,0.31,0.2]
warning: dubious run time results for exp3_8: [0.27,0.39000002,0.26,0.25]
warning: dubious mut time results for exp3_8: [0.22,0.33,0.21,0.21]
warning: dubious run time results for exp3_8: [0.27,0.39000002,0.26,0.25]
warning: dubious mut time results for exp3_8: [0.22,0.33,0.21,0.21]
warning: dubious run time results for exp3_8: [0.26,0.29999998,0.38000003,0.24000001]
warning: dubious mut time results for exp3_8: [0.21,0.26,0.33,0.2]
warning: dubious run time results for exp3_8: [0.26,0.29999998,0.38000003,0.24000001]
warning: dubious mut time results for exp3_8: [0.21,0.26,0.33,0.2]
Optimizing /h/ywang30/nofib/imaginary/exp3_8
>>>>>>>>>>>>>>>START OPTIMIZATION>>>>>>>>>>>>>>>
pop: 13
gens: 15
arch: 7
limit is: 0.353
runproj limit: 0.353
Basetime is: 0.27
runproj limit: 0.353
01000000000000000000100 0.27
runproj limit: 0.353
00100000001000000001000 0.25
runproj limit: 0.353
00000000000100000010000 0.252
runproj limit: 0.353
00000000000100000010000 0.26
runproj limit: 0.353
00000000000000000000000 0.292
runproj limit: 0.353
00100000100100000000000 0.248
runproj limit: 0.353
10000000000000000000000 0.295
runproj limit: 0.353
01000000000011000000001 0.293
runproj limit: 0.353
00001000000000000000001 0.267
runproj limit: 0.353
00100000000000000000000 0.295
runproj limit: 0.353
00000100000000001000000 0.29
runproj limit: 0.353
00001000000010000000000 0.3
runproj limit: 0.353
00000000000000000000000 0.355
best: 0.9185185185185184
runproj limit: 0.353
00000000000100000010000 0.265
runproj limit: 0.353
00100000001000000000000 0.292
runproj limit: 0.353
00100000100100000000000 0.275
runproj limit: 0.353
00000000000011000000001 0.358
runproj limit: 0.353
10100000000000000001000 0.242
runproj limit: 0.353
00001000000000000000001 0.353
runproj limit: 0.353
00100000000000000000000 0.25
runproj limit: 0.353
00001000000000000000001 0.305
runproj limit: 0.353
00100000001111001001000 0.312
runproj limit: 0.353
00000100000010010110011 0.323
runproj limit: 0.353
00001100110001100111100 0.267
runproj limit: 0.353
01100100000110000101001 0.315
runproj limit: 0.353
01100101001100000110000 0.262
runproj limit: 0.353
00100000100100000000000 0.24
runproj limit: 0.353
00100000001000000001000 0.295
runproj limit: 0.353
00000000000100000010000 0.265
runproj limit: 0.353
00001000000000000000001 0.272
runproj limit: 0.353
01000000000000000000100 0.242
runproj limit: 0.353
00000100000000001000000 0.252
runproj limit: 0.353
00000000000000000000000 0.255
best: 0.8888888888888888
runproj limit: 0.353
00100000000000000000000 0.24
runproj limit: 0.353
01100000000100000010000 0.24
runproj limit: 0.353
00000100100000101111000 0.248
runproj limit: 0.353
00000000110001000111000 0.252
runproj limit: 0.353
00100000000100000010000 0.242
runproj limit: 0.353
00000001001100000110000 0.252
runproj limit: 0.353
00000100000001000111100 0.25
runproj limit: 0.353
00100000000010000100000 0.25
runproj limit: 0.353
00000100000000101001010 0.25
runproj limit: 0.353
00110000100000000100100 0.26
runproj limit: 0.353
10110000000101110000100 0.258
runproj limit: 0.353
01010100010001011101101 0.267
runproj limit: 0.353
00110100100101011000011 0.282
runproj limit: 0.353
00100000100100000000000 0.282
runproj limit: 0.353
10100000000000000001000 0.258
runproj limit: 0.353
01000000000000000000100 0.26
runproj limit: 0.353
00100000000000000000000 0.305
runproj limit: 0.353
00000100000000001000000 0.265
runproj limit: 0.353
00000000000000000000000 0.255
runproj limit: 0.353
01100101001100000110000 0.252
best: 0.8888888888888888
runproj limit: 0.353
10100000000000000000000 0.255
runproj limit: 0.353
01100001010101000111000 0.265
runproj limit: 0.353
00000100100000001101000 0.26
runproj limit: 0.353
00000000100100100011000 0.24
runproj limit: 0.353
00000000100001000101100 0.275
runproj limit: 0.353
00100101001000001101000 0.252
runproj limit: 0.353
00000100100000101101000 0.26
runproj limit: 0.353
00100000000100000010000 0.252
runproj limit: 0.353
00000100000001000111100 0.305
runproj limit: 0.353
01101000000010000000010 0.255
runproj limit: 0.353
01100100110001110011000 0.248
runproj limit: 0.353
01110100001100010110011 0.25
runproj limit: 0.353
00110000010011010000000 0.248
runproj limit: 0.353
00100000000000000000000 0.25
runproj limit: 0.353
01100000000100000010000 0.24
runproj limit: 0.353
00100000000100000010000 0.24
runproj limit: 0.353
00000100100000101111000 0.25
runproj limit: 0.353
00000100000001000111100 0.252
runproj limit: 0.353
00100000000010000100000 0.258
runproj limit: 0.353
00000100000000101001010 0.252
best: 0.8888888888888888
runproj limit: 0.353
01100000000010000000010 0.248
runproj limit: 0.353
00000100000010000000000 0.262
runproj limit: 0.353
00100000000000000000000 0.24
runproj limit: 0.353
00000000000000101011010 0.24
runproj limit: 0.353
00000000100101000111100 0.26
runproj limit: 0.353
01100000000110000000000 0.252
runproj limit: 0.353
01100100000100000010010 0.25
runproj limit: 0.353
01101000100010100011000 0.268
runproj limit: 0.353
00100010101101000000010 0.24
runproj limit: 0.353
01010000010010010100010 0.252
runproj limit: 0.353
01101001000100000010101 0.255
runproj limit: 0.353
10000101101100000101100 0.245
runproj limit: 0.353
11100000000000000100111 0.248
runproj limit: 0.353
00000000100100100011000 0.24
runproj limit: 0.353
01100000000100000010000 0.24
runproj limit: 0.353
00100000000100000010000 0.245
runproj limit: 0.353
01100100110001110011000 0.248
runproj limit: 0.353
00110000010011010000000 0.25
runproj limit: 0.353
01110100001100010110011 0.245
runproj limit: 0.353
00100000000000000000000 0.24
best: 0.8888888888888888
runproj limit: 0.353
11100000100100000100000 0.248
runproj limit: 0.353
00100000110101110111100 0.242
runproj limit: 0.353
01100000000100000000000 0.25
runproj limit: 0.353
00110000000010010010000 0.248
runproj limit: 0.353
00110000000011010000000 0.265
runproj limit: 0.353
00000000000000101011010 0.27
runproj limit: 0.353
01100100000100000010000 0.262
runproj limit: 0.353
00100010100000000000010 0.245
runproj limit: 0.353
01010100001110010111001 0.25
runproj limit: 0.353
10010100000000000000100 0.258
runproj limit: 0.353
11100110001110001000010 0.248
runproj limit: 0.353
10010101001110010101100 0.245
runproj limit: 0.353
01110000001110100010001 0.242
runproj limit: 0.353
00100000000000000000000 0.258
runproj limit: 0.353
00000000000000101011010 0.242
runproj limit: 0.353
00100010101101000000010 0.245
runproj limit: 0.353
00000000100100100011000 0.248
runproj limit: 0.353
01100000000100000010000 0.24
runproj limit: 0.353
10000101101100000101100 0.258
runproj limit: 0.353
00100000000100000010000 0.24
best: 0.8888888888888888
runproj limit: 0.353
00000010000110101000000 0.25
runproj limit: 0.353
01110000001110100010001 0.235
runproj limit: 0.353
11100110001110011010000 0.252
runproj limit: 0.353
00100000000100000010000 0.262
runproj limit: 0.353
00100000110101110101000 0.248
runproj limit: 0.353
00000000000101101111010 0.25
runproj limit: 0.353
01100000000100000100000 0.258
runproj limit: 0.353
00100010000000101001010 0.252
runproj limit: 0.353
01100100000001111010100 0.255
runproj limit: 0.353
11111010101001010011100 0.262
runproj limit: 0.353
01111000000100000110000 0.268
runproj limit: 0.353
10101000101101110111000 0.26
runproj limit: 0.353
01110000000111100010011 0.24
runproj limit: 0.353
01100000000100000010000 0.24
runproj limit: 0.353
00100000000100000010000 0.293
runproj limit: 0.353
00100000110101110111100 0.242
runproj limit: 0.353
01110000001110100010001 0.255
runproj limit: 0.353
00000000000000101011010 0.265
runproj limit: 0.353
00100010100000000000010 0.295
runproj limit: 0.353
10010101001110010101100 0.242
best: 0.8703703703703702
runproj limit: 0.353
01110000001100100110001 0.245
runproj limit: 0.353
01100010000100100010011 0.242
runproj limit: 0.353
01100000110101110010000 0.255
runproj limit: 0.353
01101010101100010101000 0.26
runproj limit: 0.353
11110000001100010011100 0.248
runproj limit: 0.353
01100010000000000000010 0.245
runproj limit: 0.353
11001010101010010010100 0.275
runproj limit: 0.353
00100010000110110110000 0.245
runproj limit: 0.353
00001100000001101111000 0.265
runproj limit: 0.353
11000000000100000111100 0.252
runproj limit: 0.353
10000111100000101001010 0.258
runproj limit: 0.353
00000011000101000000001 0.252
runproj limit: 0.353
11100100010001100010100 0.255
runproj limit: 0.353
01110000001110100010001 0.242
runproj limit: 0.353
01110000000111100010011 0.255
runproj limit: 0.353
01100000000100000010000 0.242
runproj limit: 0.353
00100000110101110111100 0.242
runproj limit: 0.353
10010101001110010101100 0.242
runproj limit: 0.353
00100000110101110101000 0.25
runproj limit: 0.353
000000100001101010warning: dubious run time results for exp3_8: [0.44,0.24000001,0.36,0.24000001]
warning: dubious mut time results for exp3_8: [0.4,0.2,0.31,0.2]
warning: dubious run time results for exp3_8: [0.44,0.24000001,0.36,0.24000001]
warning: dubious mut time results for exp3_8: [0.4,0.2,0.31,0.2]
warning: dubious run time results for exp3_8: [0.27,0.34,0.25,0.24000001]
warning: dubious mut time results for exp3_8: [0.22,0.3,0.21,0.2]
warning: dubious run time results for exp3_8: [0.27,0.34,0.25,0.24000001]
warning: dubious mut time results for exp3_8: [0.22,0.3,0.21,0.2]
warning: dubious mut time results for exp3_8: [0.2,0.2,0.29,0.27]
warning: dubious mut time results for exp3_8: [0.2,0.2,0.29,0.27]
warning: dubious run time results for exp3_8: [0.26,0.24000001,0.24000001,0.49]
warning: dubious mut time results for exp3_8: [0.21,0.2,0.2,0.44]
warning: dubious run time results for exp3_8: [0.26,0.24000001,0.24000001,0.49]
warning: dubious mut time results for exp3_8: [0.21,0.2,0.2,0.44]
warning: dubious run time results for exp3_8: [0.22999999,0.24000001,0.31,0.70000005]
warning: dubious mut time results for exp3_8: [0.19,0.2,0.27,0.66]
warning: dubious run time results for exp3_8: [0.22999999,0.24000001,0.31,0.70000005]
warning: dubious mut time results for exp3_8: [0.19,0.2,0.27,0.66]
warning: dubious run time results for exp3_8: [2.85,0.26,0.47,2.3899999]
warning: dubious mut time results for exp3_8: [1.28,0.21,0.25,2.34]
warning: dubious GC time results for exp3_8: [1.57,5.0e-2,0.22,5.0e-2]
warning: dubious run time results for exp3_8: [2.85,0.26,0.47,2.3899999]
warning: dubious mut time results for exp3_8: [1.28,0.21,0.25,2.34]
warning: dubious GC time results for exp3_8: [1.57,5.0e-2,0.22,5.0e-2]
warning: dubious run time results for exp3_8: [0.22999999,0.38,0.22999999,0.31]
warning: dubious mut time results for exp3_8: [0.19,0.34,0.19,0.27]
warning: dubious run time results for exp3_8: [0.22999999,0.38,0.22999999,0.31]
warning: dubious mut time results for exp3_8: [0.19,0.34,0.19,0.27]
warning: dubious run time results for exp3_8: [0.52,0.3,0.86,0.28]
warning: dubious mut time results for exp3_8: [0.37,0.22,0.66,0.23]
warning: dubious run time results for exp3_8: [0.52,0.3,0.86,0.28]
warning: dubious mut time results for exp3_8: [0.37,0.22,0.66,0.23]
warning: dubious run time results for exp3_8: [0.24000001,0.24000001,0.29000002,1.1]
warning: dubious GC time results for exp3_8: [4.0e-2,4.0e-2,9.0e-2,0.85]
warning: dubious run time results for exp3_8: [0.24000001,0.24000001,0.29000002,1.1]
warning: dubious GC time results for exp3_8: [4.0e-2,4.0e-2,9.0e-2,0.85]
00000 0.24
best: 0.8888888888888888
runproj limit: 0.353
00100101011110110111100 0.25
runproj limit: 0.353
00100000110100100111111 0.245
runproj limit: 0.353
00100011010101010000101 0.245
runproj limit: 0.353
01100010000100100010011 0.245
runproj limit: 0.353
00010111001101010101100 0.25
runproj limit: 0.353
01100000000000100010000 0.242
runproj limit: 0.353
01110000000101100010001 0.252
runproj limit: 0.353
10000110100101111001010 0.25
runproj limit: 0.353
11101011000011010000000 0.265
runproj limit: 0.353
11000010000101100111100 0.248
runproj limit: 0.353
01110010100000100010011 0.242
runproj limit: 0.353
10000010001100101001000 0.24
runproj limit: 0.353
00000010000100111110000 0.248
runproj limit: 0.353
00000010000110101000000 0.24
runproj limit: 0.353
01100010000100100010011 0.248
runproj limit: 0.353
01110000001110100010001 0.242
runproj limit: 0.353
01100000000100000010000 0.24
runproj limit: 0.353
00100000110101110111100 0.245
runproj limit: 0.353
10010101001110010101100 0.24
runproj limit: 0.353
01110000001100100110001 0.25
best: 0.8888888888888888
runproj limit: 0.353
00000010001110101001000 0.32
runproj limit: 0.353
00100010000100101110000 0.248
runproj limit: 0.353
00000010110101110110000 0.25
runproj limit: 0.353
10000111001110111001100 0.242
runproj limit: 0.353
01111010100010100000011 0.27
runproj limit: 0.353
00100000010111110111100 0.242
runproj limit: 0.353
00010111001101010101100 0.252
runproj limit: 0.353
10010010001110011001000 0.24
runproj limit: 0.353
01010101001110110111111 0.245
runproj limit: 0.353
01010110100000001001010 0.25
runproj limit: 0.353
01010010100100101011001 0.24
runproj limit: 0.353
00111000001110101110111 0.258
runproj limit: 0.353
00111010011110110110001 0.278
runproj limit: 0.353
10000010001100101001000 0.26
runproj limit: 0.353
00000010000110101000000 0.24
runproj limit: 0.353
01100000000100000010000 0.245
runproj limit: 0.353
10010101001110010101100 0.26
runproj limit: 0.353
01100000000000100010000 0.24
runproj limit: 0.353
01110010100000100010011 0.25
runproj limit: 0.353
01110000001110100010001 0.238
best: 0.8814814814814814
runproj limit: 0.353
10010000011111011111100 0.255
runproj limit: 0.353
11000000001110100011000 0.275
runproj limit: 0.353
01000010100100101010000 0.24
runproj limit: 0.353
01010010000000101010011 0.248
runproj limit: 0.353
01010000100110001000000 0.252
runproj limit: 0.353
01100000010101100110100 0.25
runproj limit: 0.353
01110010100100101110101 0.242
runproj limit: 0.353
00100010000110101010000 0.252
runproj limit: 0.353
00100010010010101100110 0.25
runproj limit: 0.353
10100011101100011000010 0.242
runproj limit: 0.353
00011110011111100100001 0.26
runproj limit: 0.353
01000000000100110111010 0.258
runproj limit: 0.353
00010010001011000000000 0.242
runproj limit: 0.353
01110000001110100010001 0.238
runproj limit: 0.353
10010010001110011001000 0.24
runproj limit: 0.353
01010010100100101011001 0.25
runproj limit: 0.353
00000010000110101000000 0.248
runproj limit: 0.353
01100000000000100010000 0.24
runproj limit: 0.353
10000111001110111001100 0.245
runproj limit: 0.353
00100000010111110111100 0.248
best: 0.8814814814814814
runproj limit: 0.353
00100000000111010101000 0.25
runproj limit: 0.353
00010010000111100110000 0.242
runproj limit: 0.353
00110010000000000000000 0.24
runproj limit: 0.353
01010000000100101010011 0.24
runproj limit: 0.353
10000110000110101001100 0.25
runproj limit: 0.353
00011010011111000000001 0.262
runproj limit: 0.353
01110000000000100010001 0.24
runproj limit: 0.353
00010010001011100000001 0.245
runproj limit: 0.353
01110000011110011110001 0.245
runproj limit: 0.353
10001000001110111110100 0.267
runproj limit: 0.353
01000101111100111001101 0.24
runproj limit: 0.353
11110100100000100000000 0.242
runproj limit: 0.353
00100010010101111011000 0.25
runproj limit: 0.353
01110000001110100010001 0.24
runproj limit: 0.353
01000010100100101010000 0.25
runproj limit: 0.353
10010010001110011001000 0.24
runproj limit: 0.353
01100000000000100010000 0.24
runproj limit: 0.353
01110010100100101110101 0.242
runproj limit: 0.353
10100011101100011000010 0.238
runproj limit: 0.353
00010010001011000000000 0.242
best: 0.8814814814814814
runproj limit: 0.353
01110000101110011010000 0.293
runproj limit: 0.353
01110000000000100010010 0.24
runproj limit: 0.353
01110000000000100000001 0.248
runproj limit: 0.353
01100000000100101010001 0.248
runproj limit: 0.353
00100010000100001111101 0.272
runproj limit: 0.353
00000100001100111001100 0.272
runproj limit: 0.353
11110000000000100010001 0.252
runproj limit: 0.353
01110010001011100000000 0.24
runproj limit: 0.353
11001000010100101011101 0.272
runproj limit: 0.353
00100010101100000000000 0.238
runproj limit: 0.353
10110001101110011100010 0.255
runproj limit: 0.353
10010000011000111001101 0.252
runproj limit: 0.353
01010000000001000000011 0.308
runproj limit: 0.353
10100011101100011000010 0.24
runproj limit: 0.353
00110010000000000000000 0.255
runproj limit: 0.353
01010000000100101010011 0.252
runproj limit: 0.353
01110000000000100010001 0.285
runproj limit: 0.353
01000101111100111001101 0.27
runproj limit: 0.353
01110000001110100010001 0.248
runproj limit: 0.353
10010010001110011001000 0.24
best: 0.8814814814814814
runproj limit: 0.353
01110000001100100000001 0.25
runproj limit: 0.353
00100010101100000000000 0.238
runproj limit: 0.353
00100010101100000000000 0.235
runproj limit: 0.353
01110000001110100010001 0.245
runproj limit: 0.353
01110000000000100000001 0.242
runproj limit: 0.353
00110010001000000000000 0.37
runproj limit: 0.353
01000100001100101010101 0.252
runproj limit: 0.353
11110001001110001100000 0.24
runproj limit: 0.353
00111100000000001010010 0.28
runproj limit: 0.353
10011000011000110001001 0.27
runproj limit: 0.353
01110100001101000000000 0.248
runproj limit: 0.353
00110011001010111000000 1.492
runproj limit: 0.353
10110110011000100000011 0.25
runproj limit: 0.353
00100010101100000000000 0.24
runproj limit: 0.353
01110000000000100010010 0.24
runproj limit: 0.353
01110010001011100000000 0.24
runproj limit: 0.353
10100011101100011000010 0.242
runproj limit: 0.353
10010010001110011001000 0.248
runproj limit: 0.353
01110000000000100000001 0.24
runproj limit: 0.353
01100000000100101010001 0.242
best: 0.8703703703703702
runproj limit: 0.353
01110000000000001010011 0.24
runproj limit: 0.353
00100010101100000000000 0.288
runproj limit: 0.353
00100010101100000000000 0.238
runproj limit: 0.353
10110000011010110000001 0.248
runproj limit: 0.353
01100000000100101000001 0.242
runproj limit: 0.353
01100010101101000000000 0.49
runproj limit: 0.353
01111000000000001000001 0.265
runproj limit: 0.353
11110010001111010001000 0.25
runproj limit: 0.353
01000100000000100000011 0.255
runproj limit: 0.353
10100000111111000100000 0.468
runproj limit: 0.353
01011000100000100000101 0.265
runproj limit: 0.353
11010101001000001110100 0.245
runproj limit: 0.353
11110000100101111000100 0.25
runproj limit: 0.353
00100010101100000000000 0.248
runproj limit: 0.353
11110001001110001100000 0.25
runproj limit: 0.353
01110000000000100010010 0.242
runproj limit: 0.353
01110010001011100000000 0.242
runproj limit: 0.353
01110000000000100000001 0.242
runproj limit: 0.353
10100011101100011000010 0.242
runproj limit: 0.353
01100000000100101010001 0.24
best: 0.8814814814814814
done evolving!
"all is well:)"
>>>>>>>>>>>>>>FINISH OPTIMIZATION>>>>>>>>>>>>>>>
725.79user 880.29system 50:20.59elapsed 53%CPU (0avgtext+0avgdata 126692maxresident)k
1280624inputs+1575976outputs (1814major+70047637minor)pagefaults 0swaps
Optimizing /h/ywang30/nofib/imaginary/exp3_8
>>>>>>>>>>>>>>>START OPTIMIZATION>>>>>>>>>>>>>>>
pop: 13
gens: 15
arch: 7
limit is: 0.24
runproj limit: 0.24
Basetime is: 0.24
runproj limit: 0.24
01000000000000000000100 0.242
runproj limit: 0.24
00100000001000000001000 0.245
runproj limit: 0.24
00000000000100000010000 0.24
runproj limit: 0.24
00000000000100000010000 0.24
runproj limit: 0.24
00000000000000000000000 0.24
runproj limit: 0.24
00100000100100000000000 0.245
runproj limit: 0.24
10000000000000000000000 0.242
runproj limit: 0.24
01000000000011000000001 0.24
runproj limit: 0.24
00001000000000000000001 0.26
runproj limit: 0.24
00100000000000000000000 0.24
runproj limit: 0.24
00000100000000001000000 0.25
runproj limit: 0.24
00001000000010000000000 0.262
runproj limit: 0.24
00000000000000000000000 0.248
best: 1.0
runproj limit: 0.24
00000000000000000010000 0.24
runproj limit: 0.24
00000000000100000000000 0.242
runproj limit: 0.24
01100000000000000000000 0.24
runproj limit: 0.24
00000000000011000000001 0.24
runproj limit: 0.24
10000000000000000000000 0.24
runproj limit: 0.24
00000000000000000000000 0.24
runproj limit: 0.24
01100000000000000000000 0.24
runproj limit: 0.24
10000000000000000000000 0.248
runproj limit: 0.24
00000000000011001010000 0.24
runproj limit: 0.24
00000100000010010110011 0.25
runproj limit: 0.24
01001100110001100111000 0.26
runproj limit: 0.24
01000100100110000111001 0.25
runproj limit: 0.24
01100101001100000110000 0.245
runproj limit: 0.24
00000000000100000010000 0.24
runproj limit: 0.24
00000000000000000000000 0.242
runproj limit: 0.24
01000000000011000000001 0.245
runproj limit: 0.24
00100000000000000000000 0.24
runproj limit: 0.24
01000000000000000000100 0.24
runproj limit: 0.24
10000000000000000000000 0.248
runproj limit: 0.24
00100000001000000001000 0.24
best: 1.0
runproj limit: 0.24
00000000000000000000000 0.245
runproj limit: 0.24
01100000000100000010000 0.24
runproj limit: 0.24
00000000000000000000000 0.242
runproj limit: 0.24
00000000000000000000000 0.24
runproj limit: 0.24
01000000000000000000000 0.245
runproj limit: 0.24
00100000000011000000000 0.24
runproj limit: 0.24
00000000000001000010000 0.245
runproj limit: 0.24
00100000000010000100000 0.245
runproj limit: 0.24
00100000000000100001010 0.24
runproj limit: 0.24
00010000000000000110100 0.248
runproj limit: 0.24
11110000000101110000100 0.245
runproj limit: 0.24
01110100110001011111101 0.24
runproj limit: 0.24
00010100000010010010011 0.25
runproj limit: 0.24
00000000000000000010000 0.24
runproj limit: 0.24
01100000000000000000000 0.24
runproj limit: 0.24
00000000000011000000001 0.242
runproj limit: 0.24
10000000000000000000000 0.242
runproj limit: 0.24
00000000000000000000000 0.24
runproj limit: 0.24
00000000000011001010000 0.24
runproj limit: 0.24
00000000000100000010000 0.24
best: 1.0
runproj limit: 0.24
01100000000000100001000 0.24
runproj limit: 0.24
00000000000100000000000 0.242
runproj limit: 0.24
01100000000000000010000 0.24
runproj limit: 0.24
00000000000000000000000 0.245
runproj limit: 0.24
10000000000001000000000 0.24
runproj limit: 0.24
01000000000000000000000 0.245
runproj limit: 0.24
00100000000011000000001 0.24
runproj limit: 0.24
00000000000000000000000 0.242
runproj limit: 0.24
00000000000000000000000 0.242
runproj limit: 0.24
01001000000010000000010 0.265
runproj limit: 0.24
01100000010001011100000 0.248
runproj limit: 0.24
00010001000100010010011 0.25
runproj limit: 0.24
01100100100000001011101 0.245
runproj limit: 0.24
01100000000100000010000 0.24
runproj limit: 0.24
00000000000000000000000 0.242
runproj limit: 0.24
00100000000011000000000 0.245
runproj limit: 0.24
00100000000000100001010 0.24
runproj limit: 0.24
01110100110001011111101 0.248
runproj limit: 0.24
00000000000000000010000 0.242
runproj limit: 0.24
01100000000000000000000 0.24
best: 1.0
runproj limit: 0.24
10000000000000000000000 0.245
runproj limit: 0.24
00100000000011000000001 0.24
runproj limit: 0.24
01100000000100000010000 0.24
runproj limit: 0.24
01100000000000000001000 0.24
runproj limit: 0.24
10000000000011000000001 0.24
runproj limit: 0.24
00000000000011000000000 0.24
runproj limit: 0.24
11000000000000100000000 0.245
runproj limit: 0.24
00000000000100100001010 0.24
runproj limit: 0.24
01000010001001000010010 0.24
runproj limit: 0.24
01010000010011010000011 0.25
runproj limit: 0.24
00001001000000000000101 0.272
runproj limit: 0.24
11100001001100001010100 0.242
runproj limit: 0.24
00100000000000100101111 0.248
runproj limit: 0.24
01100000000000100001000 0.24
runproj limit: 0.24
01100000000000000010000 0.24
runproj limit: 0.24
10000000000001000000000 0.24
runproj limit: 0.24
00100000000011000000001 0.245
runproj limit: 0.24
01100000000100000010000 0.245
runproj limit: 0.24
00100000000000100001010 0.24
runproj limit: 0.24
01100000000000000000000 0.24
best: 1.0
runproj limit: 0.24
11100000000100001010000 0.24
runproj limit: 0.24
00000000000010100001011 0.245
runproj limit: 0.24
01100000000000000000000 0.24
runproj limit: 0.24
00100000000010000010000 0.24
runproj limit: 0.24
00000000000011000000000 0.24
runproj limit: 0.24
00000000000011100001000 0.245
runproj limit: 0.24
11100000000000100010000 0.24
runproj limit: 0.24
00000010000011000010010 0.242
runproj limit: 0.24
00000000000010100000000 0.245
runproj limit: 0.24
11010100000000000000100 0.25
runproj limit: 0.24
10000110101010001010010 0.248
runproj limit: 0.24
00010000100110110001010 0.245
runproj limit: 0.24
00100100000010010101000 0.245
runproj limit: 0.24
00100000000011000000001 0.245
runproj limit: 0.24
01100000000100000010000 0.24
runproj limit: 0.24
01100000000000000001000 0.24
runproj limit: 0.24
10000000000011000000001 0.24
runproj limit: 0.24
00000000000011000000000 0.242
runproj limit: 0.24
00000000000100100001010 0.24
runproj limit: 0.24
01000010001001000010010 0.245
best: 1.0
runproj limit: 0.24
10000000000011000000001 0.24
runproj limit: 0.24
10000000000010000101000 0.25
runproj limit: 0.24
11100000000000000010000 0.24
runproj limit: 0.24
00000000000011110001000 0.25
runproj limit: 0.24
01100000000000000001000 0.24
runproj limit: 0.24
01100000000000000001000 0.248
runproj limit: 0.24
01100000000100001010000 0.24
runproj limit: 0.24
01000000000100000000000 0.252
runproj limit: 0.24
01110100000001101010100 0.25
runproj limit: 0.24
01101111100100000110000 0.265
runproj limit: 0.24
00011000000011000100000 0.26
runproj limit: 0.24
10101000011010000010100 0.26
runproj limit: 0.24
00000010001010000010000 0.242
runproj limit: 0.24
11100000000100001010000 0.245
runproj limit: 0.24
01100000000000000000000 0.24
runproj limit: 0.24
00100000000010000010000 0.248
runproj limit: 0.24
00000000000011000000000 0.24
runproj limit: 0.24
11100000000000100010000 0.24
runproj limit: 0.24
01100000000100000010000 0.24
runproj limit: 0.24
01100000000000000001000 0.24
best: 1.0
runproj limit: 0.24
01100000000001000000000 0.24
runproj limit: 0.24
01000000000000000001000 0.245
runproj limit: 0.24
00100000001000000010000 0.245
runproj limit: 0.24
01101010100100000010000 0.262
runproj limit: 0.24
01100000000100000000000 0.24
runproj limit: 0.24
01000000000100001000000 0.242
runproj limit: 0.24
01101010100100000110000 0.265
runproj limit: 0.24
01100000000000000010000 0.24
runproj limit: 0.24
01101100000100000001010 0.258
runproj limit: 0.24
00000000000000100111100 0.245
runproj limit: 0.24
10100101100011000000000 0.245
runproj limit: 0.24
00100011000010110011001 0.248
runproj limit: 0.24
11110100010001110010100 0.25
runproj limit: 0.24
10000000000011000000001 0.24
runproj limit: 0.24
11100000000000000010000 0.245
runproj limit: 0.24
01100000000000000001000 0.24
runproj limit: 0.24
01100000000100001010000 0.24
runproj limit: 0.24
01100000000000000000000 0.24
runproj limit: 0.24
00000000000011000000000 0.24
runproj limit: 0.24
11100000000000100010000 0.24
best: 1.0
runproj limit: 0.24
01100000000100000000000 0.24
runproj limit: 0.24
01100000000100001010000 0.24
runproj limit: 0.24
11100000000100000010000 0.24
runproj limit: 0.24
01100000000001000001000 0.24
runproj limit: 0.24
11100000000000000010000 0.24
runproj limit: 0.24
01100000000001110010000 0.25
runproj limit: 0.24
11100000000000000001000 0.24
runproj limit: 0.24
10100100100011000000000 0.248
runproj limit: 0.24
11001001000111011000010 0.262
runproj limit: 0.24
00000010000001000111100 0.25
runproj limit: 0.24
00110000101100000010000 0.24
runproj limit: 0.24
01100000001010100011000 0.24
runproj limit: 0.24
11100000000010110100000 0.248
runproj limit: 0.24
01100000000001000000000 0.24
runproj limit: 0.24
01100000000100000000000 0.24
runproj limit: 0.24
01100000000000000010000 0.24
runproj limit: 0.24
10000000000011000000001 0.242
runproj limit: 0.24
01100000000000000001000 0.24
runproj limit: 0.24
01100000000100001010000 0.24
runproj limit: 0.24
01100000000000000000000 0.24
best: 1.0
runproj limit: 0.24
11100000001100100011000 0.24
runproj limit: 0.24
01100000000000000000000 0.24
runproj limit: 0.24
01100000000100000000000 0.24
runproj limit: 0.24
01100000000000100011000 0.24
runproj limit: 0.24
01101000000110001000000 0.262
runproj limit: 0.24
01100000000000000001000 0.24
runproj limit: 0.24
11100000000000000010000 0.248
runproj limit: 0.24
01100000001000000011000 0.232
runproj limit: 0.24
10100000000100101000011 0.24
runproj limit: 0.24
00010100101100101001001 0.252
runproj limit: 0.24
00010000101000001011010 0.24
runproj limit: 0.24
11111000111010001011000 0.26
runproj limit: 0.24
00101010010000010110000 0.26
runproj limit: 0.24
01100000000100000000000 0.24
runproj limit: 0.24
01100000000100001010000 0.245
runproj limit: 0.24
11100000000100000010000 0.24
runproj limit: 0.24
01100000000001000001000 0.24
runproj limit: 0.24
11100000000000000010000 0.245
runproj limit: 0.24
11100000000000000001000 0.24
runproj limit: 0.24
00110000101100000010000 0.248
best: 0.9666666666666668
runproj limit: 0.24
01100000001000000001000 0.242
runproj limit: 0.24
00100000100100000010000 0.24
runproj limit: 0.24
00100000100000001010000 0.24
runproj limit: 0.24
11100000000000000001000 0.24
runproj limit: 0.24
00010000101000101000001 0.24
runproj limit: 0.24
00100000000100001000001 0.24
runproj limit: 0.24
00110000101000001011010 0.24
runproj limit: 0.24
01100000001000000001010 0.24
runproj limit: 0.24
01000000010100000101110 0.248
runproj limit: 0.24
11000001101110111010010 0.25
runproj limit: 0.24
11000100001101110001000 0.252
runproj limit: 0.24
11000000000100110111010 0.255
runproj limit: 0.24
11100000001101011010000 0.25
runproj limit: 0.24
01100000001000000011000 0.24
runproj limit: 0.24
11100000001100100011000 0.24
runproj limit: 0.24
01100000000000000000000 0.24
runproj limit: 0.24
01100000000100000000000 0.24
runproj limit: 0.24
01100000000000100011000 0.245
runproj limit: 0.24
01100000000000000001000 0.24
runproj limit: 0.24
10100000000100101000011 0.242
best: 1.0
runproj limit: 0.24
10100000000100101010000 0.245
runproj limit: 0.24
10100000000101111000011 0.255
runproj limit: 0.24
01100000000000000100000 0.25
runproj limit: 0.24
01100000000000000001000 0.24
runproj limit: 0.24
00100000100000001000000 0.255
runproj limit: 0.24
01100000000100000011000 0.248
runproj limit: 0.24
01100000000000100011000 0.245
runproj limit: 0.24
00100000100100000010000 0.245
runproj limit: 0.24
01100000010000111100000 0.252
runproj limit: 0.24
01101111000000000110000 0.27
runproj limit: 0.24
10100010111010000001011 0.242
runproj limit: 0.24
11100100100110000001001 0.248
runproj limit: 0.24
10100010000110100100111 0.25
runproj limit: 0.24
00100000100100000010000 0.24
runproj limit: 0.24
00100000100000001010000 0.242
runproj limit: 0.24
11100000000000000001000 0.24
runproj limit: 0.24
00010000101000101000001 0.248
runproj limit: 0.24
00100000000100001000001 0.24
runproj limit: 0.24
00110000101000001011010 0.242
runproj limit: 0.24
01100000001000000001010 0.24
best: 1.0
runproj limit: 0.24
01100000100000111000000 0.25
runproj limit: 0.24
01100000000100000001001 0.242
runproj limit: 0.24
01100100000110100001000 0.25
runproj limit: 0.24
11100000000000100011000 0.24
runproj limit: 0.24
10100000000100101000001 0.24
runproj limit: 0.24
11100010000010000001010 0.24
runproj limit: 0.24
01100000000000000011000 0.24
runproj limit: 0.24
00100000100000000000000 0.24
runproj limit: 0.24
10011010110100001101001 0.268
runproj limit: 0.24
01110000101100000100000 0.248
runproj limit: 0.24
00110010100010001110000 0.242
runproj limit: 0.24
11100010010110100001101 0.24
runproj limit: 0.24
01100000000101101011000 0.242
runproj limit: 0.24
01100000000000000001000 0.24
runproj limit: 0.24
00100000100100000010000 0.24
runproj limit: 0.24
11100000000000000001000 0.24
runproj limit: 0.24
00100000000100001000001 0.24
runproj limit: 0.24
01100000001000000001010 0.24
runproj limit: 0.24
10100010111010000001011 0.238
runproj limit: 0.24
00100000100000001010000 0.242
best: 0.9916666666666667
runproj limit: 0.24
00100010001000001001011 0.24
runproj limit: 0.24
01100000000100000011000 0.245
runproj limit: 0.24
01100000000100000001001 0.24
runproj limit: 0.24
00100010001010000011010 0.242
runproj limit: 0.24
00100000000101101010001 0.242
runproj limit: 0.24
01100000000010000001000 0.242
runproj limit: 0.24
11100000000000000001010 0.24
runproj limit: 0.24
10100010110110101001011 0.242
runproj limit: 0.24
10101110000010101011001 0.262
runproj limit: 0.24
11101010010110101001001 0.265
runproj limit: 0.24
10100110111001100011010 0.245
runproj limit: 0.24
00000011111110100000011 0.252
runproj limit: 0.24
10100100011100101000010 0.25
runproj limit: 0.24
10100010111010000001011 0.24
runproj limit: 0.24
11100000000000100011000 0.24
runproj limit: 0.24
10100000000100101000001 0.24
runproj limit: 0.24
11100010000010000001010 0.24
runproj limit: 0.24
01100000000000000011000 0.24
runproj limit: 0.24
00100000100000000000000 0.255
runproj limit: 0.24
11100010010110100001101 0.24
best: 1.0
runproj limit: 0.24
00100011101010100000010 0.25
runproj limit: 0.24
01100000000100000001001 0.24
runproj limit: 0.24
01100000111000000001001 0.245
runproj limit: 0.24
01100000000000000001010 0.245
runproj limit: 0.24
10100010001110100001011 0.24
runproj limit: 0.24
10100010111001000001011 0.245
runproj limit: 0.24
00000010000101100010001 0.24
runproj limit: 0.24
00100000000000001011000 0.24
runproj limit: 0.24
01010100000010000001010 0.252
runproj limit: 0.24
01100000010001000101010 0.25
runproj limit: 0.24
00001000100101101010101 0.27
runproj limit: 0.24
11000110000100000011110 0.255
runproj limit: 0.24
00110010001001111001110 0.25
runproj limit: 0.24
00100010001000001001011 0.245
runproj limit: 0.24
01100000000100000001001 0.24
runproj limit: 0.24
11100000000000000001010 0.24
runproj limit: 0.24
10100010111010000001011 0.24
runproj limit: 0.24
11100000000000100011000 0.245
runproj limit: 0.24
10100000000100101000001 0.24
runproj limit: 0.24
11100010000010000001010 0.24
best: 1.0
done evolving!
"all is well:)"
>>>>>>>>>>>>>>FINISH OPTIMIZATION>>>>>>>>>>>>>>>
694.46user 260.10system 17:31.96elapsed 90%CPU (0avgtext+0avgdata 109584maxresident)k
1067008inputs+1472808outputs (590major+70012554minor)pagefaults 0swaps
