warning: dubious run time results for fish: [1.0e-2,0.44,1.0e-2,1.0e-2]
warning: dubious mut time results for fish: [1.0e-2,0.44,1.0e-2,1.0e-2]
warning: dubious run time results for fish: [1.0e-2,0.44,1.0e-2,1.0e-2]
warning: dubious mut time results for fish: [1.0e-2,0.44,1.0e-2,1.0e-2]
Optimizing /h/ywang30/nofib/spectral/fish
>>>>>>>>>>>>>>>START OPTIMIZATION>>>>>>>>>>>>>>>
pop: 13
gens: 15
arch: 7
limit is: 1.0e-2
runproj limit: 1.0e-2
Basetime is: 1.0e-2
runproj limit: 1.0e-2
01000000000000000000100000000000000000000000100000000010000000001010000000100110000000000000000000000 1.0e-2
runproj limit: 1.0e-2
00100000001000000001000000000011000000000000000000000000000000010010000000000000000000000000000000000 1.0e-2
runproj limit: 1.0e-2
00000000000100000010000010011010000000000000110000010000100000000000000000001000001000000000000000010 1.0e-2
runproj limit: 1.0e-2
00000000000100000010000010100000000010100100000000010000000001100000000010000000000000000000000000010 1.0e-2
runproj limit: 1.0e-2
00000000000000000000000001000110000000001001000001100000000000000000000000000000000000000100010001000 1.0e-2
runproj limit: 1.0e-2
00100000100100000000000100001000000000000000000010000000000000001100000001000000000010000000000101000 1.0e-2
runproj limit: 1.0e-2
10000000000000000000000000110001010100001000000100000001000001000000101000000000000001010000000000000 1.0e-2
runproj limit: 1.0e-2
01000000000011000000001000000000000000000000001000000100000010100000000000000000000100110000100001000 1.0e-2
runproj limit: 1.0e-2
00001000000000000000001000001000000000000000000001000001000000001000001001000000000000000001000000000 1.0e-2
runproj limit: 1.0e-2
00100000000000000000000010000000001100001000000000010000000000000100000000000000000000000100000000001 1.0e-2
runproj limit: 1.0e-2
00000100000000001000000000000000000010100000000000000000000010110000000000001000001111000000100000000 1.0e-2
runproj limit: 1.0e-2
00001000000010000000000100000001000000000010000000000000000000000100000010000000000000000000000000000 1.0e-2
runproj limit: 1.0e-2
00000000000000000000000000001000000000000000010000000000000000110001100000100100000000000000000100001 1.0e-2
best: 1.0
runproj limit: 1.0e-2
00000000000000000010000000001110000000001000110001010000100000000000000000000000000000000100010000010 1.0e-2
runproj limit: 1.0e-2
00000000000100000000000010011001000000000000110000010000000000000000101000000000000001010000000000010 1.0e-2
runproj limit: 1.0e-2
01100000100100000000000100000000000000000000000000000000000000001000000001000110000010000000000000000 1.0e-2
runproj limit: 1.0e-2
00000000000000000000000000001000000000000000000001000000000000010000001000000100000000000001000100001 1.0e-2
runproj limit: 1.0e-2
10100000000000000001000000110001000100001000000000000000000001000000001000000000000001010000000000000 1.0e-2
runproj limit: 1.0e-2
10001000000000000000001000011001010100000000000101000001000001001000101000000000000000000001000000000 1.0e-2
runproj limit: 1.0e-2
01000000000000001000000000000000000010100000000000000100000010100000000000000000001100100000100001000 1.0e-2
runproj limit: 1.0e-2
10000000000000000000000000010000010100001000000101000000000000000000101000000000000001000100010001000 1.0e-2
runproj limit: 1.0e-2
00100000001111001001000110000001000000100000010001000111001010010010100011000100000000110001000010001 1.0e-2
runproj limit: 1.0e-2
00000100000010010110011001000111011110001000010100100000000100000000000000000000000110101100111001000 1.0e-2
runproj limit: 1.0e-2
00001100110001100111100001010000000100100000110000001011001000001010001000000110001010100001001001011 0.117
runproj limit: 1.0e-2
01100100000110000101001100010000100000000000000001010100010001101100000101000010001011000001010101101 1.0e-2
runproj limit: 1.0e-2
01100101001100000110000010001010001000100000100111101100100000000000000100001000001000010001011110001 1.0e-2
runproj limit: 1.0e-2
01000000000000000000100000000000000000000000100000000010000000001010000000100110000000000000000000000 1.0e-2
runproj limit: 1.0e-2
00100000001000000001000000000011000000000000000000000000000000010010000000000000000000000000000000000 1.0e-2
runproj limit: 1.0e-2
00000000000100000010000010011010000000000000110000010000100000000000000000001000001000000000000000010 1.0e-2
runproj limit: 1.0e-2
00000000000100000010000010100000000010100100000000010000000001100000000010000000000000000000000000010 1.0e-2
runproj limit: 1.0e-2
00000000000000000000000001000110000000001001000001100000000000000000000000000000000000000100010001000 1.0e-2
runproj limit: 1.0e-2
00100000100100000000000100001000000000000000000010000000000000001100000001000000000010000000000101000 1.0e-2
runproj limit: 1.0e-2
10000000000000000000000000110001010100001000000100000001000001000000101000000000000001010000000000000 1.0e-2
best: 1.0
runproj limit: 1.0e-2
00100000000000000000000000010000000110000000000000000100000011100000001000000000000001110000000001000 1.0e-2
runproj limit: 1.0e-2
01100000000100000000000100000000100000000000000001000100010001001000000101000110000010000000010101101 1.0e-2
runproj limit: 1.0e-2
00000000000100000000001000001000010110000100000101000000000001101000000010000000000000000001000000000 1.0e-2
runproj limit: 1.0e-2
00100000000000000001000000000011000000001000000000000000000000000000001000000000000001000000000000000 1.0e-2
runproj limit: 1.0e-2
01000000100100000000100100000000000000000000100000000000000000001010000001000110000000000000000000000 1.0e-2
runproj limit: 1.0e-2
00000000000000000010000000101000000000100100000001000000000001100000001000000100000000000001000100001 1.0e-2
runproj limit: 1.0e-2
00000000001101000001000010001111000000101000010001010111100000010010000000000100000000000001010000010 1.0e-2
runproj limit: 1.0e-2
00100100000010000101001101010111000010000000010001110100010000000000000000000010000110100100111001101 1.0e-2
runproj limit: 1.0e-2
00100000100100100001010101001010000000010011100100000001001000001100001100011011000010100000000111000 1.0e-2
runproj limit: 1.0e-2
01010000000100000100000000010001000000100000111000000000001001101111000101100111010001000000001011010 1.0e-2
runproj limit: 1.0e-2
11110100000011110101101100010110100000110001001000011101100011000110100001000011101101101001000100101 1.0e-2
runproj limit: 1.0e-2
01010100010001011101101110010000111110100001010000010000110000101100001111000010000110000001011000011 1.0e-2
runproj limit: 1.0e-2
00110100001110010001011111001111011011100101010001001111101010000011110010100010010000110101001010100 1.0e-2
runproj limit: 1.0e-2
00000000000000000010000000001110000000001000110001010000100000000000000000000000000000000100010000010 1.0e-2
runproj limit: 1.0e-2
00000000000100000000000010011001000000000000110000010000000000000000101000000000000001010000000000010 1.0e-2
runproj limit: 1.0e-2
01100000100100000000000100000000000000000000000000000000000000001000000001000110000010000000000000000 1.0e-2
runproj limit: 1.0e-2
00000000000000000000000000001000000000000000000001000000000000010000001000000100000000000001000100001 1.0e-2
runproj limit: 1.0e-2
10100000000000000001000000110001000100001000000000000000000001000000001000000000000001010000000000000 1.0e-2
runproj limit: 1.0e-2
10001000000000000000001000011001010100000000000101000001000001001000101000000000000000000001000000000 1.0e-2
runproj limit: 1.0e-2
01000000000000001000000000000000000010100000000000000100000010100000000000000000001100100000100001000 1.0e-2
best: 1.0
runproj limit: 1.0e-2
01010000000100100101000001001000000000010000111000000001001000001111001101100111000000100000000111000 1.0e-2
runproj limit: 1.0e-2
01000000000000000001000000000000000010001000000000000100000000000000001000000000001101000000000001000 1.0e-2
runproj limit: 1.0e-2
10000000000100000000001000011001010100000100000101000000000001001000001010000000000000000001000000000 1.0e-2
runproj limit: 1.0e-2
00000000000000000000000000001000010010000000000001000000000001011000001010000000000000000001000000001 1.0e-2
runproj limit: 1.0e-2
00000000000101000101000010010011000000100000010001010101000001110110000001000110010000000000011011010 1.0e-2
runproj limit: 1.0e-2
00000000000100000000000010000001000000100000110000000100000000000000101000000000000001000000000000010 1.0e-2
runproj limit: 1.0e-2
01100000100100000000000100000000000000010010000100000000001000001100001101000011000010000000000111000 1.0e-2
runproj limit: 1.0e-2
10100000000000000001000000010001000100001000000000000000000000000000001000000000000001000000000000000 1.0e-2
runproj limit: 1.0e-2
00000000001101000001000010101111100000101100010001010111001010000010000100100111110110100111010011111 1.0e-2
runproj limit: 1.0e-2
01101000000010000000010000001000001110101001000000000101100001101001011000110000001011110010101001110 1.0e-2
runproj limit: 1.0e-2
01100000010101011100001000001000010100000101000111011010010001111000110110001010100011010001000000100 1.0e-2
runproj limit: 1.0e-2
11100101000011100101110101110111100010100001011000001101100111010110100000010000101101101101010100111 1.0e-2
runproj limit: 1.0e-2
01000100000000001001101011011111101010100001010000010001110000000000001111000011000111001001011000001 1.0e-2
runproj limit: 1.0e-2
00100000000000000000000000010000000110000000000000000100000011100000001000000000000001110000000001000 1.0e-2
runproj limit: 1.0e-2
01100000000100000000000100000000100000000000000001000100010001001000000101000110000010000000010101101 1.0e-2
runproj limit: 1.0e-2
00000000000100000000001000001000010110000100000101000000000001101000000010000000000000000001000000000 1.0e-2
runproj limit: 1.0e-2
00100000000000000001000000000011000000001000000000000000000000000000001000000000000001000000000000000 1.0e-2
runproj limit: 1.0e-2
01000000100100000000100100000000000000000000100000000000000000001010000001000110000000000000000000000 1.0e-2
runproj limit: 1.0e-2
00000000000000000010000000101000000000100100000001000000000001100000001000000100000000000001000100001 1.0e-2
runproj limit: 1.0e-2
00000000001101000001000010001111000000101000010001010111100000010010000000000100000000000001010000010 1.0e-2
best: 1.0
runproj limit: 1.0e-2
00000000000100000000001010001010000010100100000101010000000001100110000000000000010000000000001000000 1.0e-2
runproj limit: 1.0e-2
01000000001100000000000110001010000000010010000101010111100000000010000101000011000000000001010001000 1.0e-2
runproj limit: 1.0e-2
01100000000000000000001000001000011110100101000101000101000001101000011000110000001001010000000000000 1.0e-2
runproj limit: 1.0e-2
00100000000101000001000000001111000000101000010000010001100000010000000000000000000000000000010000010 1.0e-2
runproj limit: 1.0e-2
00000000000001000001000010101101100100101100010000010111000000000000000100000001110011000010010001010 1.0e-2
runproj limit: 1.0e-2
01100000000100000010000100000000000000100000000001000000010001001000000001000110000010000001000101001 1.0e-2
runproj limit: 1.0e-2
11110100000100100101010001111110000010100001011000001101101011010111100000110010100000100001010101011 1.0e-2
runproj limit: 1.0e-2
01000000000000000000000000001000010010000000000001000100000001011000001000000000001101000000000001000 1.0e-2
runproj limit: 1.0e-2
01110010001101000110010000001010101000011000111000000000000101101111001101010110010101101010000111000 1.0e-2
runproj limit: 1.0e-2
00010000110100010000010100000000000010010010010111001011001110001101000001000011010111000111000101010 1.0e-2
runproj limit: 1.0e-2
01101001000100000000101001000000100000000000000001010000010000100011000101100110001011010000011100101 1.0e-2
runproj limit: 1.0e-2
00000001001000001000101010010001010100010100000100100000010001101000001100000010100001100001000010001 1.0e-2
runproj limit: 1.0e-2
00010000000100100001111001101000100010000010111000110101101100001111001101000101110000110000101111000 1.0e-2
runproj limit: 1.0e-2
01010000000100100101000001001000000000010000111000000001001000001111001101100111000000100000000111000 1.0e-2
runproj limit: 1.0e-2
01000000000000000001000000000000000010001000000000000100000000000000001000000000001101000000000001000 1.0e-2
runproj limit: 1.0e-2
10000000000100000000001000011001010100000100000101000000000001001000001010000000000000000001000000000 1.0e-2
runproj limit: 1.0e-2
00000000000000000000000000001000010010000000000001000000000001011000001010000000000000000001000000001 1.0e-2
runproj limit: 1.0e-2
00000000000101000101000010010011000000100000010001010101000001110110000001000110010000000000011011010 1.0e-2
runproj limit: 1.0e-2
00000000000100000000000010000001000000100000110000000100000000000000101000000000000001000000000000010 1.0e-2
runproj limit: 1.0e-2
01100000100100000000000100000000000000010010000100000000001000001100001101000011000010000000000111000 1.0e-2
best: 1.0
runproj limit: 1.0e-2
00010000000000001000000110010001010100010000010110000011010111101100001000000011010011000011000010000 1.0e-2
runproj limit: 1.0e-2
00000000000000000000000010101100100100100100010001000110000000000000001000000001000011000000000001010 1.0e-2
runproj limit: 1.0e-2
01100000100000000000000100000000000010000010000100000100000000000100001000000001000111000000000001000 1.0e-2
runproj limit: 1.0e-2
01000000000101000000000100000011000000100000000001010001010001111100000001000110010000000000001101010 1.0e-2
runproj limit: 1.0e-2
01100000000100000010000100000000000000100000000001000000010001001000000001000110000010000001000101001 1.0e-2
runproj limit: 1.0e-2
01000000000100000000000000000000010010100000000001000100010001011000001001000100000111000000000101001 1.0e-2
runproj limit: 1.0e-2
10010100000100100000001010101010000010100000001000001100001001100110000000100000100000100000000001001 1.0e-2
runproj limit: 1.0e-2
01100001000100000000000100000000000000010100000000000000010001101000001100000110000000000001000110001 1.0e-2
runproj limit: 1.0e-2
00100000000110000001010000000000000000100000111001011100100010000001100001000000001001100000000000110 1.0e-2
runproj limit: 1.0e-2
10110101001000001000001010011010010110011101100100111011010101111100101010000110100001110001000010001 1.0e-2
runproj limit: 1.0e-2
10110110101110001110010010000010001101011100101100010000101010001001101000010110011101101010000110001 1.0e-2
runproj limit: 1.0e-2
01010000100010010000000000011010111110000000010001000100110100011101001010100000011101001101100000110 1.0e-2
runproj limit: 1.0e-2
00000100000110110100010010001010110000000000010101010111000001010010110001001000001001100000010100000 1.0e-2
runproj limit: 1.0e-2
00000000000100000000001010001010000010100100000101010000000001100110000000000000010000000000001000000 1.0e-2
runproj limit: 1.0e-2
01000000001100000000000110001010000000010010000101010111100000000010000101000011000000000001010001000 1.0e-2
runproj limit: 1.0e-2
01100000000000000000001000001000011110100101000101000101000001101000011000110000001001010000000000000 1.0e-2
runproj limit: 1.0e-2
00100000000101000001000000001111000000101000010000010001100000010000000000000000000000000000010000010 1.0e-2
runproj limit: 1.0e-2
00000000000001000001000010101101100100101100010000010111000000000000000100000001110011000010010001010 1.0e-2
runproj limit: 1.0e-2
01100000000100000010000100000000000000100000000001000000010001001000000001000110000010000001000101001 1.0e-2
runproj limit: 1.0e-2
11110100000100100101010001111110000010100001011000001101101011010111100000110010100000100001010101011 1.0e-2
best: 1.0
runproj limit: 1.0e-2
00100010100110001110000000000111000001011000101100010000100010010001100000010110011100000010000010010 1.0e-2
runproj limit: 1.0e-2
00100000000110000100010000001010010000100000010001010001000001010010100001001000000001000000010100000 1.0e-2
runproj limit: 1.0e-2
10010100000101000000000100000010000000100000000000011100000001110100000000100010110000000000001101001 1.0e-2
runproj limit: 1.0e-2
00000000000100010000010000000010010010000000010101010101000001010010010001001100000001000000010100000 1.0e-2
runproj limit: 1.0e-2
00000000000000000000001010101000100100100100000001000101000000000000001000010001000011000000000000000 1.0e-2
runproj limit: 1.0e-2
01000000001000000000001000001000010100000100000101010111100001000000001101100010001000010001000000000 1.0e-2
runproj limit: 1.0e-2
00000000001100001000000110001011000100010000010111000011010110100000001001000011000001000001000011000 1.0e-2
runproj limit: 1.0e-2
01100001000100000010000100000000000000110000000000000000010001001000000001000110000010000001000101001 1.0e-2
runproj limit: 1.0e-2
00010100000110101000100101110011001001110111000101010000010001011101000001011100010000110100100101010 1.0e-2
runproj limit: 1.0e-2
00111111000101010110000000111010110100000101101000000101101100001100001110001101011101111100101000110 1.0e-2
runproj limit: 1.0e-2
00111000000110000101010100001000000000110000001011001000100110000101101101000000111001101100001000110 1.0e-2
runproj limit: 1.0e-2
11001000011101000000100111001011110000100011100011010101011101111001101111001111000000011010101101011 1.0e-2
runproj limit: 1.0e-2
01100001001101000000010001110000000110011100101000101000010000001000001100110011001101000100001100001 1.0e-2
runproj limit: 1.0e-2
00010000000000001000000110010001010100010000010110000011010111101100001000000011010011000011000010000 1.0e-2
runproj limit: 1.0e-2
00000000000000000000000010101100100100100100010001000110000000000000001000000001000011000000000001010 1.0e-2
runproj limit: 1.0e-2
01100000100000000000000100000000000010000010000100000100000000000100001000000001000111000000000001000 1.0e-2
runproj limit: 1.0e-2
01000000000101000000000100000011000000100000000001010001010001111100000001000110010000000000001101010 1.0e-2
runproj limit: 1.0e-2
01100000000100000010000100000000000000100000000001000000010001001000000001000110000010000001000101001 1.0e-2
runproj limit: 1.0e-2
01000000000100000000000000000000010010100000000001000100010001011000001001000100000111000000000101001 1.0e-2
runproj limit: 1.0e-2
10010100000100100000001010101010000010100000001000001100001001100110000000100000100000100000000001001 1.0e-2
best: 1.0
runproj limit: 1.0e-2
01100000000101000000000100000011000000100000000001010001010001001100000001000110010010000000000101010 1.0e-2
runproj limit: 1.0e-2
11001001001101000000010101001011010110000011100000001001010000111001101110011111000001001000001100001 1.0e-2
runproj limit: 1.0e-2
00010000000000000000000010000001110100110100010011000101000011101100001000000011010011000011000000000 1.0e-2
runproj limit: 1.0e-2
01101010000100010000000000111000010000000001100001000101110000001100001001001100011111111000000101111 1.0e-2
runproj limit: 1.0e-2
00010101000100010010010000010010110110000101100100000101100100010000010000001100001101011000100100110 1.0e-2
runproj limit: 1.0e-2
01101001000100000010100111000000110000110001100010010000010001011001100001001111000010001000000101001 1.0e-2
runproj limit: 1.0e-2
00001010000100010110000000111010110100000100011000000110001000000100001000001001001011010100101000110 1.0e-2
runproj limit: 1.0e-2
00011000000101000100000100000010000000110000000010011100000001000100001101000000110000101000001100001 1.0e-2
runproj limit: 1.0e-2
01001100001100000000011001101000001100011100000101001110100100010011001001101000011000001011000001000 1.0e-2
runproj limit: 1.0e-2
11100000000100010101110010100010010010100100011101010111100001010110110101000100000001011000010110101 1.0e-2
runproj limit: 1.0e-2
11100101100101000000000100110011010101111110110010110100110101111100010000010011010001010001101101011 1.0e-2
runproj limit: 1.0e-2
00100011000101010010011000111010010011000000101101000001111001000010110001011100010011110000110100011 1.0e-2
runproj limit: 1.0e-2
10111000010110011101010100101110000000110100010011000000000111000101001001100001011001101010001100110 1.0e-2
runproj limit: 1.0e-2
00100010100110001110000000000111000001011000101100010000100010010001100000010110011100000010000010010 1.0e-2
runproj limit: 1.0e-2
00100000000110000100010000001010010000100000010001010001000001010010100001001000000001000000010100000 1.0e-2
runproj limit: 1.0e-2
10010100000101000000000100000010000000100000000000011100000001110100000000100010110000000000001101001 1.0e-2
runproj limit: 1.0e-2
00000000000100010000010000000010010010000000010101010101000001010010010001001100000001000000010100000 1.0e-2
runproj limit: 1.0e-2
00000000000000000000001010101000100100100100000001000101000000000000001000010001000011000000000000000 1.0e-2
runproj limit: 1.0e-2
01000000001000000000001000001000010100000100000101010111100001000000001101100010001000010001000000000 1.0e-2
runproj limit: 1.0e-2
00000000001100001000000110001011000100010000010111000011010110100000001001000011000001000001000011000 1.0e-2
best: 1.0
runproj limit: 1.0e-2
00010000000100010010011010010010100110000100100100000101100100010000001000010000000011000000000100010 1.0e-2
runproj limit: 1.0e-2
00100111000100010010010000011010110111000101100100000101101000010000010000011100001011011000100100111 1.0e-2
runproj limit: 1.0e-2
00111011010110010010011000101010010001100100000011000000110011000001100001001001011011110000000100111 1.0e-2
runproj limit: 1.0e-2
11001011000101010000000000001000010000000011100000000001010000011100101111001100001001001000001100001 1.0e-2
runproj limit: 1.0e-2
00000000000110000000001000001010010000100000010001000001000001010010100000011000000001000000010000000 1.0e-2
runproj limit: 1.0e-2
00100000000111010100000100001110000000100000000001000000000111001100001001000100010011101010001100110 1.0e-2
runproj limit: 1.0e-2
00000000000100000000010000101010010100110100000101011100100000010010001001001000000001000010010000000 1.0e-2
runproj limit: 1.0e-2
11100100100000000000000100100011010101111100010001110101110101000000010100100010010000010001101000000 1.0e-2
runproj limit: 1.0e-2
10101001000101010100000010000010010000000000001101010101000001011110101011111101000001000001011001001 1.0e-2
runproj limit: 1.0e-2
11100010000101110101110010001100010010101101001001010111101001011100010110000100001001011010010110100 1.0e-2
runproj limit: 1.0e-2
00000000100100000000000010011100110100110000010001010101100001101100001001101000111111000010100010010 1.0e-2
runproj limit: 1.0e-2
10001010001110010111000110101111101100100111011001000010001000100110001100111011001011110110101000111 1.0e-2
runproj limit: 1.0e-2
11001001001111010110010100110011110000100111000100100111000110111011101111011111000001001000001000001 1.0e-2
runproj limit: 1.0e-2
01100000000101000000000100000011000000100000000001010001010001001100000001000110010010000000000101010 1.0e-2
runproj limit: 1.0e-2
11001001001101000000010101001011010110000011100000001001010000111001101110011111000001001000001100001 1.0e-2
runproj limit: 1.0e-2
00010000000000000000000010000001110100110100010011000101000011101100001000000011010011000011000000000 1.0e-2
runproj limit: 1.0e-2
01101010000100010000000000111000010000000001100001000101110000001100001001001100011111111000000101111 1.0e-2
runproj limit: 1.0e-2
00010101000100010010010000010010110110000101100100000101100100010000010000001100001101011000100100110 1.0e-2
runproj limit: 1.0e-2
01101001000100000010100111000000110000110001100010010000010001011001100001001111000010001000000101001 1.0e-2
runproj limit: 1.0e-2
00001010000100010110000000111010110100000100011000000110001000000100001000001001001011010100101000110 1.0e-2
best: 1.0
runproj limit: 1.0e-2
00100110000110010010000000100010010001101100010011000000110011000000000100100001011000010000001000010 1.0e-2
runproj limit: 1.0e-2
00001000000100010110001000011010010000000100010000000111000001010100000000011000001011010000001000110 1.0e-2
runproj limit: 1.0e-2
11000000000100010010010100110011100110100110100100000101000100011000101011010101000011001000001000011 1.0e-2
runproj limit: 1.0e-2
10000111000100010111010010100111111100100111110101000011001100100010000100101010001001010110100000110 1.0e-2
runproj limit: 1.0e-2
11001001000101000000010010000010010000000000000101000101000000011110101011111111000001000000001101001 1.0e-2
runproj limit: 1.0e-2
00010101000100010000010000100010010100110101000101001101100100010000011001001100000001011000100100100 1.0e-2
runproj limit: 1.0e-2
00000000000110000000001000001010010000100000010001000001000001010010100000011000000001000000010000000 1.0e-2
runproj limit: 1.0e-2
10101010001100000111000110101101111100100111000011000000011000001000001101101011001010000000000100011 1.0e-2
runproj limit: 1.0e-2
10101001000100100000111111010001101000111010001100100000011001011111111011011111110010000100110111001 1.0e-2
runproj limit: 1.0e-2
11000110000101011110111010011100000000101101001001110110111001001000011010000101011011011100000111101 1.0e-2
runproj limit: 1.0e-2
00100000100000001001010011101001110100111001011001110111101100001100101000100000011011010110001011111 1.0e-2
runproj limit: 1.0e-2
00011000111100001001001010101001100100000100000001000001100101110010001001000001110100100000011001000 1.0e-2
runproj limit: 1.0e-2
10101000010101100001110011001101000100101111101001100111110101101100010111001100100100011011010001101 1.0e-2
runproj limit: 1.0e-2
00010000000100010010011010010010100110000100100100000101100100010000001000010000000011000000000100010 1.0e-2
runproj limit: 1.0e-2
00100111000100010010010000011010110111000101100100000101101000010000010000011100001011011000100100111 1.0e-2
runproj limit: 1.0e-2
00111011010110010010011000101010010001100100000011000000110011000001100001001001011011110000000100111 1.0e-2
runproj limit: 1.0e-2
11001011000101010000000000001000010000000011100000000001010000011100101111001100001001001000001100001 1.0e-2
runproj limit: 1.0e-2
00000000000110000000001000001010010000100000010001000001000001010010100000011000000001000000010000000 1.0e-2
runproj limit: 1.0e-2
00100000000111010100000100001110000000100000000001000000000111001100001001000100010011101010001100110 1.0e-2
runproj limit: 1.0e-2
00000000000100000000010000101010010100110100000101011100100000010010001001001000000001000010010000000 1.0e-2
best: 1.0
runproj limit: 1.0e-2
11001001110100000001000010001001000100000010000000000001110101010010101001000101111101100000011100001 1.0e-2
runproj limit: 1.0e-2
00010000000100010000011000000010010100110100000100000100100000010000001000010000000001000000010000000 1.0e-2
runproj limit: 1.0e-2
00100010100000010000010010111010110101000001110000110111101100001000001000100000001011010100101111111 1.0e-2
runproj limit: 1.0e-2
00000000000111010100000000011110000100000000100100000101100110011100001001010100010011001000000100010 1.0e-2
runproj limit: 1.0e-2
11001000000101011110001010011110000000001101011001110110110001011100001010010101001011010100000011111 1.0e-2
runproj limit: 1.0e-2
00001000000100000010011011010001100100110100100100000100000101011100001011010111100010000100100111011 1.0e-2
runproj limit: 1.0e-2
00000000110100001001010010101001110100010000001001010001100100100010101000100001110100000000001011010 1.0e-2
runproj limit: 1.0e-2
00000111000100010000010000001010010100100100000100000100101000010010000000001100000001001010100000010 1.0e-2
runproj limit: 1.0e-2
00000111010000010110100000001100111111010111000100010101111000000011010000001110001010011000100101110 1.0e-2
runproj limit: 1.0e-2
10100001101100110000011000001010010011000101110000000111010001010010101001101010101001010000110100000 1.0e-2
runproj limit: 1.0e-2
00000010000111000000000001101101000000001000111010001001110100110000000010100001111000011000001000110 1.0e-2
runproj limit: 1.0e-2
00011011010110100111001010101100010101100101010010000000111011001001100001000001011001100011000101111 1.0e-2
runproj limit: 1.0e-2
00101010001001011110000110111111111110100011010001111000011001100011010101101010001001100001010100000 1.0e-2
runproj limit: 1.0e-2
00100110000110010010000000100010010001101100010011000000110011000000000100100001011000010000001000010 1.0e-2
runproj limit: 1.0e-2
00001000000100010110001000011010010000000100010000000111000001010100000000011000001011010000001000110 1.0e-2
runproj limit: 1.0e-2
11000000000100010010010100110011100110100110100100000101000100011000101011010101000011001000001000011 1.0e-2
runproj limit: 1.0e-2
10000111000100010111010010100111111100100111110101000011001100100010000100101010001001010110100000110 1.0e-2
runproj limit: 1.0e-2
11001001000101000000010010000010010000000000000101000101000000011110101011111111000001000000001101001 1.0e-2
runproj limit: 1.0e-2
00010101000100010000010000100010010100110101000101001101100100010000011001001100000001011000100100100 1.0e-2
runproj limit: 1.0e-2
00000000000110000000001000001010010000100000010001000001000001010010100000011000000001000000010000000 1.0e-2
best: 1.0
runproj limit: 1.0e-2
00001000000100000010001000001010010000000100010001000011000001010000100000011000000001000000010000110 1.0e-2
runproj limit: 1.0e-2
00101010000111010000001000011110010100100001010001110000010001100010010000101010000001000001010000000 1.0e-2
runproj limit: 1.0e-2
00000011000101010110010010000100011010010100000101000101011000000011100001111111000010011000101101110 1.0e-2
runproj limit: 1.0e-2
00001011000111110100000000011110000100100000010010000100111110001001001001000001010011000000000101110 1.0e-2
runproj limit: 1.0e-2
11100000000000011010000010011110100001000001110001110111100100001000001010000101001011010100100011111 1.0e-2
runproj limit: 1.0e-2
00000010000111010100000100101111010010001001110011111001011001110000000111101001111000111000010100000 1.0e-2
runproj limit: 1.0e-2
10000000000101000000000001100000000000000000110001000101100100011110100010111111010001001000001100010 1.0e-2
runproj limit: 1.0e-2
00010000000100010000011000000010010100110100000100000100100000010000001000010000000001000000010000000 1.0e-2
runproj limit: 1.0e-2
11000000010100101110010100100011101100011110000010000111011000110010011011010110000011101000111000011 1.0e-2
runproj limit: 1.0e-2
00011010000100010111010010101001011110110000011111001101010100110110011101111000100101011100100100000 1.0e-2
runproj limit: 1.0e-2
11000101110110010000011100000110100110101000100101010100001010100110100110000100010000111000000001011 1.0e-2
runproj limit: 1.0e-2
10000011111110010100101100111101101000010000000000010101110010000010010010001000101001011000100111110 1.0e-2
runproj limit: 1.0e-2
00000010000100001100101001110001010010101000010001100010010110010001101111011100001001000100010011000 1.0e-2
runproj limit: 1.0e-2
11001001110100000001000010001001000100000010000000000001110101010010101001000101111101100000011100001 1.0e-2
runproj limit: 1.0e-2
00010000000100010000011000000010010100110100000100000100100000010000001000010000000001000000010000000 1.0e-2
runproj limit: 1.0e-2
00100010100000010000010010111010110101000001110000110111101100001000001000100000001011010100101111111 1.0e-2
runproj limit: 1.0e-2
00000000000111010100000000011110000100000000100100000101100110011100001001010100010011001000000100010 1.0e-2
runproj limit: 1.0e-2
11001000000101011110001010011110000000001101011001110110110001011100001010010101001011010100000011111 1.0e-2
runproj limit: 1.0e-2
00001000000100000010011011010001100100110100100100000100000101011100001011010111100010000100100111011 1.0e-2
runproj limit: 1.0e-2
00000000110100001001010010101001110100010000001001010001100100100010101000100001110100000000001011010 1.0e-2
best: 1.0
runproj limit: 1.0e-2
11100000000000010010001000011110000000010000010000100110100100010000001010010001001001000000000000110 1.0e-2
runproj limit: 1.0e-2
10000011111110010100101100111101101000010000000000010101110010000010010010001000101001011000100111110 1.0e-2
runproj limit: 1.0e-2
10000001010110010000100001100100001000010000110001010101100010001110010010111001001001011000100110110 1.0e-2
runproj limit: 1.0e-2
00001011000111010100000000011110000100000000110010000100111110011100001001000101010011000000000101010 1.0e-2
runproj limit: 1.0e-2
00001000000101011010001010011110000000001101010001000010100001010000001000011101001011010100000011110 1.0e-2
runproj limit: 1.0e-2
10000100100010010000010100000010100100101001100001110100001100100100001110000000010011011100001111111 1.0e-2
runproj limit: 1.0e-2
10000010001111000100000000111101100000000000110000010101100100001010000010101010111001001000100110110 1.0e-2
runproj limit: 1.0e-2
01001001110100000001000010001001110100000000001001000001100101110010101000000101110101000000011001010 1.0e-2
runproj limit: 1.0e-2
01110010110101011011001010011110000100001000001001010100110101011100000010111101111010010101111011111 1.0e-2
runproj limit: 1.0e-2
00010011101001010110010010000110101000010100011111001101011010010011100001011101000000010000011111111 1.0e-2
runproj limit: 1.0e-2
00000010000110010100011000000011011110110110000100100100110010010010001001110000000101100110010100001 1.0e-2
runproj limit: 1.0e-2
00100000110110110000111011111011110100000101000010110101101101101110001001100100001110010100101111111 1.0e-2
runproj limit: 1.0e-2
00001011000010011110000011011100000100110000000001010100111000001010101001000001111101000011100010101 1.0e-2
runproj limit: 1.0e-2
00001000000100000010001000001010010000000100010001000011000001010000100000011000000001000000010000110 1.0e-2
runproj limit: 1.0e-2
00101010000111010000001000011110010100100001010001110000010001100010010000101010000001000001010000000 1.0e-2
runproj limit: 1.0e-2
00000011000101010110010010000100011010010100000101000101011000000011100001111111000010011000101101110 1.0e-2
runproj limit: 1.0e-2
00001011000111110100000000011110000100100000010010000100111110001001001001000001010011000000000101110 1.0e-2
runproj limit: 1.0e-2
11100000000000011010000010011110100001000001110001110111100100001000001010000101001011010100100011111 1.0e-2
runproj limit: 1.0e-2
00000010000111010100000100101111010010001001110011111001011001110000000111101001111000111000010100000 1.0e-2
runproj limit: 1.0e-2
10000000000101000000000001100000000000000000110001000101100100011110100010111111010001001000001100010 1.0e-2
best: 1.0
runproj limit: 1.0e-2
00000000000111110100011001011110110100100001010010010100101101101100001001000001001011000100001101110 1.0e-2
runproj limit: 1.0e-2
00010010001001000100000000010100101000010100010001001101000100000011000010001111100000001000110110110 1.0e-2
runproj limit: 1.0e-2
00010011111101010100010100100101101000010100010100000101011010010011110010011000001000011000001111110 1.0e-2
runproj limit: 1.0e-2
10000010000101000100010010011101001000000100110100010101101100001010100010101011000000001000100101110 1.0e-2
runproj limit: 1.0e-2
00001011000110011110000011011110000100110000010001000100111000001001101001000001111101000010000111101 1.0e-2
runproj limit: 1.0e-2
00000011111110010110011110001101101000010100010111000101011010010010000001011101101000011000111111110 1.0e-2
runproj limit: 1.0e-2
11100110110100010011011010000110000100101001100001010100011100000100001010110101010010011100101011111 1.0e-2
runproj limit: 1.0e-2
00001010000111011010001010011100000000101001000001000100100000001010101001000001101111000100100011110 1.0e-2
runproj limit: 1.0e-2
11001000100010111010001110010011000100101001101000110001000100000100101110100101010011110110001011111 1.0e-2
runproj limit: 1.0e-2
01111010110101010011101010011110000100001010001001010100101101011100101110101101011010010101111011110 1.0e-2
runproj limit: 1.0e-2
10000110001100100110001100010000000000000000111000110100101100011001000010100010100101000000101101100 1.0e-2
runproj limit: 1.0e-2
10100011000011110101000010111110010011110010110011111001111011010001001111101000111000111001011100101 1.0e-2
runproj limit: 1.0e-2
10001111011111010100011010000110001110101111010000000010011101100001101001100101011010000000100001110 1.0e-2
runproj limit: 1.0e-2
11100000000000010010001000011110000000010000010000100110100100010000001010010001001001000000000000110 1.0e-2
runproj limit: 1.0e-2
10000011111110010100101100111101101000010000000000010101110010000010010010001000101001011000100111110 1.0e-2
runproj limit: 1.0e-2
10000001010110010000100001100100001000010000110001010101100010001110010010111001001001011000100110110 1.0e-2
runproj limit: 1.0e-2
00001011000111010100000000011110000100000000110010000100111110011100001001000101010011000000000101010 1.0e-2
runproj limit: 1.0e-2
00001000000101011010001010011110000000001101010001000010100001010000001000011101001011010100000011110 1.0e-2
runproj limit: 1.0e-2
10000100100010010000010100000010100100101001100001110100001100100100001110000000010011011100001111111 1.0e-2
runproj limit: 1.0e-2
10000010001111000100000000111101100000000000110000010101100100001010000010101010111001001000100110110 1.0e-2
best: 1.0
runproj limit: 1.0e-2
10000011000111100101000010011111001011100000110101011001111000011001100011101011010000011001011101101 1.0e-2
runproj limit: 1.0e-2
00000011111101010100011110100101101000010100010111000101011010010011100010011100101000011000001111110 1.0e-2
runproj limit: 1.0e-2
00010010000001010100010000011100001000010000010100100101110110010001001010011001001001010000001101110 1.0e-2
runproj limit: 1.0e-2
01110110110100010011011010010110000100101010101001010100011100000100001110110101010010010100101011110 1.0e-2
runproj limit: 1.0e-2
10000000000111000100011001111111100100000001110000010100100101101110000001101001101011000100101111110 1.0e-2
runproj limit: 1.0e-2
11101000000010011010001110010110000100110000110000100010000100000000101110000001001001100110000010110 1.0e-2
runproj limit: 1.0e-2
10100011000011110101000010111110010011110010110011111001111011010001001111101000111000111001011100101 1.0e-2
runproj limit: 1.0e-2
00000001000110010010101001010100000000011100010001010011100001000000010000111101001001010000100111110 1.0e-2
runproj limit: 1.0e-2
00110111111110010110001100101001101000011111010111100100011000010010011001000100100100000001000110110 1.0e-2
runproj limit: 1.0e-2
10001001010100010000000001111110000001000000111100001100101110001100001001000101011010110010011011010 1.0e-2
runproj limit: 1.0e-2
11100000000010111010101111000011000110011000101000010000000000100100100110001101010101110111101011110 1.0e-2
runproj limit: 1.0e-2
00101111000001010110100001010010010001011000110010011110101010111111011000101101010011110010100000010 1.0e-2
runproj limit: 1.0e-2
00110100111101101011111011010110001100111100100001010100010100010100101101011110000001011000101111010 1.0e-2
runproj limit: 1.0e-2
00000000000111110100011001011110110100100001010010010100101101101100001001000001001011000100001101110 1.0e-2
runproj limit: 1.0e-2
00010010001001000100000000010100101000010100010001001101000100000011000010001111100000001000110110110 1.0e-2
runproj limit: 1.0e-2
00010011111101010100010100100101101000010100010100000101011010010011110010011000001000011000001111110 1.0e-2
runproj limit: 1.0e-2
10000010000101000100010010011101001000000100110100010101101100001010100010101011000000001000100101110 1.0e-2
runproj limit: 1.0e-2
00001011000110011110000011011110000100110000010001000100111000001001101001000001111101000010000111101 1.0e-2
runproj limit: 1.0e-2
00000011111110010110011110001101101000010100010111000101011010010010000001011101101000011000111111110 1.0e-2
runproj limit: 1.0e-2
11100110110100010011011010000110000100101001100001010100011100000100001010110101010010011100101011111 1.0e-2
best: 1.0
done evolving!
"all is well:)"
>>>>>>>>>>>>>>FINISH OPTIMIZATION>>>>>>>>>>>>>>>
575.69user 451.99system 23:19.54elapsed 73%CPU (0avgtext+0avgdata 130312maxresident)k
1073176inputs+2491336outputs (986major+70161501minor)pagefaults 0swaps
