Optimizing /h/ywang30/nofib/spectral/integer
>>>>>>>>>>>>>>>START OPTIMIZATION>>>>>>>>>>>>>>>
pop: 13
gens: 15
arch: 7
limit is: 2.412
runproj limit: 2.412
Basetime is: 2.4
runproj limit: 2.412
0100000000000000000010000000000000000000000010 2.43
runproj limit: 2.412
0010000000100000000100000000001100000000000000 2.387
runproj limit: 2.412
0000000000010000001000001001101000000000000011 2.4
runproj limit: 2.412
0000000000010000001000001010000000001010010000 2.37
runproj limit: 2.412
0000000000000000000000000100011000000000100100 2.39
runproj limit: 2.412
0010000010010000000000010000100000000000000000 2.36
runproj limit: 2.412
1000000000000000000000000011000101010000100000 2.448
runproj limit: 2.412
0100000000001100000000100000000000000000000000 2.34
runproj limit: 2.412
0000100000000000000000100000100000000000000000 2.39
runproj limit: 2.412
0010000000000000000000001000000000110000100000 2.372
runproj limit: 2.412
0000010000000000100000000000000000001010000000 2.432
runproj limit: 2.412
0000100000001000000000010000000100000000001000 2.365
runproj limit: 2.412
0000000000000000000000000000100000000000000001 2.408
best: 0.975
runproj limit: 2.412
0000000000010000001000001000101000000010010011 2.35
runproj limit: 2.412
0010100000100000000000000000000100000000001000 2.37
runproj limit: 2.412
0010000010010000000000010000100000000000000000 2.37
runproj limit: 2.412
0000000000001100000000100000000000000000000000 2.362
runproj limit: 2.412
1010000000000000000100000011000100010000100000 2.415
runproj limit: 2.412
0000100000000000000000100000100000001000000000 2.407
runproj limit: 2.412
0110000000000000000000000000001100000000000000 2.418
runproj limit: 2.412
0000100000000000000000000000100000000000000000 2.372
runproj limit: 2.412
0010000000111100100100011000000100000010000001 2.43
runproj limit: 2.412
0000110000000001011001110000000001111000001101 2.468
runproj limit: 2.412
0100110011000110011100000001011000010010100101 2.528
runproj limit: 2.412
0110010000011000010100110001000010000000000000 2.502
runproj limit: 2.412
0110010100110000011000001000101000100010000010 2.488
runproj limit: 2.412
0100000000001100000000100000000000000000000000 2.488
runproj limit: 2.412
0010000010010000000000010000100000000000000000 2.498
runproj limit: 2.412
0000100000001000000000010000000100000000001000 2.492
runproj limit: 2.412
0000000000010000001000001010000000001010010000 2.385
runproj limit: 2.412
0010000000000000000000001000000000110000100000 2.402
runproj limit: 2.412
0010000000100000000100000000001100000000000000 2.36
runproj limit: 2.412
0000000000000000000000000100011000000000100100 2.39
best: 0.9791666666666667
runproj limit: 2.412
0010000000000000000000000001000100010000000000 2.352
runproj limit: 2.412
0110000000010000001000011000101000000010000010 2.522
runproj limit: 2.412
0000000000000000000000100000101100000000000000 2.562
runproj limit: 2.412
0010100010110000000000000000100000000000001000 2.488
runproj limit: 2.412
0010000010010000000000010000100000000000000000 2.468
runproj limit: 2.412
0000000000001100001000000010000000000010010000 2.518
runproj limit: 2.412
0000000000110100000100001000101100000010010001 2.518
runproj limit: 2.412
0010000000000000010000000000000000001000000001 2.538
runproj limit: 2.412
0010000000100010000001000100000100000001001110 2.567
runproj limit: 2.412
0101000000011100010010100001000100000010000001 2.498
runproj limit: 2.412
1111000000010111000010000000010100000011000100 2.552
runproj limit: 2.412
0101010001000101110110111001000011111010000101 2.525
runproj limit: 2.412
0011010000111001000101111100111101101110010101 2.495
runproj limit: 2.412
0000000000010000001000001000101000000010010011 2.42
runproj limit: 2.412
0010000000100000000100000000001100000000000000 2.41
runproj limit: 2.412
0000000000001100000000100000000000000000000000 2.387
runproj limit: 2.412
0010100000100000000000000000000100000000001000 2.365
runproj limit: 2.412
0010000010010000000000010000100000000000000000 2.367
runproj limit: 2.412
0000100000000000000000000000100000000000000000 2.38
runproj limit: 2.412
0000000000010000001000001010000000001010010000 2.347
best: 0.9779166666666667
runproj limit: 2.412
0010000000100000000000000001001100000000000000 2.36
runproj limit: 2.412
0000100000110000000000001000000000001000001000 2.482
runproj limit: 2.412
0010000000100000000100000001000100000000000000 2.52
runproj limit: 2.412
0010100000100000000000000000000000000000001000 2.518
runproj limit: 2.412
0000000000100100000100001000001100000000001001 2.538
runproj limit: 2.412
0000000000000000000100000000000100000010010000 2.545
runproj limit: 2.412
0000000000101100000000101000000000000000000001 2.542
runproj limit: 2.412
0010000000010000000000010001100000010000000000 2.54
runproj limit: 2.412
0010000010010000000000010010100010000000010000 2.532
runproj limit: 2.412
0110100000001000000001000000100100110010100100 2.545
runproj limit: 2.412
0011000001011001100010100001000100001010000101 2.538
runproj limit: 2.412
0001000100010001001001101100000100000011010001 2.49
runproj limit: 2.412
0100010000000000100110101101111110101010000101 2.53
runproj limit: 2.412
0000000000010000001000001010000000001010010000 2.485
runproj limit: 2.412
0010000000000000000000000001000100010000000000 2.465
runproj limit: 2.412
0010100000100000000000000000000100000000001000 2.458
runproj limit: 2.412
0010000010010000000000010000100000000000000000 2.445
runproj limit: 2.412
0000100000000000000000000000100000000000000000 2.475
runproj limit: 2.412
0000000000001100000000100000000000000000000000 2.465
runproj limit: 2.412
0010000000100000000100000000001100000000000000 2.475
best: 0.9833333333333333
runproj limit: 2.412
0000100000100000000000001000001100000000001000 2.448
runproj limit: 2.412
0010000000101100000000100000001000000000000000 2.37
runproj limit: 2.412
0000100000110000001000001010000000000010000000 2.36
runproj limit: 2.412
0010000000000000000000000000000000000000000000 2.38
runproj limit: 2.412
0010000010010000000000010010100010010000010000 2.418
runproj limit: 2.412
0010000000001000000000000000000000000000000000 2.37
runproj limit: 2.412
0000000000100000000001001000000100000011010000 2.362
runproj limit: 2.412
0000100010010000000000000000100000000000000000 2.395
runproj limit: 2.412
0000001000000110001101000101000110100000100000 2.538
runproj limit: 2.412
0111000001001101000001100000000000001000000001 2.472
runproj limit: 2.412
0010100100000000000010110101000100010000000000 2.51
runproj limit: 2.412
1010000100010000100110001001100100000001000000 2.492
runproj limit: 2.412
0110000000100000010011100011001110001001001000 2.54
runproj limit: 2.412
0010000000100000000000000001001100000000000000 2.47
runproj limit: 2.412
0010000010010000000000010000100000000000000000 2.458
runproj limit: 2.412
0010100000100000000000000000000100000000001000 2.495
runproj limit: 2.412
0010000000000000000000000001000100010000000000 2.455
runproj limit: 2.412
0000000000001100000000100000000000000000000000 2.478
runproj limit: 2.412
0000100000000000000000000000100000000000000000 2.495
runproj limit: 2.412
0010000000100000000100000000001100000000000000 2.478
best: 0.9833333333333333
runproj limit: 2.412
0010000000000000000000010001100100010000000000 2.532
runproj limit: 2.412
0000000010001000000000100000000000000000000000 2.468
runproj limit: 2.412
0010000000010000000100000000000100000000000000 2.47
runproj limit: 2.412
0010000000001000000000000000000000000000000000 2.478
runproj limit: 2.412
0010000000001000000000000000000000000000000000 2.45
runproj limit: 2.412
0010000000001000000000000000000000000000000000 2.475
runproj limit: 2.412
0000100000100000000000001000001100000001011000 2.485
runproj limit: 2.412
0010000100001000000100000000000000000001000000 2.51
runproj limit: 2.412
0010100000001000000101001000100100000000000000 2.512
runproj limit: 2.412
1001010000100000000110000000100000001000100110 2.482
runproj limit: 2.412
1110010010000100100000001000100010010100010001 2.48
runproj limit: 2.412
0001100000011001000000000001101010110000000001 2.505
runproj limit: 2.412
0000110010011011010001000000001111000010000010 2.488
runproj limit: 2.412
0000100000110000001000001010000000000010000000 2.452
runproj limit: 2.412
0000000000100000000001001000000100000011010000 2.438
runproj limit: 2.412
0010000000101100000000100000001000000000000000 2.418
runproj limit: 2.412
0010000000001000000000000000000000000000000000 2.397
runproj limit: 2.412
0010000000000000000000000000000000000000000000 2.372
runproj limit: 2.412
0000100010010000000000000000100000000000000000 2.385
runproj limit: 2.412
0010000010010000000000010010100010010000010000 2.41
best: 0.9883333333333333
runproj limit: 2.412
0010000000001000000000000000000000000000000000 2.358
runproj limit: 2.412
0010100000011000010001000000001101000000000010 2.385
runproj limit: 2.412
1110010000000000100100000000000010010000000000 2.412
runproj limit: 2.412
0010000010010000000000010010100010010000010000 2.4
runproj limit: 2.412
0010000000101100000000100000001000000000000000 2.38
runproj limit: 2.412
0000000010000100000000100000101000000000000000 2.352
runproj limit: 2.412
0010100010010000001000011010100000000000010000 2.35
runproj limit: 2.412
0010000000100000000001101000000000000001000000 2.377
runproj limit: 2.412
0111010000000110100010000111000000100101011100 2.375
runproj limit: 2.412
0100111110010100011000000010000000101000010111 2.41
runproj limit: 2.412
0011100000000000010000010000100000000001000011 2.347
runproj limit: 2.412
1000100011101000000010101100100011000000001110 2.372
runproj limit: 2.412
0000110010111111010000010111001111011010100000 2.4
runproj limit: 2.412
0010000000000000000000000000000000000000000000 2.355
runproj limit: 2.412
0000100010010000000000000000100000000000000000 2.38
runproj limit: 2.412
0010000000001000000000000000000000000000000000 2.382
runproj limit: 2.412
0010000010010000000000010010100010010000010000 2.475
runproj limit: 2.412
0010000000101100000000100000001000000000000000 2.43
runproj limit: 2.412
0000000000100000000001001000000100000011010000 2.475
runproj limit: 2.412
0000100000110000001000001010000000000010000000 2.48
best: 0.9779166666666667
runproj limit: 2.412
0011110000010110100000010011000000100001010100 2.505
runproj limit: 2.412
1000100010101000000000100100100001000000001110 2.55
runproj limit: 2.412
0010000000001100000000000000001000000000000000 2.452
runproj limit: 2.412
0000101010010000001000010010000000001000010111 2.488
runproj limit: 2.412
0010000010010000000000000010100000000000000000 2.492
runproj limit: 2.412
1000100011100000000000111000100000000000011000 2.46
runproj limit: 2.412
0110101010011000011000000000000000000000000000 2.51
runproj limit: 2.412
0010100000000000010001110000000000000001000011 2.55
runproj limit: 2.412
0011010000010000010001010110100001100000100011 2.468
runproj limit: 2.412
1100000010010000010110011000100010010010000000 2.438
runproj limit: 2.412
1000010110100000000001101011000001010100111011 2.55
runproj limit: 2.412
0000001110010100001000110001000010010100010011 2.495
runproj limit: 2.412
1011100001000001110000010010111000000001010010 2.442
runproj limit: 2.412
0011100000000000010000010000100000000001000011 2.482
runproj limit: 2.412
0010100010010000001000011010100000000000010000 2.468
runproj limit: 2.412
0000000010000100000000100000101000000000000000 2.458
runproj limit: 2.412
0010000000000000000000000000000000000000000000 2.488
runproj limit: 2.412
0010000000001000000000000000000000000000000000 2.475
runproj limit: 2.412
1000100011101000000010101100100011000000001110 2.492
runproj limit: 2.412
0111010000000110100010000111000000100101011100 2.488
best: 1.0158333333333334
runproj limit: 2.412
0010000000001000000000000000000000000000000000 2.455
runproj limit: 2.412
0010000000010000000000000010000000000000000000 2.51
runproj limit: 2.412
0011100011000001001000010010100000000000010010 2.532
runproj limit: 2.412
0010101000010110101000010011000000001000010100 2.48
runproj limit: 2.412
0010100010010000001000001010000000000000010000 2.518
runproj limit: 2.412
0010000000000101010000000000111000000000000010 2.528
runproj limit: 2.412
0000100010010000000000010000100000000000000000 2.468
runproj limit: 2.412
0110101010001000011010001000000010000000001110 2.567
runproj limit: 2.412
0000000111101101000001110000000000000010011001 2.532
runproj limit: 2.412
1100001010010110010110011010011010010010100101 2.512
runproj limit: 2.412
0011000010011100000000000001111100000000010000 2.518
runproj limit: 2.412
1111010000101110100110011110010101000111010000 2.502
runproj limit: 2.412
0111010000001111111010000000100010111111001110 2.395
runproj limit: 2.412
1100000010010000010110011000100010010010000000 2.37
runproj limit: 2.412
1011100001000001110000010010111000000001010010 2.365
runproj limit: 2.412
0010000000001100000000000000001000000000000000 2.355
runproj limit: 2.412
0000000010000100000000100000101000000000000000 2.35
runproj limit: 2.412
1000100011100000000000111000100000000000011000 2.415
runproj limit: 2.412
0011010000010000010001010110100001100000100011 2.372
runproj limit: 2.412
0010100010010000001000011010100000000000010000 2.365
best: 0.9791666666666667
runproj limit: 2.412
1111010010110110100110011100000001010110010000 2.36
runproj limit: 2.412
0011110000010000101010010000100010011100010000 2.355
runproj limit: 2.412
0111100011100010001010000000100000000111001000 2.418
runproj limit: 2.412
0010010000010000000001010100101001000000000010 2.358
runproj limit: 2.412
1011000001101001010000010010010000000010011000 2.362
runproj limit: 2.412
1011100001001001010000010000101000000000010000 2.402
runproj limit: 2.412
0010100000000000001000000010000000000000000000 2.357
runproj limit: 2.412
1111000010010000010111011000100011010000000001 2.395
runproj limit: 2.412
1110100010010010000001111011100101100000111110 2.435
runproj limit: 2.412
1110011010010100111010111011011011011010100101 2.418
runproj limit: 2.412
0001000010001100100101000110101000000000110100 2.377
runproj limit: 2.412
0011100011111000100100001000001111010010010001 2.4
runproj limit: 2.412
0110101001001101010000000100001101011000001010 2.408
runproj limit: 2.412
0000000010000100000000100000101000000000000000 2.367
runproj limit: 2.412
0010000000001100000000000000001000000000000000 2.35
runproj limit: 2.412
1011100001000001110000010010111000000001010010 2.34
runproj limit: 2.412
0010100010010000001000011010100000000000010000 2.337
runproj limit: 2.412
1100000010010000010110011000100010010010000000 2.355
runproj limit: 2.412
0011010000010000010001010110100001100000100011 2.378
runproj limit: 2.412
0111010000001111111010000000100010111111001110 2.382
best: 0.9737500000000001
runproj limit: 2.412
0010100011010000000100001010000101010000010000 2.395
runproj limit: 2.412
0110110000001010111000010010100010101111001010 2.347
runproj limit: 2.412
1010000001001000000000010010001000000000010000 2.402
runproj limit: 2.412
0011010010010010110011010100100001110110000001 2.385
runproj limit: 2.412
1110110010010100101010111001010011011000110100 2.385
runproj limit: 2.412
0100000010000100000100001000100000000010000000 2.432
runproj limit: 2.412
0010000000010000000001011010100001000000000000 2.395
runproj limit: 2.412
0010000000001100011010000000001010001110001110 2.37
runproj limit: 2.412
0000000001011100010011000001010000100001001010 2.358
runproj limit: 2.412
1000000110100111000001000000001000001110010110 2.362
runproj limit: 2.412
1101000010110011101110011000111100010000000010 2.392
runproj limit: 2.412
1001100001000010100101011010100000010001010111 2.39
runproj limit: 2.412
1010000000011001100100000001000000001000010001 2.538
runproj limit: 2.412
0010100010010000001000011010100000000000010000 2.35
runproj limit: 2.412
1011100001000001110000010010111000000001010010 2.357
runproj limit: 2.412
0010000000001100000000000000001000000000000000 2.355
runproj limit: 2.412
0011110000010000101010010000100010011100010000 2.36
runproj limit: 2.412
1100000010010000010110011000100010010010000000 2.355
runproj limit: 2.412
0010100000000000001000000010000000000000000000 2.357
runproj limit: 2.412
0010010000010000000001010100101001000000000010 2.358
best: 0.9779166666666667
runproj limit: 2.412
0010100001010000000000010100111000000000010010 2.347
runproj limit: 2.412
0010010000010001000101010101100001000000000010 2.358
runproj limit: 2.412
0000000010010000010110011000110010110011000010 2.377
runproj limit: 2.412
0011110010010000100001010000100001110100000000 2.4
runproj limit: 2.412
0010000000010000001000010010101000000000000010 2.355
runproj limit: 2.412
0010100000001000101000000010100010100110001010 2.408
runproj limit: 2.412
1010100010010000000100011010100010000010010000 2.352
runproj limit: 2.412
0110110000001010111000010010100010101111001010 2.34
runproj limit: 2.412
0010100011010011111000011011100000101011110010 2.362
runproj limit: 2.412
0010011100000000010100001010101100101000010101 2.38
runproj limit: 2.412
1110101011001000001000110010110011001000110010 2.418
runproj limit: 2.412
1010110000101000000000101001100101011100001100 2.385
runproj limit: 2.412
0010011000011000110011010011000101001000100010 2.415
runproj limit: 2.412
0110110000001010111000010010100010101111001010 2.35
runproj limit: 2.412
0010100010010000001000011010100000000000010000 2.35
runproj limit: 2.412
0010000000001100000000000000001000000000000000 2.347
runproj limit: 2.412
1100000010010000010110011000100010010010000000 2.352
runproj limit: 2.412
1011100001000001110000010010111000000001010010 2.352
runproj limit: 2.412
0010100000000000001000000010000000000000000000 2.37
runproj limit: 2.412
0000000001011100010011000001010000100001001010 2.352
best: 0.975
runproj limit: 2.412
0010000010010000001000011010101000000000000000 2.347
runproj limit: 2.412
1010110000101000000000101001100101011100001100 2.382
runproj limit: 2.412
1010100010010000000110011010110010100011000000 2.355
runproj limit: 2.412
0010100000010000000000010010110000000000010010 2.357
runproj limit: 2.412
0010100000010000001000011100101000000000010010 2.357
runproj limit: 2.412
0010010000000101000101010001100001000000000000 2.41
runproj limit: 2.412
0010100001010000000000011000101000000000010010 2.4
runproj limit: 2.412
0110100000011110110000010011010000100001001010 2.357
runproj limit: 2.412
0000001010000001100100010010111000010001000111 2.378
runproj limit: 2.412
0001000000100000010110011000111001111011000011 2.412
runproj limit: 2.412
0011101010011000011000011010100100101000011000 2.37
runproj limit: 2.412
0010001001010110000010100100001100000100010011 2.372
runproj limit: 2.412
0010011100010110111100000110100100101001010100 2.402
runproj limit: 2.412
0110110000001010111000010010100010101111001010 2.352
runproj limit: 2.412
0010100001010000000000010100111000000000010010 2.352
runproj limit: 2.412
0010000000001100000000000000001000000000000000 2.362
runproj limit: 2.412
0010100010010000001000011010100000000000010000 2.345
runproj limit: 2.412
1010100010010000000100011010100010000010010000 2.347
runproj limit: 2.412
1100000010010000010110011000100010010010000000 2.375
runproj limit: 2.412
1011100001000001110000010010111000000001010010 2.347
best: 0.9770833333333334
runproj limit: 2.412
0010001010010000001000111110000000000100010010 2.392
runproj limit: 2.412
0010100001010000000000011100111000000000010010 2.39
runproj limit: 2.412
0010100010100000000000001000100100011000010000 2.403
runproj limit: 2.412
0010000000011100000000010000111000000000000010 2.35
runproj limit: 2.412
0010100010010000000000011010100010100001010000 2.392
runproj limit: 2.412
1010110000101000000000101001100101011100001100 2.387
runproj limit: 2.412
0010000000001000100000000000101000000000000111 2.41
runproj limit: 2.412
0100000010010000001110011100100000000010000000 2.397
runproj limit: 2.412
1110010010010010101111110011110100100011000000 2.355
runproj limit: 2.412
0010101001010110100000100100001100000100011011 2.395
runproj limit: 2.412
1100010010011110011110101010010100010010000000 2.362
runproj limit: 2.412
0001100101010011110100001011111100000110111110 2.435
runproj limit: 2.412
1010110011110010001001110011000000101000101100 2.425
runproj limit: 2.412
0010100010010000001000011010100000000000010000 2.345
runproj limit: 2.412
0010000010010000001000011010101000000000000000 2.352
runproj limit: 2.412
1010100010010000000100011010100010000010010000 2.357
runproj limit: 2.412
1011100001000001110000010010111000000001010010 2.35
runproj limit: 2.412
0110110000001010111000010010100010101111001010 2.342
runproj limit: 2.412
0010100001010000000000010100111000000000010010 2.342
runproj limit: 2.412
1010100010010000000110011010110010100011000000 2.34
best: 0.975
runproj limit: 2.412
0010100011010010101111010100110000000010000010 2.348
runproj limit: 2.412
1010110010101110011010101011000101011110000100 2.438
runproj limit: 2.412
1010100010010000000100011010100000000000010000 2.418
runproj limit: 2.412
1010000000001100000000000001100001000000001110 2.425
runproj limit: 2.412
1010101010010000001100111110110000100010010000 2.41
runproj limit: 2.412
0110000010010000101111010011100000100010000000 2.398
runproj limit: 2.412
0010000010010010100000010010100000100011010000 2.402
runproj limit: 2.412
0010110010000010001000011010100010101010000010 2.41
runproj limit: 2.412
1001100000101000000001100011110101011100100000 2.397
runproj limit: 2.412
0011101000001101100000010100111000010101010010 2.387
runproj limit: 2.412
1100110000010010101101110110110100101000000100 2.382
runproj limit: 2.412
1001110001011001111010010110001001010100110010 2.36
runproj limit: 2.412
1111101001110111100010011001111000100001000110 2.41
runproj limit: 2.412
1010100010010000000110011010110010100011000000 2.35
runproj limit: 2.412
0110110000001010111000010010100010101111001010 2.362
runproj limit: 2.412
0010100001010000000000010100111000000000010010 2.362
runproj limit: 2.412
0010100010010000001000011010100000000000010000 2.357
runproj limit: 2.412
0010000000011100000000010000111000000000000010 2.355
runproj limit: 2.412
1011100001000001110000010010111000000001010010 2.352
runproj limit: 2.412
0010000010010000001000011010101000000000000000 2.342
best: 0.9758333333333334
done evolving!
"all is well:)"
>>>>>>>>>>>>>>FINISH OPTIMIZATION>>>>>>>>>>>>>>>
3213.94user 247.62system 59:44.35elapsed 96%CPU (0avgtext+0avgdata 130512maxresident)k
1091312inputs+1415400outputs (929major+69564522minor)pagefaults 0swaps
