warning: dubious run time results for treejoin: [0.42000002,0.31,0.23,0.21]
warning: dubious mut time results for treejoin: [0.25,0.15,9.0e-2,8.0e-2]
warning: dubious run time results for treejoin: [0.42000002,0.31,0.23,0.21]
warning: dubious mut time results for treejoin: [0.25,0.15,9.0e-2,8.0e-2]
warning: dubious run time results for treejoin: [0.23,0.22,0.24000001,0.35]
warning: dubious run time results for treejoin: [0.23,0.22,0.24000001,0.35]
warning: dubious run time results for treejoin: [0.46999997,0.41000003,0.26999998,0.22]
warning: dubious mut time results for treejoin: [0.21,0.18,0.11,9.0e-2]
warning: dubious GC time results for treejoin: [0.26,0.23,0.16,0.13]
warning: dubious run time results for treejoin: [0.46999997,0.41000003,0.26999998,0.22]
warning: dubious mut time results for treejoin: [0.21,0.18,0.11,9.0e-2]
warning: dubious GC time results for treejoin: [0.26,0.23,0.16,0.13]
warning: dubious run time results for treejoin: [0.24000001,0.27,0.39999998,0.22]
warning: dubious GC time results for treejoin: [0.15,0.17,0.24,0.14]
warning: dubious run time results for treejoin: [0.24000001,0.27,0.39999998,0.22]
warning: dubious GC time results for treejoin: [0.15,0.17,0.24,0.14]
warning: dubious run time results for treejoin: [0.23,0.29000002,0.34,0.24000001]
warning: dubious run time results for treejoin: [0.23,0.29000002,0.34,0.24000001]
warning: dubious run time results for treejoin: [0.25,0.27,0.39,0.34]
warning: dubious GC time results for treejoin: [0.16,0.17,0.23,0.2]
warning: dubious run time results for treejoin: [0.25,0.27,0.39,0.34]
warning: dubious GC time results for treejoin: [0.16,0.17,0.23,0.2]
warning: dubious run time results for treejoin: [0.31,0.32,0.36,0.22]
warning: dubious GC time results for treejoin: [0.21,0.13,0.22,0.13]
warning: dubious run time results for treejoin: [0.31,0.32,0.36,0.22]
warning: dubious GC time results for treejoin: [0.21,0.13,0.22,0.13]
warning: dubious mut time results for treejoin: [0.21,0.17,0.18,0.11]
warning: dubious GC time results for treejoin: [0.18,0.16,0.23,0.2]
warning: dubious mut time results for treejoin: [0.21,0.17,0.18,0.11]
warning: dubious GC time results for treejoin: [0.18,0.16,0.23,0.2]
warning: dubious run time results for treejoin: [0.4,0.24000001,0.23,0.46999997]
warning: dubious mut time results for treejoin: [0.15,9.0e-2,9.0e-2,0.26]
warning: dubious GC time results for treejoin: [0.25,0.15,0.14,0.21]
warning: dubious run time results for treejoin: [0.4,0.24000001,0.23,0.46999997]
warning: dubious mut time results for treejoin: [0.15,9.0e-2,9.0e-2,0.26]
warning: dubious GC time results for treejoin: [0.25,0.15,0.14,0.21]
warning: dubious run time results for treejoin: [0.17,0.31,0.37,0.42000002]
warning: dubious GC time results for treejoin: [0.1,0.18,0.2,0.28]
warning: dubious run time results for treejoin: [0.17,0.31,0.37,0.42000002]
warning: dubious GC time results for treejoin: [0.1,0.18,0.2,0.28]
warning: dubious run time results for treejoin: [0.23,0.23,0.32999998,0.34]
warning: dubious GC time results for treejoin: [0.14,0.14,0.21,0.2]
warning: dubious run time results for treejoin: [0.23,0.23,0.32999998,0.34]
warning: dubious GC time results for treejoin: [0.14,0.14,0.21,0.2]
warning: dubious run time results for treejoin: [0.56,0.32999998,0.44,0.24000001]
warning: dubious mut time results for treejoin: [0.25,0.16,0.21,9.0e-2]
warning: dubious GC time results for treejoin: [0.31,0.17,0.23,0.15]
warning: dubious run time results for treejoin: [0.56,0.32999998,0.44,0.24000001]
warning: dubious mut time results for treejoin: [0.25,0.16,0.21,9.0e-2]
warning: dubious GC time results for treejoin: [0.31,0.17,0.23,0.15]
warning: dubious run time results for treejoin: [0.22,0.42000002,0.43,0.63]
warning: dubious mut time results for treejoin: [0.1,0.18,0.25,0.23]
warning: dubious GC time results for treejoin: [0.12,0.24,0.18,0.35]
warning: dubious run time results for treejoin: [0.22,0.42000002,0.43,0.63]
warning: dubious mut time results for treejoin: [0.1,0.18,0.25,0.23]
warning: dubious GC time results for treejoin: [0.12,0.24,0.18,0.35]
warning: dubious run time results for treejoin: [0.47,0.28,0.45000002,0.32]
warning: dubious GC time results for treejoin: [0.29,0.14,0.3,0.15]
warning: dubious run time results for treejoin: [0.47,0.28,0.45000002,0.32]
warning: dubious GC time results for treejoin: [0.29,0.14,0.3,0.15]
warning: dubious run time results for treejoin: [0.51,0.32999998,0.19,0.19999999]
warning: dubious GC time results for treejoin: [0.4,0.2,0.12,0.12]
warning: dubious run time results for treejoin: [0.51,0.32999998,0.19,0.19999999]
warning: dubious GC time results for treejoin: [0.4,0.2,0.12,0.12]
warning: dubious run time results for treejoin: [0.29,0.21,0.29,0.42000002]
warning: dubious GC time results for treejoin: [0.17,0.13,0.17,0.23]
warning: dubious run time results for treejoin: [0.29,0.21,0.29,0.42000002]
warning: dubious GC time results for treejoin: [0.17,0.13,0.17,0.23]
warning: dubious run time results for treejoin: [0.32999998,0.3,0.24000001,0.35999998]
warning: dubious GC time results for treejoin: [0.21,0.14,0.14,0.24]
warning: dubious run time results for treejoin: [0.32999998,0.3,0.24000001,0.35999998]
warning: dubious GC time results for treejoin: [0.21,0.14,0.14,0.24]
warning: dubious run time results for treejoin: [0.31,0.27,0.25,0.21000001]
warning: dubious run time results for treejoin: [0.31,0.27,0.25,0.21000001]
warning: dubious run time results for treejoin: [0.22,0.26,0.31,0.26]
warning: dubious run time results for treejoin: [0.22,0.26,0.31,0.26]
warning: dubious run time results for treejoin: [0.26999998,0.51,0.44,0.55]
warning: dubious mut time results for treejoin: [0.11,0.28,0.29,0.32]
warning: dubious GC time results for treejoin: [0.16,0.23,0.15,0.23]
warning: dubious run time results for treejoin: [0.26999998,0.51,0.44,0.55]
warning: dubious mut time results for treejoin: [0.11,0.28,0.29,0.32]
warning: dubious GC time results for treejoin: [0.16,0.23,0.15,0.23]
warning: dubious run time results for treejoin: [0.69,0.35999998,0.68,0.28]
warning: dubious mut time results for treejoin: [0.2,0.1,0.33,0.13]
warning: dubious GC time results for treejoin: [0.49,0.26,0.35,0.15]
warning: dubious run time results for treejoin: [0.69,0.35999998,0.68,0.28]
warning: dubious mut time results for treejoin: [0.2,0.1,0.33,0.13]
warning: dubious GC time results for treejoin: [0.49,0.26,0.35,0.15]
warning: dubious run time results for treejoin: [0.26,0.45000002,0.23,0.26]
warning: dubious GC time results for treejoin: [0.16,0.33,0.14,0.15]
warning: dubious run time results for treejoin: [0.26,0.45000002,0.23,0.26]
warning: dubious GC time results for treejoin: [0.16,0.33,0.14,0.15]
warning: dubious run time results for treejoin: [0.23,0.37,0.28,0.36]
warning: dubious GC time results for treejoin: [0.14,0.23,0.17,0.25]
warning: dubious run time results for treejoin: [0.23,0.37,0.28,0.36]
warning: dubious GC time results for treejoin: [0.14,0.23,0.17,0.25]
warning: dubious run time results for treejoin: [0.32,0.23,0.42,0.28]
warning: dubious mut time results for treejoin: [0.14,9.0e-2,0.26,0.11]
warning: dubious run time results for treejoin: [0.32,0.23,0.42,0.28]
warning: dubious mut time results for treejoin: [0.14,9.0e-2,0.26,0.11]
warning: dubious run time results for treejoin: [1.2,0.55,1.28,4.8100004]
warning: dubious mut time results for treejoin: [0.63,0.11,0.24,0.78]
warning: dubious GC time results for treejoin: [0.57,0.44,1.04,4.03]
warning: dubious run time results for treejoin: [1.2,0.55,1.28,4.8100004]
warning: dubious mut time results for treejoin: [0.63,0.11,0.24,0.78]
warning: dubious GC time results for treejoin: [0.57,0.44,1.04,4.03]
warning: dubious run time results for treejoin: [0.26,0.21000001,0.19999999,0.18]
warning: dubious run time results for treejoin: [0.26,0.21000001,0.19999999,0.18]
warning: dubious run time results for treejoin: [0.31,0.3,0.32999998,0.45]
warning: dubious GC time results for treejoin: [0.19,0.18,0.2,0.26]
warning: dubious run time results for treejoin: [0.31,0.3,0.32999998,0.45]
warning: dubious GC time results for treejoin: [0.19,0.18,0.2,0.26]
Optimizing /h/ywang30/nofib/spectral/treejoin
>>>>>>>>>>>>>>>START OPTIMIZATION>>>>>>>>>>>>>>>
pop: 13
gens: 15
arch: 7
limit is: 0.293
runproj limit: 0.293
Basetime is: 0.26
runproj limit: 0.293
0100000000000000000010000000000000000000000010000000001000000000101000000010011000000000000000000000000000000100000000 0.285
runproj limit: 0.293
0010000000100000000100000000001100000000000000000000000000000001001000000000000000000000000000000000000000100000001000 0.342
runproj limit: 0.293
0000000000010000001000001001101000000000000011000001000010000000000000000000100000100000000000000001000000100001000100 0.282
runproj limit: 0.293
"timed out"
0000000000010000001000001010000000001010010000000001000000000110000000001000000000000000000000000001000001000000000000 0.52
runproj limit: 0.293
0000000000000000000000000100011000000000100100000110000000000000000000000000000000000000010001000100000000000000000000 0.275
runproj limit: 0.293
0010000010010000000000010000100000000000000000001000000000000000110000000100000000001000000000010100000000000001000001 0.312
runproj limit: 0.293
"timed out"
1000000000000000000000000011000101010000100000010000000100000100000010100000000000000101000000000000000011000000100000 0.52
runproj limit: 0.293
"timed out"
0100000000001100000000100000000000000000000000100000010000001010000000000000000000010011000010000100000001000000001010 0.52
runproj limit: 0.293
0000100000000000000000100000100000000000000000000100000100000000100000100100000000000000000100000000000000010100000100 0.302
runproj limit: 0.293
0010000000000000000000001000000000110000100000000001000000000000010000000000000000000000010000000000100000000000000000 0.36
runproj limit: 0.293
0000010000000000100000000000000000001010000000000000000000001011000000000000100000111100000010000000010000001000000000 0.335
runproj limit: 0.293
0000100000001000000000010000000100000000001000000000000000000000010000001000000000000000000000000000010000100000000000 0.318
runproj limit: 0.293
0000000000000000000000000000100000000000000001000000000000000011000110000010010000000000000000010000100010001100000000 0.282
best: 1.0576923076923077
runproj limit: 0.293
0000000000000000001000000000111000000000100011000101000010000000000000000000000000000000010001000001000000000001000100 0.392
runproj limit: 0.293
0000100000010000000000001001100100000000001011000001000000000000010000000000000000000000000000000001010000100000000100 0.425
runproj limit: 0.293
0110000010010000000000010000000000000000000000000000000000000000100000000100011000001000000000000000000000000100000001 0.33
runproj limit: 0.293
0000000000000000000000001000101000000000000001000001000000000001000000000000010000100000000000010000100000000100000100 0.38
runproj limit: 0.293
"timed out"
1010000000000000000100000011000100010000100000000000000000000100000000100000000000000101000000000000000011000000000000 0.52
runproj limit: 0.293
"timed out"
1000000000000000000000000001100101010000000000010000000000000101000010000000000000000000000000010000000011000000100000 0.52
runproj limit: 0.293
0000000000000000100000000000000000001010000000000000000000000010000000000000000000110000000100000000010000010100000000 0.308
runproj limit: 0.293
0000100000000000000000000000100000000000000000000100000000000000000000100000000000000000010001000100000000010000000100 0.218
runproj limit: 0.293
0000000000001100101000010001100000000010000010000101011110101000000010001100110000100011000100001001100010101001010100 0.302
runproj limit: 0.293
0000010000001001011001100100011101111000100001010010000000010000000000000000000000011010110011100100000100000010000100 0.308
runproj limit: 0.293
0100110011000110011100000001011000010010100101000110100100100000000000100010000000101010010101100001100100100000000000 0.26
runproj limit: 0.293
0110010000011000010100110001000010000000000000000101010001000110110000010100001000101100000101010110100000111101000100 0.262
runproj limit: 0.293
"timed out"
0110010100110000011000001000101000100010000010011110110010000000000000010000100000100001000101111000100001100001001100 0.52
runproj limit: 0.293
0000000000000000000000000100011000000000100100000110000000000000000000000000000000000000010001000100000000000000000000 0.442
runproj limit: 0.293
0000000000010000001000001001101000000000000011000001000010000000000000000000100000100000000000000001000000100001000100 0.502
runproj limit: 0.293
0000000000000000000000000000100000000000000001000000000000000011000110000010010000000000000000010000100010001100000000 0.3
runproj limit: 0.293
0100000000000000000010000000000000000000000010000000001000000000101000000010011000000000000000000000000000000100000000 0.31
runproj limit: 0.293
0000100000000000000000100000100000000000000000000100000100000000100000100100000000000000000100000000000000010100000100 0.212
runproj limit: 0.293
0010000010010000000000010000100000000000000000001000000000000000110000000100000000001000000000010100000000000001000001 0.312
runproj limit: 0.293
0000100000001000000000010000000100000000001000000000000000000000010000001000000000000000000000000000010000100000000000 1.96
best: 0.8153846153846154
runproj limit: 0.293
"timed out"
0010000000001000000000010001100000010000000000000101011110001100000010100100100000000111000100000001100011001001000000 0.52
runproj limit: 0.293
0110000000010000000000010000000010000000000000000100010001000100100000010100011000001000000001010110100000101101000000 0.212
runproj limit: 0.293
0100010010000010011110000000000000010010100001000110001000100000000000000010011000001000000101000001100100100000000000 0.238
runproj limit: 0.293
0000100011000100011100001001011000010000001001000111100000000000000000000000000000000010000100100001010100100000000000 0.195
runproj limit: 0.293
0010000000000000000000000000100000000000000000000000000000000001000010000010010000001000000000010000000010001100000001 0.225
runproj limit: 0.293
0000000000000000000000001000101000000000000001000001000000000011000000000000010000100000000000010000100010000100000100 0.252
runproj limit: 0.293
0000010000000100011100000001111000000010100101000101100110000000000000100010000000101000010101100001000000000001000000 0.235
runproj limit: 0.293
0010010000001000010100110101011100001000000001000111010001000000000000000000001000011010010011100110100000000001000100 0.242
runproj limit: 0.293
"timed out"
0100000000000010000111000100001000000001001100011000001100100000101000110111110100000010000000001000011100110010010010 0.52
runproj limit: 0.293
0001000000010000010010000101011100000010100101100110001000100110010100010100000101000100010001101001000100010000101000 0.205
runproj limit: 0.293
"timed out"
1111010000001111010110110001011010000011000100100001110110001100011010000100001110110110100100010010101000001100001110 0.52
runproj limit: 0.293
"timed out"
0101010001000101110110111001000011111010000101000001000011000010110000111100001000011000000101100001101001101001000110 0.52
runproj limit: 0.293
"timed out"
0001010000001001001001110101011001101110010110000101111100101001000111001010101001100011010100101011010111001000010000 0.52
runproj limit: 0.293
0000100000000000000000100000100000000000000000000100000100000000100000100100000000000000000100000000000000010100000100 0.182
runproj limit: 0.293
0000100000000000000000000000100000000000000000000100000000000000000000100000000000000000010001000100000000010000000100 0.212
runproj limit: 0.293
0100110011000110011100000001011000010010100101000110100100100000000000100010000000101010010101100001100100100000000000 0.218
runproj limit: 0.293
0110010000011000010100110001000010000000000000000101010001000110110000010100001000101100000101010110100000111101000100 0.227
runproj limit: 0.293
0000000000000000000000000000100000000000000001000000000000000011000110000010010000000000000000010000100010001100000000 0.26
runproj limit: 0.293
0000000000001100101000010001100000000010000010000101011110101000000010001100110000100011000100001001100010101001010100 0.348
runproj limit: 0.293
0000000000000000100000000000000000001010000000000000000000000010000000000000000000110000000100000000010000010100000000 0.225
best: 0.7
runproj limwarning: dubious run time results for treejoin: [0.24000001,0.34,0.42000002,0.25]
warning: dubious GC time results for treejoin: [0.14,0.19,0.31,0.14]
warning: dubious run time results for treejoin: [0.24000001,0.34,0.42000002,0.25]
warning: dubious GC time results for treejoin: [0.14,0.19,0.31,0.14]
warning: dubious run time results for treejoin: [0.3,0.31,0.22,0.29000002]
warning: dubious run time results for treejoin: [0.3,0.31,0.22,0.29000002]
warning: dubious run time results for treejoin: [0.23,0.49,0.28,0.22]
warning: dubious GC time results for treejoin: [0.14,0.29,0.16,0.14]
warning: dubious run time results for treejoin: [0.23,0.49,0.28,0.22]
warning: dubious GC time results for treejoin: [0.14,0.29,0.16,0.14]
warning: dubious run time results for treejoin: [0.69,0.24000001,0.3,0.26]
warning: dubious GC time results for treejoin: [0.58,0.15,0.17,0.16]
warning: dubious run time results for treejoin: [0.69,0.24000001,0.3,0.26]
warning: dubious GC time results for treejoin: [0.58,0.15,0.17,0.16]
warning: dubious run time results for treejoin: [0.22,0.32,0.26999998,0.28]
warning: dubious run time results for treejoin: [0.22,0.32,0.26999998,0.28]
warning: dubious run time results for treejoin: [0.19999999,0.25,0.22999999,0.3]
warning: dubious run time results for treejoin: [0.19999999,0.25,0.22999999,0.3]
warning: dubious run time results for treejoin: [0.28,0.31,0.22,0.24000001]
warning: dubious run time results for treejoin: [0.28,0.31,0.22,0.24000001]
warning: dubious run time results for treejoin: [0.31,0.17999999,0.23,0.21000001]
warning: dubious run time results for treejoin: [0.31,0.17999999,0.23,0.21000001]
warning: dubious run time results for treejoin: [0.15,0.19,0.26,0.17999999]
warning: dubious run time results for treejoin: [0.15,0.19,0.26,0.17999999]
warning: dubious run time results for treejoin: [0.24000001,0.32,0.21000001,0.19]
warning: dubious run time results for treejoin: [0.24000001,0.32,0.21000001,0.19]
warning: dubious run time results for treejoin: [0.22999999,0.32999998,0.37,0.19]
warning: dubious GC time results for treejoin: [0.13,0.19,0.22,0.11]
warning: dubious run time results for treejoin: [0.22999999,0.32999998,0.37,0.19]
warning: dubious GC time results for treejoin: [0.13,0.19,0.22,0.11]
warning: dubious run time results for treejoin: [0.31,0.21000001,0.25,0.19999999]
warning: dubious run time results for treejoin: [0.31,0.21000001,0.25,0.19999999]
it: 0.293
"timed out"
0001000000010010010110000100001000000001000101101010001100100000110100110100000100000010010001001000011100010010001010 0.52
runproj limit: 0.293
0000100001000100011100000000000000011000001000000010000000000000000000000000000000110010000100000001010100000000000000 0.282
runproj limit: 0.293
0000100000000000001000000001100000000010000010000101001010001000000000000000110000000000000101001001000010000001010100 0.312
runproj limit: 0.293
0000100000000100001100100000100000000000001001000111100100000000000000100100000000000010000100000000010100010100000000 0.22
runproj limit: 0.293
0000000000010100010100000001011100000010100101000111101100000110010000100110000001100000010001101001000000000000001000 0.28
runproj limit: 0.293
0000100000000000000000000000000000000010000000000100000000000000000000100000000000000000000101000100010000010100000100 0.218
runproj limit: 0.293
0100010010000110011100000001011000010010100101000100100100000000000000100010000000101010010101100001000100100000000000 0.305
runproj limit: 0.293
0000100000000100001100001000000000000000001001000000100000000011000100000010000000000010000100000001100110001100000000 0.23
runproj limit: 0.293
0000010000000100011100000011111010000010110101000101100100101001000000110000001111110010001101101111100000000001100000 0.258
runproj limit: 0.293
"timed out"
0110110000000000010101110100111100101010100101000111010111001000100101000011001000110010011001000101111000000111000111 0.52
runproj limit: 0.293
0111000001010101100010000101011100001010100001101111100001100111010111000100101111001001010001101011000000110000001100 0.195
runproj limit: 0.293
"timed out"
0001000100000001100001100110000100000011000001000001000000010011000000000101001100110000010101000001011101011110010000 0.52
runproj limit: 0.293
0011010001001101000100100001100001011000000001000111010101000010110000000000001100011110110011100111100100110001110100 0.215
runproj limit: 0.293
0000100000000000000000100000100000000000000000000100000100000000100000100100000000000000000100000000000000010100000100 0.245
runproj limit: 0.293
0000100011000100011100001001011000010000001001000111100000000000000000000000000000000010000100100001010100100000000000 0.235
runproj limit: 0.293
0001000000010000010010000101011100000010100101100110001000100110010100010100000101000100010001101001000100010000101000 0.248
runproj limit: 0.293
0110000000010000000000010000000010000000000000000100010001000100100000010100011000001000000001010110100000101101000000 0.242
runproj limit: 0.293
0000100000000000000000000000100000000000000000000100000000000000000000100000000000000000010001000100000000010000000100 0.222
runproj limit: 0.293
0100110011000110011100000001011000010010100101000110100100100000000000100010000000101010010101100001100100100000000000 0.225
runproj limit: 0.293
0010000000000000000000000000100000000000000000000000000000000001000010000010010000001000000000010000000010001100000001 0.372
best: 0.75
runproj limit: 0.293
0000000000010000010000000001011100000010100101000111001000000110010100000100000101000000010001101001000000000000001000 0.265
runproj limit: 0.293
0100110000000110011100000001111000010010110101000101100100100000000000100000000010100010010101101001100000000000100000 0.272
runproj limit: 0.293
0000100000000000000000100000100000000000000000000100000100000000100000100100000000000000000100000000000000010100000100 0.222
runproj limit: 0.293
0100100010000110001100000001010000010010001101000110100100000000000000100110000000100010000101100001010100010100000000 0.245
runproj limit: 0.293
0000000000000100011100000011110010000010011101000001100100000011000000110010000111000010001101000101100010000001000000 0.263
runproj limit: 0.293
0000110011000100011100000001011000010010000101000110100000100000000000000010000000100010000101100001100100100000000000 0.262
runproj limit: 0.293
0000100000000100011100000001011000010010001101000111100100000110010000100100000000000000000001101001010100100000000000 0.192
runproj limit: 0.293
0000100001000100011100000000100000010000001001000111100100000000000000000000000000110010000100000000010100000100000000 0.218
runproj limit: 0.293
0010101000100010000001100100101010100000101001000111100000110110000000100111000101010110101100000000010110011100110000 0.233
runproj limit: 0.293
"timed out"
0011110010000111011101000001011000011010100100001010001000111000000100010010000001111110001001101000101110100010000011 0.52
runproj limit: 0.293
"timed out"
0111100101010101100000110001011100001010100001101110110001100001111011000110101111101100010001001111001001100010101110 0.52
runproj limit: 0.293
1000010100110100111110001011011010000011110101000011100101101011000000101000000101110100001101100111010010010000010100 0.222
runproj limit: 0.293
"timed out"
0101000000010010000101100110001010001000001101101001011110110000110100110110001111000011010011101000011010000001011010 0.52
runproj limit: 0.293
0111000001010101100010000101011100001010100001101111100001100111010111000100101111001001010001101011000000110000001100 0.205
runproj limit: 0.293
0011010001001101000100100001100001011000000001000111010101000010110000000000001100011110110011100111100100110001110100 0.208
runproj limit: 0.293
0000100000000000000000000000000000000010000000000100000000000000000000100000000000000000000101000100010000010100000100 0.203
runproj limit: 0.293
0000100000000100001100100000100000000000001001000111100100000000000000100100000000000010000100000000010100010100000000 0.222
runproj limit: 0.293
0000100000000000000000000000100000000000000000000100000000000000000000100000000000000000010001000100000000010000000100 0.22
runproj limit: 0.293
0100110011000110011100000001011000010010100101000110100100100000000000100010000000101010010101100001100100100000000000 0.208
runproj limit: 0.293
0000100000000100001100001000000000000000001001000000100000000011000100000010000000000010000100000001100110001100000000 0.21
best: 0.7384615384615385
runproj limit: 0.293
1011010000011100111100101011101000000001100101000011100101100010110000100000000100111110100111100111100100110001010100 0.22
runproj limit: 0.293
0000000001000100011100000011110010000010011101000111100100000001000000000000000100000010000100000001010010000101000000 0.248
runproj limit: 0.293
0001110000001101001100001000000001001000001001000001110101000011100100000000001000010110110010100011100110110101110100 0.195
runproj limit: 0.293
0010100001000100000000100000100001000000000000000101000100000010010000000000001000011010110011100111100000110000100100 0.203
runproj limit: 0.293
0000110011000000010100000000110000010010000001000100000000100000000000000000000000100000010101000001000100010000000100 0.222
runproj limit: 0.293
0100100010000100011100000001000000010010001101000111100100000000000000000100000000110010000100100001010100010100000000 0.24
runproj limit: 0.293
0010000001001101000100100001100001011000000001000111100101000110010000100000001000001000010011101001010100110001100000 0.225
runproj limit: 0.293
0000110100000100001100001000010000000011111101000001100100101011000000100000000100110010001100000111010010000100010000 0.198
runproj limit: 0.293
"timed out"
0110110011001110011001001001011100010010100101100011000110101000000100000110000000001000010101100011101110000110000100 0.52
runproj limit: 0.293
1011110000000100001110001000101100001000101111000001001100010010010110011010010000000011000100000001100110111000000010 0.16
runproj limit: 0.293
"timed out"
1110111010101110100001101100001000110100111000010110100010001000011010110011000101110110101100000100101110001000110000 0.52
runproj limit: 0.293
0001100011001101011100000001101010100000001000000111100111010100010100001010000001110010110010000111010010000110000000 0.165
runproj limit: 0.293
"timed out"
0100100011001101001101000001110111010000100111010011101000100101001001000110100000001000010100110000110001100101000110 0.52
runproj limit: 0.293
0000100000000100011100000001011000010010001101000111100100000110010000100100000000000000000001101001010100100000000000 0.28
runproj limit: 0.293
0000100000000000000000000000000000000010000000000100000000000000000000100000warning: dubious run time results for treejoin: [0.25,0.21,0.19999999,0.3]
warning: dubious run time results for treejoin: [0.25,0.21,0.19999999,0.3]
warning: dubious run time results for treejoin: [0.22,0.19999999,0.29,0.22]
warning: dubious run time results for treejoin: [0.22,0.19999999,0.29,0.22]
warning: dubious run time results for treejoin: [0.17999999,0.17,0.27,0.19999999]
warning: dubious run time results for treejoin: [0.17999999,0.17,0.27,0.19999999]
warning: dubious run time results for treejoin: [0.17,0.19,0.21000001,0.24000001]
warning: dubious run time results for treejoin: [0.17,0.19,0.21000001,0.24000001]
warning: dubious run time results for treejoin: [0.24000001,0.17,0.26999998,0.24000001]
warning: dubious run time results for treejoin: [0.24000001,0.17,0.26999998,0.24000001]
warning: dubious run time results for treejoin: [0.32,0.22,0.22,0.19999999]
warning: dubious run time results for treejoin: [0.32,0.22,0.22,0.19999999]
warning: dubious run time results for treejoin: [0.17,0.19999999,0.27,0.17]
warning: dubious run time results for treejoin: [0.17,0.19999999,0.27,0.17]
warning: dubious run time results for treejoin: [0.25,0.21000001,0.19,0.17]
warning: dubious run time results for treejoin: [0.25,0.21000001,0.19,0.17]
warning: dubious run time results for treejoin: [0.32999998,0.21000001,0.18,0.2]
warning: dubious GC time results for treejoin: [0.24,0.12,0.1,0.11]
warning: dubious run time results for treejoin: [0.32999998,0.21000001,0.18,0.2]
warning: dubious GC time results for treejoin: [0.24,0.12,0.1,0.11]
warning: dubious run time results for treejoin: [0.31,0.21000001,0.19,0.19]
warning: dubious run time results for treejoin: [0.31,0.21000001,0.19,0.19]
warning: dubious run time results for treejoin: [0.17999999,0.14,0.22,0.17]
warning: dubious run time results for treejoin: [0.17999999,0.14,0.22,0.17]
000000000000000101000100010000010100000100 0.242
runproj limit: 0.293
0111000001010101100010000101011100001010100001101111100001100111010111000100101111001001010001101011000000110000001100 0.22
runproj limit: 0.293
0011010001001101000100100001100001011000000001000111010101000010110000000000001100011110110011100111100100110001110100 0.24
runproj limit: 0.293
0100110011000110011100000001011000010010100101000110100100100000000000100010000000101010010101100001100100100000000000 0.218
runproj limit: 0.293
0000100000000100001100001000000000000000001001000000100000000011000100000010000000000010000100000001100110001100000000 0.182
runproj limit: 0.293
0000100001000100011100000000100000010000001001000111100100000000000000000000000000110010000100000000010100000100000000 0.245
best: 0.6153846153846154
runproj limit: 0.293
0011010011000001010100100001100000011010000001000111010000000010100000000000000100101110110011100011100100110001000100 0.21
runproj limit: 0.293
0110110001001101000101000001110101011000100011000011010000100111001000000110100000011010010110110110100000100001110100 0.205
runproj limit: 0.293
0010100000001101001100001001000001011000000001000101100101000111000000100000001000000110110011101001000100110001100000 0.203
runproj limit: 0.293
0000100011000100011100000001000000010000001101000111100100000000000000000000000000110010000100000001010100010100000000 0.232
runproj limit: 0.293
0111000001010101100010000101011100001010100001101111100001100111010111000100101111001001010001101011000000110000001100 0.21
runproj limit: 0.293
0101000000010100000000000101001100000000100001100000100000100111000100000000100111000011010101101011100100100000001100 0.25
runproj limit: 0.293
0000000000000100111100001010000000000010000001000101000101000010000000100000000000110100100101100100010000110101010100 0.215
runproj limit: 0.293
0011000100000101000100001001010100000011101001001001100101100111000110000100100110101010000000101011010000010000011000 0.215
runproj limit: 0.293
0111110001001010100010100111100001100101011100010101000000000000010100000001100000011001100001000111100110000000110100 0.155
runproj limit: 0.293
"timed out"
0111011101010001000100000011101010001000011111100011100010110101010000011000110101110001110110100111010011000011011000 0.52
runproj limit: 0.293
"timed out"
0101010011000110001100010001111000010011100110001111110100110000010000010010000011101010100101000001101001100000100111 0.52
runproj limit: 0.293
"timed out"
1010000000100100000010101100000010000000001110001101010100110010000110111000101101011011011001100111011100000111110000 0.52
runproj limit: 0.293
0000110100100000001101011111010000011011011111100011000100101101000000100011010000000110011000101111010110010110110000 0.23
runproj limit: 0.293
1011110000000100001110001000101100001000101111000001001100010010010110011010010000000011000100000001100110111000000010 0.205
runproj limit: 0.293
0001100011001101011100000001101010100000001000000111100111010100010100001010000001110010110010000111010010000110000000 0.18
runproj limit: 0.293
0000100000000100001100001000000000000000001001000000100000000011000100000010000000000010000100000001100110001100000000 0.203
runproj limit: 0.293
0001110000001101001100001000000001001000001001000001110101000011100100000000001000010110110010100011100110110101110100 0.23
runproj limit: 0.293
0000110100000100001100001000010000000011111101000001100100101011000000100000000100110010001100000111010010000100010000 0.22
runproj limit: 0.293
0010100001000100000000100000100001000000000000000101000100000010010000000000001000011010110011100111100000110000100100 0.2
runproj limit: 0.293
0100110011000110011100000001011000010010100101000110100100100000000000100010000000101010010101100001100100100000000000 0.21
best: 0.5961538461538461
runproj limit: 0.293
0001010001000010110000100011100000100001010101010101000001000010010000000001000000110101100001100111110010000000010100 0.24
runproj limit: 0.293
0111000001010101100010000001010100001011101001001101100101100111010110000100101111101001000000101011000000110000001100 0.225
runproj limit: 0.293
0011100001000100001100000000100100000000101101000101000100000010010010011010010000001010010110000101100100110000000100 0.185
runproj limit: 0.293
"timed out"
0010001001000101000100000011100000001000001111000101000010000111010000000000111001111001110011100111100001110010001000 0.52
runproj limit: 0.293
0011100001000101001100100001101011100000000000000111100110010100010000000010001000110010110010100111010010000110100100 0.172
runproj limit: 0.293
0010000100000100100100001001000100000011001001000001000101100110000000000000000000101100100100101101010000110000010000 0.227
runproj limit: 0.293
"timed out"
0101001001011101000100000001101010100000001000100011100110110101010100001010100101110011110010100111010011000110010000 0.52
runproj limit: 0.293
0110000000001101101110000101000000011010100001001101100001000111010000000100101011000100010001101001000000110001001000 0.25
runproj limit: 0.293
"timed out"
0101110000000100000001000011001101100001000001100001000100110010001000010000001110000010111101101111101110100000101100 0.52
runproj limit: 0.293
1110110100000100011010000010010000000001101101100001101110101011010010110000100100110011101100001101110000000010001000 0.21
runproj limit: 0.293
1001010010000101000100001010010101010110010010000111110011110111000111000001110010101111000110101011110010011010011010 0.232
runproj limit: 0.293
0010101111000000010100100010100000010100001110100110110111100001000010000001000001111001000110000000110100010101100000 0.182
runproj limit: 0.293
"timed out"
1111110000001011000010100101111001100101001101110101100010000100010110010011100110011001111001010111101110100100110110 0.52
runproj limit: 0.293
0111110001001010100010100111100001100101011100010101000000000000010100000001100000011001100001000111100110000000110100 0.175
runproj limit: 0.293
0001100011001101011100000001101010100000001000000111100111010100010100001010000001110010110010000111010010000110000000 0.202
runproj limit: 0.293
0010100001000100000000100000100001000000000000000101000100000010010000000000001000011010110011100111100000110000100100 0.205
runproj limit: 0.293
0010100000001101001100001001000001011000000001000101100101000111000000100000001000000110110011101001000100110001100000 0.23
runproj limit: 0.293
0000100000000100001100001000000000000000001001000000100000000011000100000010000000000010000100000001100110001100000000 0.185
runproj limit: 0.293
0110110001001101000101000001110101011000100011000011010000100111001000000110100000011010010110110110100000100001110100 0.225
runproj limit: 0.293
1011110000000100001110001000101100001000101111000001001100010010010110011010010000000011000100000001100110111000000010 0.178
best: 0.6615384615384614
runproj limit: 0.293
0011100001000101001100001001101000100000000000000101100110010110010000000010001000000010000100000001100110000100100100 0.175
runproj limit: 0.293
0010101111000101010100100000100010100100001010000111100110100100010000000011000000111010110010000011110100000110100000 0.215
runproj limit: 0.293
0010101110001101010100101001000000011100001100000110110111000111000010000000000000001101000111001001110100110101100000 0.235
runproj limit: 0.293
0111000001010101100010000001010100001011101001001101100101100111010110000100101111101001000000101011000000110000001100 0.225
runproj limit: 0.293
0000101111000000000100000010000000010000001000100100110100100001000110000000000001101001000100000000100110001100100000 0.182
runproj limit: 0.293
"timed out"
0110100001001111000000100100110001000000001100110101000010000110010010010000000010011000111001000111101010110100110110 0.52
runproj limit: 0.293
0011100001000101000000000001101010100000000000000101000100010010010100000010001001110010110010000111110000010100000100 0.165
runproj limit: 0.293
1000110110000000000100000010000101010110001110000110110111110101000011000001100010111001000110100010110110010110010000 0.21
runproj limit: 0.293
"timed out"
1001000111000000011101001001001010100010001001110111110111010100100100100001010101110010110110110011111110000110000001 0.52
runprowarning: dubious run time results for treejoin: [0.19999999,0.32999998,0.17999999,0.17]
warning: dubious mut time results for treejoin: [0.13,0.26,0.12,0.11]
warning: dubious run time results for treejoin: [0.19999999,0.32999998,0.17999999,0.17]
warning: dubious mut time results for treejoin: [0.13,0.26,0.12,0.11]
warning: dubious run time results for treejoin: [0.19,0.28,0.19,0.17]
warning: dubious run time results for treejoin: [0.19,0.28,0.19,0.17]
warning: dubious run time results for treejoin: [0.18,0.19,0.28,0.18]
warning: dubious run time results for treejoin: [0.18,0.19,0.28,0.18]
warning: dubious run time results for treejoin: [0.35,0.19,0.41,0.2]
warning: dubious GC time results for treejoin: [0.24,0.11,0.32,0.11]
warning: dubious run time results for treejoin: [0.35,0.19,0.41,0.2]
warning: dubious GC time results for treejoin: [0.24,0.11,0.32,0.11]
warning: dubious run time results for treejoin: [0.16,0.17,0.28,0.3]
warning: dubious run time results for treejoin: [0.16,0.17,0.28,0.3]
warning: dubious run time results for treejoin: [0.26,0.15,0.16,0.15]
warning: dubious run time results for treejoin: [0.26,0.15,0.16,0.15]
warning: dubious run time results for treejoin: [0.17999999,0.17999999,0.37,0.2]
warning: dubious mut time results for treejoin: [0.12,0.12,0.31,0.14]
warning: dubious run time results for treejoin: [0.17999999,0.17999999,0.37,0.2]
warning: dubious mut time results for treejoin: [0.12,0.12,0.31,0.14]
warning: dubious run time results for treejoin: [0.34,0.17,0.17,0.19]
warning: dubious mut time results for treejoin: [0.28,0.11,0.11,0.13]
warning: dubious run time results for treejoin: [0.34,0.17,0.17,0.19]
warning: dubious mut time results for treejoin: [0.28,0.11,0.11,0.13]
warning: dubious run time results for treejoin: [0.26,0.21000001,0.17,0.16]
warning: dubious run time results for treejoin: [0.26,0.21000001,0.17,0.16]
warning: dubious run time results for treejoin: [0.19,0.15,0.24000001,0.17]
warning: dubious run time results for treejoin: [0.19,0.15,0.24000001,0.17]
warning: dubious run time results for treejoin: [0.24000001,0.17,0.25,0.22999999]
warning: dubious run time results for treejoin: [0.24000001,0.17,0.25,0.22999999]
j limit: 0.293
"timed out"
1110111100000010011010000000101000000001001000110001101110001011111000111100100100010011100100001101011000000010001000 0.52
runproj limit: 0.293
"timed out"
0010100011010100001100000001010000000000111101001100000110001010010010011100111110111010010000001100111000110010101110 0.52
runproj limit: 0.293
"timed out"
0011110000101100001010010001111001101010100011000101011100010000011110001001011000000001001100000001001111000000001010 0.52
runproj limit: 0.293
"timed out"
1011110000001101010110001111001110010010111101010011110101001010011110011110010000000011000100010001101110001000100110 0.52
runproj limit: 0.293
0011100001000101001100100001101011100000000000000111100110010100010000000010001000110010110010100111010010000110100100 0.188
runproj limit: 0.293
0111110001001010100010100111100001100101011100010101000000000000010100000001100000011001100001000111100110000000110100 0.22
runproj limit: 0.293
1011110000000100001110001000101100001000101111000001001100010010010110011010010000000011000100000001100110111000000010 0.168
runproj limit: 0.293
0010101111000000010100100010100000010100001110100110110111100001000010000001000001111001000110000000110100010101100000 0.192
runproj limit: 0.293
0011100001000100001100000000100100000000101101000101000100000010010010011010010000001010010110000101100100110000000100 0.18
runproj limit: 0.293
0000100000000100001100001000000000000000001001000000100000000011000100000010000000000010000100000001100110001100000000 0.208
runproj limit: 0.293
0001100011001101011100000001101010100000001000000111100111010100010100001010000001110010110010000111010010000110000000 0.18
best: 0.6346153846153846
runproj limit: 0.293
0000110100000001001100000000001001100100000110000111100110110100000010000001101010111001000010100011110110010110110000 0.208
runproj limit: 0.293
0000101111001101011100000011000000110000001000100111100110110001010100000000000001100000100100000011010110000100100000 0.212
runproj limit: 0.293
0011100001000101001100001001101000100000000000000101100110010110010000000010001000000010000100000001100110000100100100 0.17
runproj limit: 0.293
1011100000000100001100001000101100001000101101000001001100000010010110011010010000001011000100000001100110110000000000 0.152
runproj limit: 0.293
0111000001000010001000101011001010100110001000010101110011010000100100100001010000011010100001000011110110000000000001 0.242
runproj limit: 0.293
0011100001000100000000000001100010000000100100000101000100000010010010000010011000110010010010000101110000010100000100 0.18
runproj limit: 0.293
0011101001000001000100001011000000110000000000100101110100110001010110000010000001101001000100000000100110001100100100 0.167
runproj limit: 0.293
0000100000000100001100000001100010100000000001000111100110010110000000000010001000100010100100000101110110000110000000 0.24
runproj limit: 0.293
"timed out"
1101100011001111010101100000101111000000100110111100100111110100001101100011000010110010000001001111011000000110000111 0.52
runproj limit: 0.293
"timed out"
1100101100000000110110100001101001001001001000110011101011001010101000001100100001011011111101001001111011000010001000 0.52
runproj limit: 0.293
"timed out"
1010110110010000100001000101010001010110101010100100111111000011000001000101000000101000010100000100000011010110110100 0.52
runproj limit: 0.293
0001001100101000100000001000001111000010011001100100110110110011000100100101100110111111000100100100100100100100100000 0.225
runproj limit: 0.293
"timed out"
1111011001000101011110001100101001010000100101000010001101100001010110011110110010110111000000011101000101110000000000 0.52
runproj limit: 0.293
0011100001000101000000000001101010100000000000000101000100010010010100000010001001110010110010000111110000010100000100 0.16
runproj limit: 0.293
1011110000000100001110001000101100001000101111000001001100010010010110011010010000000011000100000001100110111000000010 0.178
runproj limit: 0.293
0011100001000101001100001001101000100000000000000101100110010110010000000010001000000010000100000001100110000100100100 0.165
runproj limit: 0.293
0011100001000100001100000000100100000000101101000101000100000010010010011010010000001010010110000101100100110000000100 0.16
runproj limit: 0.293
0001100011001101011100000001101010100000001000000111100111010100010100001010000001110010110010000111010010000110000000 0.17
runproj limit: 0.293
0000101111000000000100000010000000010000001000100100110100100001000110000000000001101001000100000000100110001100100000 0.182
runproj limit: 0.293
0011100001000101001100100001101011100000000000000111100110010100010000000010001000110010110010100111010010000110100100 0.175
best: 0.5846153846153845
runproj limit: 0.293
0011100001000100000000000001100000000000101101000101000100000010010010000010011000011010010010000101110100010100000100 0.162
runproj limit: 0.293
0011100001000101001000000001101011100000000000000101000110010010010100000010001001110010110010000111110010010110000100 0.162
runproj limit: 0.293
0111000001000000001110001010001110000000101110010001110010010010110110111001010000011011100101000001100110011000000000 0.227
runproj limit: 0.293
0010100101000000000100000001000000000000001000100101100100110010000100000000001001110011010010000111110110011100100000 0.288
runproj limit: 0.293
"timed out"
1100100000000000100100100001101001000000000000100011100011011000111000001110100000011011111010001001111011000010000000 0.52
runproj limit: 0.293
0011100011001101000100000001101010100000000000000101000110010100010100001010000001110010110010000111010000010100000000 0.165
runproj limit: 0.293
1011100001000100001100000000100100000000101101000001000100000010010110011010010000001010010110000101100100110000000000 0.175
runproj limit: 0.293
1011110000000100001100000001101010000000000001000011000100010110010010001010011000110010010100000011000110110010000110 0.158
runproj limit: 0.293
"timed out"
1001110001010100011101001001110100101001100101000000001101010011011010011011011000000111000100000101001110101011100011 0.52
runproj limit: 0.293
1001101111101010000101001011000000111110010110100001101101110001010110100101001011001000000110010000100110100110001100 0.228
runproj limit: 0.293
"timed out"
0010100100000100000100000100110100100010010100100011000010101011000010011001101000111001100010100001110111010100111011 0.52
runproj limit: 0.293
"timed out"
0001100001000110011001000001110000110000000101000001100110110110110000000010101000001011001000000101101100011101000100 0.52
runproj limit: 0.293
0011110000010001101010001001100100000000111110001010101100010100111011111010010100001101000001000000000110111011001010 0.18
runproj limit: 0.293
1011100000000100001100001000101100001000101101000001001100000010010110011010010000001011000100000001100110110000000000 0.16
runproj limit: 0.293
0011100001000101000000000001101010100000000000000101000100010010010100000010001001110010110010000111110000010100000100 0.152
runproj limit: 0.293
0011100001000100001100000000100100000000101101000101000100000010010010011010010000001010010110000101100100110000000100 0.232
runproj limit: 0.293
0011100001000101001100001001101000100000000000000101100110010110010000000010001000000010000100000001100110000100100100 0.165
runproj limit: 0.293
0011101001000001000100001011000000110000000000100101110100110001010110000010000001101001000100000000100110001100100100 0.158
runproj limit: 0.293
0001100011001101011100000001101010100000001000000111100111010100010100001010000001110010110010000111010010000110000000 0.218
runproj limit: 0.293
0011100001000101001100100001101011100000000000000111100110010100010000000010001000110010110010100111010010000110100100 0.16
best: 0.5846153846153845
runproj limit: 0.293
0011100001000101000100000001101010100000000000000111000110010010010100000010001000110010110010100111110010000100100100 0.2
runproj limit: 0.293
0011100000000001001010100001100011100000100100000010100110010100011011001010000100101111100010000101010110100110101000 0.188
runproj limit: 0.293
0011100001000001101100001011000100010000010010001101110100010100110010101010000001101101000101000000000110101000001110 0.188
runproj limit: 0.293
1010warning: dubious run time results for treejoin: [0.17999999,0.17,0.19999999,0.32999998]
warning: dubious mut time results for treejoin: [0.12,0.11,0.13,0.25]
warning: dubious run time results for treejoin: [0.17999999,0.17,0.19999999,0.32999998]
warning: dubious mut time results for treejoin: [0.12,0.11,0.13,0.25]
warning: dubious run time results for treejoin: [0.35999998,0.17999999,0.15,0.17999999]
warning: dubious GC time results for treejoin: [0.24,6.0e-2,5.0e-2,6.0e-2]
warning: dubious run time results for treejoin: [0.35999998,0.17999999,0.15,0.17999999]
warning: dubious GC time results for treejoin: [0.24,6.0e-2,5.0e-2,6.0e-2]
warning: dubious run time results for treejoin: [0.29000002,0.16,0.15,0.17]
warning: dubious run time results for treejoin: [0.29000002,0.16,0.15,0.17]
warning: dubious run time results for treejoin: [0.14,0.43,0.17,0.15]
warning: dubious GC time results for treejoin: [5.0e-2,0.31,6.0e-2,5.0e-2]
warning: dubious run time results for treejoin: [0.14,0.43,0.17,0.15]
warning: dubious GC time results for treejoin: [5.0e-2,0.31,6.0e-2,5.0e-2]
warning: dubious run time results for treejoin: [0.22,0.19999999,0.15,0.15]
warning: dubious run time results for treejoin: [0.22,0.19999999,0.15,0.15]
warning: dubious run time results for treejoin: [0.17,0.19999999,0.14,0.21000001]
warning: dubious run time results for treejoin: [0.17,0.19999999,0.14,0.21000001]
warning: dubious run time results for treejoin: [0.23,0.19,0.15,0.17]
warning: dubious run time results for treejoin: [0.23,0.19,0.15,0.17]
warning: dubious run time results for treejoin: [0.16,0.36,0.16,0.16]
warning: dubious GC time results for treejoin: [5.0e-2,0.25,5.0e-2,5.0e-2]
warning: dubious run time results for treejoin: [0.16,0.36,0.16,0.16]
warning: dubious GC time results for treejoin: [5.0e-2,0.25,5.0e-2,5.0e-2]
warning: dubious run time results for treejoin: [0.17,0.14,0.3,0.16]
warning: dubious run time results for treejoin: [0.17,0.14,0.3,0.16]
warning: dubious run time results for treejoin: [0.25,0.17999999,0.17,0.14]
warning: dubious run time results for treejoin: [0.25,0.17999999,0.17,0.14]
warning: dubious run time results for treejoin: [0.16,0.25,0.15,0.22]
warning: dubious run time results for treejoin: [0.16,0.25,0.15,0.22]
warning: dubious run time results for treejoin: [0.22,0.23,0.15,0.15]
warning: dubious run time results for treejoin: [0.22,0.23,0.15,0.15]
100001000000000100000001000000000000101001000101001100010010010100001010010000110011000010000001100110110000000000 0.222
runproj limit: 0.293
0011100011001101001100100001101010100000000000000111100110010100010000001010000000110010110010000111010010000110100100 0.182
runproj limit: 0.293
0011110001000001001000000001100010100000010100000010000100010100110110010010001001110000100001000000000010110110001110 0.22
runproj limit: 0.293
0011101001000101000100001001001000001000000001100101111100100000010110010010000000101001000100000001100110101100000100 0.217
runproj limit: 0.293
0011100001000101001000000001101011100000000000000101000110010010010100000010001001110010110010000111110010010110000100 0.152
runproj limit: 0.293
1011100001000111111100001001101100100011001111011001000101110000111101011010011100001001000111000001100010011001001101 0.17
runproj limit: 0.293
"timed out"
0001011111001101000000001001000110001000011101101111100100010110001100011001010011100010100010000101010011000110000010 0.52
runproj limit: 0.293
0111111011001100001100110001011001001000110011000110000110011101000000010010111001110101011110000111100110010010011110 0.18
runproj limit: 0.293
"timed out"
0011110010111100000100111011101001010100110001010001001100101010010010010010001010000111000100001001101110100101001100 0.52
runproj limit: 0.293
"timed out"
0011101001001101111110100110000111101000100000000101101011001000011100111110011000010010100010101011001011100000000100 0.52
runproj limit: 0.293
0011100001000101000000000001101010100000000000000101000100010010010100000010001001110010110010000111110000010100000100 0.145
runproj limit: 0.293
1011110000000100001100000001101010000000000001000011000100010110010010001010011000110010010100000011000110110010000110 0.193
runproj limit: 0.293
0011101001000001000100001011000000110000000000100101110100110001010110000010000001101001000100000000100110001100100100 0.222
runproj limit: 0.293
1011100000000100001100001000101100001000101101000001001100000010010110011010010000001011000100000001100110110000000000 0.152
runproj limit: 0.293
0011100001000101001100100001101011100000000000000111100110010100010000000010001000110010110010100111010010000110100100 0.162
runproj limit: 0.293
0011100001000100000000000001100000000000101101000101000100000010010010000010011000011010010010000101110100010100000100 0.165
runproj limit: 0.293
0011100001000101001000000001101011100000000000000101000110010010010100000010001001110010110010000111110010010110000100 0.155
best: 0.5576923076923076
runproj limit: 0.293
1011110000000111001100000001101010100010000001011001000101010000010000001010011100010010010101000001000010110000000101 0.16
runproj limit: 0.293
1011100001000001000000000001000010000000010000000111000100010000010110010010011000110000100001000000100010110010000000 0.18
runproj limit: 0.293
0011101001000001001100001001000000000000010001001101111100010100010010111010000001101001000100000000100110101100001110 0.167
runproj limit: 0.293
1011100000000100001100001000101000000000001001000001001100000010010110011010010000111011000100000001000110110000000000 0.182
runproj limit: 0.293
0011100001000101001100100001101011100000000000000111000110010010010100000010001000110010110010100111110010000110100100 0.18
runproj limit: 0.293
0011111001001000000100010001001001100000110001100100010110110101000110010010000001111001000110000100100110000110011100 0.178
runproj limit: 0.293
1011100001000101000100000001101010100000000000000011000110010110010010000010011000110010010100000111000010110010000100 0.155
runproj limit: 0.293
0011100001000101001000000001101011100000000000000101000110010010010100000010001001110010110010000111110010010100000100 0.162
runproj limit: 0.293
1000001010000101011100000001101011110000010101000111001110000010010100100000101010110110110101100111110010010101110000 0.212
runproj limit: 0.293
0010100011110001101100001011001111011000010011100101010100011101110010101000001001100101100110001000100110111000001010 0.21
runproj limit: 0.293
0010101001001100010000000001100100101000100101000111000101001010011010000100011000001000001010010101000100000101000110 0.2
runproj limit: 0.293
0011100000011011000110101111000100110100010011101101111100110111001110000110010001111101000100000000100100001110100110 0.148
runproj limit: 0.293
"timed out"
1010100001010110101100001101001000000001101000001000001100001010011010001010010010001011001100011100001110100011000000 0.52
runproj limit: 0.293
0011100001000101000000000001101010100000000000000101000100010010010100000010001001110010110010000111110000010100000100 0.16
runproj limit: 0.293
0011100001000101001000000001101011100000000000000101000110010010010100000010001001110010110010000111110010010110000100 0.17
runproj limit: 0.293
1011100000000100001100001000101100001000101101000001001100000010010110011010010000001011000100000001100110110000000000 0.185
runproj limit: 0.293
0011100001000101001100100001101011100000000000000111100110010100010000000010001000110010110010100111010010000110100100 0.21
runproj limit: 0.293
0011100001000100000000000001100000000000101101000101000100000010010010000010011000011010010010000101110100010100000100 0.167
runproj limit: 0.293
1011100001000111111100001001101100100011001111011001000101110000111101011010011100001001000111000001100010011001001101 0.192
runproj limit: 0.293
0111111011001100001100110001011001001000110011000110000110011101000000010010111001110101011110000111100110010010011110 0.18
best: 0.5692307692307692
runproj limit: 0.293
0011100001010001001100101101000000100100010011001101111100010110000110101110000001101001000100000000100100001100000110 0.172
runproj limit: 0.293
0011100001000101000100000001101010100000000000000101000110010010010110000010001001110010010100000111010010110010000100 0.172
runproj limit: 0.293
0010100011000001000000000001000011000000010011000111000100010101110010110000011001110100100011001000100010110010001010 0.192
runproj limit: 0.293
1011100001000101000100001001101000000000000000000001000110010110010010010010010000000010000100000011100010110010000100 0.162
runproj limit: 0.293
0011101001000001001100101001001000000000000000001111110100010100010010001010001000101000100010000100110010000100000110 0.168
runproj limit: 0.293
1011110001001001000100010001001001000000110000100111010100010100000110010010011000110001000111000100100110000110010100 0.155
runproj limit: 0.293
0011110000000000001100001001001000001000100001100001011110110111010110010010010001101011000100000001100110000110001100 0.16
runproj limit: 0.293
0011100001000101001100101001101011100010001011000011000110010010111101011010011000100001010010000101110010000010101100 0.178
runproj limit: 0.293
"timed out"
0111011001000011100101100000000110000000010001101001101000110110010000111000010101101011101100010000110111000010101110 0.52
runproj limit: 0.293
"timed out"
0011000000011011100100101111000100110100011011101101111101010111001100110111010011111101000100000000001100011000110100 0.52
runproj limit: 0.293
"timed out"
1011110001001011001100110011011100100000000000100001000010110111011110000010111001000010110100101010010011111011100100 0.52
runproj limit: 0.293
1101111111011110001000101000011101001111011111000110000100010111000100110010111101110101011010100101000110010110001110 0.165
runproj limit: 0.293
"timed out"
1011110000100111001001101000001011001000111100001101011100011100110110000000011001010110110000010111111000001100010100 0.52
runproj limit: 0.293
0011100000011011000110101111000100110100010011101101111100110111001110000110010001111101000100000000100100001110100110 0.185
runproj limit: 0.293
1011100001000101000100000001101010100000000000000011000110010110010010000010011000110010010100000111000010110010000100 0.162
runproj limit: 0.293
1011110000000111001100000001101010100010000001011001000101010000010000001010011100010010010101000001000010110000000101 0.15
runproj limit: 0.293
0011100001000101000000000001101010100000000000000101000100010010010100000010001001110010110010000111110000010100000100 0.195
runproj limit: 0.293
001110000100010100100000000110101110000000000000010100011001001001010000001000100111001011001warning: dubious run time results for treejoin: [0.29000002,0.15,0.27,0.15]
warning: dubious run time results for treejoin: [0.29000002,0.15,0.27,0.15]
warning: dubious run time results for treejoin: [0.19,0.26999998,0.17999999,0.2]
warning: dubious mut time results for treejoin: [0.13,0.21,0.12,0.14]
warning: dubious run time results for treejoin: [0.19,0.26999998,0.17999999,0.2]
warning: dubious mut time results for treejoin: [0.13,0.21,0.12,0.14]
warning: dubious run time results for treejoin: [0.14,0.16,0.29000002,0.14]
warning: dubious run time results for treejoin: [0.14,0.16,0.29000002,0.14]
warning: dubious run time results for treejoin: [0.15,0.22,0.17,0.17999999]
warning: dubious run time results for treejoin: [0.15,0.22,0.17,0.17999999]
warning: dubious run time results for treejoin: [0.24,0.15,0.17999999,0.19]
warning: dubious run time results for treejoin: [0.24,0.15,0.17999999,0.19]
warning: dubious run time results for treejoin: [0.17999999,0.26,0.15,0.17]
warning: dubious run time results for treejoin: [0.17999999,0.26,0.15,0.17]
warning: dubious run time results for treejoin: [0.19,0.19,0.19,0.28]
warning: dubious run time results for treejoin: [0.19,0.19,0.19,0.28]
warning: dubious run time results for treejoin: [0.41,0.25,0.19,0.26]
warning: dubious GC time results for treejoin: [0.24,0.14,0.11,0.15]
warning: dubious run time results for treejoin: [0.41,0.25,0.19,0.26]
warning: dubious GC time results for treejoin: [0.24,0.14,0.11,0.15]
0000111110010010100000100 0.188
runproj limit: 0.293
0011101001000001001100001001000000000000010001001101111100010100010010111010000001101001000100000000100110101100001110 0.215
runproj limit: 0.293
0011100001000100000000000001100000000000101101000101000100000010010010000010011000011010010010000101110100010100000100 0.21
best: 0.5769230769230769
runproj limit: 0.293
1011101111001111001000001001001000001110010101000100000100010111000110010010110001000011000010100001000110110010000100 0.16
runproj limit: 0.293
1011100011000001000100000001000011000000110011100111010100010100010010110000011000110101000111000100100110100010000100 0.173
runproj limit: 0.293
1011110000000111001100000001101010100010000001011001000101010000010000001010011100010010010101000001000010110000000101 0.182
runproj limit: 0.293
1011110001000001000100011001001001001000100001100001011110110111000110010010010001100001000110000100100110000110011100 0.18
runproj limit: 0.293
0011101001000001001000101001101000100000000000000101100100010100010010001010001000101000100010000100110010000100000100 0.178
runproj limit: 0.293
"timed out"
0111010001000001101101000000001000000000110001101001001100110110010000010010010001101011001100010001110111000010001110 0.52
runproj limit: 0.293
1101111111011110001000101000011101001111011111000110000100010111000100110010111101110101011010100101000110010110001110 0.19
runproj limit: 0.293
0011100001010101001100100001101010100010010011011101111100010110000000001110000000110000010101000001000010011000000111 0.19
runproj limit: 0.293
1000100001001001000101011011011001000000011100100101010000011100000111110011111100000000100000100000100110100010000100 0.212
runproj limit: 0.293
"timed out"
1010101010001101010000000111000011010100010011111111100101010100110010110000011001010011101010110000100011110010101000 0.52
runproj limit: 0.293
0001001011000001001110101100001000001011000100001101110000000110010010101000101000110000100100000100010100000110110110 0.277
runproj limit: 0.293
"timed out"
0001110001011101000110101101011010110111101011000010101111000000110000011100111000100010011000010001110011001110100000 0.52
runproj limit: 0.293
1110111000100111101110001100001000101001110101100001011110010110010100001100111100100111010100010011000110010110001100 0.195
runproj limit: 0.293
1011110000000111001100000001101010100010000001011001000101010000010000001010011100010010010101000001000010110000000101 0.185
runproj limit: 0.293
1011110001001001000100010001001001000000110000100111010100010100000110010010011000110001000111000100100110000110010100 0.175
runproj limit: 0.293
0011110000000000001100001001001000001000100001100001011110110111010110010010010001101011000100000001100110000110001100 0.172
runproj limit: 0.293
1011100001000101000100001001101000000000000000000001000110010110010010010010010000000010000100000011100010110010000100 0.175
runproj limit: 0.293
1011100001000101000100000001101010100000000000000011000110010110010010000010011000110010010100000111000010110010000100 0.165
runproj limit: 0.293
1101111111011110001000101000011101001111011111000110000100010111000100110010111101110101011010100101000110010110001110 0.16
runproj limit: 0.293
0011101001000001001100101001001000000000000000001111110100010100010010001010001000101000100010000100110010000100000110 0.15
best: 0.5769230769230769
done evolving!
"all is well:)"
>>>>>>>>>>>>>>FINISH OPTIMIZATION>>>>>>>>>>>>>>>
569.34user 805.87system 44:28.00elapsed 51%CPU (0avgtext+0avgdata 129440maxresident)k
1095904inputs+1236768outputs (1950major+72593583minor)pagefaults 0swaps
