Optimizing /h/ywang30/nofib/imaginary/bernouilli
>>>>>>>>>>>>>>>START OPTIMIZATION>>>>>>>>>>>>>>>
pop: 13
gens: 15
arch: 7
limit is: 0.29
runproj limit: 0.29
"All is well :D"
Basetime is: 0.112
runproj limit: 0.29
000000000000000000 0.11
runproj limit: 0.29
001000000010000000 0.11
runproj limit: 0.29
000000000000000000 0.105
runproj limit: 0.29
000000000001000000 0.11
runproj limit: 0.29
000000000000000000 0.11
runproj limit: 0.29
001000001001000000 0.112
runproj limit: 0.29
100000000000000000 0.112
runproj limit: 0.29
010000000000110000 0.11
runproj limit: 0.29
000010000000000000 0.11
runproj limit: 0.29
000000000000000000 0.112
runproj limit: 0.29
000001000000000010 0.112
runproj limit: 0.29
000000000000000000 0.115
runproj limit: 0.29
000000000000000000 0.11
best: 0.9375
runproj limit: 0.29
000000000000000000 0.11
runproj limit: 0.29
000000000000000000 0.11
runproj limit: 0.29
001000001001000000 0.11
runproj limit: 0.29
000000000000000000 0.11
runproj limit: 0.29
101000000000000000 0.118
runproj limit: 0.29
000010000000000000 0.11
runproj limit: 0.29
011000000000000000 0.11
runproj limit: 0.29
000010000000000000 0.112
runproj limit: 0.29
000000000001110010 0.11
runproj limit: 0.29
000001000000100101 0.112
runproj limit: 0.29
010011001100011001 0.11
runproj limit: 0.29
010001001001100001 0.12
runproj limit: 0.29
011001010010000001 0.11
runproj limit: 0.29
000000000000000000 0.11
runproj limit: 0.29
001000000010000000 0.112
runproj limit: 0.29
000000000001000000 0.115
runproj limit: 0.29
010000000000110000 0.11
runproj limit: 0.29
000010000000000000 0.12
runproj limit: 0.29
001000001001000000 0.112
runproj limit: 0.29
100000000000000000 0.115
best: 0.9821428571428571
runproj limit: 0.29
011001000010000000 0.115
runproj limit: 0.29
011000000000000000 0.11
runproj limit: 0.29
010001001000011001 0.11
runproj limit: 0.29
000000001100010001 0.12
runproj limit: 0.29
000000001001000000 0.112
runproj limit: 0.29
010000000000000000 0.115
runproj limit: 0.29
000000000001010000 0.11
runproj limit: 0.29
001000000000100001 0.115
runproj limit: 0.29
010000000000111000 0.11
runproj limit: 0.29
000100000001000001 0.11
runproj limit: 0.29
111100000001011100 0.11
runproj limit: 0.29
011101001100010111 0.107
runproj limit: 0.29
000101000001100100 0.118
runproj limit: 0.29
000000000000000000 0.107
runproj limit: 0.29
001000001001000000 0.11
runproj limit: 0.29
000010000000000000 0.108
runproj limit: 0.29
011000000000000000 0.112
runproj limit: 0.29
000000000001110010 0.112
runproj limit: 0.29
010011001100011001 0.118
runproj limit: 0.29
011001010010000001 0.115
best: 0.9553571428571428
runproj limit: 0.29
000100000001101001 0.112
runproj limit: 0.29
011000001100010101 0.112
runproj limit: 0.29
010001001000010001 0.115
runproj limit: 0.29
000000000000011000 0.11
runproj limit: 0.29
000000000001010001 0.11
runproj limit: 0.29
001000010011000001 0.112
runproj limit: 0.29
000000000000000000 0.11
runproj limit: 0.29
000000000001100010 0.107
runproj limit: 0.29
000000000001010000 0.11
runproj limit: 0.29
001011000010100000 0.11
runproj limit: 0.29
001001001100001110 0.11
runproj limit: 0.29
111000010001011000 0.11
runproj limit: 0.29
011001001000000010 0.112
runproj limit: 0.29
011101001100010111 0.11
runproj limit: 0.29
000000000000000000 0.112
runproj limit: 0.29
000010000000000000 0.112
runproj limit: 0.29
011000000000000000 0.11
runproj limit: 0.29
010001001000011001 0.11
runproj limit: 0.29
000000000001010000 0.11
runproj limit: 0.29
010000000000111000 0.118
best: 0.9553571428571428
runproj limit: 0.29
000010000001000000 0.112
runproj limit: 0.29
000000000001000000 0.115
runproj limit: 0.29
001001000100000100 0.115
runproj limit: 0.29
001000000000000000 0.115
runproj limit: 0.29
000000000001110000 0.105
runproj limit: 0.29
000000000001010001 0.118
runproj limit: 0.29
101100000001101001 0.11
runproj limit: 0.29
001010000000101000 0.11
runproj limit: 0.29
001000100010000000 0.11
runproj limit: 0.29
011100000100000100 0.11
runproj limit: 0.29
001011011100001110 0.11
runproj limit: 0.29
100000010010010010 0.115
runproj limit: 0.29
011011000010100001 0.11
runproj limit: 0.29
000000000001100010 0.11
runproj limit: 0.29
000000000000011000 0.11
runproj limit: 0.29
000000000001010001 0.112
runproj limit: 0.29
000000000000000000 0.11
runproj limit: 0.29
000000000001010000 0.11
runproj limit: 0.29
001011000010100000 0.11
runproj limit: 0.29
001001001100001110 0.11
best: 0.9375
runproj limit: 0.29
011100000000000000 0.11
runproj limit: 0.29
001000000001101000 0.122
runproj limit: 0.29
001000001100001010 0.11
runproj limit: 0.29
000000000001010000 0.115
runproj limit: 0.29
000000000001110000 0.112
runproj limit: 0.29
001010000000001000 0.11
runproj limit: 0.29
100100000000011000 0.11
runproj limit: 0.29
001000100100000010 0.11
runproj limit: 0.29
000011000010000000 0.11
runproj limit: 0.29
100100001100001110 0.115
runproj limit: 0.29
111001101010110010 0.11
runproj limit: 0.29
001110001000001100 0.115
runproj limit: 0.29
001010000010001101 0.11
runproj limit: 0.29
000000000001110000 0.11
runproj limit: 0.29
101100000001101001 0.11
runproj limit: 0.29
001010000000101000 0.112
runproj limit: 0.29
001000100010000000 0.115
runproj limit: 0.29
011100000100000100 0.115
runproj limit: 0.29
001011011100001110 0.11
runproj limit: 0.29
011011000010100001 0.11
best: 0.9821428571428571
runproj limit: 0.29
001010101000111010 0.113
runproj limit: 0.29
001010000010001101 0.118
runproj limit: 0.29
100100001100001000 0.107
runproj limit: 0.29
001010000000001100 0.108
runproj limit: 0.29
001110000000101000 0.115
runproj limit: 0.29
101010000000101000 0.11
runproj limit: 0.29
111100000001100000 0.11
runproj limit: 0.29
000000000100000010 0.11
runproj limit: 0.29
001001000000111010 0.11
runproj limit: 0.29
011011111000000001 0.115
runproj limit: 0.29
000101000010000001 0.11
runproj limit: 0.29
100010000111010000 0.11
runproj limit: 0.29
001000100110010010 0.11
runproj limit: 0.29
011100000000000000 0.11
runproj limit: 0.29
001000001100001010 0.11
runproj limit: 0.29
001010000000001000 0.11
runproj limit: 0.29
100100000000011000 0.11
runproj limit: 0.29
001000100100000010 0.11
runproj limit: 0.29
000011000010000000 0.11
runproj limit: 0.29
111001101010110010 0.105
best: 0.9375
runproj limit: 0.29
101100000000011000 0.11
runproj limit: 0.29
100010000110010010 0.108
runproj limit: 0.29
010111000000000000 0.112
runproj limit: 0.29
001011101000000000 0.11
runproj limit: 0.29
001010000100001010 0.11
runproj limit: 0.29
000010000100000000 0.11
runproj limit: 0.29
011010101000000001 0.115
runproj limit: 0.29
000101001110000001 0.112
runproj limit: 0.29
101001000001101000 0.115
runproj limit: 0.29
110010000000001101 0.115
runproj limit: 0.29
001101011000011000 0.105
runproj limit: 0.29
000010110000011100 0.112
runproj limit: 0.29
100101000110000111 0.11
runproj limit: 0.29
111001101010110010 0.112
runproj limit: 0.29
100100001100001000 0.11
runproj limit: 0.29
001010000000001100 0.11
runproj limit: 0.29
101010000000101000 0.11
runproj limit: 0.29
111100000001100000 0.11
runproj limit: 0.29
000000000100000010 0.11
runproj limit: 0.29
001001000000111010 0.11
best: 0.9375
runproj limit: 0.29
011010000100101000 0.11
runproj limit: 0.29
101010000010011000 0.112
runproj limit: 0.29
100101001100001100 0.112
runproj limit: 0.29
100010000110010010 0.112
runproj limit: 0.29
101100001100000000 0.112
runproj limit: 0.29
100100000000010101 0.112
runproj limit: 0.29
001101010000011000 0.112
runproj limit: 0.29
001001001000001000 0.115
runproj limit: 0.29
000110011100111100 0.11
runproj limit: 0.29
001101111000000000 0.11
runproj limit: 0.29
100110001111010010 0.112
runproj limit: 0.29
101001000010011010 0.11
runproj limit: 0.29
100010000110110111 0.11
runproj limit: 0.29
001101011000011000 0.11
runproj limit: 0.29
100010000110010010 0.112
runproj limit: 0.29
101100000000011000 0.112
runproj limit: 0.29
001011101000000000 0.112
runproj limit: 0.29
001010000100001010 0.11
runproj limit: 0.29
000010000100000000 0.12
runproj limit: 0.29
100101000110000111 0.11
best: 0.9821428571428571
runproj limit: 0.29
001001001010011010 0.108
runproj limit: 0.29
100000000110000111 0.112
runproj limit: 0.29
100010000100100000 0.112
runproj limit: 0.29
101010000000001010 0.11
runproj limit: 0.29
100010000100110000 0.105
runproj limit: 0.29
011010000100101000 0.11
runproj limit: 0.29
101000000100000000 0.112
runproj limit: 0.29
101001000010001010 0.112
runproj limit: 0.29
010101000110001111 0.11
runproj limit: 0.29
000100111000001010 0.108
runproj limit: 0.29
101110001110010000 0.112
runproj limit: 0.29
101010000010100010 0.112
runproj limit: 0.29
011111011100000101 0.112
runproj limit: 0.29
011010000100101000 0.11
runproj limit: 0.29
000110011100111100 0.112
runproj limit: 0.29
001101111000000000 0.107
runproj limit: 0.29
101001000010011010 0.11
runproj limit: 0.29
100010000110110111 0.112
runproj limit: 0.29
001101011000011000 0.107
runproj limit: 0.29
001010000100001010 0.11
best: 0.9375
runproj limit: 0.29
101000000110001010 0.105
runproj limit: 0.29
001010000100001010 0.108
runproj limit: 0.29
100110100100111010 0.11
runproj limit: 0.29
001101011000011010 0.12
runproj limit: 0.29
000110001000001010 0.11
runproj limit: 0.29
011101000100001110 0.11
runproj limit: 0.29
101011000000001010 0.11
runproj limit: 0.29
001110010100001100 0.112
runproj limit: 0.29
010010000001101001 0.108
runproj limit: 0.29
000000011110101100 0.11
runproj limit: 0.29
000000001010001110 0.11
runproj limit: 0.29
000101111000001101 0.11
runproj limit: 0.29
001001000011011100 0.11
runproj limit: 0.29
100010000100110000 0.11
runproj limit: 0.29
001101111000000000 0.11
runproj limit: 0.29
001101011000011000 0.11
runproj limit: 0.29
001001001010011010 0.105
runproj limit: 0.29
000100111000001010 0.11
runproj limit: 0.29
101010000000001010 0.11
runproj limit: 0.29
011010000100101000 0.11
best: 0.9375
runproj limit: 0.29
101001011010000010 0.11
runproj limit: 0.29
011000000000111100 0.11
runproj limit: 0.29
010010001000001001 0.108
runproj limit: 0.29
000101111000001101 0.112
runproj limit: 0.29
000110001000011010 0.11
runproj limit: 0.29
001011000100011110 0.112
runproj limit: 0.29
000000101000001010 0.11
runproj limit: 0.29
001010000100001010 0.112
runproj limit: 0.29
001101011100010111 0.11
runproj limit: 0.29
101001110000001011 0.112
runproj limit: 0.29
011010101100101010 0.112
runproj limit: 0.29
110011001010001001 0.112
runproj limit: 0.29
011010100100001011 0.11
runproj limit: 0.29
101000000110001010 0.11
runproj limit: 0.29
001001001010011010 0.108
runproj limit: 0.29
001010000100001010 9.8e-2
runproj limit: 0.29
010010000001101001 0.112
runproj limit: 0.29
100110100100111010 0.108
runproj limit: 0.29
000110001000001010 0.112
runproj limit: 0.29
011101000100001110 0.105
best: 0.875
runproj limit: 0.29
000111001000011010 0.11
runproj limit: 0.29
110011001010001001 0.112
runproj limit: 0.29
000000101000001010 0.11
runproj limit: 0.29
101001001010000010 0.11
runproj limit: 0.29
101000111100110010 0.105
runproj limit: 0.29
001000000100101110 0.112
runproj limit: 0.29
001000001010001010 0.11
runproj limit: 0.29
010111001000001100 0.108
runproj limit: 0.29
110011101000001111 0.105
runproj limit: 0.29
010110000011001001 0.108
runproj limit: 0.29
001101101010111011 0.107
runproj limit: 0.29
001010100001100010 0.108
runproj limit: 0.29
000101111001010111 0.108
runproj limit: 0.29
001010000100001010 0.11
runproj limit: 0.29
011101000100001110 0.11
runproj limit: 0.29
010010001000001001 0.11
runproj limit: 0.29
001001001010011010 0.11
runproj limit: 0.29
100110100100111010 0.105
runproj limit: 0.29
101001011010000010 9.8e-2
runproj limit: 0.29
011000000000111100 0.11
best: 0.875
runproj limit: 0.29
001001011010011010 0.11
runproj limit: 0.29
010110000011001001 0.11
runproj limit: 0.29
010110000011001001 0.11
runproj limit: 0.29
001000001010000010 0.108
runproj limit: 0.29
000001101000010010 0.108
runproj limit: 0.29
010011001010001001 0.105
runproj limit: 0.29
110011101000001111 0.112
runproj limit: 0.29
101001011000010010 0.105
runproj limit: 0.29
010011101000000000 0.108
runproj limit: 0.29
110001101000001101 0.107
runproj limit: 0.29
101000011010111010 0.11
runproj limit: 0.29
000001001011001010 0.108
runproj limit: 0.29
101000001100010010 0.112
runproj limit: 0.29
101001011010000010 0.11
runproj limit: 0.29
101000111100110010 0.115
runproj limit: 0.29
110011101000001111 0.108
runproj limit: 0.29
100110100100111010 0.105
runproj limit: 0.29
001101101010111011 0.112
runproj limit: 0.29
010111001000001100 0.11
runproj limit: 0.29
010110000011001001 0.11
best: 0.9375
runproj limit: 0.29
001000001010001010 0.11
runproj limit: 0.29
010010000010001001 0.11
runproj limit: 0.29
110011101000001111 0.11
runproj limit: 0.29
011000001010000001 0.108
runproj limit: 0.29
100111101000111010 0.105
runproj limit: 0.29
111011011010000000 0.105
runproj limit: 0.29
000001001011001010 0.11
runproj limit: 0.29
010011001010001001 0.11
runproj limit: 0.29
011110001010001001 0.11
runproj limit: 0.29
000110000000001011 0.107
runproj limit: 0.29
011001100000000000 0.112
runproj limit: 0.29
101111100101011010 0.112
runproj limit: 0.29
100010100001010111 0.11
runproj limit: 0.29
010011001010001001 0.11
runproj limit: 0.29
101001011000010010 0.112
runproj limit: 0.29
100110100100111010 0.103
runproj limit: 0.29
110001101000001101 0.11
runproj limit: 0.29
001000001010000010 0.11
runproj limit: 0.29
000001101000010010 0.11
runproj limit: 0.29
010011101000000000 0.112
best: 0.9196428571428571
done evolving!
"all is well:)"
>>>>>>>>>>>>>>FINISH OPTIMIZATION>>>>>>>>>>>>>>>
827.28user 339.80system 23:24.90elapsed 83%CPU (0avgtext+0avgdata 135500maxresident)k
1088344inputs+1491648outputs (295major+70422688minor)pagefaults 0swaps
