Optimizing /h/ywang30/nofib/shootout/binary-trees
>>>>>>>>>>>>>>>START OPTIMIZATION>>>>>>>>>>>>>>>
pop: 13
gens: 15
arch: 7
limit is: 1.415
runproj limit: 1.415
"All is well :D"
Basetime is: 0.568
runproj limit: 1.415
00000000010000000000000000000000101000000000000000 0.558
runproj limit: 1.415
00100000011000000001000000000011101000000000000000 0.545
runproj limit: 1.415
00000000010100000010000010011010101000000000110000 0.62
runproj limit: 1.415
00000000010100000010000010100000101010100100000000 0.578
runproj limit: 1.415
00000000010000000000000001000110101000001001000001 0.635
runproj limit: 1.415
00100000110100000000000100001000101000000000000010 0.545
runproj limit: 1.415
10000000010000000000000000110001111100001000000100 0.54
runproj limit: 1.415
01000000010011000000001000000000101000000000001000 0.59
runproj limit: 1.415
00001000010000000000001000001000101000000000000001 0.515
runproj limit: 1.415
00100000010000000000000010000000100100001000000000 0.572
runproj limit: 1.415
00000100010000001000000000000000101010100000000000 0.578
runproj limit: 1.415
00000000010000000000000000000000101000000000000000 0.572
runproj limit: 1.415
00000000010000000000000000001000101000000000010000 0.565
best: 0.9066901408450705
runproj limit: 1.415
00000100010100000000000010000000101010100100000000 0.565
runproj limit: 1.415
00100000011000000000000000000001101000000000000000 0.578
runproj limit: 1.415
00100000110100000000000100001000101000000000000010 0.538
runproj limit: 1.415
00000000010000000000000000001000101000000000000001 0.558
runproj limit: 1.415
10000000010000000000000000110001111100001000000100 0.545
runproj limit: 1.415
10001000010000000000001000011001111100000000000101 0.6
runproj limit: 1.415
00100000010000000000000000000011101000000000000000 0.625
runproj limit: 1.415
00001000010000000000001000001000101000000000000001 0.51
runproj limit: 1.415
00100000011111001001000110000001101000100000010001 0.468
runproj limit: 1.415
00000100010010010110011000000001110110000001010101 0.46
runproj limit: 1.415
01001100100001100111000001010000101100100000010000 0.9
runproj limit: 1.415
01100100010110000101001100010000001000000000000001 0.558
runproj limit: 1.415
01100001011000001100000000010000100010000000010111 0.58
runproj limit: 1.415
00001000010000000000001000001000101000000000000001 0.515
runproj limit: 1.415
10000000010000000000000000110001111100001000000100 0.545
runproj limit: 1.415
00100000011000000001000000000011101000000000000000 0.55
runproj limit: 1.415
00100000110100000000000100001000101000000000000010 0.53
runproj limit: 1.415
00000000010000000000000000000000101000000000000000 0.575
runproj limit: 1.415
00000000010000000000000000001000101000000000010000 0.555
runproj limit: 1.415
00100000010000000000000010000000100100001000000000 0.565
best: 0.8098591549295776
runproj limit: 1.415
00000000010110000001000110010001101100000000000101 0.625
runproj limit: 1.415
01000000010100000000001000000000001000000000000001 0.575
runproj limit: 1.415
00000000010100000000001100001000111100000000000101 0.51
runproj limit: 1.415
10000000010000000000000000110001111100001000000100 0.535
runproj limit: 1.415
00001000110100000000001100001000101000000000000000 0.572
runproj limit: 1.415
00100000010000000000000100001000101000000000000001 0.6
runproj limit: 1.415
00000000011101000001000010100001111100101000000100 0.475
runproj limit: 1.415
00100100010010000101001100010001101010000000010001 0.638
runproj limit: 1.415
00100000110100100001010101001010101000010011100100 0.402
runproj limit: 1.415
00011000010100000100101000011001101000100000011001 0.415
runproj limit: 1.415
11110100010011110101101100010110001000110001001000 0.428
runproj limit: 1.415
01010100000001011101101110010000010110100001010000 0.89
runproj limit: 1.415
00110100011110010001011111001111110011100101010001 0.407
runproj limit: 1.415
00000100010010010110011000000001110110000001010101 0.455
runproj limit: 1.415
00100000011111001001000110000001101000100000010001 0.472
runproj limit: 1.415
00001000010000000000001000001000101000000000000001 0.515
runproj limit: 1.415
00100000110100000000000100001000101000000000000010 0.51
runproj limit: 1.415
10000000010000000000000000110001111100001000000100 0.542
runproj limit: 1.415
00100000011000000001000000000011101000000000000000 0.548
runproj limit: 1.415
00000000010000000000000000001000101000000000010000 0.532
best: 0.7077464788732395
runproj limit: 1.415
00011000010100100101001001001000101000010000111000 0.56
runproj limit: 1.415
00000000010000000000000000101000111100001000010000 0.548
runproj limit: 1.415
00100000011111001001000100000011101000000000010000 0.545
runproj limit: 1.415
00000100010000010100001000000000110100000000000101 0.558
runproj limit: 1.415
01110000010111010101101100011011001000110001001000 0.435
runproj limit: 1.415
00000000010100000001000101001000101000000010100000 0.558
runproj limit: 1.415
00100000010100000000001100001000111100010010000101 0.51
runproj limit: 1.415
10000000010000000000000000110001111100001000000100 0.545
runproj limit: 1.415
00000000011101000001000010000001011100101100000100 0.462
runproj limit: 1.415
01001000010100000001010110001001100100101001000101 0.558
runproj limit: 1.415
01111000000101011000101000011001101010100001011011 0.818
runproj limit: 1.415
11100101010011100101110101110111001010100001011000 0.485
runproj limit: 1.415
00110100000011010001001001011110111110000000010001 0.787
runproj limit: 1.415
00100000110100100001010101001010101000010011100100 0.405
runproj limit: 1.415
00110100011110010001011111001111110011100101010001 0.41
runproj limit: 1.415
00011000010100000100101000011001101000100000011001 0.42
runproj limit: 1.415
11110100010011110101101100010110001000110001001000 0.422
runproj limit: 1.415
00000100010010010110011000000001110110000001010101 0.455
runproj limit: 1.415
00100000011111001001000110000001101000100000010001 0.462
runproj limit: 1.415
00000000011101000001000010100001111100101000000100 0.468
best: 0.7130281690140846
runproj limit: 1.415
01111000010110010100101000011011001000100000011000 0.532
runproj limit: 1.415
00000000011111001001000110000001101000100100010000 0.48
runproj limit: 1.415
00100000110100100001010101001010101000010011100100 0.405
runproj limit: 1.415
00110100010101000101100000100010011100110000000000 0.51
runproj limit: 1.415
01110000010101000101101100011000011100110011001001 0.38
runproj limit: 1.415
00100000011110010001001110001001111010100100010001 0.448
runproj limit: 1.415
00110000011110010001001101011011101001110001011001 0.415
runproj limit: 1.415
00000100010000110001000000000100101100110000000000 0.622
runproj limit: 1.415
00100110011001110111011001000010011100001000000101 0.54
runproj limit: 1.415
01010000001111011001010110000001101010100000000010 0.62
runproj limit: 1.415
00111101011110010001110010001111110011100101010001 0.522
runproj limit: 1.415
10000001010001001001100000001001011100111100000101 0.435
runproj limit: 1.415
00001000010100000101101110101001000110111011000101 0.52
runproj limit: 1.415
00100000110100100001010101001010101000010011100100 0.405
runproj limit: 1.415
00110100011110010001011111001111110011100101010001 0.405
runproj limit: 1.415
00011000010100000100101000011001101000100000011001 0.41
runproj limit: 1.415
11110100010011110101101100010110001000110001001000 0.427
runproj limit: 1.415
01110000010111010101101100011011001000110001001000 0.43
runproj limit: 1.415
00000100010010010110011000000001110110000001010101 0.46
runproj limit: 1.415
00000000011101000001000010000001011100101100000100 0.468
best: 0.6690140845070424
runproj limit: 1.415
10110100011010110101001101011110101001110101011000 0.4
runproj limit: 1.415
11110000010101110101101100011010011100110001001000 0.422
runproj limit: 1.415
00110100011111010101111100011111011010100001011000 0.522
runproj limit: 1.415
01110000011110010101011100011111110001110101001000 0.525
runproj limit: 1.415
01110000010101010101101100011011011100110011001001 0.438
runproj limit: 1.415
00110100011110010101000010101011111000100100010000 0.4
runproj limit: 1.415
00110000011110010001011111001111110011110001011001 0.4
runproj li