Optimizing /h/ywang30/nofib/spectral/cichelli
>>>>>>>>>>>>>>>START OPTIMIZATION>>>>>>>>>>>>>>>
pop: 13
gens: 15
arch: 7
limit is: 0.135
runproj limit: 0.135
"All is well :D"
Basetime is: 3.0e-2
runproj limit: 0.135
010000000000000000001000000000000000000000001000000000100000000010100000001001100000000000000000000000000000010,010,01,0100000000000000000010000000000000000000000010000000001000000000101000000010011000000 3.0e-2
runproj limit: 0.135
001000000010000000010000000000110000000000000000000000000000000100100000000000000000000000000000000000000010000,001,00,0010000000100000000100000000001100000000000000000000000000000001001000000000000000000 3.0e-2
runproj limit: 0.135
000000000001000000100000100110100000000000001100000100001000000000000000000010000010000000000000000100000010000,000,00,0000000000010000001000001001101000000000000011000001000010000000000000000000100000100 0.0
runproj limit: 0.135
000000000001000000100000101000000000101001000000000100000000011000000000100000000000000000000000000100000100000,000,00,0000000000010000001000001010000000001010010000000001000000000110000000001000000000000 3.0e-2
runproj limit: 0.135
000000000000000000000000010001100000000010010000011000000000000000000000000000000000000001000100010000000000000,000,00,0000000000000000000000000100011000000000100100000110000000000000000000000000000000000 3.0e-2
runproj limit: 0.135
000000000000000000000000000000000000000000000000000000000000000000000000000000000000000000000000000000000000000,000,00,0000000000000000000000000000000000000000000000000000000000000000000000000000000000000 3.0e-2
runproj limit: 0.135
100000000000000000000000001100010101000010000001000000010000010000001010000000000000010100000000000000001100000,100,10,1000000000000000000000000011000101010000100000010000000100000100000010100000000000000 3.0e-2
runproj limit: 0.135
000000000000000000000000000000000000000000000000000000000000000000000000000000000000000000000000000000000000000,000,00,0000000000000000000000000000000000000000000000000000000000000000000000000000000000000 3.0e-2
runproj limit: 0.135
000010000000000000000010000010000000000000000000010000010000000010000010010000000000000000010000000000000001010,000,00,0000100000000000000000100000100000000000000000000100000100000000100000100100000000000 0.0
runproj limit: 0.135
000000000000000000000000000000000000000000000000000000000000000000000000000000000000000000000000000000000000000,000,00,0000000000000000000000000000000000000000000000000000000000000000000000000000000000000 3.0e-2
runproj limit: 0.135
000000000000000000000000000000000000000000000000000000000000000000000000000000000000000000000000000000000000000,000,00,0000000000000000000000000000000000000000000000000000000000000000000000000000000000000 3.0e-2
runproj limit: 0.135
000010000000100000000001000000010000000000100000000000000000000001000000100000000000000000000000000001000010000,000,00,0000100000001000000000010000000100000000001000000000000000000000010000001000000000000 3.0e-2
runproj limit: 0.135
000000000000000000000000000010000000000000000100000000000000001100011000001001000000000000000001000010001000110,000,00,0000000000000000000000000000100000000000000001000000000000000011000110000010010000000 3.0e-2
best: 0.0
runproj limit: 0.135
000000000000000000100000000011100000000010001100010100001000000000000000000000000000000001000100000100000000000,000,00,0000000000000000001000000000111000000000100011000101000010000000000000000000000000000 3.0e-2
runproj limit: 0.135
000000000001000000000000100110010000000000001100000100000000000000001010000000000000010100000000000100000100000,000,00,0000000000010000000000001001100100000000000011000001000000000000000010100000000000000 3.0e-2
runproj limit: 0.135
010000000000000000000000000000000000000000000000000000000000000010000000000001100000000000000000000000000000010,010,01,0100000000000000000000000000000000000000000000000000000000000000100000000000011000000 3.2e-2
runproj limit: 0.135
000000000000000000000000000010000000000000000000010000000000000100000010000001000000000000010001000010000000010,000,00,0000000000000000000000000000100000000000000000000100000000000001000000100000010000000 3.0e-2
runproj limit: 0.135
101000000000000000010000001100010001000010000000000000000000010000000010000000000000010100000000000000001100000,101,10,1010000000000000000100000011000100010000100000000000000000000100000000100000000000000 3.0e-2
runproj limit: 0.135
100010000000000000000010000110010101000000000001010000010000010010001010000000000000000000010000000000000101000,100,10,1000100000000000000000100001100101010000000000010100000100000100100010100000000000000 3.0e-2
runproj limit: 0.135
000000000000000000000000000000000000000000000000000000000000000000000000000000000000000000010000000000000001010,000,00,0000000000000000000000000000000000000000000000000000000000000000000000000000000000000 3.0e-2
runproj limit: 0.135
000010000000000000000010000010000000000000000000010000010000000010000010010000000000000000010000000000000001010,000,00,0000100000000000000000100000100000000000000000000100000100000000100000100100000000000 0.0
runproj limit: 0.135
000000000000110010100001000110000000001000001000010101111010100000001000110011000010001100010000100110001010100,000,00,0000000000001100101000010001100000000010000010000101011110101000000010001100110000100 0.0
runproj limit: 0.135
000001000000100101100110010001110111100010000101001000000001000000000000000000000001101011001110010000010000001,000,00,0000010000001001011001100100011101111000100001010010000000010000000000000000000000011 3.0e-2
runproj limit: 0.135
000011001100011001111000010100000001001000001100000010110010000010100010000001100010101000010010010110010010010,000,00,0000110011000110011110000101000000010010000011000000101100100000101000100000011000101 0.0
runproj limit: 0.135
010001001000100001010010000110001000000000000000110101000100011000000001000000100010010000010100001010000011110,010,01,0100010010001000010100100001100010000000000000001101010001000110000000010000001000100 0.0
runproj limit: 0.135
011001010011000001100000100010100010001000001001111011001000000000000001000010000010000100010111100010000110000,011,01,0110010100110000011000001000101000100010000010011110110010000000000000010000100000100 0.0
runproj limit: 0.135
000000000001000000100000100110100000000000001100000100001000000000000000000010000010000000000000000100000010000,000,00,0000000000010000001000001001101000000000000011000001000010000000000000000000100000100 0.0
runproj limit: 0.135
000010000000000000000010000010000000000000000000010000010000000010000010010000000000000000010000000000000001010,000,00,0000100000000000000000100000100000000000000000000100000100000000100000100100000000000 0.0
runproj limit: 0.135
010000000000000000001000000000000000000000001000000000100000000010100000001001100000000000000000000000000000010,010,01,0100000000000000000010000000000000000000000010000000001000000000101000000010011000000 3.2e-2
runproj limit: 0.135
001000000010000000010000000000110000000000000000000000000000000100100000000000000000000000000000000000000010000,001,00,0010000000100000000100000000001100000000000000000000000000000001001000000000000000000 3.0e-2
runproj limit: 0.135
000000000001000000100000101000000000101001000000000100000000011000000000100000000000000000000000000100000100000,000,00,0000000000010000001000001010000000001010010000000001000000000110000000001000000000000 3.0e-2
runproj limit: 0.135
000000000000000000000000010001100000000010010000011000000000000000000000000000000000000001000100010000000000000,000,00,0000000000000000000000000100011000000000100100000110000000000000000000000000000000000 3.0e-2
runproj limit: 0.135
000000000000000000000000000000000000000000000000000000000000000000000000000000000000000000000000000000000000000,000,00,0000000000000000000000000000000000000000000000000000000000000000000000000000000000000 3.0e-2
best: 0.0
runproj limit: 0.135
011001000010100000100001000010100000001000001001010101111000100000001000010010000010001100010101100110000110100,011,01,0110010000101000001000010000101000000010000010010101011110001000000010000100100000100 0.0
runproj limit: 0.135
010000001000000000000000000110001000000000000000110101001100010000000001000000100010000000000100001010000010100,010,01,0100000010000000000000000001100010000000000000001101010011000100000000010000001000100 0.0
runproj limit: 0.135
000001001000001001110000010000110001001000001100000000000010000110100000000000000000100000010000000110010010010,000,00,0000010010000010011100000100001100010010000011000000000000100001101000000000000000001 3.2e-2
runproj limit: 0.135
000000000000000000000010000010000000000010000000010000000000000010000010010000000000010000010000000000000100010,000,00,0000000000000000000000100000100000000000100000000100000000000000100000100100000000000 0.0
runproj limit: 0.135
010000000000000000000000000000000000000000001100000000001000000010000000000011100000000000000000000000000000000,010,01,0100000000000000000000000000000000000000000011000000000010000000100000000000111000000 3.0e-2
runproj limit: 0.135
001000010011000001010000100010100000000000000001110011000000000100100001000010000010000000010101000010000110000,001,00,0010000100110000010100001000101000000000000000011100110000000001001000010000100000100 0.0
runproj limit: 0.135
000010000000010000100000000110000000001000001000010001110000000000000000010001000010000000010000000000000001100,000,00,0000100000000100001000000001100000000010000010000100011100000000000000000100010000100 0.0
runproj limit: 0.135
000001000000100001010010010101110000100000000100111101000100000000000000000000100001001001001110011010000000000,000,00,0000010000001000010100100101011100001000000001001111010001000000000000000000001000010 3.0e-2
runproj limit: 0.135
000000000000001000010100000001000000000110101001111000010010000000000011010110110000001001000100110001110011011,000,00,0000000000000010000101000000010000000001101010011110000100100000000000110101101100000 0.0
runproj limit: 0.135
000100000000000001101000100010110000001000001010000100101010011001010001010010010110010000000010110000010011000,000,00,0001000000000000011010001000101100000010000010100001001010100110010100010100100101100 0.0
runproj limit: 0.135
110101001001111101011010000111101000001100010010100111011000110010101000000000111011111010010000011010100000110,110,11,1101010010011111010110100001111010000011000100101001110110001100101010000000001110111 0.0
runproj limit: 0.135
011101001101010111011010100110001111101000010100100100001100001000000011100000100001000000010111010110100110100,011,01,0111010011010101110110101001100011111010000101001001000011000010000000111000001000010 0.0
runproj limit: 0.135
000101000000100100100111010101100110111001011000010111110010100100011100101010100110001101010010101101011100100,000,00,0001010000001001001001110101011001101110010110000101111100101001000111001010101001100 0.0
runproj limit: 0.135
000010000000000000000010000010000000000000000000010000010000000010000010010000000000000000010000000000000001010,000,00,0000100000000000000000100000100000000000000000000100000100000000100000100100000000000 0.0
runproj limit: 0.135
000000000000110010100001000110000000001000001000010101111010100000001000110011000010001100010000100110001010100,000,00,0000000000001100101000010001100000000010000010000101011110101000000010001100110000100 0.0
runproj limit: 0.135
000011001100011001111000010100000001001000001100000010110010000010100010000001100010101000010010010110010010010,000,00,0000110011000110011110000101000000010010000011000000101100100000101000100000011000101 0.0
runproj limit: 0.135
010001001000100001010010000110001000000000000000110101000100011000000001000000100010010000010100001010000011110,010,01,0100010010001000010100100001100010000000000000001101010001000110000000010000001000100 0.0
runproj limit: 0.135
011001010011000001100000100010100010001000001001111011001000000000000001000010000010000100010111100010000110000,011,01,0110010100110000011000001000101000100010000010011110110010000000000000010000100000100 0.0
runproj limit: 0.135
000000000001000000100000100110100000000000001100000100001000000000000000000010000010000000000000000100000010000,000,00,0000000000010000001000001001101000000000000011000001000010000000000000000000100000100 0.0
runproj limit: 0.135
000000000000000000100000000011100000000010001100010100001000000000000000000000000000000001000100000100000000000,000,00,0000000000000000001000000000111000000000100011000101000010000000000000000000000000000 3.0e-2
best: 0.0
runproj limit: 0.135
000100000000001001010000000001100000000110001010110100111010000001010011010010010000001000000000110001110011001,000,00,0001000000000010010100000000011000000001100010101101001110100000010100110100100100000 0.0
runproj limit: 0.135
011000001001000100001010100110001010100010000100100100000000000010000011010000000001010000010011010000000110110,011,01,0110000010010001000010101001100010101000100001001001000000000000100000110100000000010 0.0
runproj limit: 0.135
000000000000110010100001100110100000000000001000000101011010000000001000110010000010001100000000000110000010100,000,00,0000000000001100101000011001101000000000000010000001010110100000000010001100100000100 0.0
runproj limit: 0.135
010001001000000001000010000110001000000000000000110000000100001010000001000000100000010000010100001010000011110,010,01,0100010010000000010000100001100010000000000000001100000001000010100000010000001000000 0.0
runproj limit: 0.135
000010000000010001100000000010010000001000001000010001111000011001000000010010000110000000000010110000000001000,000,00,0000100000000100011000000000100100000010000010000100011110000110010000000100100001100 0.0
runproj limit: 0.135
001000010010100011100001000010100000000000001001110011011010100000001001110010000010001000010001000110001010000,001,00,0010000100101000111000010000101000000000000010011100110110101000000010011100100000100 0.0
runproj limit: 0.135
000001001000011001011000010001000001001100101001001010110010000000100011000000110000001000010010110001010011011,000,00,0000010010000110010110000100010000010011001010010010101100100000001000110000001100000 0.0
runproj limit: 0.135
010000010000000001000010000010100010001010000001011000001000000010000011010010000000010000010110000010000110000,010,01,0100000100000000010000100000101000100010100000010110000010000000100000110100100000000 0.0
runproj limit: 0.135
000010000000010000100000001110001000001001001000010001111010100100000001011001111111101001110000111010000001100,000,00,0000100000000100001000000011100010000010010010000100011110101001000000010110011111111 0.0
runproj limit: 0.135
001011000010000000100101000100100010000010011001010101100000000010011100011110000000101100111111101011100110111,001,00,0010110000100000001001010001001000100000100110010101011000000000100111000111100000001 0.0
runproj limit: 0.135
011100000100010110101000100010110000101000011010100010001110011101011100010000111110100100000010111000000001000,011,01,0111000001000101101010001000101100001010000110101000100011100111010111000100001111101 0.0
runproj limit: 0.135
110001011001111001011100011111111000101000010110100011011001110110101000010100001011111011010100011110010100011,110,11,1100010110011110010111000111111110001010000101101000110110011101101010000101000010111 0.0
runproj limit: 0.135
011001001001000010011011110101111010101000010100100100011100000011000011100000110001010010010111010010110101100,011,01,0110010010010000100110111101011110101010000101001001000111000000110000111000001100010 0.0
runproj limit: 0.135
011001000010100000100001000010100000001000001001010101111000100000001000010010000010001100010101100110000110100,011,01,0110010000101000001000010000101000000010000010010101011110001000000010000100100000100 0.0
runproj limit: 0.135
010000001000000000000000000110001000000000000000110101001100010000000001000000100010000000000100001010000010100,010,01,0100000010000000000000000001100010000000000000001101010011000100000000010000001000100 0.0
runproj limit: 0.135
000000000000000000000010000010000000000010000000010000000000000010000010010000000000010000010000000000000100010,000,00,0000000000000000000000100000100000000000100000000100000000000000100000100100000000000 0.0
runproj limit: 0.135
001000010011000001010000100010100000000000000001110011000000000100100001000010000010000000010101000010000110000,001,00,0010000100110000010100001000101000000000000000011100110000000001001000010000100000100 0.0
runproj limit: 0.135
000010000000010000100000000110000000001000001000010001110000000000000000010001000010000000010000000000000001100,000,00,0000100000000100001000000001100000000010000010000100011100000000000000000100010000100 0.0
runproj limit: 0.135
000000000000001000010100000001000000000110101001111000010010000000000011010110110000001001000100110001110011011,000,00,0000000000000010000101000000010000000001101010011110000100100000000000110101101100000 0.0
runproj limit: 0.135
000100000000000001101000100010110000001000001010000100101010011001010001010010010110010000000010110000010011000,000,00,0001000000000000011010001000101100000010000010100001001010100110010100010100100101100 0.0
best: 0.0
runproj limit: 0.135
000000000000000000100010000010000000001000000000010000001000011001000010010000000100000000000010000000000001000,000,00,0000000000000000001000100000100000000010000000000100000010000110010000100100000001000 0.0
runproj limit: 0.135
000100000000011001111000110011100001001100101011000100101010011001000001000000110000011000000010110001010011010,000,00,0001000000000110011110001100111000010011001010110001001010100110010000010000001100000 0.0
runproj limit: 0.135
001000000000000000100011000100000010000010010000010001100000000010001100011110000000000100010000100011000110011,001,00,0010000000000000001000110001000000100000100100000100011000000000100011000111100000000 0.0
runproj limit: 0.135
001000010010000001010000100010100000001000001011110101001010000000110001000010000110010000010010100000000110000,001,00,0010000100100000010100001000101000000010000010111101010010100000001100010000100001100 0.0
runproj limit: 0.135
000010010000010000000010001110101000001011000000010001111000000010000001010010011100110000110010010010000110100,000,00,0000100100000100000000100011101010000010110000000100011110000000100000010100100111001 0.0
runproj limit: 0.135
010000001000000000000100000011000000000000101001111000001110010000000001000010110000001000000100000001100010011,010,01,0100000010000000000001000000110000000000001010011110000011100100000000010000101100000 0.0
runproj limit: 0.135
100101001000001001010100001101100000101010010010110111111010110110111000010100001000101000010100010111110111001,100,10,1001010010000010010101000011011000001010100100101101111110101101101110000101000010001 0.0
runproj limit: 0.135
011001001001000000001010000110001010000000000000110000000100001010000011010000100001010000010010011000000010110,011,01,0110010010010000000010100001100010100000000000001100000001000010100000110100001000010 0.0
runproj limit: 0.135
001100100010010001100100010001001010000100001010110100101001011001010011011110000101011010100000110001111011101,001,00,0011001000100100011001000100010010100001000010101101001010010110010100110111100001010 0.0
runproj limit: 0.135
011101001100011101011100010001000001101100101101111000000011100000110000000000110101011001100010010101111011010,011,01,0111010011000111010111000100010000011011001011011110000000111000001100000000001101010 3.0e-2
runproj limit: 0.135
010010011000000000001011010110001000000000000000110000001100001010110001001000100000010100000110011010100111101,010,01,0100100110000000000010110101100010000000000000001100000011000010101100010010001000000 0.0
runproj limit: 0.135
100000010011110000101001000100100000000100001000011101011110001000001001010010101010010100000000100101001011100,100,10,1000000100111100001010010001001000000001000010000111010111100010000010010100101010100 0.0
runproj limit: 0.135
010100000000001000011110001001101000100010101010111001110011000001010011011010111100001100001010110001101010000,010,01,0101000000000010000111100010011010001000101010101110011100110000010100110110101111000 0.0
runproj limit: 0.135
000100000000001001010000000001100000000110001010110100111010000001010011010010010000001000000000110001110011001,000,00,0001000000000010010100000000011000000001100010101101001110100000010100110100100100000 0.0
runproj limit: 0.135
011000001001000100001010100110001010100010000100100100000000000010000011010000000001010000010011010000000110110,011,01,0110000010010001000010101001100010101000100001001001000000000000100000110100000000010 0.0
runproj limit: 0.135
000000000000110010100001100110100000000000001000000101011010000000001000110010000010001100000000000110000010100,000,00,0000000000001100101000011001101000000000000010000001010110100000000010001100100000100 0.0
runproj limit: 0.135
010001001000000001000010000110001000000000000000110000000100001010000001000000100000010000010100001010000011110,010,01,0100010010000000010000100001100010000000000000001100000001000010100000010000001000000 0.0
runproj limit: 0.135
000010000000010001100000000010010000001000001000010001111000011001000000010010000110000000000010110000000001000,000,00,0000100000000100011000000000100100000010000010000100011110000110010000000100100001100 0.0
runproj limit: 0.135
001000010010100011100001000010100000000000001001110011011010100000001001110010000010001000010001000110001010000,001,00,0010000100101000111000010000101000000000000010011100110110101000000010011100100000100 0.0
runproj limit: 0.135
000001001000011001011000010001000001001100101001001010110010000000100011000000110000001000010010110001010011011,000,00,0000010010000110010110000100010000010011001010010010101100100000001000110000001100000 0.0
best: 0.0
runproj limit: 0.135
111000000001000000101010000110101000000100001100110101000110001010000001010000100010010100000000100100000010100,111,11,1110000000010000001010100001101010000001000011001101010001100010100000010100001000100 0.0
runproj limit: 0.135
001010001000000000000010001110001000001001000000010000101100001010000011010010110000110000010010010000000010110,001,00,0010100010000000000000100011100010000010010000000100001011000010100000110100101100001 0.0
runproj limit: 0.135
010000001001011101011000010000000001100000100101101110100000000010000011010000010001010000010011010000000110110,010,01,0100000010010111010110000100000000011000001001011011101000000000100000110100000100010 0.0
runproj limit: 0.135
010000001000010000100000000010010000001000101001011000111100011001000000010010010110000000000110000000100000000,010,01,0100000010000100001000000000100100000010001010010110001111000110010000000100100101100 0.0
runproj limit: 0.135
010000001000000000000100000011000000000000101001111000001110010000000001000010110000001000000100000001100010011,010,01,0100000010000000000001000000110000000000001010011110000011100100000000010000101100000 0.0
runproj limit: 0.135
011001001000000000000110000010000000000000000001110000000110011000000011000000110001010000010000010001100010010,011,01,0110010010000000000001100000100000000000000000011100000001100110000000110000001100010 0.0
runproj limit: 0.135
100101000000001000100010001010000000001010000010010111101010011010000000010000001000001000000000010011010011001,100,10,1001010000000010001000100010100000000010100000100101111010100110100000000100000010000 0.0
runproj limit: 0.135
010000010000000000100000000010000000000100101001011101011110011000000001010010100010001000000100100001100010110,010,01,0100000100000000001000000000100000000001001010010111010111100110000000010100101000100 0.0
runproj limit: 0.135
000000010010000011110101100010110000000000001011100101010010000000011011100010000000000000010001001110100000011,000,00,0000000100100000111101011000101100000000000010111001010100100000000110111000100000000 0.0
runproj limit: 0.135
001101010011110000100001000110010000100110010000011011101111001101000000110011101010010000000000100101001000110,001,00,0011010100111100001000010001100100001001100100000110111011110011010000001100111010100 0.0
runproj limit: 0.135
111101101010100011100100110011000011010101001111110000100010100000111010001110000111011010100000100010011010111,111,11,1111011010101000111001001100110000110101010011111100001000101000001110100011100001110 0.0
runproj limit: 0.135
011101000001100100001010000010100001000000000100110000001001011011010011111000100101010011001010000100011010111,011,01,0111010000011001000010100000101000010000000001001100000010010110110100111110001001010 0.0
runproj limit: 0.135
001001010010001110100101000000011100001000000000100111101010110100101111100000000000000000010100000011011110010,001,00,0010010100100011101001010000000111000010000000001001111010101101001011111000000000000 0.0
runproj limit: 0.135
000000000000000000100010000010000000001000000000010000001000011001000010010000000100000000000010000000000001000,000,00,0000000000000000001000100000100000000010000000000100000010000110010000100100000001000 0.0
runproj limit: 0.135
000100000000011001111000110011100001001100101011000100101010011001000001000000110000011000000010110001010011010,000,00,0001000000000110011110001100111000010011001010110001001010100110010000010000001100000 0.0
runproj limit: 0.135
001000000000000000100011000100000010000010010000010001100000000010001100011110000000000100010000100011000110011,001,00,0010000000000000001000110001000000100000100100000100011000000000100011000111100000000 0.0
runproj limit: 0.135
001000010010000001010000100010100000001000001011110101001010000000110001000010000110010000010010100000000110000,001,00,0010000100100000010100001000101000000010000010111101010010100000001100010000100001100 0.0
runproj limit: 0.135
000010010000010000000010001110101000001011000000010001111000000010000001010010011100110000110010010010000110100,000,00,0000100100000100000000100011101010000010110000000100011110000000100000010100100111001 0.0
runproj limit: 0.135
010000001000000000000100000011000000000000101001111000001110010000000001000010110000001000000100000001100010011,010,01,0100000010000000000001000000110000000000001010011110000011100100000000010000101100000 0.0
runproj limit: 0.135
100101001000001001010100001101100000101010010010110111111010110110111000010100001000101000010100010111110111001,100,10,1001010010000010010101000011011000001010100100101101111110101101101110000101000010001 0.0
best: 0.0
runproj limit: 0.135
001000111010100011100000110010000000010100001111110101001010100000111001000110000111010000110010100000001110100,001,00,0010001110101000111000001100100000000101000011111101010010101000001110010001100001110 0.0
runproj limit: 0.135
001000010010000010000100100010010100001000000011100101001010010100111011100000000010000000010100100010010110000,001,00,0010000100100000100001001000100101000010000000111001010010100101001110111000000000100 0.0
runproj limit: 0.135
100101001000010000100000000010000000001000000000011011101000011011000000010000001100000000000010000010100011001,100,10,1001010010000100001000000000100000000010000000000110111010000110110000000100000011000 0.0
runproj limit: 0.135
001001011000000110000110000010000000001000000000110111001010010100100111000000100000000000010100000011010110010,001,00,0010010110000001100001100000100000000010000000001101110010100101001001110000001000000 0.0
runproj limit: 0.135
001010001000000000100011001110001000000001000000010000100000001010000011010110010000110000010010100010000010111,001,00,0010100010000000001000110011100010000000010000000100001000000010100000110101100100001 0.0
runproj limit: 0.135
000000000000001000101011000111000000001010001001000101101000001001000001001010100000011100000000100001010111010,000,00,0000000000000010001010110001110000000010100010010001011010000010010000010010101000000 0.0
runproj limit: 0.135
010100000000000000101000000010101000001100001100100101100110011001000001000000110010011100000000110001010010110,010,01,0101000000000000001010000000101010000011000011001001011001100110010000010000001100100 0.0
runproj limit: 0.135
010000010000000000000000000010000000000100101001111000011110010000000001000010100010001000000100000001100010110,010,01,0100000100000000000000000000100000000001001010011110000111100100000000010000101000100 0.0
runproj limit: 0.135
000101001000101010101000011110010010011101011000011000101100010001010000010100110110001101001100000000111011000,000,00,0001010010001010101010000111100100100111010110000110001011000100010100000101001101100 0.0
runproj limit: 0.135
000110111000010101101010001010100011100001011010100000011111011111000010110011110101011111011000000100011110101,000,00,0001101110000101011010100010101000111000010110101000000111110111110000101100111101010 0.0
runproj limit: 0.135
000110010010000010110100100000110000000100000111000000010011000001011000100010001100000011010011001110010100011,000,00,0001100100100000101101001000001100000001000001110000000100110000010110001000100011000 2.8e-2
runproj limit: 0.135
110010001110010000101000110000011100001000010001111001111111011000011011110000000010000110101110000011010011011,110,11,1100100011100100001010001100000111000010000100011110011111110110000110111100000000100 0.0
runproj limit: 0.135
010000010010010000100101011110000001100110100011010111011110000000000001011111110001011001010110000001110011111,010,01,0100000100100100001001010111100000011001101000110101110111100000000000010111111100010 0.0
runproj limit: 0.135
111000000001000000101010000110101000000100001100110101000110001010000001010000100010010100000000100100000010100,111,11,1110000000010000001010100001101010000001000011001101010001100010100000010100001000100 0.0
runproj limit: 0.135
001010001000000000000010001110001000001001000000010000101100001010000011010010110000110000010010010000000010110,001,00,0010100010000000000000100011100010000010010000000100001011000010100000110100101100001 0.0
runproj limit: 0.135
010000001001011101011000010000000001100000100101101110100000000010000011010000010001010000010011010000000110110,010,01,0100000010010111010110000100000000011000001001011011101000000000100000110100000100010 0.0
runproj limit: 0.135
010000001000010000100000000010010000001000101001011000111100011001000000010010010110000000000110000000100000000,010,01,0100000010000100001000000000100100000010001010010110001111000110010000000100100101100 0.0
runproj limit: 0.135
010000001000000000000100000011000000000000101001111000001110010000000001000010110000001000000100000001100010011,010,01,0100000010000000000001000000110000000000001010011110000011100100000000010000101100000 0.0
runproj limit: 0.135
011001001000000000000110000010000000000000000001110000000110011000000011000000110001010000010000010001100010010,011,01,0110010010000000000001100000100000000000000000011100000001100110000000110000001100010 0.0
runproj limit: 0.135
100101000000001000100010001010000000001010000010010111101010011010000000010000001000001000000000010011010011001,100,10,1001010000000010001000100010100000000010100000100101111010100110100000000100000010000 0.0
best: 0.0
runproj limit: 0.135
010000001000010000100100000010010000001000101001111000011100010001000001000010010100001000000100000001100000000,010,01,0100000010000100001001000000100100000010001010011110000111000100010000010000100101000 0.0
runproj limit: 0.135
110010011010010000100100010000010101100000010001011111111110001000011011110100100010011010010110000001010011011,110,11,1100100110100100001001000100000101011000000100010111111111100010000110111101001000100 0.0
runproj limit: 0.135
011010001000000000100011000110001000000101000100110100100010001010000001010010110000110000000000100010000010100,011,01,0110100010000000001000110001100010000001010001001101001000100010100000010100101100001 0.0
runproj limit: 0.135
010011101000000100000010001010000000100000011001110000011110011111000011000011110101011110010000010101100110111,010,01,0100111010000001000000100010100000001000000110011100000111100111110000110000111101010 0.0
runproj limit: 0.135
001100011000000100101110000010100011000001011000100000001011011100000111010001100001000110011000000100011110101,001,00,0011000110000001001011100000101000110000010110001000000010110111000001110100011000010 0.0
runproj limit: 0.135
010010011000000000001000110010001100000100110001111000111110010000011001010000100010000010000100000001100010010,010,01,0100100110000000000010001100100011000001001100011110001111100100000110010100001000100 0.0
runproj limit: 0.135
001010101000000101101010001010100001000001000010000000101110011111000011010010110000110101011000000100011110111,001,00,0010101010000001011010100010101000010000010000100000001011100111110000110100101100001 0.0
runproj limit: 0.135
000110001000010000100001000010001000000000000000011001101000011010000011010010000000000000010010100010000010101,000,00,0001100010000100001000010000100010000000000000000110011010000110100000110100100000000 0.0
runproj limit: 0.135
000011000001001000101111011111000110001100001001000011111001011101110000001000000100011010100000110001111111010,000,00,0000110000010010001011110111110001100011000010010000111110010111011100000010000001000 3.2e-2
runproj limit: 0.135
110001011000000111011110101010000000000001000010110111100010010101101110000010100000000110010100101001011110001,110,11,1100010110000001110111101010100000000000010000101101111000100101011011100000101000000 3.5e-2
runproj limit: 0.135
111001010000010000100000001110010101011111000101100001100101011001000100000111000110010100011110000010101000101,111,11,1110010100000100001000000011100101010111110001011000011001010110010001000001110001100 0.0
runproj limit: 0.135
000001101000010110100100001100000000011000001110110010000100010000101111000100100100101100011100000101010110010,000,00,0000011010000101101001000011000000000110000011101100100001000100001011110001001001001 0.0
runproj limit: 0.135
100101001100101100101000010111110010011100011110011010100100000001011001011100101110001100101101000000011001010,100,10,1001010011001011001010000101111100100111000111100110101001000000010110010111001011100 0.0
runproj limit: 0.135
001000111010100011100000110010000000010100001111110101001010100000111001000110000111010000110010100000001110100,001,00,0010001110101000111000001100100000000101000011111101010010101000001110010001100001110 0.0
runproj limit: 0.135
001000010010000010000100100010010100001000000011100101001010010100111011100000000010000000010100100010010110000,001,00,0010000100100000100001001000100101000010000000111001010010100101001110111000000000100 0.0
runproj limit: 0.135
100101001000010000100000000010000000001000000000011011101000011011000000010000001100000000000010000010100011001,100,10,1001010010000100001000000000100000000010000000000110111010000110110000000100000011000 0.0
runproj limit: 0.135
001001011000000110000110000010000000001000000000110111001010010100100111000000100000000000010100000011010110010,001,00,0010010110000001100001100000100000000010000000001101110010100101001001110000001000000 0.0
runproj limit: 0.135
001010001000000000100011001110001000000001000000010000100000001010000011010110010000110000010010100010000010111,001,00,0010100010000000001000110011100010000000010000000100001000000010100000110101100100001 0.0
runproj limit: 0.135
000000000000001000101011000111000000001010001001000101101000001001000001001010100000011100000000100001010111010,000,00,0000000000000010001010110001110000000010100010010001011010000010010000010010101000000 0.0
runproj limit: 0.135
010100000000000000101000000010101000001100001100100101100110011001000001000000110010011100000000110001010010110,010,01,0101000000000000001010000000101010000011000011001001011001100110010000010000001100100 0.0
best: 0.0
runproj limit: 0.135
001100001000000100100110000010101010000001001000000000101001011100000011010110100000110000010010100110001010101,001,00,0011000010000001001001100000101010100000010010000000001010010111000000110101101000001 0.0
runproj limit: 0.135
000000101000000110100110000100000011010001011000100010000000010100000111010101100000100110011000000100010110001,000,00,0000001010000001101001100001000000110100010110001000100000000101000001110101011000001 0.0
runproj limit: 0.135
000101101100100110101000010110000010011000001110010010100100000000011011000100101110101100011100000001011101010,000,00,0001011011001001101010000101100000100110000011100100101001000000000110110001001011101 0.0
runproj limit: 0.135
110011111000010100000000000010000000100000010001010101111110011011001011100000110000011010010010000001100010011,110,11,1100111110000101000000000000100000001000000100010101011111100110110010111000001100000 0.0
runproj limit: 0.135
001000010000000000000011100010000100000000000011000001000010010110101011110100000010000000010110100010000110111,001,00,0010000100000000000000111000100001000000000000110000010000100101101010111101000000100 0.0
runproj limit: 0.135
000000001000111100100100010011010000001000011010111000100100000001001001000010111100001000101100000001001000010,000,00,0000000010001111001001000100110100000010000110101110001001000000010010010000101111000 0.0
runproj limit: 0.135
000000011010000010100000000010010100001000000010111111001010011010110001010000000010000000010100000010110111001,000,00,0000000110100000101000000000100101000010000000101111110010100110101100010100000000100 0.0
runproj limit: 0.135
111001000000000000101000001111010101011110001101000101100101011001000101001010100110011100001110100001111011011,111,11,1110010000000000001010000011110101010111100011010001011001010110010001010010101001100 0.0
runproj limit: 0.135
101010000010110110000000000000010100000000000100100100001010010111111001001101010010000000000111110000100110000,101,10,1010100000101101100000000000000101000000000001001001000010100101111110010011010100100 0.0
runproj limit: 0.135
111001110000001000100000000101110101011101010000100001100111011011101100110111000100010100111110000000001000101,111,11,1110011100000010001000000001011101010111010100001000011001110110111011001101110001000 0.0
runproj limit: 0.135
011110000001000000100011000001011000000100000100010000101010101010000001001000001011110000011000000111110010101,011,01,0111100000010000001000110000010110000001000001000100001010101010100000010010000010111 0.0
runproj limit: 0.135
101010101010100101111011101111110111001001110010010001101110010111100010011110010000111101111000000110111001011,101,10,1010101010101001011110111011111101110010011100100100011011100101111000100111100100001 0.0
runproj limit: 0.135
110010011010110101000100001110011100001001011000010100011011101000111011100100100010011010010111000001110000011,110,11,1100100110101101010001000011100111000010010110000101000110111010001110111001001000100 0.0
runproj limit: 0.135
010000001000010000100100000010010000001000101001111000011100010001000001000010010100001000000100000001100000000,010,01,0100000010000100001001000000100100000010001010011110000111000100010000010000100101000 0.0
runproj limit: 0.135
110010011010010000100100010000010101100000010001011111111110001000011011110100100010011010010110000001010011011,110,11,1100100110100100001001000100000101011000000100010111111111100010000110111101001000100 0.0
runproj limit: 0.135
011010001000000000100011000110001000000101000100110100100010001010000001010010110000110000000000100010000010100,011,01,0110100010000000001000110001100010000001010001001101001000100010100000010100101100001 0.0
runproj limit: 0.135
010011101000000100000010001010000000100000011001110000011110011111000011000011110101011110010000010101100110111,010,01,0100111010000001000000100010100000001000000110011100000111100111110000110000111101010 0.0
runproj limit: 0.135
001100011000000100101110000010100011000001011000100000001011011100000111010001100001000110011000000100011110101,001,00,0011000110000001001011100000101000110000010110001000000010110111000001110100011000010 0.0
runproj limit: 0.135
010010011000000000001000110010001100000100110001111000111110010000011001010000100010000010000100000001100010010,010,01,0100100110000000000010001100100011000001001100011110001111100100000110010100001000100 0.0
runproj limit: 0.135
001010101000000101101010001010100001000001000010000000101110011111000011010010110000110101011000000100011110111,001,00,0010101010000001011010100010101000010000010000100000001011100111110000110100101100001 0.0
best: 0.0
runproj limit: 0.135
001001101000100100101000000110000110011010001110000010100100011001000001001010100110011100011110100001111101010,001,00,0010011010001001001010000001100001100110100011100000101001000110010000010010101001100 0.0
runproj limit: 0.135
001010010000000101100010100010000000000001000011000000101010010111000011110110100000110100010000100100001110111,001,00,0010100100000001011000101000100000000000010000110000001010100101110000111101101000001 0.0
runproj limit: 0.135
110000001000000100000100001010011010001001001000000000101001001100001011100110100000110010010111000101000000001,110,11,1100000010000001000001000010100110100010010010000000001010010011000010111001101000001 0.0
runproj limit: 0.135
101000111000000101111110101111110011001001111000110001101111010100100010011000000000010101111000000100011110111,101,10,1010001110000001011111101011111100110010011110001100011011110101001000100110000000000 0.0
runproj limit: 0.135
110010011010110010000100000000010100000000000000101100111010000111111001001101100010000000010110010000010011011,110,11,1100100110101100100001000000000101000000000000001011001110100001111110010011011000100 0.0
runproj limit: 0.135
001100011000000110101000000010110111001001010000110011001011011110000101010001000010000110011000000010010110101,001,00,0011000110000001101010000000101101110010010100001100110010110111100001010100010000100 0.0
runproj limit: 0.135
001000010000000000000011100010000100000000000011000001000010010110101011110100000010000000010110100010000110111,001,00,0010000100000000000000111000100001000000000000110000010000100101101010111101000000100 0.0
runproj limit: 0.135
100010101010000001011001101111010111000001110000110000101110010100000010011010000000000000000100000100101000011,100,10,1000101010100000010110011011110101110000011100001100001011100101000000100110100000000 0.0
runproj limit: 0.135
100010011000001000101110110110011010000110001010010100111100010001111111110100101110000001001000100001001010010,100,10,1000100110000010001011101101100110100001100010100101001111000100011111111101001011100 0.0
runproj limit: 0.135
110000110000000010010010000001110001111101010000101001110011011110101111110111010000110101011010010010000100101,110,11,1100001100000000100100100000011100011111010100001010011100110111101011111101110100001 0.0
runproj limit: 0.135
010110000000000010110111011100001000000110010110011000001001110010001001011010000010110101010010011100100110101,010,01,0101100000000000101101110111000010000001100101100110000010011100100010010110100000101 0.0
runproj limit: 0.135
001110011110100010010011001010111001001001000111000001001011011110100001100010011111011000010100110010001100011,001,00,0011100111101000100100110010101110010010010001110000010010110111101000011000100111110 0.0
runproj limit: 0.135
101011010100001101100000010101100000111101111000101101100000010111101100100101001111000100101111110010000100001,101,10,1010110101000011011000000101011000001111011110001011011000000101111011001001010011110 0.0
runproj limit: 0.135
001100001000000100100110000010101010000001001000000000101001011100000011010110100000110000010010100110001010101,001,00,0011000010000001001001100000101010100000010010000000001010010111000000110101101000001 0.0
runproj limit: 0.135
000000101000000110100110000100000011010001011000100010000000010100000111010101100000100110011000000100010110001,000,00,0000001010000001101001100001000000110100010110001000100000000101000001110101011000001 0.0
runproj limit: 0.135
000101101100100110101000010110000010011000001110010010100100000000011011000100101110101100011100000001011101010,000,00,0001011011001001101010000101100000100110000011100100101001000000000110110001001011101 0.0
runproj limit: 0.135
110011111000010100000000000010000000100000010001010101111110011011001011100000110000011010010010000001100010011,110,11,1100111110000101000000000000100000001000000100010101011111100110110010111000001100000 0.0
runproj limit: 0.135
001000010000000000000011100010000100000000000011000001000010010110101011110100000010000000010110100010000110111,001,00,0010000100000000000000111000100001000000000000110000010000100101101010111101000000100 0.0
runproj limit: 0.135
000000001000111100100100010011010000001000011010111000100100000001001001000010111100001000101100000001001000010,000,00,0000000010001111001001000100110100000010000110101110001001000000010010010000101111000 0.0
runproj limit: 0.135
000000011010000010100000000010010100001000000010111111001010011010110001010000000010000000010100000010110111001,000,00,0000000110100000101000000000100101000010000000101111110010100110101100010100000000100 0.0
best: 0.0
runproj limit: 0.135
110010011100000000010001000010010001100000000011010001101111011010101001100010011101011000010100100000101100011,110,11,1100100111000000000100010000100100011000000000110100011011110110101010011000100111010 0.0
runproj limit: 0.135
001100001000000110100010000010010100001000000000000000001010011000000011010110100000010000010110100010000010001,001,00,0011000010000001101000100000100101000010000000000000000010100110000000110101101000000 0.0
runproj limit: 0.135
010010100000000110100111001100001011010000011100101000001001010010000001011010100010110101011010010100000110001,010,01,0100101000000001101001110011000010110100000111001010000010010100100000010110101000101 0.0
runproj limit: 0.135
001000001000110100100100000011010000000000001010001000101101011101000001000110110100100000010010100110001010010,001,00,0010000010001101001001000000110100000000000010100010001011010111010000010001101101001 0.0
runproj limit: 0.135
110010010000000011000010000001000000010001010001001001110010010111100011110111010000110101010010010110001100101,110,11,1100100100000000110000100000010000000100010100010010011100100101111000111101110100001 0.0
runproj limit: 0.135
001010001000000000100110110010011010000101001000010100111001010001000011110110101010100001001000100101001010101,001,00,0010100010000000001001101100100110100001010010000101001110010100010000111101101010101 0.0
runproj limit: 0.135
011110010100000010110111001010111001001100000111010001001011111010101001011010011111010000010010010110101110111,011,01,0111100101000000101101110010101110010011000001110100010010111110101010010110100111110 0.0
runproj limit: 0.135
000000101000000110100010000000010011001001000010101011000000010100110011010001000010000010011000000110010110001,000,00,0000001010000001101000100000000100110010010000101010110000000101001100110100010000100 0.0
runproj limit: 0.135
001000101101000111101010000001100001010101110000100110000100010000110111010001000000110110011000010110110111000,001,00,0010001011010001111010100000011000010101011100001001100001000100001101110100010000001 0.0
runproj limit: 0.135
100000001010101100000111100010000100111001011011010000100110010110101001101000101000000100011111100010000100010,100,10,1000000010101011000001111000100001001110010110110100001001100101101010011010001010000 0.0
runproj limit: 0.135
000000101000110000001000010101110010000011000100010000110101100101000000101010101110011110011110101001111001011,000,00,0000001010001100000010000101011100100000110001000100001101011001010000001010101011100 0.0
runproj limit: 0.135
001101101100101011111100110111100011011000011010000010100110000010011011000110101110001000101100010001110100110,001,00,0011011011001010111111001101111000110110000110100000101001100000100110110001101011100 0.0
runproj limit: 0.135
000010101011010111001001101011110111100000110100011110101110001110110100011010010000111000010000000010101000010,000,00,0000101010110101110010011010111101111000001101000111101011100011101101000110100100001 0.0
runproj limit: 0.135
001001101000100100101000000110000110011010001110000010100100011001000001001010100110011100011110100001111101010,001,00,0010011010001001001010000001100001100110100011100000101001000110010000010010101001100 0.0
runproj limit: 0.135
001010010000000101100010100010000000000001000011000000101010010111000011110110100000110100010000100100001110111,001,00,0010100100000001011000101000100000000000010000110000001010100101110000111101101000001 0.0
runproj limit: 0.135
110000001000000100000100001010011010001001001000000000101001001100001011100110100000110010010111000101000000001,110,11,1100000010000001000001000010100110100010010010000000001010010011000010111001101000001 0.0
runproj limit: 0.135
101000111000000101111110101111110011001001111000110001101111010100100010011000000000010101111000000100011110111,101,10,1010001110000001011111101011111100110010011110001100011011110101001000100110000000000 0.0
runproj limit: 0.135
110010011010110010000100000000010100000000000000101100111010000111111001001101100010000000010110010000010011011,110,11,1100100110101100100001000000000101000000000000001011001110100001111110010011011000100 0.0
runproj limit: 0.135
001100011000000110101000000010110111001001010000110011001011011110000101010001000010000110011000000010010110101,001,00,0011000110000001101010000000101101110010010100001100110010110111100001010100010000100 0.0
runproj limit: 0.135
001000010000000000000011100010000100000000000011000001000010010110101011110100000010000000010110100010000110111,001,00,0010000100000000000000111000100001000000000000110000010000100101101010111101000000100 0.0
best: 0.0
runproj limit: 0.135
001010010000000000100010100010000000000001000011000001100010010110001011110100100010000000010110100100000110111,001,00,0010100100000000001000101000100000000000010000110000011000100101100010111101001000100 0.0
runproj limit: 0.135
000010100000010100001011100011100101000000010001011101000110011110100111011000010010110000010100000010100000110,000,00,0000101000000101000010111000111001010000000100010111010001100111101001110110000100101 0.0
runproj limit: 0.135
000000101010110111100100000001100000000101000000101110111100010000111011001101000010110110011010010110110111001,000,00,0000001010101101111001000000011000000001010000001011101111000100001110110011010000101 0.0
runproj limit: 0.135
001000101000111101101100010011010000001000001010001010101111010000010001000110100100100000010100010111001000110,001,00,0010001010001111011011000100110100000010000010100010101011110100000100010001101001001 0.0
runproj limit: 0.135
110010000000000110000011000001001000010000011101101001001011010010100011110011010000110101011010010100001100101,110,11,1100100000000001100000110000010010000100000111011010010010110100101000111100110100001 0.0
runproj limit: 0.135
000000101000110101001001001101110110100010010100011100111110001110000000111010101110011110010000100010111000011,000,00,0000001010001101010010010011011101101000100101000111001111100011100000001110101011100 0.0
runproj limit: 0.135
100000001010110000001000010000110010000001000100100000110011000111111000001101100110000010011110000000110001011,100,10,1000000010101100000010000100001100100000010001001000001100110001111110000011011001100 0.0
runproj limit: 0.135
001100001000000110100010000010010100001000000000000000001010011000000011010110100000010000010110100010000010001,001,00,0011000010000001101000100000100101000010000000000000000010100110000000110101101000000 0.0
runproj limit: 0.135
110000001100001011000100001110011000100111000001100000001110000110100111100110010000111010011011000101010010101,110,11,1100000011000010110001000011100110001001110000011000000011100001101001111001100100001 0.0
runproj limit: 0.135
001111101000000111011000100000000101101000000110010011000111010111100100011100001011000111011000001010010010101,001,00,0011111010000001110110001000000001011010000001100100110001110101111001000111000010110 0.0
runproj limit: 0.135
110000000100100110100001000011011111101010001010111111001000111001111010110011000110011110110000010100010100001,110,11,1100000001001001101000010000110111111010100010101111110010001110011110101100110001100 0.0
runproj limit: 0.135
101001100110100111001001001101110100100100000001100110000110110000100111110000101000000110011000110110010110010,101,10,1010011001101001110010010011011101001001000000011001100001101100001001111100001010000 0.0
runproj limit: 0.135
001000110000100011001011111100110100100010000011001001110111100110011000000101000000000001010110010011100000100,001,00,0010001100001000110010111111001101001000100000110010011101111001100110000001010000000 3.0e-2
runproj limit: 0.135
110010011100000000010001000010010001100000000011010001101111011010101001100010011101011000010100100000101100011,110,11,1100100111000000000100010000100100011000000000110100011011110110101010011000100111010 0.0
runproj limit: 0.135
001100001000000110100010000010010100001000000000000000001010011000000011010110100000010000010110100010000010001,001,00,0011000010000001101000100000100101000010000000000000000010100110000000110101101000000 0.0
runproj limit: 0.135
010010100000000110100111001100001011010000011100101000001001010010000001011010100010110101011010010100000110001,010,01,0100101000000001101001110011000010110100000111001010000010010100100000010110101000101 0.0
runproj limit: 0.135
001000001000110100100100000011010000000000001010001000101101011101000001000110110100100000010010100110001010010,001,00,0010000010001101001001000000110100000000000010100010001011010111010000010001101101001 0.0
runproj limit: 0.135
110010010000000011000010000001000000010001010001001001110010010111100011110111010000110101010010010110001100101,110,11,1100100100000000110000100000010000000100010100010010011100100101111000111101110100001 0.0
runproj limit: 0.135
001010001000000000100110110010011010000101001000010100111001010001000011110110101010100001001000100101001010101,001,00,0010100010000000001001101100100110100001010010000101001110010100010000111101101010101 0.0
runproj limit: 0.135
011110010100000010110111001010111001001100000111010001001011111010101001011010011111010000010010010110101110111,011,01,0111100101000000101101110010101110010011000001110100010010111110101010010110100111110 0.0
best: 0.0
runproj limit: 0.135
110010001000000110000010000001010000000000000101101001001011010000000011110110110000010000010010100110000010001,110,11,1100100010000001100000100000010100000000000001011010010010110100000000111101101100000 0.0
runproj limit: 0.135
101001100110100111001001001101110100100100000001100110000110110000100111110000101000000110011000110110010110010,101,10,1010011001101001110010010011011101001001000000011001100001101100001001111100001010000 0.0
runproj limit: 0.135
100001001110100100001000010001110100100100000101100110100010110011100110101100100000000110011100100100010101011,100,10,1000010011101001000010000100011101001001000001011001101000101100111001101011001000000 3.0e-2
runproj limit: 0.135
001000101000110100101100010011010000000000001010001000101111011101000001000110100100100000010010010111001010110,001,00,0010001010001101001011000100110100000000000010100010001011110111010000010001101001001 0.0
runproj limit: 0.135
001010010000000010000010000011000000000001010011000001110010010110000011110101010000110101010010010100000110111,001,00,0010100100000000100000100000110000000000010100110000011100100101100000111101010100001 0.0
runproj limit: 0.135
110000000000100110100011000010011111001010011000111110001001011001000000110010100110110111010010010100000110001,110,11,1100000000001001101000110000100111110010100110001111100010010110010000001100101001101 0.0
runproj limit: 0.135
101000101010110001001000000101110110100000000100100110010011010010100011001000101100000010011000100110110110010,101,10,1010001010101100010010000001011101101000000001001001100100110100101000110010001011000 0.0
runproj limit: 0.135
010110011100000000110011000010011001001000000011010001001011011010101001110010011111010000010110110110101100111,010,01,0101100111000000001100110000100110010010000000110100010010110110101010011100100111110 0.0
runproj limit: 0.135
011100111100000010010010000001000001010000000101000001010011010111100001111101011100100101001100010110001100100,011,01,0111001111000000100100100000010000010100000001010000010100110101111000011111010111001 0.0
runproj limit: 0.135
000100100001110111100100000001001100100101000110001100111100110100111011000101100010010100010110110100110110001,000,00,0001001000011101111001000000010011001001010001100011001111001101001110110001011000100 0.0
runproj limit: 0.135
001000101000100111100010000010000110101000100000001000001110111000100011001110100001011001110111100001000011001,001,00,0010001010001001111000100000100001101010001000000010000011101110001000110011101000010 0.0
runproj limit: 0.135
010010000101101110101101011100011011000001010000001000101001001011100001001011100011100101011010010100001110000,010,01,0100100001011011101011010111000110110000010100000010001010010010111000010010111000111 0.0
runproj limit: 0.135
001000101001100111001100100011110000001100001110111110101110110000101001000110101111000000101101100001101001111,001,00,0010001010011001110011001000111100000011000011101111101011101100001010010001101011110 0.0
runproj limit: 0.135
001010010000000000100010100010000000000001000011000001100010010110001011110100100010000000010110100100000110111,001,00,0010100100000000001000101000100000000000010000110000011000100101100010111101001000100 0.0
runproj limit: 0.135
000010100000010100001011100011100101000000010001011101000110011110100111011000010010110000010100000010100000110,000,00,0000101000000101000010111000111001010000000100010111010001100111101001110110000100101 0.0
runproj limit: 0.135
000000101010110111100100000001100000000101000000101110111100010000111011001101000010110110011010010110110111001,000,00,0000001010101101111001000000011000000001010000001011101111000100001110110011010000101 0.0
runproj limit: 0.135
001000101000111101101100010011010000001000001010001010101111010000010001000110100100100000010100010111001000110,001,00,0010001010001111011011000100110100000010000010100010101011110100000100010001101001001 0.0
runproj limit: 0.135
110010000000000110000011000001001000010000011101101001001011010010100011110011010000110101011010010100001100101,110,11,1100100000000001100000110000010010000100000111011010010010110100101000111100110100001 0.0
runproj limit: 0.135
000000101000110101001001001101110110100010010100011100111110001110000000111010101110011110010000100010111000011,000,00,0000001010001101010010010011011101101000100101000111001111100011100000001110101011100 0.0
runproj limit: 0.135
100000001010110000001000010000110010000001000100100000110011000111111000001101100110000010011110000000110001011,100,10,1000000010101100000010000100001100100000010001001000001100110001111110000011011001100 0.0
best: 0.0
runproj limit: 0.135
011010001001111101101100010001011010001000010010001000101011001001000001000010100010100001010010010111001010110,011,01,0110100010011111011011000100010110100010000100100010001010110010010000010000101000101 0.0
runproj limit: 0.135
001100101011110011001000000101101100100101000100101100011011010000110011000001101010010010011100100110110110011,001,00,0011001010111100110010000001011011001001010001001011000110110100001100110000011010100 0.0
runproj limit: 0.135
001100100110110111000101001001110100100101000100100110001100110100111111110100100000010110010010110110110110010,001,00,0011001001101101110001010010011101001001010001001001100011001101001111111101001000000 0.0
runproj limit: 0.135
101000101010110011001100000101110100100001000100101110010001010010101011001000000010010010011000010110110111010,101,10,1010001010101100110011000001011101001000010001001011100100010100101010110010000000100 0.0
runproj limit: 0.135
001000101000100111001100100011010000001100001010111010101110110000011001000110101111000000110100110001101001111,001,00,0010001010001001110011001000110100000011000010101110101011101100000110010001101011110 0.0
runproj limit: 0.135
000001100100100111100101000001110100100101000100001110101100110100100011000101101000010110011110110110010110010,000,00,0000011001001001111001010000011101001001010001000011101011001101001000110001011010000 0.0
runproj limit: 0.135
111000101100000010010010000011010001001000011000100010001001010001000001111111110110100111011000010110000110001,111,11,1110001011000000100100100000110100010010000110001000100010010100010000011111111101101 0.0
runproj limit: 0.135
001000111000100110001110100011100000001000011111010010110010110000101001000110011001100001011000110100101000111,001,00,0010001110001001100011101000111000000010000111110100101100101100001010010001100110011 0.0
runproj limit: 0.135
100011000000101100000101100110000111001010011010101111011011010001001000111011110110111101110011010101000000110,100,10,1000110000001011000001011001100001110010100110101011110110110100010010001110111101101 0.0
runproj limit: 0.135
011110111100000000011010000001000001010000100101000001010101010111101010111001010100100101001100010100101101111,011,01,0111101111000000000110100000010000010100001001010000010101010101111010101110010101001 0.0
runproj limit: 0.135
101001101010001001101011001110101110100000000110101110000001010110010011001010101011000000011010010011110010110,101,10,1010011010100010011010110011101011101000000001101011100000010101100100110010101010110 0.0
runproj limit: 0.135
101000111001111101011000101001100110111100100100011100110110100110010010111010111110011110000010101000111000001,101,10,1010001110011111010110001010011001101111001001000111001101101001100100101110101111100 0.0
runproj limit: 0.135
101001101110110101101010110101010010101011111010101011000111101010011001001111100110110000011101010111100001011,101,10,1010011011101101011010101101010100101010111110101010110001111010100110010011111001101 0.0
runproj limit: 0.135
110010001000000110000010000001010000000000000101101001001011010000000011110110110000010000010010100110000010001,110,11,1100100010000001100000100000010100000000000001011010010010110100000000111101101100000 0.0
runproj limit: 0.135
101001100110100111001001001101110100100100000001100110000110110000100111110000101000000110011000110110010110010,101,10,1010011001101001110010010011011101001001000000011001100001101100001001111100001010000 0.0
runproj limit: 0.135
001000101000110100101100010011010000000000001010001000101111011101000001000110100100100000010010010111001010110,001,00,0010001010001101001011000100110100000000000010100010001011110111010000010001101001001 0.0
runproj limit: 0.135
001010010000000010000010000011000000000001010011000001110010010110000011110101010000110101010010010100000110111,001,00,0010100100000000100000100000110000000000010100110000011100100101100000111101010100001 0.0
runproj limit: 0.135
110000000000100110100011000010011111001010011000111110001001011001000000110010100110110111010010010100000110001,110,11,1100000000001001101000110000100111110010100110001111100010010110010000001100101001101 0.0
runproj limit: 0.135
101000101010110001001000000101110110100000000100100110010011010010100011001000101100000010011000100110110110010,101,10,1010001010101100010010000001011101101000000001001001100100110100101000110010001011000 0.0
runproj limit: 0.135
010110011100000000110011000010011001001000000011010001001011011010101001110010011111010000010110110110101100111,010,01,0101100111000000001100110000100110010010000000110100010010110110101010011100100111110 0.0
best: 0.0
runproj limit: 0.135
101000111000111001011000000101110100111000000100111100010100010110011011111010000110010110000010011000111010011,101,10,1010001110001110010110000001011101001110000001001111000101000101100110111110100001100 0.0
runproj limit: 0.135
000000100100110111000101001001110100100101000100001110001100110100111011110101101000010110010010110110010110010,000,00,0000001001001101110001010010011101001001010001000011100011001101001110111101011010000 0.0
runproj limit: 0.135
001110101000110111000100000001110000100100000100101001001111110100010011110100110000010100010010110110010110000,001,00,0011101010001101110001000000011100001001000001001010010011111101000100111101001100000 0.0
runproj limit: 0.135
011100111100000000010010000011010001001000101001100000011001010001100010111111110110100101011000010100001111111,011,01,0111001111000000000100100000110100010010001010011000000110010100011000101111111101101 0.0
runproj limit: 0.135
010110001000010000111100010010011000001000010010010001001011001001100001000010101010100001010110110111101010111,010,01,0101100010000100001111000100100110000010000100100100010010110010011000010000101010101 0.0
runproj limit: 0.135
100010001000100100000111100111010111001000001101101001001011010000001010110010110000011001110011000111000010010,100,10,1000100010001001000001111001110101110010000011011010010010110100000010101100101100000 0.0
runproj limit: 0.135
101000111001111101011000101001100110111100100100011100110110100110010010111010111110011110000010101000111000001,101,10,1010001110011111010110001010011001101111001001000111001101101001100100101110101111100 0.0
runproj limit: 0.135
101000101000110100101010010011010010000010001000011010001001011101000000110010100110100010010010010111001010010,101,10,1010001010001101001010100100110100100000100010000110100010010111010000001100101001101 0.0
runproj limit: 0.135
001100100100100111100001101000110100100111110100000110111100010100100101000011111011010000000000100110010100000,001,00,0011001001001001111000011010001101001001111101000001101111000101001001010000111110110 0.0
runproj limit: 0.135
101010110100110011000010011011000001010001010000100011110110010010000011110101010010101001110101110100000010111,101,10,1010101101001100110000100110110000010100010100001000111101100100100000111101010100101 0.0
runproj limit: 0.135
101001001000101100001101110010000111100110001010100111001010011001001010110001110111011101101011010111011000111,101,10,1010010010001011000011011100100001111001100010101001110010100110010010101100011101110 0.0
runproj limit: 0.135
000011010001100010101010010000000101010111010011000111010111011110110111101111010000111001111011000100000010001,000,00,0000110100011000101010100100000001010101110100110001110101110111101101111011110100001 0.0
runproj limit: 0.135
001100001110011100011010010111010011001101001000100010001011010101001000000101000010010110011001011100000111001,001,00,0011000011100111000110100101110100110011010010001000100010110101010010000001010000100 0.0
runproj limit: 0.135
011010001001111101101100010001011010001000010010001000101011001001000001000010100010100001010010010111001010110,011,01,0110100010011111011011000100010110100010000100100010001010110010010000010000101000101 0.0
runproj limit: 0.135
001100101011110011001000000101101100100101000100101100011011010000110011000001101010010010011100100110110110011,001,00,0011001010111100110010000001011011001001010001001011000110110100001100110000011010100 0.0
runproj limit: 0.135
001100100110110111000101001001110100100101000100100110001100110100111111110100100000010110010010110110110110010,001,00,0011001001101101110001010010011101001001010001001001100011001101001111111101001000000 0.0
runproj limit: 0.135
101000101010110011001100000101110100100001000100101110010001010010101011001000000010010010011000010110110111010,101,10,1010001010101100110011000001011101001000010001001011100100010100101010110010000000100 0.0
runproj limit: 0.135
001000101000100111001100100011010000001100001010111010101110110000011001000110101111000000110100110001101001111,001,00,0010001010001001110011001000110100000011000010101110101011101100000110010001101011110 0.0
runproj limit: 0.135
000001100100100111100101000001110100100101000100001110101100110100100011000101101000010110011110110110010110010,000,00,0000011001001001111001010000011101001001010001000011101011001101001000110001011010000 0.0
runproj limit: 0.135
111000101100000010010010000011010001001000011000100010001001010001000001111111110110100111011000010110000110001,111,11,1110001011000000100100100000110100010010000110001000100010010100010000011111111101101 0.0
best: 0.0
done evolving!
"all is well:)"
>>>>>>>>>>>>>>FINISH OPTIMIZATION>>>>>>>>>>>>>>>
1082.46user 515.55system 50:16.28elapsed 52%CPU (0avgtext+0avgdata 109264maxresident)k
1146368inputs+1686496outputs (592major+99621353minor)pagefaults 0swaps
