Optimizing /h/ywang30/nofib/spectral/cryptarithm1
>>>>>>>>>>>>>>>START OPTIMIZATION>>>>>>>>>>>>>>>
pop: 13
gens: 15
arch: 7
limit is: 0.975
runproj limit: 0.975
"All is well :D"
Basetime is: 4.5e-2
runproj limit: 0.975
01000000000000000000100000000000 4.0e-2
runproj limit: 0.975
00100000001000000001000000000011 4.0e-2
runproj limit: 0.975
00000000000000000000000000000000 4.0e-2
runproj limit: 0.975
00000000000100000010000010100000 4.5e-2
runproj limit: 0.975
00000000000000000000000001000110 4.8e-2
runproj limit: 0.975
00100000100100000000000100001000 4.2e-2
runproj limit: 0.975
10000000000000000000000000110001 4.0e-2
runproj limit: 0.975
01000000000011000000001000000000 4.5e-2
runproj limit: 0.975
00000000000000000000000000000000 4.0e-2
runproj limit: 0.975
00100000000000000000000010000000 4.0e-2
runproj limit: 0.975
00000100000000001000000000000000 4.8e-2
runproj limit: 0.975
00000000000000000000000000000000 4.8e-2
runproj limit: 0.975
00000000000000000000000000001000 4.5e-2
best: 0.888888888888889
runproj limit: 0.975
00000000000100000000000010000000 4.2e-2
runproj limit: 0.975
00000000000000000000000000000001 4.2e-2
runproj limit: 0.975
01100000000000000000000010000000 4.5e-2
runproj limit: 0.975
00000000000000000000000000001000 4.0e-2
runproj limit: 0.975
10100000000000000001000000110001 4.5e-2
runproj limit: 0.975
10000000000000000000000000010001 4.8e-2
runproj limit: 0.975
00100000000000000000000000000011 4.2e-2
runproj limit: 0.975
10000000000000000000000000010000 4.0e-2
runproj limit: 0.975
00100000001111001001000110000001 4.0e-2
runproj limit: 0.975
00000100000010010110011001000111 5.0e-2
runproj limit: 0.975
00001100110001100111100001010000 5.0e-2
runproj limit: 0.975
01100100000110000101001100010000 4.8e-2
runproj limit: 0.975
01100101001000000100000000010000 4.5e-2
runproj limit: 0.975
01000000000000000000100000000000 4.0e-2
runproj limit: 0.975
00100000001000000001000000000011 4.5e-2
runproj limit: 0.975
00000000000000000000000000000000 4.5e-2
runproj limit: 0.975
10000000000000000000000000110001 4.5e-2
runproj limit: 0.975
00100000000000000000000010000000 4.8e-2
runproj limit: 0.975
00100000100100000000000100001000 4.2e-2
runproj limit: 0.975
00000000000100000010000010100000 4.2e-2
best: 0.888888888888889
runproj limit: 0.975
00100000000110000001000110010001 4.0e-2
runproj limit: 0.975
01000000000000000000100000000000 4.0e-2
runproj limit: 0.975
00000000000100000000000100000000 4.5e-2
runproj limit: 0.975
00100000000000000001000000000011 4.0e-2
runproj limit: 0.975
01000000000000000000100010000000 4.2e-2
runproj limit: 0.975
00000000000000000000000000111000 4.0e-2
runproj limit: 0.975
00000000001101000001000010000001 4.5e-2
runproj limit: 0.975
00100000000010000100000001000111 5.0e-2
runproj limit: 0.975
00100000100100100001010101001010 5.0e-2
runproj limit: 0.975
01010000000100000100000000010001 4.2e-2
runproj limit: 0.975
10110000000101110000100000000101 4.2e-2
runproj limit: 0.975
01010100010001011101101110010000 4.5e-2
runproj limit: 0.975
00110100001110010001011111001111 5.0e-2
runproj limit: 0.975
00000000000000000000000000001000 4.5e-2
runproj limit: 0.975
10000000000000000000000000010000 4.2e-2
runproj limit: 0.975
00100000001111001001000110000001 4.8e-2
runproj limit: 0.975
01000000000000000000100000000000 4.2e-2
runproj limit: 0.975
00000000000100000000000010000000 5.0e-2
runproj limit: 0.975
00000000000000000000000000000001 4.2e-2
runproj limit: 0.975
00100000000000000000000000000011 4.0e-2
best: 0.888888888888889
runproj limit: 0.975
01010000000110000101000010010001 4.2e-2
runproj limit: 0.975
00100000000000000001000000000011 4.2e-2
runproj limit: 0.975
00000000000000000000000010010001 4.2e-2
runproj limit: 0.975
01100000000000000001100000000001 4.2e-2
runproj limit: 0.975
00110000000101010100100000010001 4.2e-2
runproj limit: 0.975
10100000000000000000000000000010 4.2e-2
runproj limit: 0.975
00000000001100000000000110000000 4.2e-2
runproj limit: 0.975
00100000000010000001000000010001 4.2e-2
runproj limit: 0.975
00000000001101000001000010100001 4.5e-2
runproj limit: 0.975
01101000000100000001010110001001 4.0e-2
runproj limit: 0.975
00110000010101011000000000010001 4.0e-2
runproj limit: 0.975
00110001000000010000011001100010 5.0e-2
runproj limit: 0.975
01000100000000001001101011011111 5.0e-2
runproj limit: 0.975
00100000000110000001000110010001 4.5e-2
runproj limit: 0.975
01000000000000000000100000000000 4.0e-2
runproj limit: 0.975
00100000000000000001000000000011 4.0e-2
runproj limit: 0.975
00000000000000000000000000111000 4.2e-2
runproj limit: 0.975
00100000000000000000000000000011 4.5e-2
runproj limit: 0.975
01000000000000000000100010000000 4.2e-2
runproj limit: 0.975
01010000000100000100000000010001 4.2e-2
best: 0.888888888888889
runproj limit: 0.975
01100000000100000001010010000001 4.0e-2
runproj limit: 0.975
00010000000100000100000100010000 4.2e-2
runproj limit: 0.975
01100000000100000001000110001011 4.0e-2
runproj limit: 0.975
01000000000100000000000000010000 4.2e-2
runproj limit: 0.975
00110000000011000100100000010001 4.0e-2
runproj limit: 0.975
01000000000000000000100010000000 4.0e-2
runproj limit: 0.975
01100000000000000000100000010000 4.5e-2
runproj limit: 0.975
01101000000100000001000100000001 4.0e-2
runproj limit: 0.975
01110010001111100110010011010011 5.0e-2
runproj limit: 0.975
01110000011100010000010110000000 4.8e-2
runproj limit: 0.975
01001001000000000000001101000000 5.0e-2
runproj limit: 0.975
10000001001100001000100000011001 4.8e-2
runproj limit: 0.975
00101000000100000101101110101001 4.2e-2
runproj limit: 0.975
01101000000100000001010110001001 4.5e-2
runproj limit: 0.975
00110000010101011000000000010001 4.0e-2
runproj limit: 0.975
01000000000000000000100000000000 4.0e-2
runproj limit: 0.975
00100000000000000001000000000011 4.5e-2
runproj limit: 0.975
01010000000110000101000010010001 4.5e-2
runproj limit: 0.975
00000000000000000000000010010001 4.2e-2
runproj limit: 0.975
01100000000000000001100000000001 4.0e-2
best: 0.888888888888889
runproj limit: 0.975
00110000000001000000000000000011 4.0e-2
runproj limit: 0.975
00100000000010000101100100010001 4.0e-2
runproj limit: 0.975
00110000000100010001100000000001 4.0e-2
runproj limit: 0.975
01100000010001001000000010000001 4.5e-2
runproj limit: 0.975
01000000000000000000100010000000 4.0e-2
runproj limit: 0.975
01101000000000000001100110000000 4.2e-2
runproj limit: 0.975
01100000000100000001110010000001 4.2e-2
runproj limit: 0.975
01000001000000000000100010000000 4.0e-2
runproj limit: 0.975
00100000000010000001010000010000 4.8e-2
runproj limit: 0.975
11010100000000000001000000001010 4.0e-2
runproj limit: 0.975
10000100100011001000100000001000 4.5e-2
runproj limit: 0.975
01111000100110010001000100010011 4.2e-2
runproj limit: 0.975
01101100000110110101010100001010 4.8e-2
runproj limit: 0.975
01100000000100000001010010000001 4.0e-2
runproj limit: 0.975
01100000000100000001000110001011 4.0e-2
runproj limit: 0.975
00110000000011000100100000010001 5.0e-2
runproj limit: 0.975
01000000000000000000100010000000 4.5e-2
runproj limit: 0.975
01101000000100000001000100000001 4.2e-2
runproj limit: 0.975
00110000010101011000000000010001 4.0e-2
runproj limit: 0.975
01000000000000000000100000000000 4.0e-2
best: 0.888888888888889
runproj limit: 0.975
01101000000000000000100110000000 4.2e-2
runproj limit: 0.975
01001000000110000101110010000010 4.2e-2
runproj limit: 0.975
01100000000100010001100000000001 4.8e-2
runproj limit: 0.975
01000000000000000000100000000000 4.2e-2
runproj limit: 0.975
00110000000010000101000000000011 4.5e-2
runproj limit: 0.975
00100000000000000101000100011001 4.2e-2
runproj limit: 0.975
00100000000101000000000100001011 4.0e-2
runproj limit: 0.975
01000001000000000000100010000000 4.2e-2
runproj limit: 0.975
01100100000010101000100001110011 4.8e-2
runproj limit: 0.975
00101111100111000110100010100000 4.2e-2
runproj limit: 0.975
01110000000100000101000000001001 4.5e-2
runproj limit: 0.975
10101000011010000101000111011001 4.5e-2
runproj limit: 0.975
01000001001001000000110111110000 4.8e-2
runproj limit: 0.975
00110000000001000000000000000011 4.2e-2
runproj