Optimizing /h/ywang30/nofib/imaginary/exp3_8
>>>>>>>>>>>>>>>START OPTIMIZATION>>>>>>>>>>>>>>>
pop: 13
gens: 15
arch: 7
limit is: 0.33
runproj limit: 0.33
"All is well :D"
Basetime is: 6.0e-2
runproj limit: 0.33
01000000000000000000100 6.0e-2
runproj limit: 0.33
00100000001000000001000 6.0e-2
runproj limit: 0.33
00000000000100000010000 6.0e-2
runproj limit: 0.33
00000000000100000010000 6.0e-2
runproj limit: 0.33
00000000000000000000000 6.0e-2
runproj limit: 0.33
00000000000000000000000 6.0e-2
runproj limit: 0.33
10000000000000000000000 6.0e-2
runproj limit: 0.33
00000000000000000000000 6.0e-2
runproj limit: 0.33
00001000000000000000001 6.5e-2
runproj limit: 0.33
00100000000000000000000 6.0e-2
runproj limit: 0.33
00000000000000000000000 6.2e-2
runproj limit: 0.33
00000000000000000000000 6.0e-2
runproj limit: 0.33
00000000000000000000000 6.2e-2
best: 1.0
runproj limit: 0.33
00000000000000000010000 6.0e-2
runproj limit: 0.33
00000000000100000000000 6.0e-2
runproj limit: 0.33
01000000000000000000000 6.0e-2
runproj limit: 0.33
00000000000000000000000 6.0e-2
runproj limit: 0.33
10100000000000000001000 6.0e-2
runproj limit: 0.33
10000000000000000000000 6.0e-2
runproj limit: 0.33
00100000000000000000000 6.0e-2
runproj limit: 0.33
10000000000000000000000 6.2e-2
runproj limit: 0.33
00100000001111001001000 6.0e-2
runproj limit: 0.33
00000100000010010110011 6.7e-2
runproj limit: 0.33
00001100110001100111100 6.2e-2
runproj limit: 0.33
01000100100010000101001 6.0e-2
runproj limit: 0.33
01100101001100000110000 6.0e-2
runproj limit: 0.33
01000000000000000000100 6.2e-2
runproj limit: 0.33
00100000001000000001000 5.8e-2
runproj limit: 0.33
00000000000100000010000 6.0e-2
runproj limit: 0.33
00000000000000000000000 6.2e-2
runproj limit: 0.33
10000000000000000000000 6.0e-2
runproj limit: 0.33
00100000000000000000000 6.0e-2
runproj limit: 0.33
00001000000000000000001 6.5e-2
best: 0.9666666666666668
runproj limit: 0.33
00100000000000000000000 6.0e-2
runproj limit: 0.33
01000000100000000000000 6.0e-2
runproj limit: 0.33
00000000000000000000000 6.2e-2
runproj limit: 0.33
00100000000000000001000 5.7e-2
runproj limit: 0.33
01000000000000000000000 6.5e-2
runproj limit: 0.33
00000000000000000010000 6.0e-2
runproj limit: 0.33
00100000001101000001000 6.2e-2
runproj limit: 0.33
00000100000010000101001 6.0e-2
runproj limit: 0.33
00100000000000100001010 6.0e-2
runproj limit: 0.33
01110101001000000010100 6.0e-2
runproj limit: 0.33
11010100100111110101101 6.2e-2
runproj limit: 0.33
01110100110101011101101 6.2e-2
runproj limit: 0.33
00110100001110010001011 6.0e-2
runproj limit: 0.33
00100000001000000001000 6.0e-2
runproj limit: 0.33
00000000000000000010000 6.0e-2
runproj limit: 0.33
00000000000100000000000 6.5e-2
runproj limit: 0.33
01000000000000000000000 6.2e-2
runproj limit: 0.33
00000000000000000000000 6.0e-2
runproj limit: 0.33
10100000000000000001000 6.0e-2
runproj limit: 0.33
10000000000000000000000 6.0e-2
best: 0.9500000000000001
runproj limit: 0.33
01110000001000100001000 6.0e-2
runproj limit: 0.33
10000000000000000001000 6.2e-2
runproj limit: 0.33
10000000000000000000000 6.0e-2
runproj limit: 0.33
00100000001000000001000 6.0e-2
runproj limit: 0.33
00100100001001000011000 6.0e-2
runproj limit: 0.33
00000000000000000010000 6.2e-2
runproj limit: 0.33
00100000000000000000000 6.0e-2
runproj limit: 0.33
00100000000000000001000 6.0e-2
runproj limit: 0.33
00000000000000000000000 6.0e-2
runproj limit: 0.33
01101000000010000000010 6.0e-2
runproj limit: 0.33
00010101011001011110100 6.0e-2
runproj limit: 0.33
10010001000000010000011 6.5e-2
runproj limit: 0.33
00010100010011010001001 6.5e-2
runproj limit: 0.33
00100000000000000001000 6.0e-2
runproj limit: 0.33
00100000000000000000000 6.0e-2
runproj limit: 0.33
01000000100000000000000 6.0e-2
runproj limit: 0.33
00000000000000000010000 6.0e-2
runproj limit: 0.33
00000100000010000101001 6.2e-2
runproj limit: 0.33
00100000000000100001010 5.8e-2
runproj limit: 0.33
01110101001000000010100 6.0e-2
best: 0.9666666666666668
runproj limit: 0.33
00100000101000000010000 6.0e-2
runproj limit: 0.33
00110101001000100011110 6.0e-2
runproj limit: 0.33
01100000000000000000000 6.0e-2
runproj limit: 0.33
01000000000000000010000 6.0e-2
runproj limit: 0.33
00000000000000000000000 6.0e-2
runproj limit: 0.33
00100000000000000000010 6.0e-2
runproj limit: 0.33
01110100001000100001000 6.2e-2
runproj limit: 0.33
01101000001010000001000 6.0e-2
runproj limit: 0.33
01010010000001000010010 6.2e-2
runproj limit: 0.33
01010000010000110001000 6.2e-2
runproj limit: 0.33
00101001000000000000101 6.2e-2
runproj limit: 0.33
00000001001100001000100 6.2e-2
runproj limit: 0.33
00110000001000100101111 6.2e-2
runproj limit: 0.33
00100000000000100001010 5.7e-2
runproj limit: 0.33
01110000001000100001000 5.8e-2
runproj limit: 0.33
10000000000000000000000 6.0e-2
runproj limit: 0.33
00100000001000000001000 6.0e-2
runproj limit: 0.33
00100100001001000011000 6.2e-2
runproj limit: 0.33
00100000000000000000000 6.0e-2
runproj limit: 0.33
00100000000000000001000 6.0e-2
best: 0.9500000000000001
runproj limit: 0.33
01110000001000000001000 6.0e-2
runproj limit: 0.33
00100000001000000001000 6.0e-2
runproj limit: 0.33
01110000001000000001000 6.2e-2
runproj limit: 0.33
00100000001000100000000 6.0e-2
runproj limit: 0.33
00100000000000000000010 6.0e-2
runproj limit: 0.33
00101000000000000001010 6.2e-2
runproj limit: 0.33
01110100001000100001000 5.7e-2
runproj limit: 0.33
00100001000000000000000 6.0e-2
runproj limit: 0.33
00000000000010000001010 6.0e-2
runproj limit: 0.33
10010100000000000001100 6.5e-2
runproj limit: 0.33
11100100100011001000010 6.0e-2
runproj limit: 0.33
01111000101000010001000 6.0e-2
runproj limit: 0.33
00100100000010110100010 6.0e-2
runproj limit: 0.33
00100000000000100001010 6.0e-2
runproj limit: 0.33
01110000001000100001000 6.0e-2
runproj limit: 0.33
00100000101000000010000 6.0e-2
runproj limit: 0.33
00110101001000100011110 5.8e-2
runproj limit: 0.33
01100000000000000000000 6.0e-2
runproj limit: 0.33
01000000000000000010000 6.0e-2
runproj limit: 0.33
00000000000000000000000 6.0e-2
best: 0.9500000000000001
runproj limit: 0.33
00110101101011101000010 6.0e-2
runproj limit: 0.33
00100101001010100110110 6.2e-2
runproj limit: 0.33
01110100001000100000000 6.0e-2
runproj limit: 0.33
00000000000000010000010 6.8e-2
runproj limit: 0.33
00100000001000000011000 6.0e-2
runproj limit: 0.33
00100000001000100010000 5.8e-2
runproj limit: 0.33
01110000001000000001000 6.0e-2
runproj limit: 0.33
00100001000000000000000 6.0e-2
runproj limit: 0.33
01110100001011001000100 6.0e-2
runproj limit: 0.33
00010111001111010111000 6.2e-2
runproj limit: 0.33
00011000000010000101010 6.0e-2
runproj limit: 0.33
10101000010000100000100 6.5e-2
runproj limit: 0.33
00100001001001000000010 6.2e-2
runproj limit: 0.33
01110100001000100001000 6.0e-2
runproj limit: 0.33
00110101001000100011110 6.0e-2
runproj limit: 0.33
01110000001000000001000 6.0e-2
runproj limit: 0.33
00100000001000000001000 6.0e-2
runproj limit: 0.33
00100000001000100000000 6.0e-2
runproj limit: 0.33
00100000000000000000010 6.0e-2
runproj limit: 0.33
00100001000000000000000 6.0e-2
best: 0.9666666666666668
runproj limit: 0.33
00100000001000000001000 5.8e-2
runproj limit: 0.33
00100000001000000011000 5.8e-2
runproj limit: 0.33
01110000001000000001000 5.8e-2
runproj limit: 0.33
00000010001000010001000 6.2e-2
runproj limit: 0.33
00110101001000100011110 5.8e-2
runproj limit: 0.33
01110001000000000001000 6.0e-2
runproj limit: 0.33
00110111001100010111010 6.2e-2
runproj limit: 0.33
00111000000000000100000 5.8e-2
runproj limit: 0.33
00101100001100100010010 6.0e-2
runproj limit: 0.33
11000000001000100101100 6.0e-2
runproj limit: 0.33
10000101101000000001000 6.5e-2
runproj limit: 0.33
00100011000001010010011 6.0e-2
runproj limit: 0.33
10011000010010011101010 6.2e-2
runproj limit: 0.33
00100000001000100010000 6.0e-2
runproj limit: 0.33
00110101101011101000010 6.5e-2
runproj limit: 0.33
01110100001000100000000 6.0e-2
runproj limit: 0.33
00100000001000000011000 5.8e-2
runproj limit: 0.33
01110000001000000001000 6.0e-2
runproj limit: 0.33
00100001000000000000000 6.0e-2
runproj limit: 0.33
01110100001011001000100 6.0e-2
best: 0.9666666666666668
runproj limit: 0.33
01110000001000100011010 6.2e-2
runproj limit: 0.33
00100100001000000011010 6.0e-2
runproj limit: 0.33
00100011000000000010001 6.0e-2
runproj limit: 0.33
00100000001000000011000 5.8e-2
runproj limit: 0.33
00100011001001000011000 6.2e-2
runproj limit: 0.33
00000000001010010101000 6.5e-2
runproj limit: 0.33
00110101001001101010010 6.0e-2
runproj limit: 0.33
00100111001000000111010 6.0e-2
runproj limit: 0.33
11111000000011010001010 6.2e-2
runproj limit: 0.33
11000010001001000101100 6.2e-2
runproj limit: 0.33
01100000101100000001000 5.5e-2
runproj limit: 0.33
11110100000001001001100 6.0e-2
runproj limit: 0.33
00100000001010010101000 6.0e-2
runproj limit: 0.33
00100000001000000001000 6.0e-2
runproj limit: 0.33
00100000001000000011000 6.0e-2
runproj limit: 0.33
01110000001000000001000 5.8e-2
runproj limit: 0.33
00110101001000100011110 6.0e-2
runproj limit: 0.33
00111000000000000100000 6.0e-2
runproj limit: 0.33
01110001000000000001000 6.0e-2
runproj limit: 0.33
00101100001100100010010 6.2e-2
best: 0.9166666666666667
runproj limit: 0.33
00100111001000000111010 6.0e-2
runproj limit: 0.33
00100000001000000011000 6.0e-2
runproj limit: 0.33
00101000000000000101000 6.0e-2
runproj limit: 0.33
00111000000000000001000 7.2e-2
runproj limit: 0.33
01101000100110000001000 6.0e-2
runproj limit: 0.33
00111000000000001110010 6.2e-2
runproj limit: 0.33
00100011001000000011010 6.2e-2
runproj limit: 0.33
11110100000000001001100 6.2e-2
runproj limit: 0.33
10110001000000100011011 6.5e-2
runproj limit: 0.33
01000100101100101010001 6.2e-2
runproj limit: 0.33
01000000101000001000010 6.2e-2
runproj limit: 0.33
00111100110010001010010 5.5e-2
runproj limit: 0.33
00111010011000010101000 6.0e-2
runproj limit: 0.33
01100000101100000001000 5.8e-2
runproj limit: 0.33
00100000001000000011000 5.8e-2
runproj limit: 0.33
01110000001000000001000 6.0e-2
runproj limit: 0.33
00100100001000000011010 6.2e-2
runproj limit: 0.33
00100011000000000010001 6.2e-2
runproj limit: 0.33
00110101001001101010010 6.2e-2
runproj limit: 0.33
00100111001000000111010 6.0e-2
best: 0.9166666666666667
runproj limit: 0.33
00100100111000000010010 6.0e-2
runproj limit: 0.33
00100110001000000111010 6.0e-2
runproj limit: 0.33
01101000101110000001000 5.8e-2
runproj limit: 0.33
00110001101001000010010 6.2e-2
runproj limit: 0.33
01000000101000101011001 5.7e-2
runproj limit: 0.33
00100000001100000000001 6.0e-2
runproj limit: 0.33
01100100111000001000010 5.8e-2
runproj limit: 0.33
00100000001000000111010 6.0e-2
runproj limit: 0.33
00000000011100000111110 6.0e-2
runproj limit: 0.33
10000001100010110011010 6.5e-2
runproj limit: 0.33
00000011001001010101010 6.0e-2
runproj limit: 0.33
01010000001000110100010 6.0e-2
runproj limit: 0.33
10100000001101011010000 6.0e-2
runproj limit: 0.33
00111100110010001010010 6.0e-2
runproj limit: 0.33
01100000101100000001000 6.0e-2
runproj limit: 0.33
00100000001000000011000 6.0e-2
runproj limit: 0.33
00100111001000000111010 6.0e-2
runproj limit: 0.33
00101000000000000101000 6.0e-2
runproj limit: 0.33
01101000100110000001000 6.0e-2
runproj limit: 0.33
00111010011000010101000 6.0e-2
best: 0.9500000000000001
runproj limit: 0.33
00110010101000010101000 6.0e-2
runproj limit: 0.33
00100000001001010100000 6.0e-2
runproj limit: 0.33
00100000000000000111000 6.0e-2
runproj limit: 0.33
01010000001000110100010 6.2e-2
runproj limit: 0.33
01101000101100001011000 6.0e-2
runproj limit: 0.33
10000001001001010000010 6.2e-2
runproj limit: 0.33
00000001000001000101010 6.2e-2
runproj limit: 0.33
00100110001000000111010 6.0e-2
runproj limit: 0.33
00100000011000111111000 6.0e-2
runproj limit: 0.33
01100111100110000110000 6.5e-2
runproj limit: 0.33
11100010111010000111011 6.2e-2
runproj limit: 0.33
10000100110010000101111 6.0e-2
runproj limit: 0.33
00111000011010011001100 6.0e-2
runproj limit: 0.33
01000000101000101011001 5.8e-2
runproj limit: 0.33
01101000101110000001000 6.0e-2
runproj limit: 0.33
01100100111000001000010 6.0e-2
runproj limit: 0.33
00100100111000000010010 5.7e-2
runproj limit: 0.33
00100110001000000111010 6.0e-2
runproj limit: 0.33
00100000001100000000001 5.8e-2
runproj limit: 0.33
00100000001000000111010 6.0e-2
best: 0.9500000000000001
runproj limit: 0.33
01101000101100000011000 5.7e-2
runproj limit: 0.33
10000100110010000101111 6.0e-2
runproj limit: 0.33
00101100011010001001100 6.0e-2
runproj limit: 0.33
01101100101110000011010 6.8e-2
runproj limit: 0.33
00110110101000000111010 6.2e-2
runproj limit: 0.33
01100000111000011000000 6.0e-2
runproj limit: 0.33
10000000100010010101000 6.0e-2
runproj limit: 0.33
01000000101000101111000 5.8e-2
runproj limit: 0.33
10011100111000000010010 6.0e-2
runproj limit: 0.33
00110000101100000111000 6.0e-2
runproj limit: 0.33
00110010001110000100001 6.0e-2
runproj limit: 0.33
01100110101110101000111 6.0e-2
runproj limit: 0.33
01010000001101011110010 6.0e-2
runproj limit: 0.33
00100100111000000010010 6.0e-2
runproj limit: 0.33
01000000101000101011001 6.0e-2
runproj limit: 0.33
00100000001100000000001 6.0e-2
runproj limit: 0.33
00110010101000010101000 6.0e-2
runproj limit: 0.33
00100000001001010100000 6.0e-2
runproj limit: 0.33
00100000000000000111000 6.2e-2
runproj limit: 0.33
01101000101100001011000 6.0e-2
best: 0.9500000000000001
runproj limit: 0.33
01110010101100010100011 6.0e-2
runproj limit: 0.33
00010000100100010101000 6.2e-2
runproj limit: 0.33
00010000110000000101000 6.2e-2
runproj limit: 0.33
10000000101000010001000 6.0e-2
runproj limit: 0.33
00010000101001011111000 6.2e-2
runproj limit: 0.33
00100100111010000111001 6.2e-2
runproj limit: 0.33
00001000111000001010000 6.0e-2
runproj limit: 0.33
01010000001100010100011 5.7e-2
runproj limit: 0.33
00101100111000110010011 5.8e-2
runproj limit: 0.33
10010100111000001010110 6.0e-2
runproj limit: 0.33
10000100100001110111001 6.0e-2
runproj limit: 0.33
11001001101000101010000 6.2e-2
runproj limit: 0.33
10110110110000110101011 5.7e-2
runproj limit: 0.33
01101000101100000011000 6.0e-2
runproj limit: 0.33
01000000101000101111000 6.2e-2
runproj limit: 0.33
10000100110010000101111 6.2e-2
runproj limit: 0.33
00101100011010001001100 6.2e-2
runproj limit: 0.33
01100000111000011000000 6.0e-2
runproj limit: 0.33
10000000100010010101000 6.0e-2
runproj limit: 0.33
10011100111000000010010 6.0e-2
best: 0.9500000000000001
runproj limit: 0.33
10000000101000110010010 6.0e-2
runproj limit: 0.33
00100100101001110111001 6.0e-2
runproj limit: 0.33
00011000101100000101000 6.2e-2
runproj limit: 0.33
10011000111000001010000 6.0e-2
runproj limit: 0.33
11011010101000000000011 6.2e-2
runproj limit: 0.33
00101000111000010010010 6.5e-2
runproj limit: 0.33
11101001101000110010000 6.5e-2
runproj limit: 0.33
00000000110010010100100 5.7e-2
runproj limit: 0.33
00010000111010000111011 6.0e-2
runproj limit: 0.33
10101110001001001101100 6.5e-2
runproj limit: 0.33
00000100011000110010111 5.8e-2
runproj limit: 0.33
01110100001010010110111 6.0e-2
runproj limit: 0.33
11011010110001110010100 5.7e-2
runproj limit: 0.33
01010000001100010100011 5.7e-2
runproj limit: 0.33
10110110110000110101011 6.0e-2
runproj limit: 0.33
00101100111000110010011 5.8e-2
runproj limit: 0.33
01110010101100010100011 6.2e-2
runproj limit: 0.33
10000000101000010001000 5.8e-2
runproj limit: 0.33
00001000111000001010000 5.8e-2
runproj limit: 0.33
10010100111000001010110 5.7e-2
best: 0.9500000000000001
done evolving!
"all is well:)"
>>>>>>>>>>>>>>FINISH OPTIMIZATION>>>>>>>>>>>>>>>
872.50user 336.78system 24:05.26elapsed 83%CPU (0avgtext+0avgdata 135492maxresident)k
1067000inputs+1473272outputs (590major+70021832minor)pagefaults 0swaps
