Optimizing /h/ywang30/nofib/imaginary/integrate
>>>>>>>>>>>>>>>START OPTIMIZATION>>>>>>>>>>>>>>>
pop: 13
gens: 15
arch: 7
limit is: 0.345
runproj limit: 0.345
"All is well :D"
Basetime is: 5.0e-3
runproj limit: 0.345
010000000000000000001000000 8.0e-3
runproj limit: 0.345
000000000000000000000000000 5.0e-3
runproj limit: 0.345
000000000001000000100000100 5.0e-3
runproj limit: 0.345
000000000001000000100000101 8.0e-3
runproj limit: 0.345
000000000000000000000000010 5.0e-3
runproj limit: 0.345
000000000000000000000000000 5.0e-3
runproj limit: 0.345
000000000000000000000000000 8.0e-3
runproj limit: 0.345
010000000000110000000010000 5.0e-3
runproj limit: 0.345
000000000000000000000000000 2.0e-3
runproj limit: 0.345
000000000000000000000000000 2.0e-3
runproj limit: 0.345
000000000000000000000000000 8.0e-3
runproj limit: 0.345
000010000000100000000001000 8.0e-3
runproj limit: 0.345
000000000000000000000000000 5.0e-3
best: 0.4
runproj limit: 0.345
000000000000000000100000000 8.0e-3
runproj limit: 0.345
000000000001000000000000100 2.0e-3
runproj limit: 0.345
000000000000000000000000000 8.0e-3
runproj limit: 0.345
000000000000000000000000000 8.0e-3
runproj limit: 0.345
000000000000000000000000000 5.0e-3
runproj limit: 0.345
000000000000000000000000000 5.0e-3
runproj limit: 0.345
000000000000000000000000000 2.0e-3
runproj limit: 0.345
000000000000000000000000000 5.0e-3
runproj limit: 0.345
000000000001110010000001100 8.0e-3
runproj limit: 0.345
000001000000100101100110010 8.0e-3
runproj limit: 0.345
010011001100011001110000000 2.0e-3
runproj limit: 0.345
010001001000100001010010000 8.0e-3
runproj limit: 0.345
011001010011000001100000100 8.0e-3
runproj limit: 0.345
000000000000000000000000000 1.0e-2
runproj limit: 0.345
000000000001000000100000100 5.0e-3
runproj limit: 0.345
000000000000000000000000010 5.0e-3
runproj limit: 0.345
010000000000110000000010000 5.0e-3
runproj limit: 0.345
010000000000000000001000000 2.0e-3
runproj limit: 0.345
000000000001000000100000101 5.0e-3
runproj limit: 0.345
000010000000100000000001000 5.0e-3
best: 0.4
runproj limit: 0.345
000000000000000000000000000 8.0e-3
runproj limit: 0.345
010000001000000000000000000 8.0e-3
runproj limit: 0.345
010001001000011001110000000 2.0e-3
runproj limit: 0.345
000000001100010001110000100 1.0e-2
runproj limit: 0.345
000000000000000000000000000 1.0e-2
runproj limit: 0.345
010000000000000000000010000 8.0e-3
runproj limit: 0.345
000001000000010001110000000 2.0e-3
runproj limit: 0.345
000000000000100001000000010 5.0e-3
runproj limit: 0.345
000000000001001000110100111 8.0e-3
runproj limit: 0.345
011101010010000000101000100 2.0e-3
runproj limit: 0.345
100100000001011100001000000 5.0e-3
runproj limit: 0.345
011101001101010111011010100 1.0e-2
runproj limit: 0.345
000101000001100100000111110 8.0e-3
runproj limit: 0.345
000000000001000000000000100 1.0e-2
runproj limit: 0.345
000000000000000000000000000 8.0e-3
runproj limit: 0.345
010011001100011001110000000 8.0e-3
runproj limit: 0.345
010000000000000000001000000 8.0e-3
runproj limit: 0.345
000000000001000000100000100 5.0e-3
runproj limit: 0.345
000000000000000000000000010 5.0e-3
runproj limit: 0.345
010000000000110000000010000 1.0e-2
best: 0.4
runproj limit: 0.345
011100000010001000110000111 1.0e-2
runproj limit: 0.345
010000000100110001110000000 5.0e-3
runproj limit: 0.345
010001001000010001010000010 5.0e-3
runproj limit: 0.345
010000000000011000111000000 0.0
runproj limit: 0.345
000001000010010000110000000 2.0e-3
runproj limit: 0.345
000000000000000000000010000 8.0e-3
runproj limit: 0.345
010001001000011001110000000 8.0e-3
runproj limit: 0.345
000000000000010000110000100 5.0e-3
runproj limit: 0.345
000001000000010001110000001 5.0e-3
runproj limit: 0.345
010010000000000001000100010 8.0e-3
runproj limit: 0.345
001001001100001110110000000 1.0e-2
runproj limit: 0.345
100000010001011000001110011 8.0e-3
runproj limit: 0.345
000100000100110100000001000 8.0e-3
runproj limit: 0.345
010001001000011001110000000 8.0e-3
runproj limit: 0.345
000001000000010001110000000 2.0e-3
runproj limit: 0.345
011101010010000000101000100 8.0e-3
runproj limit: 0.345
000000000000100001000000010 2.0e-3
runproj limit: 0.345
100100000001011100001000000 8.0e-3
runproj limit: 0.345
000000000001000000100000100 2.0e-3
runproj limit: 0.345
000000000000000000000000010 0.0
best: 0.0
runproj limit: 0.345
000000000110010001110000000 8.0e-3
runproj limit: 0.345
000000000000000000000000000 5.0e-3
runproj limit: 0.345
010001010010000001000000000 5.0e-3
runproj limit: 0.345
000000000000000000111000010 5.0e-3
runproj limit: 0.345
000000000000010000110000000 1.0e-2
runproj limit: 0.345
000000000000010001110000100 8.0e-3
runproj limit: 0.345
000001000000010001110000000 8.0e-3
runproj limit: 0.345
010000000100111001110000000 2.0e-3
runproj limit: 0.345
011000100010000000001100010 8.0e-3
runproj limit: 0.345
011100000101000100100100100 8.0e-3
runproj limit: 0.345
000011010000010001111011010 2.0e-3
runproj limit: 0.345
110001011011010011011000110 8.0e-3
runproj limit: 0.345
000010000000000000001010011 8.0e-3
runproj limit: 0.345
010000000000011000111000000 2.0e-3
runproj limit: 0.345
000000000000000000000000010 5.0e-3
runproj limit: 0.345
000001000010010000110000000 5.0e-3
runproj limit: 0.345
000001000000010001110000000 8.0e-3
runproj limit: 0.345
000000000000100001000000010 0.0
runproj limit: 0.345
000000000001000000100000100 5.0e-3
runproj limit: 0.345
010000000100110001110000000 2.0e-3
best: 0.0
runproj limit: 0.345
100000001001000011000000110 2.0e-3
runproj limit: 0.345
000000000100011000010000000 5.0e-3
runproj limit: 0.345
000000000000000001000000010 8.0e-3
runproj limit: 0.345
000000000000100001000000010 1.0e-2
runproj limit: 0.345
000000000000000001010000100 0.0
runproj limit: 0.345
000000000000001001111000000 2.0e-3
runproj limit: 0.345
000001000000000000000000010 5.0e-3
runproj limit: 0.345
010001011100110001010000000 2.0e-3
runproj limit: 0.345
001011010000110001101111110 5.0e-3
runproj limit: 0.345
111101000100110001111000000 8.0e-3
runproj limit: 0.345
101001101010110010001100110 1.0e-2
runproj limit: 0.345
010100001100011101110000000 8.0e-3
runproj limit: 0.345
010001000100010100110100000 1.0e-2
runproj limit: 0.345
000000000000100001000000010 8.0e-3
runproj limit: 0.345
010000000100111001110000000 8.0e-3
runproj limit: 0.345
000011010000010001111011010 2.0e-3
runproj limit: 0.345
010000000000011000111000000 5.0e-3
runproj limit: 0.345
010000000100110001110000000 2.0e-3
runproj limit: 0.345
000000000000000000000000000 2.0e-3
runproj limit: 0.345
010001010010000001000000000 5.0e-3
best: 0.0
runproj limit: 0.345
000000000000001001010000000 5.0e-3
runproj limit: 0.345
010000000100011000111100000 8.0e-3
runproj limit: 0.345
000001000000000000000000010 8.0e-3
runproj limit: 0.345
010000010000001001110000000 1.0e-2
runproj limit: 0.345
000011010000010001111011010 5.0e-3
runproj limit: 0.345
000010000000010001110011010 1.0e-2
runproj limit: 0.345
000001010010000011000000110 8.0e-3
runproj limit: 0.345
010000011100110001010000000 8.0e-3
runproj limit: 0.345
110101001001111001001000101 5.0e-3
runproj limit: 0.345
011011111001110000110000101 2.0e-3
runproj limit: 0.345
010110000100110000110001000 8.0e-3
runproj limit: 0.345
100010000010011000011000110 2.0e-3
runproj limit: 0.345
010001011110100001010101011 1.0e-2
runproj limit: 0.345
000000000000000001010000100 8.0e-3
runproj limit: 0.345
100000001001000011000000110 2.0e-3
runproj limit: 0.345
000000000000001001111000000 2.0e-3
runproj limit: 0.345
010001011100110001010000000 5.0e-3
runproj limit: 0.345
000011010000010001111011010 8.0e-3
runproj limit: 0.345
010000000100110001110000000 2.0e-3
runproj limit: 0.345
000000000000000000000000000 8.0e-3
best: 0.4
runproj limit: 0.345
000011011100010001011001010 2.0e-3
runproj limit: 0.345
100011010000010001111010010 8.0e-3
runproj limit: 0.345
000000000100110001010000000 1.0e-2
runproj limit: 0.345
011010101100110001110000101 2.0e-3
runproj limit: 0.345
010001010000110001110000000 8.0e-3
runproj limit: 0.345
100010000010011000011000110 8.0e-3
runproj limit: 0.345
010010101001000000100000100 2.0e-3
runproj limit: 0.345
000011000000000001001001010 2.0e-3
runproj limit: 0.345
010101000101110000110101011 0.0
runproj limit: 0.345
111011010000010000100011111 5.0e-3
runproj limit: 0.345
111000000100110001010000001 5.0e-3
runproj limit: 0.345
011000100000011001010010001 8.0e-3
runproj limit: 0.345
010101001101111111001000100 5.0e-3
runproj limit: 0.345
011011111001110000110000101 8.0e-3
runproj limit: 0.345
100010000010011000011000110 8.0e-3
runproj limit: 0.345
100000001001000011000000110 8.0e-3
runproj limit: 0.345
000000000000001001111000000 5.0e-3
runproj limit: 0.345
010000000100110001110000000 5.0e-3
runproj limit: 0.345
000000000000001001010000000 1.0e-2
runproj limit: 0.345
000011010000010001111011010 5.0e-3
best: 0.0
runproj limit: 0.345
010000000000111001110000000 2.0e-3
runproj limit: 0.345
000001000000111001111000000 2.0e-3
runproj limit: 0.345
010101100101111101011010100 1.0e-2
runproj limit: 0.345
010010111100010001111000100 8.0e-3
runproj limit: 0.345
100011000000010001011001110 1.0e-2
runproj limit: 0.345
010011011101111101011001100 1.0e-2
runproj limit: 0.345
110000000100110000110100001 8.0e-3
runproj limit: 0.345
010000101000010000100000000 8.0e-3
runproj limit: 0.345
000000010010101100011100010 5.0e-3
runproj limit: 0.345
111011110000001000100011110 8.0e-3
runproj limit: 0.345
100111011001010001111010010 8.0e-3
runproj limit: 0.345
110010101011100000110001000 1.0e-2
runproj limit: 0.345
000011010000110100011011001 8.0e-3
runproj limit: 0.345
010101000101110000110101011 1.0e-2
runproj limit: 0.345
000011011100010001011001010 5.0e-3
runproj limit: 0.345
011010101100110001110000101 8.0e-3
runproj limit: 0.345
010010101001000000100000100 8.0e-3
runproj limit: 0.345
000011000000000001001001010 2.0e-3
runproj limit: 0.345
111011010000010000100011111 5.0e-3
runproj limit: 0.345
111000000100110001010000001 5.0e-3
best: 0.4
runproj limit: 0.345
010000100001110100001000000 2.0e-3
runproj limit: 0.345
000001010000111001111010001 5.0e-3
runproj limit: 0.345
010000000000111001110000000 1.0e-2
runproj limit: 0.345
001011100100000001111001111 5.0e-3
runproj limit: 0.345
000000011010110001011000010 5.0e-3
runproj limit: 0.345
010011000000100001111001000 2.0e-3
runproj limit: 0.345
010000100000010001110000000 2.0e-3
runproj limit: 0.345
111010101011010000110011000 0.0
runproj limit: 0.345
001011010000011000000101111 1.0e-2
runproj limit: 0.345
110010110000000010010001110 8.0e-3
runproj limit: 0.345
101111011000010011101110001 2.0e-3
runproj limit: 0.345
000111001110011011101000101 0.0
runproj limit: 0.345
101001010100001101100011100 5.0e-3
runproj limit: 0.345
010000000000111001110000000 2.0e-3
runproj limit: 0.345
000001000000111001111000000 8.0e-3
runproj limit: 0.345
000011000000000001001001010 2.0e-3
runproj limit: 0.345
000000010010101100011100010 5.0e-3
runproj limit: 0.345
000011011100010001011001010 8.0e-3
runproj limit: 0.345
111011010000010000100011111 5.0e-3
runproj limit: 0.345
111000000100110001010000001 8.0e-3
best: 0.0
runproj limit: 0.345
111011001110010001101010100 2.0e-3
runproj limit: 0.345
000001000100011001110000100 5.0e-3
runproj limit: 0.345
100011011000011001111000001 8.0e-3
runproj limit: 0.345
110010010000011000100010100 1.0e-2
runproj limit: 0.345
110001010000100011011000101 0.0
runproj limit: 0.345
000011001000011001110000010 8.0e-3
runproj limit: 0.345
100111001100011011101110101 2.0e-3
runproj limit: 0.345
111000100011110001010011000 2.0e-3
runproj limit: 0.345
011011000101100000110101000 5.0e-3
runproj limit: 0.345
111000111010111101110100000 8.0e-3
runproj limit: 0.345
011001100001100000101000010 0.0
runproj limit: 0.345
001011000000001100011101110 8.0e-3
runproj limit: 0.345
011010101010000110100011000 0.0
runproj limit: 0.345
111010101011010000110011000 5.0e-3
runproj limit: 0.345
000111001110011011101000101 8.0e-3
runproj limit: 0.345
010000100001110100001000000 8.0e-3
runproj limit: 0.345
010011000000100001111001000 2.0e-3
runproj limit: 0.345
010000100000010001110000000 8.0e-3
runproj limit: 0.345
101111011000010011101110001 8.0e-3
runproj limit: 0.345
010000000000111001110000000 0.0
best: 0.0
runproj limit: 0.345
010010001000010001110011000 2.0e-3
runproj limit: 0.345
011010100000101101100000000 5.0e-3
runproj limit: 0.345
010010100000010110110000000 5.0e-3
runproj limit: 0.345
111011100001000100010101100 5.0e-3
runproj limit: 0.345
110001000000111011011000101 0.0
runproj limit: 0.345
011000101001100100101001000 5.0e-3
runproj limit: 0.345
011001101010000100101000010 1.0e-2
runproj limit: 0.345
011001000010001110110001100 8.0e-3
runproj limit: 0.345
111010101111011111110011000 8.0e-3
runproj limit: 0.345
101100101000010010011110101 5.0e-3
runproj limit: 0.345
001000001111010001010000000 5.0e-3
runproj limit: 0.345
111010001110000000010110001 5.0e-3
runproj limit: 0.345
010000100000011010111000011 8.0e-3
runproj limit: 0.345
110001010000100011011000101 8.0e-3
runproj limit: 0.345
011001100001100000101000010 5.0e-3
runproj limit: 0.345
011010101010000110100011000 5.0e-3
runproj limit: 0.345
010000000000111001110000000 8.0e-3
runproj limit: 0.345
111011001110010001101010100 8.0e-3
runproj limit: 0.345
100111001100011011101110101 2.0e-3
runproj limit: 0.345
111000100011110001010011000 5.0e-3
best: 0.0
runproj limit: 0.345
110001000000111000001000010 5.0e-3
runproj limit: 0.345
111010001110000000010110001 8.0e-3
runproj limit: 0.345
010000100100001010010000011 2.0e-3
runproj limit: 0.345
010010101001010101110001000 8.0e-3
runproj limit: 0.345
010011101001100001111000000 0.0
runproj limit: 0.345
011000001010000010110010000 2.0e-3
runproj limit: 0.345
111010001010010000110011000 5.0e-3
runproj limit: 0.345
110010100001010011010010000 2.0e-3
runproj limit: 0.345
010110001111110000000011000 5.0e-3
runproj limit: 0.345
010110101011010110110000000 5.0e-3
runproj limit: 0.345
100011101100111010101110101 5.0e-3
runproj limit: 0.345
011010001111101110101001010 2.0e-3
runproj limit: 0.345
111011100000011110110101010 2.0e-3
runproj limit: 0.345
110001000000111011011000101 5.0e-3
runproj limit: 0.345
010010001000010001110011000 8.0e-3
runproj limit: 0.345
100111001100011011101110101 5.0e-3
runproj limit: 0.345
011010100000101101100000000 5.0e-3
runproj limit: 0.345
010010100000010110110000000 2.0e-3
runproj limit: 0.345
111011100001000100010101100 2.0e-3
runproj limit: 0.345
011000101001100100101001000 0.0
best: 0.0
runproj limit: 0.345
010010000111001010000000011 2.0e-3
runproj limit: 0.345
011110101011010010110010000 5.0e-3
runproj limit: 0.345
010110101011010110110000000 8.0e-3
runproj limit: 0.345
111010101000000000110111100 5.0e-3
runproj limit: 0.345
011011100000011111100000010 5.0e-3
runproj limit: 0.345
010010101010000110110010000 2.0e-3
runproj limit: 0.345
010010001111100010000011000 2.0e-3
runproj limit: 0.345
011011100001000101110101000 2.0e-3
runproj limit: 0.345
001011001010001000010100100 0.0
runproj limit: 0.345
011000001111101100100001010 2.0e-3
runproj limit: 0.345
111010100001111100110110101 2.0e-3
runproj limit: 0.345
110000111000101100111000100 0.0
runproj limit: 0.345
111011100110100101100110100 0.0
runproj limit: 0.345
010011101001100001111000000 5.0e-3
runproj limit: 0.345
011000101001100100101001000 2.0e-3
runproj limit: 0.345
010000100100001010010000011 2.0e-3
runproj limit: 0.345
011000001010000010110010000 5.0e-3
runproj limit: 0.345
110010100001010011010010000 2.0e-3
runproj limit: 0.345
011010001111101110101001010 0.0
runproj limit: 0.345
111011100000011110110101010 2.0e-3
best: 0.0
runproj limit: 0.345
011010111101101100111001010 0.0
runproj limit: 0.345
010010100010111100110110001 2.0e-3
runproj limit: 0.345
010000100100001010010000011 2.0e-3
runproj limit: 0.345
010010001111100100100011000 5.0e-3
runproj limit: 0.345
111010000110001110010000010 0.0
runproj limit: 0.345
000010001010000000010110100 2.0e-3
runproj limit: 0.345
110000111000101100111000100 5.0e-3
runproj limit: 0.345
110000100001000010010010010 2.0e-3
runproj limit: 0.345
011111101010000110110110101 2.0e-3
runproj limit: 0.345
111000101110110011110010011 0.0
runproj limit: 0.345
000001000010001000011100110 0.0
runproj limit: 0.345
010010100000100101011101010 0.0
runproj limit: 0.345
100110101101111100001011010 0.0
runproj limit: 0.345
001011001010001000010100100 2.0e-3
runproj limit: 0.345
110000111000101100111000100 0.0
runproj limit: 0.345
111011100110100101100110100 8.0e-3
runproj limit: 0.345
011010001111101110101001010 2.0e-3
runproj limit: 0.345
010010000111001010000000011 0.0
runproj limit: 0.345
010010101010000110110010000 5.0e-3
runproj limit: 0.345
010010001111100010000011000 5.0e-3
best: 0.0
done evolving!
"all is well:)"
>>>>>>>>>>>>>>FINISH OPTIMIZATION>>>>>>>>>>>>>>>
824.04user 435.04system 24:51.72elapsed 84%CPU (0avgtext+0avgdata 134548maxresident)k
1121720inputs+1559416outputs (295major+100416034minor)pagefaults 0swaps
Optimizing /h/ywang30/nofib/imaginary/integrate
>>>>>>>>>>>>>>>START OPTIMIZATION>>>>>>>>>>>>>>>
pop: 13
gens: 15
arch: 7
limit is: 0.328
runproj limit: 0.328
"All is well :D"
Basetime is: 2.0e-3
runproj limit: 0.328
010000000000000000001000000 0.0
runproj limit: 0.328
001000000010000000010000000 0.0
runproj limit: 0.328
000000000001000000100000100 0.0
runproj limit: 0.328
000000000001000000100000101 0.0
runproj limit: 0.328
000000000000000000000000010 0.0
runproj limit: 0.328
001000001001000000000001000 0.0
runproj limit: 0.328
000000000000000000000000000 0.0
runproj limit: 0.328
010000000000110000000010000 0.0
runproj limit: 0.328
000010000000000000000010000 0.0
runproj limit: 0.328
001000000000000000000000100 0.0
runproj limit: 0.328
000001000000000010000000000 0.0
runproj limit: 0.328
000000000000000000000000000 0.0
runproj limit: 0.328
000000000000000000000000000 0.0
best: 0.0
runproj limit: 0.328
000000000000000000100000000 0.0
runproj limit: 0.328
000000000001000000000000100 0.0
runproj limit: 0.328
011000001001000000000001000 0.0
runproj limit: 0.328
000000000000000000000000000 0.0
runproj limit: 0.328
001000000000000000010000000 0.0
runproj limit: 0.328
000010000000000000000010000 0.0
runproj limit: 0.328
010000000000000010000000000 0.0
runproj limit: 0.328
000000000000000000000000000 0.0
runproj limit: 0.328
001000000011110010010001100 0.0
runproj limit: 0.328
000001000000100101100110010 0.0
runproj limit: 0.328
000011001100011001111000010 0.0
runproj limit: 0.328
011001000001100001010011000 0.0
runproj limit: 0.328
011001010011000001100000100 0.0
runproj limit: 0.328
010000000000000000001000000 0.0
runproj limit: 0.328
001000000010000000010000000 0.0
runproj limit: 0.328
000000000001000000100000100 0.0
runproj limit: 0.328
000000000001000000100000101 0.0
runproj limit: 0.328
000000000000000000000000010 0.0
runproj limit: 0.328
001000001001000000000001000 0.0
runproj limit: 0.328
000000000000000000000000000 0.0
best: 0.0
runproj limit: 0.328
001000000000000000000000000 0.0
runproj limit: 0.328
011000000001000000000001000 0.0
runproj limit: 0.328
000001001001001001110000010 0.0
runproj limit: 0.328
001000000000000000010000000 0.0
runproj limit: 0.328
010000001001000000001001000 0.0
runproj limit: 0.328
000000000000000000100000001 0.0
runproj limit: 0.328
000000000011010000010000100 0.0
runproj limit: 0.328
001001000000100001010011010 0.0
runproj limit: 0.328
001000001001001000010101010 0.0
runproj limit: 0.328
010100000001000001000000000 0.0
runproj limit: 0.328
111101000000111101011011000 0.0
runproj limit: 0.328
010101000100010111011011100 0.0
runproj limit: 0.328
001101000011100100010111110 0.0
runproj limit: 0.328
000000000000000000100000000 0.0
runproj limit: 0.328
000000000001000000000000100 0.0
runproj limit: 0.328
011000001001000000000001000 0.0
runproj limit: 0.328
000000000000000000000000000 0.0
runproj limit: 0.328
001000000000000000010000000 0.0
runproj limit: 0.328
000010000000000000000010000 0.0
runproj limit: 0.328
010000000000000010000000000 0.0
best: 0.0
runproj limit: 0.328
010100000001001001010000010 2.0e-3
runproj limit: 0.328
010000000000000000010000000 0.0
runproj limit: 0.328
000001001001000001010000000 0.0
runproj limit: 0.328
000000000000001000110000000 0.0
runproj limit: 0.328
000000000001010001010000100 0.0
runproj limit: 0.328
000000000001000000000000100 0.0
runproj limit: 0.328
011000001001000000000001000 0.0
runproj limit: 0.328
001000000000000000010000000 0.0
runproj limit: 0.328
000000000011010000010000101 0.0
runproj limit: 0.328
011010000000100000000100000 0.0
runproj limit: 0.328
011001001101011110110000010 0.0
runproj limit: 0.328
111001010000111001011101011 0.0
runproj limit: 0.328
010001000000000010011010110 0.0
runproj limit: 0.328
001000000000000000000000000 0.0
runproj limit: 0.328
011000000001000000000001000 0.0
runproj limit: 0.328
000001001001001001110000010 0.0
runproj limit: 0.328
001000000000000000010000000 0.0
runproj limit: 0.328
010000001001000000001001000 0.0
runproj limit: 0.328
000000000000000000100000001 0.0
runproj limit: 0.328
000000000011010000010000100 0.0
best: 0.0
runproj limit: 0.328
000001001001000001010000100 0.0
runproj limit: 0.328
010000000011000000000001100 0.0
runproj limit: 0.328
011001000000000000010000010 0.0
runproj limit: 0.328
001000000001010000010000000 0.0
runproj limit: 0.328
000000000000010000010000101 0.0
runproj limit: 0.328
011000000001000000100001000 0.0
runproj limit: 0.328
111001000001000000010101001 0.0
runproj limit: 0.328
010000000000001000110000000 2.0e-3
runproj limit: 0.328
001000100010010000000100010 0.0
runproj limit: 0.328
000100001101000100000101000 0.0
runproj limit: 0.328
011010010001000000001010010 0.0
runproj limit: 0.328
100001011010000011011000100 0.0
runproj limit: 0.328
001010000000100001001010001 0.0
runproj limit: 0.328
010000000000000000010000000 0.0
runproj limit: 0.328
000001001001000001010000000 0.0
runproj limit: 0.328
000000000000001000110000000 0.0
runproj limit: 0.328
000000000001010001010000100 0.0
runproj limit: 0.328
000000000001000000000000100 0.0
runproj limit: 0.328
011000001001000000000001000 0.0
runproj limit: 0.328
001000000000000000010000000 0.0
best: 0.0
runproj limit: 0.328
100100001000000011000001100 0.0
runproj limit: 0.328
000000000000010000010000101 0.0
runproj limit: 0.328
001001000001000000010000000 0.0
runproj limit: 0.328
010000000001000000000001000 2.0e-3
runproj limit: 0.328
011000000001000000100001000 0.0
runproj limit: 0.328
011000000001000000010000000 0.0
runproj limit: 0.328
100001001001000001010000101 0.0
runproj limit: 0.328
011001011001000000010001000 2.0e-3
runproj limit: 0.328
010000001001100000010101100 0.0
runproj limit: 0.328
001100011010000011010000100 0.0
runproj limit: 0.328
111001101010100010000100110 0.0
runproj limit: 0.328
100101010010100111011000100 0.0
runproj limit: 0.328
011001001001101101000101000 0.0
runproj limit: 0.328
000001001001000001010000100 0.0
runproj limit: 0.328
010000000011000000000001100 0.0
runproj limit: 0.328
011001000000000000010000010 0.0
runproj limit: 0.328
001000000001010000010000000 0.0
runproj limit: 0.328
000000000000010000010000101 0.0
runproj limit: 0.328
011000000001000000100001000 0.0
runproj limit: 0.328
111001000001000000010101001 0.0
best: 0.0
runproj limit: 0.328
001000101000100010000000010 0.0
runproj limit: 0.328
011000000001100001000100000 0.0
runproj limit: 0.328
100001000001000001010000000 0.0
runproj limit: 0.328
011000000001000100010100000 0.0
runproj limit: 0.328
000001000000010000010000101 0.0
runproj limit: 0.328
010000000010000000010000010 0.0
runproj limit: 0.328
000000000011000011000001100 0.0
runproj limit: 0.328
011000000011000000100001100 0.0
runproj limit: 0.328
110001001000111001001001111 0.0
runproj limit: 0.328
111110101011010110111000101 0.0
runproj limit: 0.328
010110001001100001010100100 0.0
runproj limit: 0.328
100010000110010000011000011 0.0
runproj limit: 0.328
011001001011111101000000011 0.0
runproj limit: 0.328
100100001000000011000001100 0.0
runproj limit: 0.328
000000000000010000010000101 0.0
runproj limit: 0.328
001001000001000000010000000 0.0
runproj limit: 0.328
011000000001000000100001000 0.0
runproj limit: 0.328
011000000001000000010000000 0.0
runproj limit: 0.328
100001001001000001010000101 0.0
runproj limit: 0.328
010000001001100000010101100 0.0
best: 0.0
runproj limit: 0.328
011000000001000000100000000 0.0
runproj limit: 0.328
110011000011011001000000011 0.0
runproj limit: 0.328
000101000000010001000000100 0.0
runproj limit: 0.328
101011101011000111010000101 0.0
runproj limit: 0.328
111100000011000110111100000 5.0e-3
runproj limit: 0.328
001010000011000000111000010 0.0
runproj limit: 0.328
110010101011010110111000101 0.0
runproj limit: 0.328
010010000001000001010000100 0.0
runproj limit: 0.328
010011000011000000010100001 0.0
runproj limit: 0.328
100000000001000101001100101 0.0
runproj limit: 0.328
110001011001000000100001001 0.0
runproj limit: 0.328
010000110001010100110110001 0.0
runproj limit: 0.328
110110001101100111010100101 0.0
runproj limit: 0.328
001000101000100010000000010 0.0
runproj limit: 0.328
011000000001100001000100000 0.0
runproj limit: 0.328
100001000001000001010000000 0.0
runproj limit: 0.328
011000000001000100010100000 0.0
runproj limit: 0.328
000001000000010000010000101 0.0
runproj limit: 0.328
010000000010000000010000010 0.0
runproj limit: 0.328
000000000011000011000001100 0.0
best: 0.0
runproj limit: 0.328
001001000001010100010100100 0.0
runproj limit: 0.328
110001110011010000110000001 0.0
runproj limit: 0.328
010110110101100100110110101 0.0
runproj limit: 0.328
100011100011011101010000101 0.0
runproj limit: 0.328
010001000001100000010000000 0.0
runproj limit: 0.328
010000001001100101000000100 0.0
runproj limit: 0.328
010000000001000000010100001 0.0
runproj limit: 0.328
110001001000000000100001001 0.0
runproj limit: 0.328
111010010001010101000000100 0.0
runproj limit: 0.328
100000100001011101001100100 0.0
runproj limit: 0.328
000001001001010001000000100 0.0
runproj limit: 0.328
010010101001110110101001001 0.0
runproj limit: 0.328
110011000011111100100000000 0.0
runproj limit: 0.328
011000000001000000100000000 0.0
runproj limit: 0.328
110011000011011001000000011 0.0
runproj limit: 0.328
000101000000010001000000100 0.0
runproj limit: 0.328
101011101011000111010000101 0.0
runproj limit: 0.328
001010000011000000111000010 0.0
runproj limit: 0.328
110010101011010110111000101 0.0
runproj limit: 0.328
010010000001000001010000100 0.0
best: 0.0
runproj limit: 0.328
010001100001100100100000001 0.0
runproj limit: 0.328
010011000001000001010000000 0.0
runproj limit: 0.328
110001000001011100100100000 0.0
runproj limit: 0.328
000010100011000010101000011 0.0
runproj limit: 0.328
110010000001011001000000101 0.0
runproj limit: 0.328
011010000011000000011100001 0.0
runproj limit: 0.328
010001000001100000010000000 0.0
runproj limit: 0.328
010010101001010110101001001 0.0
runproj limit: 0.328
000010101011011110011110101 0.0
runproj limit: 0.328
101001100001010111111110100 0.0
runproj limit: 0.328
001001001000010011010100111 0.0
runproj limit: 0.328
010111001111000010000000101 2.0e-3
runproj limit: 0.328
110010000101011000001100110 2.0e-3
runproj limit: 0.328
001001000001010100010100100 0.0
runproj limit: 0.328
110001110011010000110000001 2.0e-3
runproj limit: 0.328
010110110101100100110110101 0.0
runproj limit: 0.328
100011100011011101010000101 0.0
runproj limit: 0.328
010001000001100000010000000 0.0
runproj limit: 0.328
010000001001100101000000100 0.0
runproj limit: 0.328
010000000001000000010100001 0.0
best: 0.0
runproj limit: 0.328
100010000011001000011000001 0.0
runproj limit: 0.328
011000000001010100010100000 0.0
runproj limit: 0.328
001001101000010111011110101 0.0
runproj limit: 0.328
011001000001100101000000100 0.0
runproj limit: 0.328
101011000001010111110010100 0.0
runproj limit: 0.328
001010001001010110010110100 0.0
runproj limit: 0.328
000001001001011011010100101 0.0
runproj limit: 0.328
010000100001000110000101001 0.0
runproj limit: 0.328
010010000110000001010000001 2.0e-3
runproj limit: 0.328
111001011011001100010100000 0.0
runproj limit: 0.328
011000100001110000000000011 0.0
runproj limit: 0.328
011110110101101001100010001 0.0
runproj limit: 0.328
110010101000000000111001001 0.0
runproj limit: 0.328
010001100001100100100000001 0.0
runproj limit: 0.328
010011000001000001010000000 0.0
runproj limit: 0.328
110001000001011100100100000 0.0
runproj limit: 0.328
000010100011000010101000011 2.0e-3
runproj limit: 0.328
110010000001011001000000101 0.0
runproj limit: 0.328
011010000011000000011100001 0.0
runproj limit: 0.328
010001000001100000010000000 0.0
best: 0.0
runproj limit: 0.328
010011000001000000010000000 0.0
runproj limit: 0.328
010011100001100000011000000 0.0
runproj limit: 0.328
110010100001010000100000101 0.0
runproj limit: 0.328
011011110001101101000000100 0.0
runproj limit: 0.328
101001000000010111110010100 0.0
runproj limit: 0.328
111000101001100000010001001 0.0
runproj limit: 0.328
111000000001011000000000011 0.0
runproj limit: 0.328
011000000001010100010100000 0.0
runproj limit: 0.328
110001000101010011100100000 0.0
runproj limit: 0.328
011001110011000001101100101 0.0
runproj limit: 0.328
100000001101100110000110001 0.0
runproj limit: 0.328
110000101010000100000011000 0.0
runproj limit: 0.328
010001100001000011011000011 0.0
runproj limit: 0.328
100010000011001000011000001 0.0
runproj limit: 0.328
011000000001010100010100000 2.0e-3
runproj limit: 0.328
001001101000010111011110101 0.0
runproj limit: 0.328
011001000001100101000000100 0.0
runproj limit: 0.328
101011000001010111110010100 0.0
runproj limit: 0.328
001010001001010110010110100 0.0
runproj limit: 0.328
000001001001011011010100101 0.0
best: 0.0
runproj limit: 0.328
101001000000010101100000101 0.0
runproj limit: 0.328
110000101010000100000011000 0.0
runproj limit: 0.328
111000000000001100000000011 0.0
runproj limit: 0.328
011011110001100101000000100 0.0
runproj limit: 0.328
010011000001010110110010100 0.0
runproj limit: 0.328
100000001000110111000110001 0.0
runproj limit: 0.328
110000100010010000000000001 0.0
runproj limit: 0.328
000011000011011001011000001 0.0
runproj limit: 0.328
000101101101010110100010100 0.0
runproj limit: 0.328
110110101010010000100000101 0.0
runproj limit: 0.328
001110101001110111010110100 0.0
runproj limit: 0.328
001001001101111111010100111 0.0
runproj limit: 0.328
011011110000110111100000010 0.0
runproj limit: 0.328
010011000001000000010000000 0.0
runproj limit: 0.328
010011100001100000011000000 0.0
runproj limit: 0.328
110010100001010000100000101 0.0
runproj limit: 0.328
011011110001101101000000100 0.0
runproj limit: 0.328
101001000000010111110010100 0.0
runproj limit: 0.328
111000101001100000010001001 0.0
runproj limit: 0.328
111000000001011000000000011 0.0
best: 0.0
runproj limit: 0.328
001001000001101101010100110 0.0
runproj limit: 0.328
110110100010010000000000001 2.0e-3
runproj limit: 0.328
110110101010010100000001000 0.0
runproj limit: 0.328
110010100000010000000000101 0.0
runproj limit: 0.328
011011110001110111100000010 0.0
runproj limit: 0.328
110010101010000000100011101 0.0
runproj limit: 0.328
100000101101010111100110100 0.0
runproj limit: 0.328
011011100001110110100010000 0.0
runproj limit: 0.328
110011001000111101100000101 0.0
runproj limit: 0.328
000111101101010100101010100 0.0
runproj limit: 0.328
110001100010101000100011000 0.0
runproj limit: 0.328
010000111000101000000000101 0.0
runproj limit: 0.328
111010110111100101000110000 0.0
runproj limit: 0.328
101001000000010101100000101 0.0
runproj limit: 0.328
110000101010000100000011000 0.0
runproj limit: 0.328
111000000000001100000000011 0.0
runproj limit: 0.328
011011110001100101000000100 0.0
runproj limit: 0.328
010011000001010110110010100 0.0
runproj limit: 0.328
100000001000110111000110001 0.0
runproj limit: 0.328
110000100010010000000000001 0.0
best: 0.0
runproj limit: 0.328
110010111000101000000000101 0.0
runproj limit: 0.328
110010101010010100000011100 0.0
runproj limit: 0.328
110101100000010100000000101 2.0e-3
runproj limit: 0.328
000100101101010100100110100 0.0
runproj limit: 0.328
100001000000000000000100111 0.0
runproj limit: 0.328
111011000000110101100000101 2.0e-3
runproj limit: 0.328
010000111000101000000000101 0.0
runproj limit: 0.328
011001000001000100110010010 0.0
runproj limit: 0.328
111111101010000000100111000 0.0
runproj limit: 0.328
111011010101010100000000111 0.0
runproj limit: 0.328
111001000000111101101000111 0.0
runproj limit: 0.328
010010110000000101101000110 0.0
runproj limit: 0.328
010100001111001001101110110 0.0
runproj limit: 0.328
001001000001101101010100110 0.0
runproj limit: 0.328
110110101010010100000001000 0.0
runproj limit: 0.328
110010100000010000000000101 0.0
runproj limit: 0.328
011011110001110111100000010 0.0
runproj limit: 0.328
110010101010000000100011101 2.0e-3
runproj limit: 0.328
100000101101010111100110100 0.0
runproj limit: 0.328
011011100001110110100010000 0.0
best: 0.0
done evolving!
"all is well:)"
>>>>>>>>>>>>>>FINISH OPTIMIZATION>>>>>>>>>>>>>>>
742.50user 334.12system 19:07.25elapsed 93%CPU (0avgtext+0avgdata 107276maxresident)k
1118512inputs+1559056outputs (295major+100434348minor)pagefaults 0swaps
