nohup: ignoring input
Optimizing /nofib/spectral/integer
>>>>>>>>>>>>>>>START OPTIMIZATION>>>>>>>>>>>>>>>
pop: 13
gens: 15
arch: 7
GenesisNF: /nofib/spectral/integer: changeWorkingDirectory: does not exist (No such file or directory)
0.57user 0.23system 0:00.82elapsed 98%CPU (0avgtext+0avgdata 109588maxresident)k
0inputs+8outputs (0major+56906minor)pagefaults 0swaps
Optimizing /h/ywang30/nofib/spectral/integer
>>>>>>>>>>>>>>>START OPTIMIZATION>>>>>>>>>>>>>>>
pop: 13
gens: 15
arch: 7
limit is: 3.095
runproj limit: 3.095
"All is well :D"
Basetime is: 4.5e-2
runproj limit: 3.095
0000000000000000000000000000000000000000000000 4.5e-2
runproj limit: 3.095
0000000000000000000000000000000000000000000000 4.2e-2
runproj limit: 3.095
0000000000000000000000000000000000000000000000 4.2e-2
runproj limit: 3.095
0000000000010000001000001010000000001010010000 4.5e-2
runproj limit: 3.095
0000000000000000000000000000000000000000000000 4.0e-2
runproj limit: 3.095
0010000010010000000000010000100000000000000000 4.5e-2
runproj limit: 3.095
0000000000000000000000000000000000000000000000 5.0e-2
runproj limit: 3.095
0000000000000000000000000000000000000000000000 3.5e-2
runproj limit: 3.095
0000100000000000000000100000100000000000000000 5.0e-2
runproj limit: 3.095
0010000000000000000000001000000000110000100000 4.2e-2
runproj limit: 3.095
0000000000000000000000000000000000000000000000 4.5e-2
runproj limit: 3.095
0000000000000000000000000000000000000000000000 4.5e-2
runproj limit: 3.095
0000000000000000000000000000100000000000000001 4.2e-2
best: 0.7777777777777779
runproj limit: 3.095
0000000000000000000000000000000000000000000000 4.2e-2
runproj limit: 3.095
0000000000000000000000000000000000000000000000 4.0e-2
runproj limit: 3.095
0010000000000000000000001000000000100000100000 4.2e-2
runproj limit: 3.095
0000000000000000000000000000000000000000000000 3.8e-2
runproj limit: 3.095
0000000000000000000000000000000000000000000000 5.0e-2
runproj limit: 3.095
0000000000000000000000000000100000001000000000 4.0e-2
runproj limit: 3.095
0000000000000000000000000000000000000000000000 3.8e-2
runproj limit: 3.095
0000000000000000000000000000000000000000000000 4.8e-2
runproj limit: 3.095
0000000000011100100000011000001000000010000001 4.8e-2
runproj limit: 3.095
0000010000001001011001100000000101111000000101 4.5e-2
runproj limit: 3.095
0100110011000110011100000101000000010010000001 4.0e-2
runproj limit: 3.095
0110010000011000010100110001000010000000000000 4.0e-2
runproj limit: 3.095
0110010100100000010000000001000000100010000001 4.2e-2
runproj limit: 3.095
0000000000000000000000000000000000000000000000 5.0e-2
runproj limit: 3.095
0010000000000000000000001000000000110000100000 4.2e-2
runproj limit: 3.095
0000000000000000000000000000100000000000000001 4.8e-2
runproj limit: 3.095
0000000000010000001000001010000000001010010000 4.8e-2
runproj limit: 3.095
0010000010010000000000010000100000000000000000 4.2e-2
runproj limit: 3.095
0000100000000000000000100000100000000000000000 4.2e-2
best: 0.8444444444444444
runproj limit: 3.095
0000000000011000010100010000000010000000000000 3.2e-2
runproj limit: 3.095
0010010000001000010100110001000000000000000000 3.8e-2
runproj limit: 3.095
0010000010000000000000000000100000000000000000 3.2e-2
runproj limit: 3.095
0000000000000000000000000000000000000000000000 4.2e-2
runproj limit: 3.095
0000000000000000000000001000000000100000100000 4.2e-2
runproj limit: 3.095
0010000000000000000000000000000000100000000000 5.0e-2
runproj limit: 3.095
0000100000010000000000000000100000000000000000 4.2e-2
runproj limit: 3.095
0010000000011100100000001000001000110000100001 4.0e-2
runproj limit: 3.095
0000100000000010000101100100101000000001001110 4.0e-2
runproj limit: 3.095
0001000000010000010010000001100100001010000001 4.2e-2
runproj limit: 3.095
1111010100110111010010000001011000100001000101 4.5e-2
runproj limit: 3.095
0011000001011101100010001000000001111010000101 4.0e-2
runproj limit: 3.095
0001110000000101100001000100011001101100010100 5.0e-2
runproj limit: 3.095
0000000000000000000000000000000000000000000000 4.5e-2
runproj limit: 3.095
0000000000000000000000000000100000001000000000 4.0e-2
runproj limit: 3.095
0100110011000110011100000101000000010010000001 4.2e-2
runproj limit: 3.095
0110010000011000010100110001000010000000000000 4.2e-2
runproj limit: 3.095
0010000000000000000000001000000000100000100000 4.0e-2
runproj limit: 3.095
0110010100100000010000000001000000100010000001 4.0e-2
runproj limit: 3.095
0010000000000000000000001000000000110000100000 3.2e-2
best: 0.7111111111111111
runproj limit: 3.095
0000000000001000000100000000000010000000000000 4.0e-2
runproj limit: 3.095
0010000000000000000000001000000000100000000000 4.8e-2
runproj limit: 3.095
0010000010000000000000000000100010000000000000 4.5e-2
runproj limit: 3.095
0110010000010000010000110001000010000000000000 4.2e-2
runproj limit: 3.095
0000100000010000010000000001100100000010000000 4.0e-2
runproj limit: 3.095
0010000000000000000000000000000000001000100000 4.0e-2
runproj limit: 3.095
0000100010000000000000000000100000000001001000 4.0e-2
runproj limit: 3.095
0000000000001000010000000000000010000000000000 4.0e-2
runproj limit: 3.095
0010000000000000000000001010000010100000110000 3.8e-2
runproj limit: 3.095
0100100000010000010101010001100010100010100100 4.5e-2
runproj limit: 3.095
0100000011000101110000000000100000001000000100 5.0e-2
runproj limit: 3.095
0011000100000001000001101110000100111001100001 5.0e-2
runproj limit: 3.095
0010000000011000110010011100111100101010000101 4.8e-2
runproj limit: 3.095
0000000000011000010100010000000010000000000000 5.0e-2
runproj limit: 3.095
0010000010000000000000000000100000000000000000 4.5e-2
runproj limit: 3.095
0010000000000000000000001000000000110000100000 4.8e-2
runproj limit: 3.095
0010010000001000010100110001000000000000000000 4.2e-2
runproj limit: 3.095
0010000000011100100000001000001000110000100001 4.8e-2
runproj limit: 3.095
0000100000000010000101100100101000000001001110 4.2e-2
runproj limit: 3.095
0011000001011101100010001000000001111010000101 4.5e-2
best: 0.8444444444444444
runproj limit: 3.095
0000000000010000000000000000000000000010000000 4.5e-2
runproj limit: 3.095
0010100000000000000000001000000000100001011000 4.5e-2
runproj limit: 3.095
0100000000010000010000010001100000100010100100 4.2e-2
runproj limit: 3.095
0010010010000000010100000000100000000000000000 5.0e-2
runproj limit: 3.095
0010000000001000000000001010000010100000010000 4.8e-2
runproj limit: 3.095
0000100000010000010000000000100000000000001000 5.0e-2
runproj limit: 3.095
0000000000001000000000000001000010000010000000 4.2e-2
runproj limit: 3.095
0100110000010000010000010001000010100000000100 4.8e-2
runproj limit: 3.095
0010001000101110001001000100001000100000100000 4.8e-2
runproj limit: 3.095
0111100011000001000001000000100000001001001001 4.8e-2
runproj limit: 3.095
0010100110000000000010110100100000000000000000 4.8e-2
runproj limit: 3.095
1010000100110000100010000010100010100001110000 4.8e-2
runproj limit: 3.095
0100000000001000010111100010000000001001001000 4.8e-2
runproj limit: 3.095
0010000000000000000000001010000010100000110000 4.5e-2
runproj limit: 3.095
0000000000001000000100000000000010000000000000 4.2e-2
runproj limit: 3.095
0000100000010000010000000001100100000010000000 5.0e-2
runproj limit: 3.095
0010000000000000000000000000000000001000100000 3.8e-2
runproj limit: 3.095
0000100010000000000000000000100000000001001000 4.0e-2
runproj limit: 3.095
0000000000001000010000000000000010000000000000 4.2e-2
runproj limit: 3.095
0110010000010000010000110001000010000000000000 4.0e-2
best: 0.8444444444444444
runproj limit: 3.095
0000000000001000000100000000000010001000100000 3.2e-2
runproj limit: 3.095
0010100000000000000000001000000000100001110000 4.0e-2
runproj limit: 3.095
0010000000001000010000110001000010000000000000 4.0e-2
runproj limit: 3.095
0000100010000000000000000000100000000001001000 4.8e-2
runproj limit: 3.095
0000100000001000000000001000100010100001010000 4.0e-2
runproj limit: 3.095
0000110000010000010000010000100000000000000000 4.0e-2
runproj limit: 3.095
0000000000001000000100000000000010000000000000 4.0e-2
runproj limit: 3.095
0110000100010000010000110001000010100001110000 4.2e-2
runproj limit: 3.095
0010000000000000010101001000000110000000000000 4.5e-2
runproj limit: 3.095
1101000000010000010010110001101110001000100110 4.2e-2
runproj limit: 3.095
1110011010100010101001001100101010110100110001 3.5e-2
runproj limit: 3.095
01011100100110010100000100000010