Optimizing /h/ywang30/nofib/spectral/lcss
>>>>>>>>>>>>>>>START OPTIMIZATION>>>>>>>>>>>>>>>
pop: 13
gens: 15
arch: 7
limit is: 0.735
runproj limit: 0.735
"All is well :D"
Basetime is: 0.588
runproj limit: 0.735
0100000000000000000010000000000000000000000010000000001000000000101000 0.578
runproj limit: 0.735
0010000000100000000100000000001100000000000000000000000000000001001000 4.0e-2
runproj limit: 0.735
0000000000010000001000001001101000000000000011000001000010000000000000 5.0e-2
runproj limit: 0.735
0000000000000000000000000000000000000000000000000000000000000000000000 0.57
runproj limit: 0.735
0000000000000000000000000100011000000000100100000110000000000000000000 0.6
runproj limit: 0.735
0010000010010000000000010000100000000000000000001000000000000000110000 4.8e-2
runproj limit: 0.735
1000000000000000000000000011000101010000100000010000000100000100000010 0.572
runproj limit: 0.735
0000000000000000000000000000000000000000000000000000000000000000000000 0.572
runproj limit: 0.735
0000100000000000000000100000100000000000000000000100000100000000100000 0.558
runproj limit: 0.735
0010000000000000000000001000000000110000100000000001000000000000010000 0.585
runproj limit: 0.735
0000010000000000100000000000000000001010000000000000000000001011000000 3.0e-2
runproj limit: 0.735
0000000000000000000000000000000000000000000000000000000000000000000000 0.575
runproj limit: 0.735
0000000000000000000000000000100000000000000001000000000000000011000110 0.565
best: 5.102040816326531e-2
runproj limit: 0.735
0000010000000000000000000000000000001000000000000000000000000010000000 0.52
runproj limit: 0.735
0010000000100000000000000000000100000000000000000000000000000001001010 4.2e-2
runproj limit: 0.735
0010000010010000000000010000100000000000000000001000000000000000110000 4.8e-2
runproj limit: 0.735
0000000000000000000000001000101000000000000001000001000000000001000000 0.608
runproj limit: 0.735
1010000000000000000100000011000100010000100000000000000000000100000000 0.595
runproj limit: 0.735
0000100000000000000000100000100000000000000000000100000100000000100000 0.582
runproj limit: 0.735
0000000000000000100000000000000000001010000000000000000000000010000000 3.0e-2
runproj limit: 0.735
0000100000000000000000100000100000000000000000000100000100000000100000 0.57
runproj limit: 0.735
0010000000111100100100011000000100000010000001000100011100101001001010 3.0e-2
runproj limit: 0.735
0000010000001001011001100000000101111000000101010100000000010000000000 3.0e-2
runproj limit: 0.735
0000110011000110011110000101000000010010000011000000101100100000101000 5.0e-2
runproj limit: 0.735
0110010000011000010100110001000010000000000000000101010001000110110000 4.0e-2
runproj limit: 0.735
0110000100100000110000000001000000101000000001011111110000001011000000 3.0e-2
runproj limit: 0.735
0000010000000000100000000000000000001010000000000000000000001011000000 3.0e-2
runproj limit: 0.735
0010000000100000000100000000001100000000000000000000000000000001001000 4.0e-2
runproj limit: 0.735
0010000010010000000000010000100000000000000000001000000000000000110000 5.0e-2
runproj limit: 0.735
0000000000010000001000001001101000000000000011000001000010000000000000 5.0e-2
runproj limit: 0.735
0000100000000000000000100000100000000000000000000100000100000000100000 0.572
runproj limit: 0.735
0000000000000000000000000000100000000000000001000000000000000011000110 0.572
runproj limit: 0.735
0000000000000000000000000000000000000000000000000000000000000000000000 0.58
best: 5.102040816326531e-2
runproj limit: 0.735
0110000000100000100000000001000000001000000001010000000000000010000000 3.0e-2
runproj limit: 0.735
0100010000000000100000000000000000001000000001001100110000001011000000 3.0e-2
runproj limit: 0.735
0000010010010010011100000101001000010010000011000000000010100000101000 5.5e-2
runproj limit: 0.735
0010000000100000000100000000001100000000000000000000000000000001001000 4.0e-2
runproj limit: 0.735
0000010010010000000000010000100000001000000000000000000000000010100000 4.0e-2
runproj limit: 0.735
0000000100100000011000000001000000001000000011011101110010000000000000 6.7e-2
runproj limit: 0.735
0010000000110100000100001000001100000010000000000000011100000001001000 4.2e-2
runproj limit: 0.735
0000000000001000010000000000000100001010000001000000000000000000000000 0.575
runproj limit: 0.735
0000000000010010001101001101100000000001001101011001000110100000000000 2.0e-2
runproj limit: 0.735
0001010000010000110010000001000100001000000001100000001000101101010100 3.0e-2
runproj limit: 0.735
1001000000010111100010000000011000001001000100100100100111001000101010 3.0e-2
runproj limit: 0.735
0101010001000101110110111001000011111010000101000001000011000010110000 3.0e-2
runproj limit: 0.735
0011010000111001000101111100111101101110010101000100111110101000001111 1.2e-2
runproj limit: 0.735
0000000000000000100000000000000000001010000000000000000000000010000000 3.0e-2
runproj limit: 0.735
0010000000111100100100011000000100000010000001000100011100101001001010 3.0e-2
runproj limit: 0.735
0000010000001001011001100000000101111000000101010100000000010000000000 2.5e-2
runproj limit: 0.735
0110000100100000110000000001000000101000000001011111110000001011000000 3.0e-2
runproj limit: 0.735
0000010000000000100000000000000000001010000000000000000000001011000000 3.0e-2
runproj limit: 0.735
0110010000011000010100110001000010000000000000000101010001000110110000 4.0e-2
runproj limit: 0.735
0010000000100000000100000000001100000000000000000000000000000001001000 4.0e-2
best: 2.0408163265306124e-2
runproj limit: 0.735
0001000000010010111100001101100000000001000001101000001100100001010100 4.0e-2
runproj limit: 0.735
0100000000100001000110001001000010101000000001000001000000000000001000 4.0e-2
runproj limit: 0.735
0010000000111100100100010001000000001000000001010000010100100011001010 3.0e-2
runproj limit: 0.735
0110000000100000110100000001000100100000000000011100000000000011000000 3.0e-2
runproj limit: 0.735
0001010000010101110010000001001100001001000100100100101101001100111000 3.0e-2
runproj limit: 0.735
0010000000110000001100001100001000000000001001000000000110100000000000 5.0e-2
runproj limit: 0.735
0000010000001000011001101001000101011001001101010100000000100000000000 2.0e-2
runproj limit: 0.735
0010000000100000100100000000000100000010000000000000000000001011000000 3.0e-2
runproj limit: 0.735
0000010000000000100000000010000010001010010000000000000010100010000000 3.0e-2
runproj limit: 0.735
0010100000101000100001000000100000101010100101010000000110001010100101 2.0e-2
runproj limit: 0.735
0111010001010101000010000001000100000000000101101001100001101100010111 4.0e-2
runproj limit: 0.735
1000000100010110100011100110011100000000000101100101100111011001101010 1.0e-2
runproj limit: 0.735
0100010000000000100110101101111110101010000101000001000111000000000000 3.0e-2
runproj limit: 0.735
0011010000111001000101111100111101101110010101000100111110101000001111 1.2e-2
runproj limit: 0.735
0000000000010010001101001101100000000001001101011001000110100000000000 2.0e-2
runproj limit: 0.735
0000010000001001011001100000000101111000000101010100000000010000000000 2.0e-2
runproj limit: 0.735
0110000000100000100000000001000000001000000001010000000000000010000000 3.0e-2
runproj limit: 0.735
0100010000000000100000000000000000001000000001001100110000001011000000 3.0e-2
runproj limit: 0.735
0001010000010000110010000001000100001000000001100000001000101101010100 3.0e-2
runproj limit: 0.735
1001000000010111100010000000011000001001000100100100100111001000101010 3.0e-2
best: 1.7006802721088437e-2
runproj limit: 0.735
0010010000101000010001100000000100101010100101010000000010001010100000 2.0e-2
runproj limit: 0.735
0001000000011000000011100000001101011001001101110100100111000000101000 1.0e-2
runproj limit: 0.735
0011010000111001000101111100111101101110010101000100111110101000001111 1.2e-2
runproj limit: 0.735
0010000000101000000001100001000001011000000101010000000000100010000000 2.0e-2
runproj limit: 0.735
0000010000001000101000100010000111011010011000000100000000100000000000 5.0e-2
runproj limit: 0.735
0000010000011010001101001001100100010001001101011100000110100000000000 2.0e-2
runproj limit: 0.735
1000000000010010001001000110111000000000001101110001100111101001101010 2.0e-2
runproj limit: 0.735
0010100000101000100100000000000000100000000100011100000010001011000001 3.0e-2
runproj limit: 0.735
0100001000000110111001000101001110000000100000011100000100110101000000 2.0e-2
runproj limit: 0.735
0111010001001001011000101001000101010001001100011000101100111000000100 0.62
runproj limit: 0.735
0000100100010010001111111001100000000001001101011000010110100110101100 2.0e-2
runproj limit: 0.735
1010000100001100000110011001100000001001000001010110010101100001001010 5.0e-2
runproj limit: 0.735
0110100000101000110010100010100010100011101101010011010100011010100101 3.0e-2
runproj limit: 0.735
1000000100010110100011100110011100000000000101100101100111011001101010 1.0e-2
runproj limit: 0.735
0011010000111001000101111100111101101110010101000100111110101000001111 1.2e-2
runproj limit: 0.735
0000010000001000011001101001000101011001001101010100000000100000000000 2.0e-2
runproj limit: 0.735
0010100000101000100001000000100000101010100101010000000110001010100101 1.7e-2
runproj limit: 0.735
0000000000010010001101001101100000000001001101011001000110100000000000 2.0e-2
runproj limit: 0.735
0000010000001001011001100000000101111000000101010100000000010000000000 2.0e-2
runproj limit: 0.735
0010000000111100100100010001000000001000000001010000010100100011001010 3.0e-2
best: 1.7006802721088437e-2
runproj limit: 0.735
0011110000101000100101110100110000101110110101000000001110001010001111 2.0e-2
runproj limit: 0.735
0010000000111000100011100000000001011001100101010000100110000010101100 1.0e-2
runproj limit: 0.735
0001010000111011001101001101111001001010001101010000010110101000001010 2.0e-2
runproj limit: 0.735
0010010000111000000101101001111101110111011101010100001110101000000010 1.0e-2
runproj limit: 0.735
0000010000011010001101001001100100010001001101011100000110100000000000 2.0e-2
runproj limit: 0.735
0010000000011000000001101001100101011001000101010000000100100010000000 1.0e-2
runproj limit: 0.735
1010000000111011000101111110111101101010000101110001100110101000101110 1.0e-2
runproj limit: 0.735
0000001000011010001001001001100100010000101001011100000100100001000000 2.0e-2
runproj limit: 0.735
0010010000000001011100101000000001111000000101110001100010011000000100 0.64
runproj limit: 0.735
1001010000111100100110010001101100000000100111010001111000110010011000 3.0e-2
runproj limit: 0.735
1000011010001010011001001101101100010100110001001101000110001011011010 2.5e-2
runproj limit: 0.735
0011100010100001100100000001001010010000000101011100000001011111010101 3.0e-2
runproj limit: 0.735
0000000000000010001000100000101010111010000111000001001100010101001001 5.0e-2
runproj limit: 0.735
0001000000011000000011100000001101011001001101110100100111000000101000 1.0e-2
runproj limit: 0.735
1000000100010110100011100110011100000000000101100101100111011001101010 1.0e-2
runproj limit: 0.735
0011010000111001000101111100111101101110010101000100111110101000001111 1.2e-2
runproj limit: 0.735
0010100000101000100001000000100000101010100101010000000110001010100101 2.0e-2
runproj limit: 0.735
0010010000101000010001100000000100101010100101010000000010001010100000 2.0e-2
runproj limit: 0.735
0010000000101000000001100001000001011000000101010000000000100010000000 2.0e-2
runproj limit: 0.735
0000010000011010001101001001100100010001001101011100000110100000000000 2.0e-2
best: 1.7006802721088437e-2
runproj limit: 0.735
0010000000011000001101101001100100011001001101010100000100100010000000 2.0e-2
runproj limit: 0.735
0010000000100000000000100000101000111010000111010000000100001111001101 4.0e-2
runproj limit: 0.735
1010000000111000000101101000111101100110010101010000101110101000100110 1.0e-2
runproj limit: 0.735
0010000000011000000001101001100101011001000101010000000110100000000000 1.0e-2
runproj limit: 0.735
0011010000111000100001110000011001001111100101010100101110001010101100 1.0e-2
runproj limit: 0.735
1000000100010010100011100010010001010001100101000101100111001000101110 1.0e-2
runproj limit: 0.735
1000000100010000000011100000001100011000001101110100100111000001101010 1.0e-2
runproj limit: 0.735
0011010100010111100011100110111100000010010101100100111110011001001110 1.0e-2
runproj limit: 0.735
0111000000110110100111101110111101010010000001000100001010101010000110 1.0e-2
runproj limit: 0.735
0110101110000110010101001011100100111001011010111000000011000001000100 2.0e-2
runproj limit: 0.735
0011110000101000000001110000100100101011100110011001010010011010110000 2.0e-2
runproj limit: 0.735
1010110001011000000111100101011110110111010011011100011110011000010100 1.0e-2
runproj limit: 0.735
0000001000111110001000011110100100001000001011111110100100100111000000 4.5e-2
runproj limit: 0.735
0010000000111000100011100000000001011001100101010000100110000010101100 1.0e-2
runproj limit: 0.735
0010010000111000000101101001111101110111011101010100001110101000000010 1.0e-2
runproj limit: 0.735
0010000000011000000001101001100101011001000101010000000100100010000000 1.0e-2
runproj limit: 0.735
1010000000111011000101111110111101101010000101110001100110101000101110 1.0e-2
runproj limit: 0.735
0001000000011000000011100000001101011001001101110100100111000000101000 1.0e-2
runproj limit: 0.735
1000000100010110100011100110011100000000000101100101100111011001101010 1.0e-2
runproj limit: 0.735
0011010000111001000101111100111101101110010101000100111110101000001111 1.2e-2
best: 1.7006802721088437e-2
runproj limit: 0.735
1000000000111011000111101000111101101010001101110001100111100000101010 1.0e-2
runproj limit: 0.735
1010110000111000100001100101011100001111010011010100101110001000101100 1.0e-2
runproj limit: 0.735
0010010000111000100001110000001001011111100101010100101110000010101100 1.0e-2
runproj limit: 0.735
1010101110010110000111001111101100001000001010100100100011011001001100 1.0e-2
runproj limit: 0.735
0010010000111000000101101001111101111011010101010100001110101000000000 1.0e-2
runproj limit: 0.735
0010110100011100000111100110111110100110010011011100011110011000010100 1.0e-2
runproj limit: 0.735
0110111010001010010101101001100100110001011101110000001111001001000010 2.0e-2
runproj limit: 0.735
0010010000111000100101110000111101000111110101010000101110101010101110 1.0e-2
runproj limit: 0.735
1000110100000010100010100100010000110000000101000100000011011101100010 3.0e-2
runproj limit: 0.735
1100000000011000010111100011100101011011010101110000001100100000010010 1.0e-2
runproj limit: 0.735
0000010110111011000101111101111100111111111110111111110000111000101111 1.0e-2
runproj limit: 0.735
0000001100011100001001001010000101011101000110110001010101000001000010 2.0e-2
runproj limit: 0.735
1111000001110111000111101100100101010010010000100100101000101110000100 1.0e-2
runproj limit: 0.735
1010000000111000000101101000111101100110010101010000101110101000100110 1.0e-2
runproj limit: 0.735
0010000000011000000001101001100101011001000101010000000110100000000000 1.0e-2
runproj limit: 0.735
0011010000111000100001110000011001001111100101010100101110001010101100 1.0e-2
runproj limit: 0.735
1000000100010010100011100010010001010001100101000101100111001000101110 1.0e-2
runproj limit: 0.735
1000000100010000000011100000001100011000001101110100100111000001101010 1.0e-2
runproj limit: 0.735
0011010100010111100011100110111100000010010101100100111110011001001110 1.0e-2
runproj limit: 0.735
0111000000110110100111101110111101010010000001000100001010101010000110 1.0e-2
best: 1.7006802721088437e-2
runproj limit: 0.735
0010000100010000000011100001101100111011010101010100000111000000001010 1.0e-2
runproj limit: 0.735
0000010100111010100011100000010101110011110101000100100110001000000000 1.0e-2
runproj limit: 0.735
0011000001010101000011101100100101010011010101100100101010101110000100 1.0e-2
runproj limit: 0.735
1010101000011000100101101101111100001100010011100100101011011000001100 1.0e-2
runproj limit: 0.735
0000000000011000000011101001000101011001001101010000100111100000100000 1.0e-2
runproj limit: 0.735
1110000000110011000111101100101101101010000001100100101000101100100000 1.0e-2
runproj limit: 0.735
0010000000011000000001100001010101001101000101010100100110100010100000 1.0e-2
runproj limit: 0.735
0001010110111111000111110100111100110111110100110110110100111001001111 1.0e-2
runproj limit: 0.735
1010100100010101000000100001000101011011000100100000010110100000110000 3.5e-2
runproj limit: 0.735
1100001000011110010111100001011101011011110000100000001100000000111000 1.0e-2
runproj limit: 0.735
0011010010101000100001110001111101011111110101011101101100001010101100 1.0e-2
runproj limit: 0.735
1111000000011110100011110111101000110000001101000000011010101000001110 1.0e-2
runproj limit: 0.735
1010110000110001111001100010111110010101000001000110010111010000100100 2.0e-2
runproj limit: 0.735
1000000000111011000111101000111101101010001101110001100111100000101010 1.0e-2
runproj limit: 0.735
1010110000111000100001100101011100001111010011010100101110001000101100 1.0e-2
runproj limit: 0.735
0010010000111000100001110000001001011111100101010100101110000010101100 1.0e-2
runproj limit: 0.735
1010101110010110000111001111101100001000001010100100100011011001001100 1.0e-2
runproj limit: 0.735
0010010000111000000101101001111101111011010101010100001110101000000000 1.0e-2
runproj limit: 0.735
0010110100011100000111100110111110100110010011011100011110011000010100 1.0e-2
runproj limit: 0.735
0010010000111000100101110000111101000111110101010000101110101010101110 1.0e-2
best: 1.7006802721088437e-2
runproj limit: 0.735
0001010100110111000111100100100100010111110100100100101010101000000110 1.0e-2
runproj limit: 0.735
0010000000111000000011111000000101011011010101010000101111100000101010 1.0e-2
runproj limit: 0.735
0010000100010000000011100001101100111011010101010100000111000000001010 1.0e-2
runproj limit: 0.735
1011010000111010100001100011101001110001001101010000011110101000001100 1.0e-2
runproj limit: 0.735
1010100000010000000001100001010101011111000101000000011110000000110000 1.0e-2
runproj limit: 0.735
0010010000111000000001101001111101111001010101010100101110101000100000 1.0e-2
runproj limit: 0.735
0000000000011000000011101001000101011001001101010000100111100000100000 1.0e-2
runproj limit: 0.735
1110100000011100100011110111101000110110001001001000011010101000010110 1.0e-2
runproj limit: 0.735
1110110100011110001110000111111011000110111101100111011110111000001101 5.0e-2
runproj limit: 0.735
1110011000011100111011000000011100010011110000100010001001000001101000 2.0e-2
runproj limit: 0.735
0001010010111000000100110110101001011111010001111111100100111100101110 3.0e-2
runproj limit: 0.735
0001100011110000100111100011001010001011011100010000100101110010100010 1.0e-2
runproj limit: 0.735
1000100001011111000111100101011000000011111010100011001101110011111000 1.0e-2
runproj limit: 0.735
0010000100010000000011100001101100111011010101010100000111000000001010 1.0e-2
runproj limit: 0.735
0000010100111010100011100000010101110011110101000100100110001000000000 1.0e-2
runproj limit: 0.735
0011000001010101000011101100100101010011010101100100101010101110000100 1.0e-2
runproj limit: 0.735
1010101000011000100101101101111100001100010011100100101011011000001100 1.0e-2
runproj limit: 0.735
0000000000011000000011101001000101011001001101010000100111100000100000 1.0e-2
runproj limit: 0.735
1110000000110011000111101100101101101010000001100100101000101100100000 1.0e-2
runproj limit: 0.735
0010000000011000000001100001010101001101000101010100100110100010100000 1.0e-2
best: 1.7006802721088437e-2
runproj limit: 0.735
1010100011011000100111100001011000001000010101010100101101010000100000 1.5e-2
runproj limit: 0.735
0010000100011000000011100001110101011101000101010100000111100000001000 1.0e-2
runproj limit: 0.735
1000100000110010100011100000010101111011100101000100011110001000100000 1.0e-2
runproj limit: 0.735
1110000000110001000111101001101101111011000101110100100110101000101010 1.0e-2
runproj limit: 0.735
1110000000011100101011010000010100011011110001110010101001100000101010 2.0e-2
runproj limit: 0.735
0010000100011000000011101001100101111001010101010000000111000000101010 1.0e-2
runproj limit: 0.735
1001000001111000100111100011001001001011001100010000100110101010100100 1.0e-2
runproj limit: 0.735
0010010100111010100001100001010101111101010101000100100110001000000000 1.0e-2
runproj limit: 0.735
0010010101101010110000100001001101010010111111000101100111001001001100 3.0e-2
runproj limit: 0.735
1010000110110011000010101001000101010111011011010100111110100000100000 3.0e-2
runproj limit: 0.735
0011000100110010001111100000011001010001100110000000001110110111000110 2.0e-2
runproj limit: 0.735
0001000001010110010110100100111101000011010000100000101010001110100100 4.0e-2
runproj limit: 0.735
0110100000001001000111110110100000111110011000000011111010101110111011 2.0e-2
runproj limit: 0.735
0001010100110111000111100100100100010111110100100100101010101000000110 1.0e-2
runproj limit: 0.735
0010000000111000000011111000000101011011010101010000101111100000101010 1.0e-2
runproj limit: 0.735
0010000100010000000011100001101100111011010101010100000111000000001010 1.0e-2
runproj limit: 0.735
1011010000111010100001100011101001110001001101010000011110101000001100 1.0e-2
runproj limit: 0.735
1010100000010000000001100001010101011111000101000000011110000000110000 1.0e-2
runproj limit: 0.735
0010010000111000000001101001111101111001010101010100101110101000100000 1.0e-2
runproj limit: 0.735
0000000000011000000011101001000101011001001101010000100111100000100000 1.0e-2
best: 1.7006802721088437e-2
runproj limit: 0.735
0000000000011000000011111001000101011011010101010000101111100000101000 1.0e-2
runproj limit: 0.735
0010100000011001000111101000000101011110001001010011100010101010101011 1.0e-2
runproj limit: 0.735
0110100000010001000001100101000000111110010100000000111110100100110000 1.0e-2
runproj limit: 0.735
0010000100110011000111101101101101111011100100100100101010101000100110 1.0e-2
runproj limit: 0.735
0000110000111010000001101001010101111011100101010100101110101000100000 1.0e-2
runproj limit: 0.735
0010010100011000000011100001111101011101010101010100000110101000101000 1.0e-2
runproj limit: 0.735
1001010100010100000011100101010100010111010100000000011110000000110000 1.0e-2
runproj limit: 0.735
0010000100011000000011100001110101011101000101010100000111100000001000 1.0e-2
runproj limit: 0.735
0010000101010011110011100000101100010000110111001100001110110010100001 1.0e-2
runproj limit: 0.735
0010101100111000011101100001010001010001000000111100101101101010111000 2.0e-2
runproj limit: 0.735
1110011111110010100001010001100110110101100111000001100100000011010010 1.0e-2
runproj limit: 0.735
1001000110001111001111010111100001001011101000110100101010000000000010 2.0e-2
runproj limit: 0.735
0000001000010000110001101110101001010001101101010010101010111100101100 1.0e-2
runproj limit: 0.735
0010000100011000000011100001110101011101000101010100000111100000001000 1.0e-2
runproj limit: 0.735
1000100000110010100011100000010101111011100101000100011110001000100000 1.0e-2
runproj limit: 0.735
1110000000110001000111101001101101111011000101110100100110101000101010 1.0e-2
runproj limit: 0.735
0010000100011000000011101001100101111001010101010000000111000000101010 1.0e-2
runproj limit: 0.735
1001000001111000100111100011001001001011001100010000100110101010100100 1.0e-2
runproj limit: 0.735
0010010100111010100001100001010101111101010101000100100110001000000000 1.0e-2
runproj limit: 0.735
0001010100110111000111100100100100010111110100100100101010101000000110 1.0e-2
best: 1.7006802721088437e-2
runproj limit: 0.735
0000100000111010100001100001010101111011100101010100101110001000100000 1.0e-2
runproj limit: 0.735
0010000100110010000011100001101101111111010101100100100110101000101100 1.0e-2
runproj limit: 0.735
1000000000010001000001100101000100111110010100000000111110100100110000 1.0e-2
runproj limit: 0.735
0010000100110001000111101101101101111001110100000000000010100000101010 1.0e-2
runproj limit: 0.735
0000000001111000100011100001000001001011011101010000101111101000101000 1.0e-2
runproj limit: 0.735
1110011000110010000001110001100110111101100101110001100100101011011010 1.0e-2
runproj limit: 0.735
1000010100110110000011100000010101011111100100000100011110000000100000 1.0e-2
runproj limit: 0.735
0011010100011101000011100100100100010111110101100100101110100000000100 1.0e-2
runproj limit: 0.735
0010101010111000110011100011001001011011011001010010101110111010100100 1.0e-2
runproj limit: 0.735
0111100010100001000001100101001011110110010101101000011110101101110000 2.0e-2
runproj limit: 0.735
1001101000111010110011100000010001010011101101000110011111000000101000 1.0e-2
runproj limit: 0.735
1110001001101011000101001101101001111111010110111100101110101110110010 1.0e-2
runproj limit: 0.735
0010000100100101101111100001100101111010100101101001101010110000101000 2.0e-2
runproj limit: 0.735
0000000000011000000011111001000101011011010101010000101111100000101000 1.0e-2
runproj limit: 0.735
0010100000011001000111101000000101011110001001010011100010101010101011 1.0e-2
runproj limit: 0.735
0110100000010001000001100101000000111110010100000000111110100100110000 1.0e-2
runproj limit: 0.735
0010000100110011000111101101101101111011100100100100101010101000100110 1.0e-2
runproj limit: 0.735
0000110000111010000001101001010101111011100101010100101110101000100000 1.0e-2
runproj limit: 0.735
0010010100011000000011100001111101011101010101010100000110101000101000 1.0e-2
runproj limit: 0.735
1001010100010100000011100101010100010111010100000000011110000000110000 1.0e-2
best: 1.7006802721088437e-2
runproj limit: 0.735
0110001000100011000111001101101101111111100110101100101010101110110010 1.2e-2
runproj limit: 0.735
0000100100111110000011100000000101011110001000000011111010000010100000 1.0e-2
runproj limit: 0.735
0010000100110010000011100001101101111011000100100100100110101000100110 1.0e-2
runproj limit: 0.735
1100110100010000000011100000010101111111110100000100111110100000110000 1.0e-2
runproj limit: 0.735
0000000100010001000111100101001100111010100100000000111110100000110100 1.0e-2
runproj limit: 0.735
0010000100110010000011100001101101111111010101100100100110101000101100 1.0e-2
runproj limit: 0.735
1010111010111000000001100011100101011101010101110010101100101011001010 1.0e-2
runproj limit: 0.735
0010010000111000100011100001111001001001010101010100000111101000101000 1.0e-2
runproj limit: 0.735
1010101000110000101000011000100000111101100101010101110000001001011000 4.5e-2
runproj limit: 0.735
0010001010111000010001100011001001011011010001010010101111011010100110 1.0e-2
runproj limit: 0.735
1000000100111000001011010010100011011111100100100110011010100001101100 2.0e-2
runproj limit: 0.735
1000010000001010000111111000111001011010111001010100000100100010101100 2.0e-2
runproj limit: 0.735
1010010101010001000110000100001101010011011000101100110000100110000100 4.0e-2
runproj limit: 0.735
0000100000111010100001100001010101111011100101010100101110001000100000 1.0e-2
runproj limit: 0.735
0010000100110010000011100001101101111111010101100100100110101000101100 1.0e-2
runproj limit: 0.735
1000000000010001000001100101000100111110010100000000111110100100110000 1.0e-2
runproj limit: 0.735
0010000100110001000111101101101101111001110100000000000010100000101010 1.0e-2
runproj limit: 0.735
0000000001111000100011100001000001001011011101010000101111101000101000 1.0e-2
runproj limit: 0.735
1110011000110010000001110001100110111101100101110001100100101011011010 1.0e-2
runproj limit: 0.735
1000010100110110000011100000010101011111100100000100011110000000100000 1.0e-2
best: 1.7006802721088437e-2
runproj limit: 0.735
1100110000011010000111100000111101111011110001000100001100100010101100 1.0e-2
runproj limit: 0.735
0010000100110010000011100001101101111111000100100100100110101000101110 1.0e-2
runproj limit: 0.735
0010100000110010100001100001001101111011000101100100100110001000100100 1.0e-2
runproj limit: 0.735
0010111010111000010001100011101101011101010001010010101100101011000110 1.0e-2
runproj limit: 0.735
1000000100010010000011100101011101011110100100000100111110000000110100 1.2e-2
runproj limit: 0.735
0000000000111010000011110010110101011111100101010100111110101001100100 1.0e-2
runproj limit: 0.735
0000000100000010000111101001101101111010100000010100000110100010101100 2.0e-2
runproj limit: 0.735
0000000001010000000001100101000000011110010101000000101111101000101000 1.0e-2
runproj limit: 0.735
0001010100110010000010101011111101111111111001100110100010100000101101 3.0e-2
runproj limit: 0.735
1010001101111101010111101011101101101101110100111000100011100001101010 1.0e-2
runproj limit: 0.735
0010100110010001000101100000001100110001100000000010111010110010110100 1.0e-2
runproj limit: 0.735
0000010100101001001101101001011100101100010100000001101011110010100111 2.0e-2
runproj limit: 0.735
0111110010011111100011100110100101111100000001110010101100001010001000 1.0e-2
runproj limit: 0.735
0000100100111110000011100000000101011110001000000011111010000010100000 1.0e-2
runproj limit: 0.735
0010000100110010000011100001101101111011000100100100100110101000100110 1.0e-2
runproj limit: 0.735
1100110100010000000011100000010101111111110100000100111110100000110000 1.0e-2
runproj limit: 0.735
0000000100010001000111100101001100111010100100000000111110100000110100 1.0e-2
runproj limit: 0.735
0010000100110010000011100001101101111111010101100100100110101000101100 1.0e-2
runproj limit: 0.735
1010111010111000000001100011100101011101010101110010101100101011001010 1.0e-2
runproj limit: 0.735
0010010000111000100011100001111001001001010101010100000111101000101000 1.0e-2
best: 1.7006802721088437e-2
done evolving!
"all is well:)"
>>>>>>>>>>>>>>FINISH OPTIMIZATION>>>>>>>>>>>>>>>
714.34user 338.26system 21:22.18elapsed 82%CPU (0avgtext+0avgdata 117564maxresident)k
1094680inputs+1503048outputs (581major+71696197minor)pagefaults 0swaps
