Optimizing /h/ywang30/nofib/shootout/n-body
>>>>>>>>>>>>>>>START OPTIMIZATION>>>>>>>>>>>>>>>
pop: 13
gens: 15
arch: 7
limit is: 2.36
runproj limit: 2.36
"All is well :D"
Basetime is: 2.0e-2
runproj limit: 2.36
0100101010000001010111000001000100000000000010000000001001000000101000000010011000000000000000100000000000000100000000100 2.0e-2
runproj limit: 2.36
0010101010100001010001000001001000000000000000000000000001000001001000000000000000000000000000100000000000100000001000000 2.0e-2
runproj limit: 2.36
0000101010010001011101001000101100000000000011000001000011000000000000000000100000100000000000100001000000100001000100110 2.0e-2
runproj limit: 2.36
0000101010010001011101001011000100001010010000000001000001000110000000001000000000000000000000100001000001000000000000000 2.2e-2
runproj limit: 2.36
0000101010000001010101000001000100000000000000000000000001000000000000000000000000000000000000100000000000000000000000000 2.2e-2
runproj limit: 2.36
0000101010000001010101000001000100000000000000000000000001000000000000000000000000000000000000100000000000000000000000000 2.0e-2
runproj limit: 2.36
1000101010000001010101000010000001010000100000010000000101000100000010100000000000000101000000100000000011000000100000000 2.0e-2
runproj limit: 2.36
0000101010000001010101000001000100000000000000000000000001000000000000000000000000000000000000100000000000000000000000000 2.0e-2
runproj limit: 2.36
0000001010000001010101100001100100000000000000000100000101000000100000100100000000000000000100100000000000010100000100000 2.0e-2
runproj limit: 2.36
0010101010000001010101001001000100110000100000000001000001000000010000000000000000000000010000100000100000000000000000000 2.0e-2
runproj limit: 2.36
0000111010000001110101000001000100001010000000000000000001001011000000000000100000111100000010100000010000001000000000000 2.0e-2
runproj limit: 2.36
0000001010001001010101010001000000000000001000000000000001000000010000001000000000000000000000100000010000100000000000000 2.2e-2
runproj limit: 2.36
0000101010000001010101000001100100000000000001000000000001000011000110000010010000000000000000110000100010001100000000000 2.0e-2
best: 1.0
runproj limit: 2.36
0000101010000001011101000001101100000000000011000001000011000000000000000000000000000000000000100001000000000001000100110 2.2e-2
runproj limit: 2.36
0000101010010001010101001000100000000000000011000001000001000000000010100000000000000101000000100001000001000000000100110 2.0e-2
runproj limit: 2.36
0100101010000001010101000001000100000000000000000000000001000000100000000000011000000000000000100000000000000100000000100 2.0e-2
runproj limit: 2.36
0000101010000001010101000001100100000000000000000100000001000001000000100000010000000000000100110000100000000100000100000 2.2e-2
runproj limit: 2.36
1010101010000001010001000010000000010000100000000000000001000100000000100000000000000101000000100000000011000000000000000 2.0e-2
runproj limit: 2.36
1000001010000001010101100000100001010000000000010100000101000100100010100000000000000000000100100000000001010000100000000 2.2e-2
runproj limit: 2.36
0000101010000001110101000001000100001010000000000000000001000010000000000000000000110000000000100000010000000000000000000 2.0e-2
runproj limit: 2.36
1000101010000001010101100000000101010000100000010100000101000000100010100100000000000100000100100000000010000100000000000 2.0e-2
runproj limit: 2.36
0010101010111101110001011001000000000010000001000100011101101001001010001100010000000011000100101000100010101000011000010 2.0e-2
runproj limit: 2.36
0000111010001000001100100001000001111000000101010100000001010000000000000000000000011010100010000000000100000010000100001 2.0e-2
runproj limit: 2.36
0000011001000111001011000100000100010010000011000000101101100000101000100000011000101010000100000101100100100100000000101 2.0e-2
runproj limit: 2.36
0100111000001001000001100000100110000000000000001101010000000110000000010000001000100100000101100010100000111100000101010 2.0e-2
runproj limit: 2.36
0110111110110001001101001001101100100010000010011110110011000000000000010000100000100001000101011000100001100001001100110 2.0e-2
runproj limit: 2.36
0100101010000001010111000001000100000000000010000000001001000000101000000010011000000000000000100000000000000100000000100 2.0e-2
runproj limit: 2.36
0010101010100001010001000001001000000000000000000000000001000001001000000000000000000000000000100000000000100000001000000 2.0e-2
runproj limit: 2.36
0000101010010001011101001000101100000000000011000001000011000000000000000000100000100000000000100001000000100001000100110 2.0e-2
runproj limit: 2.36
0000101010000001010101000001000100000000000000000000000001000000000000000000000000000000000000100000000000000000000000000 2.0e-2
runproj limit: 2.36
1000101010000001010101000010000001010000100000010000000101000100000010100000000000000101000000100000000011000000100000000 2.0e-2
runproj limit: 2.36
0000001010000001010101100001100100000000000000000100000101000000100000100100000000000000000100100000000000010100000100000 2.2e-2
runproj limit: 2.36
0010101010000001010101001001000100110000100000000001000001000000010000000000000000000000010000100000100000000000000000000 2.0e-2
best: 1.0
runproj limit: 2.36
0010101010000001010101000000000100011000000000000000000001000110000000100000000000000101000000100000000011000000000000000 2.0e-2
runproj limit: 2.36
0100101000000001010101000001100110000000000000001100010000000100100000010000011000000000000001100010100000101100000001000 2.0e-2
runproj limit: 2.36
0000111000000011001001000101000100010010000011000000000001100000101000000000000000001000000100100001100100100100000000000 2.2e-2
runproj limit: 2.36
0010101010000001010001000001001000000000100000000000000001000000000000100000000000000100000000100000000001100000001000000 2.0e-2
runproj limit: 2.36
0100101010000001010111000001000100000000000010000000000001000000101000000000011000000000000000100000000000000100000000100 2.0e-2
runproj limit: 2.36
0000101110110001000101001001101100000000000000011100110001000000000000010000100000100000000101110000100001000001001100000 2.0e-2
runproj limit: 2.36
0010101010110101010001001001001000000010000000000000011101000001001000000000010000000000000100100000000000101000011000010 2.0e-2
runproj limit: 2.36
0000111010001001000001100000000000001000000001001101010000000000000000000000001000010010000010000010100000000000000100011 2.0e-2
runproj limit: 2.36
0000101010000011010000000101001100000001001110011000000101100000000000110101101100000010000000101000011100110110010010100 2.0e-2
runproj limit: 2.36
0101101010010001000101000000000000000010000011100000000001100110111100010110011101000100000000001101000100010100101000010 2.0e-2
runproj limit: 2.36
1101111000011110000011100000111110000011000100101001110111001100101010000000001110111110100100100110101000001101001111010 2.0e-2
runproj limit: 2.36
0111111001010100100011101000100111111010000101001001000010000010000000111000001000010000000101010101101001101000000111001 2.0e-2
runproj limit: 2.36
0011111010111000010000111101111001101110010101000100111111101000001111001010001001000011010100001010010111001001011100110 2.0e-2
runproj limit: 2.36
0000101010010001010101001000100000000000000011000001000001000000000010100000000000000101000000100001000001000000000100110 2.0e-2
runproj limit: 2.36
0100101010000001010101000001000100000000000000000000000001000000100000000000011000000000000000100000000000000100000000100 2.0e-2
runproj limit: 2.36
1010101010000001010001000010000000010000100000000000000001000100000000100000000000000101000000100000000011000000000000000 2.0e-2
runproj limit: 2.36
0000101010000001110101000001000100001010000000000000000001000010000000000000000000110000000000100000010000000000000000000 2.0e-2
runproj limit: 2.36
1000101010000001010101100000000101010000100000010100000101000000100010100100000000000100000100100000000010000100000000000 2.0e-2
runproj limit: 2.36
0010101010111101110001011001000000000010000001000100011101101001001010001100010000000011000100101000100010101000011000010 2.0e-2
runproj limit: 2.36
0000111010001000001100100001000001111000000101010100000001010000000000000000000000011010100010000000000100000010000100001 2.0e-2
best: 1.0
runproj limit: 2.36
0101101010010011000001000101000100000001000011101000000101100000011100110110011100000010000000101000011100010110001010010 2.0e-2
runproj limit: 2.36
0000101010001000010000000001000000101000100001010100000001010000000000100000000000011100100000000000000001000000000100000 2.2e-2
runproj limit: 2.36
0100101010000001010101001001000000000010000000000100001001001000000000000000011000000000000100101000000010000100010000010 2.0e-2
runproj limit: 2.36
0010101010000001110001000001000000000010000000000000000001000010000000000000000000000100000000100000000000000000001000000 2.2e-2
runproj limit: 2.36
0010101010010101000001001000001000000010000000000000010101000111011000000100011001000000000000001101000000100100001000010 2.0e-2
runproj limit: 2.36
0100101010000000000100100001000101000000000100010000000001010000100000000000000000001000000000100000000000000010000000100 2.0e-2
runproj limit: 2.36
1000101010000001010001000011000000010001101000010000000001100100000000110000001100000000000000101000010010010110010000000 2.2e-2
runproj limit: 2.36
1010101010000001010001000000000001010000100000010100000101000000000000100000000000000100000000100000000011000100001000000 2.0e-2
runproj limit: 2.36
0010101010110101010001001011001010000010010000000000011111101000001000010010011111011010011100101110100000101000111000010 2.2e-2
runproj limit: 2.36
0110001010001001010100000001100100111010100100000000000111001110100101100011000000101101001010000011011011000110000011001 2.0e-2
runproj limit: 2.36
0011101011010100110101000000000000001010000111101001101000100111111111000110110111001001000000001111000000110100001100011 2.0e-2
runproj limit: 2.36
1100111100011111000010000110111010001010000101101000110111011101101010000101000010111110110101100111100101000111011111110 2.0e-2
runproj limit: 2.36
0110111000010001110011111100011010101010000101001001000110000000110000111000001100010100100101010100101101011000110111001 2.0e-2
runproj limit: 2.36
0010101010000001010101000000000100011000000000000000000001000110000000100000000000000101000000100000000011000000000000000 2.2e-2
runproj limit: 2.36
0100101000000001010101000001100110000000000000001100010000000100100000010000011000000000000001100010100000101100000001000 2.0e-2
runproj limit: 2.36
0010101010000001010001000001001000000000100000000000000001000000000000100000000000000100000000100000000001100000001000000 2.0e-2
runproj limit: 2.36
0100101010000001010111000001000100000000000010000000000001000000101000000000011000000000000000100000000000000100000000100 2.0e-2
runproj limit: 2.36
0000101110110001000101001001101100000000000000011100110001000000000000010000100000100000000101110000100001000001001100000 2.0e-2
runproj limit: 2.36
0010101010110101010001001001001000000010000000000000011101000001001000000000010000000000000100100000000000101000011000010 2.0e-2
runproj limit: 2.36
0000111010001001000001100000000000001000000001001101010000000000000000000000001000010010000010000010100000000000000100011 2.0e-2
best: 1.0
runproj limit: 2.36
0010101010010001010001001001001000000010000000000000000001000110011000100000000001000000000000000000000000100100001000010 2.2e-2
runproj limit: 2.36
0000111010000101000001000000000000001010000000001101010000000001000000000000010000000000000010000000000000001000001100010 2.2e-2
runproj limit: 2.36
0110101010000001010001000001101100110010100100000000000101000000100001100011000000100101000000100000010001000010001010000 2.0e-2
runproj limit: 2.36
0000101010001001010111100000000100000000000001000001000001000000101000000000011000000010000010000010100000000100000100011 2.2e-2
runproj limit: 2.36
0010101010000101000001001000000001010010100000000100010101000100010000000000000001000100000000100101000011000100001000000 2.0e-2
runproj limit: 2.36
0100101000100001010101001001101000000010000000001000011000000100100000000000011000000000000100100000000000101000001001000 2.0e-2
runproj limit: 2.36
1101111000010011000000000110011100001010000101101000110111101101101110000111001010001010000101100001111101010110001110110 2.0e-2
runproj limit: 2.36
0110001010001001010101000001000100110000000110000000000011001000101001100001001000101101001010000000001000000110000010000 2.0e-2
runproj limit: 2.36
0111100010110101001100000001001110100001100011101000000001010110011100110101011001010110101000101000011110011110111010110 2.0e-2
runproj limit: 2.36
0101101011110100010000001001001000001010000001001100110001011001001100110000010001010100011000101001001010101010011011110 2.0e-2
runproj limit: 2.36
0100001100000001010111110101100110000000000000001101000000000010001100010010011000100101000001000110101001111110100011000 2.0e-2
runproj limit: 2.36
1100101110110001110111000001100000000011000000000010001000001010000000011000010010000110000100100000110000010101100100010 2.0e-2
runproj limit: 2.36
0001101010010011010010100111000110001000001011101011010111110000011100110100010111000011000010001000011010000101011010010 2.0e-2
runproj limit: 2.36
0101101010010011000001000101000100000001000011101000000101100000011100110110011100000010000000101000011100010110001010010 2.0e-2
runproj limit: 2.36
0100101010000001010101001001000000000010000000000100001001001000000000000000011000000000000100101000000010000100010000010 2.0e-2
runproj limit: 2.36
0010101010010101000001001000001000000010000000000000010101000111011000000100011001000000000000001101000000100100001000010 2.0e-2
runproj limit: 2.36
0100101010000000000100100001000101000000000100010000000001010000100000000000000000001000000000100000000000000010000000100 2.0e-2
runproj limit: 2.36
1010101010000001010001000000000001010000100000010100000101000000000000100000000000000100000000100000000011000100001000000 2.0e-2
runproj limit: 2.36
0110001010001001010100000001100100111010100100000000000111001110100101100011000000101101001010000011011011000110000011001 2.0e-2
runproj limit: 2.36
0011101011010100110101000000000000001010000111101001101000100111111111000110110111001001000000001111000000110100001100011 2.0e-2
best: 1.0
runproj limit: 2.36
1101101010110101110001000001000000000011000001001000000000011011001000010000010001000100001100100000000010100100101110110 2.0e-2
runproj limit: 2.36
0010101010000001000101001000000101010010000000000000000001000100010000100000001000000100001000100001001010000100001000000 2.0e-2
runproj limit: 2.36
0110101011000101110101000000000000000010000000100000101001001101010101000000111101001001000100101100000000000100011000010 2.0e-2
runproj limit: 2.36
0110101000000001010101001001100001000000000000000000010100000100100000100000010000000000000000100000000000000100001000000 2.0e-2
runproj limit: 2.36
0100101000100001010101001001101000000010000000001000011000000100100000000000011000000000000100100000000000101000001001000 2.0e-2
runproj limit: 2.36
0110001000100001010101001001100000000010000010000000000010000100101001100001011000000100000010100000000000001010000001000 2.0e-2
runproj limit: 2.36
1101111010000011010101001011000000000010000000100000110001101100100000000010001010000010000100100000110100000110001100010 2.0e-2
runproj limit: 2.36
0100101110100001010101001001101000000011000000000000001000001110100000010000010000000000000100100000110000000000101001000 2.0e-2
runproj limit: 2.36
0100001010000001010001001001100000111010100100100101100101000110100001000111000000001111001010000001010001100000000111000 2.0e-2
runproj limit: 2.36
0111111110110001110101000001001100001011100110000011100100011011010010000000000010000111000100100000110000100001100110011 2.0e-2
runproj limit: 2.36
1011110000111001101100001001101100110101110010111001000011101000000110100001011001110110101000101100100110001010111010110 2.0e-2
runproj limit: 2.36
0111001000000000010101000000001110000000000111000000000000011100111101101011001001101101111100000111001110000100000010000 2.0e-2
runproj limit: 2.36
0110011010000010000101000001001011111000100110010101001011001011101100000111100000001111001011010010001110000011000101000 2.0e-2
runproj limit: 2.36
0110101010000001010001000001101100110010100100000000000101000000100001100011000000100101000000100000010001000010001010000 2.0e-2
runproj l