warning: dubious run time results for wheel-sieve2: [0.36,0.5,0.32,0.32]
warning: dubious GC time results for wheel-sieve2: [0.3,0.43,0.26,0.26]
warning: dubious run time results for wheel-sieve2: [0.36,0.5,0.32,0.32]
warning: dubious GC time results for wheel-sieve2: [0.3,0.43,0.26,0.26]
Optimizing /h/ywang30/nofib/imaginary/wheel-sieve2
>>>>>>>>>>>>>>>START OPTIMIZATION>>>>>>>>>>>>>>>
pop: 13
gens: 15
arch: 7
limit is: 0.318
runproj limit: 0.318
"All is well :D"
Basetime is: 0.26
runproj limit: 0.318
0000000000000000000000000000000000000000000000 0.258
runproj limit: 0.318
0010000000100000000100000000001100000000000000 0.258
runproj limit: 0.318
"timed out"
0000000000010000001000001001101000000000000011 0.52
runproj limit: 0.318
"timed out"
0000000000010000001000001010000000001010010000 0.52
runproj limit: 0.318
0000000000000000000000000000000000000000000000 0.275
runproj limit: 0.318
"timed out"
0010000010010000000000010000100000000000000000 0.52
runproj limit: 0.318
1000000000000000000000000011000101010000100000 0.262
runproj limit: 0.318
"timed out"
0100000000001100000000100000000000000000000000 0.52
runproj limit: 0.318
0000100000000000000000100000100000000000000000 0.27
runproj limit: 0.318
0000000000000000000000000000000000000000000000 0.258
runproj limit: 0.318
"timed out"
0000010000000000100000000000000000001010000000 0.52
runproj limit: 0.318
"timed out"
0000100000001000000000010000000100000000001000 0.52
runproj limit: 0.318
0000000000000000000000000000000000000000000000 0.258
best: 0.9923076923076923
runproj limit: 0.318
"timed out"
0000000000000000001000000000101000000000000011 0.52
runproj limit: 0.318
0010000000100000000000000000000100000000000000 0.25
runproj limit: 0.318
0000000000000000000000000000000000000000000000 0.267
runproj limit: 0.318
0000000000000000000000000000000000000000000000 0.262
runproj limit: 0.318
1010000000000000000100000011000100010000100000 0.267
runproj limit: 0.318
1000000000000000000000000001000101010000000000 0.248
runproj limit: 0.318
0010000000000000000000000000001100000000000000 0.262
runproj limit: 0.318
1000000000000000000000100001000001010000100000 0.267
runproj limit: 0.318
"timed out"
0010000000111100100100011000000100000010000001 0.52
runproj limit: 0.318
"timed out"
0000010000001001011001100000000101111000000101 0.52
runproj limit: 0.318
"timed out"
0100110011000110011100000101000000010010000001 0.52
runproj limit: 0.318
"timed out"
0110010000011000010100110001000010000000000000 0.52
runproj limit: 0.318
"timed out"
0110010100110000011000001000101000100010000010 0.52
runproj limit: 0.318
0000000000000000000000000000000000000000000000 0.26
runproj limit: 0.318
0010000000100000000100000000001100000000000000 0.245
runproj limit: 0.318
1000000000000000000000000011000101010000100000 0.258
runproj limit: 0.318
0000100000000000000000100000100000000000000000 0.262
runproj limit: 0.318
"timed out"
0000000000010000001000001001101000000000000011 0.52
runproj limit: 0.318
"timed out"
0000000000010000001000001010000000001010010000 0.52
runproj limit: 0.318
"timed out"
0010000010010000000000010000100000000000000000 0.52
best: 0.9423076923076923
runproj limit: 0.318
0010000000000000000000000001000100010000000000 0.258
runproj limit: 0.318
0100000000010000000000000000000010000000000000 0.272
runproj limit: 0.318
0000100000000000000000000000000001010000000000 0.265
runproj limit: 0.318
0010000000100000000100000000001100000000000000 0.242
runproj limit: 0.318
1000000000000000000000000001000000010000100000 0.26
runproj limit: 0.318
0000000000000000000000000011000000000000000000 0.258
runproj limit: 0.318
"timed out"
0010000000110100000100001000001100000010000000 0.52
runproj limit: 0.318
"timed out"
0010000000001000010000000000000100001000000001 0.52
runproj limit: 0.318
0000100000000010000101100100101000000001001110 0.258
runproj limit: 0.318
"timed out"
0001000000010000010010000001000100000010000001 0.52
runproj limit: 0.318
"timed out"
1011000000010111000010000000010100000011000100 0.52
runproj limit: 0.318
"timed out"
0101010001000101110110111001000011111010000101 0.52
runproj limit: 0.318
"timed out"
0001010000000101100001100100111001101100010100 0.52
runproj limit: 0.318
0010000000100000000100000000001100000000000000 0.255
runproj limit: 0.318
1000000000000000000000000001000101010000000000 0.252
runproj limit: 0.318
0010000000100000000000000000000100000000000000 0.258
runproj limit: 0.318
1000000000000000000000000011000101010000100000 0.252
runproj limit: 0.318
0000000000000000000000000000000000000000000000 0.262
runproj limit: 0.318
0010000000000000000000000000001100000000000000 0.252
runproj limit: 0.318
0000100000000000000000100000100000000000000000 0.26
best: 0.9307692307692307
runproj limit: 0.318
1000000000000010000100000100100001010001000010 0.267
runproj limit: 0.318
0000000000100000000100000000100000000000000000 0.258
runproj limit: 0.318
0000000000000000000000000000001101010000000000 0.272
runproj limit: 0.318
0010000000000000000100000001000100010000100000 0.258
runproj limit: 0.318
1010000000000100000100001011001100010000100000 0.272
runproj limit: 0.318
1000000000000000000000000001000100010000000000 0.26
runproj limit: 0.318
0000100000000000000000000000000100000001001000 0.248
runproj limit: 0.318
0010000000100000000100000001000100010000000000 0.25
runproj limit: 0.318
0000000000000000000000000010000010000000010000 0.265
runproj limit: 0.318
"timed out"
0110100000001000000001000000100100110010100100 0.52
runproj limit: 0.318
"timed out"
0110100001000101110000000000000001011000000100 0.52
runproj limit: 0.318
"timed out"
0001100100000001000001000110100100001001000001 0.52
runproj limit: 0.318
"timed out"
0100010000000000100110101101111110101010000101 0.52
runproj limit: 0.318
0010000000100000000100000000001100000000000000 0.275
runproj limit: 0.318
1000000000000000000000000001000101010000000000 0.262
runproj limit: 0.318
1000000000000000000000000011000101010000100000 0.255
runproj limit: 0.318
0010000000000000000000000000001100000000000000 0.27
runproj limit: 0.318
0010000000000000000000000001000100010000000000 0.258
runproj limit: 0.318
0000000000000000000000000011000000000000000000 0.267
runproj limit: 0.318
0000100000000010000101100100101000000001001110 0.312
best: 0.9538461538461538
runproj limit: 0.318
1010000000000000000000001011001100010000100000 0.282
runproj limit: 0.318
0000100000000000000000000000000100000001011000 0.24
runproj limit: 0.318
1010000000000000000000000000000101000000100000 0.262
runproj limit: 0.318
0010000000000000000100000000000100000000100000 0.265
runproj limit: 0.318
0000000000000000000000000010000110000000011000 0.275
runproj limit: 0.318
0000100000000000000000000000000101000000001000 0.245
runproj limit: 0.318
1010000000000000000100001011001100010000000000 0.27
runproj limit: 0.318
0000000000000000000100000000000000000000100000 0.258
runproj limit: 0.318
"timed out"
0000001000100110001001000101001110110000000000 0.52
runproj limit: 0.318
"timed out"
0111100001000001000001000000000100001001001001 0.52
runproj limit: 0.318
1000100100000000000010110101000101010000000000 0.255
runproj limit: 0.318
1000000100110000100010001010100010000001010000 0.245
runproj limit: 0.318
"timed out"
1100000000000010010111100110100011011000001010 0.52
runproj limit: 0.318
0000100000000000000000000000000100000001001000 0.252
runproj limit: 0.318
0010000000100000000100000001000100010000000000 0.252
runproj limit: 0.318
1000000000000000000000000011000101010000100000 0.24
runproj limit: 0.318
0000000000100000000100000000100000000000000000 0.252
runproj limit: 0.318
0010000000000000000100000001000100010000100000 0.28
runproj limit: 0.318
0010000000000000000000000001000100010000000000 0.252
runproj limit: 0.318
1000000000000000000000000001000100010000000000 0.25
best: 0.923076923076923
runproj limit: 0.318
1010000000110000100100001010000000000001000000 0.25
runproj limit: 0.318
0000100000100000000100000000000000000001010000 0.275
runproj limit: 0.318
1000000000100000000000000001000100010000000000 0.26
runproj limit: 0.318
0010100000100000000000000000000100000000001000 0.3
runproj limit: 0.318
0000100000000000000000000000000101000000001000 0.255
runproj limit: 0.318
0000000000000000000100000000000100000000000000 0.25
runproj limit: 0.318
1010000000100000000100000011000100010000000000 0.25
runproj limit: 0.318
0000100100000000000000000000000101000001011000 0.248
runproj limiwarning: dubious GC time results for wheel-sieve2: [0.34,0.26,0.23,0.24]
warning: dubious GC time results for wheel-sieve2: [0.34,0.26,0.23,0.24]
warning: dubious run time results for wheel-sieve2: [0.34,0.32,0.48,0.39000002]
warning: dubious GC time results for wheel-sieve2: [0.28,0.26,0.42,0.33]
warning: dubious run time results for wheel-sieve2: [0.34,0.32,0.48,0.39000002]
warning: dubious GC time results for wheel-sieve2: [0.28,0.26,0.42,0.33]
warning: dubious run time results for wheel-sieve2: [0.45000002,0.3,0.29,0.27]
warning: dubious GC time results for wheel-sieve2: [0.4,0.25,0.24,0.23]
warning: dubious run time results for wheel-sieve2: [0.45000002,0.3,0.29,0.27]
warning: dubious GC time results for wheel-sieve2: [0.4,0.25,0.24,0.23]
t: 0.318
"timed out"
0000000000001000000101001001000000010000000000 0.52
runproj limit: 0.318
"timed out"
0011010100110000100000001010001110001001110110 0.52
runproj limit: 0.318
"timed out"
1100110010001100100000001000100111010100011001 0.52
runproj limit: 0.318
"timed out"
1001000110111001100010001011101000110001010001 0.52
runproj limit: 0.318
"timed out"
0010010000001011010001000001101011010010000010 0.52
runproj limit: 0.318
0000100000000000000000000000000100000001011000 0.245
runproj limit: 0.318
1000000000000000000000000011000101010000100000 0.252
runproj limit: 0.318
0000100000000000000000000000000101000000001000 0.27
runproj limit: 0.318
1000000100110000100010001010100010000001010000 0.258
runproj limit: 0.318
1000000000000000000000000001000100010000000000 0.25
runproj limit: 0.318
0000100000000000000000000000000100000001001000 0.248
runproj limit: 0.318
0010000000100000000100000001000100010000000000 0.24
best: 0.923076923076923
runproj limit: 0.318
0000000000000000000000000000000101000000001000 0.262
runproj limit: 0.318
"timed out"
1000000100101000010011001000101011010001000010 0.52
runproj limit: 0.318
1010000000100000000000000001000100010000000000 0.248
runproj limit: 0.318
0010000000100000000100000001000100010000000000 0.25
runproj limit: 0.318
0000100000010000000000000000000101000000000000 0.252
runproj limit: 0.318
0000100000000000000000000000000101000000001000 0.262
runproj limit: 0.318
0010100000100000000000000001000100000000001000 0.262
runproj limit: 0.318
0000100100000000000000000000000101000001001000 0.248
runproj limit: 0.318
"timed out"
1111010000111110000110001101000000100100011100 0.52
runproj limit: 0.318
"timed out"
0110011110011100011000000010000101101000011111 0.52
runproj limit: 0.318
"timed out"
1001100000000000010000010001100100010001000011 0.52
runproj limit: 0.318
"timed out"
1000000001000000000110001100100011000001011110 0.52
runproj limit: 0.318
0000100100100100000001010111000101011001111010 0.272
runproj limit: 0.318
0010000000100000000100000001000100010000000000 0.245
runproj limit: 0.318
0000100000000000000000000000000100000001011000 0.262
runproj limit: 0.318
0000100100000000000000000000000101000001011000 0.248
runproj limit: 0.318
0000100000000000000000000000000100000001001000 0.277
runproj limit: 0.318
1010000000110000100100001010000000000001000000 0.25
runproj limit: 0.318
0000000000000000000100000000000100000000000000 0.27
runproj limit: 0.318
1010000000100000000100000011000100010000000000 0.248
best: 0.9423076923076923
runproj limit: 0.318
0010000000010000000000000010000100000001000000 0.248
runproj limit: 0.318
0000100000010000000000000000000101000001001000 0.278
runproj limit: 0.318
0000100000110000000100000000000100010000000000 0.272
runproj limit: 0.318
"timed out"
0010001010000000000000000010000101001000001111 0.52
runproj limit: 0.318
0010000000000000000000000000000100000001010000 0.282
runproj limit: 0.318
0000100100000000000000000000000100000001001000 0.268
runproj limit: 0.318
"timed out"
0100001010010000011000000000000101000000011000 0.52
runproj limit: 0.318
0010100000000000000000000001000101010000000000 0.267
runproj limit: 0.318
"timed out"
0000010000010000000001000110000100100001101000 0.52
runproj limit: 0.318
"timed out"
1100000000100000010010001011000100010010010000 0.52
runproj limit: 0.318
"timed out"
1010110010000000000000000011000100010100110011 0.52
runproj limit: 0.318
"timed out"
0000001100100100001100100010100100010100000011 0.52
runproj limit: 0.318
"timed out"
0001100001000001110000010011111100010001010010 0.52
runproj limit: 0.318
0010000000100000000100000001000100010000000000 0.242
runproj limit: 0.318
1010000000100000000000000001000100010000000000 0.252
runproj limit: 0.318
0000100100000000000000000000000101000001001000 0.322
runproj limit: 0.318
0000100100000000000000000000000101000001011000 0.248
runproj limit: 0.318
1010000000100000000100000011000100010000000000 0.255
runproj limit: 0.318
1010000000110000100100001010000000000001000000 0.255
runproj limit: 0.318
0000100000010000000000000000000101000000000000 0.25
best: 0.9307692307692307
runproj limit: 0.318
0000100000100000000100000000000100010001011000 0.24
runproj limit: 0.318
0000100100010000000000000000000101000001001000 0.25
runproj limit: 0.318
1000100000100000000000000000000100010000010000 0.235
runproj limit: 0.318
0010100000010000000000000010000101000001000000 0.252
runproj limit: 0.318
1010000000000000000000000001000100010000000000 0.255
runproj limit: 0.318
"timed out"
0000000000000001010000000010110100000001000010 0.52
runproj limit: 0.318
1000000000100000000000000001000100000001001000 0.238
runproj limit: 0.318
"timed out"
1010010010010000000000001010000100010100100001 0.52
runproj limit: 0.318
"timed out"
0010100100101101000001001001100100010010000001 0.52
runproj limit: 0.318
"timed out"
1100001000100110010010001001111100010010110101 0.52
runproj limit: 0.318
"timed out"
0001100010100000000100000001110000010000010000 0.52
runproj limit: 0.318
"timed out"
1000100000111000000100011001010000100010001100 0.52
runproj limit: 0.318
"timed out"
0000100000011001011000000111100111011010010010 0.52
runproj limit: 0.318
0010000000100000000100000001000100010000000000 0.235
runproj limit: 0.318
0010000000010000000000000010000100000001000000 0.245
runproj limit: 0.318
0000100100000000000000000000000101000001011000 0.245
runproj limit: 0.318
0000100000010000000000000000000101000000000000 0.252
runproj limit: 0.318
1010000000100000000000000001000100010000000000 0.248
runproj limit: 0.318
1010000000100000000100000011000100010000000000 0.252
runproj limit: 0.318
1010000000110000100100001010000000000001000000 0.262
best: 0.9038461538461537
runproj limit: 0.318
"timed out"
1010010000000000000000001000000100010100100001 0.52
runproj limit: 0.318
0000100000010000000000000000000101010001001000 0.258
runproj limit: 0.318
0000100000100000000100000000000100010001011000 0.25
runproj limit: 0.318
0000000000100000000000000000000100000000011000 0.245
runproj limit: 0.318
"timed out"
0010100000111000000000001011100100010010000000 0.52
runproj limit: 0.318
0010000000010000000000000001000100000001001000 0.255
runproj limit: 0.318
1000000000000000000100000000000100010001011000 0.242
runproj limit: 0.318
0010000000100000000100000001000100010000000000 0.258
runproj limit: 0.318
"timed out"
0110000000100010001101100010000001110000101110 0.52
runproj limit: 0.318
"timed out"
1110011000100100111110101000111101011010110101 0.52
runproj limit: 0.318
"timed out"
0011100010110000100001000110100100010000110100 0.52
runproj limit: 0.318
"timed out"
0001000111111000100100001010001010010011011001 0.52
runproj limit: 0.318
"timed out"
0100001101000001010000000100000000011001010010 0.52
runproj limit: 0.318
1000100000100000000000000000000100010000010000 0.262
runproj limit: 0.318
0010000000100000000100000001000100010000000000 0.258
runproj limit: 0.318
1000000000100000000000000001000100000001001000 0.25
runproj limit: 0.318
0000100000100000000100000000000100010001011000 0.232
runproj limit: 0.318
0010000000010000000000000010000100000001000000 0.26
runproj limit: 0.318
0000100100000000000000000000000101000001011000 0.248
runproj limit: 0.318
1010000000100000000000000001000100010000000000 0.28
best: 0.8923076923076924
runproj limit: 0.318
0000100000110000000000000001000100000001011000 0.238
runproj limit: 0.318
0000100000100000000100000001000100010000000000 0.25
runproj limit: 0.318
"timed out"
0010100010110000000100000011100100010000010000 0.52
runproj limit: 0.318
0000100100000000000000000000000101010000011000 0.24
runproj limit: 0.318
"timed out"
1110100000110100101000101000110101010001101100 0.52
runproj limit: 0.318
0010000000010000000000000001000100000001001000 0.242
runproj limit: 0.318
0000000000100000000100000000000100010000011000 0.24
runproj limit: 0.318
0010000000100000000100000001000100010000000000 0.255
runproj limit: 0.318
"timed out"
0000000001000000010011000000011100100000000010 0.52
runproj limit: 0.318
"timed out"
0010000110101011000101000000000100011111001110 0.52
runproj limit: 0.318
"timed out"
1000000000000101001000001100111001warning: dubious run time results for wheel-sieve2: [0.41,0.29,0.3,0.29]
warning: dubious GC time results for wheel-sieve2: [0.35,0.24,0.25,0.24]
warning: dubious run time results for wheel-sieve2: [0.41,0.29,0.3,0.29]
warning: dubious GC time results for wheel-sieve2: [0.35,0.24,0.25,0.24]
warning: dubious run time results for wheel-sieve2: [0.34,0.43,0.3,0.31]
warning: dubious GC time results for wheel-sieve2: [0.29,0.37,0.25,0.26]
warning: dubious run time results for wheel-sieve2: [0.34,0.43,0.3,0.31]
warning: dubious GC time results for wheel-sieve2: [0.29,0.37,0.25,0.26]
010010110011 0.52
runproj limit: 0.318
"timed out"
1010000000100011010101001001011100010001001101 0.52
runproj limit: 0.318
"timed out"
1010000000110101100000000000001100011000010001 0.52
runproj limit: 0.318
0000100000100000000100000000000100010001011000 0.238
runproj limit: 0.318
1000000000000000000100000000000100010001011000 0.24
runproj limit: 0.318
0000000000100000000000000000000100000000011000 0.24
runproj limit: 0.318
0000100100000000000000000000000101000001011000 0.238
runproj limit: 0.318
1000000000100000000000000001000100000001001000 0.238
runproj limit: 0.318
0010000000010000000000000001000100000001001000 0.235
runproj limit: 0.318
0000100000010000000000000000000101010001001000 0.258
best: 0.9038461538461537
runproj limit: 0.318
0000000000110000000000000001000100010001011000 0.258
runproj limit: 0.318
"timed out"
0010000000010101000000000000001101010000001000 0.52
runproj limit: 0.318
"timed out"
0000000000100000010000000001011100100000001010 0.52
runproj limit: 0.318
0000100000000000000000000000000101010001011000 0.245
runproj limit: 0.318
0000100000010000000000000001000100000001001000 0.252
runproj limit: 0.318
0000100000100000000000000001000100010001000000 0.245
runproj limit: 0.318
1000100000100000000000000001000100010001011000 0.228
runproj limit: 0.318
0000100000100000000000000001000101010000010000 0.248
runproj limit: 0.318
"timed out"
0000100001100011110100000001000100111010111010 0.52
runproj limit: 0.318
"timed out"
0010111100010000011100001001101000101001011101 0.52
runproj limit: 0.318
"timed out"
1110001011011000000000110001110111001001111010 0.52
runproj limit: 0.318
"timed out"
1000110010011000001100110011000001001101000100 0.52
runproj limit: 0.318
"timed out"
0000101000011000110010000111101001011001101000 0.52
runproj limit: 0.318
0010000000010000000000000001000100000001001000 0.24
runproj limit: 0.318
0000100000110000000000000001000100000001011000 0.265
runproj limit: 0.318
0000100000100000000100000000000100010001011000 0.25
runproj limit: 0.318
0000100100000000000000000000000101000001011000 0.255
runproj limit: 0.318
1000000000100000000000000001000100000001001000 0.248
runproj limit: 0.318
0000100100000000000000000000000101010000011000 0.27
runproj limit: 0.318
0000000000100000000100000000000100010000011000 0.248
best: 0.8769230769230769
runproj limit: 0.318
0000100000010000000000000001000100000001001000 0.26
runproj limit: 0.318
0000100000000000000000000000000100010001000000 0.268
runproj limit: 0.318
"timed out"
1000110000111000001100000001000101011001001000 0.52
runproj limit: 0.318
0000100000000000000000000000000101010001011000 0.255
runproj limit: 0.318
0000000000100000000000000001000100000001011000 0.27
runproj limit: 0.318
"timed out"
1010001000101000000000010001100111000001111000 0.52
runproj limit: 0.318
0000100000110000000000000001000100000001011000 0.245
runproj limit: 0.318
0010000000000000000000000000000100010001011000 0.255
runproj limit: 0.318
"timed out"
0011101011100000010100000001000100010001011101 0.52
runproj limit: 0.318
"timed out"
0001000010010000010000000001010111101000001011 0.52
runproj limit: 0.318
"timed out"
0001101000111000010000000001000000101001010000 0.52
runproj limit: 0.318
"timed out"
0000101001111010000110100100000000010101001011 0.52
runproj limit: 0.318
"timed out"
0000100000010110101000001100001101010000011001 0.52
runproj limit: 0.318
1000100000100000000000000001000100010001011000 0.325
runproj limit: 0.318
0010000000010000000000000001000100000001001000 0.252
runproj limit: 0.318
0000100000000000000000000000000101010001011000 0.25
runproj limit: 0.318
0000100000100000000000000001000100010001000000 0.252
runproj limit: 0.318
0000100000100000000000000001000101010000010000 0.245
runproj limit: 0.318
1000000000100000000000000001000100000001001000 0.258
runproj limit: 0.318
0000000000100000000100000000000100010000011000 0.245
best: 0.9423076923076923
runproj limit: 0.318
0000000000100000000000000001000100010001000000 0.252
runproj limit: 0.318
0000000000110000000000000001000100000001001000 0.262
runproj limit: 0.318
0000100000000000000000000001000100010001000000 0.267
runproj limit: 0.318
0000100000010000000000000001000100010001011000 0.242
runproj limit: 0.318
"timed out"
0000100000000110101000001100000101010000000000 0.52
runproj limit: 0.318
0000100000000000000000000000000100010001000000 0.268
runproj limit: 0.318
1000100000100000000000000001100101010001011000 0.248
runproj limit: 0.318
0000000000100000000000000001000100000001001000 0.258
runproj limit: 0.318
"timed out"
1110111000101010101001111000100001000001111000 0.52
runproj limit: 0.318
"timed out"
0011001011100000110110000001000100010001010101 0.52
runproj limit: 0.318
"timed out"
0000110000111110001000110011110010000001011000 0.52
runproj limit: 0.318
"timed out"
1010000100110010000000011001000000010111110100 0.52
runproj limit: 0.318
"timed out"
1000110001000010000001101000100100111001111100 0.52
runproj limit: 0.318
0000100000110000000000000001000100000001011000 0.242
runproj limit: 0.318
0000100000100000000000000001000101010000010000 0.258
runproj limit: 0.318
0000000000100000000100000000000100010000011000 0.248
runproj limit: 0.318
0000100000000000000000000000000101010001011000 0.248
runproj limit: 0.318
0010000000010000000000000001000100000001001000 0.252
runproj limit: 0.318
0000100000100000000000000001000100010001000000 0.252
runproj limit: 0.318
0010000000000000000000000000000100010001011000 0.272
best: 0.9307692307692307
runproj limit: 0.318
"timed out"
0000100100110010000000000001000100010111111100 0.52
runproj limit: 0.318
0000100000000000000000000001000100010001000000 0.292
runproj limit: 0.318
0000100000110000000100000001000100010000011000 0.27
runproj limit: 0.318
0000100000000000000000000000000100010001010000 0.272
runproj limit: 0.318
0000100000100000000000000001000101010001001000 0.258
runproj limit: 0.318
"timed out"
0100100000101000100001011000100101000001011000 0.52
runproj limit: 0.318
"timed out"
1010000100110010000000011001000000010111110100 0.52
runproj limit: 0.318
0000000000110000000000000001000100010000001000 0.248
runproj limit: 0.318
"timed out"
0011110000000000000001001010010100010001101100 0.52
runproj limit: 0.318
"timed out"
1000101001001100010000000110000101000101011000 0.52
runproj limit: 0.318
"timed out"
1100011010101010101011111101100001001010111100 0.52
runproj limit: 0.318
"timed out"
0010110000011000001010000100110100000100111000 0.52
runproj limit: 0.318
"timed out"
0101101000000111100010000100100101110000001100 0.52
runproj limit: 0.318
0000100000010000000000000001000100010001011000 0.252
runproj limit: 0.318
0000100000110000000000000001000100000001011000 0.258
runproj limit: 0.318
1000100000100000000000000001100101010001011000 0.24
runproj limit: 0.318
0000000000100000000100000000000100010000011000 0.242
runproj limit: 0.318
0000100000000000000000000000000101010001011000 0.245
runproj limit: 0.318
0000000000100000000000000001000100010001000000 0.26
runproj limit: 0.318
0010000000010000000000000001000100000001001000 0.258
best: 0.923076923076923
done evolving!
"all is well:)"
>>>>>>>>>>>>>>FINISH OPTIMIZATION>>>>>>>>>>>>>>>
993.86user 432.38system 43:55.59elapsed 54%CPU (0avgtext+0avgdata 435928maxresident)k
1135096inputs+1474872outputs (464major+81982654minor)pagefaults 0swaps
