batik.trace.short.opt.short.hstiming.log
("mutator_wall_seconds", "73.835")
("GC_wall_seconds", "8.728")
fop.trace.short.opt.short.hstiming.log
("mutator_wall_seconds", "75.268")
("GC_wall_seconds", "11.514")
jython.trace.short.opt.short.hstiming.log
("mutator_wall_seconds", "72.942")
("GC_wall_seconds", "5.408")
luindex.trace.short.opt.short.hstiming.log
("mutator_wall_seconds", "73.465")
("GC_wall_seconds", "12.443")
lusearch.trace.short.opt.short.hstiming.log
("mutator_wall_seconds", "81.983")
("GC_wall_seconds", "12.379")
opttiming.log
pmd.trace.short.opt.short.hstiming.log
("mutator_wall_seconds", "79.796")
("GC_wall_seconds", "13.923")
specjbb.trace.short.opt.short.hstiming.log
("mutator_wall_seconds", "69.545")
("GC_wall_seconds", "4.426")
temp.trace.short.opt.short.hstiming.log
("mutator_wall_seconds", "74.554")
("GC_wall_seconds", "4.709")
tomcat.trace.short.opt.short.hstiming.log
("mutator_wall_seconds", "78.055")
("GC_wall_seconds", "6.935")
tradebeans.trace.short.opt.short.hstiming.log
("mutator_wall_seconds", "68.787")
("GC_wall_seconds", "4.081")
tradesoap.trace.short.opt.short.hstiming.log
("mutator_wall_seconds", "64.813")
("GC_wall_seconds", "4.409")
