Optimizing /h/ywang30/nofib/shootout/binary-trees
>>>>>>>>>>>>>>>START OPTIMIZATION>>>>>>>>>>>>>>>
pop: 13
gens: 15
arch: 7
limit is: 1.4
runproj limit: 1.4
"All is well :D"
Basetime is: 9.56526896e8
runproj limit: 1.4
01000000010000000000100000000000101000000000100000 9.565266e8
runproj limit: 1.4
00000000010000000000000000000000101000000000000000 9.56526896e8
runproj limit: 1.4
00000000010100000010000010011010101000000000110000 9.43944792e8
runproj limit: 1.4
00000000010000000000000000000000101000000000000000 9.56526896e8
runproj limit: 1.4
00000000010000000000000001000110101000001001000001 9.43944792e8
runproj limit: 1.4
00100000110100000000000100001000101000000000000010 9.53730808e8
runproj limit: 1.4
10000000010000000000000000110001111100001000000100 9.49536856e8
runproj limit: 1.4
01000000010011000000001000000000101000000000001000 9.5652688e8
runproj limit: 1.4
00001000010000000000001000001000101000000000000001 9.5373092e8
runproj limit: 1.4
00100000010000000000000010000000100100001000000000 9.56526848e8
runproj limit: 1.4
00000100010000001000000000000000101010100000000000 9.56526904e8
runproj limit: 1.4
00000000010000000000000000000000101000000000000000 9.56526896e8
runproj limit: 1.4
00000000010000000000000000001000101000000000010000 9.53730864e8
best: 0.9868460530983334
runproj limit: 1.4
00000000010000000010000000001110101000001000110001 9.43944792e8
runproj limit: 1.4
00000000010100000000000010011001101000000000110000 9.46740824e8
runproj limit: 1.4
00100000110100000000000100001000101000000000000010 9.53730808e8
runproj limit: 1.4
00000000010000000000000010001010101000000000010000 9.43944792e8
runproj limit: 1.4
10000000010000000000000000110001111100001000000100 9.49536856e8
runproj limit: 1.4
10000000010000000000000000011001111100000000000100 9.46740824e8
runproj limit: 1.4
00000000010000000000000000000000101000000000000000 9.56526896e8
runproj limit: 1.4
10000000010000000000000000010000111100001000000101 9.49536856e8
runproj limit: 1.4
00000000010011001010000100011000101000100000100001 9.46740824e8
runproj limit: 1.4
00000100010010010110011001000111110110001000010100 9.43944352e8
runproj limit: 1.4
01001100100001100111000000010110101100101001010001 9.43943976e8
runproj limit: 1.4
01100100010110000101001100010000001000000000000001 9.49536064e8
runproj limit: 1.4
01100101011100000110000010001010100000100000100111 9.43944672e8
runproj limit: 1.4
00000000010100000010000010011010101000000000110000 9.43944792e8
runproj limit: 1.4
00000000010000000000000001000110101000001001000001 9.43944792e8
runproj limit: 1.4
10000000010000000000000000110001111100001000000100 9.49536856e8
runproj limit: 1.4
00100000110100000000000100001000101000000000000010 9.53730808e8
runproj limit: 1.4
00000000010000000000000000001000101000000000010000 9.53730864e8
runproj limit: 1.4
00001000010000000000001000001000101000000000000001 9.5373092e8
runproj limit: 1.4
01000000010000000000100000000000101000000000100000 9.565266e8
best: 0.9868452000120235
runproj limit: 1.4
01100100011010000010000100001010101000100000100101 9.43944672e8
runproj limit: 1.4
01000000010100000010000010011010101000100000100011 9.4394472e8
runproj limit: 1.4
00000100110100100111000100000000101100101000010001 9.56526168e8
runproj limit: 1.4
00000000100001000111000010010110101100000000010001 9.43944048e8
runproj limit: 1.4
10000000010000000000000000010000101100001000110100 9.49536856e8
runproj limit: 1.4
00000001011100000100000010111010101000000000000111 9.43944744e8
runproj limit: 1.4
00000100010001000111000000011110101000101001010001 9.43944128e8
runproj limit: 1.4
00100100010010000101001101010111101010000000010001 9.43944072e8
runproj limit: 1.4
00100000110100100001010101001010101000010011100100 9.43944064e8
runproj limit: 1.4
01110101011000000010100010011011100000000000111111 9.43944384e8
runproj limit: 1.4
11110100010011110101101100010110001000110001001000 9.43943712e8
runproj limit: 1.4
01010100000001011101101110010000010110100001010000 9.49535792e8
runproj limit: 1.4
00010100010101011010011011010100110011000101110000 9.4674028e8
runproj limit: 1.4
01001100100001100111000000010110101100101001010001 9.43943976e8
runproj limit: 1.4
00000100010010010110011001000111110110001000010100 9.43944352e8
runproj limit: 1.4
01100101011100000110000010001010100000100000100111 9.43944672e8
runproj limit: 1.4
00000000010000000010000000001110101000001000110001 9.43944792e8
runproj limit: 1.4
00000000010000000000000010001010101000000000010000 9.43944792e8
runproj limit: 1.4
00000000010100000010000010011010101000000000110000 9.43944792e8
runproj limit: 1.4
00000000010000000000000001000110101000001001000001 9.43944792e8
best: 0.9868449240135115
runproj limit: 1.4
00000000010000110101011001001010110100010000110100 9.4394412e8
runproj limit: 1.4
00000000000001000111000001000110101100000000000001 9.43944104e8
runproj limit: 1.4
00000100010010010110011000000110111100100000110101 9.43944352e8
runproj limit: 1.4
01001100100001000111000000010110101100101000010001 9.43943976e8
runproj limit: 1.4
01110100011011010011101100011011001000010001001010 9.43943712e8
runproj limit: 1.4
00000001011100000101000101011010101000000010100110 9.43944072e8
runproj limit: 1.4
01100100010100000100000000001010101000110010100111 9.43944672e8
runproj limit: 1.4
01000000010011000011000010000010101000100000010101 9.43944048e8
runproj limit: 1.4
00000100010001000111000000111110001000101101010001 9.43944128e8
runproj limit: 1.4
01101100010000000101011101001111100010101001010001 9.43944e8
runproj limit: 1.4
00010101001001011110100010011011100010000001111101 9.43944456e8
runproj limit: 1.4
11100101010011100101110101110111001010100001011000 9.43943776e8
runproj limit: 1.4
00110100000011010001001000011000111110000000010001 9.4674004e8
runproj limit: 1.4
11110100010011110101101100010110001000110001001000 9.43943712e8
runproj limit: 1.4
01001100100001100111000000010110101100101001010001 9.43943976e8
runproj limit: 1.4
00000000100001000111000010010110101100000000010001 9.43944048e8
runproj limit: 1.4
00100000110100100001010101001010101000010011100100 9.43944064e8
runproj limit: 1.4
00100100010010000101001101010111101010000000010001 9.43944072e8
runproj limit: 1.4
00000100010001000111000000011110101000101001010001 9.43944128e8
runproj limit: 1.4
00000100010010010110011001000111110110001000010100 9.43944352e8
best: 0.9868449240135115
runproj limit: 1.4
01110000101011010111100000010010001000000000011000 9.43943728e8
runproj limit: 1.4
00000100010001000111000000011110101000101101010001 9.43944128e8
runproj limit: 1.4
11110100010011110101101100010110001000110001001000 9.43943712e8
runproj limit: 1.4
00001100010010010111011001000110111100001000010001 9.43944128e8
runproj limit: 1.4
01110000010011000011100000011010001000010001001001 9.43943712e8
runproj limit: 1.4
01100100010001010011001100011110101000110001010011 9.43944e8
runproj limit: 1.4
01101100010001100111000000010010101100011001011011 9.43944e8
runproj limit: 1.4
01101100110000000111001100000111100000101001010001 9.43943992e8
runproj limit: 1.4
01101110101000100100010001010100000100100000010001 9.46740232e8
runproj limit: 1.4
01110100000001010111010000011110101010101001000010 9.43943936e8
runproj limit: 1.4
01000101100001100111101101010110101100101001010001 9.43943736e8
runproj limit: 1.4
10000101011101001111100010110110001000111101010000 9.43943848e8
runproj limit: 1.4
00101100010000000001100101101111000000111011010001 9.43943848e8
runproj limit: 1.4
01110100011011010011101100011011001000010001001010 9.43943712e8
runproj limit: 1.4
11110100010011110101101100010110001000110001001000 9.43943712e8
runproj limit: 1.4
11100101010011100101110101110111001010100001011000 9.43943776e8
runproj limit: 1.4
01001100100001000111000000010110101100101000010001 9.43943976e8
runproj limit: 1.4
01001100100001100111000000010110101100101001010001 9.43943976e8
runproj limit: 1.4
01101100010000000101011101001111100010101001010001 9.43944e8
runproj limit: 1.4
01000000010011000011000010000010101000100000010101 9.43944048e8
best: 0.9868449240135115
runproj limit: 1.4
11110100010111001111101110110110001000111001000000 9.43943712e8
runproj limit: 1.4
01000000100011000011100000011010001000011001000001 9.43943752e8
runproj limit: 1.4
01011100100011110111000000010110101100111001000001 9.43943952e8
runproj limit: 1.4
01101100110001100101101000010110001100101001010001 9.43943768e8
runproj limit: 1.4
01001000010011100011000000010010001000000001001001 9.43944048e8
runproj limit: 1.4
01101100010001010111001100011110101000110001010001 9.43944e8
runproj limit: 1.4
01100100010011110101001100010110101000111001001001 9.43944e8
runproj limit: 1.4
01100101010001000011001100011110101000111101010000 9.43944e8
runproj limit: 1.4
01100101100011100110111111010111101100101001011000 9.4394396e8
runproj limit: 1.4
00110001011101001111000010111101001010110100110000 9.43944008e8
runproj limit: 1.4
10100000110010011011001110010110001101110101000111 9.43944064e8
runproj limit: 1.4
10010101111111011111100010100100100100111101000000 9.53729856e8
runproj limit: 1.4
01101000110010110011011100001100010000001001110100 9.43943992e8
runproj limit: 1.4
11110100010011110101101100010110001000110001001000 9.43943712e8
runproj limit: 1.4
01110000010011000011100000011010001000010001001001 9.43943712e8
runproj limit: 1.4
01110100011011010011101100011011001000010001001010 9.43943712e8
runproj limit: 1.4
01110000101011010111100000010010001000000000011000 9.43943728e8
runproj limit: 1.4
01000101100001100111101101010110101100101001010001 9.43943736e8
runproj limit: 1.4
11100101010011100101110101110111001010100001011000 9.43943776e8
runproj limit: 1.4
10000101011101001111100010110110001000111101010000 9.43943848e8
best: 0.9868449240135115
runproj limit: 1.4
01110000001011010011000000010010001000000001001001 9.43943936e8
runproj limit: 1.4
01101000111010010011111000010100010000001000111000 9.467398e8
runproj limit: 1.4
01101100110011100101001000010110101000111001010001 9.43943992e8
runproj limit: 1.4
10000101011101001111100010110110001000111101010000 9.43943848e8
runproj limit: 1.4
01110100011011010011101100011011001000010001001010 9.43943712e8
runproj limit: 1.4
01110000010011000011101100011011001000010001001001 9.43943712e8
runproj limit: 1.4
01110000010011001111100010111110001000010001000001 9.43943712e8
runproj limit: 1.4
01110100010011010011101000011011001000010001001011 9.43943712e8
runproj limit: 1.4
10100000010100100111001111000110000001101110000100 9.43944072e8
runproj limit: 1.4
00100111110100100101000000110010000010000100110000 9.43944048e8
runproj limit: 1.4
01011101100001100011101001011110101100111001100011 9.43943712e8
runproj limit: 1.4
11001000111011000011000011010010111000011010100011 9.43943992e8
runproj limit: 1.4
01101000111011110011001001111100010110000001011100 9.43943992e8
runproj limit: 1.4
11110100010111001111101110110110001000111001000000 9.43943712e8
runproj limit: 1.4
11110100010011110101101100010110001000110001001000 9.43943712e8
runproj limit: 1.4
01110000010011000011100000011010001000010001001001 9.43943712e8
runproj limit: 1.4
01110100011011010011101100011011001000010001001010 9.43943712e8
runproj limit: 1.4
01110000101011010111100000010010001000000000011000 9.43943728e8
runproj limit: 1.4
01000101100001100111101101010110101100101001010001 9.43943736e8
runproj limit: 1.4
01000000100011000011100000011010001000011001000001 9.43943752e8
best: 0.9868449240135115
runproj limit: 1.4
01110100011011010111101000111011001000010001000000 9.43943712e8
runproj limit: 1.4
01110100011011010011101000011011001000010001001010 9.43943712e8
runproj limit: 1.4
01110100010011010111101100110110001000011001000000 9.43943712e8
runproj limit: 1.4
01110010110011100111100000110010001010010000110001 9.43943712e8
runproj limit: 1.4
11010100110001110101101101010110001000111001000000 9.43943728e8
runproj limit: 1.4
01110100010011001011101010011111001000010001000001 9.43943712e8
runproj limit: 1.4
00110110110111100101001000010010001000000001000000 9.43944008e8
runproj limit: 1.4
01111100010011100011101001011011101000111001101011 9.43943712e8
runproj limit: 1.4
01111100010111000011111101111011010000001001001001 9.43943712e8
runproj limit: 1.4
10010000101011010010000010110010001000100100010000 9.43944696e8
runproj limit: 1.4
11010001111011010011101100101011011101001111111001 9.43943712e8
runproj limit: 1.4
10100110011100001101101010001110001001111101101000 9.43943848e8
runproj limit: 1.4
11011101110001111011101001111000101100111101111011 9.46739744e8
runproj limit: 1.4
01110100011011010011101100011011001000010001001010 9.43943712e8
runproj limit: 1.4
01110000010011000011101100011011001000010001001001 9.43943712e8
runproj limit: 1.4
01110000010011001111100010111110001000010001000001 9.43943712e8
runproj limit: 1.4
01110100010011010011101000011011001000010001001011 9.43943712e8
runproj limit: 1.4
01011101100001100011101001011110101100111001100011 9.43943712e8
runproj limit: 1.4
11110100010111001111101110110110001000111001000000 9.43943712e8
runproj limit: 1.4
11110100010011110101101100010110001000110001001000 9.43943712e8
best: 0.9868449240135115
runproj limit: 1.4
01110101110001010011101001011111101100011001001011 9.43943712e8
runproj limit: 1.4
01110100011011010011101000011011001000010001001010 9.43943712e8
runproj limit: 1.4
01110100010011010011101100011011001000010001001011 9.43943712e8
runproj limit: 1.4
01110010010011000111101000010010001010010000000010 9.43943712e8
runproj limit: 1.4
01010100010011100011101001011110001000111001101011 9.43943728e8
runproj limit: 1.4
01010100111001110011101001111010101000110001101001 9.43943728e8
runproj limit: 1.4
01110000010011000011111100111011001000000001001001 9.43943712e8
runproj limit: 1.4
11010000111111000011101110111111011101001001011000 9.43943728e8
runproj limit: 1.4
11111001010000010011111110010011001000110001010101 9.43943712e8
runproj limit: 1.4
11010011111010110011101100000101011101000110101101 9.5372984e8
runproj limit: 1.4
01100100110111010111101100101011001000011101000010 9.43943768e8
runproj limit: 1.4
01110100011001110100101010000011010000010010001001 9.43944384e8
runproj limit: 1.4
01110100011001000101101001100011101110110101101110 9.43943712e8
runproj limit: 1.4
01110100011011010111101000111011001000010001000000 9.43943712e8
runproj limit: 1.4
01110100011011010011101000011011001000010001001010 9.43943712e8
runproj limit: 1.4
01110100010011010111101100110110001000011001000000 9.43943712e8
runproj limit: 1.4
01110010110011100111100000110010001010010000110001 9.43943712e8
runproj limit: 1.4
01110100010011001011101010011111001000010001000001 9.43943712e8
runproj limit: 1.4
01111100010011100011101001011011101000111001101011 9.43943712e8
runproj limit: 1.4
01111100010111000011111101111011010000001001001001 9.43943712e8
best: 0.9868449240135115
runproj limit: 1.4
01010000011011010011101110011011011001011001011010 9.43943728e8
runproj limit: 1.4
01111100010111000011101101110011110110000001001101 9.43943712e8
runproj limit: 1.4
01110101110001010001101001111011101100111101001111 9.43943712e8
runproj limit: 1.4
01110100010011000111101000111110001000011001000000 9.43943712e8
runproj limit: 1.4
01111000010001010011101110010011001000110001001101 9.43943712e8
runproj limit: 1.4
01110100010011000011111010111011001000000001000001 9.43943712e8
runproj limit: 1.4
01110101110011110011101001011110001000011001001011 9.43943712e8
runproj limit: 1.4
01111100011011100111101000111011001000110001001010 9.43943712e8
runproj limit: 1.4
10111100010011000001110001001010110000110010000101 9.43943784e8
runproj limit: 1.4
01000000110111111100100100111011011010011101000010 9.4394444e8
runproj limit: 1.4
11110000111011001010111111001010011101000000010000 9.43943952e8
runproj limit: 1.4
01101100100001011010101010111000111100110101011010 9.46740456e8
runproj limit: 1.4
00111110000011000011101101110111011110011011100000 9.43943784e8
runproj limit: 1.4
01110101110001010011101001011111101100011001001011 9.43943712e8
runproj limit: 1.4
01110100011011010011101000011011001000010001001010 9.43943712e8
runproj limit: 1.4
01110100010011010011101100011011001000010001001011 9.43943712e8
runproj limit: 1.4
01110010010011000111101000010010001010010000000010 9.43943712e8
runproj limit: 1.4
01110000010011000011111100111011001000000001001001 9.43943712e8
runproj limit: 1.4
11111001010000010011111110010011001000110001010101 9.43943712e8
runproj limit: 1.4
01110100011001000101101001100011101110110101101110 9.43943712e8
best: 0.9868449240135115
runproj limit: 1.4
01110100010011000011101010011011001010010001000000 9.43943712e8
runproj limit: 1.4
01110101010001010101101001001011101110110101101111 9.43943712e8
runproj limit: 1.4
01111000011001010011101110010011001000010001001110 9.43943712e8
runproj limit: 1.4
11111101110000010011111011010011001100011001010011 9.43943712e8
runproj limit: 1.4
01001100110111111001100101111011011110001001000100 9.43943768e8
runproj limit: 1.4
01110001010011000011101000011011101100001001001011 9.43943712e8
runproj limit: 1.4
01110000010011000111101000010110001010010000000010 9.43943712e8
runproj limit: 1.4
01110100011001010101101000001011101010110001101010 9.43943712e8
runproj limit: 1.4
01010100001111010111011000001101000000000011101010 9.43943952e8
runproj limit: 1.4
11010100011001000011111001011110001011111100101010 9.43943728e8
runproj limit: 1.4
01110100011010000001101111010100001000111101110011 9.46739744e8
runproj limit: 1.4
01010100010011100110111110011101001100010000011010 9.43943952e8
runproj limit: 1.4
11111100011110111110101000101001001010110101011000 9.53730512e8
runproj limit: 1.4
01111100010111000011101101110011110110000001001101 9.43943712e8
runproj limit: 1.4
01110101110001010001101001111011101100111101001111 9.43943712e8
runproj limit: 1.4
01110100010011000111101000111110001000011001000000 9.43943712e8
runproj limit: 1.4
01111000010001010011101110010011001000110001001101 9.43943712e8
runproj limit: 1.4
01110100010011000011111010111011001000000001000001 9.43943712e8
runproj limit: 1.4
01110101110011110011101001011110001000011001001011 9.43943712e8
runproj limit: 1.4
01111100011011100111101000111011001000110001001010 9.43943712e8
best: 0.9868449240135115
runproj limit: 1.4
01110101111001000101101000111011001100110101001010 9.43943712e8
runproj limit: 1.4
01111100011010110110101000101001001000110001001010 9.53730512e8
runproj limit: 1.4
01110100010011010111111010111101000000000001101011 9.43943712e8
runproj limit: 1.4
01111100110100010011111011010011001100000001001101 9.43943728e8
runproj limit: 1.4
01111100111011010011101101010110001000010001001011 9.43943728e8
runproj limit: 1.4
01110101110001110001101001001011101100110001101011 9.43943712e8
runproj limit: 1.4
01111100010011000011101101111011010110000001000101 9.43943712e8
runproj limit: 1.4
01110101010001010101101001001011101110110101101111 9.43943712e8
runproj limit: 1.4
01110100000011111011101000101110000010100001100110 9.43943712e8
runproj limit: 1.4
01111010110011110100101011010101000010011100010001 9.46740416e8
runproj limit: 1.4
10110110101011010101100100000111011000111101001011 9.43943784e8
runproj limit: 1.4
11111000111001000001100001000010100001000110001001 9.43943728e8
runproj limit: 1.4
01111110011001101011001001000000001010111001001010 9.56526096e8
runproj limit: 1.4
01110100010011000011101010011011001010010001000000 9.43943712e8
runproj limit: 1.4
01110101010001010101101001001011101110110101101111 9.43943712e8
runproj limit: 1.4
01111000011001010011101110010011001000010001001110 9.43943712e8
runproj limit: 1.4
11111101110000010011111011010011001100011001010011 9.43943712e8
runproj limit: 1.4
01110001010011000011101000011011101100001001001011 9.43943712e8
runproj limit: 1.4
01110000010011000111101000010110001010010000000010 9.43943712e8
runproj limit: 1.4
01110100011001010101101000001011101010110001101010 9.43943712e8
best: 0.9868449240135115
runproj limit: 1.4
01110100010011110111101001001111100010110001100111 9.43943712e8
runproj limit: 1.4
11110000111001010001101001000011100000000000001011 9.43943728e8
runproj limit: 1.4
01111100010011010011101111111101000100000001001011 9.43943712e8
runproj limit: 1.4
11110101110000010011111011011011001110010001000111 9.43943712e8
runproj limit: 1.4
01110001110011000111101000111011101100111101001010 9.43943712e8
runproj limit: 1.4
11110110011011010011101100000011011000111101001111 9.43943712e8
runproj limit: 1.4
01111100010001000111101101101011100110000101001111 9.43943712e8
runproj limit: 1.4
01110100010011010101101010001011101010110001001000 9.43943712e8
runproj limit: 1.4
11001011100011000110101000011011101000001100011011 9.43944408e8
runproj limit: 1.4
01100100111111010111111010111111110010000001110001 9.43943768e8
runproj limit: 1.4
01100111010011010001101001001010100100110111101111 9.43943776e8
runproj limit: 1.4
01111010001111110011000111010010001001010101111100 9.43943936e8
runproj limit: 1.4
01111100110001111001111000010001001100010001011110 9.49535792e8
runproj limit: 1.4
01110101111001000101101000111011001100110101001010 9.43943712e8
runproj limit: 1.4
01110100010011010111111010111101000000000001101011 9.43943712e8
runproj limit: 1.4
01110101110001110001101001001011101100110001101011 9.43943712e8
runproj limit: 1.4
01111100010011000011101101111011010110000001000101 9.43943712e8
runproj limit: 1.4
01110101010001010101101001001011101110110101101111 9.43943712e8
runproj limit: 1.4
01110100000011111011101000101110000010100001100110 9.43943712e8
runproj limit: 1.4
01110100010011000011101010011011001010010001000000 9.43943712e8
best: 0.9868449240135115
runproj limit: 1.4
01110100010011000011101100111011000110000001100110 9.43943712e8
runproj limit: 1.4
01110100010011000111101000101111000000000001101111 9.43943712e8
runproj limit: 1.4
01111100011011010001101001011011110000000001001111 9.43943712e8
runproj limit: 1.4
01110100010001100011101101001011101110000001001011 9.43943712e8
runproj limit: 1.4
01111100010011000011101111111011000110000001001111 9.43943712e8
runproj limit: 1.4
11110100011011010001101101000011010000111000001011 9.43943712e8
runproj limit: 1.4
11110100111001110001101001000011101100110001001111 9.43943728e8
runproj limit: 1.4
01110101000011010111101000111111100100111001101010 9.43943712e8
runproj limit: 1.4
10111010011011111001110110010010111000111101000110 9.43943784e8
runproj limit: 1.4
01110010001111111011100111010010001001010111111100 9.43943712e8
runproj limit: 1.4
01111000010010100101100001000110000110000101000111 9.43943712e8
runproj limit: 1.4
11010101000111011010101110111111000011011010100110 9.43944384e8
runproj limit: 1.4
11111000001011100011110111100011011100001110000111 9.43943712e8
runproj limit: 1.4
01110100010011110111101001001111100010110001100111 9.43943712e8
runproj limit: 1.4
01111100010011010011101111111101000100000001001011 9.43943712e8
runproj limit: 1.4
11110101110000010011111011011011001110010001000111 9.43943712e8
runproj limit: 1.4
01110001110011000111101000111011101100111101001010 9.43943712e8
runproj limit: 1.4
11110110011011010011101100000011011000111101001111 9.43943712e8
runproj limit: 1.4
01111100010001000111101101101011100110000101001111 9.43943712e8
runproj limit: 1.4
01110100010011010101101010001011101010110001001000 9.43943712e8
best: 0.9868449240135115
runproj limit: 1.4
01110110011011101001111101000011101100101101001010 9.43943712e8
runproj limit: 1.4
11110100011011010001101001001011110000001000001011 9.43943712e8
runproj limit: 1.4
01110100010011010001101001001011100000100001001111 9.43943712e8
runproj limit: 1.4
01110110000101111011101101011011001110000011001111 9.43943712e8
runproj limit: 1.4
01110100010011010111101100011011001110100001001100 9.43943712e8
runproj limit: 1.4
01111100010010100111101001000111100110010101000111 9.43943712e8
runproj limit: 1.4
01111110010011111011101110010011110110111001001110 9.43943712e8
runproj limit: 1.4
11110101110000010011101011001011001100011101001111 9.43943712e8
runproj limit: 1.4
11000000011011010001111111100111010000110011001011 9.43943824e8
runproj limit: 1.4
11110011100000000011101001011011101001111101000100 9.43943712e8
runproj limit: 1.4
01010100110011000011001110101011000100110000001111 9.43943952e8
runproj limit: 1.4
01010101110101000101001001110111111001100101001010 9.43943936e8
runproj limit: 1.4
10100110011010111111001001111111001000010100101111 9.43944072e8
runproj limit: 1.4
01110100010011000011101100111011000110000001100110 9.43943712e8
runproj limit: 1.4
01110100010011000111101000101111000000000001101111 9.43943712e8
runproj limit: 1.4
01111100011011010001101001011011110000000001001111 9.43943712e8
runproj limit: 1.4
01110100010001100011101101001011101110000001001011 9.43943712e8
runproj limit: 1.4
01111100010011000011101111111011000110000001001111 9.43943712e8
runproj limit: 1.4
11110100011011010001101101000011010000111000001011 9.43943712e8
runproj limit: 1.4
01110101000011010111101000111111100100111001101010 9.43943712e8
best: 0.9868449240135115
done evolving!
"all is well:)"
>>>>>>>>>>>>>>FINISH OPTIMIZATION>>>>>>>>>>>>>>>
866.10user 358.22system 22:09.90elapsed 92%CPU (0avgtext+0avgdata 135576maxresident)k
1155616inputs+1533120outputs (590major+65960837minor)pagefaults 0swaps
