Optimizing /h/ywang30/nofib/spectral/eliza
>>>>>>>>>>>>>>>START OPTIMIZATION>>>>>>>>>>>>>>>
pop: 13
gens: 15
arch: 7
limit is: 0.0
runproj limit: 0.0
"All is well :D"
Basetime is: 697800.0
runproj limit: 0.0
01000000000000000000100000000000000000000000100000000010000000001010000000100110000000000000000000000000000001000000001001000000000000000 697728.0
runproj limit: 0.0
00100000001000000001000000000011000000000000000000000000000000010010000000000000000000000000000000000000001000000010000001000000000000010 697800.0
runproj limit: 0.0
00000000000000000000000000000000000000000000000000000000000000000000000000000000000000000000000000000000000000000000000000000000000000000 697800.0
runproj limit: 0.0
00000000000100000010000010100000000010100100000000010000000001100000000010000000000000000000000000010000010000000000000001000100000000000 769528.0
runproj limit: 0.0
00000000000000000000000000000000000000000000000000000000000000000000000000000000000000000000000000000000000000000000000000000000000000000 697800.0
runproj limit: 0.0
00000000000000000000000000000000000000000000000000000000000000000000000000000000000000000000000000000000000000000000000000000000000000000 697800.0
runproj limit: 0.0
00000000000000000000000000000000000000000000000000000000000000000000000000000000000000000000000000000000000000000000000000000000000000000 697800.0
runproj limit: 0.0
00000000000000000000000000000000000000000000000000000000000000000000000000000000000000000000000000000000000000000000000000000000000000000 697800.0
runproj limit: 0.0
00001000000000000000001000001000000000000000000001000001000000001000001001000000000000000001000000000000000101000001000000000000000000000 697656.0
runproj limit: 0.0
00100000000000000000000010000000001100001000000000010000000000000100000000000000000000000100000000001000000000000000000000100000000000110 761256.0
runproj limit: 0.0
00000100000000001000000000000000000010100000000000000000000010110000000000001000001111000000100000000100000010000000000000100010000010000 673320.0
runproj limit: 0.0
00001000000010000000000100000001000000000010000000000000000000000100000010000000000000000000000000000100001000000000000000100000000000000 716072.0
runproj limit: 0.0
00000000000000000000000000001000000000000000010000000000000000110001100000100100000000000000000100001000100011000000000000000100000010000 699864.0
best: 0.9649183147033534
runproj limit: 0.0
00000100000000000000000000000000000010000000000000000000000000100000000000000000000101000000000000000100000000000000000000000010000010000 672856.0
runproj limit: 0.0
00000000000000000000000000000000000000000000000000000000000000000000000000000000000000000000000000000000000000000000000000000000000000000 697800.0
runproj limit: 0.0
01000000000000000000000000000000000000000000000000000000000000001000000000000110000000000000000000000000000001000000001001000000000000000 697728.0
runproj limit: 0.0
00000000000000000000000000000000000000000000000001000000000000000000001000000000000000000001000000000000000000000001000000000000000000000 697800.0
runproj limit: 0.0
00100000000000000001000000000000000000000000000000000000000000000000000000000000000000000000000000000000000000000000000001000000000000000 697800.0
runproj limit: 0.0
00001000000000000000001000001000000000000000000001000001000000001000001000000000000000000001000000000000000100000000000000000000000000000 697656.0
runproj limit: 0.0
00000000000000001000000000000000000010100000000000000000000000100000000000000000001100000001000000000100000101000000000000000000000010000 672920.0
runproj limit: 0.0
00001000000000000000001000001000000000000000000001000001000000001000001001000000000000000001000000000000000101000001000000000000000000000 697656.0
runproj limit: 0.0
00100000001111001001000110000001000000100000010001000111001010010010100011000100000000110001000010001000101010000110000101101000001000010 700816.0
runproj limit: 0.0
00000100000010010110011000000001011110000001010101000000000100000000000000000000000110101000101000000001000000100001000010010100000100000 693000.0
runproj limit: 0.0
00001100110001100111100001010000000100100000110000001011001000001010001000000110001010100001001001011001001001000000001011100010001000110 697800.0
runproj limit: 0.0
01000100100010000101001000011000100000000000000011010100010001100000000100000010001001000001010000101000001111000001010100000000000000110 796936.0
runproj limit: 0.0
01100001001000001100000000010000001010000000010111111100000010110000000100001000001111010001111110011100010010000010000001101010000010000 789448.0
runproj limit: 0.0
00000100000000001000000000000000000010100000000000000000000010110000000000001000001111000000100000000100000010000000000000100010000010000 673320.0
runproj limit: 0.0
00001000000000000000001000001000000000000000000001000001000000001000001001000000000000000001000000000000000101000001000000000000000000000 697656.0
runproj limit: 0.0
01000000000000000000100000000000000000000000100000000010000000001010000000100110000000000000000000000000000001000000001001000000000000000 697728.0
runproj limit: 0.0
00100000001000000001000000000011000000000000000000000000000000010010000000000000000000000000000000000000001000000010000001000000000000010 697800.0
runproj limit: 0.0
00000000000000000000000000000000000000000000000000000000000000000000000000000000000000000000000000000000000000000000000000000000000000000 697800.0
runproj limit: 0.0
00000000000000000000000000001000000000000000010000000000000000110001100000100100000000000000000100001000100011000000000000000100000010000 699864.0
runproj limit: 0.0
00001000000010000000000100000001000000000010000000000000000000000100000010000000000000000000000000000100001000000000000000100000000000000 716072.0
best: 0.9642533677271424
runproj limit: 0.0
00100000000000000000000000000000000010000000000000000000000000100000000000000000000000000001000000000000000101000000000001000000000010000 672584.0
runproj limit: 0.0
01000100000000001000000000000000000010000000010011001100000010110000000100001000001111010000110110011100000010000010000000100010000010000 673368.0
runproj limit: 0.0
00000000000000000000001000001011000000000000000001000000000000011000000000000000000000000001000000000000000100000010000001000000000000000 697656.0
runproj limit: 0.0
00000000000000000000001000001000000000000000000001000000000000001000000001000000000000000001000000000000000001000001000000000000000000000 697656.0
runproj limit: 0.0
01000100000000000000000000000000000010000000000000000000000000101000000000001110000110000000000000000000000000000000000001100010000000000 673016.0
runproj limit: 0.0
01000000000000000000100000000000000000000000100001000010000000000010001000000000000000000001000000000000000001000001001000000000000000000 697800.0
runproj limit: 0.0
00000100000001000111100001010000000000100000100000001011000000101010001000000110001011000001001001000100000001000000001010100010000000110 697936.0
runproj limit: 0.0
00000000000010000100000000000001000010100000010000000000000000000000000000000000000100100000101000000100000000000001000010010000000110000 673416.0
runproj limit: 0.0
00100000001000100000010001000001000000010011100110000001001000010010001101011011000000100000000010000111000101100110101001100011010100010 723992.0
runproj limit: 0.0
00010100000100001100100000010001000010000000011000000010001011010101000101001001011110000000101011010101000110001010001100000010011000000 669544.0
runproj limit: 0.0
10010000000101111000100000000110000010010001001001001001110010001010100100000001101010101001010001000110001001010010100000000100000010001 672160.0
runproj limit: 0.0
01110100110101011101101010011000111110100001010010010000110000100000001110000010000100000001011101011010011010000001110010000001100010010 774408.0
runproj limit: 0.0
00010000000001010000011001001110011001100101000000001000100010100001010001101110011111000100101000101001011010010001001000100010010010001 669040.0
runproj limit: 0.0
00000100000000000000000000000000000010000000000000000000000000100000000000000000000101000000000000000100000000000000000000000010000010000 672856.0
runproj limit: 0.0
00000000000000001000000000000000000010100000000000000000000000100000000000000000001100000001000000000100000101000000000000000000000010000 672920.0
runproj limit: 0.0
00000100000000001000000000000000000010100000000000000000000010110000000000001000001111000000100000000100000010000000000000100010000010000 673320.0
runproj limit: 0.0
00000100000010010110011000000001011110000001010101000000000100000000000000000000000110101000101000000001000000100001000010010100000100000 693000.0
runproj limit: 0.0
00001000000000000000001000001000000000000000000001000001000000001000001000000000000000000001000000000000000100000000000000000000000000000 697656.0
runproj limit: 0.0
00001000000000000000001000001000000000000000000001000001000000001000001001000000000000000001000000000000000101000001000000000000000000000 697656.0
runproj limit: 0.0
01000000000000000000000000000000000000000000000000000000000000001000000000000110000000000000000000000000000001000000001001000000000000000 697728.0
best: 0.9587847520779593
runproj limit: 0.0
00010000000100001100000000000000000010000000011000000010000000110101000101001000000010000000000000000001000110000010001101000010011010000 667592.0
runproj limit: 0.0
01000000000000000000001000000000000000000000000000000000000000001000000001000000000000000000000000000000000001000000000000000000000000000 697656.0
runproj limit: 0.0
00000000000000001000000000000000000010000000000000000000000000100000000000000000001000000001000000000100000101000000000000000000000010000 672584.0
runproj limit: 0.0
00000100000000000000000000000001000000000000000000000000000000101000000000000000000000000001000000000000000000000010000000000010000000000 697656.0
runproj limit: 0.0
00010100000101011100100000010011000010010001001001001011010011001110000101001001111010000000011011010100001010000010101000000100010000001 666472.0
runproj limit: 0.0
00000000000000001000000000000000000010000000000000000000000000100000000000000110001100000000000000000000000101000000000000000000000000000 672648.0
runproj limit: 0.0
00000100000000001010000000010000000010100000000000000000000010101000001000001110001011000000100001000100000011000000000000100010000000000 673032.0
runproj limit: 0.0
00000100000000000000000000000000000010000000000000000000000000101000000000000100000000000000000000000000000001000000000001100010000010000 672440.0
runproj limit: 0.0
00001000000000000000001000101000100000000100000001000001101010011000001100100011110110100111000011101000000100001000000001000011100001010 706152.0
runproj limit: 0.0
01101000000010000000010000011000001010101001000000000001100010101001010000110000001010000011101000110110000100100000110011010000000010000 651096.0
runproj limit: 0.0
01110100010101010000100000010001000000000001011010011000011011000101110001000011111101010000101011110100001110000011001110100001011010110 788072.0
runproj limit: 0.0
10000001000101101000111001100111000000000001011001011001110110011010100101010010101010101101000001010101011011110110101000000101000001001 797520.0
runproj limit: 0.0
00010000010011010000000101001110010110100000010000000001000000101100000000000001000101101000101000010101001100001101000010000111001111100 668552.0
runproj limit: 0.0
00010000000001010000011001001110011001100101000000001000100010100001010001101110011111000100101000101001011010010001001000100010010010001 669040.0
runproj limit: 0.0
00010100000100001100100000010001000010000000011000000010001011010101000101001001011110000000101011010101000110001010001100000010011000000 669544.0
runproj limit: 0.0
10010000000101111000100000000110000010010001001001001001110010001010100100000001101010101001010001000110001001010010100000000100000010001 672160.0
runproj limit: 0.0
00100000000000000000000000000000000010000000000000000000000000100000000000000000000000000001000000000000000101000000000001000000000010000 672584.0
runproj limit: 0.0
00000100000000000000000000000000000010000000000000000000000000100000000000000000000101000000000000000100000000000000000000000010000010000 672856.0
runproj limit: 0.0
00000000000000001000000000000000000010100000000000000000000000100000000000000000001100000001000000000100000101000000000000000000000010000 672920.0
runproj limit: 0.0
01000100000000000000000000000000000010000000000000000000000000101000000000001110000110000000000000000000000000000000000001100010000000000 673016.0
best: 0.9330696474634566
runproj limit: 0.0
01100000000011001000010000000000001010111001000000001001110010101000100000000001001010101011011001000110000100000000100011010000000010001 646600.0
runproj limit: 0.0
00000100000000001000000000000000000010100000000000000000000000101000000000000000001110000000000000000100000001000000000001000010000000000 672440.0
runproj limit: 0.0
01100000000000010000011001011010011001100101000000001001100010101001010001110110001110000101101000100101010010100001100000110000000010001 675048.0
runproj limit: 0.0
01100000000000000000000000000000000010000000000000000000000000100000000000000010000000000001000000000000000101000000000001100010000000000 672648.0
runproj limit: 0.0
00010100000001001100100000010000000010010001001000001011000001101100000100000101110010000000010001010000000010000000000000100010000000000 666296.0
runproj limit: 0.0
00000000000101011100000000000000000010110000000000000001010011001010000001000000001110000001000011000100000001000000101000000000010010001 672776.0
runproj limit: 0.0
00010100000100001100000000010010000010010001011000001011010011001111000101001001100010000000011010010001000110000010101000000110010010001 666352.0
runproj limit: 0.0
01101000000010000000000000010000001010000001000000000000100010100000010000010000001010000011101000000010000101100000100001000000000010000 680304.0
runproj limit: 0.0
00110010001101101111010001000010101010001000011000000011001101010101000101111001010111001010000000000001100100001110000101000000000010001 639800.0
runproj limit: 0.0
01110000010000011000010000000000000000100000010011001011000110100001001100000000011001000110000010010110100101100000111000000000010110110 706080.0
runproj limit: 0.0
00011101000100001100001101010001000010000000011000010110001010111110000101101001010111010000100010010111010010100010101100110011111000011 772872.0
runproj limit: 0.0
10000001001100000000100010001000000010010000000001100000010000000000000110000010101001100001000010001000100001011101000000010000001011000 675936.0
runproj limit: 0.0
00101000000010000100101000111000101000111011000000110101000110101001010000010010111010010011000000110111100000010100110011100001100011010 798056.0
runproj limit: 0.0
01101000000010000000010000011000001010101001000000000001100010101001010000110000001010000011101000110110000100100000110011010000000010000 651096.0
runproj limit: 0.0
00010100000101011100100000010011000010010001001001001011010011001110000101001001111010000000011011010100001010000010101000000100010000001 666472.0
runproj limit: 0.0
00010000000100001100000000000000000010000000011000000010000000110101000101001000000010000000000000000001000110000010001101000010011010000 667592.0
runproj limit: 0.0
00010000010011010000000101001110010110100000010000000001000000101100000000000001000101101000101000010101001100001101000010000111001111100 668552.0
runproj limit: 0.0
00010000000001010000011001001110011001100101000000001000100010100001010001101110011111000100101000101001011010010001001000100010010010001 669040.0
runproj limit: 0.0
00010100000100001100100000010001000010000000011000000010001011010101000101001001011110000000101011010101000110001010001100000010011000000 669544.0
runproj limit: 0.0
10010000000101111000100000000110000010010001001001001001110010001010100100000001101010101001010001000110001001010010100000000100000010001 672160.0
best: 0.9168816279736314
runproj limit: 0.0
00010100010001010000100000000010010110000000000000000011000010101110000100001001110110000000011000010100001000001111101000000101000101100 668880.0
runproj limit: 0.0
00010100010001010100100100010010000010010001000000001011000001101100000000000101000011100000000000010100000010001000000000000011001111100 666432.0
runproj limit: 0.0
00010100000101010000001001001010001011010101000000001001010010001011010101001000111010000000001010010100001010000000001000100000010000001 666160.0
runproj limit: 0.0
00010000000001011000100001001011000000000001000000001011100010000101010101101100111011000000001000010101011010010010001000100110010010001 692072.0
runproj limit: 0.0
00010100000001011100000000001010000000000001001000001011100000101000000101101100110111000100011001111000001010000001001000100010010000001 692168.0
runproj limit: 0.0
01100000000000000000000000000000000010000000000000000000000000100000000000000010000000000001000000000000000101000000000001100010000000000 672648.0
runproj limit: 0.0
01110100000011001000010000000000001010110001001000001011110011101100100000001001100010000001011010000011000110000010100010000110000010001 672936.0
runproj limit: 0.0
10010010000101101011110000000010001010001000001000001011011000011111100101111001100110101010010000000011000001011110100000000100000010001 645952.0
runproj limit: 0.0
00110100000110001101110010010000000010000000010001011010101001010100001100001001010110100000101011110111101111101011001110000010010101000 775088.0
runproj limit: 0.0
00100100000101111000000000001101000000011000101001010010110110011110000010000101101010111001010001000110000100010010000011010100010011001 766904.0
runproj limit: 0.0
11110110101110100111010011001010001111001100001100010011100010110011100000111001011111001010000001001111100001001110000101100001110110001 763016.0
runproj limit: 0.0
10010001101110010000100010011010101110010000010001100000100101000101000100100010111001101100100011111001000001111101000000011011001000000 668960.0
runproj limit: 0.0
00010000000110111000110000011010110010100000111101010001001010000111011100000001010110100000111111000000010111011011101110000001010010000 786408.0
runproj limit: 0.0
00110010001101101111010001000010101010001000011000000011001101010101000101111001010111001010000000000001100100001110000101000000000010001 639800.0
runproj limit: 0.0
01100000000011001000010000000000001010111001000000001001110010101000100000000001001010101011011001000110000100000000100011010000000010001 646600.0
runproj limit: 0.0
01101000000010000000010000011000001010101001000000000001100010101001010000110000001010000011101000110110000100100000110011010000000010000 651096.0
runproj limit: 0.0
00010100000001001100100000010000000010010001001000001011000001101100000100000101110010000000010001010000000010000000000000100010000000000 666296.0
runproj limit: 0.0
00010100000100001100000000010010000010010001011000001011010011001111000101001001100010000000011010010001000110000010101000000110010010001 666352.0
runproj limit: 0.0
00010100000101011100100000010011000010010001001001001011010011001110000101001001111010000000011011010100001010000010101000000100010000001 666472.0
runproj limit: 0.0
00010000000100001100000000000000000010000000011000000010000000110101000101001000000010000000000000000001000110000010001101000010011010000 667592.0
best: 0.9168816279736314
runproj limit: 0.0
00010100000001001100000000011010000010000001001000001011000001101000000101001101110110000000010001010000000010000000001000100010000000001 666808.0
runproj limit: 0.0
00010100000110001000110000010010010010010001101001001011001000100110001100000001110010000000011101000000000110010010001100000001010000000 671224.0
runproj limit: 0.0
01110100000011011000001001001010001011110101000000001001110011101010010000001001110010000000011010000100000110000010001010100010000010001 666616.0
runproj limit: 0.0
00010000000100001100000000000000000010000000011000000010000000110101000101001000000010000000000000000001000110000010001101000010011010000 667592.0
runproj limit: 0.0
01101000000010000000010000011000001010101001000000000001100010101001010000110000001010000011101000110110000100100000110011010000000010000 651096.0
runproj limit: 0.0
01101000000010001000010000010000001010101001000000001001110010101001100000100000001010101011101000100110000100000000110011010000000010000 651416.0
runproj limit: 0.0
00100010000011101111010001000000101010111001011000001001000100001000100100111001000111101011000001000110000100000100000011000000000010001 650048.0
runproj limit: 0.0
00101000000101101001110000011010001010101001001000000001001010111101000000110001000010100011111000100011000100010100100010010000000010001 652008.0
runproj limit: 0.0
01000000010010111000000001110010011111010111000100000010000010001111000100010011110110110100110000010101100100001011101001010111100101100 695440.0
runproj limit: 0.0
11111110001001010110100010111010100100010101101000100001111101010100000000001111111001011101101011111001010000101011000001011011001010000 697328.0
runproj limit: 0.0
00001100000100001000000100011010000010000001101010011111010111001011001001001001010010001100010010010010010110001011011110110111010010101 780448.0
runproj limit: 0.0
10011100001001010100000111011010110010010010100010001111001101101001101110001100010011111010100000011011001111111101000010000110001110100 700432.0
runproj limit: 0.0
10010010001100101011100101110010001100000000100000100011011001111111100101001100101011101111011010000010000101110110100001000101010010001 705592.0
runproj limit: 0.0
00110010001101101111010001000010101010001000011000000011001101010101000101111001010111001010000000000001100100001110000101000000000010001 639800.0
runproj limit: 0.0
10010010000101101011110000000010001010001000001000001011011000011111100101111001100110101010010000000011000001011110100000000100000010001 645952.0
runproj limit: 0.0
01100000000011001000010000000000001010111001000000001001110010101000100000000001001010101011011001000110000100000000100011010000000010001 646600.0
runproj limit: 0.0
01101000000010000000010000011000001010101001000000000001100010101001010000110000001010000011101000110110000100100000110011010000000010000 651096.0
runproj limit: 0.0
00010100000101010000001001001010001011010101000000001001010010001011010101001000111010000000001010010100001010000000001000100000010000001 666160.0
runproj limit: 0.0
00010100000001001100100000010000000010010001001000001011000001101100000100000101110010000000010001010000000010000000000000100010000000000 666296.0
runproj limit: 0.0
00010100000100001100000000010010000010010001011000001011010011001111000101001001100010000000011010010001000110000010101000000110010010001 666352.0
best: 0.9168816279736314
runproj limit: 0.0
00100000000010000100010001011000001010101001011000000001100000001000010100111000000111100011100000110110000100100100110011000000000010000 647144.0
runproj limit: 0.0
01101000000001000000010000011010001010101001001000000001100010111001000000110001000010000011111000110110000100010000100010010000000010000 651288.0
runproj limit: 0.0
00111000001010000111010000010000001010101000011000000001101001010101010101110000011111001010100000010011000100001010100101000000000010001 646576.0
runproj limit: 0.0
00101010001011010110000011111000101000011001101000001001100101010100000100001101011111011001000011110110010100101111000001011011000010000 677272.0
runproj limit: 0.0
10010000000001101111100000000010001010000000001000001011000000001110000101110001110110001010010000000011000001000000100000000100000010001 673016.0
runproj limit: 0.0
00100000000111101001010001011010101010101001001000001001001010101000100000111001000011101011111001000011000100010100100010000000000010001 650008.0
runproj limit: 0.0
11011010001001010111110010011010101110011000001000000011011001011101100100101001101110111110101001111001010001111010100001010101001010000 636672.0
runproj limit: 0.0
01101000000101000001010000011010001010101001001000000001001010101001000000110001000010000011111000100010000100110000100010010000000010001 651288.0
runproj limit: 0.0
01100100000110001000000001110000010010110001000000010000110111111010100100101010011010110001101001100100100100001000110011110000010000000 774080.0
runproj limit: 0.0
11110100000101010101101011101010001011110001001000001011110010001111110001000000111010011000001000111100101011100110000001000101011000001 668360.0
runproj limit: 0.0
11001101100010000000010000101000011111110111110011100100000110101001000001100101001011010010001000111110100110000000010101110001000010111 705912.0
runproj limit: 0.0
00110011000101001110001000111000000011000000100000010110111000100101100101011000010000110000100000011001000110011010001101001011011010000 764560.0
runproj limit: 0.0
11000000000010100000000001010100011111010011011100001010100011001111100000110010010110110010110100010111101101001011001000110111110100100 707112.0
runproj limit: 0.0
00110010001101101111010001000010101010001000011000000011001101010101000101111001010111001010000000000001100100001110000101000000000010001 639800.0
runproj limit: 0.0
10010010000101101011110000000010001010001000001000001011011000011111100101111001100110101010010000000011000001011110100000000100000010001 645952.0
runproj limit: 0.0
01100000000011001000010000000000001010111001000000001001110010101000100000000001001010101011011001000110000100000000100011010000000010001 646600.0
runproj limit: 0.0
00100010000011101111010001000000101010111001011000001001000100001000100100111001000111101011000001000110000100000100000011000000000010001 650048.0
runproj limit: 0.0
01101000000010000000010000011000001010101001000000000001100010101001010000110000001010000011101000110110000100100000110011010000000010000 651096.0
runproj limit: 0.0
01101000000010001000010000010000001010101001000000001001110010101001100000100000001010101011101000100110000100000000110011010000000010000 651416.0
runproj limit: 0.0
00101000000101101001110000011010001010101001001000000001001010111101000000110001000010100011111000100011000100010100100010010000000010001 652008.0
best: 0.9123989681857265
runproj limit: 0.0
01100010000010100110010000000000001010111001011000001001000110101000010000110001001010100011101000100110000100100000110011010000000010000 646776.0
runproj limit: 0.0
00100010000001101111010001000000001010101001001000001001000100011001000100111001000110000011010001110110000100010000100011010000000010001 652024.0
runproj limit: 0.0
10100010000011101011010001000010101010101000001000001001010000011100100101111001000111101010000001000010000101011100100001000100000010001 650048.0
runproj limit: 0.0
01101000000010000000010000011010001010101001011000000001100000101001010100111001000111100011110000110110000100000000100011000000000010000 651960.0
runproj limit: 0.0
10100010000101000110010001001010001010101001001000000011101000011010100100111001100110101011110000100110000100101100110011000000000010001 647056.0
runproj limit: 0.0
01000000000011101000010001000100011010011011001100001010100011101110100000000011011010100011110000010110101101000011000010010000100000000 669128.0
runproj limit: 0.0
10110000000111101000110000000010001010011000001000001011111000101111100100101001100010101010010000000011000101011110100000010100000010001 645448.0
runproj limit: 0.0
11001010001000000111010000011010001110011001001000001011011001101001100000101000101010101011101000100100010100111000110011010101000010000 640784.0
runproj limit: 0.0
00011011000110111011100010001010001010101000010100001111011000010011101111001100100110101011011101001000000001011110110000000110000010101 652184.0
runproj limit: 0.0
11110110000100110101101011000100001011111000011100001011111010000101010010000000110010011010001000110110101011100110000001010001011010011 665928.0
runproj limit: 0.0
00101000101110000111010000001101001010101100011010010001001011010101010100011011110011001011000010000100000100100000000111100000000001001 737160.0
runproj limit: 0.0
01011010000011010110110100001111110110111011001001000111011001111111100000011011101110011100101001110011001111111000100101010101001001000 668104.0
runproj limit: 0.0
01101000000011010110010001100010101100001101101100101111110100111011000001110001000010000011111100110100001000011001100010011000000010010 688520.0
runproj limit: 0.0
11011010001001010111110010011010101110011000001000000011011001011101100100101001101110111110101001111001010001111010100001010101001010000 636672.0
runproj limit: 0.0
00110010001101101111010001000010101010001000011000000011001101010101000101111001010111001010000000000001100100001110000101000000000010001 639800.0
runproj limit: 0.0
10010010000101101011110000000010001010001000001000001011011000011111100101111001100110101010010000000011000001011110100000000100000010001 645952.0
runproj limit: 0.0
00111000001010000111010000010000001010101000011000000001101001010101010101110000011111001010100000010011000100001010100101000000000010001 646576.0
runproj limit: 0.0
01100000000011001000010000000000001010111001000000001001110010101000100000000001001010101011011001000110000100000000100011010000000010001 646600.0
runproj limit: 0.0
00100000000010000100010001011000001010101001011000000001100000001000010100111000000111100011100000110110000100100100110011000000000010000 647144.0
runproj limit: 0.0
00100000000111101001010001011010101010101001001000001001001010101000100000111001000011101011111001000011000100010100100010000000000010001 650008.0
best: 0.9123989681857265
runproj limit: 0.0
11001010001000010111110000011010001110011001001000000011011001111001100000101001101110101010101000110100010100111000100001010101001010000 640360.0
runproj limit: 0.0
00100010000111100000010001011010001010101001001000001001001000011000100000111001000111101011111000000010000100111100110011000000000010001 647144.0
runproj limit: 0.0
01100010000011101010010000000000001010111001001000001001010110101000010000100001001010100011001001000110000100000000100011010000000010001 646600.0
runproj limit: 0.0
11010010000011101011010000000010001010011001000000001011011000011011100101100001001110101010011000000011000101001000100001000100000010001 645272.0
runproj limit: 0.0
00111010000111101111110010001010001010101000011100001111011001010011001111011101010110101010000001000001000100001110010000000000000010101 653232.0
runproj limit: 0.0
00110010001111101100010000000010001010011000001000001011111100011101000100111001010010101010000000000001000101001110100100000100000010001 634816.0
runproj limit: 0.0
11101010001000000110010000001010001110111001011000001001011111101001100000101001101010101011101000100100000100100000110011010101000010000 640640.0
runproj limit: 0.0
11001010001000000111110010011010101110011001001000001011011001111001100100101000101010101011101001110000010100111010110011010101000010000 643176.0
runproj limit: 0.0
11100000000010100110001001001001010010100010110110110001101000001110001110101000110111101111010010110100100100100101001011000001010000001 792696.0
runproj limit: 0.0
11010010000100011110100011010100011001111000011100101010101010010001011110000001100000011100011001111110011011100110001010000001100001000 666096.0
runproj limit: 0.0
11101010001100001110000001101111001110010000000000101001010100001001000001100000001110111111000001001001000100110001111110000100100110000 673216.0
runproj limit: 0.0
10111010111111001111010011101001111110001101011000000011001100111010001101100000010011001011111001100110101110101100110010001001001010000 647368.0
runproj limit: 0.0
11011000010101111111110001000011011100001010101000111011000100101111100100110001001011101011010111001011110011011110000011100100100010001 789176.0
runproj limit: 0.0
11011010001001010111110010011010101110011000001000000011011001011101100100101001101110111110101001111001010001111010100001010101001010000 636672.0
runproj limit: 0.0
00110010001101101111010001000010101010001000011000000011001101010101000101111001010111001010000000000001100100001110000101000000000010001 639800.0
runproj limit: 0.0
11001010001000000111010000011010001110011001001000001011011001101001100000101000101010101011101000100100010100111000110011010101000010000 640784.0
runproj limit: 0.0
10110000000111101000110000000010001010011000001000001011111000101111100100101001100010101010010000000011000101011110100000010100000010001 645448.0
runproj limit: 0.0
10010010000101101011110000000010001010001000001000001011011000011111100101111001100110101010010000000011000001011110100000000100000010001 645952.0
runproj limit: 0.0
00111000001010000111010000010000001010101000011000000001101001010101010101110000011111001010100000010011000100001010100101000000000010001 646576.0
runproj limit: 0.0
01100000000011001000010000000000001010111001000000001001110010101000100000000001001010101011011001000110000100000000100011010000000010001 646600.0
best: 0.9097391802808827
runproj limit: 0.0
11001010001101000100010000000010101010011000001000001011111100111101100100111001011010101010000001010000000101101010100101010101000010001 643128.0
runproj limit: 0.0
11011000001011011001110000001000001110111000001000000001110001001101100100001001001110101011111001001001010001001000100001010100000010000 634104.0
runproj limit: 0.0
00111010001111101111010011001010001010001000011100001111001001010111001101011101010110101010000001000001100100001110000000000000000010101 655416.0
runproj limit: 0.0
00011010001010000111110000010000001110011000011000000011001001010101110101101000111111101110101001111001000000011010100101010001000010000 634088.0
runproj limit: 0.0
11010000000010011010010010010100011011111000001000101000100010100000101110000001000000111101011001101110011101000100001010000001000000001 642552.0
runproj limit: 0.0
00110010001101101101010000000010001010001000001000001011011100011101000101111001110110101010000000000011000101001110100000000100000010001 645952.0
runproj limit: 0.0
11110010000111101010110000000010001010011000000000001011011000111111100101100001100010101010011000000011000101001100100001010100000010001 645272.0
runproj limit: 0.0
00110010001111101001010001000010001010101001010000000001011100010000000001001001011010001010000000000001000100001100000111000000000010001 634912.0
runproj limit: 0.0
00010010011011101000100000010100000010001010101000011011101100001110000100101011010011101010000001001011000001110110110100000100100110001 755800.0
runproj limit: 0.0
10010011100111011111000001000010101001101101111001000101011101010101001100001011111111011010100100000001101110100100000101000000010010001 638416.0
runproj limit: 0.0
11101110001001000101110001010101011111111101100001001010011110001001100110101001001110100010101000010100000100011010010001100011001010010 642176.0
runproj limit: 0.0
11101010001000110010000010011100001010011000011001001011010001100001100000100000101000111000101001100110110010100000110111000001010000010 654128.0
runproj limit: 0.0
10110010001000110110010001010000101000001100001010111011001100111110011101111000010100101011010000011001100100111100000101010000100011000 759880.0
runproj limit: 0.0
00110010001111101100010000000010001010011000001000001011111100011101000100111001010010101010000000000001000101001110100100000100000010001 634816.0
runproj limit: 0.0
11011010001001010111110010011010101110011000001000000011011001011101100100101001101110111110101001111001010001111010100001010101001010000 636672.0
runproj limit: 0.0
00110010001101101111010001000010101010001000011000000011001101010101000101111001010111001010000000000001100100001110000101000000000010001 639800.0
runproj limit: 0.0
11001010001000010111110000011010001110011001001000000011011001111001100000101001101110101010101000110100010100111000100001010101001010000 640360.0
runproj limit: 0.0
11101010001000000110010000001010001110111001011000001001011111101001100000101001101010101011101000100100000100100000110011010101000010000 640640.0
runproj limit: 0.0
11001010001000000111010000011010001110011001001000001011011001101001100000101000101010101011101000100100010100111000110011010101000010000 640784.0
runproj limit: 0.0
11001010001000000111110010011010101110011001001000001011011001111001100100101000101010101011101001110000010100111010110011010101000010000 643176.0
best: 0.9086959014044139
runproj limit: 0.0
11001010001101000110110000001010101110011000001000000011111101011101100100101001011110101110100001111001010101111010100101010101000010000 642816.0
runproj limit: 0.0
11110110001000010100010001010001011010001100101000111011001100111011010100111000011100100011100000010101000100111000010101100010100011010 732312.0
runproj limit: 0.0
00110010001101101001010000000100100010001000101000001011001100001100000101111011010011101010000001001011100101000110100101000000100110001 646048.0
runproj limit: 0.0
00010010001110100111010000010000001110011000001000001011011001010101100101111001111110101010100000011001000101011110100101010100000010001 634736.0
runproj limit: 0.0
11001010001000000111010000011010101110011001001000001011011001111001100000101000101010101011101000100100010100111010110011010101000010000 643176.0
runproj limit: 0.0
11001010001010001101110000001010001110111001001000000001011001101001100000001001001110101011101000100101010101001000100011010100000010000 641008.0
runproj limit: 0.0
10110010001001001110010000001010001010111001001000001011111110111001100100101001111010101010001000100100000100101010110001000100000010001 634720.0
runproj limit: 0.0
01011010001011011001110000000000001110111000001000000011010001000101110101001000011111101110101001001001010000001010100101010001000010000 634120.0
runproj limit: 0.0
00110010011111010000010000010010000000100000101110001001100000110111110100111010010010001010110000000000001111011101111101010100000010001 710600.0
runproj limit: 0.0
11000101001000000000010010010001000100011100010010001011101001001111100100011100001110101111101000000100000100111000011011110101000010100 665488.0
runproj limit: 0.0
11110000111101101001011101001110111000100101110001010001111110100100100111000001001011111000100001001001001100001010000111000010101011011 794136.0
runproj limit: 0.0
10110110100001101110011100110011011101011111001100001011110110011100000110111111110001101010000010000011000000011101100110010110001010101 660992.0
runproj limit: 0.0
11101100001011001001010000101110011101110101100001101001001001001010101001101101000110100110101011010010011101110010010001101011101011010 681176.0
runproj limit: 0.0
00011010001010000111110000010000001110011000011000000011001001010101110101101000111111101110101001111001000000011010100101010001000010000 634088.0
runproj limit: 0.0
11011000001011011001110000001000001110111000001000000001110001001101100100001001001110101011111001001001010001001000100001010100000010000 634104.0
runproj limit: 0.0
00110010001111101100010000000010001010011000001000001011111100011101000100111001010010101010000000000001000101001110100100000100000010001 634816.0
runproj limit: 0.0
00110010001111101001010001000010001010101001010000000001011100010000000001001001011010001010000000000001000100001100000111000000000010001 634912.0
runproj limit: 0.0
11011010001001010111110010011010101110011000001000000011011001011101100100101001101110111110101001111001010001111010100001010101001010000 636672.0
runproj limit: 0.0
10010011100111011111000001000010101001101101111001000101011101010101001100001011111111011010100100000001101110100100000101000000010010001 638416.0
runproj limit: 0.0
00110010001101101111010001000010101010001000011000000011001101010101000101111001010111001010000000000001100100001110000101000000000010001 639800.0
best: 0.9086959014044139
runproj limit: 0.0
11001010001000001011010000011010001110011000001000001011110001101001100100001000001110101011101001101100010001101000110011010101000010000 641008.0
runproj limit: 0.0
01001010001010101111110000010010001110011000001000001001011001100101100001111001111110101010101000001001000101011110100001010100000010000 641104.0
runproj limit: 0.0
10110010001101001101010000001100000010101001001000001011111100101000000100101011110010101010000000000111100100101110110001000000000110001 643152.0
runproj limit: 0.0
01111000001011111001110000001000001110111000000000000001010100011000100001001001011110001010100001001001000101001100000011000000000010000 634008.0
runproj limit: 0.0
11001000001011011100110000001010001110011000001000000011111001011101100100101001001110101011110001011001010001011000100001010101000010000 640248.0
runproj limit: 0.0
10110110001101011100010000010001011010001100001000011011001100111001010100111000011110100011100000000101000101111000100100000000100010000 732312.0
runproj limit: 0.0
10010000001011001010010000001010001110111001001000000001110111101101100100101001011010101011111000001000010001001000100001010100000010001 634864.0
runproj limit: 0.0
00011010001111000111110001000000101010011000011000000011001101010101100101101000110111001110100000100001100100001110000101010000000010001 638792.0
runproj limit: 0.0
01100000111001010010110010011010101010011101011000100001011101011101101100000001011111111111010001111001010001000111100111110000001110010 642304.0
runproj limit: 0.0
00100010100001101001010000000110010000001000110010000011001110011100000101011001010001100010110011000011100001000111101101000000100111101 679800.0
runproj limit: 0.0
11001010001001011101110000001001000100111010001000100001100011001111100101101001001010001101111101000101010101011000000001110100110010000 683808.0
runproj limit: 0.0
00110000011001001100111001000011001011011100111010001001111101111011000101111101010111101010000000000001100101101110000101000100110110000 637336.0
runproj limit: 0.0
00010010001011001101010011010010001110001000011011011011011111010110000101111001010000101001000111000011000001101110101111010100010110001 737896.0
runproj limit: 0.0
00011010001010000111110000010000001110011000011000000011001001010101110101101000111111101110101001111001000000011010100101010001000010000 634088.0
runproj limit: 0.0
11011000001011011001110000001000001110111000001000000001110001001101100100001001001110101011111001001001010001001000100001010100000010000 634104.0
runproj limit: 0.0
01011010001011011001110000000000001110111000001000000011010001000101110101001000011111101110101001001001010000001010100101010001000010000 634120.0
runproj limit: 0.0
10110010001001001110010000001010001010111001001000001011111110111001100100101001111010101010001000100100000100101010110001000100000010001 634720.0
runproj limit: 0.0
00010010001110100111010000010000001110011000001000001011011001010101100101111001111110101010100000011001000101011110100101010100000010001 634736.0
runproj limit: 0.0
00110010001111101100010000000010001010011000001000001011111100011101000100111001010010101010000000000001000101001110100100000100000010001 634816.0
runproj limit: 0.0
00110010001111101001010001000010001010101001010000000001011100010000000001001001011010001010000000000001000100001100000111000000000010001 634912.0
best: 0.9085812553740327
runproj limit: 0.0
10110010001101001110010000000010001010111000001000001011111100011101000100111001110010101010000000100101000100101010100001000100000010001 634816.0
runproj limit: 0.0
10011000001011001010010000001010001110111000001000000001110111001101100100001001001010101011111000001001010001001000100001010100000010000 634864.0
runproj limit: 0.0
11010010001001001111010000001010001110011001001000001001111100111001100001101001111110101010001000101101000101011010100001010100000010001 634720.0
runproj limit: 0.0
01111010001011011001110000001000001110111000000000000001010100001100110101001000011111101110100001001001000001001000000001010000000010000 633952.0
runproj limit: 0.0
10110010001001001100010000001010000010101001001000001011111100101001000100101001110010101010000000000110000100101110110001000100000110001 645784.0
runproj limit: 0.0
01001010001010101111110000010010001110011000001000001001011001100101100001111001111110101010101000001001000101011110100001010100000010000 641104.0
runproj limit: 0.0
01001010001011010001110000011010001110011001011000000011011101011101111101000000011111101111111001001001010001000011100101110000001010010 639912.0
runproj limit: 0.0
10110010001011001100010000000010001110011000001000001011111100011101000100111001001010101011010001011001000001011110100101000101000010000 634816.0
runproj limit: 0.0
11111110001101100111001010011101100010101001000001001110110100001000100100001110110010000000000100000011111111000110110001000010000110001 644856.0
runproj limit: 0.0
00111000011001000100011001000011001011011110111010001001100101111011101001101101110111101010000000001011100000001010100111000101100110111 665936.0
runproj limit: 0.0
00110110001100001110011100101111101010011000000000101010110100001110000100110001001110100010001011010101010111010110100011010100100111001 636624.0
runproj limit: 0.0
10010011001011001101010110010011001011100011001000001011011110111100001100111000010010101011001000101001000100001010100000001100000010001 686008.0
runproj limit: 0.0
01011100010011111001101010010000000100110111001010000111010010100101000100101101000111101011011101001011110111101100100001000101000110010 724672.0
runproj limit: 0.0
01111000001011111001110000001000001110111000000000000001010100011000100001001001011110001010100001001001000101001100000011000000000010000 634008.0
runproj limit: 0.0
00011010001010000111110000010000001110011000011000000011001001010101110101101000111111101110101001111001000000011010100101010001000010000 634088.0
runproj limit: 0.0
11011000001011011001110000001000001110111000001000000001110001001101100100001001001110101011111001001001010001001000100001010100000010000 634104.0
runproj limit: 0.0
01011010001011011001110000000000001110111000001000000011010001000101110101001000011111101110101001001001010000001010100101010001000010000 634120.0
runproj limit: 0.0
10110010001001001110010000001010001010111001001000001011111110111001100100101001111010101010001000100100000100101010110001000100000010001 634720.0
runproj limit: 0.0
00010010001110100111010000010000001110011000001000001011011001010101100101111001111110101010100000011001000101011110100101010100000010001 634736.0
runproj limit: 0.0
00110010001111101100010000000010001010011000001000001011111100011101000100111001010010101010000000000001000101001110100100000100000010001 634816.0
best: 0.9085010031527658
runproj limit: 0.0
01111010001001110111000000001000101110111001000001001101110100001000100100001100011111101110000101000011110101001100000001010000000010001 645040.0
runproj limit: 0.0
11010010001001001111010000001010001110011001001000001001111100111001100001101001111110101010001000101101000101011010100001010100000010001 634720.0
runproj limit: 0.0
11011000001011011001110000001000001110111000001000000001010101001101100000001001011110101010101001001001010001001100100001010100000010000 634104.0
runproj limit: 0.0
01101010001011001111110000011010001110111000001000001001010100001101100001001001011111101010101000001001000101011100100001010100000010000 641240.0
runproj limit: 0.0
00011010001011011011010000000010001010111000001000001011010100011101000100001001010010101010100000101101000100001010100001000100000010000 633960.0
runproj limit: 0.0
00110000001100101100010100101000001010011000000000000001110100001000000101010001011110101010100011001101010101001100100011000000100010000 634992.0
runproj limit: 0.0
10111010001101100100010010001010100010101001001001001111111100001001000100101111110010000010000000000010101111101110110001000110000110001 650064.0
runproj limit: 0.0
11011000001011001010110000001000001110111000001000001011111110101001100100001001001110101011111000101001010001001000100001000100000010000 634864.0
runproj limit: 0.0
01111110001010101111100010110110001110010011001000101000011011100101111001100000110010110011010001001001001100011010101001100000001100110 684664.0
runproj limit: 0.0
11011000011000011101110001100000001011111000000110001011000001010101110101001000010110011100110111001001000000000010000011010110001010000 652248.0
runproj limit: 0.0
11010110101101100111101011001101100000011000000001101111110000101000101100100110110100000001100100001010011111101010111000110011101110001 667448.0
runproj limit: 0.0
01111110001101011011010001001100011011100000001000011001000101100110100100100000011111011100001100001001000011001001100101001000010010000 765448.0
runproj limit: 0.0
01001010000010110010110001011010000110101101001000000001111111011101000011100010011001101111111100100001010101001000100110011100000011100 639912.0
runproj limit: 0.0
01111010001011011001110000001000001110111000000000000001010100001100110101001000011111101110100001001001000001001000000001010000000010000 633952.0
runproj limit: 0.0
01111000001011111001110000001000001110111000000000000001010100011000100001001001011110001010100001001001000101001100000011000000000010000 634008.0
runproj limit: 0.0
00011010001010000111110000010000001110011000011000000011001001010101110101101000111111101110101001111001000000011010100101010001000010000 634088.0
runproj limit: 0.0
11011000001011011001110000001000001110111000001000000001110001001101100100001001001110101011111001001001010001001000100001010100000010000 634104.0
runproj limit: 0.0
01011010001011011001110000000000001110111000001000000011010001000101110101001000011111101110101001001001010000001010100101010001000010000 634120.0
runproj limit: 0.0
11010010001001001111010000001010001110011001001000001001111100111001100001101001111110101010001000101101000101011010100001010100000010001 634720.0
runproj limit: 0.0
10110010001001001110010000001010001010111001001000001011111110111001100100101001111010101010001000100100000100101010110001000100000010001 634720.0
best: 0.9085010031527658
done evolving!
"all is well:)"
>>>>>>>>>>>>>>FINISH OPTIMIZATION>>>>>>>>>>>>>>>
654.38user 348.54system 18:33.50elapsed 90%CPU (0avgtext+0avgdata 131496maxresident)k
1121792inputs+1680488outputs (590major+63603286minor)pagefaults 0swaps
