Optimizing /h/ywang30/nofib/spectral/gcd
>>>>>>>>>>>>>>>START OPTIMIZATION>>>>>>>>>>>>>>>
pop: 13
gens: 15
arch: 7
limit is: 3.0e-2
runproj limit: 3.0e-2
"All is well :D"
Basetime is: 5.61772e7
runproj limit: 3.0e-2
00000000000000000000000000000000000000000000000000000000 5.61772e7
runproj limit: 3.0e-2
00100000001000000001000000000011000000000000000000000000 5.6177184e7
runproj limit: 3.0e-2
00000000000000000000000000000000000000000000000000000000 5.61772e7
runproj limit: 3.0e-2
00000000000100000010000010100000000010100100000000010000 5.940928e7
runproj limit: 3.0e-2
00000000000000000000000001000110000000001001000001100000 3.4422896e7
runproj limit: 3.0e-2
00100000100100000000000100001000000000000000000010000000 5.940928e7
runproj limit: 3.0e-2
00000000000000000000000000000000000000000000000000000000 5.61772e7
runproj limit: 3.0e-2
00000000000000000000000000000000000000000000000000000000 5.61772e7
runproj limit: 3.0e-2
00000000000000000000000000000000000000000000000000000000 5.61772e7
runproj limit: 3.0e-2
00000000000000000000000000000000000000000000000000000000 5.61772e7
runproj limit: 3.0e-2
00000100000000001000000000000000000010100000000000000000 5.61772e7
runproj limit: 3.0e-2
00001000000010000000000100000001000000000010000000000000 5.61772e7
runproj limit: 3.0e-2
00000000000000000000000000001000000000000000010000000000 5.61772e7
best: 0.6127556375184239
runproj limit: 3.0e-2
00000000000000000000000000000100000000001000000001000000 4.5316432e7
runproj limit: 3.0e-2
00100000001000000000000000000000000000000000000000000000 5.6177184e7
runproj limit: 3.0e-2
00000000000000000000000000000000000000000000000000000000 5.61772e7
runproj limit: 3.0e-2
00000000000000000000000000001000000000000000000000000000 5.61772e7
runproj limit: 3.0e-2
00100000000000000001000000000000000000000000000000000000 5.61772e7
runproj limit: 3.0e-2
00000000000000000000000000000000000000000000000000000000 5.61772e7
runproj limit: 3.0e-2
00100000000000000000000000000011000000000000000000000000 5.61772e7
runproj limit: 3.0e-2
00000000000000000000000000000000000000000000000001000000 4.5316432e7
runproj limit: 3.0e-2
00100000001111001001000110000001000000100000010001000111 4.8548488e7
runproj limit: 3.0e-2
00000100000010010110011001000111011110001000010100100000 4.5283664e7
runproj limit: 3.0e-2
01001100110001100111000000010110000100101001010001101001 4.0576728e7
runproj limit: 3.0e-2
01100100000110000101001100010000100000000000000001010100 4.8548512e7
runproj limit: 3.0e-2
01100101001000000100000000010000001000100000010111111100 3.442288e7
runproj limit: 3.0e-2
00000000000000000000000001000110000000001001000001100000 3.4422896e7
runproj limit: 3.0e-2
00100000001000000001000000000011000000000000000000000000 5.6177184e7
runproj limit: 3.0e-2
00000000000000000000000000000000000000000000000000000000 5.61772e7
runproj limit: 3.0e-2
00000100000000001000000000000000000010100000000000000000 5.61772e7
runproj limit: 3.0e-2
00001000000010000000000100000001000000000010000000000000 5.61772e7
runproj limit: 3.0e-2
00000000000000000000000000001000000000000000010000000000 5.61772e7
runproj limit: 3.0e-2
00000000000100000010000010100000000010100100000000010000 5.940928e7
best: 0.612755352705368
runproj limit: 3.0e-2
01100100001110000001000110010001000000100000010101000111 4.8548488e7
runproj limit: 3.0e-2
01000000000000000000000000000000000000101001010011101100 3.4422896e7
runproj limit: 3.0e-2
00000100100000101111000000000000000110101000010001100000 4.185668e7
runproj limit: 3.0e-2
00000000111001000111000000010110000100000000010001101000 3.4435752e7
runproj limit: 3.0e-2
00000000000000000000000001000000000000000000000000000000 5.61772e7
runproj limit: 3.0e-2
00000101001000001100000000000000000000100000010111011100 4.5316416e7
runproj limit: 3.0e-2
00000100000001000111000000010100000000101001000001001001 4.5316432e7
runproj limit: 3.0e-2
00100100000010000101001101010111000010000000010001110100 3.4422896e7
runproj limit: 3.0e-2
00000000000000100001010001001010000000010011110110000001 6.2318152e7
runproj limit: 3.0e-2
01110101001100000000100000000001001000000000001111111110 3.7654952e7
runproj limit: 3.0e-2
11110100000011110101101100010110100000110001001000011101 6.2318152e7
runproj limit: 3.0e-2
01010100010001011101101110010000111110100001010000010000 5.6190088e7
runproj limit: 3.0e-2
00010100000001011000011000001000011011001100000001101000 3.4422896e7
runproj limit: 3.0e-2
01100101001000000100000000010000001000100000010111111100 3.442288e7
runproj limit: 3.0e-2
00000000000000000000000001000110000000001001000001100000 3.4422896e7
runproj limit: 3.0e-2
01001100110001100111000000010110000100101001010001101001 4.0576728e7
runproj limit: 3.0e-2
00000100000010010110011001000111011110001000010100100000 4.5283664e7
runproj limit: 3.0e-2
00000000000000000000000000000100000000001000000001000000 4.5316432e7
runproj limit: 3.0e-2
00000000000000000000000000000000000000000000000001000000 4.5316432e7
runproj limit: 3.0e-2
00100000001111001001000110000001000000100000010001000111 4.8548488e7
best: 0.612755352705368
runproj limit: 3.0e-2
00000100000010000001000010010011000000100001000001100101 3.4422896e7
runproj limit: 3.0e-2
00100000011111000111000010000001000100000000010001100101 3.7667832e7
runproj limit: 3.0e-2
00000000000000000000000000000100000000000001000001100000 3.4422896e7
runproj limit: 3.0e-2
01000100001001000111000000010000001000100000010111101000 3.4422872e7
runproj limit: 3.0e-2
00000100001101000001000000000001000000000001000011101011 3.7654952e7
runproj limit: 3.0e-2
00000001001000000100000001000100000000100000000111111100 3.442288e7
runproj limit: 3.0e-2
01000100100001100111000000010110000100101001000001001001 5.1457384e7
runproj limit: 3.0e-2
00000000001001000011000000000100000000000000010001001000 4.5316408e7
runproj limit: 3.0e-2
00000100000001000111000000110100100000101101000001001001 4.5316432e7
runproj limit: 3.0e-2
01101100000000000101011101001111001010101001010001110101 3.4422896e7
runproj limit: 3.0e-2
00010101011101011100100000000001001010000001001101100100 3.7667832e7
runproj limit: 3.0e-2
00110001001111011001011111100000000010110000000001010111 4.8548488e7
runproj limit: 3.0e-2
00110100010011010001001000011000010110000000010001110101 3.4435784e7
runproj limit: 3.0e-2
01100101001000000100000000010000001000100000010111111100 3.442288e7
runproj limit: 3.0e-2
01000000000000000000000000000000000000101001010011101100 3.4422896e7
runproj limit: 3.0e-2
00100100000010000101001101010111000010000000010001110100 3.4422896e7
runproj limit: 3.0e-2
00010100000001011000011000001000011011001100000001101000 3.4422896e7
runproj limit: 3.0e-2
00000000000000000000000001000110000000001001000001100000 3.4422896e7
runproj limit: 3.0e-2
00000000111001000111000000010110000100000000010001101000 3.4435752e7
runproj limit: 3.0e-2
01110101001100000000100000000001001000000000001111111110 3.7654952e7
best: 0.6127552102988401
runproj limit: 3.0e-2
01100100000000000101011101010111001010101000010001110100 3.4422896e7
runproj limit: 3.0e-2
00110101001101000001100000000100001100000000011011111110 3.7654952e7
runproj limit: 3.0e-2
01100101001000000100000000010000001000100000010111111100 3.442288e7
runproj limit: 3.0e-2
01000100001100000111000000000000001000000000001111111000 3.7654952e7
runproj limit: 3.0e-2
00000000001001000011000000000000000000000001000001101011 3.4422872e7
runproj limit: 3.0e-2
01000000001000000010000000010110000100001000010011101000 3.4422872e7
runproj limit: 3.0e-2
00000100000010000001000000000001000000000001000011101001 3.4422896e7
runproj limit: 3.0e-2
01101100001000000111001100000011001000100001010011101100 3.4422872e7
runproj limit: 3.0e-2
01100110000000100100010001010010100000101000010111101001 4.0563848e7
runproj limit: 3.0e-2
01110000101001010111010000010110000110000000000010100011 4.5316408e7
runproj limit: 3.0e-2
01001001000000000000101101000000000000101001010011111000 3.4422896e7
runproj limit: 3.0e-2
10000001001100001000100010001100000000010001000000000000 5.9409256e7
runproj limit: 3.0e-2
01000100000010000101111010110011100010110011000001010001 4.5316432e7
runproj limit: 3.0e-2
01000100001001000111000000010000001000100000010111101000 3.4422872e7
runproj limit: 3.0e-2
00000001001000000100000001000100000000100000000111111100 3.442288e7
runproj limit: 3.0e-2
01100101001000000100000000010000001000100000010111111100 3.442288e7
runproj limit: 3.0e-2
00000100000010000001000010010011000000100001000001100101 3.4422896e7
runproj limit: 3.0e-2
00000000000000000000000000000100000000000001000001100000 3.4422896e7
runproj limit: 3.0e-2
01101100000000000101011101001111001010101001010001110101 3.4422896e7
runproj limit: 3.0e-2
01000000000000000000000000000000000000101001010011101100 3.4422896e7
best: 0.6127552102988401
runproj limit: 3.0e-2
00000001001000000000000011010111000000100001000111100100 3.442288e7
runproj limit: 3.0e-2
00100000001000000011000100000011000000000001000001101110 3.4422872e7
runproj limit: 3.0e-2
00000000001000000000000000000100000000101000000011111100 3.442288e7
runproj limit: 3.0e-2
01000000001000000000000000010100000100101000010011111000 3.442288e7
runproj limit: 3.0e-2
01000000001000000010000000010110000100001000010011101000 3.4422872e7
runproj limit: 3.0e-2
01101100001000000111001100010010000100001000010011101100 3.4422872e7
runproj limit: 3.0e-2
00000101001000000100000001000100000000100000000011101000 3.442288e7
runproj limit: 3.0e-2
01000110001000100000010000010010000100101000010011101001 4.0563824e7
runproj limit: 3.0e-2
01001100000010000100001111001110001010101001011000101101 4.5283664e7
runproj limit: 3.0e-2
11110100000000000000100000001011000010100000110011110111 3.4422896e7
runproj limit: 3.0e-2
10000100101011001010000010011110100001001100000111111000 3.4422872e7
runproj limit: 3.0e-2
01111100101010010111001100010001100100100001000011101100 3.4422872e7
runproj limit: 3.0e-2
01101000001010110011011100001000111000000001110110111111 5.1424592e7
runproj limit: 3.0e-2
00000000001001000011000000000000000000000001000001101011 3.4422872e7
runproj limit: 3.0e-2
01000000001000000010000000010110000100001000010011101000 3.4422872e7
runproj limit: 3.0e-2
01101100001000000111001100000011001000100001010011101100 3.4422872e7
runproj limit: 3.0e-2
01000100001001000111000000010000001000100000010111101000 3.4422872e7
runproj limit: 3.0e-2
01100101001000000100000000010000001000100000010111111100 3.442288e7
runproj limit: 3.0e-2
00000001001000000100000001000100000000100000000111111100 3.442288e7
runproj limit: 3.0e-2
01100100000000000101011101010111001010101000010001110100 3.4422896e7
best: 0.6127552102988401
runproj limit: 3.0e-2
01000100101011001010000000011010101001000000000111101000 3.4422872e7
runproj limit: 3.0e-2
01001100001010000011011000010000011000100000110110101001 4.528364e7
runproj limit: 3.0e-2
10000100001010001000000000010100100000001000010111111000 3.442288e7
runproj limit: 3.0e-2
01100100001000000111011101010110000100101000010011110100 3.4422872e7
runproj limit: 3.0e-2
00100100001000000011001100000011000000100001010011101100 3.4422872e7
runproj limit: 3.0e-2
01001000001000000111001100000111000000000000010011101100 3.4422872e7
runproj limit: 3.0e-2
00000000001001000011000000010010000000001000000001101001 3.4422872e7
runproj limit: 3.0e-2
01000000001000000010000000010110000100001000010011101000 3.4422872e7
runproj limit: 3.0e-2
00010100001011101000100001100100001101111111010111111001 4.0563824e7
runproj limit: 3.0e-2
00010011001101010001001100110001101110100100111010101101 4.851572e7
runproj limit: 3.0e-2
01111101001000000000000100011000001000110000100101101000 3.442288e7
runproj limit: 3.0e-2
10101000010000000011100111001011110000000010100011101010 3.4435776e7
runproj limit: 3.0e-2
01000110000001100000000101100010000010100000111011000001 5.1424616e7
runproj limit: 3.0e-2
00100000001000000011000100000011000000000001000001101110 3.4422872e7
runproj limit: 3.0e-2
01000000001000000010000000010110000100001000010011101000 3.4422872e7
runproj limit: 3.0e-2
01101100001000000111001100010010000100001000010011101100 3.4422872e7
runproj limit: 3.0e-2
10000100101011001010000010011110100001001100000111111000 3.4422872e7
runproj limit: 3.0e-2
01111100101010010111001100010001100100100001000011101100 3.4422872e7
runproj limit: 3.0e-2
00000000001001000011000000000000000000000001000001101011 3.4422872e7
runproj limit: 3.0e-2
01101100001000000111001100000011001000100001010011101100 3.4422872e7
best: 0.6127552102988401
runproj limit: 3.0e-2
11101100101011001110000110011110100000001100000111111100 3.4422872e7
runproj limit: 3.0e-2
00000100001000000011001000010010000000101000010011101100 3.4422872e7
runproj limit: 3.0e-2
00100100001000000011000100000011000000100001000001101100 3.4422872e7
runproj limit: 3.0e-2
00000010001001010011001000110000000010100000110001101101 3.4422872e7
runproj limit: 3.0e-2
01100000001000000110011001010110000100001000010011101000 3.4422872e7
runproj limit: 3.0e-2
00000000001000000011000000010010000100001000010001101000 3.4422872e7
runproj limit: 3.0e-2
00000010001100010000000100010000100100101000011010101000 4.851572e7
runproj limit: 3.0e-2
00000100001000000010000100010110000100100001010011101000 3.4422872e7
runproj limit: 3.0e-2
01000100001100000111011101100111011000011000010011110101 3.7654952e7
runproj limit: 3.0e-2
10000100001000000010111111110110000100001100011011110110 3.4422872e7
runproj limit: 3.0e-2
00100001001011001010000010101110110100010010110100011101 5.6177176e7
runproj limit: 3.0e-2
01000111001001000101010101101110000101101000101011100000 3.442288e7
runproj limit: 3.0e-2
11111101011000011000000100111110001000110100111101100000 3.443576e7
runproj limit: 3.0e-2
01000100101011001010000000011010101001000000000111101000 3.4422872e7
runproj limit: 3.0e-2
01100100001000000111011101010110000100101000010011110100 3.4422872e7
runproj limit: 3.0e-2
00100100001000000011001100000011000000100001010011101100 3.4422872e7
runproj limit: 3.0e-2
01001000001000000111001100000111000000000000010011101100 3.4422872e7
runproj limit: 3.0e-2
00000000001001000011000000010010000000001000000001101001 3.4422872e7
runproj limit: 3.0e-2
01000000001000000010000000010110000100001000010011101000 3.4422872e7
runproj limit: 3.0e-2
00100000001000000011000100000011000000000001000001101110 3.4422872e7
best: 0.6127552102988401
runproj limit: 3.0e-2
00100000001001000111010000010010000000001000010001101000 3.4422872e7
runproj limit: 3.0e-2
01001000001000000111011100000110000100000000010011101000 3.4422872e7
runproj limit: 3.0e-2
01001000001000000111001100000110000100001000010011111100 3.4422872e7
runproj limit: 3.0e-2
00000010001000010011001000010000000010101000010011101101 3.4422872e7
runproj limit: 3.0e-2
01000000001000000011000000010010000100001000010001101100 3.4422872e7
runproj limit: 3.0e-2
11101100001001011000000100011110000000101100101111101000 3.442288e7
runproj limit: 3.0e-2
01100100001000000011001101010010000000101000010011111100 3.4422872e7
runproj limit: 3.0e-2
00000010001000000000000100010100000100101000011011101000 3.442288e7
runproj limit: 3.0e-2
11101101001011010111001111011110000100001000001111110000 3.4422872e7
runproj limit: 3.0e-2
10000110001001100010111111011000000100000101001111110110 4.0563824e7
runproj limit: 3.0e-2
00110100101100000011000100011110000000100101000011111100 3.7654952e7
runproj limit: 3.0e-2
10100000000010000010000010010110011000100010000000101010 4.5316432e7
runproj limit: 3.0e-2
00000100001010010101001001101010100110001100110111000010 4.5316416e7
runproj limit: 3.0e-2
11101100101011001110000110011110100000001100000111111100 3.4422872e7
runproj limit: 3.0e-2
00000100001000000011001000010010000000101000010011101100 3.4422872e7
runproj limit: 3.0e-2
00100100001000000011000100000011000000100001000001101100 3.4422872e7
runproj limit: 3.0e-2
00000010001001010011001000110000000010100000110001101101 3.4422872e7
runproj limit: 3.0e-2
01100000001000000110011001010110000100001000010011101000 3.4422872e7
runproj limit: 3.0e-2
00000000001000000011000000010010000100001000010001101000 3.4422872e7
runproj limit: 3.0e-2
00000100001000000010000100010110000100100001010011101000 3.4422872e7
best: 0.6127552102988401
runproj limit: 3.0e-2
01000000001000000010000100010110000100001000010011111100 3.4422872e7
runproj limit: 3.0e-2
00000000001000000011000100010010000100101001010011101000 3.4422872e7
runproj limit: 3.0e-2
00100000001001000111010000010010000000001000010001101000 3.4422872e7
runproj limit: 3.0e-2
01100000001000000011010001000011000000100000000011101100 3.4422872e7
runproj limit: 3.0e-2
00001100001010000011001111011010000100001000010111100000 3.4422872e7
runproj limit: 3.0e-2
01100000001000000111001001010010000100101000010011101100 3.4422872e7
runproj limit: 3.0e-2
01000000001000000011000000010010000100001000010001101100 3.4422872e7
runproj limit: 3.0e-2
11000100101000001110000110011110100000001100010101111000 3.4422872e7
runproj limit: 3.0e-2
11000000001000100001011000000011011100000011111111011000 5.1424592e7
runproj limit: 3.0e-2
00010000101100101000001100001110010010100101000011011101 5.5982272e7
runproj limit: 3.0e-2
00100010001100001001010101100001000100100001010011001010 4.8548488e7
runproj limit: 3.0e-2
01011000110010001010000010110001110000101100000001101100 3.4435776e7
runproj limit: 3.0e-2
01101110011000010111000101000010010110100011100001011100 4.5329288e7
runproj limit: 3.0e-2
00100000001001000111010000010010000000001000010001101000 3.4422872e7
runproj limit: 3.0e-2
01001000001000000111011100000110000100000000010011101000 3.4422872e7
runproj limit: 3.0e-2
01001000001000000111001100000110000100001000010011111100 3.4422872e7
runproj limit: 3.0e-2
00000010001000010011001000010000000010101000010011101101 3.4422872e7
runproj limit: 3.0e-2
01000000001000000011000000010010000100001000010001101100 3.4422872e7
runproj limit: 3.0e-2
01100100001000000011001101010010000000101000010011111100 3.4422872e7
runproj limit: 3.0e-2
11101101001011010111001111011110000100001000001111110000 3.4422872e7
best: 0.6127552102988401
runproj limit: 3.0e-2
00000000001000000111001001010000000110101000010011101100 3.4422872e7
runproj limit: 3.0e-2
01100100001011000111000011010110000000001000000101101000 3.4422872e7
runproj limit: 3.0e-2
00001100001010000111011110001110000100000000010111100000 3.4422872e7
runproj limit: 3.0e-2
01100000001000000011001000010010000000001000010001101000 3.4422872e7
runproj limit: 3.0e-2
00010000101000101001001100001110010100100001010011011101 5.2750192e7
runproj limit: 3.0e-2
01100000001001000111010000010010000000001000010001101000 3.4422872e7
runproj limit: 3.0e-2
01000000001000000011010000010000000010101000010011101101 3.4422872e7
runproj limit: 3.0e-2
01101000001011000111001110010110000100001000011011101000 3.4422872e7
runproj limit: 3.0e-2
01101000011100000011101100010000001100010010110011111000 3.7667832e7
runproj limit: 3.0e-2
11100001100010110011010000010010000111101101110000101010 5.1424616e7
runproj limit: 3.0e-2
01100100001001010000000101011001010101101100111010110101 4.5283648e7
runproj limit: 3.0e-2
01101000001000110010011110000000000000001001000010111100 5.2750192e7
runproj limit: 3.0e-2
01000100101101010111000110001100100010001000000111000000 4.8548488e7
runproj limit: 3.0e-2
01000000001000000010000100010110000100001000010011111100 3.4422872e7
runproj limit: 3.0e-2
00000000001000000011000100010010000100101001010011101000 3.4422872e7
runproj limit: 3.0e-2
00100000001001000111010000010010000000001000010001101000 3.4422872e7
runproj limit: 3.0e-2
01100000001000000011010001000011000000100000000011101100 3.4422872e7
runproj limit: 3.0e-2
00001100001010000011001111011010000100001000010111100000 3.4422872e7
runproj limit: 3.0e-2
01100000001000000111001001010010000100101000010011101100 3.4422872e7
runproj limit: 3.0e-2
01000000001000000011000000010010000100001000010001101100 3.4422872e7
best: 0.6127552102988401
runproj limit: 3.0e-2
01000000001000000011000100010010000100101000010011101100 3.4422872e7
runproj limit: 3.0e-2
01000000001001010011000000000100000000001000010001001100 4.5316408e7
runproj limit: 3.0e-2
01001100001010000011001110011000001100011000110011101000 3.4422872e7
runproj limit: 3.0e-2
01100000001000000011001000010110000000001000010011111000 3.4422872e7
runproj limit: 3.0e-2
01001000001000000111001101011010000100000000010011101100 3.4422872e7
runproj limit: 3.0e-2
01100000001010000111000011010110000000001000000001101100 3.4422872e7
runproj limit: 3.0e-2
01000000001010000011000100011010000100001000010011110000 3.4422872e7
runproj limit: 3.0e-2
01100100001011000111000011010110000000001000000101101000 3.4422872e7
runproj limit: 3.0e-2
00100000011001111011010000000010001010110000110111101010 4.1869536e7
runproj limit: 3.0e-2
01101111001000000000001011011001001110101101001001101100 3.442288e7
runproj limit: 3.0e-2
10101010111001000111000010011010110110000100111010111000 4.529652e7
runproj limit: 3.0e-2
11000100100110000000001000100111010011001111010111111100 3.7654976e7
runproj limit: 3.0e-2
01000010001010001111100001101001000110000000010001001111 4.5316408e7
runproj limit: 3.0e-2
00000000001000000111001001010000000110101000010011101100 3.4422872e7
runproj limit: 3.0e-2
01100100001011000111000011010110000000001000000101101000 3.4422872e7
runproj limit: 3.0e-2
00001100001010000111011110001110000100000000010111100000 3.4422872e7
runproj limit: 3.0e-2
01100000001000000011001000010010000000001000010001101000 3.4422872e7
runproj limit: 3.0e-2
01100000001001000111010000010010000000001000010001101000 3.4422872e7
runproj limit: 3.0e-2
01000000001000000011010000010000000010101000010011101101 3.4422872e7
runproj limit: 3.0e-2
01101000001011000111001110010110000100001000011011101000 3.4422872e7
best: 0.6127552102988401
runproj limit: 3.0e-2
01001100001000000111000011011010000100000000010011101100 3.4422872e7
runproj limit: 3.0e-2
01100000001000000011000011010110000000001000000001111100 3.4422872e7
runproj limit: 3.0e-2
01000100001010000011000110011000001100011000010011101000 3.4422872e7
runproj limit: 3.0e-2
01100000001000000011001000010010000000001000010011101000 3.4422872e7
runproj limit: 3.0e-2
01000000001001000011010000010010000000101000010011101100 3.4422872e7
runproj limit: 3.0e-2
10101010001000000111001010011110110100000100010110111000 4.528364e7
runproj limit: 3.0e-2
01100000001010000111000111010110000000001000010001101000 3.4422872e7
runproj limit: 3.0e-2
00000000001001000111001000010100000100001000011011101100 3.4422872e7
runproj limit: 3.0e-2
11011010111001000010010000010010000100001101000001001010 4.5329288e7
runproj limit: 3.0e-2
01011100100110000011001110011010111110011000101001100000 3.7654976e7
runproj limit: 3.0e-2
01110110001001000011000011010111001010001010000101001000 4.5316408e7
runproj limit: 3.0e-2
00001110011100100111110111001111000101000100100101100010 4.5101616e7
runproj limit: 3.0e-2
01100000001101101001001011010100000000011000000000101000 5.5982272e7
runproj limit: 3.0e-2
01000000001000000011000100010010000100101000010011101100 3.4422872e7
runproj limit: 3.0e-2
01001100001010000011001110011000001100011000110011101000 3.4422872e7
runproj limit: 3.0e-2
01100000001000000011001000010110000000001000010011111000 3.4422872e7
runproj limit: 3.0e-2
01001000001000000111001101011010000100000000010011101100 3.4422872e7
runproj limit: 3.0e-2
01100000001010000111000011010110000000001000000001101100 3.4422872e7
runproj limit: 3.0e-2
01000000001010000011000100011010000100001000010011110000 3.4422872e7
runproj limit: 3.0e-2
01100100001011000111000011010110000000001000000101101000 3.4422872e7
best: 0.6127552102988401
runproj limit: 3.0e-2
01000000001000000111000100011010000100000000010011110100 3.4422872e7
runproj limit: 3.0e-2
01101100001010000011000110011010001100011000110001101000 3.4422872e7
runproj limit: 3.0e-2
01101000001000000111001011011110000000001000010001101100 3.4422872e7
runproj limit: 3.0e-2
01100000001000000011000101010110000000001000010011101000 3.4422872e7
runproj limit: 3.0e-2
01001100001010000111001110011010001100010000010011101000 3.4422872e7
runproj limit: 3.0e-2
01100000001000000011000011010110000000001000000001111100 3.4422872e7
runproj limit: 3.0e-2
11100000001000000111001000011110000000001000010111111000 3.4422872e7
runproj limit: 3.0e-2
01000000001011000011000100011010000000001000010011100000 3.4422872e7
runproj limit: 3.0e-2
00001000001010101001011100001001101100011000011010101101 5.2717424e7
runproj limit: 3.0e-2
00000110011100101111010111001111000101000110100101100010 4.5101616e7
runproj limit: 3.0e-2
01100100001001100101001011111011100000001000011001001001 5.1424592e7
runproj limit: 3.0e-2
11100001001110100010000010001011000101110011010011110000 4.5088736e7
runproj limit: 3.0e-2
11001100010000100111010111000010001110001111010001101010 4.0576728e7
runproj limit: 3.0e-2
01001100001000000111000011011010000100000000010011101100 3.4422872e7
runproj limit: 3.0e-2
01100000001000000011000011010110000000001000000001111100 3.4422872e7
runproj limit: 3.0e-2
01000100001010000011000110011000001100011000010011101000 3.4422872e7
runproj limit: 3.0e-2
01100000001000000011001000010010000000001000010011101000 3.4422872e7
runproj limit: 3.0e-2
01000000001001000011010000010010000000101000010011101100 3.4422872e7
runproj limit: 3.0e-2
01100000001010000111000111010110000000001000010001101000 3.4422872e7
runproj limit: 3.0e-2
00000000001001000111001000010100000100001000011011101100 3.4422872e7
best: 0.6127552102988401
runproj limit: 3.0e-2
01100001001010100010000101011110000001100001010011110000 4.0563824e7
runproj limit: 3.0e-2
01100000001000000111000011011110000000001000010001101100 3.4422872e7
runproj limit: 3.0e-2
01101100001000000111001011011110000000001000010011101100 3.4422872e7
runproj limit: 3.0e-2
01100000001000000011001000011110000000001000010011111000 3.4422872e7
runproj limit: 3.0e-2
01000000001000000111000100010110000100001000011011100100 3.4422872e7
runproj limit: 3.0e-2
01000100001001000111000011111010000000000000010001101000 3.4422872e7
runproj limit: 3.0e-2
01100100001110100011001110011010001101110001010011100000 4.5088736e7
runproj limit: 3.0e-2
01000000001010000011010110011000000100011000010011101100 3.4422872e7
runproj limit: 3.0e-2
01010100001000000011010001110010000000000011000001011101 4.5316408e7
runproj limit: 3.0e-2
11100010011011000111001001110010000101001000011101100000 3.4435752e7
runproj limit: 3.0e-2
01100100101010000111101111001010001110100001010011001001 4.5316408e7
runproj limit: 3.0e-2
01000100001110000001101001011110010101010000010011110010 3.7654952e7
runproj limit: 3.0e-2
00110010000001111111101001001110001000011101010111111000 4.185668e7
runproj limit: 3.0e-2
01000000001000000111000100011010000100000000010011110100 3.4422872e7
runproj limit: 3.0e-2
01101100001010000011000110011010001100011000110001101000 3.4422872e7
runproj limit: 3.0e-2
01101000001000000111001011011110000000001000010001101100 3.4422872e7
runproj limit: 3.0e-2
01100000001000000011000101010110000000001000010011101000 3.4422872e7
runproj limit: 3.0e-2
01001100001010000111001110011010001100010000010011101000 3.4422872e7
runproj limit: 3.0e-2
01100000001000000011000011010110000000001000000001111100 3.4422872e7
runproj limit: 3.0e-2
11100000001000000111001000011110000000001000010111111000 3.4422872e7
best: 0.6127552102988401
done evolving!
"all is well:)"
>>>>>>>>>>>>>>FINISH OPTIMIZATION>>>>>>>>>>>>>>>
481.03user 328.54system 15:07.45elapsed 89%CPU (0avgtext+0avgdata 131332maxresident)k
1074368inputs+1416448outputs (590major+63249593minor)pagefaults 0swaps
