Optimizing /h/ywang30/nofib/spectral/puzzle
>>>>>>>>>>>>>>>START OPTIMIZATION>>>>>>>>>>>>>>>
pop: 13
gens: 15
arch: 7
limit is: 0.28
runproj limit: 0.28
"All is well :D"
Basetime is: 1.65863672e8
runproj limit: 0.28
000000000000000000000000000000000000000000000000000000000000000000000000000000000000000000000000000000 1.65863672e8
runproj limit: 0.28
001000000010000000010000000000110000000000000000000000000000000100100000000000000000000000000000000000 1.65863672e8
runproj limit: 0.28
000000000000000000000000000000000000000000000000000000000000000000000000000000000000000000000000000000 1.65863672e8
runproj limit: 0.28
000000000001000000100000101000000000101001000000000100000000011000000000100000000000000000000000000100 1.67130264e8
runproj limit: 0.28
000000000000000000000000000000000000000000000000000000000000000000000000000000000000000000000000000000 1.65863672e8
runproj limit: 0.28
001000001001000000000001000010000000000000000000100000000000000011000000010000000000100000000001010000 1.6146244e8
runproj limit: 0.28
000000000000000000000000000000000000000000000000000000000000000000000000000000000000000000000000000000 1.65863672e8
runproj limit: 0.28
000000000000000000000000000000000000000000000000000000000000000000000000000000000000000000000000000000 1.65863672e8
runproj limit: 0.28
000010000000000000000010000010000000000000000000010000010000000010000010010000000000000000010000000000 1.65863688e8
runproj limit: 0.28
000000000000000000000000000000000000000000000000000000000000000000000000000000000000000000000000000000 1.65863672e8
runproj limit: 0.28
000001000000000010000000000000000000101000000000000000000000101100000000000010000011110000001000000001 1.4808864e8
runproj limit: 0.28
000010000000100000000001000000010000000000100000000000000000000001000000100000000000000000000000000001 1.6586368e8
runproj limit: 0.28
000000000000000000000000000010000000000000000100000000000000001100011000001001000000000000000001000010 1.6586368e8
best: 0.8928334831511507
runproj limit: 0.28
000001000000000000000000000000000000100000000000000000000000001000000000000000000001010000000000000001 1.6586368e8
runproj limit: 0.28
000000000000000000000000000000000000000000000000000000000000000000000000000000000000000000000000000000 1.65863672e8
runproj limit: 0.28
001000001001000000000001000010000000000000000000100000000000000011000000010000000000100000000001010000 1.6146244e8
runproj limit: 0.28
000000000000000000000000000000000000000000000000000000000000000000000000000000000000000000000000000000 1.65863672e8
runproj limit: 0.28
001000000000000000010000000000000000000000000000000000000000000000000000000000000000000000000000000000 1.65863672e8
runproj limit: 0.28
000000000000000000000000000010000000000000000000000000000000000100000000000000000000000000000001000000 1.65863672e8
runproj limit: 0.28
000000000000000010000000000000000000101000000000000000000000001000000000000000000011000000000000000001 1.6586368e8
runproj limit: 0.28
000000000000000000000000000000000000000000000000000000000000000000000000000000000000000000000000000000 1.65863672e8
runproj limit: 0.28
001000000011110010010001100000010000001000000100010001110010100100101000110001000000001100010000100010 1.56373888e8
runproj limit: 0.28
000001000000100101100110000000010111100000010101010000000001000000000000000000000001101010001010000000 7.21163576e8
runproj limit: 0.28
010011001100011001110000010100000001001000000100000010010010000000000010001000000010101000010010010110 8.246848e8
runproj limit: 0.28
011001000001100001010011000100001000000000000000010101000100011011000001010000100010110000010101011010 1.57381216e8
runproj limit: 0.28
011000010010000011000000000100000010100000000101111111000000101100000001000010000011110100011111100111 6.2152468e8
runproj limit: 0.28
000001000000000010000000000000000000101000000000000000000000101100000000000010000011110000001000000001 1.4808864e8
runproj limit: 0.28
001000001001000000000001000010000000000000000000100000000000000011000000010000000000100000000001010000 1.6146244e8
runproj limit: 0.28
000000000000000000000000000000000000000000000000000000000000000000000000000000000000000000000000000000 1.65863672e8
runproj limit: 0.28
001000000010000000010000000000110000000000000000000000000000000100100000000000000000000000000000000000 1.65863672e8
runproj limit: 0.28
000010000000100000000001000000010000000000100000000000000000000001000000100000000000000000000000000001 1.6586368e8
runproj limit: 0.28
000000000000000000000000000010000000000000000100000000000000001100011000001001000000000000000001000010 1.6586368e8
runproj limit: 0.28
000010000000000000000010000010000000000000000000010000010000000010000010010000000000000000010000000000 1.65863688e8
best: 0.8928334831511507
runproj limit: 0.28
001000000001100000010001100000010000000000000000010001110000100100001000010000000000001000010000000010 1.65905392e8
runproj limit: 0.28
010001000001000000000000000000001000100000000000010001000100111100000001010000100010110000001101011011 1.41173504e8
runproj limit: 0.28
000000000000000000000000000010110000000000000000000000000000000100000000000000000000000000000001000000 1.65863672e8
runproj limit: 0.28
001000001001000000000000000010000000000000000000100000000000000011000000010000000000000000000000010000 1.6146244e8
runproj limit: 0.28
000001001001000000000001000010000000100000000000000000000000001010000000010010000001100000000001000000 1.6713028e8
runproj limit: 0.28
001000000000000000010000000000000000000000000000000000000000000100100000000000000000000000000000000000 1.65863672e8
runproj limit: 0.28
001000001011010000010001100010010000001000000000000001110000000101100000010001000000000000010001000000 1.67130184e8
runproj limit: 0.28
001001000000100001010011000100010000100000000100010101000100000000000000000000100001101000001010001010 7.21163032e8
runproj limit: 0.28
001000000010001000000100010000010000000100111001100000010010000100100011010110110000001000000000100001 1.56374496e8
runproj limit: 0.28
000101000001000011001000000100010000100000000110000000100010110101010001010010010111100000001010110101 5.8860412e8
runproj limit: 0.28
111101000000111101011011000101101000001100010010000111011000110001101000010000111011011010010001001010 1.36472736e8
runproj limit: 0.28
010101000100010111011011100100001111101000010100000100001100001011000011110000100001100000010110000110 6.07481592e8
runproj limit: 0.28
000100000000010100000110010011100110011001010000000010001000101000010100011011100111110001001010001010 7.17063824e8
runproj limit: 0.28
000001000000000010000000000000000000101000000000000000000000101100000000000010000011110000001000000001 1.4808864e8
runproj limit: 0.28
001000000011110010010001100000010000001000000100010001110010100100101000110001000000001100010000100010 1.56373888e8
runproj limit: 0.28
011001000001100001010011000100001000000000000000010101000100011011000001010000100010110000010101011010 1.57381216e8
runproj limit: 0.28
001000001001000000000001000010000000000000000000100000000000000011000000010000000000100000000001010000 1.6146244e8
runproj limit: 0.28
000000000000000000000000000000000000000000000000000000000000000000000000000000000000000000000000000000 1.65863672e8
runproj limit: 0.28
001000000000000000010000000000000000000000000000000000000000000000000000000000000000000000000000000000 1.65863672e8
runproj limit: 0.28
000000000000000000000000000010000000000000000000000000000000000100000000000000000000000000000001000000 1.65863672e8
best: 0.8228006431691685
runproj limit: 0.28
001000000011011010000001010000010000000100001100100000110010000100101010110001010000001100010000100001 1.56374576e8
runproj limit: 0.28
000000000000000000000000000010000000000000000000000000000000000111000000010000000000000000000001000000 1.65863688e8
runproj limit: 0.28
001000000011110010010001000000000000000000000100000001010010000100101000110000000000001100000000000010 1.65905872e8
runproj limit: 0.28
001001000000000010000000000000000000001000000000000000000000001110000000000000000000000000000000000000 1.65863672e8
runproj limit: 0.28
011100001001110100011011000010101000000100010010100111010000000001100000010000011011110000000001011000 1.4248356e8
runproj limit: 0.28
000000000001100010010001100010010000000000000100010000010010100100101000110000000000001000000001000010 1.65905968e8
runproj limit: 0.28
011001000011100001010011000000000000000100100001010101000010010100000011010000110000000000010100101001 1.56351664e8
runproj limit: 0.28
001000000001000000000000000010000000000000000000100000000000000011000000010000000000000000000000000000 1.6713028e8
runproj limit: 0.28
000000000000000000000000001000001000000001000000000000001010100100000001001000111101101001100000111010 1.99269424e8
runproj limit: 0.28
011010000001000000010101100110010010001010010000010001101000000110011100011100000010101000111010001111 7.12480144e8
runproj limit: 0.28
011000000100010111000000000010110000100000010000100110100100000000001101000010101000110100000001001000 1.67193112e8
runproj limit: 0.28
111001010000111001011101011101111000101000010110000011011001110101101000000100001011011011010101001110 1.34884192e8
runproj limit: 0.28
010001000000000010011010110111111010101000010100000100011100000000000011110000110001110010010110000010 6.07481592e8
runproj limit: 0.28
111101000000111101011011000101101000001100010010000111011000110001101000010000111011011010010001001010 1.36472736e8
runproj limit: 0.28
010001000001000000000000000000001000100000000000010001000100111100000001010000100010110000001101011011 1.41173504e8
runproj limit: 0.28
000001000000000010000000000000000000101000000000000000000000101100000000000010000011110000001000000001 1.4808864e8
runproj limit: 0.28
001000000011110010010001100000010000001000000100010001110010100100101000110001000000001100010000100010 1.56373888e8
runproj limit: 0.28
001000000010001000000100010000010000000100111001100000010010000100100011010110110000001000000000100001 1.56374496e8
runproj limit: 0.28
011001000001100001010011000100001000000000000000010101000100011011000001010000100010110000010101011010 1.57381216e8
runproj limit: 0.28
001000001001000000000000000010000000000000000000100000000000000011000000010000000000000000000000010000 1.6146244e8
best: 0.8132232355256189
runproj limit: 0.28
011101000001100110001000000000101000100000000010000100000000000101100000000010001011110000001000000000 1.37697592e8
runproj limit: 0.28
011000001001100000010011000010000000000100100001100000000000000111000001010000110000000000000000001001 1.6719344e8
runproj limit: 0.28
111101000000111101011011000101101000001100010010000111011000110001101000010000111011011010010001001010 1.36472736e8
runproj limit: 0.28
011000000011100000010011100000010000000000000000010101100010100100100011010001100000000000010100101000 1.56351464e8
runproj limit: 0.28
011101001011110000011011000010001000000100110010010111010010000101000000010000111000100000010001111001 1.32951696e8
runproj limit: 0.28
010001000011100000000000000000000000100000100001010101000110111100000001010000110000110000010101011001 1.60215328e8
runproj limit: 0.28
111001000001000000010100001101101000101000010010010011011000110101101000000100101010011000011101011111 1.4119552e8
runproj limit: 0.28
000000000010000000010000100000000000001000000100010000110000000100101000010000000000001000000000100000 1.55107864e8
runproj limit: 0.28
000000100001000010110101000000111010000110001100100000100001011100101010111101000101011110110000100001 2.09564224e8
runproj limit: 0.28
000101000111100101010111000000000000100100100101100111110011110100010000010000110101010001100100001101 2.16891176e8
runproj limit: 0.28
010011010001000000001011010000001000100000000000010100000100100110110001011000100000100100001111001011 6.07974136e8
runproj limit: 0.28
101000010000110000011001100010000000000100000100011001010110001100101001010000101000010100000000100001 1.28166608e8
runproj limit: 0.28
011000000011011011001111011000011000100000101100101101111011000100101010111001111100001000011010100001 7.01583768e8
runproj limit: 0.28
111001010000111001011101011101111000101000010110000011011001110101101000000100001011011011010101001110 1.34884192e8
runproj limit: 0.28
111101000000111101011011000101101000001100010010000111011000110001101000010000111011011010010001001010 1.36472736e8
runproj limit: 0.28
010001000001000000000000000000001000100000000000010001000100111100000001010000100010110000001101011011 1.41173504e8
runproj limit: 0.28
011100001001110100011011000010101000000100010010100111010000000001100000010000011011110000000001011000 1.4248356e8
runproj limit: 0.28
000001000000000010000000000000000000101000000000000000000000101100000000000010000011110000001000000001 1.4808864e8
runproj limit: 0.28
011001000011100001010011000000000000000100100001010101000010010100000011010000110000000000010100101001 1.56351664e8
runproj limit: 0.28
001000000011110010010001100000010000001000000100010001110010100100101000110001000000001100010000100010 1.56373888e8
best: 0.7727226007633546
runproj limit: 0.28
111101000000110000011011100001001000001100000000010001011110101001101000010000111000011110000000100010 1.26941136e8
runproj limit: 0.28
011101001001110100011011000010101000000100010010000111010010000101000000010000011000110000010001111000 1.32952056e8
runproj limit: 0.28
010101000000100110000000000001100000001100010000000101011000100100101000010010101011111010010001001010 1.646392e8
runproj limit: 0.28
001001000000011000001010000001101000101000000000000100010000100001001000010010101011011010010000001010 1.36473216e8
runproj limit: 0.28
000001001010100000010011000000001000100000100010010000010010000100000000000010101001110000010001110001 1.49097008e8
runproj limit: 0.28
010000000011100000010000100000010000000000000000010000100010100100101000010001000000001000000000101000 1.56374456e8
runproj limit: 0.28
111001000000110101010011001101101000001000010010010011011000110001101000010000101010011000010001011011 1.57403168e8
runproj limit: 0.28
001000010011110010010001100000010000000100000100010001010010001100101001110001100000001100000000100001 1.56373808e8
runproj limit: 0.28
010001000011000001000111100000010000000100100011000011001010110100010001000000110010001000010100100001 1.5637416e8
runproj limit: 0.28
000101010000110000010001100000110000100110011100011111100111001001100000110001101000010000000000100001 1.5633228e8
runproj limit: 0.28
100000001011010010000000100010001001110001100100010001001101000101101000000000110010110000010101001010 1.65883208e8
runproj limit: 0.28
101100011000010100011001100110101011000100000000011001011011011101111001111000101100010111011000111101 1.31364432e8
runproj limit: 0.28
000001000010101101010100100010111100000000001101000100000000010000001110000010000010000000000101100101 1.56349152e8
runproj limit: 0.28
101000010000110000011001100010000000000100000100011001010110001100101001010000101000010100000000100001 1.28166608e8
runproj limit: 0.28
011101001011110000011011000010001000000100110010010111010010000101000000010000111000100000010001111001 1.32951696e8
runproj limit: 0.28
111001010000111001011101011101111000101000010110000011011001110101101000000100001011011011010101001110 1.34884192e8
runproj limit: 0.28
111101000000111101011011000101101000001100010010000111011000110001101000010000111011011010010001001010 1.36472736e8
runproj limit: 0.28
011101000001100110001000000000101000100000000010000100000000000101100000000010001011110000001000000000 1.37697592e8
runproj limit: 0.28
010001000001000000000000000000001000100000000000010001000100111100000001010000100010110000001101011011 1.41173504e8
runproj limit: 0.28
111001000001000000010100001101101000101000010010010011011000110101101000000100101010011000011101011111 1.4119552e8
best: 0.7653341715478239
runproj limit: 0.28
111101001000101100010011000101001000000000100010010101011000010000000000000010111001011010010001111010 1.47872304e8
runproj limit: 0.28
101001000000101101011101000100111100001100011010000111000000110000001010000010001011001000000101001100 1.36472792e8
runproj limit: 0.28
111001000000111001000010000101101000101000010000010111011000110001001000010000101010011010010000001010 1.65904928e8
runproj limit: 0.28
111001000001000000010100001101101000101000010010010011011000110101101000000100101010011000011101011111 1.4119552e8
runproj limit: 0.28
011101001000110100011011000011001000001100010000010101011110100101100000010000111000110000010000100010 1.28165456e8
runproj limit: 0.28
011101001011110000011011000010101000000100010010010111010010000101000000010000111000100000010001111001 1.32951504e8
runproj limit: 0.28
011101001011110000011011100011001000000100010000010011011110101101100000010000111000110110010001111001 1.32951504e8
runproj limit: 0.28
111001001011110000011001000100011000001100110110010011010010110101101000000100111001000010010001001011 1.37760064e8
runproj limit: 0.28
101000000000001010010011111101001010011001110001010001001110100001111000010110011000010011001010100010 6.63525424e8
runproj limit: 0.28
110111100001100101111001101110101001100101011110001001001101011001101000110011111100011011001010111101 5.78346504e8
runproj limit: 0.28
011011000001100111001001000010101000100100001110100001000001000100100011000010000111110011001010000000 6.01509616e8
runproj limit: 0.28
111111001111110100010011110000100100000100101010100110010001000100011011110010001100110110111001111011 1.85788736e8
runproj limit: 0.28
000001000000111101010001111110111101100010000111001110000000001000001110001111010001010001010111000101 7.56784112e8
runproj limit: 0.28
111101000000110000011011100001001000001100000000010001011110101001101000010000111000011110000000100010 1.26941136e8
runproj limit: 0.28
101000010000110000011001100010000000000100000100011001010110001100101001010000101000010100000000100001 1.28166608e8
runproj limit: 0.28
101100011000010100011001100110101011000100000000011001011011011101111001111000101100010111011000111101 1.31364432e8
runproj limit: 0.28
011101001011110000011011000010001000000100110010010111010010000101000000010000111000100000010001111001 1.32951696e8
runproj limit: 0.28
011101001001110100011011000010101000000100010010000111010010000101000000010000011000110000010001111000 1.32952056e8
runproj limit: 0.28
111001010000111001011101011101111000101000010110000011011001110101101000000100001011011011010101001110 1.34884192e8
runproj limit: 0.28
111101000000111101011011000101101000001100010010000111011000110001101000010000111011011010010001001010 1.36472736e8
best: 0.7653341715478239
runproj limit: 0.28
011101001011110000011011000010001000000100010000010111010110101101000000010000111000110000010001111001 1.32951504e8
runproj limit: 0.28
111001001000110000011011000101011000001100110110010101011110100101101000010000111001010010010000000010 1.37697152e8
runproj limit: 0.28
011101001000110100011011000001001000001100000000010001011110101001101000010000111000110010000000100010 1.28165456e8
runproj limit: 0.28
010111100001110100011001101110001000100100011100010011001110111001101000010011111100111010010001111101 1.31663952e8
runproj limit: 0.28
101000010000110001011101011000000000100100000110011001010000001101101000010000001000011101000001000001 1.34885288e8
runproj limit: 0.28
111101001011110000011001100101011000001100110100010011010110110101100000010000111001010010010001011011 1.424832e8
runproj limit: 0.28
111010110001110101111001100110101001000100000110001001010100011001101001010010111000010001001010111101 5.82521888e8
runproj limit: 0.28
011001001001110100011001000100011000001100110010010001010010110101101000010100111001000000010001101011 1.2822888e8
runproj limit: 0.28
011110001010110000011111011010101110000010010010010001000011010001110001010010011100100110110001101001 1.70056528e8
runproj limit: 0.28
100101001001110101000011101010101000001101010000000111111010000100001001010010011000110110010001010010 1.75572944e8
runproj limit: 0.28
110100010011110000011011001110001101010011011110101110001011000101000100000101101000110100001001111011 1.32953384e8
runproj limit: 0.28
110001110001010000110110000011101000111000011100010110010110110001100000000000101110110100010101011001 1.57381584e8
runproj limit: 0.28
111011000101100001001001001011001000100101001000100011001001010100101010001010011111110010101011000000 6.49557696e8
runproj limit: 0.28
111101000000110000011011100001001000001100000000010001011110101001101000010000111000011110000000100010 1.26941136e8
runproj limit: 0.28
011101001000110100011011000011001000001100010000010101011110100101100000010000111000110000010000100010 1.28165456e8
runproj limit: 0.28
101000010000110000011001100010000000000100000100011001010110001100101001010000101000010100000000100001 1.28166608e8
runproj limit: 0.28
101100011000010100011001100110101011000100000000011001011011011101111001111000101100010111011000111101 1.31364432e8
runproj limit: 0.28
011101001011110000011011000010101000000100010010010111010010000101000000010000111000100000010001111001 1.32951504e8
runproj limit: 0.28
011101001011110000011011100011001000000100010000010011011110101101100000010000111000110110010001111001 1.32951504e8
runproj limit: 0.28
011101001011110000011011000010001000000100110010010111010010000101000000010000111000100000010001111001 1.32951696e8
best: 0.7653341715478239
runproj limit: 0.28
111101001010110100011011000110101010000100010000010001011011010101010000011000101000100000010000111101 1.32951864e8
runproj limit: 0.28
101100011000110000011101101110100000000100000110011001011011001101101001010000101000011101001000010001 1.39608384e8
runproj limit: 0.28
011100001000010100011011100111001010000100010000010101011110011101110001010000101100110000011000111110 1.32951888e8
runproj limit: 0.28
011111101001110100011011100010001000100100010000010111000110111101100000010000111000110000010001111001 1.32951504e8
runproj limit: 0.28
011101001010110000011011000010001000000100010000010111010010100101100000010000111000110000010001101001 1.28228304e8
runproj limit: 0.28
111000010001110001011001000011001000000100001100001001001001011100101010010000001100010110101010000001 6.49559256e8
runproj limit: 0.28
011101000000110100011011100010001000001100010100011101010110101101101000010000101000110100010000100000 1.281666e8
runproj limit: 0.28
110100000011110000011011101011001101010010010110011011011011001101100100000000111000110100011001111001 1.32952696e8
runproj limit: 0.28
111111011000000000011111100001001000000100010111010100011110100110100010111101101000110000000011110000 5.61206144e8
runproj limit: 0.28
110100110011101000011011000101101101010001001011101110001001000111101100110101101010110100101001111001 1.74757488e8
runproj limit: 0.28
011001000001110100011011000110011000001101000000110101010110001001101000001010000011110010011000000111 1.37697024e8
runproj limit: 0.28
111101001001010000001010100111011110001100000010000110010010001101100001011100011000101000110001111011 1.73197096e8
runproj limit: 0.28
011101001011010101111011011100000001101101111011011100110111100101100000000000111000100000010000111001 1.58371112e8
runproj limit: 0.28
111101000000110000011011100001001000001100000000010001011110101001101000010000111000011110000000100010 1.26941136e8
runproj limit: 0.28
011101001000110100011011000001001000001100000000010001011110101001101000010000111000110010000000100010 1.28165456e8
runproj limit: 0.28
011101001000110100011011000011001000001100010000010101011110100101100000010000111000110000010000100010 1.28165456e8
runproj limit: 0.28
101000010000110000011001100010000000000100000100011001010110001100101001010000101000010100000000100001 1.28166608e8
runproj limit: 0.28
011001001001110100011001000100011000001100110010010001010010110101101000010100111001000000010001101011 1.2822888e8
runproj limit: 0.28
101100011000010100011001100110101011000100000000011001011011011101111001111000101100010111011000111101 1.31364432e8
runproj limit: 0.28
010111100001110100011001101110001000100100011100010011001110111001101000010011111100111010010001111101 1.31663952e8
best: 0.7653341715478239
runproj limit: 0.28
110100000010110000011011100011001100011110010100010001011110101001100000000000111000110100000001111001 1.32952528e8
runproj limit: 0.28
010111001001110100011011000110001000000100011000010011011010100101101000010011111000110010010001101101 1.28228304e8
runproj limit: 0.28
111101001001110100011011000100101000000100010000010001011011110101100000011100101001000000010000101001 1.28228664e8
runproj limit: 0.28
011101001001110100011011000001001000001100010010010101011110110101101000010100111000010000010000100010 1.28165456e8
runproj limit: 0.28
011111001000010100011011100001001000000100010001010000011110100110101010111001111000110000000000110010 1.32889232e8
runproj limit: 0.28
011101000000110100011011000000001000001100000100010001010110101001101000010000111000110010010000100000 1.28165448e8
runproj limit: 0.28
011101001010110000011011000010001000000100010000010111010010100101100000010000111000110000010001101001 1.28228304e8
runproj limit: 0.28
111101000000010100011001100001101000000100000000010001011010101001101000110000101000010111011000101000 1.26640096e8
runproj limit: 0.28
011100011000011100111111100010111101000110111011110101011001011100011111011100100000010100010100011101 1.36450952e8
runproj limit: 0.28
010000000001111110101001000010011100101101000000111101000010001100101011001010010111010011111100010101 1.82626976e8
runproj limit: 0.28
111100000010110010001111110110011101010000000100010011111000010101101100010010110001110001010011100010 5.52718144e8
runproj limit: 0.28
011011000100010010001011101010110101001101010100010111011011101101101010000110100101101000010011111001 5.868316e8
runproj limit: 0.28
001111101100110001011011010011011101101100111000011001011001101001100000000010110011100000000001010000 1.42421344e8
runproj limit: 0.28
111101000000110000011011100001001000001100000000010001011110101001101000010000111000011110000000100010 1.26941136e8
runproj limit: 0.28
011101001000110100011011000001001000001100000000010001011110101001101000010000111000110010000000100010 1.28165456e8
runproj limit: 0.28
011101001000110100011011000011001000001100010000010101011110100101100000010000111000110000010000100010 1.28165456e8
runproj limit: 0.28
011101000000110100011011100010001000001100010100011101010110101101101000010000101000110100010000100000 1.281666e8
runproj limit: 0.28
101000010000110000011001100010000000000100000100011001010110001100101001010000101000010100000000100001 1.28166608e8
runproj limit: 0.28
011101001010110000011011000010001000000100010000010111010010100101100000010000111000110000010001101001 1.28228304e8
runproj limit: 0.28
011001001001110100011001000100011000001100110010010001010010110101101000010100111001000000010001101011 1.2822888e8
best: 0.7635191870104021
runproj limit: 0.28
111101000000010100011001000001101000000100000000010001010010101001101000010000111000010011010000100000 1.26576864e8
runproj limit: 0.28
111101001001110000011011000100011000001100100000010001010110101101101000010000111000011010010001101010 1.26941328e8
runproj limit: 0.28
011111001000010100011011100001001000001100000001010000011110101111101010011001111000110000000000110010 1.32889232e8
runproj limit: 0.28
011101000010110000011011000010001000001100000000010011011010101001101000010000111000011000000000100010 1.26940752e8
runproj limit: 0.28
010011000001111110111001000010001100000100000000011111000010000101101011000010011011010011110001010101 1.84148e8
runproj limit: 0.28
101000000000110000011001100000001000000100000000010001010110001100101000010000101000011100000000100001 1.26941136e8
runproj limit: 0.28
011101001000110100011011100011001000001100010110011101011110111101101000010100101000110100010000100000 1.281666e8
runproj limit: 0.28
111101001000110100011001000100111000001100110010010001011010111001101000110100111001000010011001101010 1.2822888e8
runproj limit: 0.28
010101000101110101010111000101101010001000101100010101010010101101011000010100011000100010010000110010 1.4917984e8
runproj limit: 0.28
110101010010011000011111000001001000110101011000000000111010101001101010001100010010110110001001100010 1.28249408e8
runproj limit: 0.28
111101000010100100111011110000111000000111011110000011001111010101100001100000110000110110000001110001 1.32889368e8
runproj limit: 0.28
010101001000111001001111100010101001001100000100000101011100100111100000010010111000010100100000110010 2.01990968e8
runproj limit: 0.28
011101000001000010001001100101001000100101000100111111011010110011011110110000111000101111001100101110 1.2535332e8
runproj limit: 0.28
111101000000010100011001100001101000000100000000010001011010101001101000110000101000010111011000101000 1.26640096e8
runproj limit: 0.28
111101000000110000011011100001001000001100000000010001011110101001101000010000111000011110000000100010 1.26941136e8
runproj limit: 0.28
011101000000110100011011000000001000001100000100010001010110101001101000010000111000110010010000100000 1.28165448e8
runproj limit: 0.28
011101001001110100011011000001001000001100010010010101011110110101101000010100111000010000010000100010 1.28165456e8
runproj limit: 0.28
011101001000110100011011000001001000001100000000010001011110101001101000010000111000110010000000100010 1.28165456e8
runproj limit: 0.28
011101001000110100011011000011001000001100010000010101011110100101100000010000111000110000010000100010 1.28165456e8
runproj limit: 0.28
011101000000110100011011100010001000001100010100011101010110101101101000010000101000110100010000100000 1.281666e8
best: 0.7557611530510431
runproj limit: 0.28
111101000000010100011001000001001000000101000100110111010010110001011000010000111000010011011000101110 1.2663972e8
runproj limit: 0.28
011101000000100000001011100111001000000100000100011101010010100001001100110000111000100101000000101000 1.26641248e8
runproj limit: 0.28
011101000000110010011011000001001000101101000100110011010010111011111010110000111000101111011100101110 1.25352168e8
runproj limit: 0.28
111101000010110000011011000011001000000100000000010001011010101001101000110000101000011011000000101010 1.25352552e8
runproj limit: 0.28
011101001000110100011011000011001000001100010100010101010110101101101000010000111000110100010000100000 1.28165448e8
runproj limit: 0.28
011101000001100000001011000100011000101101100000011101011010110111101000010000111000011011011100101110 1.25353704e8
runproj limit: 0.28
011101000001010000001001100101101000000100000000110011011010100011011000110000101000001111011000101000 1.2535216e8
runproj limit: 0.28
011101000001000010011011000110001000000100000100110011011010110001001000010000111000011000001000101110 1.26940752e8
runproj limit: 0.28
111101000100011011011001100101101010101010001001110001111101100011000100110000011000011111010100101000 1.25353176e8
runproj limit: 0.28
011110111000110101101011100001111010101101000110110101010010101100000001011101110001110001010000101010 1.26640104e8
runproj limit: 0.28
101101100100010100011000000000000100101111011000000001010110001000101001110010111100101100111000110000 1.73197872e8
runproj limit: 0.28
011100001011110100111010101101111101110101110001010001011000001001111000010001000000100111011000001000 1.36171872e8
runproj limit: 0.28
011101100000010111010011111100111000101110010100010101100011011101011011100001101010110101010000010001 1.59281152e8
runproj limit: 0.28
011101000001000010001001100101001000100101000100111111011010110011011110110000111000101111001100101110 1.2535332e8
runproj limit: 0.28
111101000000010100011001000001101000000100000000010001010010101001101000010000111000010011010000100000 1.26576864e8
runproj limit: 0.28
111101000000010100011001100001101000000100000000010001011010101001101000110000101000010111011000101000 1.26640096e8
runproj limit: 0.28
011101000010110000011011000010001000001100000000010011011010101001101000010000111000011000000000100010 1.26940752e8
runproj limit: 0.28
101000000000110000011001100000001000000100000000010001010110001100101000010000101000011100000000100001 1.26941136e8
runproj limit: 0.28
111101000000110000011011100001001000001100000000010001011110101001101000010000111000011110000000100010 1.26941136e8
runproj limit: 0.28
111101001001110000011011000100011000001100100000010001010110101101101000010000111000011010010001101010 1.26941328e8
best: 0.7557541593556424
runproj limit: 0.28
111101000000011000011001000101101010001110000001110001110111100001100000110000111000010011010100101000 1.2533076e8
runproj limit: 0.28
111101000011100000001011000011011000000101100000011001011010100101101000010000111000011011001100101110 1.25353704e8
runproj limit: 0.28
011101000000110000011001000101001000100101000000110011011010110011011010110000101000001111011000101100 1.2535216e8
runproj limit: 0.28
111101000010110000011011000011001000000101000000010111010010110001011000110000101000010011010000101010 1.2663972e8
runproj limit: 0.28
111101000000010100011001000001001000000101000100110111010010110001011000010000111000010011010000100110 1.26576488e8
runproj limit: 0.28
011101000000110000001001100111001000000100000100010101010010100001101100110000111000010101000000101000 1.26640096e8
runproj limit: 0.28
111101000000010000001001000001101000000100000000010001011010100011001000110000111000000111010000100000 1.26576864e8
runproj limit: 0.28
011100100000110111111011000001001010101101000110110001010010111001001011110000111001100111011100101010 1.25330216e8
runproj limit: 0.28
000110101100110001001001100000001001000101010100011001110111001100101010011010100100001100011110100001 5.57303472e8
runproj limit: 0.28
011001001011110010011011000001100100001101000010010001010010011111111010111000011000001101010000001100 1.34884128e8
runproj limit: 0.28
111001100000110101011001000001111010100100100000011001010110001001001000001000111001011010110001100011 1.6847484e8
runproj limit: 0.28
111101100101111100010011110001111000010101001100110001111010110000001000100001101001000111011000101000 1.49447936e8
runproj limit: 0.28
111101000011101010111011110011101000000000000100100101011011001001010000110000100011111011111001011100 1.82651616e8
runproj limit: 0.28
011101000001010000001001100101101000000100000000110011011010100011011000110000101000001111011000101000 1.2535216e8
runproj limit: 0.28
011101000000110010011011000001001000101101000100110011010010111011111010110000111000101111011100101110 1.25352168e8
runproj limit: 0.28
111101000010110000011011000011001000000100000000010001011010101001101000110000101000011011000000101010 1.25352552e8
runproj limit: 0.28
111101000100011011011001100101101010101010001001110001111101100011000100110000011000011111010100101000 1.25353176e8
runproj limit: 0.28
011101000001000010001001100101001000100101000100111111011010110011011110110000111000101111001100101110 1.2535332e8
runproj limit: 0.28
011101000001100000001011000100011000101101100000011101011010110111101000010000111000011011011100101110 1.25353704e8
runproj limit: 0.28
111101000000010100011001000001101000000100000000010001010010101001101000010000111000010011010000100000 1.26576864e8
best: 0.7556218579316151
runproj limit: 0.28
011101000001110000001011000101001000100101000000010101011010110011001010110000101000001111011100101100 1.25352544e8
runproj limit: 0.28
011101000000110010001001000001101000101101000000010011010010111011011010110000111000000111010100101100 1.25329824e8
runproj limit: 0.28
111101000011011001001001000101011000000000001001011001011101100011000000010000111000011011000100101110 1.2535368e8
runproj limit: 0.28
111101000010110000001001000001001000000100000000010001011010101011101000110000101000011111000000100010 1.25352552e8
runproj limit: 0.28
111101000000110001011001000101101000101110001001110001111010100011001000110000001000011111010000101100 1.253532e8
runproj limit: 0.28
111101000011100000001011000011011000000101100000011001011010100101101000010000111000011011001100101110 1.25353704e8
runproj limit: 0.28
011101000000110000011011000111001000000100000100010001010010101001101000110000101000011001000000101010 1.25352552e8
runproj limit: 0.28
111101000000110000001001000000001000001101100000110101010010110111101000010000111000011011011000101110 1.25352744e8
runproj limit: 0.28
001110000000111010111111100001010000100101000010100010001000111011010010111001111000000101111001101101 1.67533808e8
runproj limit: 0.28
111111100101111110011011110001111000010101101100110001111100110000000011100101100001000111011000101010 1.2664036e8
runproj limit: 0.28
011100000001011000101000001111000000101101100010010101001000110011011000010010111111011001011110011011 6.29267376e8
runproj limit: 0.28
110101010000101000011010100000001000110011010000011101010010011111111010010000101000011011001110100100 5.4881644e8
runproj limit: 0.28
111100000110111010011101100111001010001110110100010010111010000001110010111001111010111111010101101110 1.2535332e8
runproj limit: 0.28
011100100000110111111011000001001010101101000110110001010010111001001011110000111001100111011100101010 1.25330216e8
runproj limit: 0.28
111101000000011000011001000101101010001110000001110001110111100001100000110000111000010011010100101000 1.2533076e8
runproj limit: 0.28
011101000000110000011001000101001000100101000000110011011010110011011010110000101000001111011000101100 1.2535216e8
runproj limit: 0.28
011101000001010000001001100101101000000100000000110011011010100011011000110000101000001111011000101000 1.2535216e8
runproj limit: 0.28
011101000000110010011011000001001000101101000100110011010010111011111010110000111000101111011100101110 1.25352168e8
runproj limit: 0.28
111101000010110000011011000011001000000100000000010001011010101001101000110000101000011011000000101010 1.25352552e8
runproj limit: 0.28
111101000100011011011001100101101010101010001001110001111101100011000100110000011000011111010100101000 1.25353176e8
best: 0.7556194945448935
runproj limit: 0.28
111101000000111010111101000001000000100101000000000010011010101011011000110001101000011111011001101101 1.25352744e8
runproj limit: 0.28
111101000011011001001001000101011000000000001001011001011101100011000000010000111000011011000100101110 1.2535368e8
runproj limit: 0.28
011100000000110110011001000001001000101101000100110001010010111011011011110000111000101111011100101000 1.25352544e8
runproj limit: 0.28
111101000001110000011011000011001000000100100100010001010010101001101000010000111000011011001000101110 1.25352744e8
runproj limit: 0.28
011101000001010000001011000101001000100101000000110001011010110011001000110000101000001111011000101100 1.25352544e8
runproj limit: 0.28
001110100000110010111111100001001000100101000110100000011000111011010010110000111000100111111101101011 1.65929584e8
runproj limit: 0.28
111111000000111010011001100101100000100100000000100010011010101011001010110001101000000101010000101101 1.26640296e8
runproj limit: 0.28
011101000000110000011011000001001000100101000100110011010010111011111010110000111000001111011000101100 1.2535216e8
runproj limit: 0.28
110000000000110001011101101100101000101100111001111001101010000011001110110110011011011001001110111100 5.7834612e8
runproj limit: 0.28
111101100101100001001001111101101001010100000011010001011110100111011000110000101010010011111111001000 6.3836872e8
runproj limit: 0.28
110111001000110001010001010001101000000010011001111001101011101011001010111010001001111111001000101110 1.357448e8
runproj limit: 0.28
010100000000110000100001110110101101010010000000110101111111101011101100101010101000000011110001111000 2.00828624e8
runproj limit: 0.28
101001100010101100000001010101101010101000010000010011010000111111010011001010001100110110010101100110 1.5634808e8
runproj limit: 0.28
011101000000110010001001000001101000101101000000010011010010111011011010110000111000000111010100101100 1.25329824e8
runproj limit: 0.28
011100100000110111111011000001001010101101000110110001010010111001001011110000111001100111011100101010 1.25330216e8
runproj limit: 0.28
111101000000011000011001000101101010001110000001110001110111100001100000110000111000010011010100101000 1.2533076e8
runproj limit: 0.28
011101000000110000011001000101001000100101000000110011011010110011011010110000101000001111011000101100 1.2535216e8
runproj limit: 0.28
011101000001010000001001100101101000000100000000110011011010100011011000110000101000001111011000101000 1.2535216e8
runproj limit: 0.28
011101000000110010011011000001001000101101000100110011010010111011111010110000111000101111011100101110 1.25352168e8
runproj limit: 0.28
011101000001110000001011000101001000100101000000010101011010110011001010110000101000001111011100101100 1.25352544e8
best: 0.7556194945448935
done evolving!
"all is well:)"
>>>>>>>>>>>>>>FINISH OPTIMIZATION>>>>>>>>>>>>>>>
633.28user 239.18system 15:31.15elapsed 93%CPU (0avgtext+0avgdata 111628maxresident)k
1038536inputs+1480728outputs (590major+63327935minor)pagefaults 0swaps
