Optimizing /h/ywang30/nofib/imaginary/queens
>>>>>>>>>>>>>>>START OPTIMIZATION>>>>>>>>>>>>>>>
pop: 13
gens: 15
arch: 7
limit is: 2.0e-2
runproj limit: 2.0e-2
"All is well :D"
Basetime is: 4887504.0
runproj limit: 2.0e-2
01000000000000000 4887504.0
runproj limit: 2.0e-2
00000000000000000 4887504.0
runproj limit: 2.0e-2
00000000000100000 4887504.0
runproj limit: 2.0e-2
00000000000100000 4887504.0
runproj limit: 2.0e-2
00000000000000000 4887504.0
runproj limit: 2.0e-2
00100000100100000 4887504.0
runproj limit: 2.0e-2
10000000000000000 4887504.0
runproj limit: 2.0e-2
01000000000011000 4887504.0
runproj limit: 2.0e-2
00001000000000000 4887504.0
runproj limit: 2.0e-2
00100000000000000 4887504.0
runproj limit: 2.0e-2
00000100000000001 4887504.0
runproj limit: 2.0e-2
00001000000010000 4887504.0
runproj limit: 2.0e-2
00000000000000000 4887504.0
best: 1.0
runproj limit: 2.0e-2
00000000000000000 4887504.0
runproj limit: 2.0e-2
00000000000100000 4887504.0
runproj limit: 2.0e-2
01100000100100000 4887504.0
runproj limit: 2.0e-2
00000000000000000 4887504.0
runproj limit: 2.0e-2
10000000000000000 4887504.0
runproj limit: 2.0e-2
10001000000000000 4887504.0
runproj limit: 2.0e-2
01000000000000001 4887504.0
runproj limit: 2.0e-2
10000000000000000 4887504.0
runproj limit: 2.0e-2
00000000000111001 4887504.0
runproj limit: 2.0e-2
00000100000010010 4887504.0
runproj limit: 2.0e-2
00001100110001100 4887504.0
runproj limit: 2.0e-2
01100100000110000 4887504.0
runproj limit: 2.0e-2
01100101001100000 4887504.0
runproj limit: 2.0e-2
01000000000000000 4887504.0
runproj limit: 2.0e-2
00000000000000000 4887504.0
runproj limit: 2.0e-2
00000000000100000 4887504.0
runproj limit: 2.0e-2
00100000100100000 4887504.0
runproj limit: 2.0e-2
10000000000000000 4887504.0
runproj limit: 2.0e-2
01000000000011000 4887504.0
runproj limit: 2.0e-2
00001000000000000 4887504.0
best: 1.0
runproj limit: 2.0e-2
00000000000000000 4887504.0
runproj limit: 2.0e-2
01100000000100000 4887504.0
runproj limit: 2.0e-2
00000100100100100 4887504.0
runproj limit: 2.0e-2
00000000000000000 4887504.0
runproj limit: 2.0e-2
01000000100100000 4887504.0
runproj limit: 2.0e-2
00100000000000000 4887504.0
runproj limit: 2.0e-2
00000000000101000 4887504.0
runproj limit: 2.0e-2
00100100000010000 4887504.0
runproj limit: 2.0e-2
01000000000011100 4887504.0
runproj limit: 2.0e-2
01010000000100000 4887504.0
runproj limit: 2.0e-2
11110100000011110 4887504.0
runproj limit: 2.0e-2
01010100010001011 4887504.0
runproj limit: 2.0e-2
00010100000110010 4887504.0
runproj limit: 2.0e-2
00000000000000000 4887504.0
runproj limit: 2.0e-2
00000000000100000 4887504.0
runproj limit: 2.0e-2
01100000100100000 4887504.0
runproj limit: 2.0e-2
10000000000000000 4887504.0
runproj limit: 2.0e-2
10001000000000000 4887504.0
runproj limit: 2.0e-2
01000000000000001 4887504.0
runproj limit: 2.0e-2
00000000000111001 4887504.0
best: 1.0
runproj limit: 2.0e-2
01010000000110100 4887504.0
runproj limit: 2.0e-2
00000000000110000 4887504.0
runproj limit: 2.0e-2
00000100100100000 4887504.0
runproj limit: 2.0e-2
00000000000000100 4887504.0
runproj limit: 2.0e-2
00000000000101000 4887504.0
runproj limit: 2.0e-2
00000000000101000 4887504.0
runproj limit: 2.0e-2
01000000100100000 4887504.0
runproj limit: 2.0e-2
10000000000000000 4887504.0
runproj limit: 2.0e-2
00000000000101000 4887504.0
runproj limit: 2.0e-2
01001000000010000 4887504.0
runproj limit: 2.0e-2
01100100110101111 4887504.0
runproj limit: 2.0e-2
11100101000011100 4887504.0
runproj limit: 2.0e-2
01000100000000001 4887504.0
runproj limit: 2.0e-2
00000000000000000 4887504.0
runproj limit: 2.0e-2
01100000000100000 4887504.0
runproj limit: 2.0e-2
00000100100100100 4887504.0
runproj limit: 2.0e-2
01000000100100000 4887504.0
runproj limit: 2.0e-2
00100000000000000 4887504.0
runproj limit: 2.0e-2
00000000000101000 4887504.0
runproj limit: 2.0e-2
00100100000010000 4887504.0
best: 1.0
runproj limit: 2.0e-2
00000100100100000 4887504.0
runproj limit: 2.0e-2
01100100000000000 4887504.0
runproj limit: 2.0e-2
01000100000000000 4887504.0
runproj limit: 2.0e-2
00000000000010000 4887504.0
runproj limit: 2.0e-2
00000000000001000 4887504.0
runproj limit: 2.0e-2
01100000000100000 4887504.0
runproj limit: 2.0e-2
11110100000110100 4887504.0
runproj limit: 2.0e-2
00000000000110100 4887504.0
runproj limit: 2.0e-2
01110010001111000 4887504.0
runproj limit: 2.0e-2
00110000110100010 4887504.0
runproj limit: 2.0e-2
01101001000100000 4887504.0
runproj limit: 2.0e-2
10000101101000001 4887504.0
runproj limit: 2.0e-2
00010000000110100 4887504.0
runproj limit: 2.0e-2
01010000000110100 4887504.0
runproj limit: 2.0e-2
00000000000110000 4887504.0
runproj limit: 2.0e-2
00000100100100000 4887504.0
runproj limit: 2.0e-2
00000000000000100 4887504.0
runproj limit: 2.0e-2
00000000000101000 4887504.0
runproj limit: 2.0e-2
01000000100100000 4887504.0
runproj limit: 2.0e-2
10000000000000000 4887504.0
best: 1.0
runproj limit: 2.0e-2
10110000100000001 4887504.0
runproj limit: 2.0e-2
00000000000000100 4887504.0
runproj limit: 2.0e-2
10000000000110000 4887504.0
runproj limit: 2.0e-2
01000000000101000 4887504.0
runproj limit: 2.0e-2
01100000000100000 4887504.0
runproj limit: 2.0e-2
01000000000100100 4887504.0
runproj limit: 2.0e-2
10010100100100100 4887504.0
runproj limit: 2.0e-2
01100101100100000 4887504.0
runproj limit: 2.0e-2
01100000100110000 4887504.0
runproj limit: 2.0e-2
00110001101000001 4887504.0
runproj limit: 2.0e-2
10110110101100001 4887504.0
runproj limit: 2.0e-2
00010000100100110 4887504.0
runproj limit: 2.0e-2
01000100100110110 4887504.0
runproj limit: 2.0e-2
00000100100100000 4887504.0
runproj limit: 2.0e-2
01100100000000000 4887504.0
runproj limit: 2.0e-2
01000100000000000 4887504.0
runproj limit: 2.0e-2
00000000000010000 4887504.0
runproj limit: 2.0e-2
00000000000001000 4887504.0
runproj limit: 2.0e-2
01100000000100000 4887504.0
runproj limit: 2.0e-2
11110100000110100 4887504.0
best: 1.0
runproj limit: 2.0e-2
00000010100100001 4887504.0
runproj limit: 2.0e-2
01000000000110000 4887504.0
runproj limit: 2.0e-2
10010100000101000 4887504.0
runproj limit: 2.0e-2
01000000000100110 4887504.0
runproj limit: 2.0e-2
00000100000000100 4887504.0
runproj limit: 2.0e-2
01100100000000000 4887504.0
runproj limit: 2.0e-2
00100100000000001 4887504.0
runproj limit: 2.0e-2
01100001100100000 4887504.0
runproj limit: 2.0e-2
00010100000110101 4887504.0
runproj limit: 2.0e-2
01111111000011110 4887504.0
runproj limit: 2.0e-2
01111000100110000 4887504.0
runproj limit: 2.0e-2
11001000011101000 4887504.0
runproj limit: 2.0e-2
01100101101101000 4887504.0
runproj limit: 2.0e-2
10110000100000001 4887504.0
runproj limit: 2.0e-2
00000000000000100 4887504.0
runproj limit: 2.0e-2
10000000000110000 4887504.0
runproj limit: 2.0e-2
01000000000101000 4887504.0
runproj limit: 2.0e-2
01100000000100000 4887504.0
runproj limit: 2.0e-2
01000000000100100 4887504.0
runproj limit: 2.0e-2
10010100100100100 4887504.0
best: 1.0
runproj limit: 2.0e-2
01100000000101000 4887504.0
runproj limit: 2.0e-2
11001101001101000 4887504.0
runproj limit: 2.0e-2
00010100000000100 4887504.0
runproj limit: 2.0e-2
01101010000100110 4887504.0
runproj limit: 2.0e-2
01010101000100110 4887504.0
runproj limit: 2.0e-2
01101001000100000 4887504.0
runproj limit: 2.0e-2
01001010000000110 4887504.0
runproj limit: 2.0e-2
01011000000101000 4887504.0
runproj limit: 2.0e-2
01101000000100000 4887504.0
runproj limit: 2.0e-2
10100000000100110 4887504.0
runproj limit: 2.0e-2
11100101100101000 4887504.0
runproj limit: 2.0e-2
01100011000101110 4887504.0
runproj limit: 2.0e-2
11111000110110011 4887504.0
runproj limit: 2.0e-2
00000010100100001 4887504.0
runproj limit: 2.0e-2
01000000000110000 4887504.0
runproj limit: 2.0e-2
10010100000101000 4887504.0
runproj limit: 2.0e-2
01000000000100110 4887504.0
runproj limit: 2.0e-2
00000100000000100 4887504.0
runproj limit: 2.0e-2
01100100000000000 4887504.0
runproj limit: 2.0e-2
00100100000000001 4887504.0
best: 1.0
runproj limit: 2.0e-2
00010100000100110 4887504.0
runproj limit: 2.0e-2
01100111000100110 4887504.0
runproj limit: 2.0e-2
01111011010110110 4887504.0
runproj limit: 2.0e-2
11001011000101010 4887504.0
runproj limit: 2.0e-2
01000100000110100 4887504.0
runproj limit: 2.0e-2
01100000100111010 4887504.0
runproj limit: 2.0e-2
01100000000100000 4887504.0
runproj limit: 2.0e-2
11100100100000000 4887504.0
runproj limit: 2.0e-2
11001001000101010 4887504.0
runproj limit: 2.0e-2
10100010000101010 4887504.0
runproj limit: 2.0e-2
00000100100100100 4887504.0
runproj limit: 2.0e-2
11001010001010110 4887504.0
runproj limit: 2.0e-2
11001101001111010 4887504.0
runproj limit: 2.0e-2
01100000000101000 4887504.0
runproj limit: 2.0e-2
11001101001101000 4887504.0
runproj limit: 2.0e-2
00010100000000100 4887504.0
runproj limit: 2.0e-2
01101010000100110 4887504.0
runproj limit: 2.0e-2
01010101000100110 4887504.0
runproj limit: 2.0e-2
01101001000100000 4887504.0
runproj limit: 2.0e-2
01001010000000110 4887504.0
best: 1.0
runproj limit: 2.0e-2
01100110000110010 4887504.0
runproj limit: 2.0e-2
01001100000000110 4887504.0
runproj limit: 2.0e-2
11000100000100010 4887504.0
runproj limit: 2.0e-2
11000111000100110 4887504.0
runproj limit: 2.0e-2
11001001000101000 4887504.0
runproj limit: 2.0e-2
01010101000100110 4887504.0
runproj limit: 2.0e-2
01000100000110100 4887504.0
runproj limit: 2.0e-2
11101010001000000 4887504.0
runproj limit: 2.0e-2
10101001000100100 4887504.0
runproj limit: 2.0e-2
10000110000101111 4887504.0
runproj limit: 2.0e-2
00100100100000101 4887504.0
runproj limit: 2.0e-2
01011100111100101 4887504.0
runproj limit: 2.0e-2
11101000010101000 4887504.0
runproj limit: 2.0e-2
00010100000100110 4887504.0
runproj limit: 2.0e-2
01100111000100110 4887504.0
runproj limit: 2.0e-2
01111011010110110 4887504.0
runproj limit: 2.0e-2
11001011000101010 4887504.0
runproj limit: 2.0e-2
01000100000110100 4887504.0
runproj limit: 2.0e-2
01100000100111010 4887504.0
runproj limit: 2.0e-2
01100000000100000 4887504.0
best: 1.0
runproj limit: 2.0e-2
11001101110100000 4887504.0
runproj limit: 2.0e-2
01010000000100010 4887504.0
runproj limit: 2.0e-2
00100110100000110 4887504.0
runproj limit: 2.0e-2
01000100000111110 4887504.0
runproj limit: 2.0e-2
10001100000001111 4887504.0
runproj limit: 2.0e-2
00001000000100100 4887504.0
runproj limit: 2.0e-2
00000100110100101 4887504.0
runproj limit: 2.0e-2
01100111000100110 4887504.0
runproj limit: 2.0e-2
01000111010000110 4887504.0
runproj limit: 2.0e-2
11100101101100010 4887504.0
runproj limit: 2.0e-2
01000010000111000 4887504.0
runproj limit: 2.0e-2
01011011010110000 4887504.0
runproj limit: 2.0e-2
01101010001101011 4887504.0
runproj limit: 2.0e-2
01100110000110010 4887504.0
runproj limit: 2.0e-2
01001100000000110 4887504.0
runproj limit: 2.0e-2
11000100000100010 4887504.0
runproj limit: 2.0e-2
11000111000100110 4887504.0
runproj limit: 2.0e-2
11001001000101000 4887504.0
runproj limit: 2.0e-2
01010101000100110 4887504.0
runproj limit: 2.0e-2
01000100000110100 4887504.0
best: 1.0
runproj limit: 2.0e-2
01001100000100100 4887504.0
runproj limit: 2.0e-2
01101110000111110 4887504.0
runproj limit: 2.0e-2
01000011000101110 4887504.0
runproj limit: 2.0e-2
01001111000111010 4887504.0
runproj limit: 2.0e-2
10100100000000111 4887504.0
runproj limit: 2.0e-2
01000010000111010 4887504.0
runproj limit: 2.0e-2
11000000000101000 4887504.0
runproj limit: 2.0e-2
01010000000100010 4887504.0
runproj limit: 2.0e-2
11000100010100101 4887504.0
runproj limit: 2.0e-2
01011010000100110 4887504.0
runproj limit: 2.0e-2
10100101110110110 4887504.0
runproj limit: 2.0e-2
11000011111110110 4887504.0
runproj limit: 2.0e-2
01000110000100101 4887504.0
runproj limit: 2.0e-2
11001101110100000 4887504.0
runproj limit: 2.0e-2
01010000000100010 4887504.0
runproj limit: 2.0e-2
00100110100000110 4887504.0
runproj limit: 2.0e-2
01000100000111110 4887504.0
runproj limit: 2.0e-2
10001100000001111 4887504.0
runproj limit: 2.0e-2
00001000000100100 4887504.0
runproj limit: 2.0e-2
00000100110100101 4887504.0
best: 1.0
runproj limit: 2.0e-2
10100000000000110 4887504.0
runproj limit: 2.0e-2
11000011111110110 4887504.0
runproj limit: 2.0e-2
11000001010110010 4887504.0
runproj limit: 2.0e-2
01001111000111110 4887504.0
runproj limit: 2.0e-2
01001100000001111 4887504.0
runproj limit: 2.0e-2
10100100100010110 4887504.0
runproj limit: 2.0e-2
11000010001111100 4887504.0
runproj limit: 2.0e-2
01001101110100000 4887504.0
runproj limit: 2.0e-2
00110110110001111 4887504.0
runproj limit: 2.0e-2
01010011101001110 4887504.0
runproj limit: 2.0e-2
01000010000110010 4887504.0
runproj limit: 2.0e-2
00100100110110010 4887504.0
runproj limit: 2.0e-2
01001111000010111 4887504.0
runproj limit: 2.0e-2
01001100000100100 4887504.0
runproj limit: 2.0e-2
01101110000111110 4887504.0
runproj limit: 2.0e-2
01000011000101110 4887504.0
runproj limit: 2.0e-2
01001111000111010 4887504.0
runproj limit: 2.0e-2
10100100000000111 4887504.0
runproj limit: 2.0e-2
01000010000111010 4887504.0
runproj limit: 2.0e-2
11000000000101000 4887504.0
best: 1.0
runproj limit: 2.0e-2
00000100000111010 4887504.0
runproj limit: 2.0e-2
01010010001001100 4887504.0
runproj limit: 2.0e-2
01010011111101110 4887504.0
runproj limit: 2.0e-2
11000010000101100 4887504.0
runproj limit: 2.0e-2
01001111000110111 4887504.0
runproj limit: 2.0e-2
01000011111110110 4887504.0
runproj limit: 2.0e-2
10100110110000110 4887504.0
runproj limit: 2.0e-2
01001110000011111 4887504.0
runproj limit: 2.0e-2
11101000100010011 4887504.0
runproj limit: 2.0e-2
00111110110001110 4887504.0
runproj limit: 2.0e-2
11000110001100000 4887504.0
runproj limit: 2.0e-2
11100011000011110 4887504.0
runproj limit: 2.0e-2
11001011011111110 4887504.0
runproj limit: 2.0e-2
10100000000000110 4887504.0
runproj limit: 2.0e-2
11000011111110110 4887504.0
runproj limit: 2.0e-2
11000001010110010 4887504.0
runproj limit: 2.0e-2
01001111000111110 4887504.0
runproj limit: 2.0e-2
01001100000001111 4887504.0
runproj limit: 2.0e-2
10100100100010110 4887504.0
runproj limit: 2.0e-2
11000010001111100 4887504.0
best: 1.0
runproj limit: 2.0e-2
11000011000111100 4887504.0
runproj limit: 2.0e-2
01000011111101110 4887504.0
runproj limit: 2.0e-2
01010010000001110 4887504.0
runproj limit: 2.0e-2
00110110110000110 4887504.0
runproj limit: 2.0e-2
10000100000111100 4887504.0
runproj limit: 2.0e-2
11101000000010111 4887504.0
runproj limit: 2.0e-2
11100011000011110 4887504.0
runproj limit: 2.0e-2
01000101000010110 4887504.0
runproj limit: 2.0e-2
01110111111110110 4887504.0
runproj limit: 2.0e-2
11001101010100110 4887504.0
runproj limit: 2.0e-2
11000000000010011 4887504.0
runproj limit: 2.0e-2
01101011000001110 4887504.0
runproj limit: 2.0e-2
01110100111001001 4887504.0
runproj limit: 2.0e-2
00000100000111010 4887504.0
runproj limit: 2.0e-2
01010010001001100 4887504.0
runproj limit: 2.0e-2
01010011111101110 4887504.0
runproj limit: 2.0e-2
11000010000101100 4887504.0
runproj limit: 2.0e-2
01001111000110111 4887504.0
runproj limit: 2.0e-2
01000011111110110 4887504.0
runproj limit: 2.0e-2
10100110110000110 4887504.0
best: 1.0
done evolving!
"all is well:)"
>>>>>>>>>>>>>>FINISH OPTIMIZATION>>>>>>>>>>>>>>>
459.89user 395.64system 16:26.99elapsed 86%CPU (0avgtext+0avgdata 133348maxresident)k
1052792inputs+1382936outputs (590major+63462507minor)pagefaults 0swaps
