Optimizing /h/ywang30/nofib/imaginary/rfib
>>>>>>>>>>>>>>>START OPTIMIZATION>>>>>>>>>>>>>>>
pop: 13
gens: 15
arch: 7
limit is: 2.0e-2
runproj limit: 2.0e-2
"All is well :D"
Basetime is: 112328.0
runproj limit: 2.0e-2
0000 112328.0
runproj limit: 2.0e-2
0010 112328.0
runproj limit: 2.0e-2
0000 112328.0
runproj limit: 2.0e-2
0000 112328.0
runproj limit: 2.0e-2
0000 112328.0
runproj limit: 2.0e-2
0010 112328.0
runproj limit: 2.0e-2
1000 112328.0
runproj limit: 2.0e-2
0000 112328.0
runproj limit: 2.0e-2
0000 112328.0
runproj limit: 2.0e-2
0010 112328.0
runproj limit: 2.0e-2
0000 112328.0
runproj limit: 2.0e-2
0000 112328.0
runproj limit: 2.0e-2
0000 112328.0
best: 1.0
runproj limit: 2.0e-2
0000 112328.0
runproj limit: 2.0e-2
0000 112328.0
runproj limit: 2.0e-2
0010 112328.0
runproj limit: 2.0e-2
0000 112328.0
runproj limit: 2.0e-2
1010 112328.0
runproj limit: 2.0e-2
1000 112328.0
runproj limit: 2.0e-2
0000 112328.0
runproj limit: 2.0e-2
1000 112328.0
runproj limit: 2.0e-2
0010 112328.0
runproj limit: 2.0e-2
0000 112328.0
runproj limit: 2.0e-2
0100 112328.0
runproj limit: 2.0e-2
0110 112328.0
runproj limit: 2.0e-2
0110 112328.0
runproj limit: 2.0e-2
0000 112328.0
runproj limit: 2.0e-2
0010 112328.0
runproj limit: 2.0e-2
1000 112328.0
best: 1.0
runproj limit: 2.0e-2
0010 112328.0
runproj limit: 2.0e-2
0000 112328.0
runproj limit: 2.0e-2
0000 112328.0
runproj limit: 2.0e-2
0010 112328.0
runproj limit: 2.0e-2
0000 112328.0
runproj limit: 2.0e-2
1000 112328.0
runproj limit: 2.0e-2
0010 112328.0
runproj limit: 2.0e-2
0000 112328.0
runproj limit: 2.0e-2
0010 112328.0
runproj limit: 2.0e-2
0001 112328.0
runproj limit: 2.0e-2
0001 112328.0
runproj limit: 2.0e-2
0101 112328.0
runproj limit: 2.0e-2
0011 112328.0
runproj limit: 2.0e-2
0000 112328.0
runproj limit: 2.0e-2
0010 112328.0
runproj limit: 2.0e-2
1010 112328.0
runproj limit: 2.0e-2
1000 112328.0
runproj limit: 2.0e-2
0100 112328.0
runproj limit: 2.0e-2
0110 112328.0
best: 1.0
runproj limit: 2.0e-2
0010 112328.0
runproj limit: 2.0e-2
0001 112328.0
runproj limit: 2.0e-2
1010 112328.0
runproj limit: 2.0e-2
0000 112328.0
runproj limit: 2.0e-2
1110 112328.0
runproj limit: 2.0e-2
0000 112328.0
runproj limit: 2.0e-2
0000 112328.0
runproj limit: 2.0e-2
0011 112328.0
runproj limit: 2.0e-2
0000 112328.0
runproj limit: 2.0e-2
0100 112328.0
runproj limit: 2.0e-2
0000 112328.0
runproj limit: 2.0e-2
1011 112328.0
runproj limit: 2.0e-2
0011 112328.0
runproj limit: 2.0e-2
0010 112328.0
runproj limit: 2.0e-2
0000 112328.0
runproj limit: 2.0e-2
1000 112328.0
runproj limit: 2.0e-2
0001 112328.0
runproj limit: 2.0e-2
0101 112328.0
runproj limit: 2.0e-2
0011 112328.0
runproj limit: 2.0e-2
1010 112328.0
best: 1.0
runproj limit: 2.0e-2
1110 112328.0
runproj limit: 2.0e-2
0010 112328.0
runproj limit: 2.0e-2
1100 112328.0
runproj limit: 2.0e-2
1001 112328.0
runproj limit: 2.0e-2
0000 112328.0
runproj limit: 2.0e-2
0001 112328.0
runproj limit: 2.0e-2
1010 112328.0
runproj limit: 2.0e-2
0001 112328.0
runproj limit: 2.0e-2
0000 112328.0
runproj limit: 2.0e-2
0111 112328.0
runproj limit: 2.0e-2
0000 112328.0
runproj limit: 2.0e-2
0010 112328.0
runproj limit: 2.0e-2
0110 112328.0
runproj limit: 2.0e-2
0010 112328.0
runproj limit: 2.0e-2
0001 112328.0
runproj limit: 2.0e-2
1010 112328.0
runproj limit: 2.0e-2
0000 112328.0
runproj limit: 2.0e-2
1110 112328.0
runproj limit: 2.0e-2
0011 112328.0
runproj limit: 2.0e-2
0100 112328.0
best: 1.0
runproj limit: 2.0e-2
0111 112328.0
runproj limit: 2.0e-2
0001 112328.0
runproj limit: 2.0e-2
0001 112328.0
runproj limit: 2.0e-2
0011 112328.0
runproj limit: 2.0e-2
0001 112328.0
runproj limit: 2.0e-2
0001 112328.0
runproj limit: 2.0e-2
1110 112328.0
runproj limit: 2.0e-2
0000 112328.0
runproj limit: 2.0e-2
0001 112328.0
runproj limit: 2.0e-2
1001 112328.0
runproj limit: 2.0e-2
1100 112328.0
runproj limit: 2.0e-2
0000 112328.0
runproj limit: 2.0e-2
0011 112328.0
runproj limit: 2.0e-2
1110 112328.0
runproj limit: 2.0e-2
0010 112328.0
runproj limit: 2.0e-2
1100 112328.0
runproj limit: 2.0e-2
1001 112328.0
runproj limit: 2.0e-2
0000 112328.0
runproj limit: 2.0e-2
0001 112328.0
runproj limit: 2.0e-2
1010 112328.0
best: 1.0
runproj limit: 2.0e-2
1001 112328.0
runproj limit: 2.0e-2
1001 112328.0
runproj limit: 2.0e-2
1110 112328.0
runproj limit: 2.0e-2
0001 112328.0
runproj limit: 2.0e-2
0000 112328.0
runproj limit: 2.0e-2
0110 112328.0
runproj limit: 2.0e-2
0110 112328.0
runproj limit: 2.0e-2
0001 112328.0
runproj limit: 2.0e-2
0110 112328.0
runproj limit: 2.0e-2
0110 112328.0
runproj limit: 2.0e-2
0000 112328.0
runproj limit: 2.0e-2
1011 112328.0
runproj limit: 2.0e-2
0000 112328.0
runproj limit: 2.0e-2
0111 112328.0
runproj limit: 2.0e-2
0001 112328.0
runproj limit: 2.0e-2
0011 112328.0
runproj limit: 2.0e-2
1110 112328.0
runproj limit: 2.0e-2
0000 112328.0
runproj limit: 2.0e-2
1001 112328.0
runproj limit: 2.0e-2
1100 112328.0
best: 1.0
runproj limit: 2.0e-2
1000 112328.0
runproj limit: 2.0e-2
1011 112328.0
runproj limit: 2.0e-2
0101 112328.0
runproj limit: 2.0e-2
1011 112328.0
runproj limit: 2.0e-2
0100 112328.0
runproj limit: 2.0e-2
0001 112328.0
runproj limit: 2.0e-2
0101 112328.0
runproj limit: 2.0e-2
0010 112328.0
runproj limit: 2.0e-2
0110 112328.0
runproj limit: 2.0e-2
1111 112328.0
runproj limit: 2.0e-2
0100 112328.0
runproj limit: 2.0e-2
0011 112328.0
runproj limit: 2.0e-2
1000 112328.0
runproj limit: 2.0e-2
1001 112328.0
runproj limit: 2.0e-2
1110 112328.0
runproj limit: 2.0e-2
0001 112328.0
runproj limit: 2.0e-2
0000 112328.0
runproj limit: 2.0e-2
0110 112328.0
runproj limit: 2.0e-2
1011 112328.0
runproj limit: 2.0e-2
0111 112328.0
best: 1.0
runproj limit: 2.0e-2
0100 112328.0
runproj limit: 2.0e-2
0011 112328.0
runproj limit: 2.0e-2
0000 112328.0
runproj limit: 2.0e-2
1011 112328.0
runproj limit: 2.0e-2
1110 112328.0
runproj limit: 2.0e-2
1000 112328.0
runproj limit: 2.0e-2
1110 112328.0
runproj limit: 2.0e-2
0101 112328.0
runproj limit: 2.0e-2
0110 112328.0
runproj limit: 2.0e-2
1111 112328.0
runproj limit: 2.0e-2
0100 112328.0
runproj limit: 2.0e-2
1101 112328.0
runproj limit: 2.0e-2
1011 112328.0
runproj limit: 2.0e-2
1000 112328.0
runproj limit: 2.0e-2
1011 112328.0
runproj limit: 2.0e-2
0101 112328.0
runproj limit: 2.0e-2
0100 112328.0
runproj limit: 2.0e-2
0001 112328.0
runproj limit: 2.0e-2
0010 112328.0
runproj limit: 2.0e-2
0110 112328.0
best: 1.0
runproj limit: 2.0e-2
0001 112328.0
runproj limit: 2.0e-2
0110 112328.0
runproj limit: 2.0e-2
1011 112328.0
runproj limit: 2.0e-2
1001 112328.0
runproj limit: 2.0e-2
1011 112328.0
runproj limit: 2.0e-2
0101 112328.0
runproj limit: 2.0e-2
1110 112328.0
runproj limit: 2.0e-2
1110 112328.0
runproj limit: 2.0e-2
1110 112328.0
runproj limit: 2.0e-2
1101 112328.0
runproj limit: 2.0e-2
0110 112328.0
runproj limit: 2.0e-2
1111 112328.0
runproj limit: 2.0e-2
1011 112328.0
runproj limit: 2.0e-2
0100 112328.0
runproj limit: 2.0e-2
0011 112328.0
runproj limit: 2.0e-2
0000 112328.0
runproj limit: 2.0e-2
1011 112328.0
runproj limit: 2.0e-2
1110 112328.0
runproj limit: 2.0e-2
1000 112328.0
runproj limit: 2.0e-2
0101 112328.0
best: 1.0
runproj limit: 2.0e-2
1011 112328.0
runproj limit: 2.0e-2
0100 112328.0
runproj limit: 2.0e-2
0111 112328.0
runproj limit: 2.0e-2
1000 112328.0
runproj limit: 2.0e-2
1101 112328.0
runproj limit: 2.0e-2
0100 112328.0
runproj limit: 2.0e-2
0110 112328.0
runproj limit: 2.0e-2
0001 112328.0
runproj limit: 2.0e-2
0001 112328.0
runproj limit: 2.0e-2
0100 112328.0
runproj limit: 2.0e-2
0011 112328.0
runproj limit: 2.0e-2
0010 112328.0
runproj limit: 2.0e-2
0110 112328.0
runproj limit: 2.0e-2
0001 112328.0
runproj limit: 2.0e-2
0110 112328.0
runproj limit: 2.0e-2
1011 112328.0
runproj limit: 2.0e-2
1001 112328.0
runproj limit: 2.0e-2
0101 112328.0
runproj limit: 2.0e-2
1110 112328.0
runproj limit: 2.0e-2
1101 112328.0
best: 1.0
runproj limit: 2.0e-2
1101 112328.0
runproj limit: 2.0e-2
1110 112328.0
runproj limit: 2.0e-2
0001 112328.0
runproj limit: 2.0e-2
0000 112328.0
runproj limit: 2.0e-2
1111 112328.0
runproj limit: 2.0e-2
0110 112328.0
runproj limit: 2.0e-2
0011 112328.0
runproj limit: 2.0e-2
0100 112328.0
runproj limit: 2.0e-2
1011 112328.0
runproj limit: 2.0e-2
1110 112328.0
runproj limit: 2.0e-2
1101 112328.0
runproj limit: 2.0e-2
1001 112328.0
runproj limit: 2.0e-2
1101 112328.0
runproj limit: 2.0e-2
1011 112328.0
runproj limit: 2.0e-2
0100 112328.0
runproj limit: 2.0e-2
0111 112328.0
runproj limit: 2.0e-2
1000 112328.0
runproj limit: 2.0e-2
1101 112328.0
runproj limit: 2.0e-2
0110 112328.0
runproj limit: 2.0e-2
0001 112328.0
best: 1.0
runproj limit: 2.0e-2
1111 112328.0
runproj limit: 2.0e-2
1001 112328.0
runproj limit: 2.0e-2
0011 112328.0
runproj limit: 2.0e-2
1000 112328.0
runproj limit: 2.0e-2
1101 112328.0
runproj limit: 2.0e-2
1101 112328.0
runproj limit: 2.0e-2
1001 112328.0
runproj limit: 2.0e-2
0011 112328.0
runproj limit: 2.0e-2
0110 112328.0
runproj limit: 2.0e-2
0000 112328.0
runproj limit: 2.0e-2
0101 112328.0
runproj limit: 2.0e-2
0111 112328.0
runproj limit: 2.0e-2
0000 112328.0
runproj limit: 2.0e-2
1101 112328.0
runproj limit: 2.0e-2
1110 112328.0
runproj limit: 2.0e-2
0001 112328.0
runproj limit: 2.0e-2
0000 112328.0
runproj limit: 2.0e-2
1111 112328.0
runproj limit: 2.0e-2
0110 112328.0
runproj limit: 2.0e-2
0011 112328.0
best: 1.0
runproj limit: 2.0e-2
0100 112328.0
runproj limit: 2.0e-2
0000 112328.0
runproj limit: 2.0e-2
0000 112328.0
runproj limit: 2.0e-2
1001 112328.0
runproj limit: 2.0e-2
0000 112328.0
runproj limit: 2.0e-2
0001 112328.0
runproj limit: 2.0e-2
1111 112328.0
runproj limit: 2.0e-2
1000 112328.0
runproj limit: 2.0e-2
1001 112328.0
runproj limit: 2.0e-2
0110 112328.0
runproj limit: 2.0e-2
1001 112328.0
runproj limit: 2.0e-2
1100 112328.0
runproj limit: 2.0e-2
1000 112328.0
runproj limit: 2.0e-2
1111 112328.0
runproj limit: 2.0e-2
1001 112328.0
runproj limit: 2.0e-2
0011 112328.0
runproj limit: 2.0e-2
1000 112328.0
runproj limit: 2.0e-2
1101 112328.0
runproj limit: 2.0e-2
0110 112328.0
runproj limit: 2.0e-2
0000 112328.0
best: 1.0
runproj limit: 2.0e-2
1001 112328.0
runproj limit: 2.0e-2
0001 112328.0
runproj limit: 2.0e-2
0000 112328.0
runproj limit: 2.0e-2
0110 112328.0
runproj limit: 2.0e-2
0100 112328.0
runproj limit: 2.0e-2
1011 112328.0
runproj limit: 2.0e-2
1100 112328.0
runproj limit: 2.0e-2
1011 112328.0
runproj limit: 2.0e-2
0010 112328.0
runproj limit: 2.0e-2
0000 112328.0
runproj limit: 2.0e-2
1011 112328.0
runproj limit: 2.0e-2
1010 112328.0
runproj limit: 2.0e-2
0010 112328.0
runproj limit: 2.0e-2
0100 112328.0
runproj limit: 2.0e-2
0000 112328.0
runproj limit: 2.0e-2
1001 112328.0
runproj limit: 2.0e-2
0001 112328.0
runproj limit: 2.0e-2
1111 112328.0
runproj limit: 2.0e-2
1000 112328.0
runproj limit: 2.0e-2
0110 112328.0
best: 1.0
done evolving!
"all is well:)"
>>>>>>>>>>>>>>FINISH OPTIMIZATION>>>>>>>>>>>>>>>
446.69user 380.91system 15:53.46elapsed 86%CPU (0avgtext+0avgdata 135372maxresident)k
1090888inputs+1457016outputs (580major+62330723minor)pagefaults 0swaps
