Optimizing /data/dan/nofib/spectral/atom
>>>>>>>>>>>>>>>START OPTIMIZATION>>>>>>>>>>>>>>>
pop: 13
gens: 15
arch: 7
limit is: 0.735
runproj limit: 0.735
"All is well :D"
Basetime is: 0.76
runproj limit: 0.735
0000000000000000000000000000000000000000000000000000000000000000000000000 0.75
runproj limit: 0.735
0000000000000000000000000000000000000000000000000000000000000000000000000 0.742
runproj limit: 0.735
0000000000000000000000000000000000000000000000000000000000000000000000000 0.732
runproj limit: 0.735
"timed out"
0000000000010000001000001010000000001010010000000001000000000110000000001 1.52
runproj limit: 0.735
0000000000000000000000000100011000000000100100000110000000000000000000000 0.578
runproj limit: 0.735
0010000010010000000000010000100000000000000000001000000000000000110000000 0.585
runproj limit: 0.735
0000000000000000000000000000000000000000000000000000000000000000000000000 0.72
runproj limit: 0.735
0000000000000000000000000000000000000000000000000000000000000000000000000 0.72
runproj limit: 0.735
0000100000000000000000100000100000000000000000000100000100000000100000100 0.635
runproj limit: 0.735
0000000000000000000000000000000000000000000000000000000000000000000000000 0.74
runproj limit: 0.735
0000010000000000100000000000000000001010000000000000000000001011000000000 0.625
runproj limit: 0.735
0000000000000000000000000000000000000000000000000000000000000000000000000 0.688
runproj limit: 0.735
0000000000000000000000000000000000000000000000000000000000000000000000000 0.675
best: 0.7605263157894736
runproj limit: 0.735
0000010000000000000000000000010000001000100000000100000000000010000000000 0.69
runproj limit: 0.735
0000000000000000000000000000000000000000000000000000000000000000000000000 0.712
runproj limit: 0.735
0010000010010000000000010000100000000000000000001000000000000000110000000 0.565
runproj limit: 0.735
0000000000000000000000000000000000000000000000000100000000000000000000100 0.73
runproj limit: 0.735
0000000000000000000000000000000000000000000000000000000000000000000000000 0.74
runproj limit: 0.735
0000100000000000000000100000100000000000000000000100000100000000100000100 0.68
runproj limit: 0.735
0000000000000000100000000000000000001010000000000000000000000010000000000 0.718
runproj limit: 0.735
0000100000000000000000000000100000000000000000000100000000000000000000100 0.72
runproj limit: 0.735
"timed out"
0000000000011100100000011000001000000010000001000100011100101000000010001 1.52
runproj limit: 0.735
"timed out"
0000010000001001011001100100011101111000100001010010000000010000000000000 1.52
runproj limit: 0.735
0100110011000110011100000001011000010010100101000110100100100000000000100 0.64
runproj limit: 0.735
"timed out"
0110010000011000010100110001000010000000000000000101010001000110110000010 1.52
runproj limit: 0.735
0110000100100000110000000001000000101000000001011111110000001011000000010 0.467
runproj limit: 0.735
0000000000000000000000000100011000000000100100000110000000000000000000000 0.593
runproj limit: 0.735
0010000010010000000000010000100000000000000000001000000000000000110000000 0.572
runproj limit: 0.735
0000010000000000100000000000000000001010000000000000000000001011000000000 0.678
runproj limit: 0.735
0000100000000000000000100000100000000000000000000100000100000000100000100 0.74
runproj limit: 0.735
0000000000000000000000000000000000000000000000000000000000000000000000000 0.752
runproj limit: 0.735
"timed out"
0000000000010000001000001010000000001010010000000001000000000110000000001 1.52
best: 0.6144736842105264
runproj limit: 0.735
"timed out"
0000000000011000010100010000011010000000000100000101010000000010010000010 1.52
runproj limit: 0.735
"timed out"
0010010000001000010100110101011000000000000000000101000000000010110000000 1.52
runproj limit: 0.735
0000000000000000000000000000011000000000000100000000000000000000000000000 0.562
runproj limit: 0.735
0100110000000010000000000000011000000010100100000110000100100000000000100 0.562
runproj limit: 0.735
0000010010010000000000010000100000001000000000000000000000000010100000000 0.688
runproj limit: 0.735
0010000000000000000000010000000000000000000000000100000000000000010000100 0.725
runproj limit: 0.735
0000000000000000100000000000000000000000000000000000000000001010000000000 0.642
runproj limit: 0.735
0010000000000000000000010100011000000000000000001010000000000000000000000 0.55
runproj limit: 0.735
0000000000000010000101000100001000000001001110011000000100100000000000110 0.415
runproj limit: 0.735
0001100000010000010010100001100100000010000001100100001100100110110100110 0.535
runproj limit: 0.735
1111000100110111110010000001011000101011000101111011010111000001101010000 0.412
runproj limit: 0.735
"timed out"
0011000001011101100010001100011001111010100001000010010010000100000000101 1.52
runproj limit: 0.735
"timed out"
0001010000010101101001101110111001100110000100000001100010000111000101001 1.52
runproj limit: 0.735
0110000100100000110000000001000000101000000001011111110000001011000000010 0.46
runproj limit: 0.735
0010000010010000000000010000100000000000000000001000000000000000110000000 0.602
runproj limit: 0.735
0000000000000000000000000100011000000000100100000110000000000000000000000 0.602
runproj limit: 0.735
0100110011000110011100000001011000010010100101000110100100100000000000100 0.662
runproj limit: 0.735
0000010000000000100000000000000000001010000000000000000000001011000000000 0.68
runproj limit: 0.735
0000100000000000000000100000100000000000000000000100000100000000100000100 0.69
runproj limit: 0.735
0000010000000000000000000000010000001000100000000100000000000010000000000 0.78
best: 0.5421052631578946
runproj limit: 0.735
0001100000010010010100100100000000000001000011101000001100100000010100110 0.612
runproj limit: 0.735
0000110000000000000000000000010000001010100100000110000000000000000000100 0.615
runproj limit: 0.735
0000000000000000000000000000010000000000000100000100000000000000100000100 0.608
runproj limit: 0.735
0100000000100000110000000001000000100000000100011100000000000011000000010 0.41
runproj limit: 0.735
0111000100010101010010000001101100101011000101110001011101000111111000000 0.475
runproj limit: 0.735
0010000000000000000100000100000000000000001010000000000100100000010000100 0.632
runproj limit: 0.735
0000000000000000000000000000001000000001001100010000000000100000000000110 0.502
runproj limit: 0.735
0000110000000000100000000000000000000010100000000000000000001011000000100 0.645
runproj limit: 0.735
"timed out"
0000000000000000100000000010000010000000010000000000000010100011000000010 1.52
runproj limit: 0.735
"timed out"
0110100000001000000001010101111000100010100100001010000110001000100101000 1.52
runproj limit: 0.735
0111100001010101100010100001100100001010000101101101100101100111110111100 0.412
runproj limit: 0.735
"timed out"
1110000000110110110011100111011100100010000100111010010111010000101010000 1.52
runproj limit: 0.735
0011000001000101010000000000100101010000000000001010000100000010110000000 0.495
runproj limit: 0.735
1111000100110111110010000001011000101011000101111011010111000001101010000 0.398
runproj limit: 0.735
0000000000000010000101000100001000000001001110011000000100100000000000110 0.425
runproj limit: 0.735
0110000100100000110000000001000000101000000001011111110000001011000000010 0.46
runproj limit: 0.735
0001100000010000010010100001100100000010000001100100001100100110110100110 0.558
runproj limit: 0.735
0010000000000000000000010100011000000000000000001010000000000000000000000 0.565
runproj limit: 0.735
0000000000000000000000000000011000000000000100000000000000000000000000000 0.57
runproj limit: 0.735
0100110000000010000000000000011000000010100100000110000100100000000000100 0.593
best: 0.5236842105263159
runproj limit: 0.735
0111000100010001110010000001001000101010000001111001110000000111111000000 0.45
runproj limit: 0.735
0000010000000000000000000000001000000001001100010110000100100000000000110 0.538
runproj limit: 0.735
1111000100110111110010000001011000101011000101111011010111000001101010000 0.418
runproj limit: 0.735
0000000000100000010000000000000000100000000100011100000000100010000000110 0.418
runproj limit: 0.735
warning: dubious GC time results for atom: [0.16,0.21,0.23,0.19]
warning: dubious GC time results for atom: [0.16,0.21,0.23,0.19]
0111000000000100010010000001101000100011001101110001011100100100010000000 0.515
runproj limit: 0.735
0000000000000010000100000000001000000001001100011000000100100000000000110 0.442
runproj limit: 0.735
0010000000000010000000000101001000101011001100110000010101100111111000000 0.483
runproj limit: 0.735
0000100000100000000000000000000000000000000100001100000000000011000000110 0.578
runproj limit: 0.735
0110001000000110111101000101001010000000100100011100000100110101000000010 0.425
runproj limit: 0.735
0111000001000001000001000000001000001001001101011100101100111000000100000 0.405
runproj limit: 0.735
0111000101010101100000010101100100001010000101101100110101100001011011100 0.492
runproj limit: 0.735
1000000100110000100010001000110000000001000100000010000001000010100000111 0.572
runproj limit: 0.735
"timed out"
0101100000010010000111000110000010001000001011101011011110110000010100110 1.52
runproj limit: 0.735
1111000100110111110010000001011000101011000101111011010111000001101010000 0.412
runproj limit: 0.735
0100000000100000110000000001000000100000000100011100000000000011000000010 0.425
runproj limit: 0.735
0111100001010101100010100001100100001010000101101101100101100111110111100 0.4
runproj limit: 0.735
0000000000000010000101000100001000000001001110011000000100100000000000110 0.41
runproj limit: 0.735
0110000100100000110000000001000000101000000001011111110000001011000000010 0.468
runproj limit: 0.735
0111000100010101010010000001101100101011000101110001011101000111111000000 0.442
runproj limit: 0.735
0011000001000101010000000000100101010000000000001010000100000010110000000 0.508
best: 0.5263157894736842
runproj limit: 0.735
0111000000000010000001000000001000000001001111011000001100111000000000100 0.385
runproj limit: 0.735
0100000000000010010111000001101000100011001101010000001100100100010000110 0.505
runproj limit: 0.735
0111000100000001110001000001001000101001000101011110100100101001000000000 0.4
runproj limit: 0.735
0000000000100000100100000000000000100001001100011000000000000011000000010 0.39
runproj limit: 0.735
0000000000000010000100000000001000000001001100011000000100100000000000110 0.402
runproj limit: 0.735
0000000000100000010000000000000000100000000100011100000000100010000000110 0.408
runproj limit: 0.735
0100000000100010010000000001000000100001000100111000010000100111110000010 0.388
runproj limit: 0.735
0000001000000010001101000000001000000000101100011100000100100001000000010 0.4
runproj limit: 0.735
"timed out"
0101000100011101010111001001101000101011000101010100111111001111111100100 1.52
runproj limit: 0.735
1000010001000101010010000000001001011000100110001011101000010011100010011 0.4
runproj limit: 0.735
"timed out"
1010011010001010011101001101101000010100110101001101000110001011011010000 1.52
runproj limit: 0.735
"timed out"
1001000110111001100010001001111010110001000101000010000010010110110100110 1.52
runproj limit: 0.735
"timed out"
0111010100011110000011000001000011101001000111100100010001000010110001100 1.52
runproj limit: 0.735
0111100001010101100010100001100100001010000101101101100101100111110111100 0.335
runproj limit: 0.735
0111000001000001000001000000001000001001001101011100101100111000000100000 0.37
runproj limit: 0.735
0000000000000010000101000100001000000001001110011000000100100000000000110 0.337
runproj limit: 0.735
1111000100110111110010000001011000101011000101111011010111000001101010000 0.39
runproj limit: 0.735
0000000000100000010000000000000000100000000100011100000000100010000000110 0.37
runproj limit: 0.735
0110001000000110111101000101001010000000100100011100000100110101000000010 0.412
runproj limit: 0.735
0100000000100000110000000001000000100000000100011100000000000011000000010 0.408
best: 0.44078947368421056
runproj limit: 0.735
1111000100100011000100000001011000101001001100011011010110000001100000000 0.395
runproj limit: 0.735
"timed out"
1111000100111111000011000001000001101011000111110111010001000000110000100 1.52
runproj limit: 0.735
0100000000100000010100000001000000100001000100011000010000000111100000010 0.385
runproj limit: 0.735
0100000000100000110000000000000000100000000100011100000000000011000000010 0.342
runproj limit: 0.735
0000000000000010000101000100001000000001001110011000000100100000000000110 0.402
runproj limit: 0.735
0010000001000001000101000100001000001001001100011100101100101000000000100 0.402
runproj limit: 0.735
0111100001000101100011000000001100001001000101101101101101100010000101100 0.43
runproj limit: 0.735
0100000001000000000001000000001000001001001110011100000100110000000000110 0.378
runproj limit: 0.735
"timed out"
0010010000001100100011000111001000100100010011001000001000111010000100100 1.52
runproj limit: 0.735
"timed out"
0110111110011110011100000010001000101001011011111100000001000001000100100 1.52
runproj limit: 0.735
0001100000100000000000010000100000100001000111010101010000110010010000000 0.402
runproj limit: 0.735
1000100001000000100110001100100011100001000010010000010000110011010110101 0.41
runproj limit: 0.735
"timed out"
0000001000100110001100010111001000011000001110111110100100100111000000010 1.52
runproj limit: 0.735
0111100001010101100010100001100100001010000101101101100101100111110111100 0.395
runproj limit: 0.735
0000000000000010000101000100001000000001001110011000000100100000000000110 0.382
runproj limit: 0.735
0111000001000001000001000000001000001001001101011100101100111000000100000 0.375
runproj limit: 0.735
0000000000100000010000000000000000100000000100011100000000100010000000110 0.405
runproj limit: 0.735
0111000000000010000001000000001000000001001111011000001100111000000000100 0.362
runproj limit: 0.735
0100000000100010010000000001000000100001000100111000010000100111110000010 0.41
runproj limit: 0.735
0000000000100000100100000000000000100001001100011000000000000011000000010 0.4
best: 0.45
runproj limit: 0.735
0110000000100000000001000000000000100000001101011100001000101000000000100 0.39
runproj limit: 0.735
0000000000000010000101000000001000000001001110011000000100100000000000110 0.402
runproj limit: 0.735
0101000000000010000000100100101100000000000111111001100100100111110010100 0.415
runproj limit: 0.735
"timed out"
0110101010000010010100000010000000101001001011111000000000100011000100110 1.52
runproj limit: 0.735
0000000000000010010100000000001000000001000110011000000000000001000000010 0.395
runproj limit: 0.735
0000100001000000100111001100001011101001001010010100000100110001010110110 0.385
runproj limit: 0.735
0100101010010010011101000000001000000001001110111100000101000001000000110 0.398
runproj limit: 0.735
0000100001100000000001010000001000101001001111010100000000110010010000000 0.42
runproj limit: 0.735
"timed out"
0010110001010001000100000010001001101000101100011101001000111101001100110 1.52
runproj limit: 0.735
"timed out"
1010000000100000100110001010000000100010010100111100001010000011010010000 1.52
runproj limit: 0.735
"timed out"
1110010111000000000001000011001001011100110101010010010010100000000001110 1.52
runproj limit: 0.735
"timed out"
0110001100100100111000100011100000100100000111111101010011100010000010010 1.52
runproj limit: 0.735
"timed out"
1001100001100001100000010010111000100001010110110101110010110110010010010 1.52
runproj limit: 0.735
0100000000100000110000000000000000100000000100011100000000000011000000010 0.385
runproj limit: 0.735
0111000000000010000001000000001000000001001111011000001100111000000000100 0.382
runproj limit: 0.735
0111000001000001000001000000001000001001001101011100101100111000000100000 0.378
runproj limit: 0.735
0100000001000000000001000000001000001001001110011100000100110000000000110 0.398
runproj limit: 0.735
0000000000000010000101000100001000000001001110011000000100100000000000110 0.405
runproj limit: 0.735
0100000000100000010100000001000000100001000100011000010000000111100000010 0.39
runproj limit: 0.735
1111000100100011000100000001011000101001001100011011010110000001100000000 0.362
best: 0.4763157894736842
runproj limit: 0.735
0100000000100010010100000000001000000001000110011000000000000011000000010 0.402
runproj limit: 0.735
0100000001000000000000000000001000001001001110011000000000110001000000010 0.408
runproj 