Optimizing /data/dan/nofib/spectral/boyer2
>>>>>>>>>>>>>>>START OPTIMIZATION>>>>>>>>>>>>>>>
pop: 13
gens: 15
arch: 7
limit is: 1.0e-2
runproj limit: 1.0e-2
"All is well :D"
Basetime is: 1.0e-2
runproj limit: 1.0e-2
0100000000000000000010000000000000,0,01000000000000000000100000000000000000000000100000000010000000001010000000100110000000,0100000000000000000010000000000000000000000010000000001000000000101000000010011000000000000000000000000000000100000000,0100000000000000000010000000000000000000000010000000001000 1.0e-2
runproj limit: 1.0e-2
0010000000100000000100000000001100,0,00100000001000000001000000000011000000000000000000000000000000010010000000000000000000,0010000000100000000100000000001100000000000000000000000000000001001000000000000000000000000000000000000000100000001000,0010000000100000000100000000001100000000000000000000000000 1.0e-2
runproj limit: 1.0e-2
0000000000010000001000001001101000,0,00000000000100000010000010011010000000000000110000010000100000000000000000001000001000,0000000000010000001000001001101000000000000011000001000010000000000000000000100000100000000000000001000000100001000100,0000000000010000001000001001101000000000000011000001000010 1.0e-2
runproj limit: 1.0e-2
0000000000000000000000000000000000,0,00000000000000000000000000000000000000000000000000000000000000000000000000000000000000,0000000000000000000000000000000000000000000000000000000000000000000000000000000000000000000000000000000000000000000000,0000000000000000000000000000000000000000000000000000000000 1.0e-2
runproj limit: 1.0e-2
0000000000000000000000000000000000,0,00000000000000000000000000000000000000000000000000000000000000000000000000000000000000,0000000000000000000000000000000000000000000000000000000000000000000000000000000000000000000000000000000000000000000000,0000000000000000000000000000000000000000000000000000000000 1.0e-2
runproj limit: 1.0e-2
0010000010010000000000010000100000,0,00100000100100000000000100001000000000000000000010000000000000001100000001000000000010,0010000010010000000000010000100000000000000000001000000000000000110000000100000000001000000000010100000000000001000001,0010000010010000000000010000100000000000000000001000000000 2.0e-2
runproj limit: 1.0e-2
1000000000000000000000000011000101,1,10000000000000000000000000110001010100001000000100000001000001000000101000000000000001,1000000000000000000000000011000101010000100000010000000100000100000010100000000000000101000000000000000011000000100000,1000000000000000000000000011000101010000100000010000000100 1.0e-2
runproj limit: 1.0e-2
0000000000000000000000000000000000,0,00000000000000000000000000000000000000000000000000000000000000000000000000000000000000,0000000000000000000000000000000000000000000000000000000000000000000000000000000000000000000000000000000000000000000000,0000000000000000000000000000000000000000000000000000000000 1.0e-2
runproj limit: 1.0e-2
0000000000000000000000000000000000,0,00000000000000000000000000000000000000000000000000000000000000000000000000000000000000,0000000000000000000000000000000000000000000000000000000000000000000000000000000000000000000000000000000000000000000000,0000000000000000000000000000000000000000000000000000000000 1.0e-2
runproj limit: 1.0e-2
0010000000000000000000001000000000,0,00100000000000000000000010000000001100001000000000010000000000000100000000000000000000,0010000000000000000000001000000000110000100000000001000000000000010000000000000000000000010000000000100000000000000000,0010000000000000000000001000000000110000100000000001000000 1.5e-2
runproj limit: 1.0e-2
0000000000000000000000000000000000,0,00000000000000000000000000000000000000000000000000000000000000000000000000000000000000,0000000000000000000000000000000000000000000000000000000000000000000000000000000000000000000000000000000000000000000000,0000000000000000000000000000000000000000000000000000000000 1.0e-2
runproj limit: 1.0e-2
0000100000001000000000010000000100,0,00001000000010000000000100000001000000000010000000000000000000000100000010000000000000,0000100000001000000000010000000100000000001000000000000000000000010000001000000000000000000000000000010000100000000000,0000100000001000000000010000000100000000001000000000000000 1.8e-2
runproj limit: 1.0e-2
0000000000000000000000000000100000,0,00000000000000000000000000001000000000000000010000000000000000110001100000100100000000,0000000000000000000000000000100000000000000001000000000000000011000110000010010000000000000000010000100010001100000000,0000000000000000000000000000100000000000000001000000000000 1.0e-2
best: 1.0
runproj limit: 1.0e-2
0000000000000000001000000000101000,0,00000000000000000010000000001010000000000000110000010000100000000000000000000000000000,0000000000000000001000000000101000000000000011000001000010000000000000000000000000000000000000000001000000000001000100,0000000000000000001000000000101000000000000011000001000010 1.0e-2
runproj limit: 1.0e-2
0000000000010000000000001001100100,0,00000000000100000000000010011001000000000000110000010000000000000000101000000000000001,0000000000010000000000001001100100000000000011000001000000000000000010100000000000000101000000000001000001000000000100,0000000000010000000000001001100100000000000011000001000000 1.0e-2
runproj limit: 1.0e-2
0110000000000000000000001000000000,0,01100000000000000000000010000000001000001000000000010000000000001000000000000110000000,0110000000000000000000001000000000100000100000000001000000000000100000000000011000000000000000000000000000000100000000,0110000000000000000000001000000000100000100000000001000000 1.0e-2
runproj limit: 1.0e-2
0000000000000000000000000000100000,0,00000000000000000000000000001000000000000000000000000000000000010000000000000100000000,0000000000000000000000000000100000000000000000000000000000000001000000000000010000000000000000010000100000000100000000,0000000000000000000000000000100000000000000000000000000000 8.0e-3
runproj limit: 1.0e-2
1010000000000000000100000011000100,1,10100000000000000001000000110001000100001000000000000000000001000000001000000000000001,1010000000000000000100000011000100010000100000000000000000000100000000100000000000000101000000000000000011000000000000,1010000000000000000100000011000100010000100000000000000000 1.0e-2
runproj limit: 1.0e-2
1000000000000000000000000001000101,1,10000000000000000000000000010001010100000000000100000000000001000000100000000000000000,1000000000000000000000000001000101010000000000010000000000000100000010000000000000000000000000000000000001000000100000,1000000000000000000000000001000101010000000000010000000000 1.0e-2
runproj limit: 1.0e-2
0000000000000000000000000000000000,0,00000000000000000000000000000000000000000000000000000000000000000000000000000000000000,0000000000000000000000000000000000000000000000000000000000000000000000000000000000000000000000000000000000000000000000,0000000000000000000000000000000000000000000000000000000000 1.0e-2
runproj limit: 1.0e-2
1000000000000000000000000001000001,1,10000000000000000000000000010000010100001000000100000000000000000000101000000000000001,1000000000000000000000000001000001010000100000010000000000000000000010100000000000000100000000000000000010000000000000,1000000000000000000000000001000001010000100000010000000000 1.0e-2
runproj limit: 1.0e-2
0010000000111100100100011000000100,0,00100000001111001001000110000001000000100000010001000111001010010010100011000100000000,0010000000111100100100011000000100000010000001000100011100101001001010001100010000000011000100001000100010101000011000,0010000000111100100100011000000100000010000001000100011100 2.0e-2
runproj limit: 1.0e-2
0000010000001001011001100000000101,0,00000100000010010110011000000001011110000001010101000000000100000000000000000000000110,0000010000001001011001100000000101111000000101010100000000010000000000000000000000011010100010100000000100000010000100,0000010000001001011001100000000101111000000101010100000000 1.0e-2
runproj limit: 1.0e-2
0000110011000110011110000101000000,0,00001100110001100111100001010000000100100000110000001011001000001010001000000110001010,0000110011000110011110000101000000010010000011000000101100100000101000100000011000101010000100100101100100100100000000,0000110011000110011110000101000000010010000011000000101100 1.0e-2
runproj limit: 1.0e-2
0100010010001000010100100001100010,0,01000100100010000101001000011000100000000000000011010100010001100000000100000010001001,0100010010001000010100100001100010000000000000001101010001000110000000010000001000100100000101000010100000111100000101,0100010010001000010100100001100010000000000000001101010001 1.0e-2
runproj limit: 1.0e-2
0110010100110000011000001000101000,0,01100101001100000110000010001010001000100000100111101100100000000000000100001000001000,0110010100110000011000001000101000100010000010011110110010000000000000010000100000100001000101111000100001100001001100,0110010100110000011000001000101000100010000010011110110010 1.2e-2
runproj limit: 1.0e-2
0100000000000000000010000000000000,0,01000000000000000000100000000000000000000000100000000010000000001010000000100110000000,0100000000000000000010000000000000000000000010000000001000000000101000000010011000000000000000000000000000000100000000,0100000000000000000010000000000000000000000010000000001000 1.0e-2
runproj limit: 1.0e-2
0010000000100000000100000000001100,0,00100000001000000001000000000011000000000000000000000000000000010010000000000000000000,0010000000100000000100000000001100000000000000000000000000000001001000000000000000000000000000000000000000100000001000,0010000000100000000100000000001100000000000000000000000000 1.0e-2
runproj limit: 1.0e-2
0000000000010000001000001001101000,0,00000000000100000010000010011010000000000000110000010000100000000000000000001000001000,0000000000010000001000001001101000000000000011000001000010000000000000000000100000100000000000000001000000100001000100,0000000000010000001000001001101000000000000011000001000010 1.0e-2
runproj limit: 1.0e-2
0000000000000000000000000000000000,0,00000000000000000000000000000000000000000000000000000000000000000000000000000000000000,0000000000000000000000000000000000000000000000000000000000000000000000000000000000000000000000000000000000000000000000,0000000000000000000000000000000000000000000000000000000000 1.0e-2
runproj limit: 1.0e-2
1000000000000000000000000011000101,1,10000000000000000000000000110001010100001000000100000001000001000000101000000000000001,1000000000000000000000000011000101010000100000010000000100000100000010100000000000000101000000000000000011000000100000,1000000000000000000000000011000101010000100000010000000100 1.0e-2
runproj limit: 1.0e-2
0000000000000000000000000000100000,0,00000000000000000000000000001000000000000000010000000000000000110001100000100100000000,0000000000000000000000000000100000000000000001000000000000000011000110000010010000000000000000010000100010001100000000,0000000000000000000000000000100000000000000001000000000000 1.0e-2
runproj limit: 1.0e-2
0010000000000000000000001000000000,0,00100000000000000000000010000000001100001000000000010000000000000100000000000000000000,0010000000000000000000001000000000110000100000000001000000000000010000000000000000000000010000000000100000000000000000,0010000000000000000000001000000000110000100000000001000000 2.0e-2
best: 0.8
runproj limit: 1.0e-2
0010000000000000000000000001000000,0,00100000000000000000000000010000000100000000000000000000000001000000001000000000000001,0010000000000000000000000001000000010000000000000000000000000100000000100000000000000101000000000000000011000000000000,0010000000000000000000000001000000010000000000000000000000 1.2e-2
runproj limit: 1.0e-2
0110000010000000000000000000100010,0,01100000100000000000000000001000101000001000000011010100010001001000000100000110000000,0110000010000000000000000000100010100000100000001101010001000100100000010000011000000000000001000010100000101100000001,0110000010000000000000000000100010100000100000001101010001 1.2e-2
runproj limit: 1.0e-2
0000010010000010011100000100000000,0,00000100100000100111000001000000000100100000110000000000001000001010000000000000000010,0000010010000010011100000100000000010010000011000000000000100000101000000000000000001000000100000001100100100100000000,0000010010000010011100000100000000010010000011000000000000 1.0e-2
runproj limit: 1.0e-2
0010000000000000000100000000001100,0,00100000000000000001000000000011000000001000000000000000000000000000001000000000000001,0010000000000000000100000000001100000000100000000000000000000000000000100000000000000100000000000000000001100000001000,0010000000000000000100000000001100000000100000000000000000 1.0e-2
runproj limit: 1.0e-2
0100000000000000000010001000000000,0,01000000000000000000100010000000001000001000100000010000000000001010000000000110000000,0100000000000000000010001000000000100000100010000001000000000000101000000000011000000000000000000000000000000100000000,0100000000000000000010001000000000100000100010000001000000 1.0e-2
runproj limit: 1.0e-2
0000000000000000000000000000100000,0,00000000000000000000000000001000000000000000000000000000000000000000000000000100000000,0000000000000000000000000000100000000000000000000000000000000000000000000000010000000000000000010000100000000000000000,0000000000000000000000000000100000000000000000000000000000 1.0e-2
runproj limit: 1.0e-2
0000010000000100011110000101101000,0,00000100000001000111100001011010000000100000110000011011100000001010001000000110001010,0000010000000100011110000101101000000010000011000001101110000000101000100000011000101000000100100101000000000101000000,0000010000000100011110000101101000000010000011000001101110 1.0e-2
runproj limit: 1.0e-2
0000010000001000010100100001000100,0,00000100000010000101001000010001000010000000010011010100010000000000000000000010000100,0000010000001000010100100001000100001000000001001101010001000000000000000000001000010010000010100010100000000000000100,0000010000001000010100100001000100001000000001001101010001 1.0e-2
runproj limit: 1.0e-2
0000000000000010000101000100101000,0,00000000000000100001010001001010000000010011110110000001001000110001101101111111000000,0000000000000010000101000100101000000001001111011000000100100011000110110111111100000010000000011000111110111010010010,0000000000000010000101000100101000000001001111011000000100 1.0e-2
runproj limit: 1.0e-2
0101000000010000010000000001000100,0,01010000000100000100000000010001000000100000111000000000001001101111000101100111010001,0101000000010000010000000001000100000010000011100000000000100110111100010110011101000100000000101101000100010100101000,0101000000010000010000000001000100000010000011100000000000 1.7e-2
runproj limit: 1.0e-2
1101010010011111010110100001111010,1,11010100100111110101101000011110100000110001001010011101100011001010100000000011101111,1101010010011111010110100001111010000011000100101001110110001100101010000000001110111110100100000110101000001101001111,1101010010011111010110100001111010000011000100101001110110 1.0e-2
runproj limit: 1.0e-2
0111010011010101110110101001100011,0,01110100110101011101101010011000111110100001010010010000110000100000001110000010000100,0111010011010101110110101001100011111010000101001001000011000010000000111000001000010000000101110101101001101000000111,0111010011010101110110101001100011111010000101001001000011 1.0e-2
runproj limit: 1.0e-2
0101010000000101100011100100111001,0,01010100000001011000111001001110011011000101100000001010100000011011010001000000010000,0101010000000101100011100100111001101100010110000000101010000001101101000100000001000000010000100010110101100101000100,0101010000000101100011100100111001101100010110000000101010 1.0e-2
runproj limit: 1.0e-2
0000000000000000000000000000100000,0,00000000000000000000000000001000000000000000000000000000000000010000000000000100000000,0000000000000000000000000000100000000000000000000000000000000001000000000000010000000000000000010000100000000100000000,0000000000000000000000000000100000000000000000000000000000 1.0e-2
runproj limit: 1.0e-2
0000000000000000001000000000101000,0,00000000000000000010000000001010000000000000110000010000100000000000000000000000000000,0000000000000000001000000000101000000000000011000001000010000000000000000000000000000000000000000001000000000001000100,0000000000000000001000000000101000000000000011000001000010 1.0e-2
runproj limit: 1.0e-2
0000000000010000000000001001100100,0,00000000000100000000000010011001000000000000110000010000000000000000101000000000000001,0000000000010000000000001001100100000000000011000001000000000000000010100000000000000101000000000001000001000000000100,0000000000010000000000001001100100000000000011000001000000 1.0e-2
runproj limit: 1.0e-2
0110000000000000000000001000000000,0,01100000000000000000000010000000001000001000000000010000000000001000000000000110000000,0110000000000000000000001000000000100000100000000001000000000000100000000000011000000000000000000000000000000100000000,0110000000000000000000001000000000100000100000000001000000 1.0e-2
runproj limit: 1.0e-2
1010000000000000000100000011000100,1,10100000000000000001000000110001000100001000000000000000000001000000001000000000000001,1010000000000000000100000011000100010000100000000000000000000100000000100000000000000101000000000000000011000000000000,1010000000000000000100000011000100010000100000000000000000 1.0e-2
runproj limit: 1.0e-2
1000000000000000000000000001000101,1,10000000000000000000000000010001010100000000000100000000000001000000100000000000000000,1000000000000000000000000001000101010000000000010000000000000100000010000000000000000000000000000000000001000000100000,1000000000000000000000000001000101010000000000010000000000 1.0e-2
runproj limit: 1.0e-2
0000000000000000000000000000000000,0,00000000000000000000000000000000000000000000000000000000000000000000000000000000000000,0000000000000000000000000000000000000000000000000000000000000000000000000000000000000000000000000000000000000000000000,0000000000000000000000000000000000000000000000000000000000 1.2e-2
best: 1.0
runproj limit: 1.0e-2
0000000000000010000100000100101000,0,00000000000000100001000001001010000000010000110010010001101000100000001000000001000000,0000000000000010000100000100101000000001000011001001000110100010000000100000000100000010000000011000111010010010000010,0000000000000010000100000100101000000001000011001001000110 1.0e-2
runproj limit: 1.0e-2
0110000010010001000110001001100010,0,01100000100100010001100010011000101010001000010010010000000000000000001100000000000101,0110000010010001000110001001100010101000100001001001000000000000000000110000000000010100000100110100000001101000000110,0110000010010001000110001001100010101000100001001001000000 1.0e-2
runproj limit: 1.0e-2
1000010010000000010100000001000100,1,10000100100000000101000000010001000100000000010100000000001001000010000000000000000010,1000010010000000010100000001000100010000000001010000000000100100001000000000000000001000000000000000100000100100000000,1000010010000000010100000001000100010000000001010000000000 1.5e-2
runproj limit: 1.0e-2
0100000000000010001100001000000000,0,01000000000000100011000010000000001000001000010000000000001000001000000000000010000010,0100000000000010001100001000000000100000100001000000000000100000100000000000001000001000000100000000000100000100000000,0100000000000010001100001000000000100000100001000000000000 1.2e-2
runproj limit: 1.0e-2
0000000000000100000110000100001000,0,00000000000001000001100001000010000000001000110000011001000000001010001000000110001000,0000000000000100000110000100001000000000100011000001100100000000101000100000011000100000000000000000000000000100000000,0000000000000100000110000100001000000000100011000001100100 1.0e-2
runproj limit: 1.0e-2
0000000000000000001000000000100000,0,00000000000000000010000000001000000000000000110000000000100000000000000000000100000000,0000000000000000001000000000100000000000000011000000000010000000000000000000010000000000000000010001000000000001000100,0000000000000000001000000000100000000000000011000000000010 1.0e-2
runproj limit: 1.0e-2
0000000000010000000000000000100100,0,00000000000100000000000000001001000000010010110100010000001000110001101100000111000000,0000000000010000000000000000100100000001001011010001000000100011000110110000011100000000000000011000110000010010010000,0000000000010000000000000000100100000001001011010001000000 1.0e-2
runproj limit: 1.0e-2
1010000000000000000100000001000100,1,10100000000000000001000000010001000100001000000000000000000000000000001000000000000001,1010000000000000000100000001000100010000100000000000000000000000000000100000000000000100000000000000000011000000001000,1010000000000000000100000001000100010000100000000000000000 1.0e-2
runproj limit: 1.0e-2
0000010000000100011110000111101010,0,00000100000001000111100001111010100000100100110000011011001010011010001100100101111100,0000010000000100011110000111101010000010010011000001101100101001101000110010010111110010011100101011100000000101100000,0000010000000100011110000111101010000010010011000001101100 1.0e-2
runproj limit: 1.0e-2
0100110000000000010101100000100100,0,01001100000000000101011000001001001010101001010011010101110010001001010000110010001110,0100110000000000010101100000100100101010100101001101010111001000100101000011001000111010001000000001111000000110000111,0100110000000000010101100000100100101010100101001101010111 1.5e-2
runproj limit: 1.0e-2
0110010011000111101100000100000000,0,01100100110001111011000001000000000110100001110010011010011000011010110100001010100001,0110010011000111101100000100000000011010000111001001101001100001101011010000101010000101000100000011100000000100100100,0110010011000111101100000100000000011010000111001001101001 1.0e-2
runproj limit: 1.0e-2
1100010110011110010111000111111110,1,11000101100111100101110001111111100010100001011010001101100111011010100001010000101111,1100010110011110010111000111111110001010000101101000110110011101101010000101000010111110110101000111100101000111011111,1100010110011110010111000111111110001010000101101000110110 1.0e-2
runproj limit: 1.0e-2
0110010010010000100110111101011110,0,01100100100100001001101111010111101010100001010010010001110000001100001110000011000101,0110010010010000100110111101011110101010000101001001000111000000110000111000001100010100100101110100101101011000110111,0110010010010000100110111101011110101010000101001001000111 1.5e-2
runproj limit: 1.0e-2
0000010010000010011100000100000000,0,00000100100000100111000001000000000100100000110000000000001000001010000000000000000010,0000010010000010011100000100000000010010000011000000000000100000101000000000000000001000000100000001100100100100000000,0000010010000010011100000100000000010010000011000000000000 1.0e-2
runproj limit: 1.0e-2
0010000000000000000100000000001100,0,00100000000000000001000000000011000000001000000000000000000000000000001000000000000001,0010000000000000000100000000001100000000100000000000000000000000000000100000000000000100000000000000000001100000001000,0010000000000000000100000000001100000000100000000000000000 1.2e-2
runproj limit: 1.0e-2
0100000000000000000010001000000000,0,01000000000000000000100010000000001000001000100000010000000000001010000000000110000000,0100000000000000000010001000000000100000100010000001000000000000101000000000011000000000000000000000000000000100000000,0100000000000000000010001000000000100000100010000001000000 1.0e-2
runproj limit: 1.0e-2
0000000000000000000000000000100000,0,00000000000000000000000000001000000000000000000000000000000000000000000000000100000000,0000000000000000000000000000100000000000000000000000000000000000000000000000010000000000000000010000100000000000000000,0000000000000000000000000000100000000000000000000000000000 1.0e-2
runproj limit: 1.0e-2
0000010000000100011110000101101000,0,00000100000001000111100001011010000000100000110000011011100000001010001000000110001010,0000010000000100011110000101101000000010000011000001101110000000101000100000011000101000000100100101000000000101000000,0000010000000100011110000101101000000010000011000001101110 1.0e-2
runproj limit: 1.0e-2
0000010000001000010100100001000100,0,00000100000010000101001000010001000010000000010011010100010000000000000000000010000100,0000010000001000010100100001000100001000000001001101010001000000000000000000001000010010000010100010100000000000000100,0000010000001000010100100001000100001000000001001101010001 1.0e-2
runproj limit: 1.0e-2
0000000000000010000101000100101000,0,00000000000000100001010001001010000000010011110110000001001000110001101101111111000000,0000000000000010000101000100101000000001001111011000000100100011000110110111111100000010000000011000111110111010010010,0000000000000010000101000100101000000001001111011000000100 1.0e-2
best: 1.0
runproj limit: 1.0e-2
0000000000000000000010000100001000,0,00000000000000000000100001000010000000001000100000010000000000001010000000000110000000,0000000000000000000010000100001000000000100010000001000000000000101000000000011000000000000000000000000000000100000000,0000000000000000000010000100001000000000100010000001000000 1.0e-2
runproj limit: 1.0e-2
0000000000000000000000000000101100,0,00000000000000000000000000001011000000010010110110000001001000110001101100110111000000,0000000000000000000000000000101100000001001011011000000100100011000110110011011100000000000000011000111110110010010010,0000000000000000000000000000101100000001001011011000000100 1.0e-2
runproj limit: 1.0e-2
0000000010000010011000000000000000,0,00000000100000100110000000000000000100101000100000010000001000001010000000000110000000,0000000010000010011000000000000000010010100010000001000000100000101000000000011000000000000100000000100000100100000000,0000000010000010011000000000000000010010100010000001000000 1.0e-2
runproj limit: 1.0e-2
0000000000000010000001000100100000,0,00000000000000100000010001001000000000000001110000000001001000010001101100100110000000,0000000000000010000001000100100000000000000111000000000100100001000110110010011000000010000000011000101010000010010010,0000000000000010000001000100100000000000000111000000000100 1.0e-2
runproj limit: 1.0e-2
0000000000000100010110000111100110,0,00000000000001000101100001111001100100101100010000011011000000000000001100000001110001,0000000000000100010110000111100110010010110001000001101100000000000000110000000111000100001000000001000011000101001000,0000000000000100010110000111100110010010110001000001101100 1.2e-2
runproj limit: 1.0e-2
0000010000001100000100000001000100,0,00000100000011000001000000010001000000001000010001010101000000001010001000000010000100,0000010000001100000100000001000100000000100001000101010100000000101000100000001000010010000010100010100000000000000000,0000010000001100000100000001000100000000100001000101010100 1.0e-2
runproj limit: 1.0e-2
1000010010000010000101000111111000,1,10000100100000100001010001111110000010100001011010011101101011011010100001010000100010,1000010010000010000101000111111000001010000101101001110110101101101010000101000010001010000101010001111001010010000110,1000010010000010000101000111111000001010000101101001110110 1.2e-2
runproj limit: 1.0e-2
0110000000010000000010000001100010,0,01100000000100000000100000011000101000000000000000000000000000000000001000000000000101,0110000000010000000010000001100010100000000000000000000000000000000000100000000000010100000100110100000000000000000010,0110000000010000000010000001100010100000000000000000000000 1.0e-2
runproj limit: 1.0e-2
0010001000100100001001000000100010,0,00100010001001000010010000001000101000011000110010010000100101000000001000110000010101,0010001000100100001001000000100010100001100011001001000010010100000000100011000001010110101000011000111000011010110010,0010001000100100001001000000100010100001100011001001000010 1.0e-2
runproj limit: 1.0e-2
0111000001010001000001000000100100,0,01110000010100010000010000001001000010010010100111011011001110110000100000000111010101,0111000001010001000001000000100100001001001010011101101100111011000010000000011101010100011100010001111010010000010011,0111000001010001000001000000100100001001001010011101101100 2.0e-2
runproj limit: 1.0e-2
0110110111000111101110110000000000,0,01101101110001111011101100000000000110100001110010001110011001110001110100101010101000,0110110111000111101110110000000000011010000111001000111001100111000111010010101010100000000100100111101001010110000110,0110110111000111101110110000000000011010000111001000111001 1.0e-2
runproj limit: 1.0e-2
1000010100110100111100001111001010,1,10000101001101001111000011110010100000110100110001111011011010111010001010100111011101,1000010100110100111100001111001010000011010011000111101101101011101000101010011101110100011100100011010010010100010100,1000010100110100111100001111001010000011010011000111101101 3.0e-2
runproj limit: 1.0e-2
0100000000000010010111100110101010,0,01000000000000100101111001101010100010000010110010100101001100100000001000100011110000,0100000000000010010111100110101010001000001011001010010100110010000000100010001111000011000010111000111100000001010010,0100000000000010010111100110101010001000001011001010010100 1.0e-2
runproj limit: 1.0e-2
0000000000000010000100000100101000,0,00000000000000100001000001001010000000010000110010010001101000100000001000000001000000,0000000000000010000100000100101000000001000011001001000110100010000000100000000100000010000000011000111010010010000010,0000000000000010000100000100101000000001000011001001000110 1.0e-2
runproj limit: 1.0e-2
0110000010010001000110001001100010,0,01100000100100010001100010011000101010001000010010010000000000000000001100000000000101,0110000010010001000110001001100010101000100001001001000000000000000000110000000000010100000100110100000001101000000110,0110000010010001000110001001100010101000100001001001000000 1.0e-2
runproj limit: 1.0e-2
0000000000000100000110000100001000,0,00000000000001000001100001000010000000001000110000011001000000001010001000000110001000,0000000000000100000110000100001000000000100011000001100100000000101000100000011000100000000000000000000000000100000000,0000000000000100000110000100001000000000100011000001100100 1.0e-2
runproj limit: 1.0e-2
0000000000000000001000000000100000,0,00000000000000000010000000001000000000000000110000000000100000000000000000000100000000,0000000000000000001000000000100000000000000011000000000010000000000000000000010000000000000000010001000000000001000100,0000000000000000001000000000100000000000000011000000000010 1.0e-2
runproj limit: 1.0e-2
0000000000010000000000000000100100,0,00000000000100000000000000001001000000010010110100010000001000110001101100000111000000,0000000000010000000000000000100100000001001011010001000000100011000110110000011100000000000000011000110000010010010000,0000000000010000000000000000100100000001001011010001000000 1.0e-2
runproj limit: 1.0e-2
1010000000000000000100000001000100,1,10100000000000000001000000010001000100001000000000000000000000000000001000000000000001,1010000000000000000100000001000100010000100000000000000000000000000000100000000000000100000000000000000011000000001000,1010000000000000000100000001000100010000100000000000000000 1.0e-2
runproj limit: 1.0e-2
0000010000000100011110000111101010,0,00000100000001000111100001111010100000100100110000011011001010011010001100100101111100,0000010000000100011110000111101010000010010011000001101100101001101000110010010111110010011100101011100000000101100000,0000010000000100011110000111101010000010010011000001101100 1.0e-2
best: 1.0
runproj limit: 1.0e-2
0110000000000000001110000000100010,0,01100000000000000011100000001000100000000000110010000000000000000000000100000000000001,0110000000000000001110000000100010000000000011001000000000000000000000010000000000000100000000010001000000100000000110,0110000000000000001110000000100010000000000011001000000000 1.0e-2
runproj limit: 1.0e-2
0010000000000000000000000000100000,0,00100000000000000000000000001000000000010000110110000000001000010000001000010101000001,0010000000000000000000000000100000000001000011011000000000100001000000100001010100000100000000011100000110110010010010,0010000000000000000000000000100000000001000011011000000000 1.0e-2
runproj limit: 1.0e-2
0100000000010101011110000111100010,0,01000000000101010111100001111000100010000100010010011010000000010000001100000001011101,0100000000010101011110000111100010001000010001001001101000000001000000110000000101110100000100110000000001101100000100,0100000000010101011110000111100010001000010001001001101000 1.0e-2
runproj limit: 1.0e-2
0000010000001000000100000001000100,0,00000100000010000001000000010001000000001000110001010100001000111010101100000010000000,0000010000001000000100000001000100000000100011000101010000100011101010110000001000000000000000000000110000000010000000,0000010000001000000100000001000100000000100011000101010000 1.0e-2
runproj limit: 1.0e-2
0000010000001100000100000001000100,0,00000100000011000001000000010001000000001000010001010101000000001010001000000010000100,0000010000001100000100000001000100000000100001000101010100000000101000100000001000010010000010100010100000000000000000,0000010000001100000100000001000100000000100001000101010100 1.0e-2
runproj limit: 1.0e-2
0010000000001100000000000001000100,0,00100000000011000000000000010001000000001000010000000001000000001000001000000000000101,0010000000001100000000000001000100000000100001000000000100000000100000100000000000010100000100100110100000000000000000,0010000000001100000000000001000100000000100001000000000100 1.0e-2
runproj limit: 1.0e-2
1000010000000010000000000110001000,1,10000100000000100000000001100010000000000000101000011100001001001010000000000010100000,1000010000000010000000000110001000000000000010100001110000100100101000000000001010000010000000000000110000000110000100,1000010000000010000000000110001000000000000010100001110000 1.0e-2
runproj limit: 1.0e-2
0000001000001100001001000001000100,0,00000010000011000010010000010001001000011000010010010000100000001010001000110000000100,0000001000001100001001000001000100100001100001001001000010000000101000100011000000010010101000101000110000001010110000,0000001000001100001001000001000100100001100001001001000010 1.0e-2
runproj limit: 1.0e-2
1000000000001000000001001001000000,1,10000000000010000000010010010000000100001000001001011000100010000001000001000000001001,1000000000001000000001001001000000010000100000100101100010001000000100000100000000100110000000000010001001100110001100,1000000000001000000001001001000000010000100000100101100010 2.0e-2
runproj limit: 1.0e-2
1011000000000100011100000111000110,1,10110000000001000111000001110001100010101101010000000000001110001110101010100001111100,1011000000000100011100000111000110001010110101000000000000111000111010101010000111110011011100101011100000110001100010,1011000000000100011100000111000110001010110101000000000000 1.2e-2
runproj limit: 1.0e-2
1110011010101000101001001000000000,1,11100110101010001010010010000000001101011100100110000000001010100110101101110000011101,1110011010101000101001001000000000110101110010011000000000101010011010110111000001110110101000011100000000001110110010,1110011010101000101001001000000000110101110010011000000000 1.5e-2
runproj limit: 1.0e-2
0111000010011001000010000000101000,0,01110000100110010000100000001010000100000000010000000000110101000101001010100000010101,0111000010011001000010000000101000010000000001000000000011010100010100101010000001010100110010110011000110000010000010,0111000010011001000010000000101000010000000001000000000011 2.0e-2
runproj limit: 1.0e-2
1010010000001011010101000001101011,1,10100100000010110101010000011010110100101000100101010011000001010010010001001000001001,1010010000001011010101000001101011010010100010010101001100000101001001000100100000100110000001010001010110000101001110,1010010000001011010101000001101011010010100010010101001100 1.0e-2
runproj limit: 1.0e-2
0000000000000000000010000100001000,0,00000000000000000000100001000010000000001000100000010000000000001010000000000110000000,0000000000000000000010000100001000000000100010000001000000000000101000000000011000000000000000000000000000000100000000,0000000000000000000010000100001000000000100010000001000000 1.0e-2
runproj limit: 1.0e-2
0000000000000000000000000000101100,0,00000000000000000000000000001011000000010010110110000001001000110001101100110111000000,0000000000000000000000000000101100000001001011011000000100100011000110110011011100000000000000011000111110110010010010,0000000000000000000000000000101100000001001011011000000100 1.0e-2
runproj limit: 1.0e-2
0000000010000010011000000000000000,0,00000000100000100110000000000000000100101000100000010000001000001010000000000110000000,0000000010000010011000000000000000010010100010000001000000100000101000000000011000000000000100000000100000100100000000,0000000010000010011000000000000000010010100010000001000000 1.2e-2
runproj limit: 1.0e-2
0000000000000010000001000100100000,0,00000000000000100000010001001000000000000001110000000001001000010001101100100110000000,0000000000000010000001000100100000000000000111000000000100100001000110110010011000000010000000011000101010000010010010,0000000000000010000001000100100000000000000111000000000100 1.0e-2
runproj limit: 1.0e-2
0000010000001100000100000001000100,0,00000100000011000001000000010001000000001000010001010101000000001010001000000010000100,0000010000001100000100000001000100000000100001000101010100000000101000100000001000010010000010100010100000000000000000,0000010000001100000100000001000100000000100001000101010100 1.2e-2
runproj limit: 1.0e-2
0110000000010000000010000001100010,0,01100000000100000000100000011000101000000000000000000000000000000000001000000000000101,0110000000010000000010000001100010100000000000000000000000000000000000100000000000010100000100110100000000000000000010,0110000000010000000010000001100010100000000000000000000000 1.0e-2
runproj limit: 1.0e-2
0010001000100100001001000000100010,0,00100010001001000010010000001000101000011000110010010000100101000000001000110000010101,0010001000100100001001000000100010100001100011001001000010010100000000100011000001010110101000011000111000011010110010,0010001000100100001001000000100010100001100011001001000010 1.0e-2
best: 1.0
runproj limit: 1.0e-2
0000000000001110000101000000000000,0,00000000000011100001010000000000000000000000010001000001001000010010001100100010000100,0000000000001110000101000000000000000000000001000100000100100001001000110010001000010010000000010000100000000010000000,0000000000001110000101000000000000000000000001000100000100 1.5e-2
runproj limit: 1.0e-2
0000000000001010010101000000101001,0,00000000000010100101010000001010010100001001110001000001000001010011000001001000000001,0000000000001010010101000000101001010000100111000100000100000101001100000100100000000110000001011001000110000011011010,0000000000001010010101000000101001010000100111000100000100 1.0e-2
runproj limit: 1.0e-2
1000010000000000000100000000000000,1,10000100000000000001000000000000000000001000110000011100001001011010100000000010100000,1000010000000000000100000000000000000000100011000001110000100101101010000000001010000000000000000000110000000110000100,1000010000000000000100000000000000000000100011000001110000 1.0e-2
runproj limit: 1.0e-2
1010000000001101000001000001001100,1,10100000000011010000010000010011000000101000100100010001000001010010010001001000000001,1010000000001101000001000001001100000010100010010001000100000101001001000100100000000100000101010010000100000101001010,1010000000001101000001000001001100000010100010010001000100 1.0e-2
runproj limit: 1.0e-2
0010000000000000001010000000100000,0,00100000000000000010100000001000000000010000110110000000001000010000001000000001000001,0010000000000000001010000000100000000001000011011000000000100001000000100000000100000100000000010001000010100000000010,0010000000000000001010000000100000000001000011011000000000 1.0e-2
runproj limit: 1.0e-2
0000000000000000000000000000100000,0,00000000000000000000000000001000000000010000110110000001001000110000101100010111000000,0000000000000000000000000000100000000001000011011000000100100011000010110001011100000000000000011100110110110010010010,0000000000000000000000000000100000000001000011011000000100 1.0e-2
runproj limit: 1.0e-2
0100000000000000001110000000101010,0,01000000000000000011100000001010100000010000110010000000001000010001100100000111000001,0100000000000000001110000000101010000001000011001000000000100001000110010000011100000100000000010000111110100000000010,0100000000000000001110000000101010000001000011001000000000 1.0e-2
runproj limit: 1.0e-2
0000010000001100000001000001000100,0,00000100000011000000010000010001001000011000010000010100100000001010001000100000000100,0000010000001100000001000001000100100001100001000001010010000000101000100010000000010010000010100010110000001010010000,0000010000001100000001000001000100100001100001000001010010 1.0e-2
runproj limit: 1.0e-2
0101000000000110100110000110000100,0,01010000000001101001100001100001001001011111110101010101001000011011101100011000000000,0101000000000110100110000110000100100101111111010101010100100001101110110001100000000011010010100000110110110010010000,0101000000000110100110000110000100100101111111010101010100 1.0e-2
runproj limit: 1.0e-2
0110101110010000011100000011000100,0,01101011100100000111000000110001001010001101101000010100011000011011001100101111000100,0110101110010000011100000011000100101000110110100001010001100001101100110010111100010001000110000010100001000101011000,0110101110010000011100000011000100101000110110100001010001 1.0e-2
runproj limit: 1.0e-2
0001110000001100010100010001100100,0,00011100000011000101000100011001000000011000100011000001000100001110000100000010110100,0001110000001100010100010001100100000001100010001100000100010000111000010000001011010010110010000010101101000000100111,0001110000001100010100010001100100000001100010001100000100 2.0e-2
runproj limit: 1.0e-2
1000110001101000000110001101100111,1,10001100011010000001100011011001110000001011010011010000000100111111000010001011010000,1000110001101000000110001101100111000000101101001101000000010011111100001000101101000001101010000000001100110101010100,1000110001101000000110001101100111000000101101001101000000 1.2e-2
runproj limit: 1.0e-2
0000001000101000001000010110000100,0,00000010001010000010000101100001001110010000111010111000100001101010001000000101001001,0000001000101000001000010110000100111001000011101011100010000110101000100000010100100110111100000000110100011000010000,0000001000101000001000010110000100111001000011101011100010 1.0e-2
runproj limit: 1.0e-2
0110000000000000001110000000100010,0,01100000000000000011100000001000100000000000110010000000000000000000000100000000000001,0110000000000000001110000000100010000000000011001000000000000000000000010000000000000100000000010001000000100000000110,0110000000000000001110000000100010000000000011001000000000 1.0e-2
runproj limit: 1.0e-2
0010000000000000000000000000100000,0,00100000000000000000000000001000000000010000110110000000001000010000001000010101000001,0010000000000000000000000000100000000001000011011000000000100001000000100001010100000100000000011100000110110010010010,0010000000000000000000000000100000000001000011011000000000 1.0e-2
runproj limit: 1.0e-2
0100000000010101011110000111100010,0,01000000000101010111100001111000100010000100010010011010000000010000001100000001011101,0100000000010101011110000111100010001000010001001001101000000001000000110000000101110100000100110000000001101100000100,0100000000010101011110000111100010001000010001001001101000 1.0e-2
runproj limit: 1.0e-2
0000010000001000000100000001000100,0,00000100000010000001000000010001000000001000110001010100001000111010101100000010000000,0000010000001000000100000001000100000000100011000101010000100011101010110000001000000000000000000000110000000010000000,0000010000001000000100000001000100000000100011000101010000 1.0e-2
runproj limit: 1.0e-2
0000010000001100000100000001000100,0,00000100000011000001000000010001000000001000010001010101000000001010001000000010000100,0000010000001100000100000001000100000000100001000101010100000000101000100000001000010010000010100010100000000000000000,0000010000001100000100000001000100000000100001000101010100 1.0e-2
runproj limit: 1.0e-2
0010000000001100000000000001000100,0,00100000000011000000000000010001000000001000010000000001000000001000001000000000000101,0010000000001100000000000001000100000000100001000000000100000000100000100000000000010100000100100110100000000000000000,0010000000001100000000000001000100000000100001000000000100 1.0e-2
runproj limit: 1.0e-2
1000010000000010000000000110001000,1,10000100000000100000000001100010000000000000101000011100001001001010000000000010100000,1000010000000010000000000110001000000000000010100001110000100100101000000000001010000010000000000000110000000110000100,1000010000000010000000000110001000000000000010100001110000 1.0e-2
best: 1.0
runproj limit: 1.0e-2
0000010000001000000100000001000100,0,00000100000010000001000000010001000000001000110001010100001000001010101000000010000100,0000010000001000000100000001000100000000100011000101010000100000101010100000001000010010000000100000100000000010000000,0000010000001000000100000001000100000000100011000101010000 1.0e-2
runproj limit: 1.0e-2
0000000000101100001000000001000100,0,00000000001011000010000000010001001110011000010010011000100001001010001000100000000101,0000000000101100001000000001000100111001100001001001100010000100101000100010000000010110001100100000110100011010010000,0000000000101100001000000001000100111001100001001001100010 1.0e-2
runproj limit: 1.0e-2
0110000000000000001110000000100000,0,01100000000000000011100000001000000000000000110110000000000000000000000100000001000001,0110000000000000001110000000100000000000000011011000000000000000000000010000000100000100000000010001000010100000000010,0110000000000000001110000000100000000000000011011000000000 1.0e-2
runproj limit: 1.0e-2
0010101010001100000100000011000100,0,00101010100011000001000000110001000010001001100000010100000000011001001000101100000100,0010101010001100000100000011000100001000100110000001010000000001100100100010110000010001000100100110100001000000001000,0010101010001100000100000011000100001000100110000001010000 1.0e-2
runproj limit: 1.0e-2
0110000100001100001101000001000100,0,01100001000011000011010000010001001000001101100100010101000000010010010000101100000101,0110000100001100001101000001000100100000110110010001010100000001001001000010110000010101000110010010100001000101001000,0110000100001100001101000001000100100000110110010001010100 1.0e-2
runproj limit: 1.0e-2
0100010000000100000111000001000110,0,01000100000001000001110000010001100000010000110010000100100000011001101000100001000101,0100010000000100000111000001000110000001000011001000010010000001100110100010000100010100000010100000110000100010000000,0100010000000100000111000001000110000001000011001000010010 1.0e-2
runproj limit: 1.0e-2
0110101010010000011000000001000000,0,01101010100100000110000000010000000000000000111110000000011000010010001000001101000001,0110101010010000011000000001000000000000000011111000000001100001001000100000110100000101000010001010100001010000010010,0110101010010000011000000001000000000000000011111000000001 1.2e-2
runproj limit: 1.0e-2
0000000000000000000110000000000000,0,00000000000000000001100000000000000000010000110110010100001001011000101000000000000000,0000000000000000000110000000000000000001000011011001010000100101100010100000000000000000000000000000110010100100000110,0000000000000000000110000000000000000001000011011001010000 1.0e-2
runproj limit: 1.0e-2
0000110000010000000001000110100001,0,00001100000100000000010001101000011000001000110110011000001101100011101000011101010000,0000110000010000000001000110100001100000100011011001100000110110001110100001110101000001101000011000111100110010110010,0000110000010000000001000110100001100000100011011001100000 1.0e-2
runproj limit: 1.0e-2
0100000000001101010111001011001100,0,01000000000011010101110010110011000000001100101100010011100001010110110101000000000001,0100000000001101010111001011001100000000110010110001001110000101011011010100000000000101100101011000100110000011010010,0100000000001101010111001011001100000000110010110001001110 1.5e-2
runproj limit: 1.0e-2
1010000110001000000100000010000101,1,10100001100010000001000000100001010101010110000010110001101100111010111101010111000001,1010000110001000000100000010000101010101011000001011000110110011101011110101011100000101000110000000010010001000000010,1010000110001000000100000010000101010101011000001011000110 1.0e-2
runproj limit: 1.0e-2
1000001100001001001001100010101100,1,10000011000010010010011000101011000001101000011100000101111001000010110001011000010011,1000001100001001001001100010101100000110100001110000010111100100001011000101100001001111000111010011100100000100101010,1000001100001001001001100010101100000110100001110000010111 1.0e-2
runproj limit: 1.0e-2
1101000001000111000110000100011100,1,11010000010001110001100001000111001001011011101101011101101001011011001000111001100000,1101000001000111000110000100011100100101101110110101110110100101101100100011100110000011001010110000111110010110010010,1101000001000111000110000100011100100101101110110101110110 1.0e-2
runproj limit: 1.0e-2
0000000000001010010101000000101001,0,00000000000010100101010000001010010100001001110001000001000001010011000001001000000001,0000000000001010010101000000101001010000100111000100000100000101001100000100100000000110000001011001000110000011011010,0000000000001010010101000000101001010000100111000100000100 1.0e-2
runproj limit: 1.0e-2
1000010000000000000100000000000000,1,10000100000000000001000000000000000000001000110000011100001001011010100000000010100000,1000010000000000000100000000000000000000100011000001110000100101101010000000001010000000000000000000110000000110000100,1000010000000000000100000000000000000000100011000001110000 1.0e-2
runproj limit: 1.0e-2
1010000000001101000001000001001100,1,10100000000011010000010000010011000000101000100100010001000001010010010001001000000001,1010000000001101000001000001001100000010100010010001000100000101001001000100100000000100000101010010000100000101001010,1010000000001101000001000001001100000010100010010001000100 1.0e-2
runproj limit: 1.0e-2
0010000000000000001010000000100000,0,00100000000000000010100000001000000000010000110110000000001000010000001000000001000001,0010000000000000001010000000100000000001000011011000000000100001000000100000000100000100000000010001000010100000000010,0010000000000000001010000000100000000001000011011000000000 1.2e-2
runproj limit: 1.0e-2
0000000000000000000000000000100000,0,00000000000000000000000000001000000000010000110110000001001000110000101100010111000000,0000000000000000000000000000100000000001000011011000000100100011000010110001011100000000000000011100110110110010010010,0000000000000000000000000000100000000001000011011000000100 1.0e-2
runproj limit: 1.0e-2
0100000000000000001110000000101010,0,01000000000000000011100000001010100000010000110010000000001000010001100100000111000001,0100000000000000001110000000101010000001000011001000000000100001000110010000011100000100000000010000111110100000000010,0100000000000000001110000000101010000001000011001000000000 1.0e-2
runproj limit: 1.0e-2
0000010000001100000001000001000100,0,00000100000011000000010000010001001000011000010000010100100000001010001000100000000100,0000010000001100000001000001000100100001100001000001010010000000101000100010000000010010000010100010110000001010010000,0000010000001100000001000001000100100001100001000001010010 1.0e-2
best: 1.0
runproj limit: 1.0e-2
0010000000000000001001000001000100,0,00100000000000000010010000010001001000000100100110010101001000110000101100110100000000,0010000000000000001001000001000100100000010010011001010100100011000010110011010000000000000000011100110100000111010010,0010000000000000001001000001000100100000010010011001010100 1.0e-2
runproj limit: 1.0e-2
0000001100001100001001000000101100,0,00000011000011000010010000001011001001001101000100010101101000010010010000111100000011,0000001100001100001001000000101100100100110100010001010110100001001001000011110000001101000110010010100100000101101000,0000001100001100001001000000101100100100110100010001010110 1.0e-2
runproj limit: 1.0e-2
1001001101000101001010100100001100,1,10010011010001010010101001000011001001001000111101001101111001001011100001011001100010,1001001101000101001010100100001100100100100011110100110111100100101110000101100110001011000110010000101110010100110010,1001001101000101001010100100001100100100100011110100110111 1.2e-2
runproj limit: 1.0e-2
0000101000001100000100000001000100,0,00001010000011000001000000010001000010001001010010010000100000001001001000100000000101,0000101000001100000100000001000100001000100101001001000010000000100100100010000000010110001100100000100000001000000000,0000101000001100000100000001000100001000100101001001000010 1.0e-2
runproj limit: 1.0e-2
1000000000000000000000000000100000,1,10000000000000000000000000001000000000000000110010000100001001010010100100010110100000,1000000000000000000000000000100000000000000011001000010000100101001010010001011010000000000000011000110110010010000100,1000000000000000000000000000100000000000000011001000010000 1.0e-2
runproj limit: 1.0e-2
0100010000000011000100000101010100,0,01000100000000110001000001010101000000001011111101010101101001011010001000000000100100,0100010000000011000100000101010100000000101111110101010110100101101000100000000010010010001010100000101010000110010010,0100010000000011000100000101010100000000101111110101010110 1.2e-2
runproj limit: 1.0e-2
1000010000000000000001000010100000,1,10000100000000000000010000101000000000001000110100011000001001100010101000010001100000,1000010000000000000001000010100000000000100011010001100000100110001010100001000110000001001000011000111000010110000010,1000010000000000000001000010100000000000100011010001100000 1.0e-2
runproj limit: 1.0e-2
1010000010001000000110000010000111,1,10100000100010000001100000100001110101010000100010100000101100010001111101000111000001,1010000010001000000110000010000111010101000010001010000010110001000111110100011100000100000010010000110110100000000010,1010000010001000000110000010000111010101000010001010000010 1.0e-2
runproj limit: 1.0e-2
0000110100001101000101001000100000,0,00001101000011010001010010001000000000101000101100011000001001010110101010110111100000,0000110100001101000101001000100000000010100010110001100000100101011010101011011110000000000100110100011100000110000101,0000110100001101000101001000100000000010100010110001100000 1.5e-2
runproj limit: 1.0e-2
1010001110001110000100000000111101,1,10100011100011100001000000001111010101011111010110110001100100110000011110010111001001,1010001110001110000100000000111101010101111101011011000110010011000001111001011100100101001110000000111010001000000010,1010001110001110000100000000111101010101111101011011000110 1.0e-2
runproj limit: 1.0e-2
0111000010010000001110000001010100,0,01110000100100000011100000010101000000000100110100010000100010000000000101101010101101,0111000010010000001110000001010100000000010011010001000010001000000000010110101010110100000110011000011110100010101000,0111000010010000001110000001010100000000010011010001000010 1.0e-2
runproj limit: 1.0e-2
1000010000100100000101011000010001,1,10000100001001000001010110000100010000111011010001010000100000101000001100010010000100,1000010000100100000101011000010001000011101101000101000010000010100000110001001000010000001010100010011001110010011000,1000010000100100000101011000010001000011101101000101000010 1.0e-2
runproj limit: 1.0e-2
0000000000100101010000000110100110,0,00000000001001010100000001101001101000111100110110110110110111001000001001100000000101,0000000000100101010000000110100110100011110011011011011011011100100000100110000000010110001100110000111100101010110100,0000000000100101010000000110100110100011110011011011011011 1.0e-2
runproj limit: 1.0e-2
0000010000001000000100000001000100,0,00000100000010000001000000010001000000001000110001010100001000001010101000000010000100,0000010000001000000100000001000100000000100011000101010000100000101010100000001000010010000000100000100000000010000000,0000010000001000000100000001000100000000100011000101010000 1.0e-2
runproj limit: 1.0e-2
0000000000101100001000000001000100,0,00000000001011000010000000010001001110011000010010011000100001001010001000100000000101,0000000000101100001000000001000100111001100001001001100010000100101000100010000000010110001100100000110100011010010000,0000000000101100001000000001000100111001100001001001100010 1.0e-2
runproj limit: 1.0e-2
0110000000000000001110000000100000,0,01100000000000000011100000001000000000000000110110000000000000000000000100000001000001,0110000000000000001110000000100000000000000011011000000000000000000000010000000100000100000000010001000010100000000010,0110000000000000001110000000100000000000000011011000000000 1.0e-2
runproj limit: 1.0e-2
0010101010001100000100000011000100,0,00101010100011000001000000110001000010001001100000010100000000011001001000101100000100,0010101010001100000100000011000100001000100110000001010000000001100100100010110000010001000100100110100001000000001000,0010101010001100000100000011000100001000100110000001010000 1.0e-2
runproj limit: 1.0e-2
0110000100001100001101000001000100,0,01100001000011000011010000010001001000001101100100010101000000010010010000101100000101,0110000100001100001101000001000100100000110110010001010100000001001001000010110000010101000110010010100001000101001000,0110000100001100001101000001000100100000110110010001010100 1.0e-2
runproj limit: 1.0e-2
0100010000000100000111000001000110,0,01000100000001000001110000010001100000010000110010000100100000011001101000100001000101,0100010000000100000111000001000110000001000011001000010010000001100110100010000100010100000010100000110000100010000000,0100010000000100000111000001000110000001000011001000010010 1.0e-2
runproj limit: 1.0e-2
0000000000000000000110000000000000,0,00000000000000000001100000000000000000010000110110010100001001011000101000000000000000,0000000000000000000110000000000000000001000011011001010000100101100010100000000000000000000000000000110010100100000110,0000000000000000000110000000000000000001000011011001010000 1.2e-2
best: 1.0
runproj limit: 1.0e-2
0010000000001000000100000000000111,0,00100000000010000001000000000001110001000000100000010100001000001011101101000110000101,0010000000001000000100000000000111000100000010000001010000100000101110110100011000010100000000010000110100000010000000,0010000000001000000100000000000111000100000010000001010000 1.0e-2
runproj limit: 1.0e-2
0000000000001100001000000000100100,0,00000000000011000010000000001001001000000101010000010100101001010010010000011100000011,0000000000001100001000000000100100100000010101000001010010100101001001000001110000001101000000011010100100000111000000,0000000000001100001000000000100100100000010101000001010010 1.0e-2
runproj limit: 1.0e-2
0000000000000000000001000011000100,0,00000000000000000000010000110001001000110100100110010101101101111000001101110000000001,0000000000000000000001000011000100100011010010011001010110110111100000110111000000000100001000110100110100101110110000,0000000000000000000001000011000100100011010010011001010110 1.0e-2
runproj limit: 1.0e-2
1100000100001100000101001000010000,1,11000001000011000001010010000100000000101011110101010001100000100000000100001010000100,1100000100001100000101001000010000000010101111010101000110000010000000010000101000010000001010000010110001000011001000,1100000100001100000101001000010000000010101111010101000110 1.0e-2
runproj limit: 1.0e-2
0000110000001100000000001000100000,0,00001100000011000000000010001000001000101000110100011000000001010110001010100100000100,0000110000001100000000001000100000100010100011010001100000000101011000101010010000010000001100100100110100010010000101,0000110000001100000000001000100000100010100011010001100000 2.0e-2
runproj limit: 1.0e-2
0010000100000100000001000010000000,0,00100001000001000000010000100000001000001101110100011001001001010010011000101100000000,0010000100000100000001000010000000100000110111010001100100100101001001100010110000000001000010011010110001000101001010,0010000100000100000001000010000000100000110111010001100100 1.0e-2
runproj limit: 1.0e-2
1000000000000000000000000000100000,1,10000000000000000000000000001000000000000000110010000100001001010010100100010110100000,1000000000000000000000000000100000000000000011001000010000100101001010010001011010000000000000011000110110010010000100,1000000000000000000000000000100000000000000011001000010000 1.0e-2
runproj limit: 1.0e-2
1000010000100100000101011000010000,1,10000100001001000001010110000100000000011010010011010100100000001000001100000011000101,1000010000100100000101011000010000000001101001001101010010000000100000110000001100010100000010100000111000100010001000,1000010000100100000101011000010000000001101001001101010010 1.0e-2
runproj limit: 1.0e-2
1000010000000110001110100000000011,1,10000100000001100011101000000000111000011011011100110100101000011111110010110001110101,1000010000000110001110100000000011100001101101110011010010100001111111001011000111010100110001101000111010100010000111,1000010000000110001110100000000011100001101101110011010010 1.5e-2
runproj limit: 1.0e-2
1000011110001100101000100001111100,1,10000111100011001010001000011111000111011111010110010000110100100100010010010110011011,1000011110001100101000100001111100011101111101011001000011010010010001001001011001101101010111000100011001001000000010,1000011110001100101000100001111100011101111101011001000011 1.5e-2
runproj limit: 1.0e-2
0101000010000000101011000110000000,0,01010000100000001010110001100000000000001101111100110010101111100000100100100010001001,0101000010000000101011000110000000000000110111110011001010111110000010010010001000100101010100111110101011100010001100,0101000010000000101011000110000000000000110111110011001010 1.0e-2
runproj limit: 1.0e-2
1001100011101000100100001010101111,1,10011000111010001001000010101011110100100100100010000100101101110010001101001111010101,1001100011101000100100001010101111010010010010001000010010110111001000110100111101010110000000111100110100111010000100,1001100011101000100100001010101111010010010010001000010010 1.0e-2
runproj limit: 1.0e-2
1110100111001111010100000100111000,1,11101001110011110101000001001110000011011101110110000001111000000000011111011111100100,1110100111001111010100000100111000001101110111011000000111100000000001111101111110010001001010011100011001000000000000,1110100111001111010100000100111000001101110111011000000111 1.0e-2
runproj limit: 1.0e-2
0010000000000000001001000001000100,0,00100000000000000010010000010001001000000100100110010101001000110000101100110100000000,0010000000000000001001000001000100100000010010011001010100100011000010110011010000000000000000011100110100000111010010,0010000000000000001001000001000100100000010010011001010100 1.0e-2
runproj limit: 1.0e-2
0000001100001100001001000000101100,0,00000011000011000010010000001011001001001101000100010101101000010010010000111100000011,0000001100001100001001000000101100100100110100010001010110100001001001000011110000001101000110010010100100000101101000,0000001100001100001001000000101100100100110100010001010110 1.0e-2
runproj limit: 1.0e-2
0000101000001100000100000001000100,0,00001010000011000001000000010001000010001001010010010000100000001001001000100000000101,0000101000001100000100000001000100001000100101001001000010000000100100100010000000010110001100100000100000001000000000,0000101000001100000100000001000100001000100101001001000010 1.0e-2
runproj limit: 1.0e-2
1000000000000000000000000000100000,1,10000000000000000000000000001000000000000000110010000100001001010010100100010110100000,1000000000000000000000000000100000000000000011001000010000100101001010010001011010000000000000011000110110010010000100,1000000000000000000000000000100000000000000011001000010000 1.0e-2
runproj limit: 1.0e-2
1000010000000000000001000010100000,1,10000100000000000000010000101000000000001000110100011000001001100010101000010001100000,1000010000000000000001000010100000000000100011010001100000100110001010100001000110000001001000011000111000010110000010,1000010000000000000001000010100000000000100011010001100000 1.0e-2
runproj limit: 1.0e-2
1010000010001000000110000010000111,1,10100000100010000001100000100001110101010000100010100000101100010001111101000111000001,1010000010001000000110000010000111010101000010001010000010110001000111110100011100000100000010010000110110100000000010,1010000010001000000110000010000111010101000010001010000010 1.0e-2
runproj limit: 1.0e-2
1010001110001110000100000000111101,1,10100011100011100001000000001111010101011111010110110001100100110000011110010111001001,1010001110001110000100000000111101010101111101011011000110010011000001111001011100100101001110000000111010001000000010,1010001110001110000100000000111101010101111101011011000110 1.0e-2
best: 1.0
runproj limit: 1.0e-2
1000000011000000000100001000100101,1,10000000110000000001000010001001010100000000110010000100101101010010101101001111010100,1000000011000000000100001000100101010000000011001000010010110101001010110100111101010010000000111000110100111010000100,1000000011000000000100001000100101010000000011001000010010 1.0e-2
runproj limit: 1.0e-2
0010001010001010000000000000011101,0,00100010100010100000000000000111010001011110010110010101100100110000001110010100000000,0010001010001010000000000000011101000101111001011001010110010011000000111001010000000001000100001000110110001100000010,0010001010001010000000000000011101000101111001011001010110 1.2e-2
runproj limit: 1.0e-2
0100001010000000001001000010001100,0,01000010100000000010010000100011001001001101010100110010101101000000000000100000001001,0100001010000000001001000010001100100100110101010011001010110100000000000010000000100101010110111110100001100101001100,0100001010000000001001000010001100100100110101010011001010 1.0e-2
runproj limit: 1.0e-2
1010000000001000000100000001000111,1,10100000000010000001000000010001110000000000100110110101001000110000111101010101000001,1010000000001000000100000001000111000000000010011011010100100011000011110101010100000100000000011100110110000001010010,1010000000001000000100000001000111000000000010011011010100 1.0e-2
runproj limit: 1.0e-2
1000000010001100101000100001110100,1,10000000100011001010001000011101000001001101010000010000111000010000010010010110001011,1000000010001100101000100001110100000100110101000001000011100001000001001001011000101101010000010100001101000011000010,1000000010001100101000100001110100000100110101000001000011 1.2e-2
runproj limit: 1.0e-2
0010010000000000001001000001000000,0,00100100000000000010010000010000001000000100100110010100001001100000101100010001100000,0010010000000000001001000001000000100000010010011001010000100110000010110001000110000000000000011000111000000111010010,0010010000000000001001000001000000100000010010011001010000 1.0e-2
runproj limit: 1.0e-2
0101000011000000101101001010101100,0,01010000110000001011010010101011000100100100101010010100101111100010101100100011010101,0101000011000000101101001010101100010010010010101001010010111110001010110010001101010100000100111100111001110010001100,0101000011000000101101001010101100010010010010101001010010 1.0e-2
runproj limit: 1.0e-2
0010001110001100000000000000111100,0,00100011100011000000000000001111001001001111000110110001101000010000010100011111001001,0010001110001100000000000000111100100100111100011011000110100001000001010001111100100101001110000000100110001100100000,0010001110001100000000000000111100100100111100011011000110 1.0e-2
runproj limit: 1.0e-2
0010001101011100011010000001110100,0,00100011010111000110100000011101000001011111100100000101111000000001010000101110000010,0010001101011100011010000001110100000101111110010000010111100000000101000010111000001001000110010110001100010110001001,0010001101011100011010000001110100000101111110010000010111 1.0e-2
runproj limit: 1.0e-2
0010000110101011000001000000100000,0,00100001101010110000010000001000000011100101010011000010011001010010101101100100001000,0010000110101011000001000000100000001110010101001100001001100101001010110110010000100001000010001000110110111000101100,0010000110101011000001000000100000001110010101001100001001 1.0e-2
runproj limit: 1.0e-2
0000010000001101001100000100111010,0,00000100000011010011000001001110100000100100001001011101001111111011101011000110100101,0000010000001101001100000100111010000010010000100101110100111111101110101100011010010100100000010010110101000000001011,0000010000001101001100000100111010000010010000100101110100 2.0e-2
runproj limit: 1.0e-2
0010101000001111010001001001011100,0,00101010000011110100010010010111000110001000000011010000101000000001001000101000000111,0010101000001111010001001001011100011000100000001101000010100000000100100010100000011111000000100100101010010001100000,0010101000001111010001001001011100011000100000001101000010 1.0e-2
runproj limit: 1.0e-2
0000010000110001100001011001011000,0,00000100001100011000010110010110000010011110000001101100100001100011010100000010000110,0000010000110001100001011001011000001001111000000110110010000110001101010000001000011010000111100001011000100001000000,0000010000110001100001011001011000001001111000000110110010 3.0e-2
runproj limit: 1.0e-2
0010000000001000000100000000000111,0,00100000000010000001000000000001110001000000100000010100001000001011101101000110000101,0010000000001000000100000000000111000100000010000001010000100000101110110100011000010100000000010000110100000010000000,0010000000001000000100000000000111000100000010000001010000 1.0e-2
runproj limit: 1.0e-2
0000000000001100001000000000100100,0,00000000000011000010000000001001001000000101010000010100101001010010010000011100000011,0000000000001100001000000000100100100000010101000001010010100101001001000001110000001101000000011010100100000111000000,0000000000001100001000000000100100100000010101000001010010 1.0e-2
runproj limit: 1.0e-2
0000000000000000000001000011000100,0,00000000000000000000010000110001001000110100100110010101101101111000001101110000000001,0000000000000000000001000011000100100011010010011001010110110111100000110111000000000100001000110100110100101110110000,0000000000000000000001000011000100100011010010011001010110 1.0e-2
runproj limit: 1.0e-2
1100000100001100000101001000010000,1,11000001000011000001010010000100000000101011110101010001100000100000000100001010000100,1100000100001100000101001000010000000010101111010101000110000010000000010000101000010000001010000010110001000011001000,1100000100001100000101001000010000000010101111010101000110 1.0e-2
runproj limit: 1.0e-2
0010000100000100000001000010000000,0,00100001000001000000010000100000001000001101110100011001001001010010011000101100000000,0010000100000100000001000010000000100000110111010001100100100101001001100010110000000001000010011010110001000101001010,0010000100000100000001000010000000100000110111010001100100 1.0e-2
runproj limit: 1.0e-2
1000000000000000000000000000100000,1,10000000000000000000000000001000000000000000110010000100001001010010100100010110100000,1000000000000000000000000000100000000000000011001000010000100101001010010001011010000000000000011000110110010010000100,1000000000000000000000000000100000000000000011001000010000 1.0e-2
runproj limit: 1.0e-2
1000010000100100000101011000010000,1,10000100001001000001010110000100000000011010010011010100100000001000001100000011000101,1000010000100100000101011000010000000001101001001101010010000000100000110000001100010100000010100000111000100010001000,1000010000100100000101011000010000000001101001001101010010 1.0e-2
best: 1.0
runproj limit: 1.0e-2
1000000000101100001100001000100000,1,10000000001011000011000010001000000000011100010001010100100001011010001100010101000001,1000000000101100001100001000100000000001110001000101010010000101101000110001010100000100000000111010101100100111000000,1000000000101100001100001000100000000001110001000101010010 1.2e-2
runproj limit: 1.0e-2
1000010000100001000001011001011000,1,10000100001000010000010110010110000000011010010011100100100000101010011100000010000110,1000010000100001000001011001011000000001101001001110010010000010101001110000001000011000000110100000111000100000000000,1000010000100001000001011001011000000001101001001110010010 3.0e-2
runproj limit: 1.0e-2
0010001100000100011001000010010100,0,00100011000001000110010000100101000000011101100100010001011000000011010000101110000010,0010001100000100011001000010010100000001110110010001000101100000001101000010111000001001000010010110011000000101001000,0010001100000100011001000010010100000001110110010001000101 1.0e-2
runproj limit: 1.0e-2
0010101000001010010100000001010111,0,00101010000010100101000000010101110000001000000010110100001000000001101101100000000001,0010101000001010010100000001010111000000100000001011010000100000000110110110000000000100000000100100100110010001100000,0010101000001010010100000001010111000000100000001011010000 1.0e-2
runproj limit: 1.0e-2
1000000000000000000000000000001000,1,10000000000000000000000000000010000001001101010000010110101101000010000100000110000000,1000000000000000000000000000001000000100110101000001011010110100001000010000011000000001000110011000110111000011001100,1000000000000000000000000000001000000100110101000001011010 1.0e-2
runproj limit: 1.0e-2
1010000000001000000000000000010100,1,10100000000010000000000000000101000001001010010010000101001001010000101110010100000000,1010000000001000000000000000010100000100101001001000010100100101000010111001010000000001000100011000110110011100000000,1010000000001000000000000000010100000100101001001000010100 1.0e-2
runproj limit: 1.0e-2
0010000000000000000000000000000001,0,00100000000000000000000000000000010001001001100000011001001000000010001101001100000000,0010000000000000000000000000000001000100100110000001100100100000001000110100110000000001000000011010110000000101000000,0010000000000000000000000000000001000100100110000001100100 1.0e-2
runproj limit: 1.0e-2
1010000000001000000100000000001101,1,10100000000010000001000000000011010001010010010110110101000100110000011101010101000001,1010000000001000000100000000001101000101001001011011010100010011000001110101010100000100000000001000110110000000000010,1010000000001000000100000000001101000101001001011011010100 1.0e-2
runproj limit: 1.0e-2
0000000001000011110001000010000100,0,00000000010000111100010000100001000010001100000000010111110001010010111101110011000001,0000000001000011110001000010000100001000110000000001011111000101001011110111001100000110001011110100110000000111111101,0000000001000011110001000010000100001000110000000001011111 1.2e-2
runproj limit: 1.0e-2
1000111100000000011100001000001100,1,10001111000000000111000010000011001010000101101000000100111001110100100000100010000100,1000111100000000011100001000001100101000010110100000010011100111010010000010001000010000010000011010110111010010000110,1000111100000000011100001000001100101000010110100000010011 1.2e-2
runproj limit: 1.0e-2
1110000101000100000000110000001111,1,11100001010001000000001100000011111011000011100111100001001010100100110010010111011000,1110000101000100000000110000001111101100001110011110000100101010010011001001011101100010000100000100000110101100111000,1110000101000100000000110000001111101100001110011110000100 3.0e-2
runproj limit: 1.0e-2
1010011111100100010010110010110001,1,10100111111001000100101100101100010110011000100000000101110010000000010010101000100001,1010011111100100010010110010110001011001100010000000010111001000000001001010100010000101000110011110000100000011000101,1010011111100100010010110010110001011001100010000000010111 1.0e-2
runproj limit: 1.0e-2
1000011000101100110111011111111100,1,10000110001011001101110111111111000010010010010011110111110111001011000011000111001101,1000011000101100110111011111111100001001001001001111011111011100101100001100011100110100010010101100100001000100101000,1000011000101100110111011111111100001001001001001111011111 3.0e-2
runproj limit: 1.0e-2
1000000011000000000100001000100101,1,10000000110000000001000010001001010100000000110010000100101101010010101101001111010100,1000000011000000000100001000100101010000000011001000010010110101001010110100111101010010000000111000110100111010000100,1000000011000000000100001000100101010000000011001000010010 1.0e-2
runproj limit: 1.0e-2
0100001010000000001001000010001100,0,01000010100000000010010000100011001001001101010100110010101101000000000000100000001001,0100001010000000001001000010001100100100110101010011001010110100000000000010000000100101010110111110100001100101001100,0100001010000000001001000010001100100100110101010011001010 1.0e-2
runproj limit: 1.0e-2
1010000000001000000100000001000111,1,10100000000010000001000000010001110000000000100110110101001000110000111101010101000001,1010000000001000000100000001000111000000000010011011010100100011000011110101010100000100000000011100110110000001010010,1010000000001000000100000001000111000000000010011011010100 1.0e-2
runproj limit: 1.0e-2
0010010000000000001001000001000000,0,00100100000000000010010000010000001000000100100110010100001001100000101100010001100000,0010010000000000001001000001000000100000010010011001010000100110000010110001000110000000000000011000111000000111010010,0010010000000000001001000001000000100000010010011001010000 1.0e-2
runproj limit: 1.0e-2
0101000011000000101101001010101100,0,01010000110000001011010010101011000100100100101010010100101111100010101100100011010101,0101000011000000101101001010101100010010010010101001010010111110001010110010001101010100000100111100111001110010001100,0101000011000000101101001010101100010010010010101001010010 1.0e-2
runproj limit: 1.0e-2
0010001110001100000000000000111100,0,00100011100011000000000000001111001001001111000110110001101000010000010100011111001001,0010001110001100000000000000111100100100111100011011000110100001000001010001111100100101001110000000100110001100100000,0010001110001100000000000000111100100100111100011011000110 1.0e-2
runproj limit: 1.0e-2
0010001101011100011010000001110100,0,00100011010111000110100000011101000001011111100100000101111000000001010000101110000010,0010001101011100011010000001110100000101111110010000010111100000000101000010111000001001000110010110001100010110001001,0010001101011100011010000001110100000101111110010000010111 1.0e-2
best: 1.0
runproj limit: 1.0e-2
1000000010000000000000000010001100,1,10000000100000000000000000100011000001001101010000010110101101000000000000100000000001,1000000010000000000000000010001100000100110101000001011010110100000000000010000000000101010110111100110101100111001100,1000000010000000000000000010001100000100110101000001011010 1.0e-2
runproj limit: 1.0e-2
1010011111100100010010110010110001,1,10100111111001000100101100101100010110011000100000000101110010000000010010101000100001,1010011111100100010010110010110001011001100010000000010111001000000001001010100010000101000110011110000100000011000101,1010011111100100010010110010110001011001100010000000010111 1.0e-2
runproj limit: 1.0e-2
0010010101000100000010000000010001,0,00100101010001000000100000000100010011011001100000000001000010000010010111001000000000,0010010101000100000010000000010001001101100110000000000100001000001001011100100000000001000010011010110100000101000000,0010010101000100000010000000010001001101100110000000000100 1.0e-2
runproj limit: 1.0e-2
0010111000001000001101000001000100,0,00101110000010000011010000010001000000001100100010010100001001100000101100100000100001,0010111000001000001101000001000100000000110010001001010000100110000010110010000010000100000000010100101110000011110010,0010111000001000001101000001000100000000110010001001010000 1.2e-2
runproj limit: 1.0e-2
1000000001000000101101001000100100,1,10000000010000001011010010001001000100010100010001010100100111011010101100010011010101,1000000001000000101101001000100100010001010001000101010010011101101010110001001101010100000100111100111101110111001000,1000000001000000101101001000100100010001010001000101010010 1.8e-2
runproj limit: 1.0e-2
1010000000000000000000010000001111,1,10100000000000000000000100000011110001000000100111100101001000100100111010010101011001,1010000000000000000000010000001111000100000010011110010100100010010011101001010101100100000100011100100110001000111010,1010000000000000000000010000001111000100000010011110010100 3.0e-2
runproj limit: 1.0e-2
1010001000100000010000000000110001,1,10100010001000000100000000001100010111001001100000000101000000000010000001001000100000,1010001000100000010000000000110001011100100110000000010100000000001000000100100010000001000110011010000000000011000001,1010001000100000010000000000110001011100100110000000010100 1.0e-2
runproj limit: 1.0e-2
0000001011010100011100001001110100,0,00000010110101000111000010011101000001001110110110000100111001010001111000001111010000,0000001011010100011100001001110100000100111011011000010011100101000111100000111101000000000100011100001100110110001001,0000001011010100011100001001110100000100111011011000010011 1.5e-2
runproj limit: 1.0e-2
1110101000000000111001001010101100,1,11101010000000001110010010101011000000100001111010110110101011100010100100001011100100,1110101000000000111001001010101100000010000111101011011010101110001010010000101110010000000011011100111001110001111000,1110101000000000111001001010101100000010000111101011011010 1.0e-2
runproj limit: 1.0e-2
0011001110110100011001000010011111,0,00110011101101000110010000100111110010011101111110011001011010010011010000001100000000,0011001110110100011001000010011111001001110111111001100101101001001101000000110000000001100001011110111000010101001100,0011001110110100011001000010011111001001110111111001100101 1.0e-2
runproj limit: 1.0e-2
0101000010001000011001000010001000,0,01010000100010000110010000100010000011001111010100010010111111000010000001000000001101,0101000010001000011001000010001000001100111101010001001011111100001000000100000000110111001110101110010001110100001110,0101000010001000011001000010001000001100111101010001001011 1.0e-2
runproj limit: 1.0e-2
1010001001010010000110100101000011,1,10100010010100100001101001010000110001000100010100110111001001010110111100010001000100,1010001001010010000110100101000011000100010001010011011100100101011011110001000100010000000000011100110100000011010000,1010001001010010000110100101000011000100010001010011011100 1.8e-2
runproj limit: 1.0e-2
0010101000011100111100001101011111,0,00101010000111001111000011010111110000011000010001100100001110000010001101100000101111,0010101000011100111100001101011111000001100001000110010000111000001000110110000010111100001110111001001110000010100000,0010101000011100111100001101011111000001100001000110010000 3.0e-2
runproj limit: 1.0e-2
0010001100000100011001000010010100,0,00100011000001000110010000100101000000011101100100010001011000000011010000101110000010,0010001100000100011001000010010100000001110110010001000101100000001101000010111000001001000010010110011000000101001000,0010001100000100011001000010010100000001110110010001000101 1.0e-2
runproj limit: 1.0e-2
0010101000001010010100000001010111,0,00101010000010100101000000010101110000001000000010110100001000000001101101100000000001,0010101000001010010100000001010111000000100000001011010000100000000110110110000000000100000000100100100110010001100000,0010101000001010010100000001010111000000100000001011010000 1.2e-2
runproj limit: 1.0e-2
1000000000000000000000000000001000,1,10000000000000000000000000000010000001001101010000010110101101000010000100000110000000,1000000000000000000000000000001000000100110101000001011010110100001000010000011000000001000110011000110111000011001100,1000000000000000000000000000001000000100110101000001011010 1.0e-2
runproj limit: 1.0e-2
1010000000001000000000000000010100,1,10100000000010000000000000000101000001001010010010000101001001010000101110010100000000,1010000000001000000000000000010100000100101001001000010100100101000010111001010000000001000100011000110110011100000000,1010000000001000000000000000010100000100101001001000010100 1.0e-2
runproj limit: 1.0e-2
0010000000000000000000000000000001,0,00100000000000000000000000000000010001001001100000011001001000000010001101001100000000,0010000000000000000000000000000001000100100110000001100100100000001000110100110000000001000000011010110000000101000000,0010000000000000000000000000000001000100100110000001100100 1.0e-2
runproj limit: 1.0e-2
1010000000001000000100000000001101,1,10100000000010000001000000000011010001010010010110110101000100110000011101010101000001,1010000000001000000100000000001101000101001001011011010100010011000001110101010100000100000000001000110110000000000010,1010000000001000000100000000001101000101001001011011010100 1.0e-2
runproj limit: 1.0e-2
1010011111100100010010110010110001,1,10100111111001000100101100101100010110011000100000000101110010000000010010101000100001,1010011111100100010010110010110001011001100010000000010111001000000001001010100010000101000110011110000100000011000101,1010011111100100010010110010110001011001100010000000010111 1.2e-2
best: 1.0
runproj limit: 1.0e-2
1010000000001000000100000000010101,1,10100000000010000001000000000101010001011010010010010101001100110000001111010100000000,1010000000001000000100000000010101000101101001001001010100110011000000111101010000000001000100011000110110001100000000,1010000000001000000100000000010101000101101001001001010100 1.0e-2
runproj limit: 1.0e-2
0011001000110000010000000010010111,0,00110010001100000100000000100101110011011101100000011101000000000011000001001100100000,0011001000110000010000000010010111001101110110000001110100000000001100000100110010000001000111011010010000010001000100,0011001000110000010000000010010111001101110110000001110100 1.0e-2
runproj limit: 1.0e-2
0011001111100100010001010010010001,0,00110011111001000100010100100100010110011101110100010101011010010011010010001000000000,0011001111100100010001010010010001011001110111010001010101101001001101001000100000000001000100011110011100010011001101,0011001111100100010001010010010001011001110111010001010101 1.0e-2
runproj limit: 1.0e-2
1010000000000000000000000000111001,1,10100000000000000000000000001110010011001101100000000101001000000010000101001010000000,1010000000000000000000000000111001001100110110000000010100100000001000010100101000000001000110011010110000000011000001,1010000000000000000000000000111001001100110110000000010100 1.0e-2
runproj limit: 1.0e-2
1010010001000100000000000000010101,1,10100100010001000000000000000101010001011010010000000001000011000000011110010000000000,1010010001000100000000000000010101000101101001000000000100001100000001111001000000000001000100011010110110001101000000,1010010001000100000000000000010101000101101001000000000100 1.0e-2
runproj limit: 1.0e-2
0010011111100100011001110010110001,0,00100111111001000110011100101100010010011101110110010101011010010000010000001100100000,0010011111100100011001110010110001001001110111011001010101101001000001000000110010000001000111011110010100000011001101,0010011111100100011001110010110001001001110111011001010101 1.0e-2
runproj limit: 1.0e-2
1110101000000000111001001010101100,1,11101010000000001110010010101011000000100001111010110110101011100010100100001011100100,1110101000000000111001001010101100000010000111101011011010101110001010010000101110010000000011011100111001110001111000,1110101000000000111001001010101100000010000111101011011010 1.0e-2
runproj limit: 1.0e-2
0010000000001000011100000010001000,0,00100000000010000111000000100010000011001011010100010100111100010000011101010100001001,0010000000001000011100000010001000001100101101010001010011110001000001110101010000100100001100001100010010010000000110,0010000000001000011100000010001000001100101101010001010011 1.0e-2
runproj limit: 1.0e-2
0110100101000110101011101001010111,0,01101001010001101010111010010101110011011001101001000100001010100010110111101101000000,0110100101000110101011101001010111001101100110100100010000101010001011011110110100000011101010001010100101101011100000,0110100101000110101011101001010111001101100110100100010000 2.0e-2
runproj limit: 1.0e-2
1110001000000000011011001010101100,1,11100010000000000110110010101011000000100011111010110110110011100010001000011011000100,1110001000000000011011001010101100000010001111101011011011001110001000100001101100010000000011011100010001100111101010,1110001000000000011011001010101100000010001111101011011011 1.0e-2
runproj limit: 1.0e-2
1010011000101110011000110010000111,1,10100110001011100110001100100001110111001001101000100100001000010001000001000000111100,1010011000101110011000110010000111011100100110100010010000100001000100000100000011110001100110110111010001001010100001,1010011000101110011000110010000111011100100110100010010000 1.0e-2
runproj limit: 1.0e-2
0000000100011010000000011001001001,0,00000001000110100000000110010010010000101001010110110101100110010001010101010100000001,0000000100011010000000011001001001000010100101011011010110011001000101010101010000000100000100101010010110000100010010,0000000100011010000000011001001001000010100101011011010110 1.0e-2
runproj limit: 1.0e-2
0010010001101010000001101001110100,0,00100100011010100000011010011101001011000101010000000011101010111000001110110000001001,0010010001101010000001101001110100101100010101000000001110101011100000111011000000100101000110001000111100000110010000,0010010001101010000001101001110100101100010101000000001110 1.0e-2
runproj limit: 1.0e-2
1000000010000000000000000010001100,1,10000000100000000000000000100011000001001101010000010110101101000000000000100000000001,1000000010000000000000000010001100000100110101000001011010110100000000000010000000000101010110111100110101100111001100,1000000010000000000000000010001100000100110101000001011010 1.0e-2
runproj limit: 1.0e-2
1010011111100100010010110010110001,1,10100111111001000100101100101100010110011000100000000101110010000000010010101000100001,1010011111100100010010110010110001011001100010000000010111001000000001001010100010000101000110011110000100000011000101,1010011111100100010010110010110001011001100010000000010111 1.0e-2
runproj limit: 1.0e-2
0010010101000100000010000000010001,0,00100101010001000000100000000100010011011001100000000001000010000010010111001000000000,0010010101000100000010000000010001001101100110000000000100001000001001011100100000000001000010011010110100000101000000,0010010101000100000010000000010001001101100110000000000100 1.0e-2
runproj limit: 1.0e-2
1010001000100000010000000000110001,1,10100010001000000100000000001100010111001001100000000101000000000010000001001000100000,1010001000100000010000000000110001011100100110000000010100000000001000000100100010000001000110011010000000000011000001,1010001000100000010000000000110001011100100110000000010100 1.0e-2
runproj limit: 1.0e-2
1110101000000000111001001010101100,1,11101010000000001110010010101011000000100001111010110110101011100010100100001011100100,1110101000000000111001001010101100000010000111101011011010101110001010010000101110010000000011011100111001110001111000,1110101000000000111001001010101100000010000111101011011010 1.0e-2
runproj limit: 1.0e-2
0011001110110100011001000010011111,0,00110011101101000110010000100111110010011101111110011001011010010011010000001100000000,0011001110110100011001000010011111001001110111111001100101101001001101000000110000000001100001011110111000010101001100,0011001110110100011001000010011111001001110111111001100101 1.2e-2
runproj limit: 1.0e-2
0101000010001000011001000010001000,0,01010000100010000110010000100010000011001111010100010010111111000010000001000000001101,0101000010001000011001000010001000001100111101010001001011111100001000000100000000110111001110101110010001110100001110,0101000010001000011001000010001000001100111101010001001011 1.2e-2
best: 1.0
runproj limit: 1.0e-2
1010000100001010000000000000011001,1,10100001000010100000000000000110010000101001110000010101101100010001010101000110000000,1010000100001010000000000000011001000010100111000001010110110001000101010100011000000000000100101010010110000000010001,1010000100001010000000000000011001000010100111000001010110 1.0e-2
runproj limit: 1.0e-2
0010001111100100010001110010010001,0,00100011111001000100011100100100010110011101110110010101011010010001010010001100100000,0010001111100100010001110010010001011001110111011001010101101001000101001000110010000001000100011110010100000011001101,0010001111100100010001110010010001011001110111011001010101 1.0e-2
runproj limit: 1.0e-2
0011001010000100010001000010010100,0,00110010100001000100010000100101000111011101110100010101111110010001000010101000000001,0011001010000100010001000010010100011101110111010001010111111001000100001010100000000101000110011110010100010111001101,0011001010000100010001000010010100011101110111010001010111 1.0e-2
runproj limit: 1.0e-2
1110101000000000011001001010101100,1,11101010000000000110010010101011000000100011111010110110101011100010101000001011100100,1110101000000000011001001010101100000010001111101011011010101110001010100000101110010000000011011100011001100101101010,1110101000000000011001001010101100000010001111101011011010 1.0e-2
runproj limit: 1.0e-2
1010000000000000010000000000110001,1,10100000000000000100000000001100010001011000110000000101000100110010000111001100100000,1010000000000000010000000000110001000101100011000000010100010011001000011100110010000001000110011000010010001010000000,1010000000000000010000000000110001000101100011000000010100 1.0e-2
runproj limit: 1.0e-2
1000000010001100010000010010001101,1,10000000100011000100000100100011010111001001110000010110001001010001000000100000100101,1000000010001100010000010010001101011100100111000001011000100101000100000010000010010101000110110100110101100011001101,1000000010001100010000010010001101011100100111000001011000 1.0e-2
runproj limit: 1.0e-2
0000000100011010000000011001001001,0,00000001000110100000000110010010010000101001010110110101100110010001010101010100000001,0000000100011010000000011001001001000010100101011011010110011001000101010101010000000100000100101010010110000100010010,0000000100011010000000011001001001000010100101011011010110 1.0e-2
runproj limit: 1.0e-2
1010000100000100001011000010010101,1,10100001000001000010110000100101010001010001111000100111101011100010010100001011000000,1010000100000100001011000010010101000101000111100010011110101110001001010000101100000001000010011100110100100101110000,1010000100000100001011000010010101000101000111100010011110 1.0e-2
runproj limit: 1.0e-2
0001001111100100011000111000100001,0,00010011111001000110001110001000010010010110110110110100011000010000001000010101101100,0001001111100100011000111000100001001001011011011011010001100001000000100001010110110000100000111010010100100111011101,0001001111100100011000111000100001001001011011011011010001 1.0e-2
runproj limit: 1.0e-2
0010000001101100000000000110110001,0,00100000011011000000000001101100010010001001101110001101010000010010000001001000101001,0010000001101100000000000110110001001000100110111000110101000001001000000100100010100110001111100010000001000011100011,0010000001101100000000000110110001001000100110111000110101 1.0e-2
runproj limit: 1.0e-2
1000110011000100000010000101010101,1,10001100110001000000100001010101010011101011010000100000000111100000010110111000000110,1000110011000100000010000101010101001110101101000010000000011110000001011011100000011001000010011010010000001111110000,1000110011000100000010000101010101001110101101000010000000 1.0e-2
runproj limit: 1.0e-2
1000011000111000011010000100000000,1,10000110001110000110100001000000000010010001100000011111010100100001010000100000100000,1000011000111000011010000100000000001001000110000001111101010010000101000010000010000010001100001110000001001111001101,1000011000111000011010000100000000001001000110000001111101 1.2e-2
runproj limit: 1.0e-2
0011100000100111011011001111101100,0,00111000001001110110110011111011001000110100111010110110100011110010000011100000110111,0011100000100111011011001111101100100011010011101011011010001111001000001110000011011100010011001110011001100001111000,0011100000100111011011001111101100100011010011101011011010 1.0e-2
runproj limit: 1.0e-2
1010000000001000000100000000010101,1,10100000000010000001000000000101010001011010010010010101001100110000001111010100000000,1010000000001000000100000000010101000101101001001001010100110011000000111101010000000001000100011000110110001100000000,1010000000001000000100000000010101000101101001001001010100 1.0e-2
runproj limit: 1.0e-2
0011001000110000010000000010010111,0,00110010001100000100000000100101110011011101100000011101000000000011000001001100100000,0011001000110000010000000010010111001101110110000001110100000000001100000100110010000001000111011010010000010001000100,0011001000110000010000000010010111001101110110000001110100 1.0e-2
runproj limit: 1.0e-2
0011001111100100010001010010010001,0,00110011111001000100010100100100010110011101110100010101011010010011010010001000000000,0011001111100100010001010010010001011001110111010001010101101001001101001000100000000001000100011110011100010011001101,0011001111100100010001010010010001011001110111010001010101 1.0e-2
runproj limit: 1.0e-2
1010000000000000000000000000111001,1,10100000000000000000000000001110010011001101100000000101001000000010000101001010000000,1010000000000000000000000000111001001100110110000000010100100000001000010100101000000001000110011010110000000011000001,1010000000000000000000000000111001001100110110000000010100 1.0e-2
runproj limit: 1.0e-2
1010010001000100000000000000010101,1,10100100010001000000000000000101010001011010010000000001000011000000011110010000000000,1010010001000100000000000000010101000101101001000000000100001100000001111001000000000001000100011010110110001101000000,1010010001000100000000000000010101000101101001000000000100 1.0e-2
runproj limit: 1.0e-2
0010011111100100011001110010110001,0,00100111111001000110011100101100010010011101110110010101011010010000010000001100100000,0010011111100100011001110010110001001001110111011001010101101001000001000000110010000001000111011110010100000011001101,0010011111100100011001110010110001001001110111011001010101 1.0e-2
runproj limit: 1.0e-2
1110101000000000111001001010101100,1,11101010000000001110010010101011000000100001111010110110101011100010100100001011100100,1110101000000000111001001010101100000010000111101011011010101110001010010000101110010000000011011100111001110001111000,1110101000000000111001001010101100000010000111101011011010 1.0e-2
best: 1.0
done evolving!
"all is well:)"
>>>>>>>>>>>>>>FINISH OPTIMIZATION>>>>>>>>>>>>>>>
1023.44user 436.44system 43:28.62elapsed 55%CPU (0avgtext+0avgdata 108528maxresident)k
8inputs+1770240outputs (0major+99484964minor)pagefaults 0swaps
