Optimizing /data/dan/nofib/spectral/cryptarithm2
>>>>>>>>>>>>>>>START OPTIMIZATION>>>>>>>>>>>>>>>
pop: 13
gens: 15
arch: 7
limit is: 2.0e-2
runproj limit: 2.0e-2
"All is well :D"
Basetime is: 2.0e-2
runproj limit: 2.0e-2
01000000000000000000100000000000000000000000100000000010000 2.0e-2
runproj limit: 2.0e-2
00100000001000000001000000000011000000000000000000000000000 2.0e-2
runproj limit: 2.0e-2
00000000000100000010000010011010000000000000110000010000100 1.7e-2
runproj limit: 2.0e-2
00000000000100000010000010100000000010100100000000010000000 2.0e-2
runproj limit: 2.0e-2
00000000000000000000000001000110000000001001000001100000000 2.0e-2
runproj limit: 2.0e-2
00100000100100000000000100001000000000000000000010000000000 1.5e-2
runproj limit: 2.0e-2
00000000000000000000000000000000000000000000000000000000000 1.7e-2
runproj limit: 2.0e-2
01000000000011000000001000000000000000000000001000000100000 3.8e-2
runproj limit: 2.0e-2
00000000000000000000000000000000000000000000000000000000000 2.0e-2
runproj limit: 2.0e-2
00100000000000000000000010000000001100001000000000010000000 2.0e-2
runproj limit: 2.0e-2
00000100000000001000000000000000000010100000000000000000000 2.0e-2
runproj limit: 2.0e-2
00000000000000000000000000000000000000000000000000000000000 2.0e-2
runproj limit: 2.0e-2
00000000000000000000000000001000000000000000010000000000000 2.0e-2
best: 0.75
runproj limit: 2.0e-2
00000000000000000010000000001110000000001000110001010000100 2.0e-2
runproj limit: 2.0e-2
00000000000100000000000010011000000000000000110000010000000 2.0e-2
runproj limit: 2.0e-2
00100000100100000000000100001000000000000000000010000000000 2.0e-2
runproj limit: 2.0e-2
00000000000000000000000010001010000000000000010000010000000 1.7e-2
runproj limit: 2.0e-2
00000000000000000000000000000000000000000000000000000000000 2.0e-2
runproj limit: 2.0e-2
00000000000000000000000000000000000000000000000000000000000 1.7e-2
runproj limit: 2.0e-2
00000000000000001000000000000000000010100000000000000000000 1.7e-2
runproj limit: 2.0e-2
00000000000000000000000000000000000000000000000001000000000 2.0e-2
runproj limit: 2.0e-2
00000000000011001010000100011000000000100000100001010111101 2.0e-2
runproj limit: 2.0e-2
00000100000010010110011001000111011110001000010100100000000 2.0e-2
runproj limit: 2.0e-2
00001100110001100111100001010000000100100000110000001011001 1.8e-2
runproj limit: 2.0e-2
01100100000110000101001100010000100000000000000001010100010 2.0e-2
runproj limit: 2.0e-2
01100101001100000110000010001010001000100000100111101100100 2.0e-2
runproj limit: 2.0e-2
00100000100100000000000100001000000000000000000010000000000 2.0e-2
runproj limit: 2.0e-2
00000000000100000010000010011010000000000000110000010000100 1.7e-2
runproj limit: 2.0e-2
00000000000000000000000000000000000000000000000000000000000 2.0e-2
runproj limit: 2.0e-2
01000000000000000000100000000000000000000000100000000010000 2.0e-2
runproj limit: 2.0e-2
00100000001000000001000000000011000000000000000000000000000 2.0e-2
runproj limit: 2.0e-2
00000000000100000010000010100000000010100100000000010000000 2.0e-2
runproj limit: 2.0e-2
00000000000000000000000001000110000000001001000001100000000 2.0e-2
best: 0.8500000000000001
runproj limit: 2.0e-2
00000000000000000000000000000000000010000000000000000000000 2.0e-2
runproj limit: 2.0e-2
01100000000100000000000100000000100000000000000001000100010 2.0e-2
runproj limit: 2.0e-2
01000000000000000000100000000000000000000000000000000010000 1.7e-2
runproj limit: 2.0e-2
00000000000100000010000000011010000000000000110000000000000 2.0e-2
runproj limit: 2.0e-2
00100000100100000000000100001000000000000000000010000000000 1.2e-2
runproj limit: 2.0e-2
01000000000000000000100010001010000000000000110000010010000 2.0e-2
runproj limit: 2.0e-2
00000100000001000111100001011010000000100000110000011011100 2.0e-2
runproj limit: 2.0e-2
00000000000010000100000001000111000010100000010000100000000 2.0e-2
runproj limit: 2.0e-2
00000000000100100011010011100010000010110111100110010001001 1.8e-2
runproj limit: 2.0e-2
00110000100000000100100100011001000000100000011010000010001 4.0e-2
runproj limit: 2.0e-2
10010000000101111000100000000110000010010001001001001001110 3.2e-2
runproj limit: 2.0e-2
01010100010001011101101110010000111110100001010000010000110 2.0e-2
runproj limit: 2.0e-2
00010100000010010010011101010110011011100101100001011111001 2.0e-2
runproj limit: 2.0e-2
00000000000000000000000010001010000000000000010000010000000 2.0e-2
runproj limit: 2.0e-2
00000000000000000000000000000000000000000000000000000000000 2.0e-2
runproj limit: 2.0e-2
00000000000000001000000000000000000010100000000000000000000 2.0e-2
runproj limit: 2.0e-2
00000000000100000010000010011010000000000000110000010000100 2.0e-2
runproj limit: 2.0e-2
00001100110001100111100001010000000100100000110000001011001 2.0e-2
runproj limit: 2.0e-2
00000000000000000010000000001110000000001000110001010000100 2.0e-2
runproj limit: 2.0e-2
00000000000100000000000010011000000000000000110000010000000 1.5e-2
best: 0.6
runproj limit: 2.0e-2
00000000000000100011000011100000000010110100100010000001001 1.5e-2
runproj limit: 2.0e-2
00000000000100000010000010011000000000000000110000010000000 2.0e-2
runproj limit: 2.0e-2
01000000000000000010100000000010000000001000100001010000100 2.0e-2
runproj limit: 2.0e-2
00000000000100000000000010011010000000000000100000000000000 2.0e-2
runproj limit: 2.0e-2
00000000000101000011100001011010000000000000110000011001100 1.7e-2
runproj limit: 2.0e-2
00000000000100000011000011111000000010000010100000010001001 1.8e-2
runproj limit: 2.0e-2
01000000000000000010100010000000000000010010000100000010001 2.0e-2
runproj limit: 2.0e-2
00100000110100100100100100011000000100100000000010000011001 2.0e-2
runproj limit: 2.0e-2
00000100000001000111100001111010100000100100110000011011001 2.0e-2
runproj limit: 2.0e-2
01001000000010000000010000011000001010101001000000000001100 2.0e-2
runproj limit: 2.0e-2
00100000010001011100100000000000000010000001000010011000010 1.8e-2
runproj limit: 2.0e-2
00010001000100010000011011111001000010010000100000000000000 2.0e-2
runproj limit: 2.0e-2
01000100000000001001101011011111101010100001010000010001110 2.0e-2
runproj limit: 2.0e-2
00100000100100000000000100001000000000000000000010000000000 1.8e-2
runproj limit: 2.0e-2
00000000000100000000000010011000000000000000110000010000000 2.0e-2
runproj limit: 2.0e-2
01000000000000000000100000000000000000000000000000000010000 2.0e-2
runproj limit: 2.0e-2
00000000000100100011010011100010000010110111100110010001001 2.0e-2
runproj limit: 2.0e-2
00000000000000000000000000000000000010000000000000000000000 2.0e-2
runproj limit: 2.0e-2
01100000000100000000000100000000100000000000000001000100010 2.0e-2
runproj limit: 2.0e-2
00000000000100000010000000011010000000000000110000000000000 2.0e-2
best: 0.75
runproj limit: 2.0e-2
00000000000100000010100001000010000000000000000000010010100 2.0e-2
runproj limit: 2.0e-2
01000000000100000010000000011010000000010010000100000000000 2.0e-2
runproj limit: 2.0e-2
00100000100100000000000100001000000000000000000010000000000 2.0e-2
runproj limit: 2.0e-2
00000000000100000011000010011010000010010110110110000000000 2.0e-2
runproj limit: 2.0e-2
00000000000101000001100101011000000100000000010010011001001 2.0e-2
runproj limit: 2.0e-2
00000000000101000001000000001000100000000000000001000101100 2.0e-2
runproj limit: 2.0e-2
00000000000000100011000001010010000000000000100000001001101 1.7e-2
runproj limit: 2.0e-2
00000000000100000000000010011000000000000000100000000000000 1.7e-2
runproj limit: 2.0e-2
00100010001001000000010010100010101010111100100010000000000 2.0e-2
runproj limit: 2.0e-2
00110000010000010010110010000000000010010010010111001001001 2.0e-2
runproj limit: 2.0e-2
00101001010001011100001101000000000010000001000010001100010 1.7e-2
runproj limit: 2.0e-2
11000001001100001010000010001010000000011000100000110000110 2.0e-2
runproj limit: 2.0e-2
01000000000000100111111011000000100000100110100010110101101 2.0e-2
runproj limit: 2.0e-2
00000000000000100011000011100000000010110100100010000001001 2.0e-2
runproj limit: 2.0e-2
00000000000101000011100001011010000000000000110000011001100 1.7e-2
runproj limit: 2.0e-2
00000000000100000011000011111000000010000010100000010001001 2.0e-2
runproj limit: 2.0e-2
00100000010001011100100000000000000010000001000010011000010 2.0e-2
runproj limit: 2.0e-2
00100000100100000000000100001000000000000000000010000000000 1.7e-2
runproj limit: 2.0e-2
00000000000100000010000010011000000000000000110000010000000 1.7e-2
runproj limit: 2.0e-2
01000000000000000010100000000010000000001000100001010000100 1.7e-2
best: 0.8500000000000001
runproj limit: 2.0e-2
10000000000101001011100011001010000000011000110000010001110 1.7e-2
runproj limit: 2.0e-2
00000000000100000000100001011000000100000000010010001000001 1.7e-2
runproj limit: 2.0e-2
00000000000100000010100000000010000000001000110001010001100 2.0e-2
runproj limit: 2.0e-2
00100000100100000000000100001000000000000000000010000000000 1.5e-2
runproj limit: 2.0e-2
00100000000100000001000000001000100000000000000001000001000 1.7e-2
runproj limit: 2.0e-2
00000000000101000000000000001000100000000000100000000001000 2.0e-2
runproj limit: 2.0e-2
00000000000101100011000001011010000000000000110000001001101 1.7e-2
runproj limit: 2.0e-2
01000001000000000010100000000010000000011000100000010000100 2.0e-2
runproj limit: 2.0e-2
00100000000110000011010000011001000000000000111001001000100 4.0e-2
runproj limit: 2.0e-2
11110100000000000010000000001001000010000001000001001011100 2.0e-2
runproj limit: 2.0e-2
11100110101010001000010000101010001111111000110110010000101 2.0e-2
runproj limit: 2.0e-2
00010000100110010000000010001010101100000000110000000000110 1.7e-2
runproj limit: 2.0e-2
00000100000110110110010010010011110000100000010101000011000 2.0e-2
runproj limit: 2.0e-2
00000000000000100011000001010010000000000000100000001001101 1.7e-2
runproj limit: 2.0e-2
00000000000100000000000010011000000000000000100000000000000 2.0e-2
runproj limit: 2.0e-2
00101001010001011100001101000000000010000001000010001100010 2.0e-2
runproj limit: 2.0e-2
00000000000101000011100001011010000000000000110000011001100 1.8e-2
runproj limit: 2.0e-2
00100000100100000000000100001000000000000000000010000000000 2.0e-2
runproj limit: 2.0e-2
00000000000100000010000010011000000000000000110000010000000 2.0e-2
runproj limit: 2.0e-2
01000000000000000010100000000010000000001000100001010000100 2.0e-2
best: 0.75
runproj limit: 2.0e-2
00000000000100000001000000011000100000000000000001010001100 2.0e-2
runproj limit: 2.0e-2
00000000000110000110110000011011010000000000010001011001000 2.0e-2
runproj limit: 2.0e-2
00000000100100000000000100011000000000000000100010001001100 2.0e-2
runproj limit: 2.0e-2
00000000000101010000010000001010100000100000010100000001000 1.7e-2
runproj limit: 2.0e-2
00000000000100000010100001001010000000000000010000000001111 1.7e-2
runproj limit: 2.0e-2
00000000000100000000000001011000000100000000110000000000001 1.7e-2
runproj limit: 2.0e-2
00000000000101001011100011011000000000000000110000010001110 1.7e-2
runproj limit: 2.0e-2
01100001000000000000100000001010000000010000000000000000100 2.0e-2
runproj limit: 2.0e-2
01110100100111101000100101111000001001010111000110000001000 2.0e-2
runproj limit: 2.0e-2
01111111000001010110000010101010100110000101001001000001101 4.0e-2
runproj limit: 2.0e-2
00111000100100000100000000000000000000010000110000010100000 2.0e-2
runproj limit: 2.0e-2
10101000111100000000100111000000110000000011100000000100001 2.0e-2
runproj limit: 2.0e-2
01000001001001000010110101110010000110010000001000111000100 4.0e-2
runproj limit: 2.0e-2
00100000100100000000000100001000000000000000000010000000000 2.0e-2
runproj limit: 2.0e-2
10000000000101001011100011001010000000011000110000010001110 2.0e-2
runproj limit: 2.0e-2
00000000000100000000100001011000000100000000010010001000001 2.0e-2
runproj limit: 2.0e-2
00100000000100000001000000001000100000000000000001000001000 2.0e-2
runproj limit: 2.0e-2
00000000000101100011000001011010000000000000110000001001101 2.0e-2
runproj limit: 2.0e-2
00010000100110010000000010001010101100000000110000000000110 2.0e-2
runproj limit: 2.0e-2
00000000000000100011000001010010000000000000100000001001101 2.0e-2
best: 0.8500000000000001
runproj limit: 2.0e-2
00000000000100000001100001001000100000000000010001000001010 2.0e-2
runproj limit: 2.0e-2
10101000100100000010100101000000010000000011100000000000111 2.0e-2
runproj limit: 2.0e-2
00000000000100000000100001001010000000000000000010000000110 2.0e-2
runproj limit: 2.0e-2
00101010000101010010100011101000000010000001000000000001110 1.5e-2
runproj limit: 2.0e-2
10000000000101001011110000001010000000010000110100010001100 2.0e-2
runproj limit: 2.0e-2
00100001000000001001100011001010000000010000100000010000110 2.0e-2
runproj limit: 2.0e-2
01001010000001010111000010001010100100001000111001010001101 3.5e-2
runproj limit: 2.0e-2
00000000100100000000100001011000000000000000010000000001100 2.0e-2
runproj limit: 2.0e-2
00001100000000000000010000111000011100011000110000011001001 2.0e-2
runproj limit: 2.0e-2
11100000000101010101110010101010100000000100011100000011100 4.0e-2
runproj limit: 2.0e-2
10000101100100000001000000111000110101011110110010100100100 2.0e-2
runproj limit: 2.0e-2
00100011000100010010011000110010100001100000101100010101111 3.7e-2
runproj limit: 2.0e-2
10111000110100011100000000100110000000010100101000011100100 4.0e-2
runproj limit: 2.0e-2
00000000000101010000010000001010100000100000010100000001000 2.0e-2
runproj limit: 2.0e-2
00000000000100000010100001001010000000000000010000000001111 2.0e-2
runproj limit: 2.0e-2
00000000000100000000000001011000000100000000110000000000001 1.5e-2
runproj limit: 2.0e-2
00000000000101001011100011011000000000000000110000010001110 2.0e-2
runproj limit: 2.0e-2
00000000000100000001000000011000100000000000000001010001100 2.0e-2
runproj limit: 2.0e-2
00000000000110000110110000011011010000000000010001011001000 2.0e-2
runproj limit: 2.0e-2
00000000100100000000000100011000000000000000100010001001100 2.0e-2
best: 0.75
runproj limit: 2.0e-2
10000000000100000011010000001010100000010000110100010001100 2.0e-2
runproj limit: 2.0e-2
10000000000101001011110011011000000000010000110000010001100 2.0e-2
runproj limit: 2.0e-2
00000000000101000010100011011010000000000000110000000001110 1.7e-2
runproj limit: 2.0e-2
10101010100100010010100011001000000010000011100000000001111 2.0e-2
runproj limit: 2.0e-2
00000000000100000011000000001010000000000000010000010001101 2.0e-2
runproj limit: 2.0e-2
00100000100100010100000000010100000100000000111000010100100 4.0e-2
runproj limit: 2.0e-2
00000000000100000000100001001010000100000000110000000000001 2.0e-2
runproj limit: 2.0e-2
10000100100100000001100000111000010101011000010001111001100 2.0e-2
runproj limit: 2.0e-2
10001001000111010010110011000010000000100000001100000101111 4.0e-2
runproj limit: 2.0e-2
10000111100101100001000000010110110101010111100110100100101 2.0e-2
runproj limit: 2.0e-2
00010000100000000000100001010111000000000100000000010000010 2.0e-2
runproj limit: 2.0e-2
10000000101110000001000010001101011000100011100011001101100 2.0e-2
runproj limit: 2.0e-2
10101000100110010100100100111000110110100111000100101110101 1.7e-2
runproj limit: 2.0e-2
00101010000101010010100011101000000010000001000000000001110 1.7e-2
runproj limit: 2.0e-2
00000000000100000000000001011000000100000000110000000000001 2.0e-2
runproj limit: 2.0e-2
00000000000100000001100001001000100000000000010001000001010 2.0e-2
runproj limit: 2.0e-2
10101000100100000010100101000000010000000011100000000000111 2.0e-2
runproj limit: 2.0e-2
00000000000100000000100001001010000000000000000010000000110 2.0e-2
runproj limit: 2.0e-2
10000000000101001011110000001010000000010000110100010001100 2.0e-2
runproj limit: 2.0e-2
00100001000000001001100011001010000000010000100000010000110 2.0e-2
best: 0.8500000000000001
runproj limit: 2.0e-2
00000100000100000011100000011010010001001000010001000001110 2.0e-2
runproj limit: 2.0e-2
00100000100000000000100000101000100110010000100100010000101 1.8e-2
runproj limit: 2.0e-2
10100000000100000000110100101000100000100110110100011001100 2.0e-2
runproj limit: 2.0e-2
10000000000100000001100011001101001000100010000011000100100 1.7e-2
runproj limit: 2.0e-2
00001000000110000010100011000010000000100000010100000100111 2.0e-2
runproj limit: 2.0e-2
00000000000100000000100001001010000000000000110010000000001 2.0e-2
runproj limit: 2.0e-2
00000000000100000011000000001010000000000000010000010001101 2.0e-2
runproj limit: 2.0e-2
00000010000101000010110011101010000000000000010000000001100 1.7e-2
runproj limit: 2.0e-2
01000000000101101001101000011011011000011011011010100001101 3.7e-2
runproj limit: 2.0e-2
10100011100101001010001000000110100111010111100110000101111 2.0e-2
runproj limit: 2.0e-2
00110000100100001001110000100010000000001101001000110010011 4.0e-2
runproj limit: 2.0e-2
00011000111110001010000010101001110100100100000000010001001 2.0e-2
runproj limit: 2.0e-2
11001101110101110101000001010111100011010101000110010100110 2.0e-2
runproj limit: 2.0e-2
00000000000101000010100011011010000000000000110000000001110 2.0e-2
runproj limit: 2.0e-2
10101000100110010100100100111000110110100111000100101110101 1.8e-2
runproj limit: 2.0e-2
00101010000101010010100011101000000010000001000000000001110 1.7e-2
runproj limit: 2.0e-2
10000000000100000011010000001010100000010000110100010001100 2.0e-2
runproj limit: 2.0e-2
10000000000101001011110011011000000000010000110000010001100 2.0e-2
runproj limit: 2.0e-2
10101010100100010010100011001000000010000011100000000001111 2.0e-2
runproj limit: 2.0e-2
00000000000100000011000000001010000000000000010000010001101 2.0e-2
best: 0.8500000000000001
runproj limit: 2.0e-2
00000000110100000010010010101011010100000000010000010001000 2.0e-2
runproj limit: 2.0e-2
00000000000101000010100000001010000000000000010000000001111 1.7e-2
runproj limit: 2.0e-2
00101000000110010110100010010000000100100011010100000100101 2.0e-2
runproj limit: 2.0e-2
10001000000100010010100011011000000010000010100000000001111 2.0e-2
runproj limit: 2.0e-2
10100000100001001010101000100100100111010001100100000101111 1.5e-2
runproj limit: 2.0e-2
00000000000101001011100011011000000000010000110000010001110 2.0e-2
runproj limit: 2.0e-2
10000000010100000000000010101101000100100010000001000001101 2.0e-2
runproj limit: 2.0e-2
00000010000100000010000001101010000000000000010000000001100 1.8e-2
runproj limit: 2.0e-2
10001000110010010000010100101110111110110101100100111110111 2.0e-2
runproj limit: 2.0e-2
00001001001100100100110100111000110101000010100101101000111 1.8e-2
runproj limit: 2.0e-2
00100000000101010001100001010101000000101100111000001000110 4.0e-2
runproj limit: 2.0e-2
00001010000101100111110001101110000110000000010001000001111 2.0e-2
runproj limit: 2.0e-2
10000010000000011011110011111000000010000100000010111001100 2.0e-2
runproj limit: 2.0e-2
10000000000100000001100011001101001000100010000011000100100 1.8e-2
runproj limit: 2.0e-2
00000010000101000010110011101010000000000000010000000001100 2.0e-2
runproj limit: 2.0e-2
00101010000101010010100011101000000010000001000000000001110 1.7e-2
runproj limit: 2.0e-2
00100000100000000000100000101000100110010000100100010000101 2.0e-2
runproj limit: 2.0e-2
10101000100110010100100100111000110110100111000100101110101 2.0e-2
runproj limit: 2.0e-2
00000100000100000011100000011010010001001000010001000001110 2.0e-2
runproj limit: 2.0e-2
10100000000100000000110100101000100000100110110100011001100 2.0e-2
best: 0.75
runproj limit: 2.0e-2
10100000000100000010110000101010100000000000110100000001100 2.0e-2
runproj limit: 2.0e-2
10000010000100010001110100111000100000000110110100111001100 1.8e-2
runproj limit: 2.0e-2
10101000000101010000100010101110011010010101100100001001111 2.0e-2
runproj limit: 2.0e-2
10000000000100010010100011011100000010100010000010000000100 1.7e-2
runproj limit: 2.0e-2
10101000100100011110100000100100000100110011010100000100101 2.0e-2
runproj limit: 2.0e-2
10000010000100010011100001101000000010000100010000110001100 2.0e-2
runproj limit: 2.0e-2
10000000100110010000100011011000101000100011000000001100101 1.8e-2
runproj limit: 2.0e-2
00000000000101000010100000001010000000000000010000000001111 2.0e-2
runproj limit: 2.0e-2
00101010010101101110100011111000001000111001100110000011101 2.0e-2
runproj limit: 2.0e-2
00001011000100000100100010010001011011001101001011000001000 4.0e-2
runproj limit: 2.0e-2
11000000110110000010001101100110110010001100110001010001000 2.0e-2
runproj limit: 2.0e-2
00000100101010000011101111111100011111100101000111000100101 2.0e-2
runproj limit: 2.0e-2
10100010000110001100010101010011100010101110110100111010110 2.0e-2
runproj limit: 2.0e-2
10100000100001001010101000100100100111010001100100000101111 2.0e-2
runproj limit: 2.0e-2
00000000000101000010100000001010000000000000010000000001111 2.0e-2
runproj limit: 2.0e-2
00101010000101010010100011101000000010000001000000000001110 2.0e-2
runproj limit: 2.0e-2
00000010000100000010000001101010000000000000010000000001100 2.0e-2
runproj limit: 2.0e-2
00001001001100100100110100111000110101000010100101101000111 2.0e-2
runproj limit: 2.0e-2
10000000000100000001100011001101001000100010000011000100100 2.0e-2
runproj limit: 2.0e-2
00000000110100000010010010101011010100000000010000010001000 2.0e-2
best: 0.8500000000000001
runproj limit: 2.0e-2
10101000000100010010100000000100000100100000010100000101101 1.7e-2
runproj limit: 2.0e-2
10000000000000000011101111011100010011100100000010000100100 2.0e-2
runproj limit: 2.0e-2
10000100100010000011100011011100111010100111000110000100101 2.0e-2
runproj limit: 2.0e-2
00000000000100010010100001001000000010000000000010000000100 2.0e-2
runproj limit: 2.0e-2
10100000001100000000110100111010110100000010110100000000100 2.0e-2
runproj limit: 2.0e-2
10000010000101010011110101111000100010000101010000011001100 2.0e-2
runproj limit: 2.0e-2
00000000101010010000100011011100011110100101000011000100101 2.0e-2
runproj limit: 2.0e-2
00100000100100001010100000101000010100010001100000000101000 2.0e-2
runproj limit: 2.0e-2
10110011111100100001110100111000110001000111110101001010111 2.0e-2
runproj limit: 2.0e-2
10111000101001010000100010101100101000010101111110000001111 4.0e-2
runproj limit: 2.0e-2
00010010000111000110100000001011001010000010010000100001101 2.0e-2
runproj limit: 2.0e-2
00101000010011110010001010101001000011000101110010000011110 2.0e-2
runproj limit: 2.0e-2
10000000000001111000100000011110000010110010010001010000100 2.0e-2
runproj limit: 2.0e-2
10000000000100010010100011011100000010100010000010000000100 1.5e-2
runproj limit: 2.0e-2
10000010000100010001110100111000100000000110110100111001100 1.8e-2
runproj limit: 2.0e-2
10000000100110010000100011011000101000100011000000001100101 2.0e-2
runproj limit: 2.0e-2
10100000000100000010110000101010100000000000110100000001100 1.7e-2
runproj limit: 2.0e-2
10101000000101010000100010101110011010010101100100001001111 1.7e-2
runproj limit: 2.0e-2
10101000100100011110100000100100000100110011010100000100101 2.0e-2
runproj limit: 2.0e-2
10000010000100010011100001101000000010000100010000110001100 1.2e-2
best: 0.6
runproj limit: 2.0e-2
10101000000000000010101000101010000011000001110110000001110 2.0e-2
runproj limit: 2.0e-2
10000010101100010000100110111000110000000110100010111101101 2.0e-2
runproj limit: 2.0e-2
10000000000000000011110111001100000010100000110110000100100 2.0e-2
runproj limit: 2.0e-2
00000000100010010000100011011100111010100001000001001100101 2.0e-2
runproj limit: 2.0e-2
10000000000101101000110000011010000000010000110101000000100 1.8e-2
runproj limit: 2.0e-2
10000000000000000011101111011100010011100100000010000100100 2.0e-2
runproj limit: 2.0e-2
10100010110101100001110100111000110000000101010001001011110 2.0e-2
runproj limit: 2.0e-2
10000000001100010000100000111110110100100010010101000000100 2.0e-2
runproj limit: 2.0e-2
11001110000101111001101111101001000010000101011001011100101 4.0e-2
runproj limit: 2.0e-2
10111011111100101001010100111000110001000101110101001010100 2.0e-2
runproj limit: 2.0e-2
00000100101001110010101111110001111110100101001011100101100 4.0e-2
runproj limit: 2.0e-2
00100011000000110010100111111001000011111111010000110001000 1.8e-2
runproj limit: 2.0e-2
00100100011100100010101010110010101010001111110110000111000 2.0e-2
runproj limit: 2.0e-2
10000010000100010011100001101000000010000100010000110001100 2.0e-2
runproj limit: 2.0e-2
10000000000100010010100011011100000010100010000010000000100 2.0e-2
runproj limit: 2.0e-2
10101000000100010010100000000100000100100000010100000101101 2.0e-2
runproj limit: 2.0e-2
10100000000100000010110000101010100000000000110100000001100 2.0e-2
runproj limit: 2.0e-2
10101000000101010000100010101110011010010101100100001001111 1.8e-2
runproj limit: 2.0e-2
10000010000100010001110100111000100000000110110100111001100 2.0e-2
runproj limit: 2.0e-2
10000000000000000011101111011100010011100100000010000100100 2.0e-2
best: 0.8999999999999999
runproj limit: 2.0e-2
00000011000000110010100011011100011011101101010000010000001 2.0e-2
runproj limit: 2.0e-2
10000000000000000011111111011100010011100000110010000100100 1.7e-2
runproj limit: 2.0e-2
10000000000100010011110001101100000010000100110100110000100 2.0e-2
runproj limit: 2.0e-2
10110011110101101001110100111000110000000101010101001010110 2.0e-2
runproj limit: 2.0e-2
10000000000001000001110000011110010001110000010110000100100 1.7e-2
runproj limit: 2.0e-2
11001010000101011011100111101000000010000100010001110101101 2.0e-2
runproj limit: 2.0e-2
00100011000000110010100111111001000011111111010000110001000 2.0e-2
runproj limit: 2.0e-2
10101000000100010000100000100100001110100100100100001001111 2.0e-2
runproj limit: 2.0e-2
10110100000101101000100010111110000000011011110101100001100 2.0e-2
runproj limit: 2.0e-2
00100010010111000110110001001010100101000000111010001001110 3.5e-2
runproj limit: 2.0e-2
10101000100101101000010001001010000010100001110101100001100 2.0e-2
runproj limit: 2.0e-2
10000100000010000000010001100110110101011000110100011011110 2.0e-2
runproj limit: 2.0e-2
01110000111100011001010101101000111000010000010001001011111 1.7e-2
runproj limit: 2.0e-2
10000000000101101000110000011010000000010000110101000000100 2.0e-2
runproj limit: 2.0e-2
00100011000000110010100111111001000011111111010000110001000 1.5e-2
runproj limit: 2.0e-2
10101000000101010000100010101110011010010101100100001001111 2.0e-2
runproj limit: 2.0e-2
10101000000000000010101000101010000011000001110110000001110 2.0e-2
runproj limit: 2.0e-2
10000010101100010000100110111000110000000110100010111101101 2.0e-2
runproj limit: 2.0e-2
10000000000000000011110111001100000010100000110110000100100 2.0e-2
runproj limit: 2.0e-2
00000000100010010000100011011100111010100001000001001100101 2.0e-2
best: 0.75
done evolving!
"all is well:)"
>>>>>>>>>>>>>>FINISH OPTIMIZATION>>>>>>>>>>>>>>>
571.86user 275.85system 14:54.98elapsed 94%CPU (0avgtext+0avgdata 110612maxresident)k
1896inputs+1427824outputs (0major+69474153minor)pagefaults 0swaps
