Optimizing /data/dan/nofib/imaginary/exp3_8
>>>>>>>>>>>>>>>START OPTIMIZATION>>>>>>>>>>>>>>>
pop: 13
gens: 15
arch: 7
limit is: 0.315
runproj limit: 0.315
"All is well :D"
Basetime is: 0.312
runproj limit: 0.315
01000000000000000000100 0.32
runproj limit: 0.315
00100000001000000001000 0.3
runproj limit: 0.315
00000000000100000010000 0.31
runproj limit: 0.315
00000000000000000000000 0.328
runproj limit: 0.315
00000000000000000000000 0.312
runproj limit: 0.315
00100000100100000000000 0.312
runproj limit: 0.315
10000000000000000000000 0.312
runproj limit: 0.315
01000000000011000000001 0.315
runproj limit: 0.315
00001000000000000000001 0.365
runproj limit: 0.315
00000000000000000000000 0.328
runproj limit: 0.315
00000100000000001000000 0.332
runproj limit: 0.315
00000000000000000000000 0.318
runproj limit: 0.315
00000000000000000000000 0.322
best: 0.9615384615384615
runproj limit: 0.315
00000000000000000010000 0.305
runproj limit: 0.315
00100000001000000000000 0.277
runproj limit: 0.315
00100000100100000000000 0.322
runproj limit: 0.315
00000000000011000000001 0.318
runproj limit: 0.315
10100000000000000001000 0.298
runproj limit: 0.315
10000000000000000000000 0.322
runproj limit: 0.315
01100000000000000000000 0.312
runproj limit: 0.315
10000000000000000000000 0.288
runproj limit: 0.315
00100000001111001001000 0.325
runproj limit: 0.315
00000100000010010110011 0.332
runproj limit: 0.315
01001100110001100111000 0.36
runproj limit: 0.315
01100100000110000101001 0.31
runproj limit: 0.315
01100101001100000110000 0.305
runproj limit: 0.315
00100000001000000001000 0.312
runproj limit: 0.315
00000000000100000010000 0.335
runproj limit: 0.315
00000000000000000000000 0.298
runproj limit: 0.315
00100000100100000000000 0.315
runproj limit: 0.315
10000000000000000000000 0.31
runproj limit: 0.315
01000000000011000000001 0.305
runproj limit: 0.315
01000000000000000000100 0.32
best: 0.8878205128205129
runproj limit: 0.315
00100000000000000000000 0.328
runproj limit: 0.315
01100000001100000011000 0.32
runproj limit: 0.315
01000000000001000000000 0.302
runproj limit: 0.315
00000000001100000010000 0.32
runproj limit: 0.315
00100000001000000000000 0.298
runproj limit: 0.315
00000001001100000100000 0.318
runproj limit: 0.315
00000000001101000001000 0.292
runproj limit: 0.315
00100100000010000101001 0.315
runproj limit: 0.315
01000000000011100001011 0.275
runproj limit: 0.315
01110101001000000010100 0.318
runproj limit: 0.315
11110100000011110101101 0.285
runproj limit: 0.315
01010100010001011101101 0.308
runproj limit: 0.315
00110100001001011001011 0.302
runproj limit: 0.315
00100000001000000000000 0.315
runproj limit: 0.315
10000000000000000000000 0.312
runproj limit: 0.315
10100000000000000001000 0.315
runproj limit: 0.315
00000000000000000000000 0.293
runproj limit: 0.315
00000000000000000010000 0.29
runproj limit: 0.315
01100101001100000110000 0.308
runproj limit: 0.315
01000000000011000000001 0.293
best: 0.8814102564102565
runproj limit: 0.315
10000000000010100001000 0.32
runproj limit: 0.315
01000000001010000010000 0.322
runproj limit: 0.315
01000000000001000010000 0.318
runproj limit: 0.315
00000000000001000000000 0.295
runproj limit: 0.315
01110000000011010001101 0.305
runproj limit: 0.315
01000000000011000001001 0.312
runproj limit: 0.315
01000000000001000000000 0.32
runproj limit: 0.315
00100000001000000000000 0.3
runproj limit: 0.315
00000000000000000010000 0.32
runproj limit: 0.315
01101100000000000101011 0.332
runproj limit: 0.315
00100000010000011100000 0.298
runproj limit: 0.315
11100101000011100101110 0.292
runproj limit: 0.315
01000100000000001001101 0.34
runproj limit: 0.315
01000000000011100001011 0.3
runproj limit: 0.315
11110100000011110101101 0.32
runproj limit: 0.315
00000000000000000010000 0.295
runproj limit: 0.315
00000000001101000001000 0.308
runproj limit: 0.315
00000000000000000000000 0.302
runproj limit: 0.315
01000000000011000000001 0.31
runproj limit: 0.315
00100000001000000000000 0.312
best: 0.9358974358974358
runproj limit: 0.315
01110000000010010000100 0.315
runproj limit: 0.315
01100000001011000000001 0.298
runproj limit: 0.315
01000000000001100000000 0.323
runproj limit: 0.315
00000000000000000000000 0.308
runproj limit: 0.315
01110000001001000001100 0.31
runproj limit: 0.315
01100000000011010001001 0.3
runproj limit: 0.315
10100100000010100001010 0.322
runproj limit: 0.315
01000000000010000000000 0.308
runproj limit: 0.315
00100010001000100011010 0.328
runproj limit: 0.315
00110000010011010000011 0.312
runproj limit: 0.315
00101001010000011100101 0.34
runproj limit: 0.315
11000001001101001010100 0.295
runproj limit: 0.315
11000000000010100101111 0.328
runproj limit: 0.315
11100101000011100101110 0.305
runproj limit: 0.315
00000000000001000000000 0.312
runproj limit: 0.315
00000000000000000010000 0.31
runproj limit: 0.315
00100000010000011100000 0.315
runproj limit: 0.315
00100000001000000000000 0.305
runproj limit: 0.315
01000000000011100001011 0.292
runproj limit: 0.315
00000000000000000000000 0.335
best: 0.9358974358974358
runproj limit: 0.315
10110000000111001010001 0.322
runproj limit: 0.315
01000000000010000000001 0.312
runproj limit: 0.315
00100000000000000000000 0.288
runproj limit: 0.315
01100000001010010001000 0.33
runproj limit: 0.315
01100000000011010001001 0.312
runproj limit: 0.315
01000000000011010000000 0.302
runproj limit: 0.315
10000100000001100000000 0.32
runproj limit: 0.315
01100001000011000010001 0.323
runproj limit: 0.315
01100000000001100000001 0.328
runproj limit: 0.315
01110101001101001010000 0.335
runproj limit: 0.315
10100100100000011001001 0.312
runproj limit: 0.315
11010001101111011010100 0.295
runproj limit: 0.315
01000100000001010101001 0.335
runproj limit: 0.315
01000000000011100001011 0.288
runproj limit: 0.315
11000001001101001010100 0.3
runproj limit: 0.315
01100000001011000000001 0.295
runproj limit: 0.315
01100000000011010001001 0.335
runproj limit: 0.315
11100101000011100101110 0.29
runproj limit: 0.315
00100000001000000000000 0.297
runproj limit: 0.315
00000000000000000000000 0.315
best: 0.923076923076923
runproj limit: 0.315
01000000100000011001000 0.295
runproj limit: 0.315
01100000000001010101001 0.31
runproj limit: 0.315
10100100000000001000000 0.28
runproj limit: 0.315
00000000000011000000000 0.302
runproj limit: 0.315
01100000001011000000001 0.308
runproj limit: 0.315
01100000001001000000001 0.29
runproj limit: 0.315
11000001001101100001000 0.3
runproj limit: 0.315
01100001001101001000101 0.285
runproj limit: 0.315
11100100000100100010101 0.295
runproj limit: 0.315
10111110001000011100100 0.315
runproj limit: 0.315
11111101000011100001110 0.318
runproj limit: 0.315
11001000011010000000101 0.312
runproj limit: 0.315
01100001001010000010011 0.275
runproj limit: 0.315
00100000000000000000000 0.308
runproj limit: 0.315
01000000000011100001011 0.295
runproj limit: 0.315
11100101000011100101110 0.31
runproj limit: 0.315
11010001101111011010100 0.31
runproj limit: 0.315
01100000001011000000001 0.315
runproj limit: 0.315
00100000001000000000000 0.332
runproj limit: 0.315
11000001001101001010100 0.315
best: 0.8814102564102565
runproj limit: 0.315
11000101000100100010001 0.325
runproj limit: 0.315
01100001001001000010011 0.318
runproj limit: 0.315
01100000001011000010011 0.322
runproj limit: 0.315
11101011001101011000000 0.332
runproj limit: 0.315
01000000000011100001000 0.318
runproj limit: 0.315
01100001001101100001001 0.312
runproj limit: 0.315
10001010001011011101111 0.315
runproj limit: 0.315
01100000001000000000000 0.288
runproj limit: 0.315
01101100001101000000011 0.342
runproj limit: 0.315
11100000000011000101100 0.298
runproj limit: 0.315
11000100101101001000101 0.295
runproj limit: 0.315
00100011000010000010001 0.318
runproj limit: 0.315
01100100010100111010101 0.295
runproj limit: 0.315
01100001001010000010011 0.292
runproj limit: 0.315
10100100000000001000000 0.295
runproj limit: 0.315
01100001001101001000101 0.285
runproj limit: 0.315
01100000001001000000001 0.322
runproj limit: 0.315
01000000100000011001000 0.295
runproj limit: 0.315
11100100000100100010101 0.312
runproj limit: 0.warning: dubious run time results for exp3_8: [0.4,0.34,0.34,0.26]
warning: dubious mut time results for exp3_8: [0.33,0.28,0.28,0.21]
warning: dubious run time results for exp3_8: [0.4,0.34,0.34,0.26]
warning: dubious mut time results for exp3_8: [0.33,0.28,0.28,0.21]
warning: dubious run time results for exp3_8: [0.27,0.4,0.32,0.32]
warning: dubious mut time results for exp3_8: [0.22,0.33,0.26,0.26]
warning: dubious run time results for exp3_8: [0.27,0.4,0.32,0.32]
warning: dubious mut time results for exp3_8: [0.22,0.33,0.26,0.26]
warning: dubious run time results for exp3_8: [0.39,0.33,0.27,0.31]
warning: dubious mut time results for exp3_8: [0.32,0.27,0.22,0.25]
warning: dubious run time results for exp3_8: [0.39,0.33,0.27,0.31]
warning: dubious mut time results for exp3_8: [0.32,0.27,0.22,0.25]
warning: dubious run time results for exp3_8: [0.27,0.34,0.32,0.41]
warning: dubious mut time results for exp3_8: [0.22,0.28,0.26,0.34]
warning: dubious run time results for exp3_8: [0.27,0.34,0.32,0.41]
warning: dubious mut time results for exp3_8: [0.22,0.28,0.26,0.34]
315
01000000000011100001011 0.302
best: 0.9134615384615384
runproj limit: 0.315
01000000100000101001000 0.335
runproj limit: 0.315
00100011000011000010000 0.312
runproj limit: 0.315
10100100010100011000100 0.3
runproj limit: 0.315
01100001001001000010011 0.308
runproj limit: 0.315
10000000000000011001000 0.3
runproj limit: 0.315
01100001001101111010101 0.308
runproj limit: 0.315
10100100000000001000000 0.308
runproj limit: 0.315
11000100101100001000101 0.338
runproj limit: 0.315
00101101000011011000010 0.328
runproj limit: 0.315
11000110101100101000101 0.32
runproj limit: 0.315
01110001101101000010011 0.31
runproj limit: 0.315
11000000001001100000011 0.285
runproj limit: 0.315
01000000000001110111011 0.305
runproj limit: 0.315
01100001001101001000101 0.302
runproj limit: 0.315
01100000001000000000000 0.28
runproj limit: 0.315
01100001001010000010011 0.318
runproj limit: 0.315
11000100101101001000101 0.298
runproj limit: 0.315
01100100010100111010101 0.298
runproj limit: 0.315
10100100000000001000000 0.35
runproj limit: 0.315
01000000100000011001000 0.328
best: 0.8974358974358975
runproj limit: 0.315
10000000001101110000111 0.28
runproj limit: 0.315
00100000000011001011000 0.313
runproj limit: 0.315
01000100010100111011001 0.305
runproj limit: 0.315
11000100000100110000101 0.325
runproj limit: 0.315
01101100000010001000000 0.33
runproj limit: 0.315
00100000001000001000000 0.32
runproj limit: 0.315
10000000000000011001000 0.305
runproj limit: 0.315
11000000001000000000001 0.3
runproj limit: 0.315
10000000100000111011011 0.335
runproj limit: 0.315
01010101101101101001010 0.308
runproj limit: 0.315
01010001101001001011001 0.288
runproj limit: 0.315
10011000111010010000000 0.36
runproj limit: 0.315
00101011011010010110011 0.312
runproj limit: 0.315
01100000001000000000000 0.325
runproj limit: 0.315
11000000001001100000011 0.305
runproj limit: 0.315
11000100101101001000101 0.305
runproj limit: 0.315
01100100010100111010101 0.345
runproj limit: 0.315
10100100010100011000100 0.278
runproj limit: 0.315
10000000000000011001000 0.312
runproj limit: 0.315
01100001001101001000101 0.295
best: 0.8910256410256411
runproj limit: 0.315
11000000001000000000001 0.325
runproj limit: 0.315
01100000001100001000000 0.313
runproj limit: 0.315
01000001101001100010011 0.342
runproj limit: 0.315
01010001001101100001110 0.325
runproj limit: 0.315
01010001101101101000100 0.318
runproj limit: 0.315
00100100001000011000000 0.325
runproj limit: 0.315
01110100111101101010101 0.313
runproj limit: 0.315
11100000001001000000101 0.297
runproj limit: 0.315
11100000011101100100101 0.325
runproj limit: 0.315
00100001101010101001010 0.3
runproj limit: 0.315
10100100001100100010111 0.318
runproj limit: 0.315
11100100101101111101111 0.288
runproj limit: 0.315
01000000001101011001001 0.337
runproj limit: 0.315
10100100010100011000100 0.31
runproj limit: 0.315
10000000001101110000111 0.318
runproj limit: 0.315
01010001101001001011001 0.322
runproj limit: 0.315
01100001001101001000101 0.318
runproj limit: 0.315
11000000001000000000001 0.322
runproj limit: 0.315
01000100010100111011001 0.32
runproj limit: 0.315
10000000000000011001000 0.325
best: 0.923076923076923
runproj limit: 0.315
10000000000000111001111 0.312
runproj limit: 0.315
10000100001101110011011 0.335
runproj limit: 0.315
11000000001000100100001 0.325
runproj limit: 0.315
11100100101101111101111 0.312
runproj limit: 0.315
01000000100000011000100 0.33
runproj limit: 0.315
01100100001100111001000 0.335
runproj limit: 0.315
10100100001000001000100 0.325
runproj limit: 0.315
01100000001100001000000 0.322
runproj limit: 0.315
10100100000100100100100 0.32
runproj limit: 0.315
01001011010100111100001 0.328
runproj limit: 0.315
00100010111011000000100 0.322
runproj limit: 0.315
00100000111010011010101 0.325
runproj limit: 0.315
10100110001110101110011 0.322
runproj limit: 0.315
11100100101101111101111 0.318
runproj limit: 0.315
11100000001001000000101 0.322
runproj limit: 0.315
00100001101010101001010 0.318
runproj limit: 0.315
10100100010100011000100 0.312
runproj limit: 0.315
01100000001100001000000 0.318
runproj limit: 0.315
01110100111101101010101 0.315
runproj limit: 0.315
01010001101101101000100 0.322
best: 1.0
runproj limit: 0.315
10100000000100100000101 0.325
runproj limit: 0.315
10100100111000111100111 0.312
runproj limit: 0.315
10100010011010111110111 0.328
runproj limit: 0.315
11100100001100011001101 0.305
runproj limit: 0.315
10000000001100101001000 0.302
runproj limit: 0.315
00100011101010001000100 0.31
runproj limit: 0.315
10100000001000011001111 0.308
runproj limit: 0.315
01110000101101101001110 0.302
runproj limit: 0.315
11011010111100001101000 0.332
runproj limit: 0.315
11010000100100100100001 0.32
runproj limit: 0.315
01100110111111101110101 0.305
runproj limit: 0.315
00100011111100001001111 0.312
runproj limit: 0.315
11100100101000010111111 0.318
runproj limit: 0.315
10000000000000111001111 0.318
runproj limit: 0.315
11100100101101111101111 0.33
runproj limit: 0.315
10100100010100011000100 0.325
runproj limit: 0.315
01110100111101101010101 0.31
runproj limit: 0.315
00100001101010101001010 0.318
runproj limit: 0.315
01100000001100001000000 0.328
runproj limit: 0.315
10100100000100100100100 0.33
best: 0.967948717948718
runproj limit: 0.315
00110111111101101011111 0.302
runproj limit: 0.315
10110000001100010101111 0.318
runproj limit: 0.315
00110100111001111000101 0.31
runproj limit: 0.315
10100100000100011001101 0.328
runproj limit: 0.315
01110100101100000010101 0.322
runproj limit: 0.315
10100000101010111100110 0.328
runproj limit: 0.315
00100001011100011000100 0.33
runproj limit: 0.315
11100100101100111001110 0.305
runproj limit: 0.315
01101111101010100010111 0.328
runproj limit: 0.315
00101011111100000001011 0.325
runproj limit: 0.315
10100100001011111011110 0.315
runproj limit: 0.315
11000001001000101001000 0.312
runproj limit: 0.315
11110000100101001010110 0.325
runproj limit: 0.315
10000000001100101001000 0.325
runproj limit: 0.315
01110000101101101001110 0.272
runproj limit: 0.315
11100100001100011001101 0.308
runproj limit: 0.315
01100110111111101110101 0.312
runproj limit: 0.315
10100000001000011001111 0.312
runproj limit: 0.315
00100011101010001000100 0.335
runproj limit: 0.315
01110100111101101010101 0.322
best: 0.8717948717948718
runproj limit: 0.315
10100101001100111001001 0.312
runproj limit: 0.315
00110100111001111000101 0.3
runproj limit: 0.315
11100100001100011001101 0.305
runproj limit: 0.315
00100111010100000001101 0.312
runproj limit: 0.315
00100111111111101110111 0.32
runproj limit: 0.315
10000000001011111001110 0.318
runproj limit: 0.315
11000001001000101001000 0.335
runproj limit: 0.315
01110100011100101011111 0.31
runproj limit: 0.315
01000000101100000010111 0.323
runproj limit: 0.315
10110110101010111100101 0.312
runproj limit: 0.315
01011100001100000010001 0.332
runproj limit: 0.315
11000000101010111011010 0.315
runproj limit: 0.315
01100010000101101101011 0.312
runproj limit: 0.315
01110000101101101001110 0.325
runproj limit: 0.315
00110111111101101011111 0.332
runproj limit: 0.315
11100100101100111001110 0.332
runproj limit: 0.315
11100100001100011001101 0.312
runproj limit: 0.315
00110100111001111000101 0.328
runproj limit: 0.315
11000001001000101001000 0.322
runproj limit: 0.315
01100110111111101110101 0.325
best: 0.9615384615384615
done evolving!
"all is well:)"
>>>>>>>>>>>>>>FINISH OPTIMIZATION>>>>>>>>>>>>>>>
842.43user 288.61system 19:40.04elapsed 95%CPU (0avgtext+0avgdata 135544maxresident)k
56inputs+1430672outputs (2major+69897225minor)pagefaults 0swaps
