Optimizing /data/dan/nofib/spectral/life
>>>>>>>>>>>>>>>START OPTIMIZATION>>>>>>>>>>>>>>>
pop: 13
gens: 15
arch: 7
limit is: 0.425
runproj limit: 0.425
"All is well :D"
Basetime is: 0.43
runproj limit: 0.425
01000000000000000000100000000000000000000000100 0.43
runproj limit: 0.425
00100000001000000001000000000011000000000000000 0.442
runproj limit: 0.425
00000000000100000010000010011010000000000000110 0.46
runproj limit: 0.425
00000000000000000000000000000000000000000000000 0.448
runproj limit: 0.425
00000000000000000000000001000110000000001001000 0.445
runproj limit: 0.425
00100000100100000000000100001000000000000000000 0.432
runproj limit: 0.425
10000000000000000000000000110001010100001000000 0.455
runproj limit: 0.425
00000000000000000000000000000000000000000000000 0.43
runproj limit: 0.425
00001000000000000000001000001000000000000000000 0.43
runproj limit: 0.425
00100000000000000000000010000000001100001000000 0.435
runproj limit: 0.425
00000100000000001000000000000000000010100000000 0.443
runproj limit: 0.425
00001000000010000000000100000001000000000010000 0.455
runproj limit: 0.425
00000000000000000000000000000000000000000000000 0.422
best: 0.9813953488372092
runproj limit: 0.425
00000100000000000000000000000100000010001000000 0.442
runproj limit: 0.425
00100000001000000000000000000001000000000000000 0.445
runproj limit: 0.425
01100000100100000000000100000000000000000000000 0.452
runproj limit: 0.425
00000000000000000000000000000000000000000000000 0.425
runproj limit: 0.425
10100000000000000001000000110001000100001000000 0.425
runproj limit: 0.425
00000000000000000000000000000000000000000000000 0.42
runproj limit: 0.425
00100000000000000000000000000011000000000000000 0.45
runproj limit: 0.425
00001000000000000000001000001000000000000000000 0.427
runproj limit: 0.425
00100000001111001001000110000001000000100000010 0.432
runproj limit: 0.425
00000100000010010110011001000111011110001000010 0.462
runproj limit: 0.425
00001100110001100111100001010000000100100000110 0.432
runproj limit: 0.425
01100100000110000101001100010000100000000000000 0.45
runproj limit: 0.425
01100001001000001100000000010000001010000000010 0.46
runproj limit: 0.425
00000000000000000000000000000000000000000000000 0.45
runproj limit: 0.425
01000000000000000000100000000000000000000000100 0.428
runproj limit: 0.425
00001000000000000000001000001000000000000000000 0.445
runproj limit: 0.425
00100000100100000000000100001000000000000000000 0.417
runproj limit: 0.425
00100000000000000000000010000000001100001000000 0.438
runproj limit: 0.425
00100000001000000001000000000011000000000000000 0.432
runproj limit: 0.425
00000100000000001000000000000000000010100000000 0.44
best: 0.969767441860465
runproj limit: 0.425
00100000000110000001000110010001000100000000000 0.452
runproj limit: 0.425
01000000000100000000000000000000100000000000000 0.41
runproj limit: 0.425
00000000000100000000000100000000000000000000000 0.425
runproj limit: 0.425
00000000000000000000000000000000000000001000100 0.438
runproj limit: 0.425
00000000000000000000000000001000000000000000000 0.42
runproj limit: 0.425
00100000000000000000000100000000000000000000000 0.432
runproj limit: 0.425
01000000001101000001000010000001000000100000000 0.425
runproj limit: 0.425
00100100000010000101001101010111000010000000010 0.468
runproj limit: 0.425
00100000100100100001010101001010000000010011100 0.435
runproj limit: 0.425
00010000000100000100100000010001000000100000011 0.438
runproj limit: 0.425
11110100000011110101101100010110100000110001001 0.455
runproj limit: 0.425
01010100010001011101101110010000111110100001010 0.445
runproj limit: 0.425
00110100001110010001011111001111011011100101010 0.498
runproj limit: 0.425
00100000100100000000000100001000000000000000000 0.43
runproj limit: 0.425
00000000000000000000000000000000000000000000000 0.41
runproj limit: 0.425
10100000000000000001000000110001000100001000000 0.44
runproj limit: 0.425
00001000000000000000001000001000000000000000000 0.418
runproj limit: 0.425
01000000000000000000100000000000000000000000100 0.438
runproj limit: 0.425
00100000001111001001000110000001000000100000010 0.45
runproj limit: 0.425
00001100110001100111100001010000000100100000110 0.448
best: 0.9534883720930232
runproj limit: 0.425
00000000000000100001000001001000000000010000100 0.448
runproj limit: 0.425
01000000000000010000100010010000101010001000110 0.465
runproj limit: 0.425
00000000000000000000000010000001000000100000000 0.438
runproj limit: 0.425
00001000000000000000001000001000000000000000000 0.432
runproj limit: 0.425
01000000000001000001000010001000000000000000000 0.425
runproj limit: 0.425
00100000000000000000000000000000000000000000000 0.43
runproj limit: 0.425
00000000001100000000000110000000000000000000000 0.442
runproj limit: 0.425
01000000000000000000100000001000000000000000000 0.442
runproj limit: 0.425
01000000001101000001000010100001100000100100000 0.438
runproj limit: 0.425
01101000000100000001010110001001001100101001000 0.432
runproj limit: 0.425
01100000010101011100000100000000000010000001000 0.432
runproj limit: 0.425
00011101110001110111111000110001000110110000100 0.455
runproj limit: 0.425
01000100000000001001101011011111101010100001010 0.445
runproj limit: 0.425
01000000000100000000000000000000100000000000000 0.44
runproj limit: 0.425
00000000000000000000000000000000000000000000000 0.432
runproj limit: 0.425
00001000000000000000001000001000000000000000000 0.445
runproj limit: 0.425
00000000000000000000000000001000000000000000000 0.442
runproj limit: 0.425
00000000000100000000000100000000000000000000000 0.435
runproj limit: 0.425
01000000001101000001000010000001000000100000000 0.44
runproj limit: 0.425
00100000100100000000000100001000000000000000000 0.438
best: 0.9883720930232558
runproj limit: 0.425
01001000000000000000001010001000000000000000000 0.452
runproj limit: 0.425
01100000100101000001000000001001000000100000000 0.418
runproj limit: 0.425
01100000000100000000000110001001101100100001000 0.442
runproj limit: 0.425
00001000100100000000000100001000000000000000000 0.43
runproj limit: 0.425
01000000000001000001000010001000000000000000000 0.44
runproj limit: 0.425
01000000001001000001000010001001000000100000000 0.39
runproj limit: 0.425
00000000000000000001000010000000000000000000000 0.45
runproj limit: 0.425
01101000000100000000000100001001001100000001000 0.42
runproj limit: 0.425
00101010001001100011011001001010101000001000000 0.448
runproj limit: 0.425
00110000011101010001010010000001000010100000010 0.44
runproj limit: 0.425
00001001000000000000101101000000000000000000000 0.442
runproj limit: 0.425
10000001001100001000100000001001000000110000000 0.468
runproj limit: 0.425
00101000000100000101101110101001101110111011000 0.432
runproj limit: 0.425
01000000000001000001000010001000000000000000000 0.455
runproj limit: 0.425
00100000000000000000000000000000000000000000000 0.438
runproj limit: 0.425
00001000000000000000001000001000000000000000000 0.435
runproj limit: 0.425
01101000000100000001010110001001001100101001000 0.425
runproj limit: 0.425
01100000010101011100000100000000000010000001000 0.438
runproj limit: 0.425
00000000000000000000000000000000000000000000000 0.43
runproj limit: 0.425
00000000000100000000000100000000000000000000000 0.445
best: 0.9069767441860466
runproj limit: 0.425
00101000000100000000010010000001001100001001000 0.44
runproj limit: 0.425
01100000000100000000000100001001000000100000000 0.442
runproj limit: 0.425
00100000010001001100000100000000000000000000000 0.418
runproj limit: 0.425
01100000010001001001000010001000000000000000000 0.412
runproj limit: 0.425
01000000001001000001000010001001000000100000000 0.425
runproj limit: 0.425
01101000001001000000000110001001000000100000000 0.445
runproj limit: 0.425
00100000000000000000000000000000000000000000000 0.418
runproj limit: 0.425
01000010001001100011010010001001001000001000000 0.432
runproj limit: 0.425
00100000000010000001010010000001000000000000001 0.438
runproj limit: 0.425
10110100000100000000100100001011000010001001100 0.385
runproj limit: 0.425
10000100101010001001000000000001100101100100010 0.472
runproj limit: 0.425
01111000100110010000000100011011100000000001010 0.453
runproj limit: 0.425
01101100000110110100010100000010111100100001100 0.468
runproj limit: 0.425
01000000001001000001000010001001000000100000000 0.418
runproj limit: 0.425
01100000100101000001000000001001000000100000000 0.43
runproj limit: 0.425
01101000000100000000000100001001001100000001000 0.418
runproj limit: 0.425
01101000000100000001010110001001001100101001000 0.432
runproj limit: 0.425
00001000100100000000000100001000000000000000000 0.455
runproj limit: 0.425
00000000000000000000000000000000000000000000000 0.43
runproj limit: 0.425
00101000000100000101101110101001101110111011000 0.427
best: 0.8953488372093024
runproj limit: 0.425
01101000000001000001010110001001001100101000000 0.43
runproj limit: 0.425
01101000000110000100010110001010011100100001100 0.452
runproj limit: 0.425
00100000010001000001000010001000000000000000000 0.44
runproj limit: 0.425
00101000000100000101101110101001101110111011000 0.44
runproj limit: 0.425
01101000000100000000000100001001001100000001000 0.457
runproj limit: 0.425
01101000100100000000000100001001000100100000000 0.42
runproj limit: 0.425
01100000000101000001001110001001001000111001000 0.455
runproj limit: 0.425
01101000100101000001000000001001000000000001000 0.425
runproj limit: 0.425
00110100010010100001100011111000001001010111000 0.462
runproj limit: 0.425
00101111101110000111000010101001001010100101111 0.44
runproj limit: 0.425
00111000000010000101010110001001000000010000111 0.44
runproj limit: 0.425
11101000001001001001100001000000110000000011100 0.45
runproj limit: 0.425
01000010000000100011000111111001001110000000101 0.455
runproj limit: 0.425
10110100000100000000100100001011000010001001100 0.45
runproj limit: 0.425
01100000010001001001000010001000000000000000000 0.428
runproj limit: 0.425
00100000010001001100000100000000000000000000000 0.442
runproj limit: 0.425
00100000000000000000000000000000000000000000000 0.448
runproj limit: 0.425
01000000001001000001000010001001000000100000000 0.43
runproj limit: 0.425
01101000000100000000000100001001001100000001000 0.45
runproj limit: 0.425
00101000000100000101101110101001101110111011000 0.435
best: 0.9767441860465116
runproj limit: 0.425
01000000000000000000000000000000000000000000000 0.418
runproj limit: 0.425
01101000100001100011000010001001001110000001000 0.413
runproj limit: 0.425
00111000000100000000000100001001000000001001000 0.43
runproj limit: 0.425
01101010101100000001000110101001001110100001110 0.455
runproj limit: 0.425
01101000010100001101001010101000000010001010000 0.448
runproj limit: 0.425
01101000000101001001100001001001110000000001100 0.427
runproj limit: 0.425
00101010101101000111000010001000000000100000001 0.458
runproj limit: 0.425
00101000100101000101000110001001000000010000110 0.425
runproj limit: 0.425
01100100100000000000010101101001011100111000000 0.475
runproj limit: 0.425
10100000001001000100100000101001000000000100001 0.45
runproj limit: 0.425
11001101000101000001000000111001010101011111110 0.42
runproj limit: 0.425
00001011000101000111100110010001101111111011111 0.43
runproj limit: 0.425
10111000010010011101010110101111000000010100100 0.438
runproj limit: 0.425
01101000100100000000000100001001000100100000000 0.415
runproj limit: 0.425
01101000100101000001000000001001000000000001000 0.415
runproj limit: 0.425
01100000010001001001000010001000000000000000000 0.46
runproj limit: 0.425
01101000000001000001010110001001001100101000000 0.402
runproj limit: 0.425
01000000001001000001000010001001000000100000000 0.442
runproj limit: 0.425
00101000000100000101101110101001101110111011000 0.44
runproj limit: 0.425
00100000010001000001000010001000000000000000000 0.462
best: 0.9348837209302326
runproj limit: 0.425
00101000000000000001111110001001101100101001000 0.44
runproj limit: 0.425
01101000000001000001000110001001001100001001000 0.44
runproj limit: 0.425
01101000100001000001010010001001001000100001000 0.452
runproj limit: 0.425
01101000100001100011000010001001001110000001000 0.438
runproj limit: 0.425
01001000100101000000000000000000000000000000000 0.448
runproj limit: 0.425
00100000000010010100000010001101000000000000100 0.47
runproj limit: 0.425
01101000010101000001000010001001000000000001000 0.448
runproj limit: 0.425
11001101000101000001100010111001110111011011110 0.43
runproj limit: 0.425
11100001100110010001010010000001000000100001011 0.457
runproj limit: 0.425
11001111000100100001000000010111010101010110100 0.448
runproj limit: 0.425
01111000000101100011000010010100001110000101000 0.438
runproj limit: 0.425
10101010100111000110000100011101011000000011001 0.46
runproj limit: 0.425
01101000100011110101000011110001101000100101100 0.478
runproj limit: 0.425
01101000000001000001010110001001001100101000000 0.44
runproj limit: 0.425
01101000100001100011000010001001001110000001000 0.428
runproj limit: 0.425
01101000100100000000000100001001000100100000000 0.45
runproj limit: 0.425
01101000100101000001000000001001000000000001000 0.405
runproj limit: 0.425
01000000000000000000000000000000000000000000000 0.442
runproj limit: 0.425
11001101000101000001000000111001010101011111110 0.44
runproj limit: 0.425
00101000100101000101000110001001000000010000110 0.418
best: 0.9418604651162792
runproj limit: 0.425
01001101000001000001000110011001111111101001110 0.448
runproj limit: 0.425
00101000100101000100000100000001000000010000100 0.448
runproj limit: 0.425
00101000000000000001111110001001101100101001000 0.425
runproj limit: 0.425
01101101000101000000000000001001010101110001100 0.425
runproj limit: 0.425
01100000100011100001000010000001001000100001000 0.425
runproj limit: 0.425
00101000000001100001011010001001101100100001000 0.437
runproj limit: 0.425
11101000000001000001100110101001101110101001000 0.435
runproj limit: 0.425
01001000000001000001000110001001011111001001010 0.448
runproj limit: 0.425
11101000100101100111011110011000011000011011011 0.452
runproj limit: 0.425
01011100000101001000001010000100011100000101000 0.465
runproj limit: 0.425
11101101000001001000110011001100110111010010111 0.455
runproj limit: 0.425
01110000111011001000000100101010111000101101010 0.452
runproj limit: 0.425
10000101010100110101000001010110000011010100000 0.407
runproj limit: 0.425
01101000100101000001000000001001000000000001000 0.445
runproj limit: 0.425
00101000100101000101000110001001000000010000110 0.435
runproj limit: 0.425
01101000100001100011000010001001001110000001000 0.442
runproj limit: 0.425
11001101000101000001100010111001110111011011110 0.455
runproj limit: 0.425
01111000000101100011000010010100001110000101000 0.418
runproj limit: 0.425
00101000000000000001111110001001101100101001000 0.45
runproj limit: 0.425
01101000000001000001000110001001001100001001000 0.41
best: 0.9465116279069767
runproj limit: 0.425
01001000000001000001000010001001001110000001010 0.442
runproj limit: 0.425
00101100010101100101000001011110000011010101000 0.43
runproj limit: 0.425
01100000100011000101000010000001000000010000100 0.46
runproj limit: 0.425
00101000100000000001011010001001101000000001000 0.425
runproj limit: 0.425
01011000000001001001001110000101011100000001000 0.448
runproj limit: 0.425
01111000000001100001010010001100101110000001000 0.445
runproj limit: 0.425
01101000010001000000000100101010011001111001010 0.435
runproj limit: 0.425
00101000000101000001000110001001000000011001010 0.442
runproj limit: 0.425
00001000110001000001110110011111001000000010010 0.413
runproj limit: 0.425
01001001101011110001110110101001101101001100100 0.45
runproj limit: 0.425
10100001010101100111000000011001010010110000101 0.455
runproj limit: 0.425
00001000000000110100101100001111101000101000010 0.44
runproj limit: 0.425
10101000100000011100000110011011000010010100100 0.418
runproj limit: 0.425
10000101010100110101000001010110000011010100000 0.442
runproj limit: 0.425
01101000000001000001000110001001001100001001000 0.44
runproj limit: 0.425
01111000000101100011000010010100001110000101000 0.44
runproj limit: 0.425
00101000000000000001111110001001101100101001000 0.44
runproj limit: 0.425
01101101000101000000000000001001010101110001100