Optimizing /data/dan/nofib/spectral/power
>>>>>>>>>>>>>>>START OPTIMIZATION>>>>>>>>>>>>>>>
pop: 13
gens: 15
arch: 7
limit is: 0.81
runproj limit: 0.81
"All is well :D"
Basetime is: 0.815
runproj limit: 0.81
"timed out"
01000000000000000000100000000000000000000000100000000010000000001010000000100110000000000000000000000000000001000000001001000000000000000000010001001010000000100110100001100000000 1.63
runproj limit: 0.81
00100000001000000001000000000011000000000000000000000000000000010010000000000000000000000000000000000000001000000010000001000000000000010000000000000000000000100000100000000000000 0.86
runproj limit: 0.81
00000000000100000010000010011010000000000000110000010000100000000000000000001000001000000000000000010000001000010001001100000001000000000000100000000010000000010000110000000000000 0.81
runproj limit: 0.81
"timed out"
00000000000100000010000010100000000010100100000000010000000001100000000010000000000000000000000000010000010000000000000001000100000000000000000000000000100000000001000000000001000 1.63
runproj limit: 0.81
"timed out"
00000000000000000000000001000110000000001001000001100000000000000000000000000000000000000100010001000000000000000000000000000100001000000000001001000000010000000000010000000010000 1.63
runproj limit: 0.81
"timed out"
00100000100100000000000100001000000000000000000010000000000000001100000001000000000010000000000101000000000000010000010010000100100010000000000000100010000000000000010000001000000 1.63
runproj limit: 0.81
"timed out"
10000000000000000000000000110001010100001000000100000001000001000000101000000000000001010000000000000000110000001000000000000010100000010010000000000000100000000000000001001001000 1.63
runproj limit: 0.81
"timed out"
01000000000011000000001000000000000000000000001000000100000010100000000000000000000100110000100001000000010000000010100000000000000000000001000010001001000000100100000000010000000 1.63
runproj limit: 0.81
"timed out"
00001000000000000000001000001000000000000000000001000001000000001000001001000000000000000001000000000000000101000001000000000000000000000000001001000100010010001100100000001001000 1.63
runproj limit: 0.81
00000000000000000000000000000000000000000000000000000000000000000000000000000000000000000000000000000000000000000000000000000000000000000000000000000000000000000000000000000000000 0.768
runproj limit: 0.81
00000100000000001000000000000000000010100000000000000000000010110000000000001000001111000000100000000100000010000000000000100010000010000010000000000000000000100100000000001000000 0.7
runproj limit: 0.81
"timed out"
00001000000010000000000100000001000000000010000000000000000000000100000010000000000000000000000000000100001000000000000000100000000000000000000001000010010000100000000010011000100 1.63
runproj limit: 0.81
"timed out"
00000000000000000000000000001000000000000000010000000000000000110001100000100100000000000000000100001000100011000000000000000100000010000000000000010000010000010000000000100000100 1.63
best: 0.8588957055214724
runproj limit: 0.81
"timed out"
00000100000000000000000000000100000010001000000001000000000000100000000000000000000101000100010000000100000000000000000000000110001010000010000000000000010000000100000000001010000 1.63
runproj limit: 0.81
"timed out"
00000000000100000000000010011001000000000000110000010000000000000000101000000000000001010000000000010000010000000001001100000001000000000000100000000000100000000000100001001000000 1.63
runproj limit: 0.81
"timed out"
01000000000000000000000000000000000000000000000000000000000000001000000000000110000000000000000000000000000001000000001001000000000000000000010001000010000000000110000001100000000 1.63
runproj limit: 0.81
"timed out"
00000000000000000000000010001010000000000000010000010000000000010000000000000100001000000000000100001000000001000001001100000001000000000000100000000010000000010000110000000000100 1.63
runproj limit: 0.81
"timed out"
10100000000000000001000000110001000100001000000000000000000001000000001000000000000001010000000000000000110000000000000001000000000000010000000000000000100000100000000001000000000 1.63
runproj limit: 0.81
"timed out"
10001000000000000000001000011001010100000000000101000001000001001000101000000000000000000001000000000000010100001000000000000010000000010000001000000100010010000100100001001001000 1.63
runproj limit: 0.81
"timed out"
01000000000000001000000000000000000010100000000000000100000010100000000000000000001100100000100001000100000000000010000000000000000010000011000000001000000000100100000000010000000 1.63
runproj limit: 0.81
"timed out"
10000000000000000000000000010000010100001000000101000000000000000000101000000000000001000100010001000000100000000000000000000100101000000010000000000000100000000000000000000000000 1.63
runproj limit: 0.81
"timed out"
00000000000011001010000100011000000000100000100001010111101010000000100011001100001000110001000010011000101010010101001000101001001000000000100010000111000000010010010101000011000 1.63
runproj limit: 0.81
"timed out"
00000100000010010110011001000111011110001000010100100000000100000000000000000000000110101100111001000001000000100001000010010000001100000001101000100000010000100001000100000010011 1.63
runproj limit: 0.81
"timed out"
00001100110001100111100001010000000100100000110000001011001000001010001000000110001010100001001001011001001001000000001011100010001000110000001001001011001000100110100001110010010 1.63
runproj limit: 0.81
"timed out"
01100100000110000101001100010000100000000000000001010100010001101100000101000010001011000001010101101000001111010001000110000100100010110010010001101010000000000100011010001000000 1.63
runproj limit: 0.81
"timed out"
01100001001000001100000000010000001010000000010111111100000010110000000100001000001111010001111110011100010010000010000001101010000010000011000000000000011000110100000000111000001 1.63
runproj limit: 0.81
00000100000000001000000000000000000010100000000000000000000010110000000000001000001111000000100000000100000010000000000000100010000010000010000000000000000000100100000000001000000 0.702
runproj limit: 0.81
00000000000000000000000000000000000000000000000000000000000000000000000000000000000000000000000000000000000000000000000000000000000000000000000000000000000000000000000000000000000 0.805
runproj limit: 0.81
00000000000100000010000010011010000000000000110000010000100000000000000000001000001000000000000000010000001000010001001100000001000000000000100000000010000000010000110000000000000 0.718
runproj limit: 0.81
00100000001000000001000000000011000000000000000000000000000000010010000000000000000000000000000000000000001000000010000001000000000000010000000000000000000000100000100000000000000 0.78
runproj limit: 0.81
"timed out"
01000000000000000000100000000000000000000000100000000010000000001010000000100110000000000000000000000000000001000000001001000000000000000000010001001010000000100110100001100000000 1.63
runproj limit: 0.81
"timed out"
00000000000100000010000010100000000010100100000000010000000001100000000010000000000000000000000000010000010000000000000001000100000000000000000000000000100000000001000000000001000 1.63
runproj limit: 0.81
"timed out"
00000000000000000000000001000110000000001001000001100000000000000000000000000000000000000100010001000000000000000000000000000100001000000000001001000000010000000000010000000010000 1.63
best: 0.8613496932515338
runproj limit: 0.81
"timed out"
00100000000000000000000000010000000110000000000000000100000011100000001000000000000001110000000001000000110000000010000001000000000010000011000000001000100000100000000001000000000 1.63
runproj limit: 0.81
"timed out"
01000100000100000000000000000000100010000000000001000100010011110000000101000010001011000000110101101100001010010000000000100010000010000010010000100000000000000100000000001000000 1.63
runproj limit: 0.81
"timed out"
00000100100000100111000001000011000100100000110000000000001000011010000000000000000010000001000000011001001001000010000001000010001000110000001001000011000000100100100001010010010 1.63
runproj limit: 0.81
"timed out"
000000000000000000000000000000000000000010000000000000000000000000000010000000000000010000000000000000000100warning: dubious run time results for power: [1.03,0.7,0.66999996,0.66999996]
warning: dubious mut time results for power: [0.36,0.26,0.25,0.25]
warning: dubious GC time results for power: [0.67,0.44,0.42,0.42]
warning: dubious run time results for power: [1.03,0.7,0.66999996,0.66999996]
warning: dubious mut time results for power: [0.36,0.26,0.25,0.25]
warning: dubious GC time results for power: [0.67,0.44,0.42,0.42]
00000000000000000000000000000000000000000000100000100000000000000000000 1.63
runproj limit: 0.81
00000100000100000010000010011010000010000000000000010000000000100000000000001000001110000000000000010000001000000000000000100010000000000010100000000000000000100100110000000000000 0.708
runproj limit: 0.81
"timed out"
00000000000000000010000010011010000000000000110000010000100000000000000000000100001000000000000100001000001000000001001100000001000000000000100000000010000000010000110000000000100 1.63
runproj limit: 0.81
"timed out"
00000000000001000010000000010000000000100000100000000111000000000000000000000100001000000001000000000000000010000101001000101000000000000000000010000000000000000010010101000001000 1.63
runproj limit: 0.81
"timed out"
00100100000010000101001101010111000010000000010001110100010000000000000000000010000110100100111001101000000000010001000110010100100110110010000001101000010000000000001100000000010 1.63
runproj limit: 0.81
"timed out"
00100000001000100000010001000001000000010011100110000001001000010010001101011011000000100000000010000111000101100110101001100011010100010110000000001000000010100100000000001010010 1.63
runproj limit: 0.81
"timed out"
00010100000100001100100000010001000010000000011000000010001011010101000101001001011110000000101011010101000110001010001100000010011000000011001010000001000000100100011101001000000 1.63
runproj limit: 0.81
"timed out"
11110100000011110101101100010110100000110001001000011101100011000110100001000011101101101001000100101010000011000011100110000000100010111010100000100010101001001000001100010111001 1.63
runproj limit: 0.81
"timed out"
01010100010001011101101110010000111110100001010000010000110000101100001111000010000110000001011000011010011010010001100000000101000000010100100000101101000001100100111010000000000 1.63
runproj limit: 0.81
"timed out"
00010000000001010000011001001110011001100101000000001000100010100001010001101110011111000100101000101001011010010001001000100010010010001110001000100100001010100100000001101100100 1.63
runproj limit: 0.81
00000100000000001000000000000000000010100000000000000000000010110000000000001000001111000000100000000100000010000000000000100010000010000010000000000000000000100100000000001000000 0.738
runproj limit: 0.81
00000000000100000010000010011010000000000000110000010000100000000000000000001000001000000000000000010000001000010001001100000001000000000000100000000010000000010000110000000000000 0.703
runproj limit: 0.81
00100000001000000001000000000011000000000000000000000000000000010010000000000000000000000000000000000000001000000010000001000000000000010000000000000000000000100000100000000000000 0.87
runproj limit: 0.81
00000000000000000000000000000000000000000000000000000000000000000000000000000000000000000000000000000000000000000000000000000000000000000000000000000000000000000000000000000000000 0.825
runproj limit: 0.81
"timed out"
00000100000000000000000000000100000010001000000001000000000000100000000000000000000101000100010000000100000000000000000000000110001010000010000000000000010000000100000000001010000 1.63
runproj limit: 0.81
"timed out"
00000000000100000000000010011001000000000000110000010000000000000000101000000000000001010000000000010000010000000001001100000001000000000000100000000000100000000000100001001000000 1.63
runproj limit: 0.81
"timed out"
01000000000000000000000000000000000000000000000000000000000000001000000000000110000000000000000000000000000001000000001001000000000000000000010001000010000000000110000001100000000 1.63
best: 0.8625766871165644
runproj limit: 0.81
"timed out"
00000000000100100000000001000011000000010000110010010001101000000000001000001001000000100000000010000110001100100000101101000001000100010100100000001000000010010100010000000000010 1.63
runproj limit: 0.81
"timed out"
01000000000000000000000000000000000000001000000000000000000000000000001000000000000001000000000000000000010000000000000000000000000000000000010001000010100000000110000000100000000 1.63
runproj limit: 0.81
00000000000100000000000010011001000000000000110000010000000000000000001000000000001000000000000000010000001000000001001100000001000000000000100000000000000000010000110001000000000 0.882
runproj limit: 0.81
00000100000000101011000000000001000000100000010000000000001000111000000000000000000010000001000000000001000010000010000000100010001000100000001000000010000000100100100000010000000 0.725
runproj limit: 0.81
"timed out"
00000000000001000000000000000000000000000000100000000101000000000000000000000000001000000000000000000000000000000001000000000000000000000000000000000000000000000010010100000001000 1.63
runproj limit: 0.81
"timed out"
00000000000100000010000010000000000000000000110000000000100000000000000000000110001000000000000000010000001001010001001100000000000000000000010000000010000000000110110001100000000 1.63
runproj limit: 0.81
"timed out"
00100000001000000001000000000011000000010010000100000000001000010010001100000011000000000000000010000100001101100110000001100011010100010010000000000000000000100000000000000000010 1.63
runproj limit: 0.81
"timed out"
00000100000100000010000010001100000010000000000001000000000000100000000000000000001100000000010000010100000000000000000000100110000010000010100000000000010000000100100000001000000 1.63
runproj limit: 0.81
"timed out"
00000000000001000010000000110000100000100100100000000111101010010000000100100111111110100111000011101000000010001101001001101011100001010010000110000000000101001010010001001000101 1.63
runproj limit: 0.81
"timed out"
01101000000010000000010000001000001110101001000000000101100001101001011000110000001011110010101001110110110001100010110011010000000010000011000010010001100000100010000001000010000 1.63
runproj limit: 0.81
"timed out"
01100100110001111011000001000011000110100001110010011010011000001010110100001010100001010001000000111000000001001011000011100001001010000011001011001011000110001100010001011010100 1.63
runproj limit: 0.81
"timed out"
11100101000011100101110101110111100010100001011000001101100111010110100000010000101101101101010100111001010001100111101110000001100001111010110000110010000000001000011000110001000 1.63
runproj limit: 0.81
"timed out"
01000100000000001001101011011111101010100001010000010001110000000000001111000011000111001001011000001011010110011101100000010010001001110110001101100101110001100100000010010110111 1.63
runproj limit: 0.81
00000000000100000010000010011010000000000000110000010000100000000000000000001000001000000000000000010000001000010001001100000001000000000000100000000010000000010000110000000000000 0.708
runproj limit: 0.81
00000100000100000010000010011010000010000000000000010000000000100000000000001000001110000000000000010000001000000000000000100010000000000010100000000000000000100100110000000000000 0.7
runproj limit: 0.81
00000100000000001000000000000000000010100000000000000000000010110000000000001000001111000000100000000100000010000000000000100010000010000010000000000000000000100100000000001000000 0.768
runproj limit: 0.81
00000000000000000000000000000000000000000000000000000000000000000000000000000000000000000000000000000000000000000000000000000000000000000000000000000000000000000000000000000000000 0.773
runproj limit: 0.81
00100000001000000001000000000011000000000000000000000000000000010010000000000000000000000000000000000000001000000010000001000000000000010000000000000000000000100000100000000000000 0.855
runproj limit: 0.81
"timed out"
00100000000000000000000000010000000110000000000000000100000011100000001000000000000001110000000001000000110000000010000001000000000010000011000000001000100000100000000001000000000 1.63
runproj limit: 0.81
"timed out"
01000100000100000000000000000000100010000000000001000100010011110000000101000010001011000000110101101100001010010000000000100010000010000010010000100000000000000100000000001000000 1.63
best: 0.8588957055214724
runproj limit: 0.81
00000100000000001000000000000000000010000000000000000000000000010000000000001000001110000000100000000000000010000000000000100010000000000000000000000000000000000000000000001000000 0.735
runproj limit: 0.81
"timed out"
00000100000100000001000000000001000010010010000101000100010001110000000100000011000011000000110100000100001001000010000000100010000010000010000000100000000000000000000000001000010 1.63
runproj limit: 0.81
00000000000100000010000010011010000000000000110000010000100000000000000000001000001000000000000000010000001000010001001100000001000000000000100000000010000000010000110000000000000 0.762
runproj limit: 0.81
01000100000100000011000000000001000000000000000000000000000000111000000100000010001011000001110100101001000010010010000000100010001010100000000000100010000000100100100000001000000 0.692
runproj limit: 0.81
"timed out"
00000100000101000010000000110000100010100100000001000111000000100000000100000001111110000010000001000100000010000101000001101110100000000010000000000000000001001000010000001000100 1.63
runproj limit: 0.81
00000000000100000000000000011000000110000000000000000100000000100000000000000000000010110000000000000000100000000010000000100010000010000010100000001000000000100100000000000000000 0.91
runproj limit: 0.81
"timed out"
10100100000100000011010000111110000010100001001000011101100011010110100000010000101100100001010000011000011000100001101100100011000001011010100000000000000000101100110000000001000 1.63
runproj limit: 0.81
01000100000000100011000000000000000000100000010000000000000000111000001000000000000001000000000000000001000010000000000000000000000000100000000001000010000000100100100000100000000 0.652
runproj limit: 0.81
"timed out"
00100110001001001000010001000011101000101000010000000001000101011000000000110001010111001011000000000001100000001110001000100000010000101010011011100001100010110110001100010000001 1.63
runproj limit: 0.81
"timed out"
01010000011000010001010000000011000010010010010111001011001110010011000000000011010101000111000000010110101101000110111001100011000000100010001010000110001000000100001110000000000 1.63
runproj limit: 0.81
"timed out"
00001101000100000010101111011010000010000000000000000100000001001011000000101000000111010000001001010010011100101000100000010011100000011010110000100010000100100110011000000001000 1.63
runproj limit: 0.81
"timed out"
10000001001000001000100000010001000000010000110001110000010000100000001110000010101001100000000010011100101100011100001100010001001001000010101001000001000010010001100001010100000 1.63
runproj limit: 0.81
"timed out"
01000000000100100100111001100011100010000010110010100101001100000000001000101011110000110000101010000111101000010100101101110000100101000110101111001001000000000100010101000000111 1.63
runproj limit: 0.81
00000100000100000010000010011010000010000000000000010000000000100000000000001000001110000000000000010000001000000000000000100010000000000010100000000000000000100100110000000000000 0.748
runproj limit: 0.81
00000000000100000010000010011010000000000000110000010000100000000000000000001000001000000000000000010000001000010001001100000001000000000000100000000010000000010000110000000000000 0.732
runproj limit: 0.81
00000100000000101011000000000001000000100000010000000000001000111000000000000000000010000001000000000001000010000010000000100010001000100000001000000010000000100100100000010000000 0.7
runproj limit: 0.81
00000100000000001000000000000000000010100000000000000000000010110000000000001000001111000000100000000100000010000000000000100010000010000010000000000000000000100100000000001000000 0.748
runproj limit: 0.81
00000000000000000000000000000000000000000000000000000000000000000000000000000000000000000000000000000000000000000000000000000000000000000000000000000000000000000000000000000000000 0.8
runproj limit: 0.81
00100000001000000001000000000011000000000000000000000000000000010010000000000000000000000000000000000000001000000010000001000000000000010000000000000000000000100000100000000000000 0.84
runproj limit: 0.81
00000000000100000000000010011001000000000000110000010000000000000000001000000000001000000000000000010000001000000001001100000001000000000000100000000000000000010000110001000000000 0.875
best: 0.8
runproj limit: 0.81
00000000000000001000000000001000000010000000010000000000100000100000000000001000001100000000000000000000001010010000001000000000000000000010000000000000000000100000100000001000000 0.73
runproj limit: 0.81
"timed out"
00000100000100100011000000110000100010100100000000000010000000100000001000000001001111000000000000000000000010000101000000001110000000100010000000000010000001001100110000100000100 1.63
runproj limit: 0.81
00000000000100000000000000000010000000000000110000010000100000000000000000000000000000000000000000010000001000010001000000000001000000000000000000000010000000010000100000000000000 0.905
runproj limit: 0.81
00000000000000000010000000000010000000000000100000010000000000000000000000000000001000000000000000010000001000000001000000000001000000000000000000000000000000010000110000000000000 0.812
runproj limit: 0.81
00000000000000000000000000000000000100000000000000000000000000100000000000000000000010010000000000000000000000000010000000100000000010000000000000000000000000000000000000000000000 0.8
runproj limit: 0.81
01000100000100100011000000000001000000000000000000000000000000111000001000000000001011000000000100101001000010010000000000000000001010100000000000000010000000100100100000100000000 0.708
runproj limit: 0.81
"timed out"
10000100000100000010000010111010000000000000111000011100100001000100000000000000101100100000000000011000001000110001001100100011000001010000100000000000000000001000110000000001000 1.63
runproj limit: 0.81
"timed out"
00000001000100000000000010011001000000010000110001010000000000100000001100000010001000000000000010011100001000001101001100000001001000000010100000000001000010010000110001010100000 1.63
runproj limit: 0.81
"timed out"
00000000001010000000010010000010000000000000001001011000100010010011001001000000001000100000000000100010100001100011000011000000001101010001010100100010110101100010100100010000000 1.63
runproj limit: 0.81
"timed out"
10110100000100000000100010010010000010001001010000001011000100010100101110000100001000010000000000010000000101000001101111010001010001000101100010010100000000110001010100000101001 1.63
runproj limit: 0.81
"timed out"
11000100100111001000000010010000100011000100010100010100101111000110100101000000001010110000000001001110100101000010000000000011110110000110111001001100110100101001000100000000000 1.63
runproj limit: 0.81
"timed out"
01010100100010110011000000010010101100100000000000000000110101111101001010100000010001001101100001110000100010100000000000001011000011100011000101100010000010100111000000110101011 1.63
runproj limit: 0.81
"timed out"
01000000000010010111010000001011110000000000110101010011000001101010010001001000001001100000010100010100010011010001100010000011001010100000010110101110010101010100000000110000010 1.63
runproj limit: 0.81
01000100000000100011000000000000000000100000010000000000000000111000001000000000000001000000000000000001000010000000000000000000000000100000000001000010000000100100100000100000000 0.652
runproj limit: 0.81
01000100000100000011000000000001000000000000000000000000000000111000000100000010001011000001110100101001000010010010000000100010001010100000000000100010000000100100100000001000000 0.698
runproj limit: 0.81
00000100000000101011000000000001000000100000010000000000001000111000000000000000000010000001000000000001000010000010000000100010001000100000001000000010000000100100100000010000000 0.698
runproj limit: 0.81
00000000000100000010000010011010000000000000110000010000100000000000000000001000001000000000000000010000001000010001001100000001000000000000100000000010000000010000110000000000000 0.725
runproj limit: 0.81
00000100000000001000000000000000000010000000000000000000000000010000000000001000001110000000100000000000000010000000000000100010000000000000000000000000000000000000000000001000000 0.732
runproj limit: 0.81
00000100000100000010000010011010000010000000000000010000000000100000000000001000001110000000000000010000001000000000000000100010000000000010100000000000000000100100110000000000000 0.718
runproj limit: 0.81
00000100000000001000000000000000000010100000000000000000000010110000000000001000001111000000100000000100000010000000000000100010000010000010000000000000000000100100000000001000000 0.735
best: 0.8
runproj limit: 0.81
01000100000000100000000000000001000000000000000000000000000000111000001000000000000011010000000100101001000000010010000000000000000010100000000000000000000000100000100000000000000 0.645
runproj limit: 0.81
01000000000010000111010010011011010000000000110001010001000001001010000001001000001001000000010100010000000010010001000000000011001000100000110110101110010100010100010000100000000 0.642
runproj limit: 0.81
10000100000100000010000000010010000000000000100000011100100001000000000000000000101100000000000000011000001000110001000100000011000000000000100000000000000000000000110000000000000 0.692
runproj limit: 0.81
00000100000100101011000000000001000000100000000000000000000000110000000000001000001111000000000000100000000010000000000000000010000010000010000000000010000000100100000000100000000 0.748
runproj limit: 0.81
00000100000000101011000000000001000000100000010000000000001000111000000000000000000010000001000000000001000010000010000000100010001000100000001000000010000000100100100000010000000 0.705
runproj limit: 0.81
00000100000000000011000000000001000000000000010000000000001000111000000100000010000011000001000000001001000010010010000000100010001000100000001000000010000000100100100000001000000 0.642
runproj limit: 0.81
01000100000100100011000000000000000000000000010000000000000000111000001000000010000011000001100100101001000010000010000000000010000000100000000001100010000000100100100000100000000 0.708
runproj limit: 0.81
01000100000100000011000000000001000000100000010000000000000000111000000000000010001011000001010100000001000010010010000000100010001010100000000000100010000000100100100000001000000 0.685
runproj limit: 0.81
01010100000011100000100001111000001011010111010100000001100000000001000000010010001100110100101000000001100110010100001001010010100000000010001000000000110000000000100000111010000 0.8
runproj limit: 0.81
"timed out"
01101111100111000110000000100000001110000101111001000001011000110001000100101101000010100001001000000000010001010100000001100000000000000100000000001000000001000000101011000101000 1.63
runproj limit: 0.81
"timed out"
00011100000000001100000100001000000010010000110010010100000100010100001100001000111110001100101000000011010010001001110110010011000000100000010001100010111000000011100000001000000 1.63
runproj limit: 0.81
"timed out"
10001000011000000010100011001010110000000011000010010100001100000101101110001001011000011010100000011111000101110100000010000100000001000010110111000000001010010000101001111001100 1.63
runproj limit: 0.81
"timed out"
00000001001101000000010111101001000110011000011001111000000001000000001100110111000101000101001000011101001100100101001101000000011000000110110001110000000000100001110100110110100 1.63
runproj limit: 0.81
01000100000000100011000000000000000000100000010000000000000000111000001000000000000001000000000000000001000010000000000000000000000000100000000001000010000000100100100000100000000 0.665
runproj limit: 0.81
01000100000100000011000000000001000000000000000000000000000000111000000100000010001011000001110100101001000010010010000000100010001010100000000000100010000000100100100000001000000 0.695
runproj limit: 0.81
00000100000000101011000000000001000000100000010000000000001000111000000000000000000010000001000000000001000010000010000000100010001000100000001000000010000000100100100000010000000 0.715
runproj limit: 0.81
01000100000100100011000000000001000000000000000000000000000000111000001000000000001011000000000100101001000010010000000000000000001010100000000000000010000000100100100000100000000 0.677
runproj limit: 0.81
00000100000100000010000010011010000010000000000000010000000000100000000000001000001110000000000000010000001000000000000000100010000000000010100000000000000000100100110000000000000 0.732
runproj limit: 0.81
00000000000100000010000010011010000000000000110000010000100000000000000000001000001000000000000000010000001000010001001100000001000000000000100000000010000000010000110000000000000 0.698
runproj limit: 0.81
00000000000000001000000000001000000010000000010000000000100000100000000000001000001100000000000000000000001010010000001000000000000000000010000000000000000000100000100000001000000 0.718
best: 0.7877300613496934
runproj limit: 0.81
01000100000100100011000000000001000000000000010000000000000000111000001000000000000011000000000100101001000010010010000000000010001000100000000000100010000000100100100000100000000 0.685
runproj limit: 0.81
00000100000000101011000000000001000000100000010000000000001000111000000000000000001010000001010000000001000010010010000000100010001000100000001000000010000000100100100000000000000 0.715
runproj limit: 0.81
01000000000100000011000010010010000000000000110000000000100000111000001000001000001001000000000000010001000000010001000000000000000000000000100001000010000000010000100000100000000 0.66
runproj limit: 0.81
"timed out"
00101010100100000010000000100010000010000001110000000001000000010001000000101100000000100000000000000000011000010000000100000000000000000000100000000010000001010000111010000101000 1.63
runproj limit: 0.81
01000100000100000011000010001001000000000000000000000000000000100000000000001000001010000001110000101001000010010001001000100011001010100000100000100010000000100000110000000000000 0.735
runproj limit: 0.81
01000100000100100011000000000001000000100000010000000000000000111000000000000010000011000001010100100001000010010010000000000010000000100000000001100010000000100100100000001000000 0.7
runproj limit: 0.81
"timed out"
01001110100100000110000000000001000100000000001001000000011000111000000000001001000011000000001000000000010000010110000001000000000000000000000000000000000001000000101001000100000 1.63
runproj limit: 0.81
00000100000100101011000000000001000000100000010000000000000000111000000000000000001011000001010100000001000010010010000000100010001010100000001000100010000000100100100000011000000 0.688
runproj limit: 0.81
"timed out"
00001000000100000011010001100001011000011000010000011001001101101011000000001000010011011011000001001011100010011010000000000010011010100001011111010110000100110110110001101000000 1.63
runproj limit: 0.81
"timed out"
11100100000100000111100000111010000010100100001000010010100000100100100100000000001110011000000010111000101001100110001001000111001000000000000100001000000000010011110000010010110 1.63
runproj limit: 0.81
"timed out"
11100001100100100011000000110001010101011110110011100101100100111000011001010101001010010001100100100001100000110000100110100001001010011001000010000010000000010100100001101010000 1.63
runproj limit: 0.81
"timed out"
00100111000101101001001000111001000001100000111000010100111000100000100000011000011101110000100000111000000010011000000000001011000010000010010100000000000000101100000100100000000 1.63
runproj limit: 0.81
"timed out"
11010100010011111000100001011110001011010011001100001001000001000001100100110011101100110010101100000011101111010100101000110010110001000011000000100100001001000001100000110010001 1.63
runproj limit: 0.81
01000000000010000111010010011011010000000000110001010001000001001010000001001000001001000000010100010000000010010001000000000011001000100000110110101110010100010100010000100000000 0.635
runproj limit: 0.81
00000100000000000011000000000001000000000000010000000000001000111000000100000010000011000001000000001001000010010010000000100010001000100000001000000010000000100100100000001000000 0.66
runproj limit: 0.81
01000100000000100000000000000001000000000000000000000000000000111000001000000000000011010000000100101001000000010010000000000000000010100000000000000000000000100000100000000000000 0.615
runproj limit: 0.81
01000100000000100011000000000000000000100000010000000000000000111000001000000000000001000000000000000001000010000000000000000000000000100000000001000010000000100100100000100000000 0.645
runproj limit: 0.81
01000100000100100011000000000001000000000000000000000000000000111000001000000000001011000000000100101001000010010000000000000000001010100000000000000010000000100100100000100000000 0.713
runproj limit: 0.81
01000100000100000011000000000001000000100000010000000000000000111000000000000010001011000001010100000001000010010010000000100010001010100000000000100010000000100100100000001000000 0.73
runproj limit: 0.81
10000100000100000010000000010010000000000000100000011100100001000000000000000000101100000000000000011000001000110001000100000011000000000000100000000000000000000000110000000000000 0.698
best: 0.7546012269938651
runproj limit: 0.81
01000100000000100011000000000000000000100000010000000000000000111000001000000000001011000000000000101001000010000000000000000000001000100000000000000010000000100100100000100000000 0.63
runproj limit: 0.81
01000100000000100011000000000001000000100000010000000000000000111000000000000000001000000001010000000001000010010010000000000010000000100000001001000010000000100100100000100000000 0.625
runproj limit: 0.81
00000100000000000011000000000001000000100000010000000000000000111000000000000010000011000001000000001001000010010000000000100010000000100000000001000010000000100100100000000000000 0.648
runproj limit: 0.81
00000100000100100011000000000001000000100000010000000000000000111000000000000000001011000000010000100001000010010010000000000010001000100000001000100010000000100100100000000000000 0.692
runproj limit: 0.81
00000100000000100011000000000001000000000000010000000000001000111000000000000000000011000000000100101001000010010010000000000010001000100000001000100010000000100100100000000000000 0.655
runproj limit: 0.81
"timed out"
01000100000010110000000001001100000000000011001100000001000001101000100100000010100010110010101100001011101001010100100000000000100001100010000000100100000000000001100000000010000 1.63
runproj limit: 0.81
00000100000000000000000000000001000000000000000000000000001000111000001100000000000011010001000100101001000010010010000000100010000010100000000000000000000000100000100000000000000 0.63
runproj limit: 0.81
"timed out"
11100000100100100011000000100001010101011000010000100000100100111000011001000010001011000001100100100001100010110010000100100011001010100001000000000010000000000100100000001010000 1.63
runproj limit: 0.81
"timed out"
10001101000011010011010010001001000000100000001100000100001000110100001110110111000011000000001101000010000010010010010000100000001000000000001000000011001000100000100000001100000 1.63
runproj limit: 0.81
"timed out"
11100110000101100111100000010100000010101101011100010010101000101110000111000000000110011010000010110010101001100110001001010011001010010100010101001001000100010111110000000010010 1.63
runproj limit: 0.81
"timed out"
01010000100000000011000010001111000000000100110010010000000010111000001001100011100101000001100010000110000000111011100010100000000011000100101001100010001000010100101001101000000 1.63
runproj limit: 0.81
"timed out"
00000100001110000011000110000111011000100011100001011000100001100010000100110010101100100010000000010010010110110011000000000011000011000110100000000010001000000101111010100010000 1.63
runproj limit: 0.81
"timed out"
10000100000110010100000001101010100110100100000100110010110111000010000001000000101100000000000100011010000100111000000100001011000000010000100011100010000010000100110000010100001 1.63
runproj limit: 0.81
01000100000000100000000000000001000000000000000000000000000000111000001000000000000011010000000100101001000000010010000000000000000010100000000000000000000000100000100000000000000 0.635
runproj limit: 0.81
01000000000010000111010010011011010000000000110001010001000001001010000001001000001001000000010100010000000010010001000000000011001000100000110110101110010100010100010000100000000 0.635
runproj limit: 0.81
01000100000000100011000000000000000000100000010000000000000000111000001000000000000001000000000000000001000010000000000000000000000000100000000001000010000000100100100000100000000 0.65
runproj limit: 0.81
01000000000100000011000010010010000000000000110000000000100000111000001000001000001001000000000000010001000000010001000000000000000000000000100001000010000000010000100000100000000 0.732
runproj limit: 0.81
00000100000000000011000000000001000000000000010000000000001000111000000100000010000011000001000000001001000010010010000000100010001000100000001000000010000000100100100000001000000 0.65
runproj limit: 0.81
01000100000100100011000000000001000000000000010000000000000000111000001000000000000011000000000100101001000010010010000000000010001000100000000000100010000000100100100000100000000 0.695
runproj limit: 0.81
00000100000100101011000000000001000000100000010000000000000000111000000000000000001011000001010100000001000010010010000000100010001010100000001000100010000000100100100000011000000 0.68
best: 0.7668711656441718
runproj limit: 0.81
01100000000000100001000000000001010001001000010000000000000000111000001001000000000011000000000100100001000010010010000100000000000010100001000000000000000000000100100000000010000 0.635
runproj limit: 0.81
01000100000000100011000000000001000000100000010000000000001000111000000000000000001000000000010000000001000010010010000000000010000000100000001001000010000000100100100000100000000 0.662
runproj limit: 0.81
01000100000000100011000000000000000000100000010000000000000000111000001000000000001011000000000000101001000010000000000000000000001000100000000000000010000000100100100000100000000 0.67
runproj limit: 0.81
00000100000000100011000000000000000000100000010000000000000000111000000000000000000011000000000000001001000010010010000000100000001000100000001001000010000000100100100000001000000 0.645
runproj limit: 0.81
"timed out"
01001100000010000111010010001001000000100000010100010101000001110100001110100100001001000000010101010000000010010000010000100011001000000000011110100110001000110100100000101000000 1.63
runproj limit: 0.81
00000000000000000100000010001011000000000000000000010001001000001010001100001000000011000001010100001001000010010000000000100011001000100000100000100110000100010000110000000000000 0.642
runproj limit: 0.81
00000100000000100011000000000001000000100000010000000000001000111000000000000000000011000000000100101001000010000000000000000010001000100000001000000010000000100100100000000000000 0.652
runproj limit: 0.81
01000100000000100010000000000001000000000000010000000000000000111000001000000000000011000000000100101001000000010010000000000000001000100000000000000010000000100100100000100000000 0.655
runproj limit: 0.81
"timed out"
11000100000100001001011000010000011000101011111110110000001000111110011010010000111011001101100110000011100010010011111000100011011000101010001100100010000000100100010000111010000 1.63
runproj limit: 0.81
"timed out"
11000010000101001100101000000100010000101101011100110011111000111010001011000001010100011100010011111010011001100110000010000011110001001110010011001000100110000100110000101110010 1.63
runproj limit: 0.81
"timed out"
01110000100100001010010011111010000000001101111010110010001111011000101000101011000001010101001011101011010000110010101111110001100111000100111001110010001000010100011101101100001 1.63
runproj limit: 0.81
"timed out"
01011100111010101010000010100010110100000100000000000000100100011000101001011001111101100001011001000001101000010010000001001011001000101001001011000011010001101101100110100010000 1.63
runproj limit: 0.81
"timed out"
00001110010000110111000001000001010110100010110000110000011100001000001001001000101100000001000111001001110000000000100011100000100000100010010001110010001100101011100010101001001 1.63
runproj limit: 0.81
01000100000000100011000000000001000000100000010000000000000000111000000000000000001000000001010000000001000010010010000000000010000000100000001001000010000000100100100000100000000 0.625
runproj limit: 0.81
01000100000000100011000000000000000000100000010000000000000000111000001000000000001011000000000000101001000010000000000000000000001000100000000000000010000000100100100000100000000 0.628
runproj limit: 0.81
00000100000000000000000000000001000000000000000000000000001000111000001100000000000011010001000100101001000010010010000000100010000010100000000000000000000000100000100000000000000 0.61
runproj limit: 0.81
01000100000000100000000000000001000000000000000000000000000000111000001000000000000011010000000100101001000000010010000000000000000010100000000000000000000000100000100000000000000 0.62
runproj limit: 0.81
01000000000010000111010010011011010000000000110001010001000001001010000001001000001001000000010100010000000010010001000000000011001000100000110110101110010100010100010000100000000 0.642
runproj limit: 0.81
00000100000000000011000000000001000000100000010000000000000000111000000000000010000011000001000000001001000010010000000000100010000000100000000001000010000000100100100000000000000 0.63
runproj limit: 0.81
01000100000000100011000000000000000000100000010000000000000000111000001000000000000001000000000000000001000010000000000000000000000000100000000001000010000000100100100000100000000 0.655
best: 0.7484662576687117
runproj limit: 0.81
01000000000000100100000010001001000000000000000000010001000000111010001100001000000011000001010100001001000010010010000000000010001000100000100000100110000000010000100000000000000 0.608
runproj limit: 0.81
01000100000000100010000000000000000000100000010000000000000000111000001000000000000001000000000000001001000010000000000000000000000000100000000000000000000000100000100000000000000 0.622
runproj limit: 0.81
"timed out"
01000000100100100011000010101000000000100100010000110010000101111000001000101000000001000100001011101001010010000010100111010001001111000100000001010010001000010100001001101100001 1.63
runproj limit: 0.81
00000100000000100011000000000001000000100000010000000000000000111000000000000000000001000001010000000001000010010000000000000010000000100000001001000010000000100100100000000000000 0.628
runproj limit: 0.81
"timed out"
11000100000001001001001000000100010000101001011000110001110000111010001011000001000101010100000011101011011011000100000000000011000000000010010011001010000000100100110000101110000 1.63
runproj limit: 0.81
01000000000010100011000010000011010000000000010001010001000001001000000001000000001001000000010000000000000010010001000000000010000000100000110111100010000100100100000000100000000 0.632
runproj limit: 0.81
00000100000000100010000000000001000000000000000000000000000000111000001000000000000011010000000100101001000010010010000000000000000000100000001000000000000000100000100000000000000 0.628
runproj limit: 0.81
01000100000000100011000000000000000000100000010000000000000000111000001000000000000001000000000000000001000010000000000000000000000000100000000001000010000000100100100000100000000 0.59
runproj limit: 0.81
"timed out"
01100100010100100111110000010110001000110010110000010000010000101011001000010010001010000000000001100011000110111000010000000000101100100000110001011000101010110011001000000100100 1.63
runproj limit: 0.81
"timed out"
11100101101010010011010000000000000011000101110001000110010000111000000001110010100011010000100100101001001000101010000000000000011000100101000000010001100001110100000000001110001 1.63
runproj limit: 0.81
"timed out"
01000100000001110011000001001110000000101100111001001001000111001000001111000000100011001000000100000001010010110000110100110110000010110001110011000001100001001100100000001001010 1.63
runproj limit: 0.81
"timed out"
00100100000000110101010010000111000100000001010001000000000000110000001100001000000001000010000101101011100100001010000100110110010000110000000100110000001001111111100100000100000 1.63
runproj limit: 0.81
"timed out"
11000100000101111010000000010010000010100100000010111000000001010011010000000001001000100001010000110001000010110010000000010000101001101000000000000010101001110100100001100000100 1.63
runproj limit: 0.81
00000100000000000000000000000001000000000000000000000000001000111000001100000000000011010001000100101001000010010010000000100010000010100000000000000000000000100000100000000000000 0.662
runproj limit: 0.81
01000100000000100000000000000001000000000000000000000000000000111000001000000000000011010000000100101001000000010010000000000000000010100000000000000000000000100000100000000000000 0.612
runproj limit: 0.81
01000100000000100011000000000001000000100000010000000000000000111000000000000000001000000001010000000001000010010010000000000010000000100000001001000010000000100100100000100000000 0.635
runproj limit: 0.81
01000100000000100011000000000000000000100000010000000000000000111000001000000000001011000000000000101001000010000000000000000000001000100000000000000010000000100100100000100000000 0.62
runproj limit: 0.81
00000100000000000011000000000001000000100000010000000000000000111000000000000010000011000001000000001001000010010000000000100010000000100000000001000010000000100100100000000000000 0.61
runproj limit: 0.81
01100000000000100001000000000001010001001000010000000000000000111000001001000000000011000000000100100001000010010010000100000000000010100001000000000000000000000100100000000010000 0.645
runproj limit: 0.81
00000000000000000100000010001011000000000000000000010001001000001010001100001000000011000001010100001001000010010000000000100011001000100000100000100110000100010000110000000000000 0.612
best: 0.7239263803680982
runproj limit: 0.81
01000100000000100100000010000001000000000000000000000000000000111000001100001000000011000001010100101001000010010010000000000000001000100000000000000010000000100000100000000000000 0.593
runproj limit: 0.81
"timed out"
00000000000001010100000010011011000000100000000000110000001000011010011100001001000000000001010100101001000010110010000000100010101001101000000000000010100001010100110001000000100 1.63
runproj limit: 0.81
"timed out"
01000100000000100111000000000110001000110000110000000000010000101001001000000010000010000001000001100011000010011000000000100000100100100000110001001010100010110011001000000100100 1.63
runproj limit: 0.81
00000100000000000011000000000001000000000000000000000000001000111000000000000000000001000001000100100001000010010010000000100010000000100000001001000010000000100000100000000000000 0.555
runproj limit: 0.81
01000000000000000101000000001011010000000000000000010001000000001000001000001000000011000001010100101001000010010000000000000001000010100001100000100100000000000100110000000010000 0.63
runproj limit: 0.81
01000000000000100011000000000000010000100000010000000000000000111000001001000000000001000000000100100001000010000010000000000000000000100001000000000000000000000100100000000010000 0.537
runproj limit: 0.81
00000100000000000011000000000001000000100000000000000000000000111000001100000010000011000001000000001001000010010010000000100010000000100000000000000000000000100100100000000000000 0.54
runproj limit: 0.81
01000100000000100010000000000000000000100000010000000000000000111000001000000000000001000000000000001001000010000000000000000000000000100000000000000000000000100000100000000000000 0.61
runproj limit: 0.81
"timed out"
01000100010000011111000000010001001010011000110110000010011100010010110000000011001000100001100000000000001000000001011001010010000000100000001011000111110000100101110100100000001 1.63
runproj limit: 0.81
"timed out"
01101111000000100110000010001010011011001101001010000000110000011110001101110100100111000100000100000001010010010010101100100000000010000011000001000000001000000011101010001010000 1.63
runproj limit: 0.81
"timed out"
10000110110010100011001100001100110010101100110001010000100010001100101110001000010000110010100001001001001010000110000000000010101001110100100001100110011100000100000100100000010 1.63
runproj limit: 0.81
"timed out"
10000000101110000010001100110000010111000111000100000000000010111001001110000110100000010001000110101011000111000001000010110000001010000000000000010001001010100000100000010010101 1.63
runproj limit: 0.81
"timed out"
00000010000010001000100011110000000010001000000000110010011111001001000011001100001011000101010111001111011011111000000000101011101001100000101100000111010111001001100100100010001 1.63
runproj limit: 0.81
01000100000000100011000000000000000000100000010000000000000000111000001000000000000001000000000000000001000010000000000000000000000000100000000001000010000000100100100000100000000 0.575
runproj limit: 0.81
01000000000000100100000010001001000000000000000000010001000000111010001100001000000011000001010100001001000010010010000000000010001000100000100000100110000000010000100000000000000 0.59
runproj limit: 0.81
00000100000000000011000000000001000000100000010000000000000000111000000000000010000011000001000000001001000010010000000000100010000000100000000001000010000000100100100000000000000 0.602
runproj limit: 0.81
01000100000000100000000000000001000000000000000000000000000000111000001000000000000011010000000100101001000000010010000000000000000010100000000000000000000000100000100000000000000 0.578
runproj limit: 0.81
00000000000000000100000010001011000000000000000000010001001000001010001100001000000011000001010100001001000010010000000000100011001000100000100000100110000100010000110000000000000 0.568
runproj limit: 0.81
01000100000000100011000000000000000000100000010000000000000000111000001000000000001011000000000000101001000010000000000000000000001000100000000000000010000000100100100000100000000 0.605
runproj limit: 0.81
01000100000000100010000000000000000000100000010000000000000000111000001000000000000001000000000000001001000010000000000000000000000000100000000000000000000000100000100000000000000 0.575
best: 0.6588957055214725
runproj limit: 0.81
01000000000000000100000010001011010000000000000000010001000000011010001100001000000011000001010100101001000010010010000000000001001000100001100000100100000000000000100000000000000 0.59
runproj limit: 0.81
01000100000000000011000000000000010000000000010000000000001000111000000000000000000001000001000100100001000010010010000000100010000000100001001000000010000000000000100000000000000 0.53
runproj limit: 0.81
"timed out"
00000000000110000010000000000001010010100100000100000000000010111001001110000110000011010001000110101011000010010000000010100010001010000000000000010000000000100000100000010000100 1.63
runproj limit: 0.81
00000100000000100001000000000001000000000000000000000000001000111000001000000000000011010000000100100001000010010010000000000000000000100000000001000010000000100000100000000000000 0.6
runproj limit: 0.81
01000000000000100100000010000001000000000000000000000001000000111000001100001000000011000001010100001001000010010000000000000000001000100000100000100010000100100000100000000000000 0.588
runproj limit: 0.81
"timed out"
10000110000010100011000100001000110000101100010001010000100000001100000110000010010011000000100001001001000010000110000000100010101000100000100001100010011000100100000100000000010 1.63
runproj limit: 0.81
00000100000000100111000010001001000000100000000000010000000000111000001100000010000011000001010000001001000010010010000000000010001000100000100000100010000000010100100000000000000 0.585
runproj limit: 0.81
01000100000000100011000000000000000000100000010000000000000000111000001000000000000001000000000000001001000010000000000000000000000000100000000001000000000000100000100000000000000 0.602
runproj limit: 0.81
"timed out"
10111010110000000001000010001011000100000101010000110011001100001010000100100000110010000000101100001001000010101101000110000110001100110100110110100110000010111000111000000010101 1.63
runproj limit: 0.81
"timed out"
01010100101100100111000000000100111010110000101010001000010010111001001000100000000000001001110011101011000110011001001000100000100101000000110000000000110111101011101001111110100 1.63
runproj limit: 0.81
"timed out"
01010010000010100000000010001000001010000010000000110001010010111000001101101000000111100111010000000101000110000010100000100010111000100011100010000101001001001000100010011000011 1.63
runproj limit: 0.81
"timed out"
00000110010110100011101001000000000001100100100010000010000001011110000001000110000110000001000000001001100010110000100001100010110100101000000001001110010100100100110000010000000 1.63
runproj limit: 0.81
"timed out"
00000100000101101001000011000011000000010000010011010000001110111011100000000000101111000010100011111011000110100010001010100010010100100011011101000011000001100000010011100111001 1.63
runproj limit: 0.81
01000000000000100011000000000000010000100000010000000000000000111000001001000000000001000000000100100001000010000010000000000000000000100001000000000000000000000100100000000010000 0.58
runproj limit: 0.81
00000100000000000011000000000001000000100000000000000000000000111000001100000010000011000001000000001001000010010010000000100010000000100000000000000000000000100100100000000000000 0.642
runproj limit: 0.81
00000100000000000011000000000001000000000000000000000000001000111000000000000000000001000001000100100001000010010010000000100010000000100000001001000010000000100000100000000000000 0.61
runproj limit: 0.81
00000000000000000100000010001011000000000000000000010001001000001010001100001000000011000001010100001001000010010000000000100011001000100000100000100110000100010000110000000000000 0.6
runproj limit: 0.81
01000100000000100011000000000000000000100000010000000000000000111000001000000000000001000000000000000001000010000000000000000000000000100000000001000010000000100100100000100000000 0.615
runproj limit: 0.81
01000100000000100010000000000000000000100000010000000000000000111000001000000000000001000000000000001001000010000000000000000000000000100000000000000000000000100000100000000000000 0.63
runproj limit: 0.81
01000100000000100000000000000001000000000000000000000000000000111000001000000000000011010000000100101001000000010010000000000000000010100000000000000000000000100000100000000000000 0.578
best: 0.6503067484662577
runproj limit: 0.81
01000000000000000100000010000011000000000000000000000001001000101010001000000000000001000001000100001001000010010000000000100010001000100000100000100110000100000000100000000000000 0.597
runproj limit: 0.81
00000100000000100011000010000001000000100000000000000000000000111000001100000010000011000001000000001001000010010010000000100010000000100000000000100000000000010100100000000000000 0.588
runproj limit: 0.81
01000000000000000111000000001000000000000000000000010000001000101010001000000000000001000001000100000001000010010000000000100010000000100000100000100110000100010000100000000000000 0.557
runproj limit: 0.81
00000100000000000011000000001001000000100000000000010000001000111000001000000000000011000001010000000001000010010010000000100010000000100000001001000010000000110100100000000000000 0.618
runproj limit: 0.81
00000100000001101100000011000011000000010000000011010000001110111010101100001000101111000011000110111011000110100000001000100010010100100001110001000011000000100000010011000100000 0.672
runproj limit: 0.81
01000100000000000011000000000000010000000000010000000000001000111000000000000000000001000001000100100001000010010010000000100010000000100001001000000010000000000000100000000000000 0.602
runproj limit: 0.81
"timed out"
10000100000000000011000000001000000000100000010000000000100000101000000010000010010001000000000100100001000010000010000000100010101000100000001001000010011000100000100000000000000 1.63
runproj limit: 0.81
01000100000000100100000000000001000000100000010000000001000000111000001000000000000011000001010100001001000010010000000000000000000000100000100000000010000100100000100000000000000 0.518
runproj limit: 0.81
"timed out"
11001010000010001001011110011001010000101100011000010101101000101100100110100111010011101010100101001101011001101110000000100000101000100001100101100010111001111111100100000000111 1.63
runproj limit: 0.81
"timed out"
10110010110000001001100010001011000100000111010000110011010100001010101000110000010010000000101100000011000111001001100100000111011100001010100111100110001010111100111000000010111 1.63
runproj limit: 0.81
"timed out"
00000000000011000101001110100100100000100000001000110001001000101011001100001010011111001001011011011101010000001010000111010010101101100000100000110110101100010100111011001010000 1.63
runproj limit: 0.81
"timed out"
11100101000100000001000110010000000001111011000000000000100010011001000000000001000011010001001100000001000001010110000100001000000010100000000010110000000110000001100000001100011 1.63
runproj limit: 0.81
"timed out"
10000100011000100100011000010011001010001111000010010111101011100010101100101100001010000001110000001011100100110100000000110010001100110001100000101000000100010000110000010100100 1.63
runproj limit: 0.81
01000100000000000011000000000000010000000000010000000000001000111000000000000000000001000001000100100001000010010010000000100010000000100001001000000010000000000000100000000000000 0.607
runproj limit: 0.81
01000100000000100000000000000001000000000000000000000000000000111000001000000000000011010000000100101001000000010010000000000000000010100000000000000000000000100000100000000000000 0.6
runproj limit: 0.81
01000000000000100011000000000000010000100000010000000000000000111000001001000000000001000000000100100001000010000010000000000000000000100001000000000000000000000100100000000010000 0.605
runproj limit: 0.81
00000100000000100111000010001001000000100000000000010000000000111000001100000010000011000001010000001001000010010010000000000010001000100000100000100010000000010100100000000000000 0.565
runproj limit: 0.81
01000000000000100100000010000001000000000000000000000001000000111000001100001000000011000001010100001001000010010000000000000000001000100000100000100010000100100000100000000000000 0.57
runproj limit: 0.81
01000000000000000100000010001011010000000000000000010001000000011010001100001000000011000001010100101001000010010010000000000001001000100001100000100100000000000000100000000000000 0.55
runproj limit: 0.81
00000100000000100001000000000001000000000000000000000000001000111000001000000000000011010000000100100001000010010010000000000000000000100000000001000010000000100000100000000000000 0.602
best: 0.6355828220858897
runproj limit: 0.81
01000001000000000001000010000001010001101001000000000001100000011001001100000000000011010001001100000001000010010110000100001000001000100000000010100000000000000001100000000000011 0.622
runproj limit: 0.81
01000000000000000111000000001000000000000000000000010000001000101010001000000000000001000001000100000001000010010000000000100010000000100000100000100110000100010000100000000000000 0.525
runproj limit: 0.81
01000000000000000111000000000000010000100000010000000000000000101000001000000000000001000000000100000001000010000000000000000000000000100000000000000000000100000000100000000010000 0.552
runproj limit: 0.81
01000100000000000011000000001001010000100000000000000000001000111000000000000000000001000001010100100001000010010010000000100010000000100000001001000010000000110000100000000000000 0.515
runproj limit: 0.81
01000000000000100101000010001011000000100000000000010001000000101000001000000000000001000001010100001001000010010000000000100010001000100000100000100110000000010100100000000000000 0.558
runproj limit: 0.81
"timed out"
01001100000010001011010110011000010000100100010000000100101000101000100100000010000001100011000100100101010011110110000000100010101000100001101100100010101000111110100100000000110 1.63
runproj limit: 0.81
"timed out"
00100100000101000000000010000011000001111001000010010000001010011000100100001000100111010011000110100001000101100100000000001000010100100000110010100000000110100000010000000100011 1.63
runproj limit: 0.81
01000000000000100000000000000001010000000000000000000000000000111000000100001000000001000001000100000001000010010010000000000010001000100000100000000010000000000000100000000000000 0.585
runproj limit: 0.81
"timed out"
01110000000000000011010010100100010000001011010000100001001010111000011000011001001101011000111101100001001011010110001000010110001110010001001000000010000000001010000000000000000 1.63
runproj limit: 0.81
"timed out"
11000010010011000011000001101000000101000000001110011000011000111010001000000000001000110011011010000001010010011000100110100101001000100000010000101110001110010000100010010101001 1.63
runproj limit: 0.81
"timed out"
00101100100001101100100010010011000010100001000011110001001010011010100100100000101001000010100110110010100110001100000001010011111100100101110000010011010001100100010111000000110 1.63
runproj limit: 0.81
"timed out"
01100000000110100110100001001101010101111000010000011011010100011011011001101000000011110011110001001001010001010011000000011001010000100100100000100011010110111000110011000001000 1.63
runproj limit: 0.81
"timed out"
11010110001001011011100011010001001000110101000000000000001000101000101011101001010000000101000100100001000110010010000111101010000001000000000000110100000001010000100001110010010 1.63
runproj limit: 0.81
01000100000000100100000000000001000000100000010000000001000000111000001000000000000011000001010100001001000010010000000000000000000000100000100000000010000100100000100000000000000 0.59
runproj limit: 0.81
01000000000000000100000010001011010000000000000000010001000000011010001100001000000011000001010100101001000010010010000000000001001000100001100000100100000000000000100000000000000 0.48
runproj limit: 0.81
01000000000000000111000000001000000000000000000000010000001000101010001000000000000001000001000100000001000010010000000000100010000000100000100000100110000100010000100000000000000 0.572
runproj limit: 0.81
00000100000000100111000010001001000000100000000000010000000000111000001100000010000011000001010000001001000010010010000000000010001000100000100000100010000000010100100000000000000 0.56
runproj limit: 0.81
01000000000000100100000010000001000000000000000000000001000000111000001100001000000011000001010100001001000010010000000000000000001000100000100000100010000100100000100000000000000 0.605
runproj limit: 0.81
00000100000000100011000010000001000000100000000000000000000000111000001100000010000011000001000000001001000010010010000000100010000000100000000000100000000000010100100000000000000 0.57
runproj limit: 0.81
01000000000000000100000010000011000000000000000000000001001000101010001000000000000001000001000100001001000010010000000000100010001000100000100000100110000100000000100000000000000 0.478
best: 0.5865030674846626
done evolving!
"all is well:)"
>>>>>>>>>>>>>>FINISH OPTIMIZATION>>>>>>>>>>>>>>>
1158.06user 297.37system 1:00:34elapsed 40%CPU (0avgtext+0avgdata 118848maxresident)k
40inputs+1586656outputs (0major+69249370minor)pagefaults 0swaps
