Optimizing /data/dan/nofib/imaginary/rfib
>>>>>>>>>>>>>>>START OPTIMIZATION>>>>>>>>>>>>>>>
pop: 13
gens: 15
arch: 7
limit is: 2.0e-2
runproj limit: 2.0e-2
"All is well :D"
Basetime is: 2.0e-2
runproj limit: 2.0e-2
0100 2.0e-2
runproj limit: 2.0e-2
0000 2.0e-2
runproj limit: 2.0e-2
0000 2.2e-2
runproj limit: 2.0e-2
0000 2.0e-2
runproj limit: 2.0e-2
0000 2.0e-2
runproj limit: 2.0e-2
0010 2.2e-2
runproj limit: 2.0e-2
0000 2.0e-2
runproj limit: 2.0e-2
0000 2.0e-2
runproj limit: 2.0e-2
0000 2.0e-2
runproj limit: 2.0e-2
0010 2.0e-2
runproj limit: 2.0e-2
0000 2.0e-2
runproj limit: 2.0e-2
0000 2.0e-2
runproj limit: 2.0e-2
0000 2.2e-2
best: 1.0
runproj limit: 2.0e-2
0000 2.0e-2
runproj limit: 2.0e-2
0000 2.0e-2
runproj limit: 2.0e-2
0110 2.0e-2
runproj limit: 2.0e-2
0000 2.2e-2
runproj limit: 2.0e-2
0000 2.2e-2
runproj limit: 2.0e-2
0000 2.2e-2
runproj limit: 2.0e-2
0000 2.0e-2
runproj limit: 2.0e-2
0000 2.0e-2
runproj limit: 2.0e-2
0000 2.0e-2
runproj limit: 2.0e-2
0000 2.5e-2
runproj limit: 2.0e-2
0000 2.0e-2
runproj limit: 2.0e-2
0100 2.0e-2
runproj limit: 2.0e-2
0110 2.0e-2
runproj limit: 2.0e-2
0100 2.0e-2
runproj limit: 2.0e-2
0000 2.0e-2
runproj limit: 2.0e-2
0010 2.0e-2
best: 1.0
runproj limit: 2.0e-2
0000 2.0e-2
runproj limit: 2.0e-2
0000 2.0e-2
runproj limit: 2.0e-2
0000 2.0e-2
runproj limit: 2.0e-2
0010 2.0e-2
runproj limit: 2.0e-2
0100 2.0e-2
runproj limit: 2.0e-2
0000 2.0e-2
runproj limit: 2.0e-2
0000 2.0e-2
runproj limit: 2.0e-2
0100 2.0e-2
runproj limit: 2.0e-2
0110 2.0e-2
runproj limit: 2.0e-2
0001 2.0e-2
runproj limit: 2.0e-2
1001 2.2e-2
runproj limit: 2.0e-2
0111 2.0e-2
runproj limit: 2.0e-2
0001 2.0e-2
runproj limit: 2.0e-2
0000 2.0e-2
runproj limit: 2.0e-2
0110 2.0e-2
runproj limit: 2.0e-2
0100 2.0e-2
runproj limit: 2.0e-2
0010 2.0e-2
best: 1.0
runproj limit: 2.0e-2
0000 2.2e-2
runproj limit: 2.0e-2
0000 2.0e-2
runproj limit: 2.0e-2
0010 2.0e-2
runproj limit: 2.0e-2
0001 2.0e-2
runproj limit: 2.0e-2
0110 2.2e-2
runproj limit: 2.0e-2
0100 2.2e-2
runproj limit: 2.0e-2
0110 2.0e-2
runproj limit: 2.0e-2
0100 2.2e-2
runproj limit: 2.0e-2
0111 2.0e-2
runproj limit: 2.0e-2
0100 2.0e-2
runproj limit: 2.0e-2
0110 2.0e-2
runproj limit: 2.0e-2
0000 2.0e-2
runproj limit: 2.0e-2
0101 2.0e-2
runproj limit: 2.0e-2
0000 2.0e-2
runproj limit: 2.0e-2
0010 2.0e-2
runproj limit: 2.0e-2
0100 2.0e-2
runproj limit: 2.0e-2
0110 2.2e-2
runproj limit: 2.0e-2
0001 2.0e-2
runproj limit: 2.0e-2
0111 2.0e-2
runproj limit: 2.0e-2
1001 2.0e-2
best: 1.0
runproj limit: 2.0e-2
0100 2.0e-2
runproj limit: 2.0e-2
0101 2.0e-2
runproj limit: 2.0e-2
0100 2.0e-2
runproj limit: 2.0e-2
1001 2.0e-2
runproj limit: 2.0e-2
0111 2.0e-2
runproj limit: 2.0e-2
0011 2.0e-2
runproj limit: 2.0e-2
0000 2.0e-2
runproj limit: 2.0e-2
0000 2.0e-2
runproj limit: 2.0e-2
0011 2.0e-2
runproj limit: 2.0e-2
0001 2.0e-2
runproj limit: 2.0e-2
0010 2.0e-2
runproj limit: 2.0e-2
1010 2.0e-2
runproj limit: 2.0e-2
0000 2.0e-2
runproj limit: 2.0e-2
0000 2.0e-2
runproj limit: 2.0e-2
0010 2.0e-2
runproj limit: 2.0e-2
0001 2.0e-2
runproj limit: 2.0e-2
0110 2.0e-2
runproj limit: 2.0e-2
0111 2.0e-2
runproj limit: 2.0e-2
0100 2.0e-2
runproj limit: 2.0e-2
0101 2.0e-2
best: 1.0
runproj limit: 2.0e-2
1001 2.0e-2
runproj limit: 2.0e-2
0100 2.0e-2
runproj limit: 2.0e-2
0000 2.0e-2
runproj limit: 2.0e-2
0011 2.0e-2
runproj limit: 2.0e-2
0011 2.0e-2
runproj limit: 2.0e-2
0000 2.0e-2
runproj limit: 2.0e-2
0100 2.0e-2
runproj limit: 2.0e-2
0010 2.0e-2
runproj limit: 2.0e-2
0110 2.0e-2
runproj limit: 2.0e-2
0001 2.0e-2
runproj limit: 2.0e-2
1111 2.0e-2
runproj limit: 2.0e-2
0001 2.0e-2
runproj limit: 2.0e-2
0100 2.0e-2
runproj limit: 2.0e-2
0100 2.0e-2
runproj limit: 2.0e-2
0101 2.0e-2
runproj limit: 2.0e-2
1001 2.0e-2
runproj limit: 2.0e-2
0111 2.0e-2
runproj limit: 2.0e-2
0011 2.0e-2
runproj limit: 2.0e-2
0000 2.0e-2
runproj limit: 2.0e-2
0001 2.0e-2
best: 1.0
runproj limit: 2.0e-2
0111 2.0e-2
runproj limit: 2.0e-2
0110 2.0e-2
runproj limit: 2.0e-2
0100 2.0e-2
runproj limit: 2.0e-2
0100 2.0e-2
runproj limit: 2.0e-2
0101 2.0e-2
runproj limit: 2.0e-2
0001 2.2e-2
runproj limit: 2.0e-2
0001 2.0e-2
runproj limit: 2.0e-2
0011 2.0e-2
runproj limit: 2.0e-2
0110 2.0e-2
runproj limit: 2.0e-2
0111 2.0e-2
runproj limit: 2.0e-2
0111 2.0e-2
runproj limit: 2.0e-2
1011 2.0e-2
runproj limit: 2.0e-2
0010 2.0e-2
runproj limit: 2.0e-2
1001 2.0e-2
runproj limit: 2.0e-2
0100 2.0e-2
runproj limit: 2.0e-2
0000 2.0e-2
runproj limit: 2.0e-2
0011 2.2e-2
runproj limit: 2.0e-2
0010 2.0e-2
runproj limit: 2.0e-2
0110 2.0e-2
runproj limit: 2.0e-2
0001 2.0e-2
best: 1.0
runproj limit: 2.0e-2
0010 2.0e-2
runproj limit: 2.0e-2
1011 2.0e-2
runproj limit: 2.0e-2
0001 2.0e-2
runproj limit: 2.0e-2
0110 2.0e-2
runproj limit: 2.0e-2
0101 2.0e-2
runproj limit: 2.0e-2
0011 2.0e-2
runproj limit: 2.0e-2
0100 2.0e-2
runproj limit: 2.0e-2
0100 2.0e-2
runproj limit: 2.0e-2
0111 2.0e-2
runproj limit: 2.0e-2
1010 2.0e-2
runproj limit: 2.0e-2
1001 2.0e-2
runproj limit: 2.0e-2
0110 2.0e-2
runproj limit: 2.0e-2
1111 2.0e-2
runproj limit: 2.0e-2
0111 2.0e-2
runproj limit: 2.0e-2
0110 2.0e-2
runproj limit: 2.0e-2
0100 2.0e-2
runproj limit: 2.0e-2
0101 2.0e-2
runproj limit: 2.0e-2
0001 2.0e-2
runproj limit: 2.0e-2
0011 2.0e-2
runproj limit: 2.0e-2
1011 2.0e-2
best: 1.0
runproj limit: 2.0e-2
0001 2.0e-2
runproj limit: 2.0e-2
0110 2.0e-2
runproj limit: 2.0e-2
0111 2.0e-2
runproj limit: 2.0e-2
1110 2.0e-2
runproj limit: 2.0e-2
0101 2.0e-2
runproj limit: 2.0e-2
0110 2.0e-2
runproj limit: 2.0e-2
0110 2.0e-2
runproj limit: 2.0e-2
1001 2.0e-2
runproj limit: 2.0e-2
1110 2.0e-2
runproj limit: 2.0e-2
1010 2.0e-2
runproj limit: 2.0e-2
0000 2.0e-2
runproj limit: 2.0e-2
1100 2.0e-2
runproj limit: 2.0e-2
1011 2.0e-2
runproj limit: 2.0e-2
0010 2.0e-2
runproj limit: 2.0e-2
1011 2.0e-2
runproj limit: 2.0e-2
0001 2.0e-2
runproj limit: 2.0e-2
0110 2.2e-2
runproj limit: 2.0e-2
0101 2.0e-2
runproj limit: 2.0e-2
0011 2.0e-2
runproj limit: 2.0e-2
0100 2.0e-2
best: 1.0
runproj limit: 2.0e-2
0101 2.0e-2
runproj limit: 2.0e-2
0101 2.0e-2
runproj limit: 2.0e-2
1011 2.0e-2
runproj limit: 2.0e-2
1100 2.0e-2
runproj limit: 2.0e-2
1011 2.0e-2
runproj limit: 2.0e-2
0101 2.0e-2
runproj limit: 2.0e-2
0101 2.0e-2
runproj limit: 2.0e-2
1111 2.0e-2
runproj limit: 2.0e-2
1111 2.0e-2
runproj limit: 2.0e-2
1000 2.0e-2
runproj limit: 2.0e-2
0010 2.0e-2
runproj limit: 2.0e-2
0100 2.0e-2
runproj limit: 2.0e-2
1110 2.0e-2
runproj limit: 2.0e-2
0001 2.0e-2
runproj limit: 2.0e-2
0110 2.0e-2
runproj limit: 2.0e-2
0111 2.0e-2
runproj limit: 2.0e-2
1110 2.0e-2
runproj limit: 2.0e-2
0101 2.0e-2
runproj limit: 2.0e-2
1001 2.0e-2
runproj limit: 2.0e-2
1010 2.0e-2
best: 1.0
runproj limit: 2.0e-2
1110 2.0e-2
runproj limit: 2.0e-2
0001 2.0e-2
runproj limit: 2.0e-2
0010 2.0e-2
runproj limit: 2.0e-2
1001 2.0e-2
runproj limit: 2.0e-2
1000 2.0e-2
runproj limit: 2.0e-2
0101 2.0e-2
runproj limit: 2.0e-2
0000 2.0e-2
runproj limit: 2.0e-2
0110 2.0e-2
runproj limit: 2.0e-2
0100 2.0e-2
runproj limit: 2.0e-2
1111 2.0e-2
runproj limit: 2.0e-2
0111 2.0e-2
runproj limit: 2.0e-2
0101 2.0e-2
runproj limit: 2.0e-2
0111 2.0e-2
runproj limit: 2.0e-2
0101 2.0e-2
runproj limit: 2.0e-2
1011 2.0e-2
runproj limit: 2.0e-2
1100 2.0e-2
runproj limit: 2.0e-2
1111 2.0e-2
runproj limit: 2.0e-2
1000 2.0e-2
runproj limit: 2.0e-2
0010 2.0e-2
runproj limit: 2.0e-2
0100 2.0e-2
best: 1.0
runproj limit: 2.0e-2
0100 2.0e-2
runproj limit: 2.0e-2
0111 2.0e-2
runproj limit: 2.0e-2
0100 2.0e-2
runproj limit: 2.0e-2
0101 2.0e-2
runproj limit: 2.0e-2
1010 2.0e-2
runproj limit: 2.0e-2
0111 2.0e-2
runproj limit: 2.0e-2
1111 2.0e-2
runproj limit: 2.0e-2
0001 2.0e-2
runproj limit: 2.0e-2
1100 2.0e-2
runproj limit: 2.0e-2
0010 2.2e-2
runproj limit: 2.0e-2
1010 2.0e-2
runproj limit: 2.0e-2
1100 2.0e-2
runproj limit: 2.0e-2
0100 2.0e-2
runproj limit: 2.0e-2
1110 2.0e-2
runproj limit: 2.0e-2
0001 2.0e-2
runproj limit: 2.0e-2
0010 2.2e-2
runproj limit: 2.0e-2
1001 2.2e-2
runproj limit: 2.0e-2
1000 2.0e-2
runproj limit: 2.0e-2
0101 2.0e-2
runproj limit: 2.0e-2
0000 2.0e-2
best: 1.0
runproj limit: 2.0e-2
1010 2.0e-2
runproj limit: 2.0e-2
1100 2.0e-2
runproj limit: 2.0e-2
1110 2.0e-2
runproj limit: 2.0e-2
0100 2.2e-2
runproj limit: 2.0e-2
0100 2.0e-2
runproj limit: 2.0e-2
1110 2.2e-2
runproj limit: 2.0e-2
1100 2.2e-2
runproj limit: 2.0e-2
0110 2.0e-2
runproj limit: 2.0e-2
0011 2.0e-2
runproj limit: 2.0e-2
0101 2.0e-2
runproj limit: 2.0e-2
0000 2.0e-2
runproj limit: 2.0e-2
0100 2.0e-2
runproj limit: 2.0e-2
0101 2.0e-2
runproj limit: 2.0e-2
0100 2.0e-2
runproj limit: 2.0e-2
0111 2.5e-2
runproj limit: 2.0e-2
0101 2.0e-2
runproj limit: 2.0e-2
1010 2.2e-2
runproj limit: 2.0e-2
1111 2.2e-2
runproj limit: 2.0e-2
0001 2.0e-2
runproj limit: 2.0e-2
1100 2.0e-2
best: 1.0
runproj limit: 2.0e-2
1110 2.0e-2
runproj limit: 2.0e-2
0101 2.0e-2
runproj limit: 2.0e-2
0101 2.0e-2
runproj limit: 2.0e-2
1101 2.0e-2
runproj limit: 2.0e-2
1000 2.0e-2
runproj limit: 2.0e-2
0100 2.2e-2
runproj limit: 2.0e-2
0011 2.0e-2
runproj limit: 2.0e-2
0101 2.0e-2
runproj limit: 2.0e-2
1010 2.2e-2
runproj limit: 2.0e-2
0011 2.0e-2
runproj limit: 2.0e-2
0001 2.0e-2
runproj limit: 2.0e-2
1011 2.0e-2
runproj limit: 2.0e-2
0010 2.2e-2
runproj limit: 2.0e-2
1010 2.0e-2
runproj limit: 2.0e-2
1100 2.0e-2
runproj limit: 2.0e-2
1110 2.0e-2
runproj limit: 2.0e-2
0100 2.0e-2
runproj limit: 2.0e-2
0110 2.0e-2
runproj limit: 2.0e-2
0011 2.0e-2
runproj limit: 2.0e-2
0101 2.0e-2
best: 1.0
runproj limit: 2.0e-2
1101 2.0e-2
runproj limit: 2.0e-2
0101 2.0e-2
runproj limit: 2.0e-2
0101 2.0e-2
runproj limit: 2.0e-2
0011 2.0e-2
runproj limit: 2.0e-2
0101 2.0e-2
runproj limit: 2.0e-2
1010 2.2e-2
runproj limit: 2.0e-2
1011 2.0e-2
runproj limit: 2.0e-2
0110 2.0e-2
runproj limit: 2.0e-2
1011 2.0e-2
runproj limit: 2.0e-2
1100 2.0e-2
runproj limit: 2.0e-2
1010 2.0e-2
runproj limit: 2.0e-2
0110 2.0e-2
runproj limit: 2.0e-2
1110 2.0e-2
runproj limit: 2.0e-2
1110 2.0e-2
runproj limit: 2.0e-2
0101 2.0e-2
runproj limit: 2.0e-2
1101 2.0e-2
runproj limit: 2.0e-2
1000 2.2e-2
runproj limit: 2.0e-2
0011 2.0e-2
runproj limit: 2.0e-2
0001 2.0e-2
runproj limit: 2.0e-2
1011 2.0e-2
best: 1.0
done evolving!
"all is well:)"
>>>>>>>>>>>>>>FINISH OPTIMIZATION>>>>>>>>>>>>>>>
457.58user 272.22system 12:56.58elapsed 93%CPU (0avgtext+0avgdata 137592maxresident)k
0inputs+1449288outputs (0major+67769433minor)pagefaults 0swaps
