Optimizing /data/dan/nofib/real/rsa
>>>>>>>>>>>>>>>START OPTIMIZATION>>>>>>>>>>>>>>>
pop: 13
gens: 15
arch: 7
limit is: 4.0e-2
runproj limit: 4.0e-2
"All is well :D"
Basetime is: 4.0e-2
runproj limit: 4.0e-2
0,00000000000000000000000000000000000000000000000 4.0e-2
runproj limit: 4.0e-2
0,00100000001000000001000000000011000000000000000 4.0e-2
runproj limit: 4.0e-2
0,00000000000100000010000010011010000000000000110 4.0e-2
runproj limit: 4.0e-2
0,00000000000100000010000010100000000010100100000 4.0e-2
runproj limit: 4.0e-2
0,00000000000000000000000001000110000000001001000 3.5e-2
runproj limit: 4.0e-2
0,00100000100100000000000100001000000000000000000 4.0e-2
runproj limit: 4.0e-2
1,10000000000000000000000000110001010100001000000 4.0e-2
runproj limit: 4.0e-2
0,00000000000000000000000000000000000000000000000 4.0e-2
runproj limit: 4.0e-2
0,00001000000000000000001000001000000000000000000 3.8e-2
runproj limit: 4.0e-2
0,00000000000000000000000000000000000000000000000 4.0e-2
runproj limit: 4.0e-2
0,00000100000000001000000000000000000010100000000 4.0e-2
runproj limit: 4.0e-2
0,00000000000000000000000000000000000000000000000 4.0e-2
runproj limit: 4.0e-2
0,00000000000000000000000000000000000000000000000 4.0e-2
best: 0.8750000000000001
runproj limit: 4.0e-2
0,00000000000000000010000000001110000000001000110 4.0e-2
runproj limit: 4.0e-2
0,00000000000100000000000010011001000000000000110 4.0e-2
runproj limit: 4.0e-2
0,00100000100100000000000100000000000000000000000 4.0e-2
runproj limit: 4.0e-2
0,00000000000000000000000000000000000000000000000 4.0e-2
runproj limit: 4.0e-2
1,10100000000000000001000000110001000100001000000 4.0e-2
runproj limit: 4.0e-2
1,10001000000000000000001000011001010100000000000 4.0e-2
runproj limit: 4.0e-2
0,00000000000000001000000000000000000010100000000 4.0e-2
runproj limit: 4.0e-2
0,00001000000000000000000000001000000000000000000 4.2e-2
runproj limit: 4.0e-2
0,00100000001111001001000110000001000000100000010 3.8e-2
runproj limit: 4.0e-2
0,00000100000010010110011001000111011110001000010 4.0e-2
runproj limit: 4.0e-2
0,01001100110001100111000000010110000100101001010 3.8e-2
runproj limit: 4.0e-2
0,01100100000110000101001100010000100000000000000 4.0e-2
runproj limit: 4.0e-2
0,01100101001100000110000010001010001000100000100 3.8e-2
runproj limit: 4.0e-2
0,00000000000000000000000001000110000000001001000 4.0e-2
runproj limit: 4.0e-2
0,00001000000000000000001000001000000000000000000 4.0e-2
runproj limit: 4.0e-2
0,00000000000000000000000000000000000000000000000 4.0e-2
runproj limit: 4.0e-2
0,00100000001000000001000000000011000000000000000 3.8e-2
runproj limit: 4.0e-2
0,00000000000100000010000010011010000000000000110 3.8e-2
runproj limit: 4.0e-2
0,00000000000100000010000010100000000010100100000 4.0e-2
runproj limit: 4.0e-2
0,00100000100100000000000100001000000000000000000 4.0e-2
best: 0.95
runproj limit: 4.0e-2
0,01100100001110000011000110000011000000100000100 4.0e-2
runproj limit: 4.0e-2
0,01100000000100000010000110001010000000100000100 4.0e-2
runproj limit: 4.0e-2
0,00000100100000100111000000000011000100101000010 4.0e-2
runproj limit: 4.0e-2
0,00000000110001000111000000010110000100001000010 4.0e-2
runproj limit: 4.0e-2
0,00000000100100000000000101000000000000000000000 4.0e-2
runproj limit: 4.0e-2
0,00100001001100000101000010001010000000000000000 4.0e-2
runproj limit: 4.0e-2
0,00000000001101000001000010001111000000101000010 4.0e-2
runproj limit: 4.0e-2
0,00100100000010000101001101010111000010000000010 4.0e-2
runproj limit: 4.0e-2
0,00100000001000100000010001000001000000010011100 3.8e-2
runproj limit: 4.0e-2
0,01110101001000000010100010011011001000000000111 4.0e-2
runproj limit: 4.0e-2
1,11110100000011110101101100010110100000110001001 3.8e-2
runproj limit: 4.0e-2
0,01010100010001011101101110010000111110100001010 4.0e-2
runproj limit: 4.0e-2
0,00110100001110010001011111001111011011100101010 4.0e-2
runproj limit: 4.0e-2
0,00100000001111001001000110000001000000100000010 4.0e-2
runproj limit: 4.0e-2
0,01001100110001100111000000010110000100101001010 4.0e-2
runproj limit: 4.0e-2
0,01100101001100000110000010001010001000100000100 4.0e-2
runproj limit: 4.0e-2
0,00100000001000000001000000000011000000000000000 4.0e-2
runproj limit: 4.0e-2
0,00000000000100000010000010011010000000000000110 4.0e-2
runproj limit: 4.0e-2
0,00000000000000000010000000001110000000001000110 4.0e-2
runproj limit: 4.0e-2
0,00000000000100000000000010011001000000000000110 3.8e-2
best: 0.95
runproj limit: 4.0e-2
0,01110000001000100000000001000011001000010000111 3.8e-2
runproj limit: 4.0e-2
0,00000000010101000111000010011001000100001000010 3.7e-2
runproj limit: 4.0e-2
0,00000100100000000111000000000010000100001000110 4.0e-2
runproj limit: 4.0e-2
0,00000000001000100011000000000011000000000000010 4.0e-2
runproj limit: 4.0e-2
0,01110100001011010011101100011011100000010001001 4.0e-2
runproj limit: 4.0e-2
0,00000000000000000000000001011001000000000010100 4.0e-2
runproj limit: 4.0e-2
0,01100100001100000100000000001010000000110010100 4.0e-2
runproj limit: 4.0e-2
0,00000000000001000011000000010010000000001000010 3.8e-2
runproj limit: 4.0e-2
0,00000000001101000001000010101111100000101100010 4.0e-2
runproj limit: 4.0e-2
0,00101100001100000011010110011011001000001001100 3.8e-2
runproj limit: 4.0e-2
0,01100100110001111011000000000011000110101001010 4.0e-2
runproj limit: 4.0e-2
1,11100101000011100101110101110111100010100001011 4.0e-2
runproj limit: 4.0e-2
0,01000100000000001001101011011111101010100001010 3.8e-2
runproj limit: 4.0e-2
0,00100000001000100000010001000001000000010011100 4.0e-2
runproj limit: 4.0e-2
1,11110100000011110101101100010110100000110001001 4.0e-2
runproj limit: 4.0e-2
0,00000000000100000000000010011001000000000000110 3.7e-2
runproj limit: 4.0e-2
0,01100100001110000011000110000011000000100000100 4.0e-2
runproj limit: 4.0e-2
0,01100000000100000010000110001010000000100000100 3.7e-2
runproj limit: 4.0e-2
0,00000100100000100111000000000011000100101000010 4.0e-2
runproj limit: 4.0e-2
0,00000000110001000111000000010110000100001000010 4.0e-2
best: 0.9249999999999999
runproj limit: 4.0e-2
0,00100000001100000010010010011011001000001000110 4.0e-2
runproj limit: 4.0e-2
0,01000000110000000110000000010010000000110010100 4.0e-2
runproj limit: 4.0e-2
0,00100000000100000010000110011001001000000001110 4.0e-2
runproj limit: 4.0e-2
0,00100100111001000011000010010111000100000000010 4.0e-2
runproj limit: 4.0e-2
0,00000000000001000011000010101110100000101100010 4.0e-2
runproj limit: 4.0e-2
0,01100100000001110111001100000011000100110000010 4.0e-2
runproj limit: 4.0e-2
1,11110100001000100001010001110111000010100001011 4.0e-2
runproj limit: 4.0e-2
0,00000000011101100111000000010001000100000000010 4.0e-2
runproj limit: 4.0e-2
0,01010010000001000011010000000001100000011000111 4.0e-2
runproj limit: 4.0e-2
0,00010100011100010100010000001010000010110010110 4.0e-2
runproj limit: 4.0e-2
1,11111101000011110101000001010110100000110001001 4.0e-2
runproj limit: 4.0e-2
1,10000101101100001111100010001010000100011000110 4.0e-2
runproj limit: 4.0e-2
0,00110000001000100100111001100011101010000010111 4.0e-2
runproj limit: 4.0e-2
0,00000000010101000111000010011001000100001000010 4.0e-2
runproj limit: 4.0e-2
0,00000000000100000000000010011001000000000000110 4.0e-2
runproj limit: 4.0e-2
0,01100000000100000010000110001010000000100000100 4.0e-2
runproj limit: 4.0e-2
0,01110000001000100000000001000011001000010000111 4.0e-2
runproj limit: 4.0e-2
0,00000000000001000011000000010010000000001000010 4.0e-2
runproj limit: 4.0e-2
0,00101100001100000011010110011011001000001001100 4.0e-2
runproj limit: 4.0e-2
0,01000100000000001001101011011111101010100001010 4.0e-2
best: 1.0
runproj limit: 4.0e-2
1,10010100101100001110000010001010000100111000110 4.0e-2
runproj limit: 4.0e-2
0,00000000011001100011000010101101100000100100010 4.0e-2
runproj limit: 4.0e-2
0,00000000000100001001101011011001101000000000110 4.0e-2
runproj limit: 4.0e-2
0,01000100000001010111000100000010000100010000010 4.0e-2
runproj limit: 4.0e-2
0,01100100000001110111001100000011000100110000010 4.0e-2
runproj limit: 4.0e-2
0,01000000000001110111000000000001000100110000010 3.7e-2
runproj limit: 4.0e-2
1,10110100001100100010010010111011001000000000111 4.0e-2
runproj limit: 4.0e-2
0,01100101100001000111001100000011000100011000010 4.0e-2
runproj limit: 4.0e-2
0,00001100001110000010000100011010001000001001101 4.0e-2
runproj limit: 4.0e-2
0,00110001101100001111000010000001000110010001010 4.0e-2
runproj limit: 4.0e-2
1,10010110100010001011010010001001000101011100101 4.0e-2
runproj limit: 4.0e-2
0,00010000111111110111000000000011101000000000000 4.0e-2
runproj limit: 4.0e-2
0,00101000001110110111000110010000111000101001000 4.0e-2
runproj limit: 4.0e-2
0,00100000001100000010010010011011001000001000110 4.0e-2
runproj limit: 4.0e-2
0,01000000110000000110000000010010000000110010100 4.0e-2
runproj limit: 4.0e-2
0,00100000000100000010000110011001001000000001110 4.0e-2
runproj limit: 4.0e-2
0,00100100111001000011000010010111000100000000010 4.0e-2
runproj limit: 4.0e-2
0,00000000000001000011000010101110100000101100010 4.0e-2
runproj limit: 4.0e-2
0,01100100000001110111001100000011000100110000010 4.0e-2
runproj limit: 4.0e-2
1,11110100001000100001010001110111000010100001011 4.0e-2
best: 0.9249999999999999
runproj limit: 4.0e-2
0,01000010100010111011000000001001000101010000101 4.0e-2
runproj limit: 4.0e-2
0,00101100101110000111000010010000011000001000010 4.0e-2
runproj limit: 4.0e-2
1,10110100001101010011000100010011000000000000110 4.0e-2
runproj limit: 4.0e-2
0,00001000000001110111000000000001000100100000000 4.0e-2
runproj limit: 4.0e-2
0,00000000011101100011000110111001100000000100010 4.0e-2
runproj limit: 4.0e-2
0,00000000110100000010000110010001000000100000110 4.0e-2
runproj limit: 4.0e-2
0,00000000110000001110000010010010000100110000110 4.0e-2
runproj limit: 4.0e-2
0,01100101100001010111001100000011000100110000010 4.2e-2
runproj limit: 4.0e-2
0,00010000000010111111100101110010001101000111010 4.0e-2
runproj limit: 4.0e-2
0,01111111011000110001000000100011100010000101111 4.0e-2
runproj limit: 4.0e-2
0,00010100001110000110000000010010001000011001011 4.0e-2
runproj limit: 4.0e-2
1,11001100011001010111100111001010110100010011110 4.0e-2
runproj limit: 4.0e-2
0,01100101101000000111011001110011000010010000111 4.0e-2
runproj limit: 4.0e-2
0,01000000000001110111000000000001000100110000010 4.0e-2
runproj limit: 4.0e-2
1,10010100101100001110000010001010000100111000110 4.0e-2
runproj limit: 4.0e-2
0,00000000011001100011000010101101100000100100010 4.0e-2
runproj limit: 4.0e-2
0,00000000000100001001101011011001101000000000110 4.0e-2
runproj limit: 4.0e-2
0,01000100000001010111000100000010000100010000010 4.0e-2
runproj limit: 4.0e-2
0,01100100000001110111001100000011000100110000010 4.0e-2
runproj limit: 4.0e-2
1,10110100001100100010010010111011001000000000111 4.0e-2
best: 1.0
runproj limit: 4.0e-2
0,01000000000000001101001110011001101000000000110 4.0e-2
runproj limit: 4.0e-2
1,11001101001001010111011101001010010010010011110 4.0e-2
runproj limit: 4.0e-2
0,01000000010101100111000110010001100100010100010 4.0e-2
runproj limit: 4.0e-2
0,01101110001001110111000100100011000110010001110 4.0e-2
runproj limit: 4.0e-2
0,01011101011001110101000000000011100000000101110 4.0e-2
runproj limit: 4.0e-2
1,11001100011001010111100111001010110100010011110 4.0e-2
runproj limit: 4.0e-2
0,01011110011000110000000000000010100000001000111 4.0e-2
runproj limit: 4.0e-2
0,00110100001101000111000000010011001000011001010 4.0e-2
runproj limit: 4.0e-2
0,00001100110000000010010111110001011000111000110 4.0e-2
runproj limit: 4.0e-2
1,11101000000001110010100010100001000100000100001 4.0e-2
runproj limit: 4.0e-2
1,10100101100100001001101011101001111101011110000 4.0e-2
runproj limit: 4.0e-2
0,00101011000000110101001000111001000101100000111 4.0e-2
runproj limit: 4.0e-2
1,10010100011110011110000000110100001000011101000 4.0e-2
runproj limit: 4.0e-2
0,01000010100010111011000000001001000101010000101 4.0e-2
runproj limit: 4.0e-2
0,00101100101110000111000010010000011000001000010 4.0e-2
runproj limit: 4.0e-2
1,10110100001101010011000100010011000000000000110 3.5e-2
runproj limit: 4.0e-2
0,00001000000001110111000000000001000100100000000 4.0e-2
runproj limit: 4.0e-2
0,00000000011101100011000110111001100000000100010 4.0e-2
runproj limit: 4.0e-2
0,00000000110100000010000110010001000000100000110 4.0e-2
runproj limit: 4.0e-2
0,00000000110000001110000010010010000100110000110 3.7e-2
best: 0.8750000000000001
runproj limit: 4.0e-2
0,00011000011001110101000010000011100000000100110 4.0e-2
runproj limit: 4.0e-2
0,00101111001001110101000000011001100001000101110 3.8e-2
runproj limit: 4.0e-2
0,00010111010110110101001000110001001101000100010 4.0e-2
runproj limit: 4.0e-2
1,11001111001001010111001100000011000110010011110 4.0e-2
runproj limit: 4.0e-2
0,00001000101110100011000110011001011000000000010 4.0e-2
runproj limit: 4.0e-2
1,10010100001111010111000100010110000000000001010 4.0e-2
runproj limit: 4.0e-2
0,00101100001100000011000000010000011000001000110 4.0e-2
runproj limit: 4.0e-2
1,10100100100100001001001011111001011101011000100 4.0e-2
runproj limit: 4.0e-2
1,10100101101101010111010000011000011000101000001 4.0e-2
runproj limit: 4.0e-2
1,11101010000000010010100010001111000100001101011 3.8e-2
runproj limit: 4.0e-2
0,01010000110001100111000110001100100100010000010 4.0e-2
runproj limit: 4.0e-2
1,10000000111010001111000100000111011100010011110 3.8e-2
runproj limit: 4.0e-2
0,00000000110010011000000011101010100010010100010 4.0e-2
runproj limit: 4.0e-2
1,10110100001101010011000100010011000000000000110 3.8e-2
runproj limit: 4.0e-2
0,00000000110000001110000010010010000100110000110 4.0e-2
runproj limit: 4.0e-2
0,01000000000000001101001110011001101000000000110 4.0e-2
runproj limit: 4.0e-2
1,11001101001001010111011101001010010010010011110 4.0e-2
runproj limit: 4.0e-2
0,01000000010101100111000110010001100100010100010 3.7e-2
runproj limit: 4.0e-2
0,01101110001001110111000100100011000110010001110 4.0e-2
runproj limit: 4.0e-2
0,01011101011001110101000000000011100000000101110 4.0e-2
best: 0.9249999999999999
runproj limit: 4.0e-2
1,10000000011100011111000100000011010000000001110 4.0e-2
runproj limit: 4.0e-2
0,00101000101001110101000010011001000000000101110 4.0e-2
runproj limit: 4.0e-2
0,00000000010101000100000010110010100100010100010 4.0e-2
runproj limit: 4.0e-2
1,11000000010101001111000100000111101100010010010 4.0e-2
runproj limit: 4.0e-2
0,00000100101000000110000000011000010000101000010 4.0e-2
runproj limit: 4.0e-2
0,00000000010101100111000110010000010100000100110 4.0e-2
runproj limit: 4.0e-2
0,00001000101110100011000110011001011000000000010 4.0e-2
runproj limit: 4.0e-2
1,10101000101001111111000100000111001110010011110 4.0e-2
runproj limit: 4.0e-2
1,10101110001001010101011100110010011110011010011 4.0e-2
runproj limit: 4.0e-2
1,11001110000000111001101010011111010110001101011 4.0e-2
runproj limit: 4.0e-2
0,01110000110101101110010111111001100100011001011 4.0e-2
runproj limit: 4.0e-2
0,00110111110011111100000010111010010101100001100 4.0e-2
runproj limit: 4.0e-2
1,10100000010000000110100011001110010010001111111 4.0e-2
runproj limit: 4.0e-2
0,01000000010101100111000110010001100100010100010 3.8e-2
runproj limit: 4.0e-2
0,00101111001001110101000000011001100001000101110 4.0e-2
runproj limit: 4.0e-2
1,11101010000000010010100010001111000100001101011 4.0e-2
runproj limit: 4.0e-2
1,10000000111010001111000100000111011100010011110 4.0e-2
runproj limit: 4.0e-2
1,10110100001101010011000100010011000000000000110 4.0e-2
runproj limit: 4.0e-2
0,00011000011001110101000010000011100000000100110 4.0e-2
runproj limit: 4.0e-2
0,00010111010110110101001000110001001101000100010 3.8e-2
best: 0.95
runproj limit: 4.0e-2
1,10000110111011011100000010011110010101010011110 4.0e-2
runproj limit: 4.0e-2
0,00000110010111100101000100010001001101000100010 4.0e-2
runproj limit: 4.0e-2
0,01100010111101110111000110111001100001000001110 4.0e-2
runproj limit: 4.0e-2
0,00011000011001110101000110010011100100010100010 4.0e-2
runproj limit: 4.0e-2
1,11000111000110111101001010111101010100001101011 4.0e-2
runproj limit: 4.0e-2
0,00001100010101110111001100010010110110010100010 4.0e-2
runproj limit: 4.0e-2
0,01110101110001101110010010111010100100110001101 4.0e-2
runproj limit: 4.0e-2
0,00000111001010110101000000011001000001000100010 4.0e-2
runproj limit: 4.0e-2
0,00001111011101110001110000001111101001010111010 4.0e-2
runproj limit: 4.0e-2
1,10101001000100010011010110011001011011100101110 4.0e-2
runproj limit: 4.0e-2
1,10100100011101001101000101001100000001100101011 3.8e-2
runproj limit: 4.0e-2
1,11001010000000100111110000001001000000001100001 4.0e-2
runproj limit: 4.0e-2
0,00101000101100100110000100010101001100010111100 4.0e-2
runproj limit: 4.0e-2
0,01000000010101100111000110010001100100010100010 4.0e-2
runproj limit: 4.0e-2
0,00010111010110110101001000110001001101000100010 4.0e-2
runproj limit: 4.0e-2
1,10000000011100011111000100000011010000000001110 4.0e-2
runproj limit: 4.0e-2
0,00101000101001110101000010011001000000000101110 4.0e-2
runproj limit: 4.0e-2
0,00000000010101000100000010110010100100010100010 4.0e-2
runproj limit: 4.0e-2
1,11000000010101001111000100000111101100010010010 3.8e-2
runproj limit: 4.0e-2
0,00000100101000000110000000011000010000101000010 4.0e-2
best: 0.95
runproj limit: 4.0e-2
0,00000101011010100100001000010000000101001100010 3.8e-2
runproj limit: 4.0e-2
1,10101100001100001100000101011100000100010101010 4.0e-2
runproj limit: 4.0e-2
0,00001011010101110000000010110111101100010100010 4.0e-2
runproj limit: 4.0e-2
1,11011010011001110101100110010011100100001100001 4.0e-2
runproj limit: 4.0e-2
1,11100000011101111111000100001101101101010001110 4.0e-2
runproj limit: 4.0e-2
1,11100000011101001101000100001110000001110000010 3.8e-2
runproj limit: 4.0e-2
0,00100100010101001100000101010000100001000100010 4.0e-2
runproj limit: 4.0e-2
0,00000110010111100101000100010001001101000100010 4.0e-2
runproj limit: 4.0e-2
1,10000000001100100011000100010011011010111001010 4.0e-2
runproj limit: 4.0e-2
1,11001111010101001000000110001100100110010111001 4.0e-2
runproj limit: 4.0e-2
0,00000010100111001111001000001011011110011110110 4.0e-2
runproj limit: 4.0e-2
1,10001011110011110011111100111110111110010000010 4.0e-2
runproj limit: 4.0e-2
1,10100110011111000001100100110111000011101101011 4.0e-2
runproj limit: 4.0e-2
1,10100100011101001101000101001100000001100101011 4.0e-2
runproj limit: 4.0e-2
1,11000000010101001111000100000111101100010010010 4.0e-2
runproj limit: 4.0e-2
1,10000110111011011100000010011110010101010011110 4.2e-2
runproj limit: 4.0e-2
0,00000110010111100101000100010001001101000100010 4.0e-2
runproj limit: 4.0e-2
0,01100010111101110111000110111001100001000001110 4.0e-2
runproj limit: 4.0e-2
0,00011000011001110101000110010011100100010100010 4.0e-2
runproj limit: 4.0e-2
1,11000111000110111101001010111101010100001101011 4.0e-2
best: 0.95
runproj limit: 4.0e-2
1,11100000011101111111000100001101101100010010010 4.0e-2
runproj limit: 4.0e-2
1,11100001110111101011010100111110001111010000010 4.0e-2
runproj limit: 4.0e-2
0,00100001010011011111100101010110111011010000010 4.0e-2
runproj limit: 4.0e-2
0,01001110011000110101100000010011000100001100000 4.0e-2
runproj limit: 4.0e-2
0,00000011011101110110000110010001100001000101010 4.0e-2
runproj limit: 4.0e-2
0,00000010011111000001000000001111010110011101011 4.0e-2
runproj limit: 4.0e-2
1,10000111010010100000001000011100110111000000010 4.0e-2
runproj limit: 4.0e-2
1,10100110011100011101001100011100010100001101011 4.0e-2
runproj limit: 4.0e-2
1,11011000001101110010000110111001100101000100100 4.0e-2
runproj limit: 4.0e-2
0,00011011111001110000000010110101011110010100001 4.0e-2
runproj limit: 4.0e-2
1,11010010010111001011000100000110100110010000010 4.0e-2
runproj limit: 4.0e-2
1,10100100001001100001001101110110000010101001101 4.0e-2
runproj limit: 4.0e-2
1,11011010011100011111100101010001100100011100011 4.0e-2
runproj limit: 4.0e-2
0,00000101011010100100001000010000000101001100010 4.0e-2
runproj limit: 4.0e-2
1,11100000011101001101000100001110000001110000010 4.0e-2
runproj limit: 4.0e-2
1,10101100001100001100000101011100000100010101010 4.0e-2
runproj limit: 4.0e-2
0,00001011010101110000000010110111101100010100010 4.0e-2
runproj limit: 4.0e-2
1,11011010011001110101100110010011100100001100001 4.0e-2
runproj limit: 4.0e-2
1,11100000011101111111000100001101101101010001110 4.0e-2
runproj limit: 4.0e-2
0,00100100010101001100000101010000100001000100010 4.0e-2
best: 1.0
runproj limit: 4.0e-2
0,00000000011001110001001011110111000110000101110 4.0e-2
runproj limit: 4.0e-2
0,00011011010000100000001000110101011111010100010 4.0e-2
runproj limit: 4.0e-2
0,01111001110101101011000100110110011110010100000 4.0e-2
runproj limit: 4.0e-2
1,10001101011000001100001000011100010111000100010 4.0e-2
runproj limit: 4.0e-2
0,00001011011100011010000001010111100100010100011 4.0e-2
runproj limit: 4.0e-2
0,00001011111111110001000110111110001111010100000 4.0e-2
runproj limit: 4.0e-2
0,01001000001101110010000110101011100100000101011 4.0e-2
runproj limit: 4.0e-2
0,01011011011101110111100100010001100001000101010 4.0e-2
runproj limit: 4.0e-2
0,01001110011111101011011010011110110110011101010 4.0e-2
runproj limit: 4.0e-2
1,11010000001101111010100110111001100101000110100 4.0e-2
runproj limit: 4.0e-2
1,10000011010001000010000100110001010111000000011 4.0e-2
runproj limit: 4.0e-2
0,01000001011001011110000010011100101100101010110 4.0e-2
runproj limit: 4.0e-2
1,10001111001101010000011000101111100110011011010 4.0e-2
runproj limit: 4.0e-2
1,11100000011101111111000100001101101100010010010 4.0e-2
runproj limit: 4.0e-2
1,11100001110111101011010100111110001111010000010 3.7e-2
runproj limit: 4.0e-2
0,00100001010011011111100101010110111011010000010 3.8e-2
runproj limit: 4.0e-2
0,01001110011000110101100000010011000100001100000 3.8e-2
runproj limit: 4.0e-2
0,00000011011101110110000110010001100001000101010 4.0e-2
runproj limit: 4.0e-2
0,00000010011111000001000000001111010110011101011 4.0e-2
runproj limit: 4.0e-2
1,10000111010010100000001000011100110111000000010 3.8e-2
best: 0.9249999999999999
runproj limit: 4.0e-2
1,10001101011001001110001000011100110100101000010 4.0e-2
runproj limit: 4.0e-2
0,00001011111101101011000110110110001111010100000 4.0e-2
runproj limit: 4.0e-2
0,00100001010011011111100101010110111011010000010 4.0e-2
runproj limit: 4.0e-2
1,11011000001101111010000110111001100100000110010 3.7e-2
runproj limit: 4.0e-2
1,10000000011011100000001011011110010111000101010 3.7e-2
runproj limit: 4.0e-2
1,11101000011111101011010010011101110110010100010 3.8e-2
runproj limit: 4.0e-2
0,01000001011001011110000010011100101100101010110 4.0e-2
runproj limit: 4.0e-2
0,00100001010111111110100101010111110001010100010 4.0e-2
runproj limit: 4.0e-2
0,00111111111111110001010100011010001111011111000 4.0e-2
runproj limit: 4.0e-2
1,11001100001011110001100001110011000001001100001 4.0e-2
runproj limit: 4.0e-2
0,01100110111111101011111011001110110100101100010 4.0e-2
runproj limit: 4.0e-2
0,01101010011110110111000001011111010001010100000 4.0e-2
runproj limit: 4.0e-2
1,10011010000100001010100111111011101100010000011 4.0e-2
runproj limit: 4.0e-2
1,11100001110111101011010100111110001111010000010 4.0e-2
runproj limit: 4.0e-2
0,00100001010011011111100101010110111011010000010 4.0e-2
runproj limit: 4.0e-2
0,01001110011000110101100000010011000100001100000 4.0e-2
runproj limit: 4.0e-2
1,10000111010010100000001000011100110111000000010 4.0e-2
runproj limit: 4.0e-2
0,00000000011001110001001011110111000110000101110 4.0e-2
runproj limit: 4.0e-2
0,00011011010000100000001000110101011111010100010 4.0e-2
runproj limit: 4.0e-2
0,01111001110101101011000100110110011110010100000 4.0e-2
best: 0.9249999999999999
done evolving!
"all is well:)"
>>>>>>>>>>>>>>FINISH OPTIMIZATION>>>>>>>>>>>>>>>
638.01user 315.34system 21:17.99elapsed 74%CPU (0avgtext+0avgdata 137620maxresident)k
1544inputs+1545576outputs (23major+77234293minor)pagefaults 0swaps
