warning: dubious run time results for treejoin: [0.22999999,0.31,0.22,0.31]
warning: dubious run time results for treejoin: [0.22999999,0.31,0.22,0.31]
warning: dubious run time results for treejoin: [0.24000001,0.25,0.36,0.37]
warning: dubious GC time results for treejoin: [0.15,0.15,0.22,0.22]
warning: dubious run time results for treejoin: [0.24000001,0.25,0.36,0.37]
warning: dubious GC time results for treejoin: [0.15,0.15,0.22,0.22]
Optimizing /data/dan/nofib/spectral/treejoin
>>>>>>>>>>>>>>>START OPTIMIZATION>>>>>>>>>>>>>>>
pop: 13
gens: 15
arch: 7
limit is: 0.24
runproj limit: 0.24
"All is well :D"
Basetime is: 0.258
runproj limit: 0.24
0100000000000000000010000000000000000000000010000000001000000000101000000010011000000000000000000000000000000100000000 0.288
runproj limit: 0.24
0010000000100000000100000000001100000000000000000000000000000001001000000000000000000000000000000000000000100000001000 0.252
runproj limit: 0.24
0000000000010000001000001001101000000000000011000001000010000000000000000000100000100000000000000001000000100001000100 0.275
runproj limit: 0.24
"timed out"
0000000000010000001000001010000000001010010000000001000000000110000000001000000000000000000000000001000001000000000000 0.516
runproj limit: 0.24
0000000000000000000000000000000000000000000000000000000000000000000000000000000000000000000000000000000000000000000000 0.27
runproj limit: 0.24
0010000010010000000000010000100000000000000000001000000000000000110000000100000000001000000000010100000000000001000001 0.248
runproj limit: 0.24
0000000000000000000000000000000000000000000000000000000000000000000000000000000000000000000000000000000000000000000000 0.245
runproj limit: 0.24
0000000000000000000000000000000000000000000000000000000000000000000000000000000000000000000000000000000000000000000000 0.258
runproj limit: 0.24
0000000000000000000000000000000000000000000000000000000000000000000000000000000000000000000000000000000000000000000000 0.252
runproj limit: 0.24
0010000000000000000000001000000000110000100000000001000000000000010000000000000000000000010000000000100000000000000000 0.27
runproj limit: 0.24
0000010000000000100000000000000000001010000000000000000000001011000000000000100000111100000010000000010000001000000000 0.24
runproj limit: 0.24
0000100000001000000000010000000100000000001000000000000000000000010000001000000000000000000000000000010000100000000000 0.227
runproj limit: 0.24
0000000000000000000000000000000000000000000000000000000000000000000000000000000000000000000000000000000000000000000000 0.258
best: 0.8798449612403101
runproj limit: 0.24
0000010000000000000000000000000000001000000000000000000000000010000000000000000000010100000000000000010000000000000000 0.258
runproj limit: 0.24
0010100000100000000000000000000100000000001000000000000000000001011000000000000000000000000000000000010000100000000000 0.267
runproj limit: 0.24
0010000010010000000000010000100000000000000000001000000000000000110000000100000000001000000000010100000000000001000001 0.248
runproj limit: 0.24
0000000000000000000000000000000000000000000000000000000000000000000000000000000000000000000000000000000000000000000000 0.272
runproj limit: 0.24
0000000000000000000000000000000000000000000000000000000000000000000000000000000000000000000000000000000000000000000000 0.305
runproj limit: 0.24
0000000000000000000000000000000000000000000000000000000000000000000000000000000000000000000000000000000000000000000000 0.248
runproj limit: 0.24
0000000000000000100000000000000000001010000000000000000000000010000000000000000000110000000000000000010000000000000000 0.24
runproj limit: 0.24
0000000000000000000000000000000000000000000000000000000000000000000000000000000000000000000000000000000000000000000000 0.238
runproj limit: 0.24
0010000000111100100100011000000100000010000001000100011100101001001010001100010000000011000100001000100010101000011000 0.255
runproj limit: 0.24
0000110000000001011001110000000001111000001101010100000000010000010000001000000000011010100010100000010100100010000100 0.225
runproj limit: 0.24
0100110011000110011100000101000000010010000001000000100100100000000000100010000000101010000100100101100100100000000000 0.245
runproj limit: 0.24
0110010000011000010100110001000010000000000000000101010001000110110000010100001000101100000101010110100000111101000100 0.24
runproj limit: 0.24
"timed out"
0110000100100000110000000001000000101000000001011111110000001011000000010000100000111101000111111001110001001000001000 0.516
runproj limit: 0.24
0000100000001000000000010000000100000000001000000000000000000000010000001000000000000000000000000000010000100000000000 0.215
runproj limit: 0.24
0000010000000000100000000000000000001010000000000000000000001011000000000000100000111100000010000000010000001000000000 0.238
runproj limit: 0.24
0000000000000000000000000000000000000000000000000000000000000000000000000000000000000000000000000000000000000000000000 0.255
runproj limit: 0.24
0010000010010000000000010000100000000000000000001000000000000000110000000100000000001000000000010100000000000001000001 0.252
runproj limit: 0.24
0010000000100000000100000000001100000000000000000000000000000001001000000000000000000000000000000000000000100000001000 0.24
runproj limit: 0.24
0010000000000000000000001000000000110000100000000001000000000000010000000000000000000000010000000000100000000000000000 0.278
runproj limit: 0.24
0000000000010000001000001001101000000000000011000001000010000000000000000000100000100000000000000001000000100001000100 0.275
best: 0.8333333333333333
runproj limit: 0.24
0000000000000000000000000000000000001000000000000000000000000010000000000000000000000000000000000000000000000000000000 0.252
runproj limit: 0.24
0100000000011000000000010000000110000000001000000100010001000100010000011100001000000000000001010110110000101001000000 0.258
runproj limit: 0.24
0000010010010010011100010100000000010010000001000000000000100000000000000100000000001000000100000101100100100001000000 0.285
runproj limit: 0.24
0000100000100000000000000000000000001000001000000000000000000011001000000000100000010000000010000000010000000000000000 0.218
runproj limit: 0.24
0000100010010000000000010000100100000000001000000000000000000000110000000100000000000000000000010000000000000000000000 0.222
runproj limit: 0.24
0010000000000000000000010000000000000000000000000000000000000000010000000000000000000000000000000100000000000000000000 0.26
runproj limit: 0.24
0000010000000100111100000101000000000010000000000000100100001010000000100010100000101100000110100100010000000000000000 0.28
runproj limit: 0.24
0010010000000000010100110001000000001000000001000101010001000000010000001000001000011010000010100010100000100001000100 0.25
runproj limit: 0.24
"timed out"
0010000010010010000101010100101000000001001110010000000100100000110000110001101100001010000000011100011100110111010011 0.516
runproj limit: 0.24
0001100000011000010010010001000000000010001001100000001000100110000100011100000101000100000000101101010100110000101000 0.198
runproj limit: 0.24
"timed out"
1111010000001111010110110001011010000011000100100001110110001100011010000100001110110110100100010010101000001100001110 0.516
runproj limit: 0.24
"timed out"
0101010001000101110110111001000011111010000101000001000011000010110000111100001000011000000101100001101001101001000110 0.516
runproj limit: 0.24
"timed out"
0001110000001101100001110100111101101100011100000000100010000001010101001110011001000000010000100010100101000001000100 0.516
runproj limit: 0.24
0000100000001000000000010000000100000000001000000000000000000000010000001000000000000000000000000000010000100000000000 0.227
runproj limit: 0.24
0000110000000001011001110000000001111000001101010100000000010000010000001000000000011010100010100000010100100010000100 0.212
runproj limit: 0.24
0000000000000000000000000000000000000000000000000000000000000000000000000000000000000000000000000000000000000000000000 0.248
runproj limit: 0.24
0000010000000000100000000000000000001010000000000000000000001011000000000000100000111100000010000000010000001000000000 0.235
runproj limit: 0.24
0000000000000000100000000000000000001010000000000000000000000010000000000000000000110000000000000000010000000000000000 0.242
runproj limit: 0.24
0110010000011000010100110001000010000000000000000101010001000110110000010100001000101100000101010110100000111101000100 0.235
runproj limit: 0.24
0010000000100000000100000000001100000000000000000000000000000001001000000000000000000000000000000000000000100000001000 0.238
best: 0.7674418604651163
runproj limit: 0.24
0001100000010000010000010000000000001000001001100000001000000010000100011100000000000000000000000000000100100000001000 0.18
runproj limit: 0.24
0010100000100000000000000000001100000000001000000000000000000011001000000000000000000000000010000000000000100000001000 0.208
runproj limit: 0.24
0000110000000001010001110001000011010000001101000101000001010110110000001000000000001010100100100110010000110001000100 0.212
runproj limit: 0.24
0000100000000000000000010000000000001000001000000000000000000000010000000000100000010000000010000000010000100000000000 0.202
runproj limit: 0.24
0000000000010100010100000101000000000010001000000000101100000110000000100110000001100100000010101101010000000000001000 0.24
runproj limit: 0.24
0010110000100000001000010000001000111000001001000100000000000000000000001000000000010010100010100000000100100000000100 0.218
runproj limit: 0.24
0000000000000000001000000001000000000000000000000000000000000010000000100000000000101100000000000100010000000000000000 0.27
runproj limit: 0.24
0000100000100000100000000000000000001010001000000000000000000010000000000000000000010000000010000000010000000000000000 0.218
runproj limit: 0.24
0000000000000000100000000010000010001010010000000000000010101011000000010010001111101010011000001110110000000000100000 0.255
runproj limit: 0.24
"timed out"
0110110000001000010101110000100000101010100101000101010111001000110101001011001000110010001000000001111000100111000111 0.516
runproj limit: 0.24
0111100001011101100010010001000000001010001101101001100001100111000111001100101111001001000000101111010000010000001100 0.182
runproj limit: 0.24
"timed out"
0011000100100001000101100110001000001001000001000001000000010000001000000101001100000000010001000001001101101010011000 0.516
runproj limit: 0.24
0011010001000101000100100101111101011000000001000101010101000010100000001000001100011110100010100011100100010001110100 0.228
runproj limit: 0.24
0001100000011000010010010001000000000010001001100000001000100110000100011100000101000100000000101101010100110000101000 0.182
runproj limit: 0.24
0000110000000001011001110000000001111000001101010100000000010000010000001000000000011010100010100000010100100010000100 0.2
runproj limit: 0.24
0000100000100000000000000000000000001000001000000000000000000011001000000000100000010000000010000000010000000000000000 0.23
runproj limit: 0.24
0000100010010000000000010000100100000000001000000000000000000000110000000100000000000000000000010000000000000000000000 0.225
runproj limit: 0.24
0000100000001000000000010000000100000000001000000000000000000000010000001000000000000000000000000000010000100000000000 0.227
runproj limit: 0.24
0000010000000000100000000000000000001010000000000000000000001011000000000000100000111100000010000000010000001000000000 0.23
runproj limit: 0.24
0110010000011000010100110001000010000000000000000101010001000110110000010100001000101100000101010110100000111101000100 0.248
best: 0.6976744186046511
runproj limit: 0.24
0000100000010000000000000100000100000010001000000000000000000111000000000000000001000100000010100000010000000000001000 0.202
runproj limit: 0.24
0010010000010000110000000001000000000010000000000101010001001111110000000000100000111100000101010000010000111000000100 0.235
runproj limit: 0.24
0001100000011000010010010001000000000010001001100000001000100110000100011100000101000100000000101101010100110000101000 0.19
runproj limit: 0.24
0100100000011000000000110001000000001000001000000001000000000000010000010000101000110100000001010010110000100001000100 0.232
runproj limit: 0.24
0000000000100100010100000101000000001010001000000000101100000110000000100000000001010000000010000101010000000000000000 0.258
runproj limit: 0.24
0000010000000001010000110000000001001010000000000000000000010000000000001000100000111000000010000000010100001000000100 0.252
runproj limit: 0.24
0001100000010000010100010001000000000010001001000000101100000110000100100100000000000000000000101001000100100000001000 0.188
runproj limit: 0.24
0010100000000000000000000000001100001000001000000000000000000000010000000000100000000000000010000000010000100000001000 0.218
runproj limit: 0.24
0011101000110110011101010100001010101000101001100000001100110100000100011111000101010100101000000000000110101000111000 0.187
runproj limit: 0.24
"timed out"
0111010001000001100001000000000000000010000001001100101100010011000100110000100001101000011110001001011010001010000011 0.516
runproj limit: 0.24
"timed out"
0111000101011101100000100101000000001010001101101000110001100001101011001110101111101100000000001011011001000010101110 0.516
runproj limit: 0.24
1000110100110001110011111001100011010001001101000011000000010100110000010000001010001100100100101110100010100000110000 0.222
runproj limit: 0.24
0101100000010000000011110010000010000001000001100011011010010010000100011110001011000001000010100000000010110011011000 0.18
runproj limit: 0.24
0001100000010000010000010000000000001000001001100000001000000010000100011100000000000000000000000000000100100000001000 0.192
runproj limit: 0.24
0111100001011101100010010001000000001010001101101001100001100111000111001100101111001001000000101111010000010000001100 0.18
runproj limit: 0.24
0001100000011000010010010001000000000010001001100000001000100110000100011100000101000100000000101101010100110000101000 0.192
runproj limit: 0.24
0000110000000001011001110000000001111000001101010100000000010000010000001000000000011010100010100000010100100010000100 0.22
runproj limit: 0.24
0000100000000000000000010000000000001000001000000000000000000000010000000000100000010000000010000000010000100000000000 0.208
runproj limit: 0.24
0010100000100000000000000000001100000000001000000000000000000011001000000000000000000000000010000000000000100000001000 0.21
runproj limit: 0.24
0000110000000001010001110001000011010000001101000101000001010110110000001000000000001010100100100110010000110001000100 0.222
best: 0.6976744186046511
runproj limit: 0.24
0111100000001101011011010000000001111010001101001100000000000001000011001000100111011000000000100000010000010010001100 0.182
runproj limit: 0.24
0010010000010000010000000001001100000010001000000000000000001101110000000000100000111000000100000000010000111000000100 0.235
runproj limit: 0.24
0101100000011001000000010000000000001010001101001001000001100010010010001100101010000000000000101011010000010000000100 0.19
runproj limit: 0.24
0010100001000100100010010000000000001010001000001001000000100011000010000100101011001001000000100011010000000000001100 0.225
runproj limit: 0.24
0000110000000000010000110000000001001010000000000000000000010000010000001000100000111000000010000000010100100000000000 0.22
runproj limit: 0.24
0110100000011000000000000001001000001000001000000000000000000000010000000000100000100000000010010010110000100001001000 0.222
runproj limit: 0.24
0111100001011101000000010001000000001010001101001000101001000111000110100100001000001000000000101001000100110000001000 0.182
runproj limit: 0.24
0001101000000010011101110001000011111000101001000000001101110100100100011111000100010010101000100000000100111001110100 0.172
runproj limit: 0.24
"timed out"
0000100000101000000101001000001000000000001000100101100010001011001100100100000000100010000010000010001010000110001100 0.516
runproj limit: 0.24
0011100100110001110001111001001111011001101011000010101100000101100010001000011010001101100100101110100010010100110010 0.185
runproj limit: 0.24
"timed out"
1111111010111010111101011100101000111100111000110001001110001010011110001011000101110100101000000100111110111100111000 0.516
runproj limit: 0.24
0011100010001001000000000001000110111000001001000000000011010100000100001010100001000000110100000111010110100010001000 0.162
runproj limit: 0.24
"timed out"
0010110000101011010001000000100011000010001010010101001100000110000001100100100000100010000011010001010101100101001110 0.516
runproj limit: 0.24
0101100000010000000011110010000010000001000001100011011010010010000100011110001011000001000010100000000010110011011000 0.193
runproj limit: 0.24
0111100001011101100010010001000000001010001101101001100001100111000111001100101111001001000000101111010000010000001100 0.185
runproj limit: 0.24
0011101000110110011101010100001010101000101001100000001100110100000100011111000101010100101000000000000110101000111000 0.192
runproj limit: 0.24
0001100000010000010100010001000000000010001001000000101100000110000100100100000000000000000000101001000100100000001000 0.19
runproj limit: 0.24
0001100000011000010010010001000000000010001001100000001000100110000100011100000101000100000000101101010100110000101000 0.197
runproj limit: 0.24
0001100000010000010000010000000000001000001001100000001000000010000100011100000000000000000000000000000100100000001000 0.195
runproj limit: 0.24
0000100000010000000000000100000100000010001000000000000000000111000000000000000001000100000010100000010000000000001000 0.21
best: 0.627906976744186
runproj limit: 0.24
0001100000000000010000010001000001000010000000000000001000010110010000101000100000110000000000100001000100100000000000 0.195
runproj limit: 0.24
0000100000001000010001010001000001000010001011000100101100000110000100100100100000000000000001011001000100100001001000 0.203
runproj limit: 0.24
0111100000011001000000010001000000001010001101001001100001100110010110100100001000000000000000101001010000110000001000 0.17
runproj limit: 0.24
0000100000010000000000000100000100000010001000000000000000000111000000000000000001000100000010100000010000000000001000 0.222
runproj limit: 0.24
0011101000100110011111010100000010111010101001001100000000110100000000011110000111010100100000000000000010011010101000 0.188
runproj limit: 0.24
0011100001011101111110010100001010001010101101101001100001110110000111001110001101001000001000000001010010111000011000 0.178
runproj limit: 0.24
0111100001011101011010010001000000011010001101001000100000100101000111001100101111011000000000100111010000010010001100 0.18
runproj limit: 0.24
0011101000000010011101010000000011111000101001000000001100110100000100011111000100010010101000000000000110101001111100 0.19
runproj limit: 0.24
0010110000000011111001010111000001011111010001011100000100000011000111001001001111011011010010000000010110100010011100 0.22
runproj limit: 0.24
"timed out"
0101011100010101011000000011000110010000011110100100000110110101000000011000010101000011110000100111010111100111010000 0.516
runproj limit: 0.24
"timed out"
0000000000011000000010000001100000000011001010101001011000110110010100101100000110000100110000001101011001110000001111 0.516
runproj limit: 0.24
"timed out"
1010000000100100100000011100100011001010000110000001010000010011010100111100001110001000101010100011101100110111011000 0.516
runproj limit: 0.24
0001101000100110011100100110000011100000001011100010101101110010100100011100010000100110111100001000000000101011010100 0.182
runproj limit: 0.24
0011100010001001000000000001000110111000001001000000000011010100000100001010100001000000110100000111010110100010001000 0.187
runproj limit: 0.24
0001101000000010011101110001000011111000101001000000001101110100100100011111000100010010101000100000000100111001110100 0.188
runproj limit: 0.24
0111100000001101011011010000000001111010001101001100000000000001000011001000100111011000000000100000010000010010001100 0.185
runproj limit: 0.24
0111100001011101000000010001000000001010001101001000101001000111000110100100001000001000000000101001000100110000001000 0.18
runproj limit: 0.24
0011100100110001110001111001001111011001101011000010101100000101100010001000011010001101100100101110100010010100110010 0.178
runproj limit: 0.24
0111100001011101100010010001000000001010001101101001100001100111000111001100101111001001000000101111010000010000001100 0.175
runproj limit: 0.24
0101100000011001000000010000000000001010001101001001000001100010010010001100101010000000000000101011010000010000000100 0.178
best: 0.6589147286821706
runproj limit: 0.24
0011100101010101010001010001000001001010001101000000101000000101100010100000011000001100000000101001000000110000110000 0.192
runproj limit: 0.24
0011101000100010011100110000000011100000101001000000101101110000100100011110000100010110101100000000000010101001111100 0.18
runproj limit: 0.24
0011100001111101111110110011000001101010001001100010100101100010100101011100110110001101101100001101000000100010000100 0.182
runproj limit: 0.24
"timed out"
0101001001011101000010010011000000000000001110101000100111100111000000001100011111001011100000100111010001010010000000 0.516
runproj limit: 0.24
0011100000011110001100010001000010111000001001101000001001110101000111001111101111010000101000101000000100111000001100 0.172
runproj limit: 0.24
0111101000001001011011010000000000011000001101001000100100110101000111011110100110010000001000000110000110000001001100 0.185
runproj limit: 0.24
"timed out"
0101001000010001011101100001000010111000101001100100001100110101100100011010000100010011111000100111000111111011110100 0.516
runproj limit: 0.24
0011100000111010010010010101000010101010101001001001000001100100000110011110000011000000100000000001010010011010101000 0.187
runproj limit: 0.24
"timed out"
0011010001001101111111010010001011101011001101101000000101100011001011011110100100001001100000000101011000111000111000 0.516
runproj limit: 0.24
1101100100110001100111110011001111011011111011100010100110000101110000011000111010001100000100100100000000010010101010 0.19
runproj limit: 0.24
1101110111011101000000010010000001011111110110000110111111010111000111100001011100001101000110101001100110111010001010 0.172
runproj limit: 0.24
0010101100010100001000100111100100000110001011100001010011100110000010000001000000001111000000100001110000000001101000 0.242
runproj limit: 0.24
"timed out"
1010110001000010011001010101011001011111000000111100100110000111000101011011001001011011001010010000011110000110011110 0.516
runproj limit: 0.24
0111100000011001000000010001000000001010001101001001100001100110010110100100001000000000000000101001010000110000001000 0.162
runproj limit: 0.24
0111100001011101100010010001000000001010001101101001100001100111000111001100101111001001000000101111010000010000001100 0.182
runproj limit: 0.24
0011100001011101111110010100001010001010101101101001100001110110000111001110001101001000001000000001010010111000011000 0.172
runproj limit: 0.24
0011100100110001110001111001001111011001101011000010101100000101100010001000011010001101100100101110100010010100110010 0.182
runproj limit: 0.24
0101100000011001000000010000000000001010001101001001000001100010010010001100101010000000000000101011010000010000000100 0.18
runproj limit: 0.24
0111100001011101011010010001000000011010001101001000100000100101000111001100101111011000000000100111010000010010001100 0.182
runproj limit: 0.24
0111100001011101000000010001000000001010001101001000101001000111000110100100001000001000000000101001000100110000001000 0.158
best: 0.6124031007751938
runproj limit: 0.24
0111100000011010001000010001000000101000001101101000000001110111000110001110101110000000001000101010010000111000000100 0.188
runproj limit: 0.24
0011100100011100110000011001001011111000101011101000101001000101000111001110001011001000101000101100100010110000101000 0.18
runproj limit: 0.24
0111100000010001100001011001000010001000001111000001101101000101100010001100111010001101000000101110010010010000010000 0.19
runproj limit: 0.24
0011101000100010011100110000000011100000101001000000101101110000100100011110000100010110101100000000000010101001111100 0.192
runproj limit: 0.24
0101100001011101000000010001000000001010001101101001000001100111010011001100101111001001000000101111010000010000000100 0.19
runproj limit: 0.24
"timed out"
0011100001000110111110010100011001001010100001111100100110000111000101011110001101001010001010000000011010011110011110 0.516
runproj limit: 0.24
1111110101011101011100010000000001001010101101000000101001010110000111001100011100001100001110100001000110111000001000 0.178
runproj limit: 0.24
1101110011011101000010010011000001011111101100001010101011010101000111100000001100011000000010100101010010010010001000 0.19
runproj limit: 0.24
"timed out"
1111000101010000100011011001100000001000001100011001110001100111110111100111111011001001000100011011111100010000001101 0.516
runproj limit: 0.24
"timed out"
1101111111011011000000010000111001011111010011010110111111110111101101101101011100101101001110101001001110111010001010 0.516
runproj limit: 0.24
"timed out"
0010101010110010011100110001110111100000111001001001101111111000100100011000101010100110101010001001011110101011010110 0.516
runproj limit: 0.24
"timed out"
1111100001110101000100001000010101101000000001001100111001000101001110110111000000001010001000101001101101001000000000 0.516
runproj limit: 0.24
"timed out"
0111100001010100011000010110100010010000011111011010010000011111001110100000001000001000000000111001001100000000101100 0.516
runproj limit: 0.24
0111100001011101000000010001000000001010001101001000101001000111000110100100001000001000000000101001000100110000001000 0.182
runproj limit: 0.24
0111100000011001000000010001000000001010001101001001100001100110010110100100001000000000000000101001010000110000001000 0.18
runproj limit: 0.24
0011100000011110001100010001000010111000001001101000001001110101000111001111101111010000101000101000000100111000001100 0.185
runproj limit: 0.24
1101110111011101000000010010000001011111110110000110111111010111000111100001011100001101000110101001100110111010001010 0.178
runproj limit: 0.24
0011100001011101111110010100001010001010101101101001100001110110000111001110001101001000001000000001010010111000011000 0.188
runproj limit: 0.24
0011101000100010011100110000000011100000101001000000101101110000100100011110000100010110101100000000000010101001111100 0.19
runproj limit: 0.24
0101100000011001000000010000000000001010001101001001000001100010010010001100101010000000000000101011010000010000000100 0.185
best: 0.6899224806201549
runproj limit: 0.24
0101110001011101000000010001000001001110101100001000101001000101000110100000001000001000000000100101010000110000001000 0.165
runproj limit: 0.24
0011100001011100010000010001000001101000001011101000101001100111000011001100001111001000101000101100100010010000000000 0.185
runproj limit: 0.24
0111100000011010001000010001000000101000001101101000000001110111000110001110101110000000001000101010010000111000000100 0.195
runproj limit: 0.24
0011100000011111001110010101000010111000001101101000101001110101000111001110001101011000101000000001000100111000011100 0.185
runproj limit: 0.24
0111000001010001100010011001100000001000001101011001110001100111110110100110111000000001000000101011010000010000001101 0.235
runproj limit: 0.24
0111100000011001001100010000000001001010001101001001100001000110010110001100001000001100000100100001000110110000001000 0.18
runproj limit: 0.24
0111100001011100000000010001000000101000001101101000000001110111000011001110101111001001001000101011010000110000000100 0.18
runproj limit: 0.24
0111100000010010001000110001000001000000001001000000101001000101100110101100001100010110001100001001000000100000111100 0.19
runproj limit: 0.24
"timed out"
1001100000011011001001110001000101101010100011110010000001000010001011100101101001000000110011100011011010010000000011 0.516
runproj limit: 0.24
"timed out"
1111101111011001101100110001111000010111010011010100111010110110111101011101011001100101010111101101101101111010001010 0.516
runproj limit: 0.24
"timed out"
1111110011001101100111010100010101011111001000101000100011100011000101100100101110001001010000000011100111010010101100 0.516
runproj limit: 0.24
0010000111110100010100010011000100101010111010101000101011010111000101101011101100011110101000001000100000011000101000 0.242
runproj limit: 0.24
"timed out"
0111001001011111011100010101000111100000000011101011001000000110000111001011001101100100101100110100100111110000001110 0.516
runproj limit: 0.24
1111110101011101011100010000000001001010101101000000101001010110000111001100011100001100001110100001000110111000001000 0.185
runproj limit: 0.24
1101110111011101000000010010000001011111110110000110111111010111000111100001011100001101000110101001100110111010001010 0.18
runproj limit: 0.24
0011100100011100110000011001001011111000101011101000101001000101000111001110001011001000101000101100100010110000101000 0.175
runproj limit: 0.24
0111100000011001000000010001000000001010001101001001100001100110010110100100001000000000000000101001010000110000001000 0.182
runproj limit: 0.24
0111100001011101000000010001000000001010001101001000101001000111000110100100001000001000000000101001000100110000001000 0.175
runproj limit: 0.24
0011100000011110001100010001000010111000001001101000001001110101000111001111101111010000101000101000000100111000001100 0.182
runproj limit: 0.24
0101100000011001000000010000000000001010001101001001000001100010010010001100101010000000000000101011010000010000000100 0.19
best: 0.6395348837209303
runproj limit: 0.24
0111100000011001001100010000000001001010001101001001100001100110010110001100001000000000000100100001000010110000001000 0.178
runproj limit: 0.24
0111100000011001000000010000000000001010001101001001100001100110010110101100001010000000000000101011010000010000000100 0.178
runproj limit: 0.24
0101000001010001000000011000100000011111100111010101110001000111100110100110111100000001000110101001000010011010001100 0.238
runproj limit: 0.24
0001110000011100001100010001000010101110101101101000001001100101000111001110001101001000100000100101010100111000001100 0.178
runproj limit: 0.24
"timed out"
1111100011011001111000110001110000001100001011001100111010100111101011011100011011100001110000101100101011110000000010 0.516
runproj limit: 0.24
0111100000011001001000010000000000001010001101001000100001000111000110000100001000001000000000101001000110110000001000 0.175
runproj limit: 0.24
0011100000011101001000010001000010001010001101101000100001110111010110101110001000000000000000000001010100111000001100 0.17
runproj limit: 0.24
1101110101011001000000010010000001011011011100001100100011010011010010100000011000000000000110101011000100110000000110 0.165
runproj limit: 0.24
"timed out"
1111110110001101010011010011011001111110111100000111111110010110001011100000010100001001000110101101001110101001101011 0.516
runproj limit: 0.24
1101100111110111000001010001000000100110011011101100011000110111000011101001100101101000001010111011010000011010101100 0.18
runproj limit: 0.24
"timed out"
0111100001011000001000010101111100001000111110101100001101011010000110111000001010001000100000100111010001110010000011 0.516
runproj limit: 0.24
"timed out"
0001100100011111100101010001010011101000101110101100101001100101100111001110101011000001100100101000101000101001001000 0.516
runproj limit: 0.24
0101110111001000100100010011001001010111100111001101011111010001101010000001011000000011000011101000000110111001000010 0.185
runproj limit: 0.24
0101110001011101000000010001000001001110101100001000101001000101000110100000001000001000000000100101010000110000001000 0.182
runproj limit: 0.24
0011100100011100110000011001001011111000101011101000101001000101000111001110001011001000101000101100100010110000101000 0.185
runproj limit: 0.24
0111100001011101000000010001000000001010001101001000101001000111000110100100001000001000000000101001000100110000001000 0.182
runproj limit: 0.24
0111100000011001001100010000000001001010001101001001100001000110010110001100001000001100000100100001000110110000001000 0.16
runproj limit: 0.24
0111100001011100000000010001000000101000001101101000000001110111000011001110101111001001001000101011010000110000000100 0.185
runproj limit: 0.24
1101110111011101000000010010000001011111110110000110111111010111000111100001011100001101000110101001100110111010001010 0.195
runproj limit: 0.24
0111100000011001000000010001000000001010001101001001100001100110010110100100001000000000000000101001010000110000001000 0.18
best: 0.6201550387596899
runproj limit: 0.24
0111100100011001000100010000001001011000001101101000101001100101010110001100001000000000101100101000100010110000001000 0.182
runproj limit: 0.24
0101100101011000000100010001001000011111101101001101100101110101011110100101001000000001000000101001010100110000000000 0.178
runproj limit: 0.24
0111100101011100100000010001001001000011001111001000001001000011100010000100001000000011000011101000000100110000000010 0.185
runproj limit: 0.24
0101110000011100001100010001000010101110101100001000101001000101000110000100001000001000000000100101010100110000001000 0.195
runproj limit: 0.24
1111110011011001000000010010000001011011001101001111110001000110010110100100011100001100000000101001000110111010001010 0.19
runproj limit: 0.24
0111110010011000000100010010001001000011001101001101110011010000100110101000001010000010000011101000000010110000000110 0.197
runproj limit: 0.24
0101110001011100000000010001000001001100001100101000001001100111000010101000101010001001000000101111010000110000001100 0.192
runproj limit: 0.24
0111100000011001000000010000000000001010001101001001100001100110010110101100001010000000000000101011010000010000000100 0.185
runproj limit: 0.24
0111100000011110110000010000000000100001101111010000100000110101101101100100000100001010000011101001000000011001000101 0.202
runproj limit: 0.24
"timed out"
1101001011011101011100011010101101110111100011101110111100010101011111110010001110011101010110101011100111111010001000 0.516
runproj limit: 0.24
0001111110010001000000100010110010010011101110001001100001011000000000111000111001000111001100101111100100010000011110 0.172
runproj limit: 0.24
"timed out"
1101100011100101001000100010000100010010110000011000101001101101000010101000010010000100000000101101011000100101000100 0.516
runproj limit: 0.24
"timed out"
0111101000010001110010010110101100000010101101001011101100111010011010011000011000100000010000100101001001010110101000 0.516
runproj limit: 0.24
0111100000011001001100010000000001001010001101001001100001000110010110001100001000001100000100100001000110110000001000 0.175
runproj limit: 0.24
1101110101011001000000010010000001011011011100001100100011010011010010100000011000000000000110101011000100110000000110 0.19
runproj limit: 0.24
0011100000011101001000010001000010001010001101101000100001110111010110101110001000000000000000000001010100111000001100 0.182
runproj limit: 0.24
0111100000011001001000010000000000001010001101001000100001000111000110000100001000001000000000101001000110110000001000 0.175
runproj limit: 0.24
0111100000011001001100010000000001001010001101001001100001100110010110001100001000000000000100100001000010110000001000 0.188
runproj limit: 0.24
0111100000011001000000010000000000001010001101001001100001100110010110101100001010000000000000101011010000010000000100 0.178
runproj limit: 0.24
0001110000011100001100010001000010101110101101101000001001100101000111001110001101001000100000100101010100111000001100 0.188
best: 0.6666666666666666
runproj limit: 0.24
1111110001011001000000010010000001011011001101001110110011000111010010100000011100000000000110101001000100110010000110 0.182
runproj limit: 0.24
0111110000011000001100010001001001101010001101001000110001010100000110001100001000000010000011101100010000110000001000 0.182
runproj limit: 0.24
0101100101011100000000010001001001000101001100001000001001000011000010000000101010001011000010101100010100110000000110 0.18
runproj limit: 0.24
0111100101011001001000010010000000011011001100001000100001000111000110000100001000001000000010101001000100110000000000 0.18
runproj limit: 0.24
0111100100011001001100010000001001001000001101101000101001100101010110001100001000000000101100100000100010110000001000 0.185
runproj limit: 0.24
0001111000010101001000000010100010011011101100101001100001110000000110111000001001000000000100000101000100110000011100 0.185
runproj limit: 0.24
1101100100011001000100010000001001011000011101001100100001000001010010101100011000000000000110101011000010110000000000 0.18
runproj limit: 0.24
0111110000011100001100010001000010101110101101101001001001100100010111001100001000001100000000100101010100111000001100 0.195
runproj limit: 0.24
1100001011011001011000010000000001011010011000001011101001110110010110101110101011000100000011000001000010110011111100 0.24
runproj limit: 0.24
0110100111101100100000010001000010001011001110100000101001001010100010000110000000001011100000100000100100100000000110 0.23
runproj limit: 0.24
0110101000010001010000010000000100100010000101001011100000101110011110101010001010010010011000111011100000000001000110 0.227
runproj limit: 0.24
0011101001000111001010110101000110001110011110100000101001110001001110101010011000010100000000000001010110111010001110 0.185
runproj limit: 0.24
"timed out"
0101110000001010100100011101001010101111101101000101101001011101001000000100001010110000001110111000111100100011001000 0.516
runproj limit: 0.24
0001111110010001000000100010110010010011101110001001100001011000000000111000111001000111001100101111100100010000011110 0.193
runproj limit: 0.24
0111100000011001001100010000000001001010001101001001100001000110010110001100001000001100000100100001000110110000001000 0.182
runproj limit: 0.24
0111100000011001001000010000000000001010001101001000100001000111000110000100001000001000000000101001000110110000001000 0.185
runproj limit: 0.24
0101100101011000000100010001001000011111101101001101100101110101011110100101001000000001000000101001010100110000000000 0.182
runproj limit: 0.24
0111100000011001000000010000000000001010001101001001100001100110010110101100001010000000000000101011010000010000000100 0.165
runproj limit: 0.24
0111100100011001000100010000001001011000001101101000101001100101010110001100001000000000101100101000100010110000001000 0.182
runproj limit: 0.24
0011100000011101001000010001000010001010001101101000100001110111010110101110001000000000000000000001010100111000001100 0.185
best: 0.6395348837209303
runproj limit: 0.24
0101100101011100000100010001001001001000001100001000101001000101010110000100001010000011001010101100010010110000001010 0.172
runproj limit: 0.24
0101100100011001000100010000001001001010001101001001100001000111010110001100001000000100000110100001000110110000000000 0.185
runproj limit: 0.24
0111100100011000001100010001001000101111001101001001110001110101011110101101001000000010000001101000010000110000000000 0.18
runproj limit: 0.24
1101100100011001000100010000001001011000001101001100100001100001010010101100011000000000000110101011100010110000000000 0.18
runproj limit: 0.24
0101100101011100000100010001001001001111101101001001100001000111001110100101001010001011000000101000010100110000000110 0.188
runproj limit: 0.24
0111110000011000001100010001001001101010001101001000110001010100000110001100001000000010000011101100010000110000001000 0.185
runproj limit: 0.24
0111110000011101001000010000100000001010001100101000100001110010000110101100001001001000000100101001000100110000001100 0.185
runproj limit: 0.24
0111100100011001001100010000001001001000001101101000101001100101010110001100001000000000101100101000100010110000001000 0.182
runproj limit: 0.24
"timed out"
0001010101011110101001111000001111000101001100101100011101100001000000000010111110001001101010111100000101011110100110 0.516
runproj limit: 0.24
"timed out"
0011001001000111101000110101000110001110010110100000101000010001001100011011011010010100000000000001111110101100011100 0.516
runproj limit: 0.24
"timed out"
1101110100010111001100100010111111011000011101101110100101100000011110101100111001110000100110000110010011111001100000 0.516
runproj limit: 0.24
1101100000001011000000001001001101011111100001101000101011101111010010101100001100000000101000001010000010110100011000 0.19
runproj limit: 0.24
"timed out"
1101110100111010000101111000101000110111010001000101111111111011111100100111011000100101000010111001011110101010010000 0.516
runproj limit: 0.24
0111100000011001000000010000000000001010001101001001100001100110010110101100001010000000000000101011010000010000000100 0.175
runproj limit: 0.24
0101100101011100000000010001001001000101001100001000001001000011000010000000101010001011000010101100010100110000000110 0.188
runproj limit: 0.24
0111100101011001001000010010000000011011001100001000100001000111000110000100001000001000000010101001000100110000000000 0.182
runproj limit: 0.24
1101100100011001000100010000001001011000011101001100100001000001010010101100011000000000000110101011000010110000000000 0.188
runproj limit: 0.24
1111110001011001000000010010000001011011001101001110110011000111010010100000011100000000000110101001000100110010000110 0.19
runproj limit: 0.24
0111110000011000001100010001001001101010001101001000110001010100000110001100001000000010000011101100010000110000001000 0.192
runproj limit: 0.24
0111100000011001001100010000000001001010001101001001100001000110010110001100001000001100000100100001000110110000001000 0.18
best: 0.6666666666666666
runproj limit: 0.24
1101100000011011000000010000001001011110101001001000100011100011010010101100001000000000000000001010000010110000010000 0.19
runproj limit: 0.24
0111100100011000001100010001001000101111001101001001110001110101011110101101001000000010000001101000010000110000000000 0.185
runproj limit: 0.24
0111100000011001001100010000001000101011001101001001100001100111010110101100001010000010000000101001010000110000000000 0.182
runproj limit: 0.24
0101100000011000001100010001001001011000001101001100100001100001000110001100001000000010000110101100000000110000000000 0.192
runproj limit: 0.24
0111100101011101000100010001001001001010001100001001100001000101010110000100001000000010000100100100010110110000001000 0.182
runproj limit: 0.24
"timed out"
0011000001011100100001011000000001000100001101001101110001100111010000101100101010000000001000111011000001010110000110 0.516
runproj limit: 0.24
0101100101001111000100011001001001001111101001001001101001000111010110101100001010001000100000101000000110110100010010 0.195
runproj limit: 0.24
0111100101011000000100010001000000011011001100001000101001000101010110000100001000001010001010101101000100110000000010 0.188
runproj limit: 0.24
0100100000011000001101011011011001101010100001001010110101011100000111101101101100110011100100001000010000010100011000 0.238
runproj limit: 0.24
"timed out"
1111101101010100011100010111001000111011001101110001010000110100011110101101001000100101001000010000010001110000100010 0.516
runproj limit: 0.24
0111000111011100000110010100001001000100101001001011100101010101001110000111101010010011000110101000110010110010110110 0.248
runproj limit: 0.24
"timed out"
0101110100000001000110010100111000011101101101101001000000110111011011001010101000000011100110111100100011111100000100 0.516
runproj limit: 0.24
1010111000111010101010010101100000101011011000101000100001010011000100110010100100000100010100111011100100100000001100 0.21
runproj limit: 0.24
0101100101011100000100010001001001001000001100001000101001000101010110000100001010000011001010101100010010110000001010 0.185
runproj limit: 0.24
0111100000011001000000010000000000001010001101001001100001100110010110101100001010000000000000101011010000010000000100 0.18
runproj limit: 0.24
0111100100011000001100010001001000101111001101001001110001110101011110101101001000000010000001101000010000110000000000 0.185
runproj limit: 0.24
1101100100011001000100010000001001011000001101001100100001100001010010101100011000000000000110101011100010110000000000 0.18
runproj limit: 0.24
0111100000011001001100010000000001001010001101001001100001000110010110001100001000001100000100100001000110110000001000 0.182
runproj limit: 0.24
0111100100011001001100010000001001001000001101101000101001100101010110001100001000000000101100101000100010110000001000 0.185
runproj limit: 0.24
0111100101011001001000010010000000011011001100001000100001000111000110000100001000001000000010101001000100110000000000 0.185
best: 0.6976744186046511
done evolving!
"all is well:)"
>>>>>>>>>>>>>>FINISH OPTIMIZATION>>>>>>>>>>>>>>>
621.22user 288.70system 15:56.52elapsed 95%CPU (0avgtext+0avgdata 133516maxresident)k
0inputs+1191792outputs (0major+73020482minor)pagefaults 0swaps
