Optimizing /data/dan/nofib/imaginary/wheel-sieve1
>>>>>>>>>>>>>>>START OPTIMIZATION>>>>>>>>>>>>>>>
pop: 13
gens: 15
arch: 7
limit is: 0.398
runproj limit: 0.398
"All is well :D"
Basetime is: 0.385
runproj limit: 0.398
0000000000000000000000000000000000000 0.388
runproj limit: 0.398
0010000000100000000100000000001100000 0.378
runproj limit: 0.398
"timed out"
0000000000010000001000001001101000000 0.77
runproj limit: 0.398
"timed out"
0000000000010000001000001010000000001 0.77
runproj limit: 0.398
0000000000000000000000000100011000000 0.372
runproj limit: 0.398
"timed out"
0010000010010000000000010000100000000 0.77
runproj limit: 0.398
1000000000000000000000000011000101010 0.362
runproj limit: 0.398
0100000000001100000000100000000000000 0.378
runproj limit: 0.398
0000000000000000000000000000000000000 0.362
runproj limit: 0.398
0010000000000000000000001000000000110 0.385
runproj limit: 0.398
0000010000000000100000000000000000001 0.383
runproj limit: 0.398
0000000000000000000000000000000000000 0.392
runproj limit: 0.398
0000000000000000000000000000000000000 0.365
best: 0.9402597402597402
runproj limit: 0.398
0000010000000000000000000000010000001 0.358
runproj limit: 0.398
0010000000100000000000000000000100000 0.378
runproj limit: 0.398
0010000000000000000000001000000000100 0.395
runproj limit: 0.398
0000000000000000000000000000000000000 0.385
runproj limit: 0.398
1000000000000000000000000011000101010 0.385
runproj limit: 0.398
1000000000000000000000000001000101010 0.36
runproj limit: 0.398
0010000000000000000000000000001100000 0.38
runproj limit: 0.398
1000000000000000000000000001000001010 0.398
runproj limit: 0.398
0010000000111100100100011000000100000 0.388
runproj limit: 0.398
"timed out"
0000010000001001011001100100011101111 0.77
runproj limit: 0.398
"timed out"
0100110011000110011100000001011000010 0.77
runproj limit: 0.398
0110010000011000010100110001000010000 0.36
runproj limit: 0.398
"timed out"
0110000100100000110000000001000000101 0.77
runproj limit: 0.398
1000000000000000000000000011000101010 0.39
runproj limit: 0.398
0000000000000000000000000000000000000 0.375
runproj limit: 0.398
0000000000000000000000000100011000000 0.375
runproj limit: 0.398
0010000000100000000100000000001100000 0.38
runproj limit: 0.398
0100000000001100000000100000000000000 0.383
runproj limit: 0.398
0000010000000000100000000000000000001 0.382
runproj limit: 0.398
0010000000000000000000001000000000110 0.38
best: 0.9298701298701298
runproj limit: 0.398
0000000000000000000000000001000100010 0.385
runproj limit: 0.398
1100000000010000000000000011000111010 0.358
runproj limit: 0.398
0000000000000000000000000000001101010 0.362
runproj limit: 0.398
0000000000100000000000000000000000000 0.378
runproj limit: 0.398
0000000000000000000000000010011101000 0.38
runproj limit: 0.398
0000000000000000000000000100000000000 0.365
runproj limit: 0.398
0000000000110100000100001000010100000 0.35
runproj limit: 0.398
0010010000001000010100110101011100001 0.368
runproj limit: 0.398
"timed out"
0010000000100010000001000100000100000 0.77
runproj limit: 0.398
1001000000010000010010000010000001010 0.355
runproj limit: 0.398
"timed out"
1111010000001111010110110001011010000 0.77
runproj limit: 0.398
0101010001000101110110111001000011111 0.378
runproj limit: 0.398
0011010000111001000101111100111101101 0.353
runproj limit: 0.398
0000010000000000000000000000010000001 0.378
runproj limit: 0.398
1000000000000000000000000001000101010 0.375
runproj limit: 0.398
0110010000011000010100110001000010000 0.355
runproj limit: 0.398
0000000000000000000000000000000000000 0.388
runproj limit: 0.398
0000000000000000000000000100011000000 0.368
runproj limit: 0.398
0010000000100000000000000000000100000 0.383
runproj limit: 0.398
0010000000000000000000000000001100000 0.37
best: 0.9090909090909091
runproj limit: 0.398
1001000000010000010000000001000101010 0.338
runproj limit: 0.398
0010000000100000000000000000001100000 0.38
runproj limit: 0.398
0000000000000000000000000000000101010 0.358
runproj limit: 0.398
0000010000000000000000000000010101000 0.385
runproj limit: 0.398
1000000000010100010100001010000000010 0.352
runproj limit: 0.398
1000000000000000000000000000000100010 0.378
runproj limit: 0.398
0100010000111000010100111000010000000 0.365
runproj limit: 0.398
0000000000100000000000000000011000000 0.385
runproj limit: 0.398
0000000000110100000100001010010110000 0.36
runproj limit: 0.398
"timed out"
0110110000000000010101110100111100101 0.77
runproj limit: 0.398
1111000001010101100010000010000001011 0.36
runproj limit: 0.398
"timed out"
0011000100000001000001100110001000001 0.77
runproj limit: 0.398
0011010001001101000100100001100001011 0.383
runproj limit: 0.398
0000000000110100000100001000010100000 0.35
runproj limit: 0.398
0011010000111001000101111100111101101 0.355
runproj limit: 0.398
1001000000010000010010000010000001010 0.343
runproj limit: 0.398
0110010000011000010100110001000010000 0.358
runproj limit: 0.398
1100000000010000000000000011000111010 0.358
runproj limit: 0.398
0000000000000000000000000000001101010 0.358
runproj limit: 0.398
0000000000000000000000000100000000000 0.365
best: 0.877922077922078
runproj limit: 0.398
1000000000010000010000001010000000010 0.362
runproj limit: 0.398
0000000000110000000000001000000101010 0.35
runproj limit: 0.398
1000000000010100000000001000010101000 0.345
runproj limit: 0.398
0010010000000000010100000100000010000 0.38
runproj limit: 0.398
1000010000111100010100111010000000000 0.365
runproj limit: 0.398
0000000000010100010100000010001100010 0.37
runproj limit: 0.398
1001000000010000010100001010000100010 0.345
runproj limit: 0.398
0010010000000000000100000000001100000 0.368
runproj limit: 0.398
"timed out"
1011001000110110011101000101001111110 0.77
runproj limit: 0.398
0111000001000001000001000000001101011 0.375
runproj limit: 0.398
"timed out"
0011110100111001000111001000111101101 0.77
runproj limit: 0.398
"timed out"
1000000100110000100010001000100101010 0.77
runproj limit: 0.398
1101000000010000000011100011000111011 0.37
runproj limit: 0.398
1001000000010000010000000001000101010 0.36
runproj limit: 0.398
1001000000010000010010000010000001010 0.35
runproj limit: 0.398
0000000000110100000100001000010100000 0.355
runproj limit: 0.398
1000000000010100010100001010000000010 0.362
runproj limit: 0.398
0011010000111001000101111100111101101 0.368
runproj limit: 0.398
0000000000000000000000000000000101010 0.368
runproj limit: 0.398
0110010000011000010100110001000010000 0.332
best: 0.8623376623376624
runproj limit: 0.398
1001000000010000010010001010000000010 0.352
runproj limit: 0.398
1000000000010100000100001000000001010 0.362
runproj limit: 0.398
0011000000010000010100110001000011000 0.358
runproj limit: 0.398
0001010000011001000110011110100001001 0.362
runproj limit: 0.398
1011010000111001010100111000101100001 0.355
runproj limit: 0.398
0010010000010100000100000000001100010 0.368
runproj limit: 0.398
1001000000010000010000000010000001010 0.35
runproj limit: 0.398
"timed out"
0110000100011000010000110001000010000 0.77
runproj limit: 0.398
0010000000001000000101001000000001010 0.38
runproj limit: 0.398
1101000000011000010110110001101110001 0.345
runproj limit: 0.398
"timed out"
1100010010011000110100001010101110000 0.77
runproj limit: 0.398
"timed out"
0011010010001001000100000001000110110 0.77
runproj limit: 0.398
"timed out"
0000010000001011010001000000101010010 0.77
runproj limit: 0.398
0110010000011000010100110001000010000 0.335
runproj limit: 0.398
1000000000010100000000001000010101000 0.375
runproj limit: 0.398
1001000000010000010100001010000100010 0.335
runproj limit: 0.398
0000000000110000000000001000000101010 0.34
runproj limit: 0.398
1001000000010000010010000010000001010 0.347
runproj limit: 0.398
0000000000110100000100001000010100000 0.378
runproj limit: 0.398
1001000000010000010000000001000101010 0.34
best: 0.8701298701298702
runproj limit: 0.398
0000000000111000010100001000101100010 0.347
runproj limit: 0.398
0000000000101000010001001000001000010 0.355
runproj limit: 0.398
1001000000010000010100110000000001010 0.358
runproj limit: 0.398
1001000000010000010000000001000101010 0.338
runproj limit: 0.398
1001000000010000010100001010000100010 0.362
runproj limit: 0.398
1001000000010000010100001000010100010 0.368
runproj limit: 0.398
1101000000010000010100000001000011000 0.378
runproj limit: 0.398
1001000000010100000000001000010101000 0.353
runproj limit: 0.398
"timed out"
1100010000011110110000001101000000110 0.77
runproj limit: 0.398
"timed out"
1101101110100101001100111010101100100 0.77
runproj limit: 0.398
"timed out"
1000100000010000000010010010100001010 0.77
runproj limit: 0.398
"timed out"
1001110001111001000100010010000010001 0.77
runproj limit: 0.398
"timed out"
0110000100111100010001100110000010011 0.77
runproj limit: 0.398
0110010000011000010100110001000010000 0.352
runproj limit: 0.398
1001000000010000010100001010000100010 0.352
runproj limit: 0.398
0000000000110000000000001000000101010 0.328
runproj limit: 0.398
1001000000010000010000000001000101010 0.358
runproj limit: 0.398
1101000000011000010110110001101110001 0.365
runproj limit: 0.398
1001000000010000010010000010000001010 0.362
runproj limit: 0.398
1001000000010000010000000010000001010 0.358
best: 0.851948051948052
runproj limit: 0.398
1101000000011000010010010001000100011 0.32
runproj limit: 0.398
1001000000010100010100001000000101010 0.36
runproj limit: 0.398
1100000000010000010100101000000000000 0.36
runproj limit: 0.398
"timed out"
1001101010110001010110101010100000010 0.77
runproj limit: 0.398
1001000000010000010100000000000101010 0.368
runproj limit: 0.398
1101000000010100000100000000000111000 0.372
runproj limit: 0.398
"timed out"
1100101010101001001100011000101100000 0.77
runproj limit: 0.398
1001000000010100010000001000010100000 0.358
runproj limit: 0.398
"timed out"
1001110000000000010101001110010101110 0.77
runproj limit: 0.398
0111000000010000000110001011000101010 0.355
runproj limit: 0.398
"timed out"
0011010110010100000000001011010100010 0.77
runproj limit: 0.398
"timed out"
1011001100010100011000100010100101010 0.77
runproj limit: 0.398
"timed out"
0000100001010001100010010000111001010 0.77
runproj limit: 0.398
0000000000110000000000001000000101010 0.358
runproj limit: 0.398
1001000000010000010000000001000101010 0.355
runproj limit: 0.398
0000000000111000010100001000101100010 0.358
runproj limit: 0.398
0110010000011000010100110001000010000 0.36
runproj limit: 0.398
1001000000010000010100001010000100010 0.347
runproj limit: 0.398
1001000000010100000000001000010101000 0.36
runproj limit: 0.398
0000000000101000010001001000001000010 0.395
best: 0.8311688311688311
runproj limit: 0.398
0010000000010000010100011001000000010 0.332
runproj limit: 0.398
1110000000010100010100010001000100010 0.362
runproj limit: 0.398
1010010000011000010000000001000111010 0.378
runproj limit: 0.398
1001000000011000010110001001000101010 0.343
runproj limit: 0.398
1001000000010000010010010001000101010 0.348
runproj limit: 0.398
1001000000010001000010010001110001011 0.355
runproj limit: 0.398
1001000000011000010100001001100101010 0.355
runproj limit: 0.398
"timed out"
0011010010010100000000001010010100010 0.77
runproj limit: 0.398
"timed out"
0001100100011101010001001001100101010 0.77
runproj limit: 0.398
"timed out"
0111001000010110000110001001111101010 0.77
runproj limit: 0.398
"timed out"
1101000010000000010100101001110100000 0.77
runproj limit: 0.398
1000000000000000010101010001011101110 0.378
runproj limit: 0.398
"timed out"
1001000000011101001100001111100111001 0.77
runproj limit: 0.398
1101000000011000010010010001000100011 0.315
runproj limit: 0.398
1001000000010000010100001010000100010 0.318
runproj limit: 0.398
0111000000010000000110001011000101010 0.332
runproj limit: 0.398
1001000000010000010000000001000101010 0.355
runproj limit: 0.398
1001000000010100010000001000010100000 0.358
runproj limit: 0.398
0000000000110000000000001000000101010 0.355
runproj limit: 0.398
0000000000111000010100001000101100010 0.338
best: 0.8181818181818181
runproj limit: 0.398
1100000000011000010111010001000101010 0.362
runproj limit: 0.398
0001000000111000010010000000000100010 0.345
runproj limit: 0.398
0010000000010000010100011001000000010 0.325
runproj limit: 0.398
0011000000110000000100001011000101010 0.37
runproj limit: 0.398
"timed out"
1001100000011000010100001011100101010 0.77
runproj limit: 0.398
1001000000010000010100001001000000010 0.353
runproj limit: 0.398
1010000000010000010100011001000100010 0.358
runproj limit: 0.398
1100000000010000010010010001000101010 0.37
runproj limit: 0.398
"timed out"
1100000000111010011101101001101001110 0.77
runproj limit: 0.398
"timed out"
0101011000010100101010101000111100011 0.77
runproj limit: 0.398
"timed out"
1111000010010000110001101110100000000 0.77
runproj limit: 0.398
"timed out"
1000100011111000110110011011001010000 0.77
runproj limit: 0.398
"timed out"
0011101001010001010110001111000000001 0.77
runproj limit: 0.398
1101000000011000010010010001000100011 0.37
runproj limit: 0.398
1001000000010000010100001010000100010 0.365
runproj limit: 0.398
0010000000010000010100011001000000010 0.348
runproj limit: 0.398
0111000000010000000110001011000101010 0.352
runproj limit: 0.398
0000000000111000010100001000101100010 0.365
runproj limit: 0.398
1001000000011000010110001001000101010 0.37
runproj limit: 0.398
1001000000010000010010010001000101010 0.338
best: 0.8441558441558442
runproj limit: 0.398
0111000000010000010100001011000000010 0.385
runproj limit: 0.398
0011000000010000010110000011000101010 0.34
runproj limit: 0.398
"timed out"
1101000010010000010100001010100100010 0.77
runproj limit: 0.398
1001000000011000010110011001000101010 0.338
runproj limit: 0.398
"timed out"
0101000000010100111010111000110100010 0.77
runproj limit: 0.398
1000000000011000010100001001001100010 0.375
runproj limit: 0.398
0011000000110000000110001011000101010 0.375
runproj limit: 0.398
1001000000010000010110000011000100010 0.348
runproj limit: 0.398
1011000001000000000111001000011000110 0.375
runproj limit: 0.398
"timed out"
0000000110111011010101011001000100011 0.77
runproj limit: 0.398
"timed out"
1110010000011101011111010101111000010 0.77
runproj limit: 0.398
"timed out"
0000000000010011000001010001011000000 0.77
runproj limit: 0.398
0001000000000101110000001011001100011 0.388
runproj limit: 0.398
0010000000010000010100011001000000010 0.368
runproj limit: 0.398
1001000000010000010010010001000101010 0.36
runproj limit: 0.398
0001000000111000010010000000000100010 0.372
runproj limit: 0.398
0111000000010000000110001011000101010 0.355
runproj limit: 0.398
1001000000010000010100001001000000010 0.382
runproj limit: 0.398
1010000000010000010100011001000100010 0.352
runproj limit: 0.398
1100000000011000010111010001000101010 0.352
best: 0.877922077922078
runproj limit: 0.398
1100000000010000010110010001000101010 0.375
runproj limit: 0.398
1101000000011101010001010001001101010 0.358
runproj limit: 0.398
1001000000111000000010000000011000110 0.362
runproj limit: 0.398
0001000000011000010100011001000101010 0.32
runproj limit: 0.398
1000000000010000010100011001000100010 0.362
runproj limit: 0.398
1010000000010000010110010001000100010 0.358
runproj limit: 0.398
1010000000010000010100011001000000010 0.36
runproj limit: 0.398
1011000000010000010110001011000101010 0.368
runproj limit: 0.398
"timed out"
0010000001010011100100011000000000111 0.77
runproj limit: 0.398
"timed out"
1010111100010000001000010001101000111 0.77
runproj limit: 0.398
"timed out"
0101001011011000010110110011110111011 0.77
runproj limit: 0.398
"timed out"
1010010010101000011100101010000101001 0.77
runproj limit: 0.398
1100001000010000100101010110101001011 0.358
runproj limit: 0.398
1001000000011000010110011001000101010 0.35
runproj limit: 0.398
0011000000010000010110000011000101010 0.335
runproj limit: 0.398
1001000000010000010110000011000100010 0.332
runproj limit: 0.398
1010000000010000010100011001000100010 0.362
runproj limit: 0.398
1100000000011000010111010001000101010 0.368
runproj limit: 0.398
0111000000010000000110001011000101010 0.358
runproj limit: 0.398
1001000000010000010010010001000101010 0.338
best: 0.8311688311688311
runproj limit: 0.398
1000000000010000010100000011000100010 0.332
runproj limit: 0.398
0010000000011000010110010001000100010 0.37
runproj limit: 0.398
1101001000011000100011010110111000110 0.35
runproj limit: 0.398
1010000000011000010100011001000100010 0.332
runproj limit: 0.398
1100000000010000010110000001000101010 0.365
runproj limit: 0.398
1001000000011001010001010001001101010 0.36
runproj limit: 0.398
0011000000010000010100010001000101010 0.345
runproj limit: 0.398
1001000000011000010110011001000101010 0.33
runproj limit: 0.398
"timed out"
0010101011010000000110010001000101000 0.77
runproj limit: 0.398
"timed out"
1000000010001000000010000000010011111 0.77
runproj limit: 0.398
0010001000011000000110000011000001111 0.375
runproj limit: 0.398
"timed out"
1001001001001010010100100111000000010 0.77
runproj limit: 0.398
"timed out"
0001000000001110111100010101001101010 0.77
runproj limit: 0.398
0001000000011000010100011001000101010 0.37
runproj limit: 0.398
1001000000010000010110000011000100010 0.335
runproj limit: 0.398
0011000000010000010110000011000101010 0.348
runproj limit: 0.398
1001000000010000010010010001000101010 0.36
runproj limit: 0.398
1001000000011000010110011001000101010 0.362
runproj limit: 0.398
1101000000011101010001010001001101010 0.342
runproj limit: 0.398
1010000000010000010110010001000100010 0.37
best: 0.8571428571428572
runproj limit: 0.398
1101000000011000100011010010011001010 0.34
runproj limit: 0.398
1011000000010000010100000011000101010 0.37
runproj limit: 0.398
1011000000010000010110010001000101010 0.375
runproj limit: 0.398
1111000000011100010101010001001100010 0.378
runproj limit: 0.398
1001001000011000110010010110100100110 0.38
runproj limit: 0.398
0011000000011000010010010001001101010 0.36
runproj limit: 0.398
1011000000010000010101000011001101010 0.37
runproj limit: 0.398
1101000000011001010001010001001101010 0.382
runproj limit: 0.398
"timed out"
1001111000011010001010111111111110110 0.77
runproj limit: 0.398
"timed out"
0010001011010000100100010001000101000 0.77
runproj limit: 0.398
"timed out"
1101010000010011011001100011111011010 0.77
runproj limit: 0.398
"timed out"
0111000100001111010101001000001001010 0.77
runproj limit: 0.398
"timed out"
0001010001110010010111101010100100111 0.77
runproj limit: 0.398
1001000000011000010110011001000101010 0.345
runproj limit: 0.398
1000000000010000010100000011000100010 0.358
runproj limit: 0.398
1010000000011000010100011001000100010 0.378
runproj limit: 0.398
1001000000010000010110000011000100010 0.38
runproj limit: 0.398
1101000000011101010001010001001101010 0.368
runproj limit: 0.398
0011000000010000010100010001000101010 0.362
runproj limit: 0.398
0011000000010000010110000011000101010 0.36
best: 0.8831168831168832
runproj limit: 0.398
"timed out"
0011000100011110010101010001001101010 0.77
runproj limit: 0.398
0011000000010000010010010001000101010 0.375
runproj limit: 0.398
1011000000010000010110011001000101010 0.372
runproj limit: 0.398
0011000000010000010101010011001101010 0.36
runproj limit: 0.398
0111000000010000010111010010001101010 0.378
runproj limit: 0.398
"timed out"
1001100000011000000010011011100100110 0.77
runproj limit: 0.398
"timed out"
1011000000001011010010011000000101110 0.77
runproj limit: 0.398
1011000000011000010011010010001001010 0.382
runproj limit: 0.398
0000010000011000010011011011011101010 0.36
runproj limit: 0.398
0011001001011100000110010111000101000 0.35
runproj limit: 0.398
"timed out"
1011101010011000110000010011100100111 0.77
runproj limit: 0.398
"timed out"
1011010000001000011100000111110101000 0.77
runproj limit: 0.398
"timed out"
0110001000110111110111000110001101110 0.77
runproj limit: 0.398
1101000000011000100011010010011001010 0.365
runproj limit: 0.398
1001000000011000010110011001000101010 0.372
runproj limit: 0.398
1000000000010000010100000011000100010 0.375
runproj limit: 0.398
0011000000011000010010010001001101010 0.36
runproj limit: 0.398
0011000000010000010110000011000101010 0.353
runproj limit: 0.398
0011000000010000010100010001000101010 0.345
runproj limit: 0.398
1101000000011101010001010001001101010 0.362
best: 0.8961038961038961
done evolving!
"all is well:)"
>>>>>>>>>>>>>>FINISH OPTIMIZATION>>>>>>>>>>>>>>>
809.73user 286.81system 19:06.63elapsed 95%CPU (0avgtext+0avgdata 110504maxresident)k
8inputs+1430752outputs (0major+72061262minor)pagefaults 0swaps
