Optimizing /h/ywang30/nofib/spectral/ansi
>>>>>>>>>>>>>>>START OPTIMIZATION>>>>>>>>>>>>>>>
pop: 13
gens: 15
arch: 7
limit is: 0.0
runproj limit: 0.0
"All is well :D"
Basetime is: 1048576.0
runproj limit: 0.0
01000000000000000000100000000000000000000000100000000010000000001010000000100110000000000000000 1048576.0
runproj limit: 0.0
00100000001000000001000000000011000000000000000000000000000000010010000000000000000000000000000 1048576.0
runproj limit: 0.0
00000000000100000010000010011010000000000000110000010000100000000000000000001000001000000000000 1048576.0
runproj limit: 0.0
00000000000100000010000010100000000010100100000000010000000001100000000010000000000000000000000 1048576.0
runproj limit: 0.0
00000000000000000000000001000110000000001001000001100000000000000000000000000000000000000100010 1048576.0
runproj limit: 0.0
00100000100100000000000100001000000000000000000010000000000000001100000001000000000010000000000 1048576.0
runproj limit: 0.0
10000000000000000000000000110001010100001000000100000001000001000000101000000000000001010000000 1048576.0
runproj limit: 0.0
00000000000000000000000000000000000000000000000000000000000000000000000000000000000000000000000 1048576.0
runproj limit: 0.0
00001000000000000000001000001000000000000000000001000001000000001000001001000000000000000001000 1048576.0
runproj limit: 0.0
00100000000000000000000010000000001100001000000000010000000000000100000000000000000000000100000 1048576.0
runproj limit: 0.0
00000000000000000000000000000000000000000000000000000000000000000000000000000000000000000000000 1048576.0
runproj limit: 0.0
00000000000000000000000000000000000000000000000000000000000000000000000000000000000000000000000 1048576.0
runproj limit: 0.0
00000000000000000000000000001000000000000000010000000000000000110001100000100100000000000000000 1048576.0
best: 1.0
runproj limit: 0.0
00000000000000000010000000001110000000001000110001010000100000000000000000000000000000000100010 1048576.0
runproj limit: 0.0
00000000000100000000000010011001000000000000110000010000000000000000101000000000000001010000000 1048576.0
runproj limit: 0.0
01100000100100000000000100000000000000000000000000000000000000001000000001000110000010000000000 1048576.0
runproj limit: 0.0
00000000000000000000000000001000000000000000000001000000000000010000001000000100000000000001000 1048576.0
runproj limit: 0.0
10100000000000000001000000110001000100001000000000000000000001000000001000000000000001010000000 1048576.0
runproj limit: 0.0
10001000000000000000001000011001010100000000000101000001000001001000101000000000000000000001000 1048576.0
runproj limit: 0.0
00000000000000000000000000000000000000000000000000000000000000000000000000000000000000000000000 1048576.0
runproj limit: 0.0
10000000000000000000000000010000010100001000000101000000000000000000101000000000000001000100010 1048576.0
runproj limit: 0.0
00100000001111001001000110000001000000100000010001000111001010010010100011000100000000110001000 1048576.0
runproj limit: 0.0
00000100000010010110011001000111011110001000010100100000000100000000000000000000000110101100111 1048576.0
runproj limit: 0.0
00001100110001100111100001010000000100100000110000001011001000001010001000000110001010100001001 1048576.0
runproj limit: 0.0
01100100000110000101001100010000100000000000000001010100010001101100000101000010001011000001010 1048576.0
runproj limit: 0.0
01100101001100000110000010001010001000100000100111101100100000000000000100001000001000010001011 1048576.0
runproj limit: 0.0
01000000000000000000100000000000000000000000100000000010000000001010000000100110000000000000000 1048576.0
runproj limit: 0.0
00100000001000000001000000000011000000000000000000000000000000010010000000000000000000000000000 1048576.0
runproj limit: 0.0
00000000000100000010000010011010000000000000110000010000100000000000000000001000001000000000000 1048576.0
runproj limit: 0.0
00000000000100000010000010100000000010100100000000010000000001100000000010000000000000000000000 1048576.0
runproj limit: 0.0
00000000000000000000000001000110000000001001000001100000000000000000000000000000000000000100010 1048576.0
runproj limit: 0.0
00100000100100000000000100001000000000000000000010000000000000001100000001000000000010000000000 1048576.0
runproj limit: 0.0
10000000000000000000000000110001010100001000000100000001000001000000101000000000000001010000000 1048576.0
best: 1.0
runproj limit: 0.0
00100000000000000000000000010000000100000000000000000000000001000000001000000000000001010000000 1048576.0
runproj limit: 0.0
01100000000100000000000100000000100000000000000001000100010001001000000101000110000010000000010 1048576.0
runproj limit: 0.0
00000100100100100111000001000000000110100100110000000000001000101010000010000000000010000001000 1048576.0
runproj limit: 0.0
00100000000000000001000000000011000000001000000000000000000000000000001000000000000001000000000 1048576.0
runproj limit: 0.0
01000000100100000000100100000000000000000000100000000000000000001010000001000110000000000000000 1048576.0
runproj limit: 0.0
00000000000000000010000000101000000000100100000001000000000001100000001000000100000000000001000 1048576.0
runproj limit: 0.0
00000000001101000001000010001111000000101000010001010111100000010010000000000100000000000001010 1048576.0
runproj limit: 0.0
00100100000010000101001101010111000010000000010001110100010000000000000000000010000110100100111 1048576.0
runproj limit: 0.0
00100000100100100001010101001010000000010011100100000001001000001100001100011011000010100000000 1048576.0
runproj limit: 0.0
01010000000100000100000000010001000000100000111000000000001001101111000101100111010001000000001 1048576.0
runproj limit: 0.0
11110100000011110101101100010110100000110001001000011101100011000110100001000011101101101001000 1048576.0
runproj limit: 0.0
01010100010001011101101110010000111110100001010000010000110000101100001111000010000110000001011 1048576.0
runproj limit: 0.0
00110100001110010001011111001111011011100101010001001111101010000011110010100010010000110101001 1048576.0
runproj limit: 0.0
00000000000000000010000000001110000000001000110001010000100000000000000000000000000000000100010 1048576.0
runproj limit: 0.0
00000000000100000000000010011001000000000000110000010000000000000000101000000000000001010000000 1048576.0
runproj limit: 0.0
01100000100100000000000100000000000000000000000000000000000000001000000001000110000010000000000 1048576.0
runproj limit: 0.0
00000000000000000000000000001000000000000000000001000000000000010000001000000100000000000001000 1048576.0
runproj limit: 0.0
10100000000000000001000000110001000100001000000000000000000001000000001000000000000001010000000 1048576.0
runproj limit: 0.0
10001000000000000000001000011001010100000000000101000001000001001000101000000000000000000001000 1048576.0
runproj limit: 0.0
00000000000000000000000000000000000000000000000000000000000000000000000000000000000000000000000 1048576.0
best: 1.0
runproj limit: 0.0
01010000000100100101000001001000000000010000111000000001001000001111001101100111000000100000000 1048576.0
runproj limit: 0.0
00000000000000000001000000000000000000001000000000000000000000000000001000000000000001000000000 1048576.0
runproj limit: 0.0
10000100100100000101000000010001000100000100010101000000001001001010001010000000000010000001000 1048576.0
runproj limit: 0.0
00000000000000100011000000001000000010000000010001000000001000011000001010000000000010000001000 1048576.0
runproj limit: 0.0
00000000000101000101000010010011000000100000010001010101000001110110000001000110010000000000011 1048576.0
runproj limit: 0.0
00000000000100000000000010000001000000000000110000000000000000000000101000000000000001000000000 1048576.0
runproj limit: 0.0
01100000100100000000000100000000000000010010000100000000001000001100001101000011000010000000000 1048576.0
runproj limit: 0.0
10100000000000000001000000010001000100001000000000000000000000000000001000000000000001000000000 1048576.0
runproj limit: 0.0
00000000001101000001000010101111100000101100010001010111001010000010000100100111110110100111010 1048576.0
runproj limit: 0.0
01101000000010000000010000001000001100101001000000000001100011001001011000110000001011010010101 1048576.0
runproj limit: 0.0
01100100110101111011000001000000000100100101110010011010011000111010110110001010100001010001000 1048576.0
runproj limit: 0.0
11100101000011100101110101110111100010100001011000001101100111010110100000010000101101101101010 1048576.0
runproj limit: 0.0
01000100000000001001101011011111101010100001010000010001110000000000001111000011000111001001011 1048576.0
runproj limit: 0.0
00100000000000000000000000010000000100000000000000000000000001000000001000000000000001010000000 1048576.0
runproj limit: 0.0
01100000000100000000000100000000100000000000000001000100010001001000000101000110000010000000010 1048576.0
runproj limit: 0.0
00000100100100100111000001000000000110100100110000000000001000101010000010000000000010000001000 1048576.0
runproj limit: 0.0
00100000000000000001000000000011000000001000000000000000000000000000001000000000000001000000000 1048576.0
runproj limit: 0.0
01000000100100000000100100000000000000000000100000000000000000001010000001000110000000000000000 1048576.0
runproj limit: 0.0
00000000000000000010000000101000000000100100000001000000000001100000001000000100000000000001000 1048576.0
runproj limit: 0.0
00000000001101000001000010001111000000101000010001010111100000010010000000000100000000000001010 1048576.0
best: 1.0
runproj limit: 0.0
00000100100100000101000010000010000010100100110001010000000001100110000000000000010010000000001 1048576.0
runproj limit: 0.0
01000000001100000000000110001010000000010010000101010111100000000010000101000011000000000001010 1048576.0
runproj limit: 0.0
01100100000000000001000001001000001110100101110000000001000000101000011000110000001011010000000 1048576.0
runproj limit: 0.0
00100000000101000001000000001111000000101000010000010001100000010000000000000000000000000000010 1048576.0
runproj limit: 0.0
00000000000001000001000010101101100100101100010000010111000000000000000100000001110011000010010 1048576.0
runproj limit: 0.0
01100000000100000010000100000000000000100000000001000000010001001000000001000110000010000001000 1048576.0
runproj limit: 0.0
11110100000100100101010001111110000010100001011000001101101011010111100000110010100000100001010 1048576.0
runproj limit: 0.0
00000000000000100011000000001000000010000000010001000000000000011000001000000000000001000000000 1048576.0
runproj limit: 0.0
01110010001101000110010000001010101000011000111000000000000101101111001101010110010101101010000 1048576.0
runproj limit: 0.0
00010000110100010000010100000000000010010010010111001011001110001101000001000011010111000111000 1048576.0
runproj limit: 0.0
01101001000100000000101001000000100000000000000001010000010000100011000101100110001011010000011 1048576.0
runproj limit: 0.0
00000101101000001101100010011001000100010100010100100000011001101010001100000010100011100001000 1048576.0
runproj limit: 0.0
00010000000100100001111001101000100010000010111000110101101100001111001101000101110000110000101 1048576.0
runproj limit: 0.0
01010000000100100101000001001000000000010000111000000001001000001111001101100111000000100000000 1048576.0
runproj limit: 0.0
00000000000000000001000000000000000000001000000000000000000000000000001000000000000001000000000 1048576.0
runproj limit: 0.0
10000100100100000101000000010001000100000100010101000000001001001010001010000000000010000001000 1048576.0
runproj limit: 0.0
00000000000000100011000000001000000010000000010001000000001000011000001010000000000010000001000 1048576.0
runproj limit: 0.0
00000000000101000101000010010011000000100000010001010101000001110110000001000110010000000000011 1048576.0
runproj limit: 0.0
00000000000100000000000010000001000000000000110000000000000000000000101000000000000001000000000 1048576.0
runproj limit: 0.0
01100000100100000000000100000000000000010010000100000000001000001100001101000011000010000000000 1048576.0
best: 1.0
runproj limit: 0.0
00010000100000001100000110010001000100010000010110000011011111101100001000000011010011000011000 1048576.0
runproj limit: 0.0
00000000000000100001000010101100100100100100010001000010000000000000001000000001000011000000000 1048576.0
runproj limit: 0.0
00100000100000000000000100000000000000000010000100000000000000000100001000000001000011000000000 1048576.0
runproj limit: 0.0
01000000000101000000000100000011000000100000000001010001010001111100000001000110010000000000001 1048576.0
runproj limit: 0.0
01100000000100000010000100000000000000100000000001000000010001001000000001000110000010000001000 1048576.0
runproj limit: 0.0
01000000000100100011000000000000000010100000000001000000010001011000001001000100000011000000000 1048576.0
runproj limit: 0.0
10010100100100100101000010100010000010100000111000001100001001100110000000100000100010100000000 1048576.0
runproj limit: 0.0
01100101100100000001000100000000000000010100000000000000011001101000001100000110000010000001000 1048576.0
runproj limit: 0.0
00100000000110000001010000000000000000000000111001011000100010000001100001000000001001100000000 1048576.0
runproj limit: 0.0
10110001101000001101000010010010000110011101110100111011011101111110101010000110100011110001000 1048576.0
runproj limit: 0.0
10110110101110001110010010000010001101011100101100010000101010001001101000010110011101101010000 1048576.0
runproj limit: 0.0
00010000100010110011000000011010101110000000000001000000110101011101001010100000010001001101100 1048576.0
runproj limit: 0.0
00000100000110110100010010001010110000100000010101010011000001010010110001001000001001100000010 1048576.0
runproj limit: 0.0
00000100100100000101000010000010000010100100110001010000000001100110000000000000010010000000001 1048576.0
runproj limit: 0.0
01000000001100000000000110001010000000010010000101010111100000000010000101000011000000000001010 1048576.0
runproj limit: 0.0
01100100000000000001000001001000001110100101110000000001000000101000011000110000001011010000000 1048576.0
runproj limit: 0.0
00100000000101000001000000001111000000101000010000010001100000010000000000000000000000000000010 1048576.0
runproj limit: 0.0
00000000000001000001000010101101100100101100010000010111000000000000000100000001110011000010010 1048576.0
runproj limit: 0.0
01100000000100000010000100000000000000100000000001000000010001001000000001000110000010000001000 1048576.0
runproj limit: 0.0
11110100000100100101010001111110000010100001011000001101101011010111100000110010100000100001010 1048576.0
best: 1.0
runproj limit: 0.0
00100010100110001110000000000111000001011000101100010000100010010001100000010110011100000010000 1048576.0
runproj limit: 0.0
00100000000110000100010000001010010000100000010001010001000001010010100001001000000001000000010 1048576.0
runproj limit: 0.0
10010100000101000100000100000010000000100000100000011100000001110100000000100010110000000000001 1048576.0
runproj limit: 0.0
00000000000100110011010000000010000010100000010101010001000001010010010001001100000001000000010 1048576.0
runproj limit: 0.0
00000100000000100001000010101000100100100100010000000001000000000000001000010001000011000000000 1048576.0
runproj limit: 0.0
01000000001000000001000001001000000100000100010101010011100000000000001101100010001000010001000 1048576.0
runproj limit: 0.0
00000000001100001100000110001011000100010000010111000011010110100000001001000011000001000001000 1048576.0
runproj limit: 0.0
01100001100100000011000100000000000000110000000000000000011001001000000001000110000010000001000 1048576.0
runproj limit: 0.0
00010100000110101000100101110011001001110111000101010000010001011101000001011100010000110100100 1048576.0
runproj limit: 0.0
01111111000101110101000000111010100100000101111000000001101101001100001110001101010001111100101 1048576.0
runproj limit: 0.0
00111000000110000101010100001000000000010000001011001100100110000101101101000000111001101100001 1048576.0
runproj limit: 0.0
11001000011101000000100111001011110000100011100011010101011101111001101111001111000000011010101 1048576.0
runproj limit: 0.0
01100101101101000001010001110000000110011100101000101000011000001000001100110011001111000100001 1048576.0
runproj limit: 0.0
00010000100000001100000110010001000100010000010110000011011111101100001000000011010011000011000 1048576.0
runproj limit: 0.0
00000000000000100001000010101100100100100100010001000010000000000000001000000001000011000000000 1048576.0
runproj limit: 0.0
00100000100000000000000100000000000000000010000100000000000000000100001000000001000011000000000 1048576.0
runproj limit: 0.0
01000000000101000000000100000011000000100000000001010001010001111100000001000110010000000000001 1048576.0
runproj limit: 0.0
01100000000100000010000100000000000000100000000001000000010001001000000001000110000010000001000 1048576.0
runproj limit: 0.0
01000000000100100011000000000000000010100000000001000000010001011000001001000100000011000000000 1048576.0
runproj limit: 0.0
10010100100100100101000010100010000010100000111000001100001001100110000000100000100010100000000 1048576.0
best: 1.0
runproj limit: 0.0
01100000000101000000000100000011000000100000000001010001010001001100000001000110010010000000000 1048576.0
runproj limit: 0.0
11001101001101000001010101001011010110000011100000001001011000111001101110011111000001001000001 1048576.0
runproj limit: 0.0
00010100000000100100000010000001100100110100010010000001001011101100001000000011010011000011000 1048576.0
runproj limit: 0.0
01101010000100110011000000111000000000000001110001000001110001001100001001001100010011111000000 1048576.0
runproj limit: 0.0
01010101000100110001010000010010100110000101110100000001100101010000010000001100000001011000100 1048576.0
runproj limit: 0.0
01101001000100000010100111000000110000110001100010010000011001011001100001001111000010001000000 1048576.0
runproj limit: 0.0
01001010000100110101000000111010100100000100011000000010001001000100001000001001000011010100101 1048576.0
runproj limit: 0.0
00011000000101000100000100000010000000010000000010011100000001000100001101000000110000101000001 1048576.0
runproj limit: 0.0
01001100001100000001010000101000011100011100010101001010100101010011001001101000011000001011000 1048576.0
runproj limit: 0.0
11100000000100110110110010100010000010000100011101010011100001010110110101000100000001011000010 1048576.0
runproj limit: 0.0
11100101100101000000000100110011010101111110110010110100110101111100010000010011010001010001101 1048576.0
runproj limit: 0.0
00100011000101110001011000111010000011100000101101000101111001000010110001011100010011110000110 1048576.0
runproj limit: 0.0
10111000010110011101010100101110000000010100010011000100000111000101001001100001011001101010001 1048576.0
runproj limit: 0.0
00100010100110001110000000000111000001011000101100010000100010010001100000010110011100000010000 1048576.0
runproj limit: 0.0
00100000000110000100010000001010010000100000010001010001000001010010100001001000000001000000010 1048576.0
runproj limit: 0.0
10010100000101000100000100000010000000100000100000011100000001110100000000100010110000000000001 1048576.0
runproj limit: 0.0
00000000000100110011010000000010000010100000010101010001000001010010010001001100000001000000010 1048576.0
runproj limit: 0.0
00000100000000100001000010101000100100100100010000000001000000000000001000010001000011000000000 1048576.0
runproj limit: 0.0
01000000001000000001000001001000000100000100010101010011100000000000001101100010001000010001000 1048576.0
runproj limit: 0.0
00000000001100001100000110001011000100010000010111000011010110100000001001000011000001000001000 1048576.0
best: 1.0
runproj limit: 0.0
00010100000100110001010010010010100110000100110100000001100101010000001000010000000011000000000 1048576.0
runproj limit: 0.0
00100111000100110001010000011010100111000101110100000001101001010000010000011100000011011000100 1048576.0
runproj limit: 0.0
00111011010110110001011000101010000001000100000011000100110011000001100001001001011011110000000 1048576.0
runproj limit: 0.0
11001011000101010011000000001000000000000011100000000001011001011100101111001100000001001000001 1048576.0
runproj limit: 0.0
00000100000110100001000000001010010000100000010001000001000001010010100000011000000001000000010 1048576.0
runproj limit: 0.0
00100000000111010100000100001110000000000000000001000100000111001100001001000100010011101010001 1048576.0
runproj limit: 0.0
00000000000100000001010000101010010100110100010101011000100001010010001001001000000001000010010 1048576.0
runproj limit: 0.0
11100100100000000000000100100011010101111100010001110001110101000000010100100010010000010001101 1048576.0
runproj limit: 0.0
10101001000101010100000010000010010000000000001101010101000001011110101011111101000001000001011 1048576.0
runproj limit: 0.0
11100010000101010110110010001100000010001101001001010011101001011100010110000100001001011010010 1048576.0
runproj limit: 0.0
00000100100100100100000010011100100100110000010000010001101001101100001001101000111111000010100 1048576.0
runproj limit: 0.0
11001010001110110100000110101111111100100111011001000110001001100110001100111011000011110110101 1048576.0
runproj limit: 0.0
11001101001111010111010100110011110000100111000100100111001110111011101111011111000001001000001 1048576.0
runproj limit: 0.0
01100000000101000000000100000011000000100000000001010001010001001100000001000110010010000000000 1048576.0
runproj limit: 0.0
11001101001101000001010101001011010110000011100000001001011000111001101110011111000001001000001 1048576.0
runproj limit: 0.0
00010100000000100100000010000001100100110100010010000001001011101100001000000011010011000011000 1048576.0
runproj limit: 0.0
01101010000100110011000000111000000000000001110001000001110001001100001001001100010011111000000 1048576.0
runproj limit: 0.0
01010101000100110001010000010010100110000101110100000001100101010000010000001100000001011000100 1048576.0
runproj limit: 0.0
01101001000100000010100111000000110000110001100010010000011001011001100001001111000010001000000 1048576.0
runproj limit: 0.0
01001010000100110101000000111010100100000100011000000010001001000100001000001001000011010100101 1048576.0
best: 1.0
runproj limit: 0.0
00100110000110010000000000100010010001001100010011000100110011000000000100100001011000010000001 1048576.0
runproj limit: 0.0
01001100000100110101000000011010000000000100010000000011000001010100000000011000000011010000001 1048576.0
runproj limit: 0.0
11000100000100010011010100110011100110100110110100000001000100011000101011010101000011001000001 1048576.0
runproj limit: 0.0
11000111000100110100010010100111101100100111110101000111001101100010000100101010000001010110100 1048576.0
runproj limit: 0.0
11001001000101000001010010000010010000000000000101000101001000011110101011111111000001000000001 1048576.0
runproj limit: 0.0
00010101000100110001010000100010010100110101010101001001100101010000011001001100000001011000100 1048576.0
runproj limit: 0.0
00000100000110100001000000001010010000100000010001000001000001010010100000011000000001000000010 1048576.0
runproj limit: 0.0
11101010001100000110000110101101111100100111000011000000011001001000001101101011000010000000000 1048576.0
runproj limit: 0.0
10101001000100100000111111010001101000111010001100100000010001011111111011011111110010000100110 1048576.0
runproj limit: 0.0
11000110000101111101111010011100010000001101001001110010111001001000011010000101011011011100000 1048576.0
runproj limit: 0.0
00100100100000101101010011101001100100111001011000110011100100001100101000100000011011010110001 1048576.0
runproj limit: 0.0
00011100111100101000000010101001100100000100000001000001100101110010001001000001110100100000011 1048576.0
runproj limit: 0.0
10101000010101000010110011001101010100001111101001100011110101101100010111001100100100011011010 1048576.0
runproj limit: 0.0
00010100000100110001010010010010100110000100110100000001100101010000001000010000000011000000000 1048576.0
runproj limit: 0.0
00100111000100110001010000011010100111000101110100000001101001010000010000011100000011011000100 1048576.0
runproj limit: 0.0
00111011010110110001011000101010000001000100000011000100110011000001100001001001011011110000000 1048576.0
runproj limit: 0.0
11001011000101010011000000001000000000000011100000000001011001011100101111001100000001001000001 1048576.0
runproj limit: 0.0
00000100000110100001000000001010010000100000010001000001000001010010100000011000000001000000010 1048576.0
runproj limit: 0.0
00100000000111010100000100001110000000000000000001000100000111001100001001000100010011101010001 1048576.0
runproj limit: 0.0
00000000000100000001010000101010010100110100010101011000100001010010001001001000000001000010010 1048576.0
best: 1.0
runproj limit: 0.0
11001101110100000000000010001001000100000010000000000001111101010010101001000101110101100000011 1048576.0
runproj limit: 0.0
00010000000100010001010000000010010100110100010100000000100001010000001000010000000001000000010 1048576.0
runproj limit: 0.0
00100110100000110001010010111010100101000001110000110011101100001000001000100000001011010100101 1048576.0
runproj limit: 0.0
00000100000111110100000000011110000100000000100100000001100111011100001001010100010011001000000 1048576.0
runproj limit: 0.0
11001100000101111101001010011110010000001101011001110010110001011100001010010101001011010100000 1048576.0
runproj limit: 0.0
00001000000100100000011011010001100100110100110100000000000101011100001011010111100010000100100 1048576.0
runproj limit: 0.0
00000100110100101000010010101001100100010000001000010001100100100010101000100001110100000000001 1048576.0
runproj limit: 0.0
00000111000100110001010000001010000100100100010100000000101001010010000000001100000001001010100 1048576.0
runproj limit: 0.0
00000111010000110101100000001100101111010111010100010001111001000011010000001110000010011000100 1048576.0
runproj limit: 0.0
10100101101100010001010000001010010011000101110000000111010001010010101001101010101001010000110 1048576.0
runproj limit: 0.0
00000010000111000010000001101101000000101000111010001101110100110000000010100001111000011000001 1048576.0
runproj limit: 0.0
00011011010110000100001010101100000101000101010010000100111011001001100001000001011001100011000 1048576.0
runproj limit: 0.0
01101010001001011111000110111111111110100011010001111000011000100011010101101010000001100001010 1048576.0
runproj limit: 0.0
00100110000110010000000000100010010001001100010011000100110011000000000100100001011000010000001 1048576.0
runproj limit: 0.0
01001100000100110101000000011010000000000100010000000011000001010100000000011000000011010000001 1048576.0
runproj limit: 0.0
11000100000100010011010100110011100110100110110100000001000100011000101011010101000011001000001 1048576.0
runproj limit: 0.0
11000111000100110100010010100111101100100111110101000111001101100010000100101010000001010110100 1048576.0
runproj limit: 0.0
11001001000101000001010010000010010000000000000101000101001000011110101011111111000001000000001 1048576.0
runproj limit: 0.0
00010101000100110001010000100010010100110101010101001001100101010000011001001100000001011000100 1048576.0
runproj limit: 0.0
00000100000110100001000000001010010000100000010001000001000001010010100000011000000001000000010 1048576.0
best: 1.0
runproj limit: 0.0
00001100000100100001000000001010000000000100010001000011000001010000100000011000000001000000010 1048576.0
runproj limit: 0.0
00101110000111110001000000011110010100100001010001110000010001100010010000101010000001000001010 1048576.0
runproj limit: 0.0
00000011000101110101010010000100001010010100010101000101011001000011100001111111000010011000101 1048576.0
runproj limit: 0.0
00001111000111010100000000011110000100000000010010000000111111001001001001000001010011000000000 1048576.0
runproj limit: 0.0
11100100000000111001000010011110110001000001110001110011100100001000001010000101001011010100100 1048576.0
runproj limit: 0.0
01000010000111010111000100101111010010101001110011111001011000110000000111101001111000111000010 1048576.0
runproj limit: 0.0
10000000000101000001000001100000000000000000110001000101101100011110100010111111010001001000001 1048576.0
runproj limit: 0.0
00010000000100010001010000000010010100110100010100000000100001010000001000010000000001000000010 1048576.0
runproj limit: 0.0
11000100010100101111010100100011101100011110010010000011011000110010011011010110000011101000111 1048576.0
runproj limit: 0.0
00011010000100110110010010101001011110110000001111001001010101110110011101111000100101011100100 1048576.0
runproj limit: 0.0
11000101110110110001011100000110110110101000110101010000001011100110100110000100010000111000000 1048576.0
runproj limit: 0.0
10000011111110110111101100111101111000010000010000010001110011000010010010001000100001011000100 1048576.0
runproj limit: 0.0
00000110000100101101100001110001010010101000010001100010010110010001101111011100001001000100010 1048576.0
runproj limit: 0.0
11001101110100000000000010001001000100000010000000000001111101010010101001000101110101100000011 1048576.0
runproj limit: 0.0
00010000000100010001010000000010010100110100010100000000100001010000001000010000000001000000010 1048576.0
runproj limit: 0.0
00100110100000110001010010111010100101000001110000110011101100001000001000100000001011010100101 1048576.0
runproj limit: 0.0
00000100000111110100000000011110000100000000100100000001100111011100001001010100010011001000000 1048576.0
runproj limit: 0.0
11001100000101111101001010011110010000001101011001110010110001011100001010010101001011010100000 1048576.0
runproj limit: 0.0
00001000000100100000011011010001100100110100110100000000000101011100001011010111100010000100100 1048576.0
runproj limit: 0.0
00000100110100101000010010101001100100010000001000010001100100100010101000100001110100000000001 1048576.0
best: 1.0
runproj limit: 0.0
11100000000000110001000000011110010000010000010000100010100100010000001010010001001001000000000 1048576.0
runproj limit: 0.0
10000011111110110111101100111101111000010000010000010001110011000010010010001000100001011000100 1048576.0
runproj limit: 0.0
10000001010110010011100001100100011000010000110001010101100011001110010010111001000001011000100 1048576.0
runproj limit: 0.0
00001111000111110100000000011110000100000000110010000000111111011100001001000101010011000000000 1048576.0
runproj limit: 0.0
00001100000101111001001010011110010000001101010001000010100001010000001000011101001011010100000 1048576.0
runproj limit: 0.0
10000100100010110001010100000010110100101001110001110000001101100100001110000000010011011100001 1048576.0
runproj limit: 0.0
10000010001111100101000000111101110000000000110000010001100101001010000010101010110001001000100 1048576.0
runproj limit: 0.0
01001101110100000000000010001001100100000000001000000001100101110010101000000101110101000000011 1048576.0
runproj limit: 0.0
01110110110101111000001010011110010100001000001001010000110101011100000010111101111010010101111 1048576.0
runproj limit: 0.0
00010011101001110101010010000110111000010100001111001101011011010011100001011101000000010000011 1048576.0
runproj limit: 0.0
00000010000110010101010000000011011110110110010100100000110011010010001001110000000101100110010 1048576.0
runproj limit: 0.0
00100100110110010001111011111011100100000101000010110001101101101110001001100100001110010100101 1048576.0
runproj limit: 0.0
00001111000010111110000011011100000100010000000001010000111001001010101001000001111101000011100 1048576.0
runproj limit: 0.0
00001100000100100001000000001010000000000100010001000011000001010000100000011000000001000000010 1048576.0
runproj limit: 0.0
00101110000111110001000000011110010100100001010001110000010001100010010000101010000001000001010 1048576.0
runproj limit: 0.0
00000011000101110101010010000100001010010100010101000101011001000011100001111111000010011000101 1048576.0
runproj limit: 0.0
00001111000111010100000000011110000100000000010010000000111111001001001001000001010011000000000 1048576.0
runproj limit: 0.0
11100100000000111001000010011110110001000001110001110011100100001000001010000101001011010100100 1048576.0
runproj limit: 0.0
01000010000111010111000100101111010010101001110011111001011000110000000111101001111000111000010 1048576.0
runproj limit: 0.0
10000000000101000001000001100000000000000000110001000101101100011110100010111111010001001000001 1048576.0
best: 1.0
runproj limit: 0.0
00000100000111010101011001011110100100000001010010010000101101101100001001000001001011000100001 1048576.0
runproj limit: 0.0
00010010001001100101000000010100111000010100010001001001000101000011000010001111100000001000110 1048576.0
runproj limit: 0.0
00010011111101110111010100100101111000010100000100000001011011010011110010011000000000011000001 1048576.0
runproj limit: 0.0
10000010000101100101010010011101011000000100110100010001101101001010100010101011000000001000100 1048576.0
runproj limit: 0.0
00001111000110111110000011011110000100010000010001000000111001001001101001000001111101000010000 1048576.0
runproj limit: 0.0
00000011111110110101011110001101111000010100000111000001011011010010000001011101100000011000111 1048576.0
runproj limit: 0.0
11100110110100110000011010000110010100101001110001010000011101000100001010110101010010011100101 1048576.0
runproj limit: 0.0
00001110000111111000001010011100010000001001000001000000100001001010101001000001101111000100100 1048576.0
runproj limit: 0.0
11001000100010011011001110010011010100101001111000110101000101000100101110100101010011110110001 1048576.0
runproj limit: 0.0
01111110110101110000101010011110010100001010001001010000101101011100101110101101011010010101111 1048576.0
runproj limit: 0.0
10000110001100000111001100010000010000000000111000110000101101011001000010100010101101000000101 1048576.0
runproj limit: 0.0
11100011000011110110000010111110010011010010110011111001111010010001001111101000111000111001011 1048576.0
runproj limit: 0.0
10001011011111110100011010000110001110001111010000000110011100100001101001100101011010000000100 1048576.0
runproj limit: 0.0
11100000000000110001000000011110010000010000010000100010100100010000001010010001001001000000000 1048576.0
runproj limit: 0.0
10000011111110110111101100111101111000010000010000010001110011000010010010001000100001011000100 1048576.0
runproj limit: 0.0
10000001010110010011100001100100011000010000110001010101100011001110010010111001000001011000100 1048576.0
runproj limit: 0.0
00001111000111110100000000011110000100000000110010000000111111011100001001000101010011000000000 1048576.0
runproj limit: 0.0
00001100000101111001001010011110010000001101010001000010100001010000001000011101001011010100000 1048576.0
runproj limit: 0.0
10000100100010110001010100000010110100101001110001110000001101100100001110000000010011011100001 1048576.0
runproj limit: 0.0
10000010001111100101000000111101110000000000110000010001100101001010000010101010110001001000100 1048576.0
best: 1.0
runproj limit: 0.0
10000011000111100110000010011111011011000000110101011001111001011001100011101011010000011001011 1048576.0
runproj limit: 0.0
00000011111101110111011110100101111000010100000111000001011011010011100010011100100000011000001 1048576.0
runproj limit: 0.0
00010010000001110111010000011100011000010000010100100001110111010001001010011001000001010000001 1048576.0
runproj limit: 0.0
01110110110100110000011010010110010100101010111001010000011101000100001110110101010010010100101 1048576.0
runproj limit: 0.0
10000100000111100101011001111111110100000001110000010000100101101110000001101001101011000100101 1048576.0
runproj limit: 0.0
11101000000010111001000110010110010100110000110000100110000100000000101110000001001001100110000 1048576.0
runproj limit: 0.0
11100011000011110110000010111110010011010010110011111001111010010001001111101000111000111001011 1048576.0
runproj limit: 0.0
00000101000110110001101001010100010000011100010001010011100001000000010000111101001001010000100 1048576.0
runproj limit: 0.0
00110111111110110101001100101001111000011111000111100000011001010010011001000100101100000001000 1048576.0
runproj limit: 0.0
10001101010100110000000001111110000001000000111100001000101111001100001001000101011010110010011 1048576.0
runproj limit: 0.0
11100000000010011011101111000011010110011000111000010100000001100100100110001101010101110111101 1048576.0
runproj limit: 0.0
00101011000001110110100001010010010001011000110010011010101011111111011000101101010011110010100 1048576.0
runproj limit: 0.0
00110100111101001000111011010110011100111100110001010000010101010100101101011110000001011000101 1048576.0
runproj limit: 0.0
00000100000111010101011001011110100100000001010010010000101101101100001001000001001011000100001 1048576.0
runproj limit: 0.0
00010010001001100101000000010100111000010100010001001001000101000011000010001111100000001000110 1048576.0
runproj limit: 0.0
00010011111101110111010100100101111000010100000100000001011011010011110010011000000000011000001 1048576.0
runproj limit: 0.0
10000010000101100101010010011101011000000100110100010001101101001010100010101011000000001000100 1048576.0
runproj limit: 0.0
00001111000110111110000011011110000100010000010001000000111001001001101001000001111101000010000 1048576.0
runproj limit: 0.0
00000011111110110101011110001101111000010100000111000001011011010010000001011101100000011000111 1048576.0
runproj limit: 0.0
11100110110100110000011010000110010100101001110001010000011101000100001010110101010010011100101 1048576.0
best: 1.0
done evolving!
"all is well:)"
>>>>>>>>>>>>>>FINISH OPTIMIZATION>>>>>>>>>>>>>>>
513.05user 359.68system 16:10.04elapsed 89%CPU (0avgtext+0avgdata 131464maxresident)k
1134016inputs+1541208outputs (590major+63439275minor)pagefaults 0swaps
