Optimizing /h/ywang30/nofib/spectral/atom
>>>>>>>>>>>>>>>START OPTIMIZATION>>>>>>>>>>>>>>>
pop: 13
gens: 15
arch: 7
limit is: 0.59
runproj limit: 0.59
"All is well :D"
Basetime is: 3145728.0
runproj limit: 0.59
0100000000000000000010000000000000000000000010000000001000000000101000000 3145728.0
runproj limit: 0.59
0010000000100000000100000000001100000000000000000000000000000001001000000 3145728.0
runproj limit: 0.59
0000000000010000001000001001101000000000000011000001000010000000000000000 3145728.0
runproj limit: 0.59
"timed out"
0000000000010000001000001010000000001010010000000001000000000110000000001 6291456.0
runproj limit: 0.59
0000000000000000000000000000000000000000000000000000000000000000000000000 3145728.0
runproj limit: 0.59
0000000000000000000000000000000000000000000000000000000000000000000000000 3145728.0
runproj limit: 0.59
"timed out"
1000000000000000000000000011000101010000100000010000000100000100000010100 6291456.0
runproj limit: 0.59
"timed out"
0100000000001100000000100000000000000000000000100000010000001010000000000 6291456.0
runproj limit: 0.59
0000100000000000000000100000100000000000000000000100000100000000100000100 3145728.0
runproj limit: 0.59
0010000000000000000000001000000000110000100000000001000000000000010000000 3145728.0
runproj limit: 0.59
0000010000000000100000000000000000001010000000000000000000001011000000000 3145728.0
runproj limit: 0.59
0000000000000000000000000000000000000000000000000000000000000000000000000 3145728.0
runproj limit: 0.59
0000000000000000000000000000100000000000000001000000000000000011000110000 2097152.0
best: 0.6666666666666666
runproj limit: 0.59
0000000000000000001000000000101000000000000011000001000010000000000000000 3145728.0
runproj limit: 0.59
0000000000010000000000001001100000000000000011000001000000000000000000000 3145728.0
runproj limit: 0.59
0100000000000000000000000000000000000000000000000000000000000000100000000 3145728.0
runproj limit: 0.59
0000000000000000000000000000100000000000000000000100000000000001000000100 3145728.0
runproj limit: 0.59
"timed out"
1010000000000000000100000011000100010000100000000000000000000100000000100 6291456.0
runproj limit: 0.59
1000000000000000000000000001100101010000000000010000000000000101000010000 2097152.0
runproj limit: 0.59
0000000000000000100000000000000000001010000000000000000000000010000000000 3145728.0
runproj limit: 0.59
0000100000000000000000000000100000000000000000000000000000000000000000100 3145728.0
runproj limit: 0.59
"timed out"
0010000000111100100100011000000100000010000001000100011100101001001010001 6291456.0
runproj limit: 0.59
"timed out"
0000010000001001011001100000000101111000000101010100000000010000000000000 6291456.0
runproj limit: 0.59
0000110011000110011110000101000000010010000011000000101100100000101000100 3145728.0
runproj limit: 0.59
"timed out"
0100010010001000010100100001100010000000000000001101010001000110000000010 6291456.0
runproj limit: 0.59
0110010100110000011000001000101000100010000010011110110010000000000000010 2097152.0
runproj limit: 0.59
0000000000000000000000000000100000000000000001000000000000000011000110000 2097152.0
runproj limit: 0.59
0100000000000000000010000000000000000000000010000000001000000000101000000 3145728.0
runproj limit: 0.59
0010000000100000000100000000001100000000000000000000000000000001001000000 3145728.0
runproj limit: 0.59
0000000000010000001000001001101000000000000011000001000010000000000000000 3145728.0
runproj limit: 0.59
0000000000000000000000000000000000000000000000000000000000000000000000000 3145728.0
runproj limit: 0.59
0000100000000000000000100000100000000000000000000100000100000000100000100 3145728.0
runproj limit: 0.59
0010000000000000000000001000000000110000100000000001000000000000010000000 3145728.0
best: 0.6666666666666666
runproj limit: 0.59
0110010000100000001000000000001000001010000010010000000000000010000000000 2097152.0
runproj limit: 0.59
0100000000010000001000001000101000000010000010001100110000000011000000010 3145728.0
runproj limit: 0.59
0000000000010000000000000001101001010000000000010000000010000100000000000 3145728.0
runproj limit: 0.59
0000000000000000000000001000000000000000000010000001001000000000100000000 3145728.0
runproj limit: 0.59
0100000000000000000000000000000000000000000001000000000000000010100100000 3145728.0
runproj limit: 0.59
0000000100110000011000001001101000000000000010011100110010000000000000010 2097152.0
runproj limit: 0.59
0000010000000100011110000101101000000010000011000001101110000000101000100 3145728.0
runproj limit: 0.59
"timed out"
0000000000001000010000000000000100001010000001000000000000000000000000000 6291456.0
runproj limit: 0.59
0000100000000010000101100100101000000001001110011100000000100000100000010 2097152.0
runproj limit: 0.59
0001000000010000010010000001100100000010000000100000001000100101010010010 3145728.0
runproj limit: 0.59
1001000000010111100010000000011000001001000100100100100111001000101010010 2097152.0
runproj limit: 0.59
0111010011010101110110101001100011111010000101001001000011000010000000111 2097152.0
runproj limit: 0.59
0001010000000101100001100100011001101100010101000000100010000010000011000 2097152.0
runproj limit: 0.59
1000000000000000000000000001100101010000000000010000000000000101000010000 2097152.0
runproj limit: 0.59
0110010100110000011000001000101000100010000010011110110010000000000000010 2097152.0
runproj limit: 0.59
0000000000000000000000000000100000000000000001000000000000000011000110000 2097152.0
runproj limit: 0.59
0000000000000000001000000000101000000000000011000001000010000000000000000 3145728.0
runproj limit: 0.59
0000000000010000000000001001100000000000000011000001000000000000000000000 3145728.0
runproj limit: 0.59
0100000000000000000000000000000000000000000000000000000000000000100000000 3145728.0
runproj limit: 0.59
0000000000000000000000000000100000000000000000000100000000000001000000100 3145728.0
best: 0.6666666666666666
runproj limit: 0.59
0110000000110010010100000100101000100001000010011110000010100000100000010 2097152.0
runproj limit: 0.59
0110000010010001000010001001100010101000000011001001001000000000100000010 3145728.0
runproj limit: 0.59
0110010100110000011000000000101000001010000010010010010000000010000000010 2097152.0
runproj limit: 0.59
0000000000000000000000000001100001010000000000010000000010000101000010000 2097152.0
runproj limit: 0.59
0001000000010101010010000001101100001011000100100100101101000100111010010 2097152.0
runproj limit: 0.59
0100010100110000011000001001101000100000000010011110110010000000000000010 2097152.0
runproj limit: 0.59
0000100000000000000000000000100000000001001000010000000000100000100010010 2097152.0
runproj limit: 0.59
0100000000000000000000001000001000000010000010010000000000000010100000000 2097152.0
runproj limit: 0.59
"timed out"
0000010000000100011110000111101010000010010011000001101100101001101000110 6291456.0
runproj limit: 0.59
"timed out"
0010110000101000001001000001101000101000100110010000000110001010100101000 6291456.0
runproj limit: 0.59
0110000001010101110000000001101001011000000100011001101011000101000011010 2097152.0
runproj limit: 0.59
"timed out"
1000000100010110100011100110011100000000000101100101100111011001101010010 6291456.0
runproj limit: 0.59
0110010010010000100110111101011110101010000101001001000111000000110000111 2097152.0
runproj limit: 0.59
0110010000100000001000000000001000001010000010010000000000000010000000000 2097152.0
runproj limit: 0.59
0000000100110000011000001001101000000000000010011100110010000000000000010 2097152.0
runproj limit: 0.59
0000100000000010000101100100101000000001001110011100000000100000100000010 2097152.0
runproj limit: 0.59
1001000000010111100010000000011000001001000100100100100111001000101010010 2097152.0
runproj limit: 0.59
0111010011010101110110101001100011111010000101001001000011000010000000111 2097152.0
runproj limit: 0.59
0001010000000101100001100100011001101100010101000000100010000010000011000 2097152.0
runproj limit: 0.59
1000000000000000000000000001100101010000000000010000000000000101000010000 2097152.0
best: 0.6666666666666666
runproj limit: 0.59
0001100000010001000110100000101000000011001110111100000000000100111000010 2097152.0
runproj limit: 0.59
0000100000000000000000000001100000000001001000010000000000000100000010010 2097152.0
runproj limit: 0.59
0110100000000000001101100100001000000010000010010100000000000000000000010 2097152.0
runproj limit: 0.59
1001000000000000000010000001101001011001000000000100000001001001101010000 3145728.0
runproj limit: 0.59
0001000000000100010010000001101000000011000110100000101100000110110000010 2097152.0
runproj limit: 0.59
0001010000010000010001000100111000100100000101001000100010000000000000000 2097152.0
runproj limit: 0.59
0100000000110010010000000101101000001011000100110100100101100100111010010 2097152.0
runproj limit: 0.59
0110000000010000000010000001100011100000000000000000000000000101000010000 3145728.0
runproj limit: 0.59
0100001000010100011001000000100010000001100010011110000110010110100000010 2097152.0
runproj limit: 0.59
0111100001000001000001000000100000001001001001011100101100111000100110100 2097152.0
runproj limit: 0.59
0000100000110000011010111101101000000000000010011101100010000110101100010 2097152.0
runproj limit: 0.59
1110010000000000111010001000001000001011000010010100010001000000000000001 2097152.0
runproj limit: 0.59
"timed out"
0010000000110010000111100110101010101000001010011101010000110000100000010 6291456.0
runproj limit: 0.59
0110000000110010010100000100101000100001000010011110000010100000100000010 2097152.0
runproj limit: 0.59
0110010100110000011000000000101000001010000010010010010000000010000000010 2097152.0
runproj limit: 0.59
0000000000000000000000000001100001010000000000010000000010000101000010000 2097152.0
runproj limit: 0.59
0001000000010101010010000001101100001011000100100100101101000100111010010 2097152.0
runproj limit: 0.59
0100010100110000011000001001101000100000000010011110110010000000000000010 2097152.0
runproj limit: 0.59
0000100000000000000000000000100000000001001000010000000000100000100010010 2097152.0
runproj limit: 0.59
0100000000000000000000001000001000000010000010010000000000000010100000000 2097152.0
best: 0.6666666666666666
runproj limit: 0.59
1111000000000000111000001000101000001001000011011100011101011000100010000 2097152.0
runproj limit: 0.59
0001000000000101010010000001101100000011000110100100101101000100110010010 2097152.0
runproj limit: 0.59
0100010000110000000000001000001000001010000010010000010000000010000000010 2097152.0
runproj limit: 0.59
0001010000110000011000000100101000100000000111001000100010000000000000010 2097152.0
runproj limit: 0.59
0001010000010000010001000100111000100100000101001000100010000000000000000 2097152.0
runproj limit: 0.59
0010000000010000000001000000100001100000000101000000000000000001000010000 2097152.0
runproj limit: 0.59
0000100000010011000100100000101000000011001110111100100000100100111000010 2097152.0
runproj limit: 0.59
0000010000010000011000000100101000001011000001000100110000000000000000000 3145728.0
runproj limit: 0.59
"timed out"
0010100000001000000101001000100100000001001000110101100010101000100110110 6291456.0
runproj limit: 0.59
0101000000000000111000001000100100000011100100010101111101010001010010010 2097152.0
runproj limit: 0.59
"timed out"
1000011010011000111001001000000000010101110011001111000100101000111010000 6291456.0
runproj limit: 0.59
"timed out"
1111010010001001111010001001000010111011000011010100010010010100010100000 6291456.0
runproj limit: 0.59
"timed out"
0000110000001011010001000000001111000011001010000101001100100101101011110 6291456.0
runproj limit: 0.59
0001100000010001000110100000101000000011001110111100000000000100111000010 2097152.0
runproj limit: 0.59
0000100000000000000000000001100000000001001000010000000000000100000010010 2097152.0
runproj limit: 0.59
0110100000000000001101100100001000000010000010010100000000000000000000010 2097152.0
runproj limit: 0.59
0001000000000100010010000001101000000011000110100000101100000110110000010 2097152.0
runproj limit: 0.59
0001010000010000010001000100111000100100000101001000100010000000000000000 2097152.0
runproj limit: 0.59
0100000000110010010000000101101000001011000100110100100101100100111010010 2097152.0
runproj limit: 0.59
0100001000010100011001000000100010000001100010011110000110010110100000010 2097152.0
best: 0.6666666666666666
runproj limit: 0.59
0001000000010000010000000101101000000100000101000000101000000110100000010 3145728.0
runproj limit: 0.59
"timed out"
0000100000001000010011000001101101000011001110100100101100100111101010110 6291456.0
runproj limit: 0.59
0000000000010000001000000100101000100011001111011100100000000100100000010 2097152.0
runproj limit: 0.59
0110001000010000000001000000100001100001000110010010000110000110100010000 2097152.0
runproj limit: 0.59
0000000000000101011000100000101100000011000110000100000000000100100010010 2097152.0
runproj limit: 0.59
0100100000000000001100100100101000000000000000010000000000000000000010010 2097152.0
runproj limit: 0.59
0100000000000000111000001001100000001001000011011000010101011100000010000 2097152.0
runproj limit: 0.59
0001010000000000000000000000100000000001001101001000100000000000000000000 2097152.0
runproj limit: 0.59
"timed out"
0100000000111110111010000011101000000101011011011000100110000010000100010 6291456.0
runproj limit: 0.59
"timed out"
0111101110001100001001000110111000001100010010101100100111100001000100010 6291456.0
runproj limit: 0.59
0000110000010000000001010100011000100101000110000001110010010000010000110 2097152.0
runproj limit: 0.59
1001110001010000011010001000001011100000001001000000110010110000010110101 2097152.0
runproj limit: 0.59
"timed out"
0000010000110100011001010011101000010011100011100110010000000110000000000 6291456.0
runproj limit: 0.59
1111000000000000111000001000101000001001000011011100011101011000100010000 2097152.0
runproj limit: 0.59
0001000000000101010010000001101100000011000110100100101101000100110010010 2097152.0
runproj limit: 0.59
0100010000110000000000001000001000001010000010010000010000000010000000010 2097152.0
runproj limit: 0.59
0001010000110000011000000100101000100000000111001000100010000000000000010 2097152.0
runproj limit: 0.59
0001010000010000010001000100111000100100000101001000100010000000000000000 2097152.0
runproj limit: 0.59
0010000000010000000001000000100001100000000101000000000000000001000010000 2097152.0
runproj limit: 0.59
0000100000010011000100100000101000000011001110111100100000100100111000010 2097152.0
best: 0.6666666666666666
runproj limit: 0.59
0001010000110000011001000100101000100100000111001000100010000000000000000 2097152.0
runproj limit: 0.59
1001100000000000011000100000001001000010001001000100000000000100100110101 2097152.0
runproj limit: 0.59
0101000000000101011000000000101000000011000011001100000100001000100010000 3145728.0
runproj limit: 0.59
"timed out"
0010101010010000000001000010110000101100000010000000000110000001000100000 6291456.0
runproj limit: 0.59
0011001000010001000011000001101101000011000110010100101100000100100010000 2097152.0
runproj limit: 0.59
0001110000000000000010001000100011100001001001000000100000000000010110000 2097152.0
runproj limit: 0.59
0101101010000100001000000100111100000100000110100100101101100001100010010 2097152.0
runproj limit: 0.59
0000110000010000001000010100101000100101001110000100100000000100110000110 2097152.0
runproj limit: 0.59
"timed out"
0100010000010000001101100010101001100001100000010001100100010101001110000 6291456.0
runproj limit: 0.59
"timed out"
1000001000010000010111001010100001100011010110110010001100000110110000010 6291456.0
runproj limit: 0.59
"timed out"
1011000110110000011000000111101001110101111100000110110100010000000001010 6291456.0
runproj limit: 0.59
"timed out"
0100000100010100001001100011000001100101000101110011010101100111100000000 6291456.0
runproj limit: 0.59
"timed out"
1000110001010001100001010110000000100101010111100001010000010100010010100 6291456.0
runproj limit: 0.59
0000000000010000001000000100101000100011001111011100100000000100100000010 2097152.0
runproj limit: 0.59
0110001000010000000001000000100001100001000110010010000110000110100010000 2097152.0
runproj limit: 0.59
0000000000000101011000100000101100000011000110000100000000000100100010010 2097152.0
runproj limit: 0.59
0100100000000000001100100100101000000000000000010000000000000000000010010 2097152.0
runproj limit: 0.59
0100000000000000111000001001100000001001000011011000010101011100000010000 2097152.0
runproj limit: 0.59
0001010000000000000000000000100000000001001101001000100000000000000000000 2097152.0
runproj limit: 0.59
0000110000010000000001010100011000100101000110000001110010010000010000110 2097152.0
best: 0.6666666666666666
runproj limit: 0.59
0111001000010001100001001001101100000011000010011100100101001100100010000 2097152.0
runproj limit: 0.59
0100100000010001001101000100101100000011000100010100000100000100100010010 2097152.0
runproj limit: 0.59
0100101000000000000000000100100001000001000100010010000010000000000010010 2097152.0
runproj limit: 0.59
1001100000000000011000100000001001000010001001000100000000000100100110101 2097152.0
runproj limit: 0.59
0100001000010000110000000000100001100001000010011000000101000110000010000 2097152.0
runproj limit: 0.59
0001010000110001000001000100001000100100000111101001110000010100010010100 2097152.0
runproj limit: 0.59
0100000000010000011000000000100001100001000110000100000000000100100010000 2097152.0
runproj limit: 0.59
0101001010000000001000000100101100000100001100101000101001100000000010000 2097152.0
runproj limit: 0.59
"timed out"
1110101100011101000000001000000001100011000111100010010110000110010010101 6291456.0
runproj limit: 0.59
1000000000010110010111001000011001100011110011100010001100100110011010011 3145728.0
runproj limit: 0.59
1000100010010000011000100001111101000010011001001101000010001100100110101 2097152.0
runproj limit: 0.59
"timed out"
1101101010101100001100011101101001100110001010100000111101100011101010000 6291456.0
runproj limit: 0.59
"timed out"
1001100000001001000000100111101011011000011011010110111001011100101110101 6291456.0
runproj limit: 0.59
0001010000110000011001000100101000100100000111001000100010000000000000000 2097152.0
runproj limit: 0.59
1001100000000000011000100000001001000010001001000100000000000100100110101 2097152.0
runproj limit: 0.59
0011001000010001000011000001101101000011000110010100101100000100100010000 2097152.0
runproj limit: 0.59
0001110000000000000010001000100011100001001001000000100000000000010110000 2097152.0
runproj limit: 0.59
0101101010000100001000000100111100000100000110100100101101100001100010010 2097152.0
runproj limit: 0.59
0000110000010000001000010100101000100101001110000100100000000100110000110 2097152.0
runproj limit: 0.59
0000000000010000001000000100101000100011001111011100100000000100100000010 2097152.0
best: 0.6666666666666666
runproj limit: 0.59
0101001000000000000000000100100000000101000100010010000010100000000010000 2097152.0
runproj limit: 0.59
0000001000010000101000000000100000100011001110011100100101000110100000010 2097152.0
runproj limit: 0.59
0111001000010001100001001001101100000011000010011100100101001100100010000 2097152.0
runproj limit: 0.59
0111101010000100000000000101101100000110000110100100101100000000100010000 2097152.0
runproj limit: 0.59
"timed out"
1001100000001000010000101000000001000011000111000000010010000110010010101 6291456.0
runproj limit: 0.59
0101101000000100001000000000101001000101000110100100001100000101100010000 2097152.0
runproj limit: 0.59
0100001000010000110000000000100001100001000010011000000101000110000010000 2097152.0
runproj limit: 0.59
0000110000110000011000000100101000100100000110000000100010000000110000000 2097152.0
runproj limit: 0.59
1100110000010010000001110101101101000101100000111111100000100100101001011 2097152.0
runproj limit: 0.59
1010110010010010110100000000111100001010011001001111000111001101110110011 2097152.0
runproj limit: 0.59
"timed out"
1010100010000000111101100110101001000010111101101111001010111010100100101 6291456.0
runproj limit: 0.59
"timed out"
0101101011111000010100001010101110110011010011011000000111010100000000100 6291456.0
runproj limit: 0.59
0111100001010000010011000101101000011011001100010111101101110111100010000 2097152.0
runproj limit: 0.59
0111001000010001100001001001101100000011000010011100100101001100100010000 2097152.0
runproj limit: 0.59
0100100000010001001101000100101100000011000100010100000100000100100010010 2097152.0
runproj limit: 0.59
0100101000000000000000000100100001000001000100010010000010000000000010010 2097152.0
runproj limit: 0.59
1001100000000000011000100000001001000010001001000100000000000100100110101 2097152.0
runproj limit: 0.59
0100001000010000110000000000100001100001000010011000000101000110000010000 2097152.0
runproj limit: 0.59
0001010000110001000001000100001000100100000111101001110000010100010010100 2097152.0
runproj limit: 0.59
0100000000010000011000000000100001100001000110000100000000000100100010000 2097152.0
best: 0.6666666666666666
runproj limit: 0.59
1001101000000100001000100000101001000110001111100100000100000100100010000 2097152.0
runproj limit: 0.59
0111000000010001011000000000100001100001000010001100100001001100100010000 3145728.0
runproj limit: 0.59
"timed out"
1000100010000001001101000110101101000011010101000111001010010000100110110 6291456.0
runproj limit: 0.59
0011001000110001100001000001001000100011000011111100100100000100010010100 2097152.0
runproj limit: 0.59
1010001010010010100000000000110000000011001000011111100111001110100000011 2097152.0
runproj limit: 0.59
0110111000010000000001100101101101000101000010011101100001000100100010001 2097152.0
runproj limit: 0.59
0101101010000100010000000000001000000110000001100100000000000000100010100 3145728.0
runproj limit: 0.59
0100000000010001011100000100101000000001000110010100000000000100100010000 2097152.0
runproj limit: 0.59
0110100001000001011110000101110100100010001110010101000101000101101110010 2097152.0
runproj limit: 0.59
"timed out"
1110001110111011110001000000100001101111010100011100011100000110000010100 6291456.0
runproj limit: 0.59
0111011000000101001000000000011101000011010110110110100110111111000010011 2097152.0
runproj limit: 0.59
0110101000000011010101001100111001010001000001010110000010100000100010010 2097152.0
runproj limit: 0.59
1000110000100101111100000101100000101100010111001011000010000110011101100 2097152.0
runproj limit: 0.59
0101001000000000000000000100100000000101000100010010000010100000000010000 2097152.0
runproj limit: 0.59
0000001000010000101000000000100000100011001110011100100101000110100000010 2097152.0
runproj limit: 0.59
0111001000010001100001001001101100000011000010011100100101001100100010000 2097152.0
runproj limit: 0.59
0111101010000100000000000101101100000110000110100100101100000000100010000 2097152.0
runproj limit: 0.59
0101101000000100001000000000101001000101000110100100001100000101100010000 2097152.0
runproj limit: 0.59
0100001000010000110000000000100001100001000010011000000101000110000010000 2097152.0
runproj limit: 0.59
0000110000110000011000000100101000100100000110000000100010000000110000000 2097152.0
best: 0.6666666666666666
runproj limit: 0.59
0000000000110000011000000100100000100010001110001000100111000110110000000 2097152.0
runproj limit: 0.59
0000110000110101011100000101100000100100000110000011100010000010111001000 2097152.0
runproj limit: 0.59
0100100000000101011000000100110100100100000110010100001101000101100110000 2097152.0
runproj limit: 0.59
0111101000100011110001000101011000100001000001010100000000100100000010100 2097152.0
runproj limit: 0.59
1000101010110000110000000000111000000101000110010110100010000000110000011 2097152.0
runproj limit: 0.59
1010010000000101011100000100010100001010010110000011100110000111010000001 2097152.0
runproj limit: 0.59
0111011000000100001000000000101001000001010110110110000110010101100010010 2097152.0
runproj limit: 0.59
0001001000100101111000000101000000100100000011111100000000000110011000100 2097152.0
runproj limit: 0.59
0111001001010010010001001000101100101000100000000100101100111110001001000 2097152.0
runproj limit: 0.59
0100110100010000101100001000001101001001010111110000000110000100011010010 2097152.0
runproj limit: 0.59
"timed out"
1000001011011001011100110100011011001001110100010001000010001111110000011 6291456.0
runproj limit: 0.59
"timed out"
1110110011111001010110110110110001111110010010000101000101101101101010011 6291456.0
runproj limit: 0.59
"timed out"
0000111000111000101010000011000100101100100110000010101111011100111100111 6291456.0
runproj limit: 0.59
1001101000000100001000100000101001000110001111100100000100000100100010000 2097152.0
runproj limit: 0.59
0011001000110001100001000001001000100011000011111100100100000100010010100 2097152.0
runproj limit: 0.59
1010001010010010100000000000110000000011001000011111100111001110100000011 2097152.0
runproj limit: 0.59
0110111000010000000001100101101101000101000010011101100001000100100010001 2097152.0
runproj limit: 0.59
0100000000010001011100000100101000000001000110010100000000000100100010000 2097152.0
runproj limit: 0.59
0110100001000001011110000101110100100010001110010101000101000101101110010 2097152.0
runproj limit: 0.59
0111011000000101001000000000011101000011010110110110100110111111000010011 2097152.0
best: 0.6666666666666666
runproj limit: 0.59
1000101000110000100000000000111000000001000010010110100100000000010000101 2097152.0
runproj limit: 0.59
0010000000100111010101000101010100100001010000010110000100100111000000101 3145728.0
runproj limit: 0.59
0110001000000101001000000000110000100000000110010110000110000101100110010 2097152.0
runproj limit: 0.59
0110111000100001100001000101001001100001000011010101100000100100000010000 2097152.0
runproj limit: 0.59
0000000000010001011000000100100000100010000110011000100001000110110010000 2097152.0
runproj limit: 0.59
0000110010010001100100000001110000000100001000010011100010001010110001000 2097152.0
runproj limit: 0.59
0111011000110100001000000001001000000001000110111100100110010100110010100 2097152.0
runproj limit: 0.59
0001111000000101001000000000011001000010010111110100100110110110000010010 2097152.0
runproj limit: 0.59
1111101011010001001000000100101000010001010011010110001000010100100010100 2097152.0
runproj limit: 0.59
0101100010110101011000000100111111101100000111111100101101001100100110000 2097152.0
runproj limit: 0.59
"timed out"
0010000000111001110001000001001100001011001011111110100101001100011010100 6291456.0
runproj limit: 0.59
"timed out"
1010000011001000100010100100110100000111011011010111101111001000111000011 6291456.0
runproj limit: 0.59
0111101000110101011001001001010000100000000000011001000000111100001100100 2097152.0
runproj limit: 0.59
0000000000110000011000000100100000100010001110001000100111000110110000000 2097152.0
runproj limit: 0.59
0000110000110101011100000101100000100100000110000011100010000010111001000 2097152.0
runproj limit: 0.59
0100100000000101011000000100110100100100000110010100001101000101100110000 2097152.0
runproj limit: 0.59
0111101000100011110001000101011000100001000001010100000000100100000010100 2097152.0
runproj limit: 0.59
1000101010110000110000000000111000000101000110010110100010000000110000011 2097152.0
runproj limit: 0.59
1010010000000101011100000100010100001010010110000011100110000111010000001 2097152.0
runproj limit: 0.59
0111011000000100001000000000101001000001010110110110000110010101100010010 2097152.0
best: 0.6666666666666666
runproj limit: 0.59
0011000000000011110100000101011000001000000111010001100010100110010000100 2097152.0
runproj limit: 0.59
0111100000110100011000000101111110101000000110111100100100010100100110000 2097152.0
runproj limit: 0.59
0101100010110101011000000100111111101100000111111100101101001100100110000 2097152.0
runproj limit: 0.59
0110110000010100011000000001000000100001000110110100000110010101100010100 2097152.0
runproj limit: 0.59
0111101000100101011001001001011000100000000001011000000000111100000000100 2097152.0
runproj limit: 0.59
0100110010110001011100000100110000101100000101011100101001001000110000000 2097152.0
runproj limit: 0.59
0110111011010001101000000101100000010101011000010110101010000000100000000 2097152.0
runproj limit: 0.59
0111101000010001011001001100010000100000000100011000000001011110001100100 2097152.0
runproj limit: 0.59
0100000010010011001101101000110110000100001000110111110110101000110011000 2097152.0
runproj limit: 0.59
1111001011010001101010000100101000010001011011010110001001110100100000010 2097152.0
runproj limit: 0.59
"timed out"
0111001000111010000000110011111110000001000110011110100010110101111110100 6291456.0
runproj limit: 0.59
0000010100010111011000011101010000001101111010000011100100001101010100101 2097152.0
runproj limit: 0.59
1111111001000001110000101100111000001001111101011100011010101010100000100 2097152.0
runproj limit: 0.59
1000101000110000100000000000111000000001000010010110100100000000010000101 2097152.0
runproj limit: 0.59
0110001000000101001000000000110000100000000110010110000110000101100110010 2097152.0
runproj limit: 0.59
0110111000100001100001000101001001100001000011010101100000100100000010000 2097152.0
runproj limit: 0.59
0000000000010001011000000100100000100010000110011000100001000110110010000 2097152.0
runproj limit: 0.59
0000110010010001100100000001110000000100001000010011100010001010110001000 2097152.0
runproj limit: 0.59
0111011000110100001000000001001000000001000110111100100110010100110010100 2097152.0
runproj limit: 0.59
0001111000000101001000000000011001000010010111110100100110110110000010010 2097152.0
best: 0.6666666666666666
runproj limit: 0.59
0110110100010110011000000001000000101101110010110001100100000101110110101 2097152.0
runproj limit: 0.59
0100100010110101011100000100111010101100000111011100101101001000100110000 2097152.0
runproj limit: 0.59
0101100000110100111000000100111000101000000110110110101101001100100100100 2097152.0
runproj limit: 0.59
1111111011010001101000000100101000010101011000010110001010000000100000010 3145728.0
runproj limit: 0.59
0001100000000001000000000101011001001010000111110100100010100110010000000 2097152.0
runproj limit: 0.59
1100001000110001000101001000111000000101001000010110110110100000110010101 2097152.0
runproj limit: 0.59
0000010100010111011000011101010000001101111010000011100100001101010100101 2097152.0
runproj limit: 0.59
0110111000110001100100000101001001000001000000010011100010001010110010000 2097152.0
runproj limit: 0.59
"timed out"
0111100010110001011101001110100000101100101001011110101101000000110001100 6291456.0
runproj limit: 0.59
"timed out"
1000001001011101001000000010100000110110000110100000000000000111110010000 6291456.0
runproj limit: 0.59
0110100000010011001111101101110110001111001100110101110010111010110011100 2097152.0
runproj limit: 0.59
"timed out"
0010010000001001010010000000010001110111100110011001001000010100111111000 6291456.0
runproj limit: 0.59
1011110011110110001010000000100000110100001100010110101010100001100010011 2097152.0
runproj limit: 0.59
0011000000000011110100000101011000001000000111010001100010100110010000100 2097152.0
runproj limit: 0.59
0111100000110100011000000101111110101000000110111100100100010100100110000 2097152.0
runproj limit: 0.59
0101100010110101011000000100111111101100000111111100101101001100100110000 2097152.0
runproj limit: 0.59
0110110000010100011000000001000000100001000110110100000110010101100010100 2097152.0
runproj limit: 0.59
0111101000100101011001001001011000100000000001011000000000111100000000100 2097152.0
runproj limit: 0.59
0100110010110001011100000100110000101100000101011100101001001000110000000 2097152.0
runproj limit: 0.59
0110111011010001101000000101100000010101011000010110101010000000100000000 2097152.0
best: 0.6666666666666666
done evolving!
"all is well:)"
>>>>>>>>>>>>>>FINISH OPTIMIZATION>>>>>>>>>>>>>>>
575.57user 378.59system 23:07.80elapsed 68%CPU (0avgtext+0avgdata 108488maxresident)k
1070592inputs+1543400outputs (504major+63231840minor)pagefaults 0swaps
