Optimizing /h/ywang30/nofib/imaginary/bernouilli
>>>>>>>>>>>>>>>START OPTIMIZATION>>>>>>>>>>>>>>>
pop: 13
gens: 15
arch: 7
limit is: 0.26
runproj limit: 0.26
"All is well :D"
Basetime is: 3145728.0
runproj limit: 0.26
010000000000000000 3145728.0
runproj limit: 0.26
000000000000000000 3145728.0
runproj limit: 0.26
000000000001000000 3145728.0
runproj limit: 0.26
000000000000000000 3145728.0
runproj limit: 0.26
000000000000000000 3145728.0
runproj limit: 0.26
001000001001000000 3145728.0
runproj limit: 0.26
100000000000000000 3145728.0
runproj limit: 0.26
010000000000110000 3145728.0
runproj limit: 0.26
000010000000000000 3145728.0
runproj limit: 0.26
001000000000000000 3145728.0
runproj limit: 0.26
000000000000000000 3145728.0
runproj limit: 0.26
000010000000100000 3145728.0
runproj limit: 0.26
000000000000000000 3145728.0
best: 1.0
runproj limit: 0.26
000000000000000000 3145728.0
runproj limit: 0.26
000000000001000000 3145728.0
runproj limit: 0.26
011000001001000000 3145728.0
runproj limit: 0.26
000000000000000000 3145728.0
runproj limit: 0.26
100000000000000000 3145728.0
runproj limit: 0.26
100010000000000000 3145728.0
runproj limit: 0.26
010000000000000000 3145728.0
runproj limit: 0.26
100000000000000000 3145728.0
runproj limit: 0.26
000000000001110010 3145728.0
runproj limit: 0.26
000001000000100101 3145728.0
runproj limit: 0.26
000011001100011001 3145728.0
runproj limit: 0.26
011001000001100001 3145728.0
runproj limit: 0.26
011001010011000001 3145728.0
runproj limit: 0.26
010000000000000000 3145728.0
runproj limit: 0.26
000000000000000000 3145728.0
runproj limit: 0.26
000000000001000000 3145728.0
runproj limit: 0.26
001000001001000000 3145728.0
runproj limit: 0.26
100000000000000000 3145728.0
runproj limit: 0.26
010000000000110000 3145728.0
runproj limit: 0.26
000010000000000000 3145728.0
best: 1.0
runproj limit: 0.26
000000000000000000 3145728.0
runproj limit: 0.26
011000000001000000 3145728.0
runproj limit: 0.26
000001001001001001 3145728.0
runproj limit: 0.26
000000000000000000 3145728.0
runproj limit: 0.26
010000001001000000 3145728.0
runproj limit: 0.26
001000000000000000 3145728.0
runproj limit: 0.26
000000000001010000 3145728.0
runproj limit: 0.26
001001000000100001 3145728.0
runproj limit: 0.26
010000000000111000 3145728.0
runproj limit: 0.26
010100000001000001 3145728.0
runproj limit: 0.26
111101000000111101 3145728.0
runproj limit: 0.26
010101000100010111 3145728.0
runproj limit: 0.26
000101000001100100 3145728.0
runproj limit: 0.26
000000000000000000 3145728.0
runproj limit: 0.26
000000000001000000 3145728.0
runproj limit: 0.26
011000001001000000 3145728.0
runproj limit: 0.26
100000000000000000 3145728.0
runproj limit: 0.26
100010000000000000 3145728.0
runproj limit: 0.26
010000000000000000 3145728.0
runproj limit: 0.26
000000000001110010 3145728.0
best: 1.0
runproj limit: 0.26
010100000001101001 3145728.0
runproj limit: 0.26
000000000001100000 3145728.0
runproj limit: 0.26
000001001001000001 3145728.0
runproj limit: 0.26
000000000000001000 3145728.0
runproj limit: 0.26
000000000001010001 3145728.0
runproj limit: 0.26
000000000001010000 3145728.0
runproj limit: 0.26
010000001001000000 3145728.0
runproj limit: 0.26
100000000000000000 3145728.0
runproj limit: 0.26
000000000001010000 3145728.0
runproj limit: 0.26
010010000000100000 3145728.0
runproj limit: 0.26
011001001101011110 3145728.0
runproj limit: 0.26
111001010000111001 3145728.0
runproj limit: 0.26
010001000000000010 3145728.0
runproj limit: 0.26
000000000000000000 3145728.0
runproj limit: 0.26
011000000001000000 3145728.0
runproj limit: 0.26
000001001001001001 3145728.0
runproj limit: 0.26
010000001001000000 3145728.0
runproj limit: 0.26
001000000000000000 3145728.0
runproj limit: 0.26
000000000001010000 3145728.0
runproj limit: 0.26
001001000000100001 3145728.0
best: 1.0
runproj limit: 0.26
000001001001000001 3145728.0
runproj limit: 0.26
011001000000000001 3145728.0
runproj limit: 0.26
010001000000000000 3145728.0
runproj limit: 0.26
000000000000100000 3145728.0
runproj limit: 0.26
000000000000010000 3145728.0
runproj limit: 0.26
011000000001000000 3145728.0
runproj limit: 0.26
111101000001101001 3145728.0
runproj limit: 0.26
000000000001101000 3145728.0
runproj limit: 0.26
011100100011110001 3145728.0
runproj limit: 0.26
001100001101000100 3145728.0
runproj limit: 0.26
011010010001000000 3145728.0
runproj limit: 0.26
100001011010000011 3145728.0
runproj limit: 0.26
000100000001101000 3145728.0
runproj limit: 0.26
010100000001101001 3145728.0
runproj limit: 0.26
000000000001100000 3145728.0
runproj limit: 0.26
000001001001000001 3145728.0
runproj limit: 0.26
000000000000001000 3145728.0
runproj limit: 0.26
000000000001010001 3145728.0
runproj limit: 0.26
000000000001010000 3145728.0
runproj limit: 0.26
010000001001000000 3145728.0
best: 1.0
runproj limit: 0.26
101100001000000011 3145728.0
runproj limit: 0.26
000000000000001000 3145728.0
runproj limit: 0.26
000000001001100000 3145728.0
runproj limit: 0.26
010000000001010000 3145728.0
runproj limit: 0.26
011000000001000000 3145728.0
runproj limit: 0.26
010000000001001000 3145728.0
runproj limit: 0.26
100101001001001001 3145728.0
runproj limit: 0.26
011001011001000000 3145728.0
runproj limit: 0.26
001000000001110000 3145728.0
runproj limit: 0.26
001100011010000011 3145728.0
runproj limit: 0.26
101101101011000011 3145728.0
runproj limit: 0.26
000100001001001100 3145728.0
runproj limit: 0.26
000001000001111101 3145728.0
runproj limit: 0.26
000001001001000001 3145728.0
runproj limit: 0.26
011001000000000001 3145728.0
runproj limit: 0.26
010001000000000000 3145728.0
runproj limit: 0.26
000000000000100000 3145728.0
runproj limit: 0.26
000000000000010000 3145728.0
runproj limit: 0.26
011000000001000000 3145728.0
runproj limit: 0.26
111101000001101001 3145728.0
best: 1.0
runproj limit: 0.26
000000101001000011 3145728.0
runproj limit: 0.26
000000000001110001 3145728.0
runproj limit: 0.26
100101000001010001 3145728.0
runproj limit: 0.26
000000000001001100 3145728.0
runproj limit: 0.26
000001000000001000 3145728.0
runproj limit: 0.26
011001000000000000 3145728.0
runproj limit: 0.26
001001000000000011 3145728.0
runproj limit: 0.26
011000011001000000 3145728.0
runproj limit: 0.26
000101000001101010 3145728.0
runproj limit: 0.26
011111110000111101 3145728.0
runproj limit: 0.26
001110000001110001 3145728.0
runproj limit: 0.26
110010000111010000 3145728.0
runproj limit: 0.26
011001011011010000 3145728.0
runproj limit: 0.26
101100001000000011 3145728.0
runproj limit: 0.26
000000000000001000 3145728.0
runproj limit: 0.26
000000001001100000 3145728.0
runproj limit: 0.26
010000000001010000 3145728.0
runproj limit: 0.26
011000000001000000 3145728.0
runproj limit: 0.26
010000000001001000 3145728.0
runproj limit: 0.26
100101001001001001 3145728.0
best: 1.0
runproj limit: 0.26
011000000001010000 3145728.0
runproj limit: 0.26
110011010011010000 3145728.0
runproj limit: 0.26
000101000000001001 3145728.0
runproj limit: 0.26
011010100001001100 3145728.0
runproj limit: 0.26
010101010001001100 3145728.0
runproj limit: 0.26
011010010001000000 3145728.0
runproj limit: 0.26
010010100000001101 3145728.0
runproj limit: 0.26
000110000001010001 3145728.0
runproj limit: 0.26
011010000001000000 3145728.0
runproj limit: 0.26
111000000001001101 3145728.0
runproj limit: 0.26
111001011001010000 3145728.0
runproj limit: 0.26
001000110001011100 3145728.0
runproj limit: 0.26
101110000101110111 3145728.0
runproj limit: 0.26
000000101001000011 3145728.0
runproj limit: 0.26
000000000001110001 3145728.0
runproj limit: 0.26
100101000001010001 3145728.0
runproj limit: 0.26
000000000001001100 3145728.0
runproj limit: 0.26
000001000000001000 3145728.0
runproj limit: 0.26
011001000000000000 3145728.0
runproj limit: 0.26
001001000000000011 3145728.0
best: 1.0
runproj limit: 0.26
000101000001001100 3145728.0
runproj limit: 0.26
001001110001001100 3145728.0
runproj limit: 0.26
001110110101111100 3145728.0
runproj limit: 0.26
110010110001010100 3145728.0
runproj limit: 0.26
000001000001111000 3145728.0
runproj limit: 0.26
001000000001110101 3145728.0
runproj limit: 0.26
001000000001010000 3145728.0
runproj limit: 0.26
111001001000000000 3145728.0
runproj limit: 0.26
100010010001000101 3145728.0
runproj limit: 0.26
111000100001010101 3145728.0
runproj limit: 0.26
000001001001001001 3145728.0
runproj limit: 0.26
110010100010101101 3145728.0
runproj limit: 0.26
110011010011110101 3145728.0
runproj limit: 0.26
011000000001010000 3145728.0
runproj limit: 0.26
110011010011010000 3145728.0
runproj limit: 0.26
000101000000001001 3145728.0
runproj limit: 0.26
011010100001001100 3145728.0
runproj limit: 0.26
010101010001001100 3145728.0
runproj limit: 0.26
011010010001000000 3145728.0
runproj limit: 0.26
010010100000001101 3145728.0
best: 1.0
runproj limit: 0.26
001001100001100100 3145728.0
runproj limit: 0.26
010011000000001101 3145728.0
runproj limit: 0.26
110001000001000100 3145728.0
runproj limit: 0.26
110001110001001101 3145728.0
runproj limit: 0.26
110010010001010000 3145728.0
runproj limit: 0.26
000101010001001100 3145728.0
runproj limit: 0.26
000001000001111000 3145728.0
runproj limit: 0.26
111010100010000001 3145728.0
runproj limit: 0.26
101010010001001000 3145728.0
runproj limit: 0.26
110001100001011111 3145728.0
runproj limit: 0.26
001001001000001011 3145728.0
runproj limit: 0.26
000111001111011010 3145728.0
runproj limit: 0.26
101010000101010000 3145728.0
runproj limit: 0.26
000101000001001100 3145728.0
runproj limit: 0.26
001001110001001100 3145728.0
runproj limit: 0.26
001110110101111100 3145728.0
runproj limit: 0.26
110010110001010100 3145728.0
runproj limit: 0.26
000001000001111000 3145728.0
runproj limit: 0.26
001000000001110101 3145728.0
runproj limit: 0.26
001000000001010000 3145728.0
best: 1.0
runproj limit: 0.26
110011011101010000 3145728.0
runproj limit: 0.26
000100000001000100 3145728.0
runproj limit: 0.26
001001101000001100 3145728.0
runproj limit: 0.26
000001000001111101 3145728.0
runproj limit: 0.26
110011000000011111 3145728.0
runproj limit: 0.26
000010000001001000 3145728.0
runproj limit: 0.26
000001001101001010 3145728.0
runproj limit: 0.26
001001110001011100 3145728.0
runproj limit: 0.26
000001110100001101 3145728.0
runproj limit: 0.26
101001011011010100 3145728.0
runproj limit: 0.26
000000100001110000 3145728.0
runproj limit: 0.26
000110110101110001 3145728.0
runproj limit: 0.26
011010100011010111 3145728.0
runproj limit: 0.26
001001100001100100 3145728.0
runproj limit: 0.26
010011000000001101 3145728.0
runproj limit: 0.26
110001000001000100 3145728.0
runproj limit: 0.26
110001110001001101 3145728.0
runproj limit: 0.26
110010010001010000 3145728.0
runproj limit: 0.26
000101010001001100 3145728.0
runproj limit: 0.26
000001000001111000 3145728.0
best: 1.0
runproj limit: 0.26
000011000001011000 3145728.0
runproj limit: 0.26
001011100001111100 3145728.0
runproj limit: 0.26
000000110001011101 3145728.0
runproj limit: 0.26
000011110001110101 3145728.0
runproj limit: 0.26
111001000000001110 3145728.0
runproj limit: 0.26
010000100001110101 3145728.0
runproj limit: 0.26
100000000001010000 3145728.0
runproj limit: 0.26
000100000001000100 3145728.0
runproj limit: 0.26
110001000101001011 3145728.0
runproj limit: 0.26
000110100001001101 3145728.0
runproj limit: 0.26
111001011101111100 3145728.0
runproj limit: 0.26
100000111111101101 3145728.0
runproj limit: 0.26
000001100001011011 3145728.0
runproj limit: 0.26
110011011101010000 3145728.0
runproj limit: 0.26
000100000001000100 3145728.0
runproj limit: 0.26
001001101000001100 3145728.0
runproj limit: 0.26
000001000001111101 3145728.0
runproj limit: 0.26
110011000000011111 3145728.0
runproj limit: 0.26
000010000001001000 3145728.0
runproj limit: 0.26
000001001101001010 3145728.0
best: 1.0
runproj limit: 0.26
111000000000001100 3145728.0
runproj limit: 0.26
100000111111101101 3145728.0
runproj limit: 0.26
100000010101100100 3145728.0
runproj limit: 0.26
000011110001111101 3145728.0
runproj limit: 0.26
000011000000011110 3145728.0
runproj limit: 0.26
101001001000101100 3145728.0
runproj limit: 0.26
100000100011111001 3145728.0
runproj limit: 0.26
010011011101000000 3145728.0
runproj limit: 0.26
011101101100011110 3145728.0
runproj limit: 0.26
000100111010011101 3145728.0
runproj limit: 0.26
000000100001100101 3145728.0
runproj limit: 0.26
001001001101100100 3145728.0
runproj limit: 0.26
000011110000101111 3145728.0
runproj limit: 0.26
000011000001011000 3145728.0
runproj limit: 0.26
001011100001111100 3145728.0
runproj limit: 0.26
000000110001011101 3145728.0
runproj limit: 0.26
000011110001110101 3145728.0
runproj limit: 0.26
111001000000001110 3145728.0
runproj limit: 0.26
010000100001110101 3145728.0
runproj limit: 0.26
100000000001010000 3145728.0
best: 1.0
runproj limit: 0.26
000001000001110101 3145728.0
runproj limit: 0.26
000100100010011001 3145728.0
runproj limit: 0.26
000100111111011101 3145728.0
runproj limit: 0.26
100000100001011001 3145728.0
runproj limit: 0.26
000011110001101111 3145728.0
runproj limit: 0.26
000000111111101101 3145728.0
runproj limit: 0.26
111001101100001100 3145728.0
runproj limit: 0.26
000011100000111110 3145728.0
runproj limit: 0.26
111010001000100110 3145728.0
runproj limit: 0.26
011111101100011100 3145728.0
runproj limit: 0.26
100001100011000001 3145728.0
runproj limit: 0.26
111000110000111101 3145728.0
runproj limit: 0.26
100010110111111101 3145728.0
runproj limit: 0.26
111000000000001100 3145728.0
runproj limit: 0.26
100000111111101101 3145728.0
runproj limit: 0.26
100000010101100100 3145728.0
runproj limit: 0.26
000011110001111101 3145728.0
runproj limit: 0.26
000011000000011110 3145728.0
runproj limit: 0.26
101001001000101100 3145728.0
runproj limit: 0.26
100000100011111001 3145728.0
best: 1.0
runproj limit: 0.26
100000110001111001 3145728.0
runproj limit: 0.26
000000111111011101 3145728.0
runproj limit: 0.26
000100100000011101 3145728.0
runproj limit: 0.26
011101101100001100 3145728.0
runproj limit: 0.26
100001000001111001 3145728.0
runproj limit: 0.26
111010000000101110 3145728.0
runproj limit: 0.26
111000110000111101 3145728.0
runproj limit: 0.26
000001010000101100 3145728.0
runproj limit: 0.26
001101111111101101 3145728.0
runproj limit: 0.26
100011010101001100 3145728.0
runproj limit: 0.26
110000000000100110 3145728.0
runproj limit: 0.26
001010110000011101 3145728.0
runproj limit: 0.26
001101001110010010 3145728.0
runproj limit: 0.26
000001000001110101 3145728.0
runproj limit: 0.26
000100100010011001 3145728.0
runproj limit: 0.26
000100111111011101 3145728.0
runproj limit: 0.26
100000100001011001 3145728.0
runproj limit: 0.26
000011110001101111 3145728.0
runproj limit: 0.26
000000111111101101 3145728.0
runproj limit: 0.26
111001101100001100 3145728.0
best: 1.0
done evolving!
"all is well:)"
>>>>>>>>>>>>>>FINISH OPTIMIZATION>>>>>>>>>>>>>>>
531.07user 568.09system 20:03.41elapsed 91%CPU (0avgtext+0avgdata 130688maxresident)k
1096408inputs+1449144outputs (295major+63562505minor)pagefaults 0swaps
