Optimizing /h/ywang30/nofib/spectral/calendar
>>>>>>>>>>>>>>>START OPTIMIZATION>>>>>>>>>>>>>>>
pop: 13
gens: 15
arch: 7
limit is: 0.0
runproj limit: 0.0
"All is well :D"
Basetime is: 1048576.0
runproj limit: 0.0
0100000000000000000010000000000000000000000010000000001000000000101000000010011000000000000 1048576.0
runproj limit: 0.0
0010000000100000000100000000001100000000000000000000000000000001001000000000000000000000000 1048576.0
runproj limit: 0.0
0000000000010000001000001001101000000000000011000001000010000000000000000000100000100000000 1048576.0
runproj limit: 0.0
0000000000000000000000000000000000000000000000000000000000000000000000000000000000000000000 1048576.0
runproj limit: 0.0
0000000000000000000000000000000000000000000000000000000000000000000000000000000000000000000 1048576.0
runproj limit: 0.0
0010000010010000000000010000100000000000000000001000000000000000110000000100000000001000000 1048576.0
runproj limit: 0.0
1000000000000000000000000011000101010000100000010000000100000100000010100000000000000101000 1048576.0
runproj limit: 0.0
0100000000001100000000100000000000000000000000100000010000001010000000000000000000010011000 1048576.0
runproj limit: 0.0
0000100000000000000000100000100000000000000000000100000100000000100000100100000000000000000 1048576.0
runproj limit: 0.0
0000000000000000000000000000000000000000000000000000000000000000000000000000000000000000000 1048576.0
runproj limit: 0.0
0000010000000000100000000000000000001010000000000000000000001011000000000000100000111100000 1048576.0
runproj limit: 0.0
0000000000000000000000000000000000000000000000000000000000000000000000000000000000000000000 1048576.0
runproj limit: 0.0
0000000000000000000000000000000000000000000000000000000000000000000000000000000000000000000 1048576.0
best: 1.0
runproj limit: 0.0
0000000000000000001000000000101000000000000011000001000010000000000000000000000000000000000 1048576.0
runproj limit: 0.0
0000000000010000000000001001100100000000000011000001000000000000000010100000000000000101000 1048576.0
runproj limit: 0.0
0110000010010000000000010000000000000000000000000000000000000000100000000100011000001000000 1048576.0
runproj limit: 0.0
0000000000000000000000000000000000000000000000000100000000000000000000100000000000000000000 1048576.0
runproj limit: 0.0
1010000000000000000100000011000100010000100000000000000000000100000000100000000000000101000 1048576.0
runproj limit: 0.0
1000100000000000000000100001100101010000000000010100000100000100100010100000000000000000000 1048576.0
runproj limit: 0.0
0100000000000000100000000000000000001010000000000000010000001010000000000000000000110010000 1048576.0
runproj limit: 0.0
1000000000000000000000000001000001010000100000010000000000000000000010100000000000000100000 1048576.0
runproj limit: 0.0
0010000000111100100100011000000100000010000001000100011100101001001010001100010000000011000 1048576.0
runproj limit: 0.0
0000010000001001011001100000000101111000000101010100000000010000000000000000000000011010100 1048576.0
runproj limit: 0.0
0000110011000110011110000101000000010010000011000000101100100000101000100000011000101010000 1048576.0
runproj limit: 0.0
0110010000011000010100110001000010000000000000000101010001000110110000010100001000101100000 1048576.0
runproj limit: 0.0
0110010100110000011000001000101000100010000010011110110010000000000000010000100000100001000 1048576.0
runproj limit: 0.0
0100000000000000000010000000000000000000000010000000001000000000101000000010011000000000000 1048576.0
runproj limit: 0.0
0010000000100000000100000000001100000000000000000000000000000001001000000000000000000000000 1048576.0
runproj limit: 0.0
0000000000010000001000001001101000000000000011000001000010000000000000000000100000100000000 1048576.0
runproj limit: 0.0
0000000000000000000000000000000000000000000000000000000000000000000000000000000000000000000 1048576.0
runproj limit: 0.0
0010000010010000000000010000100000000000000000001000000000000000110000000100000000001000000 1048576.0
runproj limit: 0.0
1000000000000000000000000011000101010000100000010000000100000100000010100000000000000101000 1048576.0
runproj limit: 0.0
0100000000001100000000100000000000000000000000100000010000001010000000000000000000010011000 1048576.0
best: 1.0
runproj limit: 0.0
0010000000000000000000000001000000011000000000000000010000001110000000100000000000000111000 1048576.0
runproj limit: 0.0
0110000000010000000000010000000010000000000000000100010001000100100000010100011000001000000 1048576.0
runproj limit: 0.0
0000010010000010011100000100000000010010000011000000000000100000101000000000000000001000000 1048576.0
runproj limit: 0.0
0010000000000000000100000000001100000000100000000000000000000000000000100000000000000100000 1048576.0
runproj limit: 0.0
0100000010010000000010010000000000000000000010000000000000000000101000000100011000000000000 1048576.0
runproj limit: 0.0
0000000000000000000000000000000000000000000000000100000000000000000000100000000000000000000 1048576.0
runproj limit: 0.0
0000000000110100000100001000101100000010000001000001011110000001001000000000010000000000000 1048576.0
runproj limit: 0.0
0010010000001000010100110001000100001000000001000101010001000000000000000000001000011010000 1048576.0
runproj limit: 0.0
1000000000000010000101000111001101010001101110001000000000100100000010010101101100000111000 1048576.0
runproj limit: 0.0
0101000000010000010000000001000100000010000011100000000000100110111100010110011101000100000 1048576.0
runproj limit: 0.0
1111010000001111010110110001011010000011000100100001110110001100011010000100001110110110100 1048576.0
runproj limit: 0.0
0101010001000101110110111001000011111010000101000001000011000010110000111100001000011000000 1048576.0
runproj limit: 0.0
0011010000111001000101111100111101101110010101000100111110101000001111001010001001000011010 1048576.0
runproj limit: 0.0
0000000000000000001000000000101000000000000011000001000010000000000000000000000000000000000 1048576.0
runproj limit: 0.0
0000000000010000000000001001100100000000000011000001000000000000000010100000000000000101000 1048576.0
runproj limit: 0.0
0110000010010000000000010000000000000000000000000000000000000000100000000100011000001000000 1048576.0
runproj limit: 0.0
0000000000000000000000000000000000000000000000000100000000000000000000100000000000000000000 1048576.0
runproj limit: 0.0
1010000000000000000100000011000100010000100000000000000000000100000000100000000000000101000 1048576.0
runproj limit: 0.0
1000100000000000000000100001100101010000000000010100000100000100100010100000000000000000000 1048576.0
runproj limit: 0.0
0100000000000000100000000000000000001010000000000000010000001010000000000000000000110010000 1048576.0
best: 1.0
runproj limit: 0.0
0101000000010010010100000111000100000001100011101000000000100100011100010110011100000110000 1048576.0
runproj limit: 0.0
0100000000000000000100000000000000001000100000000000010000000000000000100000000000110100000 1048576.0
runproj limit: 0.0
1000010010000000010100000001000100010000000001010100000000100100101000100000000000001000000 1048576.0
runproj limit: 0.0
0000000000000010001100000000000000000000000001000100000000100000100000100000000000001000000 1048576.0
runproj limit: 0.0
0000000000010100010100001001001100000010000001000001010100000111011000000100011001000000000 1048576.0
runproj limit: 0.0
0000000000010000000000001000000100000010000011000000010000000000000010100000000000000100000 1048576.0
runproj limit: 0.0
0100000010010000000000010001000000000001001000000000000000100000000000010100001100000101000 1048576.0
runproj limit: 0.0
1010000000000000000100000001000100010000100000000000000000000000000000100000000000000100000 1048576.0
runproj limit: 0.0
0000000000110100000100001010101110000010010001000001011100101000001000010010011111011010011 1048576.0
runproj limit: 0.0
0110100000001000000001000000100000111010100100000000010110000110100101100011000000101111001 1048576.0
runproj limit: 0.0
0110010011000111101100000100000000011010000111001001101001100001101011010000101010000101000 1048576.0
runproj limit: 0.0
1110010100001110010111010111011110001010000101100000110110011101011010000001000010110110110 1048576.0
runproj limit: 0.0
0100010000000000100110101101111110101010000101000001000111000000000000111100001100011100100 1048576.0
runproj limit: 0.0
0010000000000000000000000001000000011000000000000000010000001110000000100000000000000111000 1048576.0
runproj limit: 0.0
0110000000010000000000010000000010000000000000000100010001000100100000010100011000001000000 1048576.0
runproj limit: 0.0
0000010010000010011100000100000000010010000011000000000000100000101000000000000000001000000 1048576.0
runproj limit: 0.0
0010000000000000000100000000001100000000100000000000000000000000000000100000000000000100000 1048576.0
runproj limit: 0.0
0100000010010000000010010000000000000000000010000000000000000000101000000100011000000000000 1048576.0
runproj limit: 0.0
0000000000000000000000000000000000000000000000000100000000000000000000100000000000000000000 1048576.0
runproj limit: 0.0
0000000000110100000100001000101100000010000001000001011110000001001000000000010000000000000 1048576.0
best: 1.0
runproj limit: 0.0
0000010010010000010100001000001000000010000011000001000000000110011000000000000001001000000 1048576.0
runproj limit: 0.0
0100000000110000000000011000101000000001001000000001011110000000001000010100001100000000000 1048576.0
runproj limit: 0.0
0110010000000000000100000100100000110010000111000000010100000000100001100011000000101101000 1048576.0
runproj limit: 0.0
0010000000010100000100000000101100000010100001000001000110000001000000000000000000000000000 1048576.0
runproj limit: 0.0
0000000000000100000100001010100110010010110001000001011100000000000000010000000111001100001 1048576.0
runproj limit: 0.0
0110000000010000000000010000000000000000000000000100000001000100100000000100001000001000000 1048576.0
runproj limit: 0.0
1111010000010010010101000111011100001010100101100000110110101101011110000011001010000110000 1048576.0
runproj limit: 0.0
0100000000000010001100000000000000000000000001000100010000000000100000100000000000110100000 1048576.0
runproj limit: 0.0
0111001000110100011001000011001110100001000011101000000100010010011100010101011001010010101 1048576.0
runproj limit: 0.0
0011000011010001000001010001000000001001001001001100101100111000000100100100001101010001011 1048576.0
runproj limit: 0.0
0110100100010000000010100100000010000000000000000101000001000010001100010110011000101101000 1048576.0
runproj limit: 0.0
0000010110110000110110001001100100010001000001010010000001100110101000111000001010001110000 1048576.0
runproj limit: 0.0
0001000000010010000111100101000110001000101011101011010010110100011100010100010111000111000 1048576.0
runproj limit: 0.0
0101000000010010010100000111000100000001100011101000000000100100011100010110011100000110000 1048576.0
runproj limit: 0.0
0100000000000000000100000000000000001000100000000000010000000000000000100000000000110100000 1048576.0
runproj limit: 0.0
1000010010000000010100000001000100010000000001010100000000100100101000100000000000001000000 1048576.0
runproj limit: 0.0
0000000000000010001100000000000000000000000001000100000000100000100000100000000000001000000 1048576.0
runproj limit: 0.0
0000000000010100010100001001001100000010000001000001010100000111011000000100011001000000000 1048576.0
runproj limit: 0.0
0000000000010000000000001000000100000010000011000000010000000000000010100000000000000100000 1048576.0
runproj limit: 0.0
0100000010010000000000010001000000000001001000000000000000100000000000010100001100000101000 1048576.0
best: 1.0
runproj limit: 0.0
0011000010010000110000011001000100010001000001001000001101111110000000100000001101000000001 1048576.0
runproj limit: 0.0
0000000000000010000100001010100010010010010001000100011000000000000000100000000100001100000 1048576.0
runproj limit: 0.0
0100000010000000000000010001000000001000001000000000010000000000000000000000000100010101000 1048576.0
runproj limit: 0.0
0100000000010100000000010000001100000010000000000101000101000111110000000100001001000000000 1048576.0
runproj limit: 0.0
0110000000010000000000010000000000000000000000000100000001000100100000000100001000001000000 1048576.0
runproj limit: 0.0
0100000000010010001100000000000000000000000000000100010001000100100000100100000000011100000 1048576.0
runproj limit: 0.0
1001010010010010010100001010001000000010100011100000110000100110011000000010000010001110000 1048576.0
runproj limit: 0.0
0110010110010000000100010000000000000001000000000000000001100110100000110000001000001000000 1048576.0
runproj limit: 0.0
0010000000011000000101000000000000000010000011100101110010001000000110000100000000100110000 1048576.0
runproj limit: 0.0
1011000110110000110100001001001000011001100111010011101101110111111010100000011010001111000 1048576.0
runproj limit: 0.0
1011011010111000111001001011101100110101010010111001000110101100000110000001011001110010101 1048576.0
runproj limit: 0.0
0101000010001011001100000001001010110000000000000100010011010100110100101010000001110100110 1048576.0
runproj limit: 0.0
0000010000011011010001001000101011000000000001010101011100000101001011000100100000100110000 1048576.0
runproj limit: 0.0
0000010010010000010100001000001000000010000011000001000000000110011000000000000001001000000 1048576.0
runproj limit: 0.0
0100000000110000000000011000101000000001001000000001011110000000001000010100001100000000000 1048576.0
runproj limit: 0.0
0110010000000000000100000100100000110010000111000000010100000000100001100011000000101101000 1048576.0
runproj limit: 0.0
0010000000010100000100000000101100000010100001000001000110000001000000000000000000000000000 1048576.0
runproj limit: 0.0
0000000000000100000100001010100110010010110001000001011100000000000000010000000111001100001 1048576.0
runproj limit: 0.0
0110000000010000000000010000000000000000000000000100000001000100100000000100001000001000000 1048576.0
runproj limit: 0.0
1111010000010010010101000111011100001010100101100000110110101101011110000011001010000110000 1048576.0
best: 1.0
runproj limit: 0.0
0010001010011000111000000010101100000101100010110001000110001001000110000001011001110000001 1048576.0
runproj limit: 0.0
0010000000011000010001000000101001000010000001000101000100000101001010000100100000000100000 1048576.0
runproj limit: 0.0
1001010000010100010000010000001000000010000010000001110000000111010000000010001011000000000 1048576.0
runproj limit: 0.0
0000000000010011001101000000001000000000000001010101010100000101001001000100100000000100000 1048576.0
runproj limit: 0.0
0000010000000010000100001010100010010010010001000000010100000000000000100001000100001100000 1048576.0
runproj limit: 0.0
0100000000100000000100000100100000010000000001000001011110000000000000110110001000100001000 1048576.0
runproj limit: 0.0
0000000000110000110000011000101100010001000001001000001101011010000000100100001100000000000 1048576.0
runproj limit: 0.0
0110000110010000000100010000000000000001000000000000000001100100100000000100001000001000000 1048576.0
runproj limit: 0.0
0001010000011010100010010111001100100111011100010101000001000101110100000101100001000011010 1048576.0
runproj limit: 0.0
0011111100010111010100000011001010011000010111100000010110110101110000111000110101110111110 1048576.0
runproj limit: 0.0
0011100000011000010101010000100000000011000000101100100010011000010110110100000011100110110 1048576.0
runproj limit: 0.0
1100100001110100000010011100101111000010001110001101010101110111100110111100101100000001101 1048576.0
runproj limit: 0.0
0110010110110100000101000111000000011001100010100010100001100000100000110011011100111100010 1048576.0
runproj limit: 0.0
0011000010010000110000011001000100010001000001001000001101111110000000100000001101000000001 1048576.0
runproj limit: 0.0
0000000000000010000100001010100010010010010001000100011000000000000000100000000100001100000 1048576.0
runproj limit: 0.0
0100000010000000000000010001000000001000001000000000010000000000000000000000000100010101000 1048576.0
runproj limit: 0.0
0100000000010100000000010000001100000010000000000101000101000111110000000100001001000000000 1048576.0
runproj limit: 0.0
0110000000010000000000010000000000000000000000000100000001000100100000000100001000001000000 1048576.0
runproj limit: 0.0
0100000000010010001100000000000000000000000000000100010001000100100000100100000000011100000 1048576.0
runproj limit: 0.0
1001010010010010010100001010001000000010100011100000110000100110011000000010000010001110000 1048576.0
best: 1.0
runproj limit: 0.0
0110000000010100000000010000001100000010000000000101000101000100110000000100001001001000000 1048576.0
runproj limit: 0.0
1100110100110100000101010100101101011000001110000000100101100011100110111001101100000100100 1048576.0
runproj limit: 0.0
0001010000000010010000001000000110010011010001001000010100101110000000100000001101001000001 1048576.0
runproj limit: 0.0
0110101000010011001100000011000000001000000111000100010111000101110000100100110001111111100 1048576.0
runproj limit: 0.0
0001010100010011000101000001001010010000010111010000010110010101000001000000110000110101100 1048576.0
runproj limit: 0.0
0110100100010000000010011100000011000001000110001001000001100101100110000100101100001000100 1048576.0
runproj limit: 0.0
0000101000010011010100000011001010010000010001100000011000100101010000100000100100101101010 1048576.0
runproj limit: 0.0
0001100000010100010000010000001000000011000000001001110000000100010000110100000011000010100 1048576.0
runproj limit: 0.0
0100110000110000000101000010100001110001100001000000111010010101001100100110100001100000101 1048576.0
runproj limit: 0.0
1110000000010011011011001010001000000010010001110101011110000101011011010100000000000101100 1048576.0
runproj limit: 0.0
1110010110010100000000010011001101010111111011001011010011010111110001000001011101000101000 1048576.0
runproj limit: 0.0
0010001100010111000101100011101000000100000010110100000111100100001011000101100001001111000 1048576.0
runproj limit: 0.0
1011100001011001110101010010111000000011010001001100000000011100010100100110000101100110101 1048576.0
runproj limit: 0.0
0010001010011000111000000010101100000101100010110001000110001001000110000001011001110000001 1048576.0
runproj limit: 0.0
0010000000011000010001000000101001000010000001000101000100000101001010000100100000000100000 1048576.0
runproj limit: 0.0
1001010000010100010000010000001000000010000010000001110000000111010000000010001011000000000 1048576.0
runproj limit: 0.0
0000000000010011001101000000001000000000000001010101010100000101001001000100100000000100000 1048576.0
runproj limit: 0.0
0000010000000010000100001010100010010010010001000000010100000000000000100001000100001100000 1048576.0
runproj limit: 0.0
0100000000100000000100000100100000010000000001000001011110000000000000110110001000100001000 1048576.0
runproj limit: 0.0
0000000000110000110000011000101100010001000001001000001101011010000000100100001100000000000 1048576.0
best: 1.0
runproj limit: 0.0
0001010000010011000101001001001010010000010011010000010110010101000000100001000000001100000 1048576.0
runproj limit: 0.0
0010011100010011000101000001101010010100010111010000010110100101000001000001110000101101100 1048576.0
runproj limit: 0.0
0011101101011011000101100010101000000110010000001100000011001100000110000100100101101111000 1048576.0
runproj limit: 0.0
1100101100010101001100000000000000001000001110000000000101100101110010111100100000100100100 1048576.0
runproj limit: 0.0
0000010000011010000100000000101001000010000001000100000100000101001010000001100000000100000 1048576.0
runproj limit: 0.0
0010000000011101010000010000111000000010000000000100000000011100110000100100000001001110101 1048576.0
runproj limit: 0.0
0000000000010000000101000010101001010011000001000001110010000101001000100100100000000100001 1048576.0
runproj limit: 0.0
1110010010000000000000010010001101010111100001000011010111010100000001010010001001000001000 1048576.0
runproj limit: 0.0
1010100100010101010000001000001001000000000000110101010100000101111010101111110100000100000 1048576.0
runproj limit: 0.0
1110001000010101011011001000110000000010110100100101011110100101110001011000000000100101101 1048576.0
runproj limit: 0.0
0000010010010010010000001001110010010011000001000001010110100110000000100110100011111000001 1048576.0
runproj limit: 0.0
1000101000111011010000011010011111110010011101100100001000100111011000110011101100101111011 1048576.0
runproj limit: 0.0
1100110100111101011101010011001111000010011100010010011100111011101110111101101100000100100 1048576.0
runproj limit: 0.0
0110000000010100000000010000001100000010000000000101000101000100110000000100001001001000000 1048576.0
runproj limit: 0.0
1100110100110100000101010100101101011000001110000000100101100011100110111001101100000100100 1048576.0
runproj limit: 0.0
0001010000000010010000001000000110010011010001001000010100101110000000100000001101001000001 1048576.0
runproj limit: 0.0
0110101000010011001100000011000000001000000111000100010111000101110000100100110001111111100 1048576.0
runproj limit: 0.0
0001010100010011000101000001001010010000010111010000010110010101000001000000110000110101100 1048576.0
runproj limit: 0.0
0110100100010000000010011100000011000001000110001001000001100101100110000100101100001000100 1048576.0
runproj limit: 0.0
0000101000010011010100000011001010010000010001100000011000100101010000100000100100101101010 1048576.0
best: 1.0
runproj limit: 0.0
0010011000011001000000000010001001000110100001001000000011001100000000010010000101100001000 1048576.0
runproj limit: 0.0
0000110000010011010100000001101000000000010001000000011100000101010000000001100000101101000 1048576.0
runproj limit: 0.0
1100010000010001001101010011001110010010011011010000010100010001100010101101000100001100100 1048576.0
runproj limit: 0.0
1000011100010011010001001010011110110010011111010100001100110111001000010010101000100101011 1048576.0
runproj limit: 0.0
1100100100010100000101001000001001000000000000010100010100100001111010101111111100000100000 1048576.0
runproj limit: 0.0
0001010100010011000101000010001001010011010101000000110110010101000001100100110000000101100 1048576.0
runproj limit: 0.0
0000010000011010000100000000101001000010000001000100000100000101001010000001100000000100000 1048576.0
runproj limit: 0.0
1010101000110000010000011010010111110000011100001100000001100101100000110110101100101000000 1048576.0
runproj limit: 0.0
1010100100010010001011111101000110100001101000110010000001000101111111101101101111001000010 1048576.0
runproj limit: 0.0
1100011000010111110111101001110001001010110100100111011011100100100001101000000101101101110 1048576.0
runproj limit: 0.0
0010010010000010110101001110100110010011100101100011011110010000000010100010000001101001011 1048576.0
runproj limit: 0.0
0001110011110010100000001010100110010000010000000100000110010111001000100100000111010010000 1048576.0
runproj limit: 0.0
1010100001010100001011001100110101011010111110100110011111010110110001011100100010010001101 1048576.0
runproj limit: 0.0
0001010000010011000101001001001010010000010011010000010110010101000000100001000000001100000 1048576.0
runproj limit: 0.0
0010011100010011000101000001101010010100010111010000010110100101000001000001110000101101100 1048576.0
runproj limit: 0.0
0011101101011011000101100010101000000110010000001100000011001100000110000100100101101111000 1048576.0
runproj limit: 0.0
1100101100010101001100000000000000001000001110000000000101100101110010111100100000100100100 1048576.0
runproj limit: 0.0
0000010000011010000100000000101001000010000001000100000100000101001010000001100000000100000 1048576.0
runproj limit: 0.0
0010000000011101010000010000111000000010000000000100000000011100110000100100000001001110101 1048576.0
runproj limit: 0.0
0000000000010000000101000010101001010011000001000001110010000101001000100100100000000100001 1048576.0
best: 1.0
runproj limit: 0.0
1100110111010000000000001000100100011000001000000000000111110101001010100100000111110110000 1048576.0
runproj limit: 0.0
0001000000010001000101000000001001010011000001000000010010000101000000100001000000000100000 1048576.0
runproj limit: 0.0
0010011010000011000101001011101010010100000111000011011110110000000000100010000000101001010 1048576.0
runproj limit: 0.0
0000010000011111010000000001111000010000000010010000010110011101110000100101000001001100100 1048576.0
runproj limit: 0.0
1100110000010111110100101001111001000000110101100111011011000101110000101001000100101101010 1048576.0
runproj limit: 0.0
0000100000010010000001101101000110010001010011010000010000010101110000101101001110001000010 1048576.0
runproj limit: 0.0
0000010011010010100001001010100110010001000000100001000110010010001010100010000111010000000 1048576.0
runproj limit: 0.0
0000011100010011000101000000101000010010010001010000010010100101001000000000110000000100101 1048576.0
runproj limit: 0.0
0000011101000011010110000000110010110101011101010001010111100100001101000000111000101001100 1048576.0
runproj limit: 0.0
1010010110110001000101000000101001001100010111000000011101000101001010100110101010100101000 1048576.0
runproj limit: 0.0
0000001000011100001000000110110100000000110011101100100111010011000000001010000111100001100 1048576.0
runproj limit: 0.0
0001101101011000010000101010110000010110010101001000000011101100100110000100000101100110001 1048576.0
runproj limit: 0.0
0010101000100101110100011011011111111000001101000111100001100011001101010110101000100110000 1048576.0
runproj limit: 0.0
0010011000011001000000000010001001000110100001001000000011001100000000010010000101100001000 1048576.0
runproj limit: 0.0
0000110000010011010100000001101000000000010001000000011100000101010000000001100000101101000 1048576.0
runproj limit: 0.0
1100010000010001001101010011001110010010011011010000010100010001100010101101000100001100100 1048576.0
runproj limit: 0.0
1000011100010011010001001010011110110010011111010100001100110111001000010010101000100101011 1048576.0
runproj limit: 0.0
1100100100010100000101001000001001000000000000010100010100100001111010101111111100000100000 1048576.0
runproj limit: 0.0
0001010100010011000101000010001001010011010101000000110110010101000001100100110000000101100 1048576.0
runproj limit: 0.0
0000010000011010000100000000101001000010000001000100000100000101001010000001100000000100000 1048576.0
best: 1.0
runproj limit: 0.0
0000110000010010000100000000101000000000010001000100001100000101000010000001100000000100000 1048576.0
runproj limit: 0.0
0010111000011111000100000001111001010000000101000111000001000111001001000010101000000100000 1048576.0
runproj limit: 0.0
0000001100010111010101001000010000100001010001010100010101100100001110000111111100001001100 1048576.0
runproj limit: 0.0
0000111100011101010000000001111000010010000001001000010011111100100100100100000101001100000 1048576.0
runproj limit: 0.0
1110010000000011100100001001111011000100000111000111011110010000000000101000000100101101010 1048576.0
runproj limit: 0.0
0000001000011101011100010010111101001000100111001111100101100011000000011110100111100011100 1048576.0
runproj limit: 0.0
1000000000010100000100000110000000000000010011000100010110110001111010001011111101000100100 1048576.0
runproj limit: 0.0
0001000000010001000101000000001001010011000001000000010010000101000000100001000000000100000 1048576.0
runproj limit: 0.0
1100010001010010111101010010001110111001111001001000011101100011001001101101001000001110100 1048576.0
runproj limit: 0.0
0001101000010011011001001010100101111011000000101000110101010111011001110111100010010101110 1048576.0
runproj limit: 0.0
1100010111011011000101110000011011011010100011010101010000101110011010011000010001000011100 1048576.0
runproj limit: 0.0
1000001111111011011110110011110111101001000001000001010111001100001001001000100010100101100 1048576.0
runproj limit: 0.0
0000011000010010110110000111000101001010100001000110001001011001000110111101110000100100010 1048576.0
runproj limit: 0.0
1100110111010000000000001000100100011000001000000000000111110101001010100100000111110110000 1048576.0
runproj limit: 0.0
0001000000010001000101000000001001010011000001000000010010000101000000100001000000000100000 1048576.0
runproj limit: 0.0
0010011010000011000101001011101010010100000111000011011110110000000000100010000000101001010 1048576.0
runproj limit: 0.0
0000010000011111010000000001111000010000000010010000010110011101110000100101000001001100100 1048576.0
runproj limit: 0.0
1100110000010111110100101001111001000000110101100111011011000101110000101001000100101101010 1048576.0
runproj limit: 0.0
0000100000010010000001101101000110010001010011010000010000010101110000101101001110001000010 1048576.0
runproj limit: 0.0
0000010011010010100001001010100110010001000000100001000110010010001010100010000111010000000 1048576.0
best: 1.0
runproj limit: 0.0
1110000000000011000100000001111001000001000001000010011010010001000000101001000100100100000 1048576.0
runproj limit: 0.0
1000001111111011011110110011110111101001000001000001010111001100001001001000100010100101100 1048576.0
runproj limit: 0.0
1000000101011001001110000110010001101001000011000101010110001100111001001011100100100101100 1048576.0
runproj limit: 0.0
0000111100011111010000000001111000010000000011001000010011111101110000100100000101001100000 1048576.0
runproj limit: 0.0
0000110000010111100100101001111001000000110101000100001010000101000000100001100100101101010 1048576.0
runproj limit: 0.0
1000010010001011000101010000001011010010100111000111010000110110010000111000000001001001110 1048576.0
runproj limit: 0.0
1000001000111110010100000011110111001000000011000001010110010100101000001010101011100100100 1048576.0
runproj limit: 0.0
0100110111010000000000001000100110010000000000100000000110010111001010100000000111010100000 1048576.0
runproj limit: 0.0
0111011011010111100000101001111001010000100000100101010011010101110000001011100111101001010 1048576.0
runproj limit: 0.0
0001001110100111010101001000011011101001010000111100110101101101001110000101110100000001000 1048576.0
runproj limit: 0.0
0000001000011001010101000000001101111011001001000010010011001101001000100111000000010110011 1048576.0
runproj limit: 0.0
0010010011011001000111101111101110010000010100001011010110110110011000100110010000111101010 1048576.0
runproj limit: 0.0
0000111100001011111000001101110000010011000000000101010011100100101010100100000111110100001 1048576.0
runproj limit: 0.0
0000110000010010000100000000101000000000010001000100001100000101000010000001100000000100000 1048576.0
runproj limit: 0.0
0010111000011111000100000001111001010000000101000111000001000111001001000010101000000100000 1048576.0
runproj limit: 0.0
0000001100010111010101001000010000100001010001010100010101100100001110000111111100001001100 1048576.0
runproj limit: 0.0
0000111100011101010000000001111000010010000001001000010011111100100100100100000101001100000 1048576.0
runproj limit: 0.0
1110010000000011100100001001111011000100000111000111011110010000000000101000000100101101010 1048576.0
runproj limit: 0.0
0000001000011101011100010010111101001000100111001111100101100011000000011110100111100011100 1048576.0
runproj limit: 0.0
1000000000010100000100000110000000000000010011000100010110110001111010001011111101000100100 1048576.0
best: 1.0
runproj limit: 0.0
0000010000011101010101100101111010010010000101001001010010110110110000100100000100101100010 1048576.0
runproj limit: 0.0
0001001000100110010100000001010011101001010001000100110100010100001100001000111110000000100 1048576.0
runproj limit: 0.0
0001001111110111011101010010010111101001010000010000010101101101001111001001100000100001100 1048576.0
runproj limit: 0.0
1000001000010110010101001001110101101000010011010001010110110100101010001010101100000000100 1048576.0
runproj limit: 0.0
0000111100011011111000001101111000010011000001000100010011100100100110100100000111110100001 1048576.0
runproj limit: 0.0
0000001111111011010101111000110111101001010000011100010101101101001000000101110110100001100 1048576.0
runproj limit: 0.0
1110011011010011000001101000011001010010100111000101010001110100010000101011000101001001110 1048576.0
runproj limit: 0.0
0000111000011111100000101001110001000010100100000100010010000100101010100100000110111100010 1048576.0
runproj limit: 0.0
1100100010001001101100111001001101010010100111100011000100010100010010111010010101001011011 1048576.0
runproj limit: 0.0
0111111011010111000010101001111001010000101000100101010010110101110010111010100101101001010 1048576.0
runproj limit: 0.0
1000011000110000011100110001000001001000000011100011010010110101100100001010001010010100000 1048576.0
runproj limit: 0.0
1010001100001111011000001011111001001111001011001111100111101001000100111110100011100011100 1048576.0
runproj limit: 0.0
1000101101111111010001101000011000111010111101000000001001110010000110100110010101101000000 1048576.0
runproj limit: 0.0
1110000000000011000100000001111001000001000001000010011010010001000000101001000100100100000 1048576.0
runproj limit: 0.0
1000001111111011011110110011110111101001000001000001010111001100001001001000100010100101100 1048576.0
runproj limit: 0.0
1000000101011001001110000110010001101001000011000101010110001100111001001011100100100101100 1048576.0
runproj limit: 0.0
0000111100011111010000000001111000010000000011001000010011111101110000100100000101001100000 1048576.0
runproj limit: 0.0
0000110000010111100100101001111001000000110101000100001010000101000000100001100100101101010 1048576.0
runproj limit: 0.0
1000010010001011000101010000001011010010100111000111010000110110010000111000000001001001110 1048576.0
runproj limit: 0.0
1000001000111110010100000011110111001000000011000001010110010100101000001010101011100100100 1048576.0
best: 1.0
runproj limit: 0.0
1000001100011110011000001001111101101110000011010101100111100101100110001110101101000001100 1048576.0
runproj limit: 0.0
0000001111110111011101111010010111101001010000011100010101101101001110001001110010100001100 1048576.0
runproj limit: 0.0
0001001000000111011101000001110001101001000001010010010111011101000100101001100100100101000 1048576.0
runproj limit: 0.0
0111011011010011000001101001011001010010101011100101010001110100010000111011000101001001010 1048576.0
runproj limit: 0.0
1000010000011110010101100111111111010000000111000001010010010110111000000110100110101100010 1048576.0
runproj limit: 0.0
1110100000001011100100011001011001010011000011000010001000010000000010111000000100100110011 1048576.0
runproj limit: 0.0
1010001100001111011000001011111001001111001011001111100111101001000100111110100011100011100 1048576.0
runproj limit: 0.0
0000010100011011000110100101010001000001110001000101001110000100000001000011100100100101000 1048576.0
runproj limit: 0.0
0011011111111011010100110010100111101001111100011110010001100101001001100100010010010000000 1048576.0
runproj limit: 0.0
1000110101010011000000000111111000000100000011110000110010111100110000100100000101101011001 1048576.0
runproj limit: 0.0
1110000000001001101110111100001101011001100011100001000000000110010010011000110101010011011 1048576.0
runproj limit: 0.0
0010101100000111011010000101001001000101100011001001111010101111111101100010100101001111001 1048576.0
runproj limit: 0.0
0011010011110100100011101101011001110011110011000101010001010101010010110101101000000101100 1048576.0
runproj limit: 0.0
0000010000011101010101100101111010010010000101001001010010110110110000100100000100101100010 1048576.0
runproj limit: 0.0
0001001000100110010100000001010011101001010001000100110100010100001100001000111110000000100 1048576.0
runproj limit: 0.0
0001001111110111011101010010010111101001010000010000010101101101001111001001100000100001100 1048576.0
runproj limit: 0.0
1000001000010110010101001001110101101000010011010001010110110100101010001010101100000000100 1048576.0
runproj limit: 0.0
0000111100011011111000001101111000010011000001000100010011100100100110100100000111110100001 1048576.0
runproj limit: 0.0
0000001111111011010101111000110111101001010000011100010101101101001000000101110110100001100 1048576.0
runproj limit: 0.0
1110011011010011000001101000011001010010100111000101010001110100010000101011000101001001110 1048576.0
best: 1.0
done evolving!
"all is well:)"
>>>>>>>>>>>>>>FINISH OPTIMIZATION>>>>>>>>>>>>>>>
562.25user 332.14system 16:26.43elapsed 90%CPU (0avgtext+0avgdata 135316maxresident)k
1088272inputs+1470832outputs (590major+65517454minor)pagefaults 0swaps
