Optimizing /h/ywang30/nofib/spectral/cryptarithm1
>>>>>>>>>>>>>>>START OPTIMIZATION>>>>>>>>>>>>>>>
pop: 13
gens: 15
arch: 7
limit is: 0.85
runproj limit: 0.85
"All is well :D"
Basetime is: 1048576.0
runproj limit: 0.85
00000000000000000000000000000000 1048576.0
runproj limit: 0.85
00000000000000000000000000000000 1048576.0
runproj limit: 0.85
00000000000000000000000000000000 1048576.0
runproj limit: 0.85
00000000000100000010000010100000 1048576.0
runproj limit: 0.85
00000000000000000000000001000110 2097152.0
runproj limit: 0.85
00100000100100000000000100001000 1048576.0
runproj limit: 0.85
10000000000000000000000000110001 1048576.0
runproj limit: 0.85
00000000000000000000000000000000 1048576.0
runproj limit: 0.85
00001000000000000000001000001000 1048576.0
runproj limit: 0.85
00100000000000000000000010000000 1048576.0
runproj limit: 0.85
00000100000000001000000000000000 1048576.0
runproj limit: 0.85
00001000000010000000000100000001 1048576.0
runproj limit: 0.85
00000000000000000000000000001000 1048576.0
best: 1.0
runproj limit: 0.85
00000000000100000000000010000000 1048576.0
runproj limit: 0.85
00000000000000000000000000000001 1048576.0
runproj limit: 0.85
00100000100100000000000100000000 1048576.0
runproj limit: 0.85
00000000000000000000000000001000 1048576.0
runproj limit: 0.85
10000000000000000000000000110001 1048576.0
runproj limit: 0.85
10001000000000000000001000011001 1048576.0
runproj limit: 0.85
00000000000000001000000000000000 1048576.0
runproj limit: 0.85
10000000000000000000001000010000 1048576.0
runproj limit: 0.85
00000000000111001000000110000010 1048576.0
runproj limit: 0.85
00001100000000010110011100000000 1048576.0
runproj limit: 0.85
01001100110001100111000001010000 2097152.0
runproj limit: 0.85
01100100000110000101001100010000 1048576.0
runproj limit: 0.85
01100101001000000100000000010000 1048576.0
runproj limit: 0.85
00000000000000000000000000000000 1048576.0
runproj limit: 0.85
00000000000100000010000010100000 1048576.0
runproj limit: 0.85
00100000100100000000000100001000 1048576.0
runproj limit: 0.85
10000000000000000000000000110001 1048576.0
runproj limit: 0.85
00001000000000000000001000001000 1048576.0
runproj limit: 0.85
00100000000000000000000010000000 1048576.0
runproj limit: 0.85
00000100000000001000000000000000 1048576.0
best: 1.0
runproj limit: 0.85
00000000000000000000000000010000 1048576.0
runproj limit: 0.85
01100000000100000000000100000000 1048576.0
runproj limit: 0.85
10000000000000000000001000011001 1048576.0
runproj limit: 0.85
00000000000100000010000000100000 1048576.0
runproj limit: 0.85
00000000100100000000000100000000 1048576.0
runproj limit: 0.85
00000000000000000000000000111000 1048576.0
runproj limit: 0.85
00000000000101000000000010000000 1048576.0
runproj limit: 0.85
00100100000000000101001100010000 1048576.0
runproj limit: 0.85
00100000000000100001010011000010 2097152.0
runproj limit: 0.85
00010000000100000100100000010001 1048576.0
runproj limit: 0.85
11110100000011110101101100010110 1048576.0
runproj limit: 0.85
01010100010001011101101110010000 1048576.0
runproj limit: 0.85
00010100000110010000011111001100 2097152.0
runproj limit: 0.85
00000000000100000000000010000000 1048576.0
runproj limit: 0.85
00000000000000000000000000000001 1048576.0
runproj limit: 0.85
00100000100100000000000100000000 1048576.0
runproj limit: 0.85
00000000000000000000000000001000 1048576.0
runproj limit: 0.85
10000000000000000000000000110001 1048576.0
runproj limit: 0.85
10001000000000000000001000011001 1048576.0
runproj limit: 0.85
00000000000000001000000000000000 1048576.0
best: 1.0
runproj limit: 0.85
00010000000100000100000000010000 1048576.0
runproj limit: 0.85
00000000000000000010000000100000 1048576.0
runproj limit: 0.85
10000000000000000000001000011001 1048576.0
runproj limit: 0.85
10000000000000000000000000001001 1048576.0
runproj limit: 0.85
00000000000101000100000010010001 1048576.0
runproj limit: 0.85
00000000000000000000000000000001 1048576.0
runproj limit: 0.85
00000000100100000000000110000000 1048576.0
runproj limit: 0.85
10000000000100000010000000110000 1048576.0
runproj limit: 0.85
00000000000101000000000010100000 1048576.0
runproj limit: 0.85
01001000000010000000010000001000 1048576.0
runproj limit: 0.85
11100000010001011100001000011001 1048576.0
runproj limit: 0.85
11100101000011100101110101110111 2097152.0
runproj limit: 0.85
01000100000000001001101011011111 2097152.0
runproj limit: 0.85
00000000000000000000000000010000 1048576.0
runproj limit: 0.85
01100000000100000000000100000000 1048576.0
runproj limit: 0.85
10000000000000000000001000011001 1048576.0
runproj limit: 0.85
00000000000100000010000000100000 1048576.0
runproj limit: 0.85
00000000100100000000000100000000 1048576.0
runproj limit: 0.85
00000000000000000000000000111000 1048576.0
runproj limit: 0.85
00000000000101000000000010000000 1048576.0
best: 1.0
runproj limit: 0.85
00000000000100000000001010011001 1048576.0
runproj limit: 0.85
00000000000100000000000110000000 1048576.0
runproj limit: 0.85
11000000000000000000001000001000 1048576.0
runproj limit: 0.85
00000000000101000010000000000000 1048576.0
runproj limit: 0.85
00000000000101000010000010100000 1048576.0
runproj limit: 0.85
01100000000100000000000100010000 1048576.0
runproj limit: 0.85
00010000000100000100000010010000 1048576.0
runproj limit: 0.85
00000000000000000000000000001000 1048576.0
runproj limit: 0.85
00110010001101100111010001010010 2097152.0
runproj limit: 0.85
01110000110100010000010110000000 1048576.0
runproj limit: 0.85
01101001000100000000101001000000 2097152.0
runproj limit: 0.85
00000001001100001000101010010001 1048576.0
runproj limit: 0.85
01010000000100000000111000110000 1048576.0
runproj limit: 0.85
00010000000100000100000000010000 1048576.0
runproj limit: 0.85
00000000000000000010000000100000 1048576.0
runproj limit: 0.85
10000000000000000000001000011001 1048576.0
runproj limit: 0.85
10000000000000000000000000001001 1048576.0
runproj limit: 0.85
00000000000101000100000010010001 1048576.0
runproj limit: 0.85
00000000000000000000000000000001 1048576.0
runproj limit: 0.85
00000000100100000000000110000000 1048576.0
best: 1.0
runproj limit: 0.85
01110000000100001000000110010001 1048576.0
runproj limit: 0.85
00000000000100000010000010100000 1048576.0
runproj limit: 0.85
00000000100000000000000110000000 1048576.0
runproj limit: 0.85
01000000000101000000000100010001 1048576.0
runproj limit: 0.85
01100000000100000000000100010000 1048576.0
runproj limit: 0.85
01000000000100000000000000010000 1048576.0
runproj limit: 0.85
00010000000100000000001010011001 1048576.0
runproj limit: 0.85
01100001000100000000000100010000 1048576.0
runproj limit: 0.85
00100000000010000001010010000000 1048576.0
runproj limit: 0.85
10110101001100001000001010011010 1048576.0
runproj limit: 0.85
10100100100111001000000110011000 1048576.0
runproj limit: 0.85
00010000100010010000000000011010 1048576.0
runproj limit: 0.85
00000100000010110100010000001010 1048576.0
runproj limit: 0.85
00000000000100000000001010011001 1048576.0
runproj limit: 0.85
00000000000100000000000110000000 1048576.0
runproj limit: 0.85
11000000000000000000001000001000 1048576.0
runproj limit: 0.85
00000000000101000010000000000000 1048576.0
runproj limit: 0.85
00000000000101000010000010100000 1048576.0
runproj limit: 0.85
01100000000100000000000100010000 1048576.0
runproj limit: 0.85
00010000000100000100000010010000 1048576.0
best: 1.0
runproj limit: 0.85
00000000100111001000000000001000 1048576.0
runproj limit: 0.85
00000000000010000110010000000010 1048576.0
runproj limit: 0.85
00010000000101000000000100010001 1048576.0
runproj limit: 0.85
00000000000100010000010000010010 1048576.0
runproj limit: 0.85
00000000000000000000001010100000 1048576.0
runproj limit: 0.85
01000000000000000000001000000000 1048576.0
runproj limit: 0.85
01000000000100001000000110000001 1048576.0
runproj limit: 0.85
01100001000100000000000100010000 1048576.0
runproj limit: 0.85
00010100000110101000100101100001 2097152.0
runproj limit: 0.85
01111111000101010110000000111010 1048576.0
runproj limit: 0.85
00111000000010000101010110001000 1048576.0
runproj limit: 0.85
11001000011101000000100111011001 2097152.0
runproj limit: 0.85
01100001001101000000010001100000 2097152.0
runproj limit: 0.85
01110000000100001000000110010001 1048576.0
runproj limit: 0.85
00000000000100000010000010100000 1048576.0
runproj limit: 0.85
00000000100000000000000110000000 1048576.0
runproj limit: 0.85
01000000000101000000000100010001 1048576.0
runproj limit: 0.85
01100000000100000000000100010000 1048576.0
runproj limit: 0.85
01000000000100000000000000010000 1048576.0
runproj limit: 0.85
00010000000100000000001010011001 1048576.0
best: 1.0
runproj limit: 0.85
01100000000101000000000100010001 1048576.0
runproj limit: 0.85
00100000000000000000001110010000 1048576.0
runproj limit: 0.85
01010000000000000000000010000001 1048576.0
runproj limit: 0.85
01101010000100010000000000111000 1048576.0
runproj limit: 0.85
01010101000100010010010000010010 1048576.0
runproj limit: 0.85
01100001000100001000000110010000 1048576.0
runproj limit: 0.85
01001010000100010110000000111010 1048576.0
runproj limit: 0.85
00011000000101000100000110010001 1048576.0
runproj limit: 0.85
01001100000100000000011001100000 2097152.0
runproj limit: 0.85
11100000000100010101110010110010 1048576.0
runproj limit: 0.85
11100101100101000000000100100001 1048576.0
runproj limit: 0.85
00100011000101010010011000101010 1048576.0
runproj limit: 0.85
10111000010010011101010110101110 1048576.0
runproj limit: 0.85
00000000100111001000000000001000 1048576.0
runproj limit: 0.85
00000000000010000110010000000010 1048576.0
runproj limit: 0.85
00010000000101000000000100010001 1048576.0
runproj limit: 0.85
00000000000100010000010000010010 1048576.0
runproj limit: 0.85
00000000000000000000001010100000 1048576.0
runproj limit: 0.85
01000000000000000000001000000000 1048576.0
runproj limit: 0.85
01000000000100001000000110000001 1048576.0
best: 1.0
runproj limit: 0.85
00010000000100010010011010010010 1048576.0
runproj limit: 0.85
00100111000100010010010000001010 1048576.0
runproj limit: 0.85
00111011010010010010011010101010 1048576.0
runproj limit: 0.85
01101010000000010000001000011000 1048576.0
runproj limit: 0.85
00000000000010000010001000000010 1048576.0
runproj limit: 0.85
00100000000011010100000110011100 1048576.0
runproj limit: 0.85
00000000000000000000000000000010 1048576.0
runproj limit: 0.85
11100100100000000000000100100001 1048576.0
runproj limit: 0.85
10001001000001010110000010001010 1048576.0
runproj limit: 0.85
11100010000101110101110010011100 1048576.0
runproj limit: 0.85
01000000100100000000000010011100 1048576.0
runproj limit: 0.85
11001010001110010111000110101111 1048576.0
runproj limit: 0.85
00100000000010010110001111101000 2097152.0
runproj limit: 0.85
01100000000101000000000100010001 1048576.0
runproj limit: 0.85
00100000000000000000001110010000 1048576.0
runproj limit: 0.85
01010000000000000000000010000001 1048576.0
runproj limit: 0.85
01101010000100010000000000111000 1048576.0
runproj limit: 0.85
01010101000100010010010000010010 1048576.0
runproj limit: 0.85
01100001000100001000000110010000 1048576.0
runproj limit: 0.85
01001010000100010110000000111010 1048576.0
best: 1.0
runproj limit: 0.85
00100110000010010010000000100010 1048576.0
runproj limit: 0.85
01001000000100010110001000010010 1048576.0
runproj limit: 0.85
00010000000100010010011010010010 1048576.0
runproj limit: 0.85
11000111000100010111010010100111 1048576.0
runproj limit: 0.85
00101000000000000010001010001010 1048576.0
runproj limit: 0.85
00010101000100010000000000000010 1048576.0
runproj limit: 0.85
00000000000010000010001000000010 1048576.0
runproj limit: 0.85
11100010001100000101000110101101 1048576.0
runproj limit: 0.85
10100001000100101010011110000001 1048576.0
runproj limit: 0.85
11000110000101011110111010001100 1048576.0
runproj limit: 0.85
01100000100000001001010011101001 2097152.0
runproj limit: 0.85
00011000111000001011001010100001 1048576.0
runproj limit: 0.85
10101000010101100001110011011101 2097152.0
runproj limit: 0.85
00010000000100010010011010010010 1048576.0
runproj limit: 0.85
00100111000100010010010000001010 1048576.0
runproj limit: 0.85
00111011010010010010011010101010 1048576.0
runproj limit: 0.85
01101010000000010000001000011000 1048576.0
runproj limit: 0.85
00000000000010000010001000000010 1048576.0
runproj limit: 0.85
00100000000011010100000110011100 1048576.0
runproj limit: 0.85
00000000000000000000000000000010 1048576.0
best: 1.0
runproj limit: 0.85
01101000110000000011001010000001 1048576.0
runproj limit: 0.85
00010000000000010000001000000010 1048576.0
runproj limit: 0.85
00101010000000010010010010001010 1048576.0
runproj limit: 0.85
00000000000011010100000010011100 1048576.0
runproj limit: 0.85
11001000000101011110001010001110 1048576.0
runproj limit: 0.85
00000000000100001010011010010001 1048576.0
runproj limit: 0.85
11000010010000010011010010100101 1048576.0
runproj limit: 0.85
00000111000100010000000000001010 1048576.0
runproj limit: 0.85
00000111010000010110100000011100 1048576.0
runproj limit: 0.85
10100001101000110010011000000010 1048576.0
runproj limit: 0.85
00000010000011000000000001101101 2097152.0
runproj limit: 0.85
00011011010010100111001000101100 1048576.0
runproj limit: 0.85
01100010001001011100000110111111 1048576.0
runproj limit: 0.85
00100110000010010010000000100010 1048576.0
runproj limit: 0.85
01001000000100010110001000010010 1048576.0
runproj limit: 0.85
00010000000100010010011010010010 1048576.0
runproj limit: 0.85
11000111000100010111010010100111 1048576.0
runproj limit: 0.85
00101000000000000010001010001010 1048576.0
runproj limit: 0.85
00010101000100010000000000000010 1048576.0
runproj limit: 0.85
00000000000010000010001000000010 1048576.0
best: 1.0
runproj limit: 0.85
00001000000000000010001000000010 1048576.0
runproj limit: 0.85
00100010000011010010001000010110 1048576.0
runproj limit: 0.85
00100011000000010110001010001100 1048576.0
runproj limit: 0.85
00001011000011110100000010011100 1048576.0
runproj limit: 0.85
11101000000000011010000010001110 1048576.0
runproj limit: 0.85
01000010000001010100001100100010 1048576.0
runproj limit: 0.85
00100100000000000010000000101010 1048576.0
runproj limit: 0.85
00010000000000010000001000000010 1048576.0
runproj limit: 0.85
00010000010100101110011010000010 1048576.0
runproj limit: 0.85
00011010000100010111000010001001 1048576.0
runproj limit: 0.85
11000101110110010000001100000110 1048576.0
runproj limit: 0.85
10000011111110010100101100101101 1048576.0
runproj limit: 0.85
00000010000000001110101001111001 2097152.0
runproj limit: 0.85
01101000110000000011001010000001 1048576.0
runproj limit: 0.85
00010000000000010000001000000010 1048576.0
runproj limit: 0.85
00101010000000010010010010001010 1048576.0
runproj limit: 0.85
00000000000011010100000010011100 1048576.0
runproj limit: 0.85
11001000000101011110001010001110 1048576.0
runproj limit: 0.85
00000000000100001010011010010001 1048576.0
runproj limit: 0.85
11000010010000010011010010100101 1048576.0
best: 1.0
runproj limit: 0.85
11101000000000010010001000001110 1048576.0
runproj limit: 0.85
10000011111110010100101100101101 1048576.0
runproj limit: 0.85
00100001010110010000100000101100 1048576.0
runproj limit: 0.85
00001011000011010100000010011100 1048576.0
runproj limit: 0.85
00001000000101011010001010000110 1048576.0
runproj limit: 0.85
10000100000010010010000100000010 1048576.0
runproj limit: 0.85
10000110001110000110000000101111 1048576.0
runproj limit: 0.85
11101010110000010011000010000101 1048576.0
runproj limit: 0.85
01110010110101011011001010001110 1048576.0
runproj limit: 0.85
00110011101100010110001010001110 1048576.0
runproj limit: 0.85
00000010000010010100001000000011 1048576.0
runproj limit: 0.85
00101000010110110010111011001011 2097152.0
runproj limit: 0.85
00001011000110011110000001011110 2097152.0
runproj limit: 0.85
00001000000000000010001000000010 1048576.0
runproj limit: 0.85
00100010000011010010001000010110 1048576.0
runproj limit: 0.85
00100011000000010110001010001100 1048576.0
runproj limit: 0.85
00001011000011110100000010011100 1048576.0
runproj limit: 0.85
11101000000000011010000010001110 1048576.0
runproj limit: 0.85
01000010000001010100001100100010 1048576.0
runproj limit: 0.85
00100100000000000010000000101010 1048576.0
best: 1.0
runproj limit: 0.85
01000010000011110100001010010100 1048576.0
runproj limit: 0.85
00010010001100000110000000001110 1048576.0
runproj limit: 0.85
00010011111100010100001100101101 1048576.0
runproj limit: 0.85
10000110000100000110000010001101 1048576.0
runproj limit: 0.85
00101001010010010100000000101100 1048576.0
runproj limit: 0.85
00100011111110010110001110001101 1048576.0
runproj limit: 0.85
11100110110100010011001010000110 1048576.0
runproj limit: 0.85
01000010000101011010001100000010 1048576.0
runproj limit: 0.85
11001000000010111000011110010011 1048576.0
runproj limit: 0.85
01111010110101010011101010001110 1048576.0
runproj limit: 0.85
10000010001101100100001100000010 1048576.0
runproj limit: 0.85
11100011000101110101001010110011 1048576.0
runproj limit: 0.85
10001111011011010100011000000100 1048576.0
runproj limit: 0.85
11101000000000010010001000001110 1048576.0
runproj limit: 0.85
10000011111110010100101100101101 1048576.0
runproj limit: 0.85
00100001010110010000100000101100 1048576.0
runproj limit: 0.85
00001011000011010100000010011100 1048576.0
runproj limit: 0.85
00001000000101011010001010000110 1048576.0
runproj limit: 0.85
10000100000010010010000100000010 1048576.0
runproj limit: 0.85
10000110001110000110000000101111 1048576.0
best: 1.0
runproj limit: 0.85
10000111000101100101000010000111 1048576.0
runproj limit: 0.85
00100011111100010100001110101101 1048576.0
runproj limit: 0.85
00011010000000010100001000001100 1048576.0
runproj limit: 0.85
01110110110100010011001010000110 1048576.0
runproj limit: 0.85
11000010000111000100001010111101 1048576.0
runproj limit: 0.85
11101000000010011010011110010110 1048576.0
runproj limit: 0.85
11100011000101110101001010110011 1048576.0
runproj limit: 0.85
00100001000110010010101000001100 1048576.0
runproj limit: 0.85
00010111111110010110011100101001 1048576.0
runproj limit: 0.85
10001001010000010000000011111100 2097152.0
runproj limit: 0.85
11100000100010111000111111000011 2097152.0
runproj limit: 0.85
00101111000101010110100011010000 2097152.0
runproj limit: 0.85
00110100111101101011101011010110 2097152.0
runproj limit: 0.85
01000010000011110100001010010100 1048576.0
runproj limit: 0.85
00010010001100000110000000001110 1048576.0
runproj limit: 0.85
00010011111100010100001100101101 1048576.0
runproj limit: 0.85
10000110000100000110000010001101 1048576.0
runproj limit: 0.85
00101001010010010100000000101100 1048576.0
runproj limit: 0.85
00100011111110010110001110001101 1048576.0
runproj limit: 0.85
11100110110100010011001010000110 1048576.0
best: 1.0
done evolving!
"all is well:)"
>>>>>>>>>>>>>>FINISH OPTIMIZATION>>>>>>>>>>>>>>>
630.21user 346.74system 17:45.40elapsed 91%CPU (0avgtext+0avgdata 135548maxresident)k
972336inputs+1276496outputs (295major+62804331minor)pagefaults 0swaps
