Optimizing /h/ywang30/nofib/imaginary/exp3_8
>>>>>>>>>>>>>>>START OPTIMIZATION>>>>>>>>>>>>>>>
pop: 13
gens: 15
arch: 7
limit is: 0.28
runproj limit: 0.28
"All is well :D"
Basetime is: 2097152.0
runproj limit: 0.28
01000000000000000000100 2097152.0
runproj limit: 0.28
00000000000000000000000 2097152.0
runproj limit: 0.28
00000000000100000010000 2097152.0
runproj limit: 0.28
00000000000000000000000 2097152.0
runproj limit: 0.28
00000000000000000000000 2097152.0
runproj limit: 0.28
00100000100100000000000 2097152.0
runproj limit: 0.28
00000000000000000000000 2097152.0
runproj limit: 0.28
01000000000011000000001 2097152.0
runproj limit: 0.28
00001000000000000000001 2097152.0
runproj limit: 0.28
00000000000000000000000 2097152.0
runproj limit: 0.28
00000100000000001000000 2097152.0
runproj limit: 0.28
00001000000010000000000 2097152.0
runproj limit: 0.28
00000000000000000000000 2097152.0
best: 1.0
runproj limit: 0.28
00000000000000000010000 2097152.0
runproj limit: 0.28
00000000000100000000000 2097152.0
runproj limit: 0.28
01100000100100000000000 2097152.0
runproj limit: 0.28
00000000000000000000000 2097152.0
runproj limit: 0.28
00000000000000000000000 2097152.0
runproj limit: 0.28
00001000000000000000001 2097152.0
runproj limit: 0.28
01000000000000001000000 2097152.0
runproj limit: 0.28
00000000000000000000000 2097152.0
runproj limit: 0.28
00000000000111001000000 2097152.0
runproj limit: 0.28
00000100000010010110011 2097152.0
runproj limit: 0.28
00001100110001100111100 2097152.0
runproj limit: 0.28
01100100000110000101001 2097152.0
runproj limit: 0.28
01100101001100000110000 2097152.0
runproj limit: 0.28
01000000000000000000100 2097152.0
runproj limit: 0.28
00000000000000000000000 2097152.0
runproj limit: 0.28
00000000000100000010000 2097152.0
runproj limit: 0.28
00100000100100000000000 2097152.0
runproj limit: 0.28
01000000000011000000001 2097152.0
runproj limit: 0.28
00001000000000000000001 2097152.0
runproj limit: 0.28
00000100000000001000000 2097152.0
best: 1.0
runproj limit: 0.28
00000000000000000000000 2097152.0
runproj limit: 0.28
01100000000100000000000 2097152.0
runproj limit: 0.28
00000100100100100111000 2097152.0
runproj limit: 0.28
00000000000000000000000 2097152.0
runproj limit: 0.28
01000000100100000000100 2097152.0
runproj limit: 0.28
00100000000000000000000 2097152.0
runproj limit: 0.28
00000000000101000000000 2097152.0
runproj limit: 0.28
00100100000010000101001 2097152.0
runproj limit: 0.28
00001000000000100001011 2097152.0
runproj limit: 0.28
01010000000100000100000 2097152.0
runproj limit: 0.28
11110100000011110101101 2097152.0
runproj limit: 0.28
01010100010001011101101 2097152.0
runproj limit: 0.28
00010100000110010000011 2097152.0
runproj limit: 0.28
00000000000000000010000 2097152.0
runproj limit: 0.28
00000000000100000000000 2097152.0
runproj limit: 0.28
01100000100100000000000 2097152.0
runproj limit: 0.28
00000000000000000000000 2097152.0
runproj limit: 0.28
00001000000000000000001 2097152.0
runproj limit: 0.28
01000000000000001000000 2097152.0
runproj limit: 0.28
00000000000111001000000 2097152.0
best: 1.0
runproj limit: 0.28
01010000000100100101000 2097152.0
runproj limit: 0.28
00000000000110000000000 2097152.0
runproj limit: 0.28
00000100100100000101000 2097152.0
runproj limit: 0.28
00000000000000100011000 2097152.0
runproj limit: 0.28
00000000000101000100000 2097152.0
runproj limit: 0.28
00000000000101000000000 2097152.0
runproj limit: 0.28
01001000100100000000000 2097152.0
runproj limit: 0.28
00000000000000000000000 2097152.0
runproj limit: 0.28
00000000000101000000000 2097152.0
runproj limit: 0.28
01001000000010000000010 2097152.0
runproj limit: 0.28
01100100110101111011000 2097152.0
runproj limit: 0.28
11100101000011100101110 2097152.0
runproj limit: 0.28
01000100000000001001101 2097152.0
runproj limit: 0.28
00000000000000000000000 2097152.0
runproj limit: 0.28
01100000000100000000000 2097152.0
runproj limit: 0.28
00000100100100100111000 2097152.0
runproj limit: 0.28
01000000100100000000100 2097152.0
runproj limit: 0.28
00100000000000000000000 2097152.0
runproj limit: 0.28
00000000000101000000000 2097152.0
runproj limit: 0.28
00100100000010000101001 2097152.0
best: 1.0
runproj limit: 0.28
00000100100100000101000 2097152.0
runproj limit: 0.28
01101100000000000100000 2097152.0
runproj limit: 0.28
01000100000000000001000 2097152.0
runproj limit: 0.28
00000000000010000000101 2097152.0
runproj limit: 0.28
00000000000001000000000 2097152.0
runproj limit: 0.28
01100000000100000000000 2097152.0
runproj limit: 0.28
11110100000100100101010 2097152.0
runproj limit: 0.28
00000000000110100011000 2097152.0
runproj limit: 0.28
01110010001101000110010 2097152.0
runproj limit: 0.28
00111000110100010000010 2097152.0
runproj limit: 0.28
01101001000100000000101 2097152.0
runproj limit: 0.28
10000101101000001101100 2097152.0
runproj limit: 0.28
00010000000100100001111 2097152.0
runproj limit: 0.28
01010000000100100101000 2097152.0
runproj limit: 0.28
00000000000110000000000 2097152.0
runproj limit: 0.28
00000100100100000101000 2097152.0
runproj limit: 0.28
00000000000000100011000 2097152.0
runproj limit: 0.28
00000000000101000100000 2097152.0
runproj limit: 0.28
00000000000101000000000 2097152.0
runproj limit: 0.28
01001000100100000000000 2097152.0
best: 1.0
runproj limit: 0.28
10110000100000001100000 2097152.0
runproj limit: 0.28
00000000000000100001000 2097152.0
runproj limit: 0.28
00001000100110000000000 2097152.0
runproj limit: 0.28
01000000000101000000000 2097152.0
runproj limit: 0.28
01100000000100000000000 2097152.0
runproj limit: 0.28
01000000000100100011000 2097152.0
runproj limit: 0.28
10010100100100100101000 2097152.0
runproj limit: 0.28
01100101100100000001000 2097152.0
runproj limit: 0.28
00100000000111000001010 2097152.0
runproj limit: 0.28
00110001101000001101000 2097152.0
runproj limit: 0.28
10110110101110001110010 2097152.0
runproj limit: 0.28
00010000100100110011000 2097152.0
runproj limit: 0.28
00000100000111110100010 2097152.0
runproj limit: 0.28
00000100100100000101000 2097152.0
runproj limit: 0.28
01101100000000000100000 2097152.0
runproj limit: 0.28
01000100000000000001000 2097152.0
runproj limit: 0.28
00000000000010000000101 2097152.0
runproj limit: 0.28
00000000000001000000000 2097152.0
runproj limit: 0.28
01100000000100000000000 2097152.0
runproj limit: 0.28
11110100000100100101010 2097152.0
best: 1.0
runproj limit: 0.28
00000010100110001110001 2097152.0
runproj limit: 0.28
00000000000111000100110 2097152.0
runproj limit: 0.28
10010100000101000100000 2097152.0
runproj limit: 0.28
00000000000100110011010 2097152.0
runproj limit: 0.28
00000100000000100001000 2097152.0
runproj limit: 0.28
01100100000000000001000 2097152.0
runproj limit: 0.28
00100100000000001100000 2097152.0
runproj limit: 0.28
01100001100100000001000 2097152.0
runproj limit: 0.28
00010100000110101000100 2097152.0
runproj limit: 0.28
01111111000011110101000 2097152.0
runproj limit: 0.28
00111000000111000101010 2097152.0
runproj limit: 0.28
11001000011101000000100 2097152.0
runproj limit: 0.28
01100101101101000001010 2097152.0
runproj limit: 0.28
10110000100000001100000 2097152.0
runproj limit: 0.28
00000000000000100001000 2097152.0
runproj limit: 0.28
00001000100110000000000 2097152.0
runproj limit: 0.28
01000000000101000000000 2097152.0
runproj limit: 0.28
01100000000100000000000 2097152.0
runproj limit: 0.28
01000000000100100011000 2097152.0
runproj limit: 0.28
10010100100100100101000 2097152.0
best: 1.0
runproj limit: 0.28
01100000000101000000000 2097152.0
runproj limit: 0.28
11001101001101000001010 2097152.0
runproj limit: 0.28
00010100000000100100000 2097152.0
runproj limit: 0.28
01101010000100110011000 2097152.0
runproj limit: 0.28
01010101000100110001010 2097152.0
runproj limit: 0.28
01101001000100000000100 2097152.0
runproj limit: 0.28
01001010000000110101000 2097152.0
runproj limit: 0.28
00011000000101000100000 2097152.0
runproj limit: 0.28
01101000000100000001010 2097152.0
runproj limit: 0.28
11100000000100110110110 2097152.0
runproj limit: 0.28
11100101100101000000000 2097152.0
runproj limit: 0.28
00100011000101110001011 2097152.0
runproj limit: 0.28
10111000010111011101010 2097152.0
runproj limit: 0.28
00000010100110001110001 2097152.0
runproj limit: 0.28
00000000000111000100110 2097152.0
runproj limit: 0.28
10010100000101000100000 2097152.0
runproj limit: 0.28
00000000000100110011010 2097152.0
runproj limit: 0.28
00000100000000100001000 2097152.0
runproj limit: 0.28
01100100000000000001000 2097152.0
runproj limit: 0.28
00100100000000001100000 2097152.0
best: 1.0
runproj limit: 0.28
00010100000100110001010 2097152.0
runproj limit: 0.28
00100111000100110001010 2097152.0
runproj limit: 0.28
00111011010111110001011 2097152.0
runproj limit: 0.28
11001011000101010011000 2097152.0
runproj limit: 0.28
00000100000111100001000 2097152.0
runproj limit: 0.28
00100000000111010100000 2097152.0
runproj limit: 0.28
00100000000101000001110 2097152.0
runproj limit: 0.28
11100100100000000000000 2097152.0
runproj limit: 0.28
10001001000100010100100 2097152.0
runproj limit: 0.28
11100010000101010110110 2097152.0
runproj limit: 0.28
00000100100100100100000 2097152.0
runproj limit: 0.28
11001010001010110100000 2097152.0
runproj limit: 0.28
11001101001111010111010 2097152.0
runproj limit: 0.28
01100000000101000000000 2097152.0
runproj limit: 0.28
11001101001101000001010 2097152.0
runproj limit: 0.28
00010100000000100100000 2097152.0
runproj limit: 0.28
01101010000100110011000 2097152.0
runproj limit: 0.28
01010101000100110001010 2097152.0
runproj limit: 0.28
01101001000100000000100 2097152.0
runproj limit: 0.28
01001010000000110101000 2097152.0
best: 1.0
runproj limit: 0.28
00100110000110010000000 2097152.0
runproj limit: 0.28
01001100000000110101000 2097152.0
runproj limit: 0.28
11000100000100010011010 2097152.0
runproj limit: 0.28
11000111000100110100010 2097152.0
runproj limit: 0.28
11001001000101000001110 2097152.0
runproj limit: 0.28
00010101000100110001010 2097152.0
runproj limit: 0.28
00000100000111100001000 2097152.0
runproj limit: 0.28
11101010001000000100000 2097152.0
runproj limit: 0.28
10101001000100100010111 2097152.0
runproj limit: 0.28
11000110000101111101111 2097152.0
runproj limit: 0.28
00100100100000101101010 2097152.0
runproj limit: 0.28
00011100111101101000000 2097152.0
runproj limit: 0.28
10101000010101000010110 2097152.0
runproj limit: 0.28
00010100000100110001010 2097152.0
runproj limit: 0.28
00100111000100110001010 2097152.0
runproj limit: 0.28
00111011010111110001011 2097152.0
runproj limit: 0.28
11001011000101010011000 2097152.0
runproj limit: 0.28
00000100000111100001000 2097152.0
runproj limit: 0.28
00100000000111010100000 2097152.0
runproj limit: 0.28
00100000000101000001110 2097152.0
best: 1.0
runproj limit: 0.28
11001101110101000000000 2097152.0
runproj limit: 0.28
00010000000100010001010 2097152.0
runproj limit: 0.28
00100110100000110001010 2097152.0
runproj limit: 0.28
00000100000111110100000 2097152.0
runproj limit: 0.28
11001100000001111101001 2097152.0
runproj limit: 0.28
00001000000100100000011 2097152.0
runproj limit: 0.28
00000100110100101000010 2097152.0
runproj limit: 0.28
00100111000101110001110 2097152.0
runproj limit: 0.28
00000111010000110101100 2097152.0
runproj limit: 0.28
10100101101101010001010 2097152.0
runproj limit: 0.28
00000010000111000010000 2097152.0
runproj limit: 0.28
00011011010111000100001 2097152.0
runproj limit: 0.28
01101010001101011101000 2097152.0
runproj limit: 0.28
00100110000110010000000 2097152.0
runproj limit: 0.28
01001100000000110101000 2097152.0
runproj limit: 0.28
11000100000100010011010 2097152.0
runproj limit: 0.28
11000111000100110100010 2097152.0
runproj limit: 0.28
11001001000101000001110 2097152.0
runproj limit: 0.28
00010101000100110001010 2097152.0
runproj limit: 0.28
00000100000111100001000 2097152.0
best: 1.0
runproj limit: 0.28
00001100000101100001000 2097152.0
runproj limit: 0.28
00101110000111110001000 2097152.0
runproj limit: 0.28
00000011000101110101110 2097152.0
runproj limit: 0.28
00001111000111010100000 2097152.0
runproj limit: 0.28
11100100000000111001000 2097152.0
runproj limit: 0.28
01000010000111010111000 2097152.0
runproj limit: 0.28
10000000000101000001000 2097152.0
runproj limit: 0.28
00010000000100010001010 2097152.0
runproj limit: 0.28
11000100010100101111010 2097152.0
runproj limit: 0.28
00011010000100110110010 2097152.0
runproj limit: 0.28
11100101110111110001111 2097152.0
runproj limit: 0.28
10000011111110110111101 2097152.0
runproj limit: 0.28
00000110000101101101100 2097152.0
runproj limit: 0.28
11001101110101000000000 2097152.0
runproj limit: 0.28
00010000000100010001010 2097152.0
runproj limit: 0.28
00100110100000110001010 2097152.0
runproj limit: 0.28
00000100000111110100000 2097152.0
runproj limit: 0.28
11001100000001111101001 2097152.0
runproj limit: 0.28
00001000000100100000011 2097152.0
runproj limit: 0.28
00000100110100101000010 2097152.0
best: 1.0
runproj limit: 0.28
11100000000000110001000 2097152.0
runproj limit: 0.28
10000011111110110111101 2097152.0
runproj limit: 0.28
10000001010110010011100 2097152.0
runproj limit: 0.28
00001111000111110100000 2097152.0
runproj limit: 0.28
00001100000001111001001 2097152.0
runproj limit: 0.28
10100100100010110001110 2097152.0
runproj limit: 0.28
10000010001111100101000 2097152.0
runproj limit: 0.28
01001101110100000000000 2097152.0
runproj limit: 0.28
01110110110001111000001 2097152.0
runproj limit: 0.28
00010011101001110101110 2097152.0
runproj limit: 0.28
00000010000110010101010 2097152.0
runproj limit: 0.28
00100100110110010001111 2097152.0
runproj limit: 0.28
00001111000010111110000 2097152.0
runproj limit: 0.28
00001100000101100001000 2097152.0
runproj limit: 0.28
00101110000111110001000 2097152.0
runproj limit: 0.28
00000011000101110101110 2097152.0
runproj limit: 0.28
00001111000111010100000 2097152.0
runproj limit: 0.28
11100100000000111001000 2097152.0
runproj limit: 0.28
01000010000111010111000 2097152.0
runproj limit: 0.28
10000000000101000001000 2097152.0
best: 1.0
runproj limit: 0.28
00000100000111010101011 2097152.0
runproj limit: 0.28
00010010001001100101000 2097152.0
runproj limit: 0.28
00010011111101110111110 2097152.0
runproj limit: 0.28
10000010000101100101010 2097152.0
runproj limit: 0.28
00001111000110111110000 2097152.0
runproj limit: 0.28
00000011111110110101111 2097152.0
runproj limit: 0.28
11100110110000110000111 2097152.0
runproj limit: 0.28
00001110000011111000001 2097152.0
runproj limit: 0.28
11101000100010011011101 2097152.0
runproj limit: 0.28
01111110110001110000101 2097152.0
runproj limit: 0.28
10000110001100000111001 2097152.0
runproj limit: 0.28
11100011000011110110000 2097152.0
runproj limit: 0.28
10001011011111110100011 2097152.0
runproj limit: 0.28
11100000000000110001000 2097152.0
runproj limit: 0.28
10000011111110110111101 2097152.0
runproj limit: 0.28
10000001010110010011100 2097152.0
runproj limit: 0.28
00001111000111110100000 2097152.0
runproj limit: 0.28
00001100000001111001001 2097152.0
runproj limit: 0.28
10100100100010110001110 2097152.0
runproj limit: 0.28
10000010001111100101000 2097152.0
best: 1.0
runproj limit: 0.28
10000011000111100110000 2097152.0
runproj limit: 0.28
00000011111101110111111 2097152.0
runproj limit: 0.28
00010010000001110111010 2097152.0
runproj limit: 0.28
01110110110000110000111 2097152.0
runproj limit: 0.28
10000100000111100101011 2097152.0
runproj limit: 0.28
11101000000010111001100 2097152.0
runproj limit: 0.28
11100011000011110110000 2097152.0
runproj limit: 0.28
00000101000010110001101 2097152.0
runproj limit: 0.28
00110111111110110101101 2097152.0
runproj limit: 0.28
10001101010100110000000 2097152.0
runproj limit: 0.28
11000000000010011011001 2097152.0
runproj limit: 0.28
00101011000001110110100 2097152.0
runproj limit: 0.28
00110100111001001000011 2097152.0
runproj limit: 0.28
00000100000111010101011 2097152.0
runproj limit: 0.28
00010010001001100101000 2097152.0
runproj limit: 0.28
00010011111101110111110 2097152.0
runproj limit: 0.28
10000010000101100101010 2097152.0
runproj limit: 0.28
00001111000110111110000 2097152.0
runproj limit: 0.28
00000011111110110101111 2097152.0
runproj limit: 0.28
11100110110000110000111 2097152.0
best: 1.0
done evolving!
"all is well:)"
>>>>>>>>>>>>>>FINISH OPTIMIZATION>>>>>>>>>>>>>>>
531.36user 563.18system 19:58.02elapsed 91%CPU (0avgtext+0avgdata 136564maxresident)k
1064376inputs+1430440outputs (590major+63550915minor)pagefaults 0swaps
