Optimizing /h/ywang30/nofib/shootout/fannkuch-redux
>>>>>>>>>>>>>>>START OPTIMIZATION>>>>>>>>>>>>>>>
pop: 13
gens: 15
arch: 7
limit is: 5.94
runproj limit: 5.94
"All is well :D"
Basetime is: 1048576.0
runproj limit: 5.94
000000000000000001001001010010100101010101010001000001000010100000001000000000000000000 1048576.0
runproj limit: 5.94
001000000010000001011001010010010101010101010001000001000010100100101000000000000000000 1048576.0
runproj limit: 5.94
000000000001000001101001110100000101010101011101000101001010100000001000000010000010000 1048576.0
runproj limit: 5.94
000000000001000001101001111010100101111100010001000101000010111000001000100000000000000 1048576.0
runproj limit: 5.94
000000000000000001001001000011000101010111000001011001000010100000001000000000000000000 1048576.0
runproj limit: 5.94
000000000000000001001001010010100101010101010001000001000010100000001000000000000000000 1048576.0
runproj limit: 5.94
"timed out"
100000000000000001001001011110110000010111010000000001010010110000000010000000000000010 2097152.0
runproj limit: 5.94
000000000000000001001001010010100101010101010001000001000010100000001000000000000000000 1048576.0
runproj limit: 5.94
000010000000000001001011010000100101010101010001010001010010100010001010010000000000000 1048576.0
runproj limit: 5.94
001000000000000001001001110010100110010111010001000101000010100001001000000000000000000 1048576.0
runproj limit: 5.94
000000000000000001001001010010100101010101010001000001000010100000001000000000000000000 1048576.0
runproj limit: 5.94
000000000000000001001001010010100101010101010001000001000010100000001000000000000000000 1048576.0
runproj limit: 5.94
000000000000000001001001010000100101010101010101000001000010101100010000001001000000000 1048576.0
best: 1.0
runproj limit: 5.94
000000000000000001101001010001000101010111011101010101001010100000001000000000000000000 1048576.0
runproj limit: 5.94
000000000001000001001001110100100101010101011101000101000010100000001000000000000000000 1048576.0
runproj limit: 5.94
000000000000000001001001010010100101010101010001000001000010100000001000000000000000000 1048576.0
runproj limit: 5.94
000000000000000001001001010000100101010101010001010001000010100100001010000001000000000 1048576.0
runproj limit: 5.94
"timed out"
101000000000000001011001011110110100010111010001000001000010110000001010000000000000010 2097152.0
runproj limit: 5.94
000010000000000001001011010000100101110101010001010101010010111010001010000000000000000 1048576.0
runproj limit: 5.94
000000000000000001001001010010100101010101010001000001000010100000001000000000000000000 1048576.0
runproj limit: 5.94
000010000000000001001001010000100101010101010001010001000010100000001010000000000000000 1048576.0
runproj limit: 5.94
001000000011110011011000110010110101011101010101010000110000000100100000110001000000001 1048576.0
runproj limit: 5.94
000001000000100100101111000011010010110111010100001001000011100000001000000000000001101 1048576.0
runproj limit: 5.94
010011001100011000111001000110100100011101010101000011010000100000001010001000000010101 1048576.0
runproj limit: 5.94
010001001000100000011011010100101101010101010001110100000110111000001001000000100010010 1048576.0
runproj limit: 5.94
011001010011000000101001110000000111011101011000111010001010100000001001000010000010000 1048576.0
runproj limit: 5.94
000000000000000001001001010010100101010101010001000001000010100000001000000000000000000 1048576.0
runproj limit: 5.94
001000000010000001011001010010010101010101010001000001000010100100101000000000000000000 1048576.0
runproj limit: 5.94
000000000001000001101001110100000101010101011101000101001010100000001000000010000010000 1048576.0
runproj limit: 5.94
000000000001000001101001111010100101111100010001000101000010111000001000100000000000000 1048576.0
runproj limit: 5.94
000000000000000001001001000011000101010111000001011001000010100000001000000000000000000 1048576.0
runproj limit: 5.94
000010000000000001001011010000100101010101010001010001010010100010001010010000000000000 1048576.0
runproj limit: 5.94
001000000000000001001001110010100110010111010001000101000010100001001000000000000000000 1048576.0
best: 1.0
runproj limit: 5.94
011001000010000001101001010010000101011101011000000001000010100000001000000000000010000 1048576.0
runproj limit: 5.94
010000001000000001001001010000101101010101010001110000000110110000001001000000100000000 1048576.0
runproj limit: 5.94
000001001001001000111001000010100100111100010101000001000000101000001000100000000000100 1048576.0
runproj limit: 5.94
001000000000000001011001110010010101010101010001000101000010100000001000000000000000000 1048576.0
runproj limit: 5.94
000000000000000001001001010010100101010101010001000001000010100000001000000000000000000 1048576.0
runproj limit: 5.94
000000000000000001101001011000100101011100010001010001000010111000001010000001000000000 1048576.0
runproj limit: 5.94
000000000011010001011001110001010101011111010101010100111010100100101000000001000000000 1048576.0
runproj limit: 5.94
000001000000100000011011000111010101110101010101111100000110100000001000000000100001001 1048576.0
runproj limit: 5.94
000010000000001001011111000000000101010001101000110001000000100010001001000110110000001 1048576.0
runproj limit: 5.94
000100000001000000000001010110110101011101010111000001100000111001011001010000010100010 1048576.0
runproj limit: 5.94
"timed out"
110101001001111100010011010101001101011001000011100110011010010010100000000000111011111 2097152.0
runproj limit: 5.94
011101001101010110010011110100101010111101000101100101001110101000001011100000100001000 1048576.0
runproj limit: 5.94
001101000011100101011110100001010011101100000101010010111000000000110100101000100100001 1048576.0
runproj limit: 5.94
000000000000000001101001010001000101010111011101010101001010100000001000000000000000000 1048576.0
runproj limit: 5.94
000000000001000001001001110100100101010101011101000101000010100000001000000000000000000 1048576.0
runproj limit: 5.94
000000000000000001001001010010100101010101010001000001000010100000001000000000000000000 1048576.0
runproj limit: 5.94
000000000000000001001001010000100101010101010001010001000010100100001010000001000000000 1048576.0
runproj limit: 5.94
000010000000000001001011010000100101110101010001010101010010111010001010000000000000000 1048576.0
runproj limit: 5.94
000010000000000001001001010000100101010101010001010001000010100000001010000000000000000 1048576.0
runproj limit: 5.94
001000000011110011011000110010110101011101010101010000110000000100100000110001000000001 1048576.0
best: 1.0
runproj limit: 5.94
000100000001001000011001000000100101010001011111110001100000100011011001010000010000001 1048576.0
runproj limit: 5.94
001000000001100001011001110010110101010101010101010000010000100100000000000000000000000 1048576.0
runproj limit: 5.94
000001001001000000011001010010100100010100010101010001000000100000001010100000000000100 1048576.0
runproj limit: 5.94
000000000000001001111001010000100101110101010101010001000000100100001010100000000000100 1048576.0
runproj limit: 5.94
000000000001010000011001110110010101011101010101010100110010111101101000010000000100000 1048576.0
runproj limit: 5.94
001000000011010001001001110010100101011101011101000000100010100000001000000001000000000 1048576.0
runproj limit: 5.94
000010000000000001001001010010100101010001110000000001000000100010001001000000110000000 1048576.0
runproj limit: 5.94
001000000000000001011001110010110101010101010001010101010010101000001000000000000000000 1048576.0
runproj limit: 5.94
000000000011010001011001111001011101011110010101010100110000000000101001001001111101101 1048576.0
runproj limit: 5.94
001011000010100001101101010100000111010111001000000001011010000010011100001100000000100 1048576.0
runproj limit: 5.94
011001001101011111111001000010100100011100000101100111100100101100000101100010101000010 1048576.0
runproj limit: 5.94
001100010011110111011110101010100101111001010001010100110001000000100000100101110000001 1048576.0
runproj limit: 5.94
011001001001000011010010100111011111111101000101100101011110100011001011100000110001010 1048576.0
runproj limit: 5.94
011001000010000001101001010010000101011101011000000001000010100000001000000000000010000 1048576.0
runproj limit: 5.94
010000001000000001001001010000101101010101010001110000000110110000001001000000100000000 1048576.0
runproj limit: 5.94
000001001001001000111001000010100100111100010101000001000000101000001000100000000000100 1048576.0
runproj limit: 5.94
001000000000000001011001110010010101010101010001000101000010100000001000000000000000000 1048576.0
runproj limit: 5.94
000000000000000001001001010010100101010101010001000001000010100000001000000000000000000 1048576.0
runproj limit: 5.94
000000000000000001101001011000100101011100010001010001000010111000001010000001000000000 1048576.0
runproj limit: 5.94
000000000011010001011001110001010101011111010101010100111010100100101000000001000000000 1048576.0
best: 1.0
runproj limit: 5.94
000001001001000000011001110010000101111100010101010101000010111001101000000000000100100 1048576.0
runproj limit: 5.94
000010000011000001001001110000000101010001110000010100111010100000101001000000110000000 1048576.0
runproj limit: 5.94
001001000000000001111001000100100111110100000101000001010010101010001100001100000000100 1048576.0
runproj limit: 5.94
001000000001010001011001110001010101011101010101000101011010100100001000000000000000000 1048576.0
runproj limit: 5.94
000000000000010001011001111001111101011100010101010100110010101000001001000000011100100 1048576.0
runproj limit: 5.94
010000001000000001101001010000100101011101010001110001000110110000001000000001100000000 1048576.0
runproj limit: 5.94
001100000001001000011101101000100101111001010101010000110000000000110000100101010000001 1048576.0
runproj limit: 5.94
001000000001101001111001010000110101110101010101010000000000100100001000000000000000000 1048576.0
runproj limit: 5.94
001100100011010000101101010000001111010011011111110001110011111011011001011100000101011 1048576.0
runproj limit: 5.94
011110000100000101001101010010100101110001110100110011110001000010011010000000110101010 1048576.0
runproj limit: 5.94
010010011000000001000010000000101101010101010001110101000110101010111001001000100010010 1048576.0
runproj limit: 5.94
"timed out"
100001011010000010010001110000100100010000010101001001000100101000001011000000101000111 2097152.0
runproj limit: 5.94
010100000001001001010111001000101101110101111111111100101001100011011001011000111100001 1048576.0
runproj limit: 5.94
000100000001001000011001000000100101010001011111110001100000100011011001010000010000001 1048576.0
runproj limit: 5.94
001000000001100001011001110010110101010101010101010000010000100100000000000000000000000 1048576.0
runproj limit: 5.94
000001001001000000011001010010100100010100010101010001000000100000001010100000000000100 1048576.0
runproj limit: 5.94
000000000000001001111001010000100101110101010101010001000000100100001010100000000000100 1048576.0
runproj limit: 5.94
000000000001010000011001110110010101011101010101010100110010111101101000010000000100000 1048576.0
runproj limit: 5.94
001000000011010001001001110010100101011101011101000000100010100000001000000001000000000 1048576.0
runproj limit: 5.94
000010000000000001001001010010100101010001110000000001000000100010001001000000110000000 1048576.0
best: 1.0
runproj limit: 5.94
011100000000001001101001010010100101110101010100110001110001000010001010000000010100010 1048576.0
runproj limit: 5.94
001000000000001001011001111001111101011100010101010000100010100000001000000000010000100 1048576.0
runproj limit: 5.94
"timed out"
000010000001100001001001010010100101010101110100000000010000100000000000000000010000000 2097152.0
runproj limit: 5.94
010000001000010001001001010000010101011101010001010101110110111101001000010001000100000 1048576.0
runproj limit: 5.94
010000001000000001101001010000100101011101010001110001000110110000001000000001100000000 1048576.0
runproj limit: 5.94
011000001000001001111001010000100101111101010001010000000110110100001000000001000000000 1048576.0
runproj limit: 5.94
000100001001001000011001111010000101111001010101010000100000101000101000100001010000101 1048576.0
runproj limit: 5.94
010100100000000001101101010000100111010011010001110001110110111001011001011101000001000 1048576.0
runproj limit: 5.94
000000000011110001011101010010110101011101011111010110101010000000011010010001000010001 1048576.0
runproj limit: 5.94
"timed out"
101111000000000001000001010000010101110011101000000111110001100111000000100001110000000 2097152.0
runproj limit: 5.94
"timed out"
111101101011100010101101110010000110000010011010110101111000000010110000001100000111011 2097152.0
runproj limit: 5.94
001100001001001101111001010100011110110101010001010000001101110101011000101000000100000 1048576.0
runproj limit: 5.94
"timed out"
001001000011111100001101110000011001010101010100010100010010110100101110010011000010001 2097152.0
runproj limit: 5.94
000001001001000000011001110010000101111100010101010101000010111001101000000000000100100 1048576.0
runproj limit: 5.94
000010000011000001001001110000000101010001110000010100111010100000101001000000110000000 1048576.0
runproj limit: 5.94
001001000000000001111001000100100111110100000101000001010010101010001100001100000000100 1048576.0
runproj limit: 5.94
001000000001010001011001110001010101011101010101000101011010100100001000000000000000000 1048576.0
runproj limit: 5.94
000000000000010001011001111001111101011100010101010100110010101000001001000000011100100 1048576.0
runproj limit: 5.94
010000001000000001101001010000100101011101010001110001000110110000001000000001100000000 1048576.0
runproj limit: 5.94
001100000001001000011101101000100101111001010101010000110000000000110000100101010000001 1048576.0
best: 1.0
runproj limit: 5.94
001000001000000001101001110001110101011101010001010101001110100100001000000001100000000 1048576.0
runproj limit: 5.94
001000000001110000001101110000010001011101010101010101010010110100101010010011000000000 1048576.0
runproj limit: 5.94
000100001001010000001001010000000101011001010001010100100010101101001000100001010100000 1048576.0
runproj limit: 5.94
001000001000001001111101000000100101111001010101010000010000100000111000000101010000000 1048576.0
runproj limit: 5.94
001001000000001001111001111100111101010100010101000000010010100000001000000100010000100 1048576.0
runproj limit: 5.94
000000000010000001111001000100100101010100010100010101111010100000001001001000100000000 1048576.0
runproj limit: 5.94
010000000011001001101001010000000101110001010100110001110011000000001010000000110000010 1048576.0
runproj limit: 5.94
010000000000000001101101010000100111011001010001110001010110110001001000001001000000000 1048576.0
runproj limit: 5.94
000101001000101011000001001100010111001000100000010101100110110101011000010111100100001 1048576.0
runproj limit: 5.94
010111110000111100011001011100011100010100001111000000011011110001001001100011010100001 1048576.0
runproj limit: 5.94
000110000011110000011100010000110101011001010011110011101011000001011001010001001110001 1048576.0
runproj limit: 5.94
"timed out"
110010001110010001000001100010011001011101101001110100110101111100010011110011010000000 2097152.0
runproj limit: 5.94
010100100010010001101000001100100110110001011011111011110110100001011001010000010010010 1048576.0
runproj limit: 5.94
011100000000001001101001010010100101110101010100110001110001000010001010000000010100010 1048576.0
runproj limit: 5.94
001000000000001001011001111001111101011100010101010000100010100000001000000000010000100 1048576.0
runproj limit: 5.94
010000001000010001001001010000010101011101010001010101110110111101001000010001000100000 1048576.0
runproj limit: 5.94
010000001000000001101001010000100101011101010001110001000110110000001000000001100000000 1048576.0
runproj limit: 5.94
011000001000001001111001010000100101111101010001010000000110110100001000000001000000000 1048576.0
runproj limit: 5.94
000100001001001000011001111010000101111001010101010000100000101000101000100001010000101 1048576.0
runproj limit: 5.94
010100100000000001101101010000100111010011010001110001110110111001011001011101000001000 1048576.0
best: 1.0
runproj limit: 5.94
011000001000000001101001010000100101111101010001010000000110110100001000000001100000000 1048576.0
runproj limit: 5.94
010000000010000001101001010000100110110001010001110011010110100001001000011001000000010 1048576.0
runproj limit: 5.94
011101000000001001101001110110101101010100010101100000010000000010001010000000010100110 1048576.0
runproj limit: 5.94
000110100001001100011001011100000101010001001101010000011000111001101000100011010100101 1048576.0
runproj limit: 5.94
011101011000001101011101000100011100110100001101000000011001110000011000000001010000000 1048576.0
runproj limit: 5.94
010000000000001001101101010000100101011001010000110001110010110000001000001001010000010 1048576.0
runproj limit: 5.94
011010100000001100011001011100011100010100010111000000100010110001001000000010010000100 1048576.0
runproj limit: 5.94
000110001011010000001000010000000101011001010001110110100010100001001001010001011100001 1048576.0
runproj limit: 5.94
000011000011000001111101011100100011010010010100010011101011110100111000001010000100000 1048576.0
runproj limit: 5.94
"timed out"
110000001000001000100101101000100101110000010111010000111000100001110001000111010000000 2097152.0
runproj limit: 5.94
"timed out"
111001010000000001101001011100100000001010111101001000011111110000001100010100110000010 2097152.0
runproj limit: 5.94
000000111000011001011111001110100101101001011011010101011110100100110000000001010100101 1048576.0
runproj limit: 5.94
"timed out"
100110000111110110011100011001010101011000010101110001100011010001010000011001010110001 2097152.0
runproj limit: 5.94
001000001000000001101001110001110101011101010001010101001110100100001000000001100000000 1048576.0
runproj limit: 5.94
001000000001110000001101110000010001011101010101010101010010110100101010010011000000000 1048576.0
runproj limit: 5.94
000100001001010000001001010000000101011001010001010100100010101101001000100001010100000 1048576.0
runproj limit: 5.94
001000001000001001111101000000100101111001010101010000010000100000111000000101010000000 1048576.0
runproj limit: 5.94
001001000000001001111001111100111101010100010101000000010010100000001000000100010000100 1048576.0
runproj limit: 5.94
000000000010000001111001000100100101010100010100010101111010100000001001001000100000000 1048576.0
runproj limit: 5.94
010000000011001001101001010000000101110001010100110001110011000000001010000000110000010 1048576.0
best: 1.0
runproj limit: 5.94
001101000000001101011101110100011101110100011101000000011011110000011000000100010000100 1048576.0
runproj limit: 5.94
000001111000001101011101000110111100100100001101000000011010110000011000000001010000100 1048576.0
runproj limit: 5.94
001000111000001001011111000000100101101001010001010101011100100100110000000101010000101 1048576.0
runproj limit: 5.94
000110100000000100011001010000000101010001000001110001010010111001101000001001010000010 1048576.0
runproj limit: 5.94
001001000001111001011001110000010001010101010101010001010010110100101010000110000000000 1048576.0
runproj limit: 5.94
000000000001100100001001010001110101111101010001010001100011010001000000000001000100001 1048576.0
runproj limit: 5.94
000000000001010001111101011000010001011000010100010111001010110100101000000011000000000 1048576.0
runproj limit: 5.94
011000100000001000011001011100010100010100010111010101110010110000001001001010100000000 1048576.0
runproj limit: 5.94
"timed out"
101010010001000100001001010010010001010101010010010100010010110111101000111110010000000 2097152.0
runproj limit: 5.94
"timed out"
110000101000010000100101100011000101110010000010010000111010100011011001110111010010000 2097152.0
runproj limit: 5.94
011001001001001001101001110001111101010101010101000100011000100010001010011010101111110 1048576.0
runproj limit: 5.94
"timed out"
111010100010101100001000111001001010011100100111010001100010111001101001001110110000101 2097152.0
runproj limit: 5.94
010000000010100100001001001110101111011000011000111000110011000001101000001001000000010 1048576.0
runproj limit: 5.94
011000001000000001101001010000100101111101010001010000000110110100001000000001100000000 1048576.0
runproj limit: 5.94
010000000010000001101001010000100110110001010001110011010110100001001000011001000000010 1048576.0
runproj limit: 5.94
011101000000001001101001110110101101010100010101100000010000000010001010000000010100110 1048576.0
runproj limit: 5.94
000110100001001100011001011100000101010001001101010000011000111001101000100011010100101 1048576.0
runproj limit: 5.94
011101011000001101011101000100011100110100001101000000011001110000011000000001010000000 1048576.0
runproj limit: 5.94
010000000000001001101101010000100101011001010000110001110010110000001000001001010000010 1048576.0
runproj limit: 5.94
011010100000001100011001011100011100010100010111000000100010110001001000000010010000100 1048576.0
best: 1.0
runproj limit: 5.94
001000101000001000011001010100100101011000010101010101011110110100101001001010010000000 1048576.0
runproj limit: 5.94
011011000000001100011001110100010101010100010101000000110010110101001010000110000000100 1048576.0
runproj limit: 5.94
"timed out"
010001000000000101001101011100101101111000011100000000010011100001011000001101000000110 2097152.0
runproj limit: 5.94
011101011000001101101101100100101101010100001101000000010001010000001000000000010100010 1048576.0
runproj limit: 5.94
"timed out"
010010000000000001001001010010010011010101010000010000010010100111101000111010000000000 2097152.0
runproj limit: 5.94
001101010000001101111101011000010000011000000100010011011011110000011000000001010000000 1048576.0
runproj limit: 5.94
001001000001111001011001110000010001010101010101010001010010110100101010000110000000000 1048576.0
runproj limit: 5.94
010000001000001001101101010000100101011101010001110001100010110100001000000001110000010 1048576.0
runproj limit: 5.94
"timed out"
100000000000000001001011010100110011011011101011011101110000110001101110101101011100010 2097152.0
runproj limit: 5.94
010000001001000011011011110101111001110101010101001100001100100111001001011010111011010 1048576.0
runproj limit: 5.94
010001001000001011111101101100101101010111000111001100111011111010000010001000100110110 1048576.0
runproj limit: 5.94
001111001111011011001001011000101100011100010001010001011011111100100000010000011101011 1048576.0
runproj limit: 5.94
001111100100001100101001100110111000110100111101101100010111001110001010010010011111100 1048576.0
runproj limit: 5.94
001101000000001101011101110100011101110100011101000000011011110000011000000100010000100 1048576.0
runproj limit: 5.94
000001111000001101011101000110111100100100001101000000011010110000011000000001010000100 1048576.0
runproj limit: 5.94
001000111000001001011111000000100101101001010001010101011100100100110000000101010000101 1048576.0
runproj limit: 5.94
000110100000000100011001010000000101010001000001110001010010111001101000001001010000010 1048576.0
runproj limit: 5.94
001001000001111001011001110000010001010101010101010001010010110100101010000110000000000 1048576.0
runproj limit: 5.94
000000000001100100001001010001110101111101010001010001100011010001000000000001000100001 1048576.0
runproj limit: 5.94
000000000001010001111101011000010001011000010100010111001010110100101000000011000000000 1048576.0
best: 1.0
runproj limit: 5.94
000111001101010001001001010000000100010001010001010001011011111000101000010001011101011 1048576.0
runproj limit: 5.94
"timed out"
001100000001000101111101010000010001011000010100000000001010110100011000000100010000000 2097152.0
runproj limit: 5.94
010001101000001101111101101100111100000101001101001100111011110010001010001000010010110 1048576.0
runproj limit: 5.94
001001000001101100001001010101110101110101011001000000011011010001011000000101000100100 1048576.0
runproj limit: 5.94
010011001000000010011011110101011001010100010101001100101110100111001001010110110011000 1048576.0
runproj limit: 5.94
001001000000101001011101110100011001010100011101010000010011110100011000000100000000100 1048576.0
runproj limit: 5.94
011001001101001011101101011000101100011101010011000101011011111000100000001000111101010 1048576.0
runproj limit: 5.94
000001110000011101111101000010110100011100010101000001001010110000101000000001000000000 1048576.0
runproj limit: 5.94
001001111101001100010001000011011110100000100101000100011110110100101000000101110000110 1048576.0
runproj limit: 5.94
"timed out"
100001011011010101011101110000010001101100001101000000110110110100101000011010101010000 2097152.0
runproj limit: 5.94
000001101000011100111001000111010001000001011111000111001111001000101000101010011000000 1048576.0
runproj limit: 5.94
000000111000000100001011100001000100101001000101000101011110100110110000000111010000001 1048576.0
runproj limit: 5.94
"timed out"
110000001001011111111101010100000101111100010101011111100010101110111110000001100000101 2097152.0
runproj limit: 5.94
001000101000001000011001010100100101011000010101010101011110110100101001001010010000000 1048576.0
runproj limit: 5.94
011011000000001100011001110100010101010100010101000000110010110101001010000110000000100 1048576.0
runproj limit: 5.94
011101011000001101101101100100101101010100001101000000010001010000001000000000010100010 1048576.0
runproj limit: 5.94
001101010000001101111101011000010000011000000100010011011011110000011000000001010000000 1048576.0
runproj limit: 5.94
001001000001111001011001110000010001010101010101010001010010110100101010000110000000000 1048576.0
runproj limit: 5.94
010000001000001001101101010000100101011101010001110001100010110100001000000001110000010 1048576.0
runproj limit: 5.94
010000001001000011011011110101111001110101010101001100001100100111001001011010111011010 1048576.0
best: 1.0
runproj limit: 5.94
010011000001001011011001110100011101110100010101001000111000110111001001001110011010010 1048576.0
runproj limit: 5.94
010000001001010111011011110100011001111101010101011100001000101111101101010010100010100 1048576.0
runproj limit: 5.94
001001110001111100011001100001010111110000010101010001010110110100101000000100100000110 1048576.0
runproj limit: 5.94
001001110000100100001001000101110101111001010101000100011111110100111000000101010000100 1048576.0
runproj limit: 5.94
010001001000001111011001110101111001000101001101001100111011110010001001000000110011000 1048576.0
runproj limit: 5.94
010000001000001001101001010111110101000101011101010011000010110000101000101000011000000 1048576.0
runproj limit: 5.94
000001000001111000011001000000010001000001011101010101011011100000101000001110010000000 1048576.0
runproj limit: 5.94
001001000001001101101101010001010101111001010101000000001010110101011000000101000100100 1048576.0
runproj limit: 5.94
011101011100000010101101100000101111111010000100100000110110011010100100000000100100011 1048576.0
runproj limit: 5.94
010011111000001000011101110010010111111100000111010001101110111101101001001100111001010 1048576.0
runproj limit: 5.94
"timed out"
110001011100111101111110000001111000111111011101010101000010011101100001100011000100011 2097152.0
runproj limit: 5.94
"timed out"
101000110110101100110010001111001011010001010100000100011100010100111000100100011000000 2097152.0
runproj limit: 5.94
010000101001100000010011101011001001010111010101000100111001010111111010101011111001010 1048576.0
runproj limit: 5.94
000111001101010001001001010000000100010001010001010001011011111000101000010001011101011 1048576.0
runproj limit: 5.94
010001101000001101111101101100111100000101001101001100111011110010001010001000010010110 1048576.0
runproj limit: 5.94
001001000001101100001001010101110101110101011001000000011011010001011000000101000100100 1048576.0
runproj limit: 5.94
010011001000000010011011110101011001010100010101001100101110100111001001010110110011000 1048576.0
runproj limit: 5.94
001001000000101001011101110100011001010100011101010000010011110100011000000100000000100 1048576.0
runproj limit: 5.94
011001001101001011101101011000101100011101010011000101011011111000100000001000111101010 1048576.0
runproj limit: 5.94
000001110000011101111101000010110100011100010101000001001010110000101000000001000000000 1048576.0
best: 1.0
runproj limit: 5.94
010001001000001101011001101101111001000101001101001100111011110010001010001000010010110 1048576.0
runproj limit: 5.94
010001010000100000001001010101110101101001010101000101001010110000111000100101010000000 1048576.0
runproj limit: 5.94
000001010001111100011001100001010111100000011101010001011010110100101000001110110000000 1048576.0
runproj limit: 5.94
000001111000100100001001100101111001110000010101001100111110100101001001010110110000000 1048576.0
runproj limit: 5.94
010011000000101001011101110100011001010100010101001000110001110111001001001110001000100 1048576.0
runproj limit: 5.94
000000000001000100011001110101011001111101011101010100001011001111011101010101000010100 1048576.0
runproj limit: 5.94
000001100000011001011001100100011100000001011101001100111011110000101010001010010010000 1048576.0
runproj limit: 5.94
000011101100010101101001000010000100011000010001000001011010110000101000000001011100010 1048576.0
runproj limit: 5.94
"timed out"
100111101100101000001101110100011000010101001001011000110010110100011010001110001100110 2097152.0
runproj limit: 5.94
001101111010111100011001100001111011010000010011110011010110010000101000001100000000010 1048576.0
runproj limit: 5.94
010101001000101100111101101100101110100101101101000100111111010010101010010000010011111 1048576.0
runproj limit: 5.94
001001100100000100000011000101100101100100010101100000111011001000111000010100000101110 1048576.0
runproj limit: 5.94
001001110001111110101001110101010101111101010001110000011110010100000000000101011011000 1048576.0
runproj limit: 5.94
010011000001001011011001110100011101110100010101001000111000110111001001001110011010010 1048576.0
runproj limit: 5.94
010000001001010111011011110100011001111101010101011100001000101111101101010010100010100 1048576.0
runproj limit: 5.94
001001110001111100011001100001010111110000010101010001010110110100101000000100100000110 1048576.0
runproj limit: 5.94
001001110000100100001001000101110101111001010101000100011111110100111000000101010000100 1048576.0
runproj limit: 5.94
010001001000001111011001110101111001000101001101001100111011110010001001000000110011000 1048576.0
runproj limit: 5.94
010000001000001001101001010111110101000101011101010011000010110000101000101000011000000 1048576.0
runproj limit: 5.94
000001000001111000011001000000010001000001011101010101011011100000101000001110010000000 1048576.0
best: 1.0
runproj limit: 5.94
001001100000100100001011000101110101101101010101100000011011001100111000010101010100100 1048576.0
runproj limit: 5.94
000101100000111000011001100101011111000000010101010010110011110000101000001010000000010 1048576.0
runproj limit: 5.94
010101011000111000001001010001110001111000010001000001000110110000101000101101010000010 1048576.0
runproj limit: 5.94
000001100000111000011001100100010111000000011101000100111011110100101010001010100000010 1048576.0
runproj limit: 5.94
001001110000111110101001110101110101111101010101110100011110010100110000000101011011000 1048576.0
runproj limit: 5.94
001001110010101100001001100001110111001000010001110001000110110000111000001100000000010 1048576.0
runproj limit: 5.94
001000100001101100011001100101010111111000011101010000001111100110011000000100000010110 1048576.0
runproj limit: 5.94
001001100000101101001001110101011001011101010001011000010000010100000000000101001001100 1048576.0
runproj limit: 5.94
010011000001001110111111010001000001111101011111000101011001000111010101011100010010101 1048576.0
runproj limit: 5.94
001011100100000110001011000101100101100100110101100000111101001000110011010000001101110 1048576.0
runproj limit: 5.94
000000100000100001111010101111000100000001011111000100101001110100011010001000010101000 1048576.0
runproj limit: 5.94
"timed out"
111000011001000001111000110011100101011011101101010011001010011000111010101000001000000 2097152.0
runproj limit: 5.94
"timed out"
101000110110101100001111100011110111011010100101100101110111001110110000001100010010110 2097152.0
runproj limit: 5.94
010001001000001101011001101101111001000101001101001100111011110010001010001000010010110 1048576.0
runproj limit: 5.94
010001010000100000001001010101110101101001010101000101001010110000111000100101010000000 1048576.0
runproj limit: 5.94
000001010001111100011001100001010111100000011101010001011010110100101000001110110000000 1048576.0
runproj limit: 5.94
000001111000100100001001100101111001110000010101001100111110100101001001010110110000000 1048576.0
runproj limit: 5.94
010011000000101001011101110100011001010100010101001000110001110111001001001110001000100 1048576.0
runproj limit: 5.94
000000000001000100011001110101011001111101011101010100001011001111011101010101000010100 1048576.0
runproj limit: 5.94
000001100000011001011001100100011100000001011101001100111011110000101010001010010010000 1048576.0
best: 1.0
runproj limit: 5.94
000001000000001010111101100100010111111001011101000101111011110101011110011000100000110 1048576.0
runproj limit: 5.94
001001111010111000001001100001110111001000010001110001000110110000101000101100010000010 1048576.0
runproj limit: 5.94
010101001000111100001001111101111001100001010101001100001111110000001010101000010000110 1048576.0
runproj limit: 5.94
001000100100101110011001100101110111111000111101010000011111000110111011000100000010110 1048576.0
runproj limit: 5.94
000001100000001001011011000100110101100101011101001100111011001100111010011011010100100 1048576.0
runproj limit: 5.94
010011001001001110011101000001111001111101001101001101111001110110010011001100010010111 1048576.0
runproj limit: 5.94
000011010001111110101001010101110001111101011101100101011011010111010000010100011011001 1048576.0
runproj limit: 5.94
000001010000111000011101100101010101000000010101001000110001110111001001001110000000000 1048576.0
runproj limit: 5.94
000100110010101100001101001000110111001010100001111001010110010000111110001010010011010 1048576.0
runproj limit: 5.94
"timed out"
100001011100010101001001111101111000100000010110101110111010100001001001010110110010011 2097152.0
runproj limit: 5.94
011001001001001110110111000101000001010001001111001101001000001111010111010110010011001 1048576.0
runproj limit: 5.94
001000111001000100100001110110111100100110010101001010011011101101111101001100110000001 1048576.0
runproj limit: 5.94
"timed out"
111100000011110010010001110001010101111101001101010000001101100010010001111110110110000 2097152.0
runproj limit: 5.94
001001100000100100001011000101110101101101010101100000011011001100111000010101010100100 1048576.0
runproj limit: 5.94
000101100000111000011001100101011111000000010101010010110011110000101000001010000000010 1048576.0
runproj limit: 5.94
010101011000111000001001010001110001111000010001000001000110110000101000101101010000010 1048576.0
runproj limit: 5.94
000001100000111000011001100100010111000000011101000100111011110100101010001010100000010 1048576.0
runproj limit: 5.94
001001110000111110101001110101110101111101010101110100011110010100110000000101011011000 1048576.0
runproj limit: 5.94
001001110010101100001001100001110111001000010001110001000110110000111000001100000000010 1048576.0
runproj limit: 5.94
001000100001101100011001100101010111111000011101010000001111100110011000000100000010110 1048576.0
best: 1.0
done evolving!
"all is well:)"
>>>>>>>>>>>>>>FINISH OPTIMIZATION>>>>>>>>>>>>>>>
2104.56user 290.90system 41:40.15elapsed 95%CPU (0avgtext+0avgdata 135540maxresident)k
981584inputs+1322776outputs (348major+62869779minor)pagefaults 0swaps
