Optimizing /h/ywang30/nofib/real/maillist
>>>>>>>>>>>>>>>START OPTIMIZATION>>>>>>>>>>>>>>>
pop: 13
gens: 15
arch: 7
limit is: 0.81
runproj limit: 0.81
"All is well :D"
Basetime is: 3145728.0
runproj limit: 0.81
010000000000000000001000000000000000000000001000000 3145728.0
runproj limit: 0.81
001000000010000000010000000000110000000000000000000 3145728.0
runproj limit: 0.81
000000000001000000100000100110100000000000001100000 3145728.0
runproj limit: 0.81
000000000001000000100000101000000000101001000000000 3145728.0
runproj limit: 0.81
000000000000000000000000000000000000000000000000000 3145728.0
runproj limit: 0.81
001000001001000000000001000010000000000000000000100 3145728.0
runproj limit: 0.81
100000000000000000000000001100010101000010000001000 4194304.0
runproj limit: 0.81
010000000000110000000010000000000000000000000010000 3145728.0
runproj limit: 0.81
000010000000000000000010000010000000000000000000010 3145728.0
runproj limit: 0.81
001000000000000000000000100000000011000010000000000 3145728.0
runproj limit: 0.81
000000000000000000000000000000000000000000000000000 3145728.0
runproj limit: 0.81
000000000000000000000000000000000000000000000000000 3145728.0
runproj limit: 0.81
000000000000000000000000000010000000000000000100000 3145728.0
best: 1.0
runproj limit: 0.81
000000000000000000100000000010100000000000001100000 3145728.0
runproj limit: 0.81
000000000001000000000000100110000000000000001100000 3145728.0
runproj limit: 0.81
011000001001000000000001000000000000000000000000000 3145728.0
runproj limit: 0.81
000000000000000000000000000010000000000000000000010 3145728.0
runproj limit: 0.81
101000000000000000010000001100010001000010000000000 3145728.0
runproj limit: 0.81
000010000000000000000010000010000000100000000000010 3145728.0
runproj limit: 0.81
010000000000000000000000000000000000000000000000000 3145728.0
runproj limit: 0.81
000010000000000000000000000010000000000000000000000 4194304.0
runproj limit: 0.81
001000000011110010010001100000010000001000000100010 3145728.0
runproj limit: 0.81
000001000000100101100110000000010111100000010101010 3145728.0
runproj limit: 0.81
000011001100011001111000010100000001001000001100000 3145728.0
runproj limit: 0.81
011001000001100001010011000100001000000000000000010 3145728.0
runproj limit: 0.81
011001010011000001100000100010100010001000001001111 3145728.0
runproj limit: 0.81
010000000000000000001000000000000000000000001000000 3145728.0
runproj limit: 0.81
001000000010000000010000000000110000000000000000000 3145728.0
runproj limit: 0.81
000000000001000000100000100110100000000000001100000 3145728.0
runproj limit: 0.81
000000000001000000100000101000000000101001000000000 3145728.0
runproj limit: 0.81
000000000000000000000000000000000000000000000000000 3145728.0
runproj limit: 0.81
001000001001000000000001000010000000000000000000100 3145728.0
runproj limit: 0.81
010000000000110000000010000000000000000000000010000 3145728.0
best: 1.0
runproj limit: 0.81
001000000000000000000000000100000001000000000000000 3145728.0
runproj limit: 0.81
011000000001000000000001000000001000000000000000010 3145728.0
runproj limit: 0.81
000001001001001001110000010000000001101001001100000 3145728.0
runproj limit: 0.81
001000000000000000010000000000110000000010000000000 3145728.0
runproj limit: 0.81
010000001001000000001001000000000000000000001000000 3145728.0
runproj limit: 0.81
000000000000000000100000001010000000001001000000010 3145728.0
runproj limit: 0.81
000000000011010000010000100010110000001000000100000 3145728.0
runproj limit: 0.81
001001000000100001010011000100010000100000000100010 3145728.0
runproj limit: 0.81
001000001001001000010101010010100000000100111001000 3145728.0
runproj limit: 0.81
010100000001000001000000000100010000001000001110000 3145728.0
runproj limit: 0.81
111101000000111101011011000101101000001100010010000 3145728.0
runproj limit: 0.81
010101000100010111011011100100001111101000010100000 3145728.0
runproj limit: 0.81
001101000011100100010111110011110110111001010100010 3145728.0
runproj limit: 0.81
000000000000000000100000000010100000000000001100000 3145728.0
runproj limit: 0.81
000000000001000000000000100110000000000000001100000 3145728.0
runproj limit: 0.81
011000001001000000000001000000000000000000000000000 3145728.0
runproj limit: 0.81
000000000000000000000000000010000000000000000000010 3145728.0
runproj limit: 0.81
101000000000000000010000001100010001000010000000000 3145728.0
runproj limit: 0.81
000010000000000000000010000010000000100000000000010 3145728.0
runproj limit: 0.81
010000000000000000000000000000000000000000000000000 3145728.0
best: 1.0
runproj limit: 0.81
010100000001001001010000010010000000000100001110000 3145728.0
runproj limit: 0.81
010000000000000000010000000000000000000010000000000 3145728.0
runproj limit: 0.81
000001001001000001010000000000000001100001000100010 3145728.0
runproj limit: 0.81
000000000000001000110000000010000000100000000100010 3145728.0
runproj limit: 0.81
000000000001010001010000100100110000001000000100000 3145728.0
runproj limit: 0.81
000000000001000000000000100000000000000000001100000 3145728.0
runproj limit: 0.81
011000001001000000000001000000000000000100100001000 3145728.0
runproj limit: 0.81
101000000000000000010000000100010001000010000000000 3145728.0
runproj limit: 0.81
000000000011010000010000101010111000001001000100000 3145728.0
runproj limit: 0.81
011010000000100000000100000010000011001010010000000 3145728.0
runproj limit: 0.81
011001001101011110110000010000000001001001011100100 3145728.0
runproj limit: 0.81
111001010000111001011101011101111000101000010110000 3145728.0
runproj limit: 0.81
010001000000000010011010110111111010101000010100000 3145728.0
runproj limit: 0.81
001000000000000000000000000100000001000000000000000 3145728.0
runproj limit: 0.81
011000000001000000000001000000001000000000000000010 3145728.0
runproj limit: 0.81
000001001001001001110000010000000001101001001100000 3145728.0
runproj limit: 0.81
001000000000000000010000000000110000000010000000000 4194304.0
runproj limit: 0.81
010000001001000000001001000000000000000000001000000 3145728.0
runproj limit: 0.81
000000000000000000100000001010000000001001000000010 3145728.0
runproj limit: 0.81
000000000011010000010000100010110000001000000100000 3145728.0
best: 1.0
runproj limit: 0.81
000001001001000001010000100000100000101001001100000 3145728.0
runproj limit: 0.81
010000000011000000000001100010100000000100100001000 3145728.0
runproj limit: 0.81
011001000000000000010000010010000011101001011100000 3145728.0
runproj limit: 0.81
000000000001010000110000000010000000101000000100010 3145728.0
runproj limit: 0.81
000000000000010000010000101010011001001011000100000 3145728.0
runproj limit: 0.81
011000000001000000100001000000000000001000000000010 3145728.0
runproj limit: 0.81
111101000001001001010100011111100000101000010110000 3145728.0
runproj limit: 0.81
010000000000001000110000000010000000100000000100010 3145728.0
runproj limit: 0.81
011100100011010001100100000010101010000110001110000 3145728.0
runproj limit: 0.81
000100001101000100000101000000000000100100100101110 3145728.0
runproj limit: 0.81
011010010001000000001010010000001000000000000000010 3145728.0
runproj limit: 0.81
100001011010000011011000100010000001100101000100001 3145728.0
runproj limit: 0.81
000100000001001000011110011010001000100000101110001 3145728.0
runproj limit: 0.81
010100000001001001010000010010000000000100001110000 3145728.0
runproj limit: 0.81
010000000000000000010000000000000000000010000000000 3145728.0
runproj limit: 0.81
000001001001000001010000000000000001100001000100010 3145728.0
runproj limit: 0.81
000000000000001000110000000010000000100000000100010 3145728.0
runproj limit: 0.81
000000000001010001010000100100110000001000000100000 3145728.0
runproj limit: 0.81
000000000001000000000000100000000000000000001100000 3145728.0
runproj limit: 0.81
011000001001000000000001000000000000000100100001000 3145728.0
best: 1.0
runproj limit: 0.81
100100001000000011000001100000000001100100000101100 3145728.0
runproj limit: 0.81
000000000000001000010000101010001001001001000100010 3145728.0
runproj limit: 0.81
011000001000000000000001000000000000000000100001000 3145728.0
runproj limit: 0.81
010000000001010000000001000000110000001000000000010 3145728.0
runproj limit: 0.81
011000000001000000100001000000000000001000000000010 3145728.0
runproj limit: 0.81
010000000001001000110000000000000000101000000000010 3145728.0
runproj limit: 0.81
100101001001001001010000101000100000101000001110000 3145728.0
runproj limit: 0.81
011001011001000000010001000000000000100101000000000 3145728.0
runproj limit: 0.81
001000000001100000010100000000010000000000001110010 3145728.0
runproj limit: 0.81
001100011010000011010000100000110001000111011100001 3145728.0
runproj limit: 0.81
101101101011100011100100100000100011010111001011000 3145728.0
runproj limit: 0.81
010100001000101100110000000110101011100000000000010 3145728.0
runproj limit: 0.81
000001000001101101000100100010111100001000000101010 3145728.0
runproj limit: 0.81
000001001001000001010000100000100000101001001100000 3145728.0
runproj limit: 0.81
010000000011000000000001100010100000000100100001000 3145728.0
runproj limit: 0.81
011001000000000000010000010010000011101001011100000 3145728.0
runproj limit: 0.81
000000000001010000110000000010000000101000000100010 3145728.0
runproj limit: 0.81
000000000000010000010000101010011001001011000100000 3145728.0
runproj limit: 0.81
011000000001000000100001000000000000001000000000010 3145728.0
runproj limit: 0.81
111101000001001001010100011111100000101000010110000 3145728.0
best: 1.0
runproj limit: 0.81
000000101001100011100000000000100000110100001011000 3145728.0
runproj limit: 0.81
000000000001100001100100000010110100101000000100010 3145728.0
runproj limit: 0.81
100101000001010001000001000000100000001000001000000 3145728.0
runproj limit: 0.81
000000000001001100110100000000100000101000000101010 3145728.0
runproj limit: 0.81
000001000000001000010000101010001001001001000100000 3145728.0
runproj limit: 0.81
010000000010000000010000010010000001000001000101000 3145728.0
runproj limit: 0.81
000000000011000011000001100010100001100100000101100 3145728.0
runproj limit: 0.81
011000011001000000110001000000000000101100000000000 3145728.0
runproj limit: 0.81
000101000001101010001001011100110010011101110001010 3145728.0
runproj limit: 0.81
001111110001011101010000001110101001000001011110000 3145728.0
runproj limit: 0.81
001110000001100001010101000010010000000100000010110 3145728.0
runproj limit: 0.81
110010000111010000001001110010111100001000111000110 3145728.0
runproj limit: 0.81
011001011011010000010100011100000001000111001010001 3145728.0
runproj limit: 0.81
100100001000000011000001100000000001100100000101100 3145728.0
runproj limit: 0.81
000000000000001000010000101010001001001001000100010 3145728.0
runproj limit: 0.81
011000001000000000000001000000000000000000100001000 3145728.0
runproj limit: 0.81
010000000001010000000001000000110000001000000000010 3145728.0
runproj limit: 0.81
011000000001000000100001000000000000001000000000010 3145728.0
runproj limit: 0.81
010000000001001000110000000000000000101000000000010 3145728.0
runproj limit: 0.81
100101001001001001010000101000100000101000001110000 4194304.0
best: 1.0
runproj limit: 0.81
011000000001010000000001000000110000001000000000010 4194304.0
runproj limit: 0.81
110011010011010000010101010010110101000000111000000 3145728.0
runproj limit: 0.81
000101000000001001000000100000001001001101000100100 3145728.0
runproj limit: 0.81
011010100001001100110000001110000000000000011100010 3145728.0
runproj limit: 0.81
000101010001001100010100000100101001100001011101000 3145728.0
runproj limit: 0.81
011010010001000000101001110000001100101100011000100 3145728.0
runproj limit: 0.81
000010100001001101010000001110101001000001000110000 3145728.0
runproj limit: 0.81
000110000001010001000001000000100000000100000000100 3145728.0
runproj limit: 0.81
010011000011000000010100001010000111000111000101000 3145728.0
runproj limit: 0.81
111000000001001101101100101000100000100001000111010 3145728.0
runproj limit: 0.81
111001011001010000000001001100110101011111101100101 3145728.0
runproj limit: 0.81
001000110001011100010110001110100000111000001011010 3145728.0
runproj limit: 0.81
101110000101100111010101001011110000000101000100110 3145728.0
runproj limit: 0.81
000000101001100011100000000000100000110100001011000 3145728.0
runproj limit: 0.81
000000000001100001100100000010110100101000000100010 3145728.0
runproj limit: 0.81
100101000001010001000001000000100000001000001000000 3145728.0
runproj limit: 0.81
000000000001001100110100000000100000101000000101010 3145728.0
runproj limit: 0.81
000001000000001000010000101010001001001001000100000 3145728.0
runproj limit: 0.81
010000000010000000010000010010000001000001000101000 3145728.0
runproj limit: 0.81
000000000011000011000001100010100001100100000101100 3145728.0
best: 1.0
runproj limit: 0.81
000101000001001100010100100100101001100001001101000 3145728.0
runproj limit: 0.81
001001110001001100010100000110101001110001011101000 3145728.0
runproj limit: 0.81
001110110101101100010110001010100000010001000000110 3145728.0
runproj limit: 0.81
110010110001010100110000000010000000000000111000000 3145728.0
runproj limit: 0.81
000001000001101000110000000010100100101000000100010 3145728.0
runproj limit: 0.81
101101000001110101000001000011110000000000000000010 3145728.0
runproj limit: 0.81
000000000001000000010100001010110101101101000101000 3145728.0
runproj limit: 0.81
111001001000000000000001001000110101011111000100001 3145728.0
runproj limit: 0.81
100010010001010101100000100000110100100000000011010 3145728.0
runproj limit: 0.81
111000100001010101101100100011000000100011010010010 3145728.0
runproj limit: 0.81
000001001001001001000000100111011001001100000100000 3145728.0
runproj limit: 0.81
100010100011101101000001101011111111001001110110010 3145728.0
runproj limit: 0.81
110011010011110101110101001100111100101001110001001 3145728.0
runproj limit: 0.81
110011010011010000010101010010110101000000111000000 3145728.0
runproj limit: 0.81
000101000000001001000000100000001001001101000100100 3145728.0
runproj limit: 0.81
011010100001001100110000001110000000000000011100010 3145728.0
runproj limit: 0.81
000101010001001100010100000100101001100001011101000 3145728.0
runproj limit: 0.81
011010010001000000101001110000001100101100011000100 3145728.0
runproj limit: 0.81
000010100001001101010000001110101001000001000110000 3145728.0
runproj limit: 0.81
000110000001010001000001000000100000000100000000100 3145728.0
best: 1.0
runproj limit: 0.81
001001100001100100000000001000100100010011000100100 3145728.0
runproj limit: 0.81
000011000001010001010001000010100000100100000100100 3145728.0
runproj limit: 0.81
110001000001000100110101001100111001101001101101000 3145728.0
runproj limit: 0.81
110010110001001001001001111001111111001101111100110 3145728.0
runproj limit: 0.81
000110000000001001100000100000110100100000000101010 3145728.0
runproj limit: 0.81
001010010001000000011101101000010100101100010101100 3145728.0
runproj limit: 0.81
000001000001101000110000000010100100101000000100010 3145728.0
runproj limit: 0.81
100010100011001101000001101011111011000001100110010 3145728.0
runproj limit: 0.81
110010100001000101110110001010111111000011111101101 3145728.0
runproj limit: 0.81
110001100001011111011110100111000100000011010010011 3145728.0
runproj limit: 0.81
001001001000001011010100111010001001001110010110001 3145728.0
runproj limit: 0.81
000111001111001010100000101010011001100001000000010 3145728.0
runproj limit: 0.81
101010000101010000101100110011010101000011111010011 3145728.0
runproj limit: 0.81
000101000001001100010100100100101001100001001101000 3145728.0
runproj limit: 0.81
001001110001001100010100000110101001110001011101000 3145728.0
runproj limit: 0.81
001110110101101100010110001010100000010001000000110 3145728.0
runproj limit: 0.81
110010110001010100110000000010000000000000111000000 3145728.0
runproj limit: 0.81
000001000001101000110000000010100100101000000100010 3145728.0
runproj limit: 0.81
101101000001110101000001000011110000000000000000010 3145728.0
runproj limit: 0.81
000000000001000000010100001010110101101101000101000 3145728.0
best: 1.0
runproj limit: 0.81
110011011101000000100000100010010001000000100000000 4194304.0
runproj limit: 0.81
000100000001000100010100000000110101101101000101000 3145728.0
runproj limit: 0.81
001001101000001100010100101110101001010000011100001 3145728.0
runproj limit: 0.81
100101000001111101000000000111110001000000001001000 3145728.0
runproj limit: 0.81
110011000001011111010011100111100100100110010110111 3145728.0
runproj limit: 0.81
010010000001001100010110000100111101000001011101000 3145728.0
runproj limit: 0.81
000001001101001010000100101010011001100100000010000 3145728.0
runproj limit: 0.81
000001110001001100010100000010110001101001000101000 3145728.0
runproj limit: 0.81
000001110100001101011000000011001011110101110101000 3145728.0
runproj limit: 0.81
101001011011000100110100000010100100010001011100000 3145728.0
runproj limit: 0.81
000000100001110000100000011011010000001010001110110 3145728.0
runproj limit: 0.81
000110110101100001000010101011000001010001010100100 3145728.0
runproj limit: 0.81
000010100010011011010001101111011011100000100010111 3145728.0
runproj limit: 0.81
001001100001100100000000001000100100010011000100100 3145728.0
runproj limit: 0.81
000011000001010001010001000010100000100100000100100 3145728.0
runproj limit: 0.81
110001000001000100110101001100111001101001101101000 3145728.0
runproj limit: 0.81
110010110001001001001001111001111111001101111100110 3145728.0
runproj limit: 0.81
000110000000001001100000100000110100100000000101010 3145728.0
runproj limit: 0.81
001010010001000000011101101000010100101100010101100 3145728.0
runproj limit: 0.81
000001000001101000110000000010100100101000000100010 3145728.0
best: 1.0
runproj limit: 0.81
000011000001000000010001000010100000100000000100110 3145728.0
runproj limit: 0.81
000011100001111000110000000111000101100000000110011 3145728.0
runproj limit: 0.81
000000110000001101000000100001000010100101000101010 3145728.0
runproj limit: 0.81
000111110001110101000000000111110001000000000100100 3145728.0
runproj limit: 0.81
111001000000001110010000100111101100010100011100011 3145728.0
runproj limit: 0.81
000000100001111001110001001011010000101010001110111 3145728.0
runproj limit: 0.81
000000000000011000100000011000010000000000001100010 3145728.0
runproj limit: 0.81
000100000001000100010100000000110101101101000101000 3145728.0
runproj limit: 0.81
110001000101001011110101001000111011000111100100100 3145728.0
runproj limit: 0.81
001001100001000001101101001010100110001101000011000 3145728.0
runproj limit: 0.81
110001011101101100010111000001111101001010001101010 3145728.0
runproj limit: 0.81
100000111111101101111011001111011110000100000100000 3145728.0
runproj limit: 0.81
000001100001001011111000011100010100001010000100011 3145728.0
runproj limit: 0.81
000100000001000100010100000000110101101101000101000 3145728.0
runproj limit: 0.81
001001101000001100010100101110101001010000011100001 3145728.0
runproj limit: 0.81
100101000001111101000000000111110001000000001001000 3145728.0
runproj limit: 0.81
110011000001011111010011100111100100100110010110111 3145728.0
runproj limit: 0.81
010010000001001100010110000100111101000001011101000 3145728.0
runproj limit: 0.81
000001001101001010000100101010011001100100000010000 3145728.0
runproj limit: 0.81
000001110001001100010100000010110001101001000101000 3145728.0
best: 1.0
runproj limit: 0.81
111001001000001100010000101111101100010000011100001 3145728.0
runproj limit: 0.81
100000111111101101111011001111011110000100000100000 3145728.0
runproj limit: 0.81
000000010101101100111000011001010110000100001100010 3145728.0
runproj limit: 0.81
100011110001111101000001100111110101000000000110111 3145728.0
runproj limit: 0.81
000010000001000100010110000110111101000000010101110 3145728.0
runproj limit: 0.81
100001000001111101010101000001111101001010001101010 3145728.0
runproj limit: 0.81
100000100011111001100000001111011100000000001100000 3145728.0
runproj limit: 0.81
000001100001000100010100000010110001101101000101000 3145728.0
runproj limit: 0.81
111100101101001101000110000100111100000000001001001 3145728.0
runproj limit: 0.81
000100111011001101000000100001101110000101000011110 3145728.0
runproj limit: 0.81
001101001000101101010100101110111011110000111100000 3145728.0
runproj limit: 0.81
100101100100010101001010010111100001010001000101100 3145728.0
runproj limit: 0.81
000111110000101111100000110111010001000100000000010 3145728.0
runproj limit: 0.81
000011000001000000010001000010100000100000000100110 3145728.0
runproj limit: 0.81
000011100001111000110000000111000101100000000110011 3145728.0
runproj limit: 0.81
000000110000001101000000100001000010100101000101010 3145728.0
runproj limit: 0.81
000111110001110101000000000111110001000000000100100 3145728.0
runproj limit: 0.81
111001000000001110010000100111101100010100011100011 3145728.0
runproj limit: 0.81
000000100001111001110001001011010000101010001110111 3145728.0
runproj limit: 0.81
000000000000011000100000011000010000000000001100010 3145728.0
best: 1.0
runproj limit: 0.81
000101100000110101000010010111110001010000000100100 3145728.0
runproj limit: 0.81
000100100011011001100000000101001110000101000100010 3145728.0
runproj limit: 0.81
000100111111001101110001001001011110000101000001000 3145728.0
runproj limit: 0.81
100000100001001001100000100111010110000001001101000 3145728.0
runproj limit: 0.81
000111110001101111100000110111110001000100000100010 3145728.0
runproj limit: 0.81
000000111111101101010011100011011110000101000001110 3145728.0
runproj limit: 0.81
111001101101011101000110000000111100001000001101001 3145728.0
runproj limit: 0.81
000111100001100100000010100111011101000000010001110 3145728.0
runproj limit: 0.81
110010000001110111110011100101100101001010001111000 3145728.0
runproj limit: 0.81
111110101101001111001110000100111100000000101001001 3145728.0
runproj limit: 0.81
100001100011000001000011000100000100000000001110001 3145728.0
runproj limit: 0.81
101000110000110001100000101111000000110100111110111 3145728.0
runproj limit: 0.81
100110110111111101000110100001110011100011110100000 3145728.0
runproj limit: 0.81
111001001000001100010000101111101100010000011100001 3145728.0
runproj limit: 0.81
100000111111101101111011001111011110000100000100000 3145728.0
runproj limit: 0.81
000000010101101100111000011001010110000100001100010 3145728.0
runproj limit: 0.81
100011110001111101000001100111110101000000000110111 3145728.0
runproj limit: 0.81
000010000001000100010110000110111101000000010101110 3145728.0
runproj limit: 0.81
100001000001111101010101000001111101001010001101010 4194304.0
runproj limit: 0.81
100000100011111001100000001111011100000000001100000 3145728.0
best: 1.0
runproj limit: 0.81
100000110001110001100000100111010110110000011101010 3145728.0
runproj limit: 0.81
000000111111001101110011101001011110000101000001110 3145728.0
runproj limit: 0.81
000101101000001101110000101111001110010100000101001 3145728.0
runproj limit: 0.81
111101101101011111000110000100111100001000101101001 3145728.0
runproj limit: 0.81
100001100001111001000010011111110101000000001100000 3145728.0
runproj limit: 0.81
111011001001111111010001100101101101001000011100001 3145728.0
runproj limit: 0.81
101000110000110001100000101111000000110100111110111 3145728.0
runproj limit: 0.81
000000010001100100011110010101010100000100000100010 3145728.0
runproj limit: 0.81
001101111111101101010111001010011110000111110001111 3145728.0
runproj limit: 0.81
000011010101001100000001111111110100010000000101011 4194304.0
runproj limit: 0.81
111000001001110111111011110001100101100110011111001 3145728.0
runproj limit: 0.81
101010110000011101101001110100110000010110000110111 3145728.0
runproj limit: 0.81
001101001111000011001110010100111110001101011101001 3145728.0
runproj limit: 0.81
000101100000110101000010010111110001010000000100100 3145728.0
runproj limit: 0.81
000100100011011001100000000101001110000101000100010 3145728.0
runproj limit: 0.81
000100111111001101110001001001011110000101000001000 3145728.0
runproj limit: 0.81
100000100001001001100000100111010110000001001101000 3145728.0
runproj limit: 0.81
000111110001101111100000110111110001000100000100010 3145728.0
runproj limit: 0.81
000000111111101101010011100011011110000101000001110 3145728.0
runproj limit: 0.81
111001101101011101000110000000111100001000001101001 3145728.0
best: 1.0
done evolving!
"all is well:)"
>>>>>>>>>>>>>>FINISH OPTIMIZATION>>>>>>>>>>>>>>>
484.27user 386.06system 22:48.08elapsed 63%CPU (0avgtext+0avgdata 135540maxresident)k
1054560inputs+8500984outputs (504major+63514819minor)pagefaults 0swaps
