Optimizing /h/ywang30/nofib/shootout/pidigits
>>>>>>>>>>>>>>>START OPTIMIZATION>>>>>>>>>>>>>>>
pop: 13
gens: 15
arch: 7
limit is: 0.84
runproj limit: 0.84
"All is well :D"
Basetime is: 4194304.0
runproj limit: 0.84
01000000000000000000100000 4194304.0
runproj limit: 0.84
00100000001000000001000000 4194304.0
runproj limit: 0.84
00000000000100000010000010 4194304.0
runproj limit: 0.84
00000000000100000010000010 4194304.0
runproj limit: 0.84
00000000000000000000000001 4194304.0
runproj limit: 0.84
00000000000000000000000000 4194304.0
runproj limit: 0.84
10000000000000000000000000 4194304.0
runproj limit: 0.84
00000000000000000000000000 4194304.0
runproj limit: 0.84
00001000000000000000001000 4194304.0
runproj limit: 0.84
00000000000000000000000000 4194304.0
runproj limit: 0.84
00000100000000001000000000 4194304.0
runproj limit: 0.84
00001000000010000000000100 4194304.0
runproj limit: 0.84
00000000000000000000000000 4194304.0
best: 1.0
runproj limit: 0.84
00000000000000000010000000 4194304.0
runproj limit: 0.84
00000000000100000000000010 4194304.0
runproj limit: 0.84
01000000000000000000000000 4194304.0
runproj limit: 0.84
00000000000000000000000000 4194304.0
runproj limit: 0.84
10100000000000000001000000 4194304.0
runproj limit: 0.84
10001000000000000000001000 4194304.0
runproj limit: 0.84
00000000000000001000000000 4194304.0
runproj limit: 0.84
10000000000000000000000000 4194304.0
runproj limit: 0.84
00100000001111001001000110 4194304.0
runproj limit: 0.84
00000100000010010110011001 4194304.0
runproj limit: 0.84
00001100110001100111100001 4194304.0
runproj limit: 0.84
01000100100010000101001000 4194304.0
runproj limit: 0.84
01100101001100000110000010 4194304.0
runproj limit: 0.84
01000000000000000000100000 4194304.0
runproj limit: 0.84
00100000001000000001000000 4194304.0
runproj limit: 0.84
00000000000100000010000010 4194304.0
runproj limit: 0.84
00000000000000000000000001 4194304.0
runproj limit: 0.84
00000000000000000000000000 4194304.0
runproj limit: 0.84
10000000000000000000000000 4194304.0
runproj limit: 0.84
00001000000000000000001000 4194304.0
best: 1.0
runproj limit: 0.84
00100000000000000000000000 4194304.0
runproj limit: 0.84
01000000100000000000000000 4194304.0
runproj limit: 0.84
00000100100000100111000001 4194304.0
runproj limit: 0.84
00100000000000000001000000 4194304.0
runproj limit: 0.84
01000000000000000000100000 4194304.0
runproj limit: 0.84
00000000000000000000000001 4194304.0
runproj limit: 0.84
00000000001101000001000010 4194304.0
runproj limit: 0.84
00000100000010000101001001 4194304.0
runproj limit: 0.84
10000000000000100001010001 4194304.0
runproj limit: 0.84
01010000000100000100000000 4194304.0
runproj limit: 0.84
11010100100111110101101000 4194304.0
runproj limit: 0.84
01110100110101011101101010 4194304.0
runproj limit: 0.84
00110100001110010001011111 4194304.0
runproj limit: 0.84
00000000000000000010000000 4194304.0
runproj limit: 0.84
00000000000100000000000010 4194304.0
runproj limit: 0.84
01000000000000000000000000 4194304.0
runproj limit: 0.84
00000000000000000000000000 4194304.0
runproj limit: 0.84
10100000000000000001000000 4194304.0
runproj limit: 0.84
10001000000000000000001000 4194304.0
runproj limit: 0.84
00000000000000001000000000 4194304.0
best: 1.0
runproj limit: 0.84
01010000000100100101000001 4194304.0
runproj limit: 0.84
00000000000000000001000000 4194304.0
runproj limit: 0.84
10000100100000000101000000 4194304.0
runproj limit: 0.84
00000000000000100011000000 4194304.0
runproj limit: 0.84
00000000000101000101000010 4194304.0
runproj limit: 0.84
00000000000100000000000010 4194304.0
runproj limit: 0.84
01000000000000000000000000 4194304.0
runproj limit: 0.84
10100000000000000001000000 4194304.0
runproj limit: 0.84
00000000001101000001000010 4194304.0
runproj limit: 0.84
01101000000010000000010000 4194304.0
runproj limit: 0.84
01100100110001111011000001 4194304.0
runproj limit: 0.84
11000101100111100101110001 4194304.0
runproj limit: 0.84
01100100100100001001101111 4194304.0
runproj limit: 0.84
00100000000000000000000000 4194304.0
runproj limit: 0.84
01000000100000000000000000 4194304.0
runproj limit: 0.84
00000100100000100111000001 4194304.0
runproj limit: 0.84
00100000000000000001000000 4194304.0
runproj limit: 0.84
01000000000000000000100000 4194304.0
runproj limit: 0.84
00000000000000000000000001 4194304.0
runproj limit: 0.84
00000000001101000001000010 4194304.0
best: 1.0
runproj limit: 0.84
00000100100100000101000010 4194304.0
runproj limit: 0.84
01000000001100000000000010 4194304.0
runproj limit: 0.84
01100100000000000001000001 4194304.0
runproj limit: 0.84
00100000000101000001000000 4194304.0
runproj limit: 0.84
00000000000001000001000010 4194304.0
runproj limit: 0.84
01000000100000000000000001 4194304.0
runproj limit: 0.84
11010100100100100101010001 4194304.0
runproj limit: 0.84
00000000000000100011000000 4194304.0
runproj limit: 0.84
01110010001101000110010000 4194304.0
runproj limit: 0.84
00110000010000010000010000 4194304.0
runproj limit: 0.84
01001001100000000000101101 4194304.0
runproj limit: 0.84
00000101101100001101100010 4194304.0
runproj limit: 0.84
00010000000100100001111001 4194304.0
runproj limit: 0.84
01010000000100100101000001 4194304.0
runproj limit: 0.84
00000000000000000001000000 4194304.0
runproj limit: 0.84
10000100100000000101000000 4194304.0
runproj limit: 0.84
00000000000000100011000000 4194304.0
runproj limit: 0.84
00000000000101000101000010 4194304.0
runproj limit: 0.84
00000000000100000000000010 4194304.0
runproj limit: 0.84
01000000000000000000000000 4194304.0
best: 1.0
runproj limit: 0.84
00110000100100001100000010 4194304.0
runproj limit: 0.84
00000000000000100001000010 4194304.0
runproj limit: 0.84
00000000000000000000000000 4194304.0
runproj limit: 0.84
01000000100001000000000001 4194304.0
runproj limit: 0.84
01000000100000000000000001 4194304.0
runproj limit: 0.84
01000000100000100011000000 4194304.0
runproj limit: 0.84
10010100100100100101000010 4194304.0
runproj limit: 0.84
01000101100000000001000001 4194304.0
runproj limit: 0.84
00100000000110000001010000 4194304.0
runproj limit: 0.84
10110001101100001101000010 4194304.0
runproj limit: 0.84
10110110101110001110010010 4194304.0
runproj limit: 0.84
00010000100010110011000000 4194304.0
runproj limit: 0.84
00000100000110110100010010 4194304.0
runproj limit: 0.84
00000100100100000101000010 4194304.0
runproj limit: 0.84
01000000001100000000000010 4194304.0
runproj limit: 0.84
01100100000000000001000001 4194304.0
runproj limit: 0.84
00100000000101000001000000 4194304.0
runproj limit: 0.84
00000000000001000001000010 4194304.0
runproj limit: 0.84
01000000100000000000000001 4194304.0
runproj limit: 0.84
11010100100100100101010001 4194304.0
best: 1.0
runproj limit: 0.84
00100010100110001110000000 4194304.0
runproj limit: 0.84
00100000000110000100010000 4194304.0
runproj limit: 0.84
10010100100101000100000001 4194304.0
runproj limit: 0.84
00000000100000110011010000 4194304.0
runproj limit: 0.84
00000100000000100001000010 4194304.0
runproj limit: 0.84
01000000001000000001000001 4194304.0
runproj limit: 0.84
00000000001100001100000010 4194304.0
runproj limit: 0.84
01000001100000000001000001 4194304.0
runproj limit: 0.84
00010100100010101000100000 4194304.0
runproj limit: 0.84
01111111000101110101000000 4194304.0
runproj limit: 0.84
00111000000110000101010100 4194304.0
runproj limit: 0.84
11001000111001000000100010 4194304.0
runproj limit: 0.84
01000101101001000001010100 4194304.0
runproj limit: 0.84
00110000100100001100000010 4194304.0
runproj limit: 0.84
00000000000000100001000010 4194304.0
runproj limit: 0.84
00000000000000000000000000 4194304.0
runproj limit: 0.84
01000000100001000000000001 4194304.0
runproj limit: 0.84
01000000100000000000000001 4194304.0
runproj limit: 0.84
01000000100000100011000000 4194304.0
runproj limit: 0.84
10010100100100100101000010 4194304.0
best: 1.0
runproj limit: 0.84
01000000100001000000000001 4194304.0
runproj limit: 0.84
11001101101001000001010000 4194304.0
runproj limit: 0.84
00010100000000100100000010 4194304.0
runproj limit: 0.84
01101010000000110011000000 4194304.0
runproj limit: 0.84
01010101100000110001010000 4194304.0
runproj limit: 0.84
01001001100000000000100010 4194304.0
runproj limit: 0.84
01001010000100110101000000 4194304.0
runproj limit: 0.84
00011000100101000100000100 4194304.0
runproj limit: 0.84
01001100001100000001010000 4194304.0
runproj limit: 0.84
11100000100000110110110010 4194304.0
runproj limit: 0.84
11100101000001000000000001 4194304.0
runproj limit: 0.84
00100011100001110001011000 4194304.0
runproj limit: 0.84
10111000010110011101010100 4194304.0
runproj limit: 0.84
00100010100110001110000000 4194304.0
runproj limit: 0.84
00100000000110000100010000 4194304.0
runproj limit: 0.84
10010100100101000100000001 4194304.0
runproj limit: 0.84
00000000100000110011010000 4194304.0
runproj limit: 0.84
00000100000000100001000010 4194304.0
runproj limit: 0.84
01000000001000000001000001 4194304.0
runproj limit: 0.84
00000000001100001100000010 4194304.0
best: 1.0
runproj limit: 0.84
00010100000000110001010010 4194304.0
runproj limit: 0.84
00100111100000110001010000 4194304.0
runproj limit: 0.84
00111011110110110001011000 4194304.0
runproj limit: 0.84
11001011100001010011000000 4194304.0
runproj limit: 0.84
00000100000110100001000000 4194304.0
runproj limit: 0.84
00100000000111010100000000 4194304.0
runproj limit: 0.84
00000000000100000001010000 4194304.0
runproj limit: 0.84
11100100000000000000000001 4194304.0
runproj limit: 0.84
10101001000101010100000010 4194304.0
runproj limit: 0.84
11100010100001010110110010 4194304.0
runproj limit: 0.84
00000100100100100100000010 4194304.0
runproj limit: 0.84
11001010001110110100000110 4194304.0
runproj limit: 0.84
11001101101011010111010001 4194304.0
runproj limit: 0.84
01000000100001000000000001 4194304.0
runproj limit: 0.84
11001101101001000001010000 4194304.0
runproj limit: 0.84
00010100000000100100000010 4194304.0
runproj limit: 0.84
01101010000000110011000000 4194304.0
runproj limit: 0.84
01010101100000110001010000 4194304.0
runproj limit: 0.84
01001001100000000000100010 4194304.0
runproj limit: 0.84
01001010000100110101000000 4194304.0
best: 1.0
runproj limit: 0.84
00100110100110010000000001 4194304.0
runproj limit: 0.84
01001100000100110101000000 4194304.0
runproj limit: 0.84
11000100000000010011010000 4194304.0
runproj limit: 0.84
11000111100000110100010010 4194304.0
runproj limit: 0.84
11001001100001000001010010 4194304.0
runproj limit: 0.84
00010101000000110001010000 4194304.0
runproj limit: 0.84
00000100000110100001000000 4194304.0
runproj limit: 0.84
11001010001100000100000110 4194304.0
runproj limit: 0.84
10001001100000100010111010 4194304.0
runproj limit: 0.84
11000110100001111101111010 4194304.0
runproj limit: 0.84
00100100100000101101010011 4194304.0
runproj limit: 0.84
00011100111100101000000010 4194304.0
runproj limit: 0.84
10101000110001000010110011 4194304.0
runproj limit: 0.84
00010100000000110001010010 4194304.0
runproj limit: 0.84
00100111100000110001010000 4194304.0
runproj limit: 0.84
00111011110110110001011000 4194304.0
runproj limit: 0.84
11001011100001010011000000 4194304.0
runproj limit: 0.84
00000100000110100001000000 4194304.0
runproj limit: 0.84
00100000000111010100000000 4194304.0
runproj limit: 0.84
00000000000100000001010000 4194304.0
best: 1.0
runproj limit: 0.84
11001101110100000000000010 4194304.0
runproj limit: 0.84
00010000000100010001010000 4194304.0
runproj limit: 0.84
00100110100000110001010010 4194304.0
runproj limit: 0.84
00000100000111110100000000 4194304.0
runproj limit: 0.84
11001100100101111101001010 4194304.0
runproj limit: 0.84
00001000100000100000011010 4194304.0
runproj limit: 0.84
00000100110100101000010010 4194304.0
runproj limit: 0.84
00000111000000110001010000 4194304.0
runproj limit: 0.84
00000111110100110101100000 4194304.0
runproj limit: 0.84
10100101101100010001010000 4194304.0
runproj limit: 0.84
00000010100111000010000000 4194304.0
runproj limit: 0.84
00011011110110000100001010 4194304.0
runproj limit: 0.84
01001010001001011101000110 4194304.0
runproj limit: 0.84
00100110100110010000000001 4194304.0
runproj limit: 0.84
01001100000100110101000000 4194304.0
runproj limit: 0.84
11000100000000010011010000 4194304.0
runproj limit: 0.84
11000111100000110100010010 4194304.0
runproj limit: 0.84
11001001100001000001010010 4194304.0
runproj limit: 0.84
00010101000000110001010000 4194304.0
runproj limit: 0.84
00000100000110100001000000 4194304.0
best: 1.0
runproj limit: 0.84
00001100000100100001000000 4194304.0
runproj limit: 0.84
00001110000111110001000000 4194304.0
runproj limit: 0.84
00000011100001110101010010 4194304.0
runproj limit: 0.84
00001111000111010100000000 4194304.0
runproj limit: 0.84
11100100100000111001000010 4194304.0
runproj limit: 0.84
01000010000111010111000100 4194304.0
runproj limit: 0.84
10000000100001000001000000 4194304.0
runproj limit: 0.84
00010000000100010001010000 4194304.0
runproj limit: 0.84
11000100010000101111010000 4194304.0
runproj limit: 0.84
00011010000000110110010010 4194304.0
runproj limit: 0.84
11000101110010110001011100 4194304.0
runproj limit: 0.84
10000011011010110111101100 4194304.0
runproj limit: 0.84
00000110000100101101100001 4194304.0
runproj limit: 0.84
11001101110100000000000010 4194304.0
runproj limit: 0.84
00010000000100010001010000 4194304.0
runproj limit: 0.84
00100110100000110001010010 4194304.0
runproj limit: 0.84
00000100000111110100000000 4194304.0
runproj limit: 0.84
11001100100101111101001010 4194304.0
runproj limit: 0.84
00001000100000100000011010 4194304.0
runproj limit: 0.84
00000100110100101000010010 4194304.0
best: 1.0
runproj limit: 0.84
11100000000000110001000000 4194304.0
runproj limit: 0.84
10000011011010110111101100 4194304.0
runproj limit: 0.84
10000001110010010011100000 4194304.0
runproj limit: 0.84
00001111000111110100000000 4194304.0
runproj limit: 0.84
00001100000101111001001010 4194304.0
runproj limit: 0.84
10000100100010110001010100 4194304.0
runproj limit: 0.84
10000010101011100101000000 4194304.0
runproj limit: 0.84
01001101110100000000000010 4194304.0
runproj limit: 0.84
01110110010101111000001010 4194304.0
runproj limit: 0.84
00010011001101110101010010 4194304.0
runproj limit: 0.84
00000010000110010101010000 4194304.0
runproj limit: 0.84
00100100110110010001111011 4194304.0
runproj limit: 0.84
00001111000010111110000011 4194304.0
runproj limit: 0.84
00001100000100100001000000 4194304.0
runproj limit: 0.84
00001110000111110001000000 4194304.0
runproj limit: 0.84
00000011100001110101010010 4194304.0
runproj limit: 0.84
00001111000111010100000000 4194304.0
runproj limit: 0.84
11100100100000111001000010 4194304.0
runproj limit: 0.84
01000010000111010111000100 4194304.0
runproj limit: 0.84
10000000100001000001000000 4194304.0
best: 1.0
runproj limit: 0.84
00000100000111010101011001 4194304.0
runproj limit: 0.84
00010010101101100101000000 4194304.0
runproj limit: 0.84
00010011011001110111010100 4194304.0
runproj limit: 0.84
10000010100001100101010010 4194304.0
runproj limit: 0.84
00001111000110111110000011 4194304.0
runproj limit: 0.84
00000011011010110101011110 4194304.0
runproj limit: 0.84
11100110010100110000011010 4194304.0
runproj limit: 0.84
00001110000111111000001010 4194304.0
runproj limit: 0.84
11001000100010011011001110 4194304.0
runproj limit: 0.84
01111110010101110000101010 4194304.0
runproj limit: 0.84
10000110101000000111001100 4194304.0
runproj limit: 0.84
11100011000011110110000010 4194304.0
runproj limit: 0.84
10001011011111110100011010 4194304.0
runproj limit: 0.84
11100000000000110001000000 4194304.0
runproj limit: 0.84
10000011011010110111101100 4194304.0
runproj limit: 0.84
10000001110010010011100000 4194304.0
runproj limit: 0.84
00001111000111110100000000 4194304.0
runproj limit: 0.84
00001100000101111001001010 4194304.0
runproj limit: 0.84
10000100100010110001010100 4194304.0
runproj limit: 0.84
10000010101011100101000000 4194304.0
best: 1.0
runproj limit: 0.84
10000011000011100110000010 4194304.0
runproj limit: 0.84
00000011011001110111011110 4194304.0
runproj limit: 0.84
00010010000001110111010000 4194304.0
runproj limit: 0.84
01110110010100110000011010 4194304.0
runproj limit: 0.84
10000100000011100101011001 4194304.0
runproj limit: 0.84
11101000000010111001000110 4194304.0
runproj limit: 0.84
11100011000011110110000010 4194304.0
runproj limit: 0.84
00000101100110110001101000 4194304.0
runproj limit: 0.84
00110111011010110101001100 4194304.0
runproj limit: 0.84
10001101010100110000000001 4194304.0
runproj limit: 0.84
11100000000010011011101111 4194304.0
runproj limit: 0.84
00101011000001110110100001 4194304.0
runproj limit: 0.84
00110100011101001000111011 4194304.0
runproj limit: 0.84
00000100000111010101011001 4194304.0
runproj limit: 0.84
00010010101101100101000000 4194304.0
runproj limit: 0.84
00010011011001110111010100 4194304.0
runproj limit: 0.84
10000010100001100101010010 4194304.0
runproj limit: 0.84
00001111000110111110000011 4194304.0
runproj limit: 0.84
00000011011010110101011110 4194304.0
runproj limit: 0.84
11100110010100110000011010 4194304.0
best: 1.0
done evolving!
"all is well:)"
>>>>>>>>>>>>>>FINISH OPTIMIZATION>>>>>>>>>>>>>>>
673.36user 356.26system 18:39.66elapsed 91%CPU (0avgtext+0avgdata 134520maxresident)k
1074576inputs+1439336outputs (590major+63511946minor)pagefaults 0swaps
