Optimizing /h/ywang30/nofib/spectral/pretty
>>>>>>>>>>>>>>>START OPTIMIZATION>>>>>>>>>>>>>>>
pop: 13
gens: 15
arch: 7
limit is: 0.0
runproj limit: 0.0
"All is well :D"
Basetime is: 1048576.0
runproj limit: 0.0
00000000000000000000000000000000000000000000000000000000000000000000,0000,0000000000000000000000000000000000000000000000000000000000000000000000000000000000000000000000000000000000000000000000000000000000000000000000000000000000 1048576.0
runproj limit: 0.0
00000000000000000000000000000000000000000000000000000000000000000000,0000,0000000000000000000000000000000000000000000000000000000000000000000000000000000000000000000000000000000000000000000000000000000000000000000000000000000000 1048576.0
runproj limit: 0.0
00000000000100000010000010011010000000000000110000010000100000000000,0000,0000000000010000001000001001101000000000000011000001000010000000000000000000100000100000000000000001000000100001000100110000000100000000000010000000001000 1048576.0
runproj limit: 0.0
00000000000000000000000000000000000000000000000000000000000000000000,0000,0000000000000000000000000000000000000000000000000000000000000000000000000000000000000000000000000000000000000000000000000000000000000000000000000000000000 1048576.0
runproj limit: 0.0
00000000000000000000000001000110000000001001000001100000000000000000,0000,0000000000000000000000000100011000000000100100000110000000000000000000000000000000000000010001000100000000000000000000000000010000100000000000100100000001 1048576.0
runproj limit: 0.0
"timed out"
00100000100100000000000100001000000000000000000010000000000000001100,0010,0010000010010000000000010000100000000000000000001000000000000000110000000100000000001000000000010100000000000001000001001000010010001000000000000010001000 2097152.0
runproj limit: 0.0
10000000000000000000000000110001010100001000000100000001000001000000,1000,1000000000000000000000000011000101010000100000010000000100000100000010100000000000000101000000000000000011000000100000000000001010000001001000000000000010 1048576.0
runproj limit: 0.0
00000000000000000000000000000000000000000000000000000000000000000000,0000,0000000000000000000000000000000000000000000000000000000000000000000000000000000000000000000000000000000000000000000000000000000000000000000000000000000000 1048576.0
runproj limit: 0.0
00001000000000000000001000001000000000000000000001000001000000001000,0000,0000100000000000000000100000100000000000000000000100000100000000100000100100000000000000000100000000000000010100000100000000000000000000000000100100010001 1048576.0
runproj limit: 0.0
"timed out"
00100000000000000000000010000000001100001000000000010000000000000100,0010,0010000000000000000000001000000000110000100000000001000000000000010000000000000000000000010000000000100000000000000000000010000000000011001001000000000000 2097152.0
runproj limit: 0.0
00000100000000001000000000000000000010100000000000000000000010110000,0000,0000010000000000100000000000000000001010000000000000000000001011000000000000100000111100000010000000010000001000000000000010001000001000001000000000000000 1048576.0
runproj limit: 0.0
00001000000010000000000100000001000000000010000000000000000000000100,0000,0000100000001000000000010000000100000000001000000000000000000000010000001000000000000000000000000000010000100000000000000010000000000000000000000100001001 1048576.0
runproj limit: 0.0
00000000000000000000000000000000000000000000000000000000000000000000,0000,0000000000000000000000000000000000000000000000000000000000000000000000000000000000000000000000000000000000000000000000000000000000000000000000000000000000 1048576.0
best: 1.0
runproj limit: 0.0
00000000000000000010000000001110000000001000110001010000100000000000,0000,0000000000000000001000000000111000000000100011000101000010000000000000000000000000000000010001000001000000000001000100110000010000100000000010000000000001 1048576.0
runproj limit: 0.0
00000000000100000000000010011001000000000000110000010000000000000000,0000,0000000000010000000000001001100100000000000011000001000000000000000010100000000000000101000000000001000001000000000100110000000100000000000010000000000010 1048576.0
runproj limit: 0.0
"timed out"
00100000100100000000000100000000000000000000000000000000000000000000,0010,0010000010010000000000010000000000000000000000000000000000000000000000000100000000001000000000000000000000000000000001000000010000000000000000000000000000 2097152.0
runproj limit: 0.0
00000000000000000000000000000000000000000000000001000000000000000000,0000,0000000000000000000000000000000000000000000000000100000000000000000000100000000000000000000100000000000000000000000100000000000000000000000000100000000001 1048576.0
runproj limit: 0.0
10000000000000000000000000110001000100001000000000000000000001000000,1000,1000000000000000000000000011000100010000100000000000000000000100000000100000000000000101000000000000000011000000000000000000000000000001000000000000000010 1048576.0
runproj limit: 0.0
10001000000000000000001000011001010100000000000101000001000001001000,1000,1000100000000000000000100001100101010000000000010100000100000100100010100000000000000000000100000000000001010000100000000000001000000001000000100000010001 1048576.0
runproj limit: 0.0
00000000000000001000000000000000000010100000000000000000000000100000,0000,0000000000000000100000000000000000001010000000000000000000000010000000000000000000110000000000000000010000000000000000000000000000001000001000000000000000 1048576.0
runproj limit: 0.0
10000000000000000000000000010000010100001000000101000000000000000000,1000,1000000000000000000000000001000001010000100000010100000000000000000010100000000000000100010001000100000010000000000000000000010010100000001000000000000010 1048576.0
runproj limit: 0.0
00000000000111001000000110000010000000100000010001000111001010000000,0000,0000000000011100100000011000001000000010000001000100011100101000000010001100010000000011000100001000100010001000010000010010100000100000000000001000010100 1048576.0
runproj limit: 0.0
00000100000010010110011001000111011110001000010100100000000100000000,0000,0000010000001001011001100100011101111000100001010010000000010000000000000000000000011010110011100100000100000010000100001001000000110000000110100010000001 1048576.0
runproj limit: 0.0
01001100110001100111000001010000000100100000010000001001001000000000,0100,0100110011000110011100000101000000010010000001000000100100100000000000100010000000101010000100100101100100100000000000001010001000100011000001100000000100 1048576.0
runproj limit: 0.0
01000100100010000101001000011000100000000000000011010100010001100000,0100,0100010010001000010100100001100010000000000000001101010001000110000000010000001000100100000101000010100000111100000101010000000000000011001001000100100000 1048576.0
runproj limit: 0.0
"timed out"
01100101001100000110000010001010001000100000100111101100100000000000,0110,0110010100110000011000001000101000100010000010011110110010000000000000010000100000100001000101111000100001100001001100110100100100000000000110000000001001 2097152.0
runproj limit: 0.0
00000000000000000000000000000000000000000000000000000000000000000000,0000,0000000000000000000000000000000000000000000000000000000000000000000000000000000000000000000000000000000000000000000000000000000000000000000000000000000000 1048576.0
runproj limit: 0.0
00000000000100000010000010011010000000000000110000010000100000000000,0000,0000000000010000001000001001101000000000000011000001000010000000000000000000100000100000000000000001000000100001000100110000000100000000000010000000001000 1048576.0
runproj limit: 0.0
00000000000000000000000001000110000000001001000001100000000000000000,0000,0000000000000000000000000100011000000000100100000110000000000000000000000000000000000000010001000100000000000000000000000000010000100000000000100100000001 1048576.0
runproj limit: 0.0
10000000000000000000000000110001010100001000000100000001000001000000,1000,1000000000000000000000000011000101010000100000010000000100000100000010100000000000000101000000000000000011000000100000000000001010000001001000000000000010 1048576.0
runproj limit: 0.0
00001000000000000000001000001000000000000000000001000001000000001000,0000,0000100000000000000000100000100000000000000000000100000100000000100000100100000000000000000100000000000000010100000100000000000000000000000000100100010001 1048576.0
runproj limit: 0.0
00000100000000001000000000000000000010100000000000000000000010110000,0000,0000010000000000100000000000000000001010000000000000000000001011000000000000100000111100000010000000010000001000000000000010001000001000001000000000000000 1048576.0
runproj limit: 0.0
00001000000010000000000100000001000000000010000000000000000000000100,0000,0000100000001000000000010000000100000000001000000000000000000000010000001000000000000000000000000000010000100000000000000010000000000000000000000100001001 1048576.0
best: 1.0
runproj limit: 0.0
00000000000000000000000000010000000110000000000000000000000001100000,0000,0000000000000000000000000001000000011000000000000000000000000110000000100000000000000101000000000000000011000000000000000000000000001000001000000000000010 1048576.0
runproj limit: 0.0
01000000100000000000000000001000100000000000000011000100010001000000,0100,0100000010000000000000000000100010000000000000001100010001000100000000010000001000000000000001000010100000101000000001000000000000000000001001000000000000 1048576.0
runproj limit: 0.0
10000100100000100111000001010001000100100000010000000001001000000000,1000,1000010010000010011100000101000100010010000001000000000100100000000010100000000000001000000100000001100110100000000000000000001000100011000001100000000110 1048576.0
runproj limit: 0.0
00000000000100000010000000011010000000001000110000000000000000000000,0000,0000000000010000001000000001101000000000100011000000000000000000000000100000100000000100000000000001000001100000000100000000000100000000000010000000001010 1048576.0
runproj limit: 0.0
00000000000000000000000000000110000000001001000001100000000000000000,0000,0000000000000000000000000000011000000000100100000110000000000000000000000000000000000000000001000000000000000000000000000000000000000000000000000000000000 1048576.0
runproj limit: 0.0
00000000000000000000000000110000000000000000000001000001000001000000,0000,0000000000000000000000000011000000000000000000000100000100000100000000100000000000000101000100000000000010000000100100000000000010000001000000100000000000 1048576.0
runproj limit: 0.0
00000000000101000000000010001110000000101000010001010111100000000000,0000,0000000000010100000000001000111000000010100001000101011110000000000000000000010000000000000101000001000000001001010000010010110000100000000010001000000001 1048576.0
runproj limit: 0.0
00000100000010000101001001010111000010000000010011110100010000000000,0000,0000010000001000010100100101011100001000000001001111010001000000000000000000001000010010010011100110100000000000000100011001000000010011001000000110100001 1048576.0
runproj limit: 0.0
00000100000000101001010001000010000010110011100110000001001010110000,0000,0000010000000010100101000100001000001011001110011000000100101011000000110101001100111110000010001000001100111110010010100000000101011000010000000000100000 1048576.0
runproj limit: 0.0
00010000000100000100100000010001000000100000011000000010001001100101,0001,0001000000010000010010000001000100000010000001100000001000100110010100010100000101000100000000101101000100010000101000110010000001101000000100101000000100 1048576.0
runproj limit: 0.0
11010100100111110101101000011110100000110001001010011101100011001010,1101,1101010010011111010110100001111010000011000100101001110110001100101010000000001110111110100100000110101000001101001111010000010000000011101010000000000010 1048576.0
runproj limit: 0.0
"timed out"
01110100110101011101101010011000111110100001010010010000110000100000,0111,0111010011010101110110101001100011111010000101001001000011000010000000111000001000010000000101110101101001101000000111001000000110001001010010000000111100 2097152.0
runproj limit: 0.0
00010100000110010000011111001100011011100101010001001111101010010001,0001,0001010000011001000001111100110001101110010101000100111110101001000111001010001001000011010100101010010111101001010100110010100001100000110000101010000100 1048576.0
runproj limit: 0.0
00000000000000000010000000001110000000001000110001010000100000000000,0000,0000000000000000001000000000111000000000100011000101000010000000000000000000000000000000010001000001000000000001000100110000010000100000000010000000000001 1048576.0
runproj limit: 0.0
00000000000100000000000010011001000000000000110000010000000000000000,0000,0000000000010000000000001001100100000000000011000001000000000000000010100000000000000101000000000001000001000000000100110000000100000000000010000000000010 1048576.0
runproj limit: 0.0
00000000000000000000000000000000000000000000000001000000000000000000,0000,0000000000000000000000000000000000000000000000000100000000000000000000100000000000000000000100000000000000000000000100000000000000000000000000100000000001 1048576.0
runproj limit: 0.0
10000000000000000000000000110001000100001000000000000000000001000000,1000,1000000000000000000000000011000100010000100000000000000000000100000000100000000000000101000000000000000011000000000000000000000000000001000000000000000010 1048576.0
runproj limit: 0.0
10001000000000000000001000011001010100000000000101000001000001001000,1000,1000100000000000000000100001100101010000000000010100000100000100100010100000000000000000000100000000000001010000100000000000001000000001000000100000010001 1048576.0
runproj limit: 0.0
00000000000000001000000000000000000010100000000000000000000000100000,0000,0000000000000000100000000000000000001010000000000000000000000010000000000000000000110000000000000000010000000000000000000000000000001000001000000000000000 1048576.0
runproj limit: 0.0
10000000000000000000000000010000010100001000000101000000000000000000,1000,1000000000000000000000000001000001010000100000010100000000000000000010100000000000000100010001000100000010000000000000000000010010100000001000000000000010 1048576.0
best: 1.0
runproj limit: 0.0
00010100000100100101000001000000000010110000111010000011001010100101,0001,0001010000010010010100000100000000001011000011101000001100101010010100110100000100110110000010001000001100010010001010110010000101111000010100100000100000 1048576.0
runproj limit: 0.0
10000000000000000010000000010000000000001000100101000000000000000000,1000,1000000000000000001000000001000000000000100010010100000000000000000010100000000000000100000000000101000001000000000000000000010000000000001010000000000010 1048576.0
runproj limit: 0.0
00000100100000000101000000000000000110100000010000000001001000100000,0000,0000010010000000010100000000000000011010000001000000000100100010000010000000000000011000000000000000100000100000000000000000000000100000001001100000000110 1048576.0
runproj limit: 0.0
10000000000000100011000000010001000100001000010000000000001000000000,1000,1000000000000010001100000001000100010000100001000000000000100000000000100000000000001001000100000000000111000000000000000000000000100011000001100000000010 1048576.0
runproj limit: 0.0
00000000000101000100000010010011000000100000010001010111000001100100,0000,0000000000010100010000001001001100000010000001000101011100000110010000000100000001000000000001101101000000000000001000110010010001101000000110101000000001 1048576.0
runproj limit: 0.0
00000000000100000000000010010001010000001000110100000000000000000000,0000,0000000000010000000000001001000101000000100011010000000000000000000010100000000000000100010000000001000001000000000100110000000000000000000000000000000010 1048576.0
runproj limit: 0.0
00000000000000000000000000000000000000010010000101000000001000110000,0000,0000000000000000000000000000000000000001001000010100000000100011000000110000001100111100000100001000000000010110010000000000000101011000000000100000000001 1048576.0
runproj limit: 0.0
10000000000100000010000000011000010100001000110101000001000000000000,1000,1000000000010000001000000001100001010000100011010100000100000000000000100000000000000100000000000001000001000000100000000000000000000000000010000000000011 1048576.0
runproj limit: 0.0
00000000000101000000000010101110100000101100010001010111001010010000,0000,0000000000010100000000001010111010000010110001000101011100101001000000010010011111011010011101001111100000001001110000010110111110100101001010011000000001 1048576.0
runproj limit: 0.0
01001000000010000000010000001000001110101001000000000001100011101001,0100,0100100000001000000001000000100000111010100100000000000110001110100101100011000000101101001010100011011011000110000011001001000000001000001000001001100110 1048576.0
runproj limit: 0.0
"timed out"
11100100110001111011000001010001000110100001010010011011011000010000,1110,1110010011000111101100000101000100011010000101001001101101100001000001110000101010000101000100000011100010000000100100001010000100101000001101101000100110 2097152.0
runproj limit: 0.0
11000101100111100101110001111111100010100001011010001101100111011010,1100,1100010110011110010111000111111110001010000101101000110110011101101010000101000010111110110101000111100101000111011111110000010100001111101011000001000000 1048576.0
runproj limit: 0.0
00010100010011010001001100011000010110000000010011110101010000101100,0001,0001010001001101000100110001100001011000000001001111010101000010110000000000001100010110110011100111100100110000110100011000011100110101000010110010000010 1048576.0
runproj limit: 0.0
00000000000000000000000000010000000110000000000000000000000001100000,0000,0000000000000000000000000001000000011000000000000000000000000110000000100000000000000101000000000000000011000000000000000000000000001000001000000000000010 1048576.0
runproj limit: 0.0
01000000100000000000000000001000100000000000000011000100010001000000,0100,0100000010000000000000000000100010000000000000001100010001000100000000010000001000000000000001000010100000101000000001000000000000000000001001000000000000 1048576.0
runproj limit: 0.0
10000100100000100111000001010001000100100000010000000001001000000000,1000,1000010010000010011100000101000100010010000001000000000100100000000010100000000000001000000100000001100110100000000000000000001000100011000001100000000110 1048576.0
runproj limit: 0.0
00000000000100000010000000011010000000001000110000000000000000000000,0000,0000000000010000001000000001101000000000100011000000000000000000000000100000100000000100000000000001000001100000000100000000000100000000000010000000001010 1048576.0
runproj limit: 0.0
00000000000000000000000000000110000000001001000001100000000000000000,0000,0000000000000000000000000000011000000000100100000110000000000000000000000000000000000000000001000000000000000000000000000000000000000000000000000000000000 1048576.0
runproj limit: 0.0
00000000000000000000000000110000000000000000000001000001000001000000,0000,0000000000000000000000000011000000000000000000000100000100000100000000100000000000000101000100000000000010000000100100000000000010000001000000100000000000 1048576.0
runproj limit: 0.0
00000000000101000000000010001110000000101000010001010111100000000000,0000,0000000000010100000000001000111000000010100001000101011110000000000000000000010000000000000101000001000000001001010000010010110000100000000010001000000001 1048576.0
best: 1.0
runproj limit: 0.0
00000100100100000101000010010011000000100000010001010001000001100100,0000,0000010010010000010100001001001100000010000001000101000100000110010010100000000001001000000000100001100000000000001000010000011001101010000110101000000001 1048576.0
runproj limit: 0.0
00000000000100000000000010001010000000010010000101010111100000010000,0000,0000000000010000000000001000101000000001001000010101011110000001000000010000001100110000000101000000000000000100010000010000000000000000000010101000000001 1048576.0
runproj limit: 0.0
11000100000000000001000001001000001100100001010000000001000000001000,1100,1100010000000000000100000100100000110010000101000000000100000000100001100011000000101101000000000001010110000010000010000001000000100011000000000000000110 1048576.0
runproj limit: 0.0
00000000000101000010000000001110000000101000010000010001100000000000,0000,0000000000010100001000000000111000000010100001000001000110000000000000000000100000000000000001000001000001100001010000010010110100000000000010000000001001 1048576.0
runproj limit: 0.0
00000000000101000010000010101100110100101100110001010111000000000000,0000,0000000000010100001000001010110011010010110011000101011100000000000000010000000111001100001001000101000001001001110000000100100010000000000010000000000011 1048576.0
runproj limit: 0.0
01000000100000000000000000011000000000000000000011000000010001000000,0100,0100000010000000000000000001100000000000000000001100000001000100000000000000001000000001000100000000000010000000100001000000000010000000000001100000000000 1048576.0
runproj limit: 0.0
10010100100100100101010001110110000010100001011010001111101011011011,1001,1001010010010010010101000111011000001010000101101000111110101101101110000101000010111110000111000001101101010010001110110010010101011101111100000000000000 1048576.0
runproj limit: 0.0
10000000000000100011000000010000000000001000010100000000000000000000,1000,1000000000000010001100000001000000000000100001010000000000000000000000100000000000000100000000000100000111000000000000000000010000000010001011000000000010 1048576.0
runproj limit: 0.0
"timed out"
00110110001101000110010000000010101010111000111010000010000111000101,0011,0011011000110100011001000000001010101011100011101000001000011100010100110111000001100010101010001000001110011010111010010010001100011000111101101110101110 2097152.0
runproj limit: 0.0
"timed out"
01110000010000010000010000000000000010010010010110001011001110110001,0111,0111000001000001000001000000000000001001001001011000101100111011000100000000001101101000011000000001001010010100010011100000000100001011000000001000011001 2097152.0
runproj limit: 0.0
01001001100000000000101101001000100000000000000011010000010000101011,0100,0100100110000000000010110100100010000000000000001101000001000010101100010010001000100101000001100110101001111010100011000011000110000001101000000010001000 1048576.0
runproj limit: 0.0
10000101101100001101100010001000000110110000010001100001011000000000,1000,1000010110110000110110001000100000011011000001000110000101100000000010011000001010011110000000001000010010110001110100000001000000000100000001000100000010 1048576.0
runproj limit: 0.0
01010100000100100001111001100000100000100010111010110111101110100101,0101,0101010000010010000111100110000010000010001011101011011110111010010100110110001111110111000000101000001010000001011010110001000011111101011100011100100100 1048576.0
runproj limit: 0.0
00010100000100100101000001000000000010110000111010000011001010100101,0001,0001010000010010010100000100000000001011000011101000001100101010010100110100000100110110000010001000001100010010001010110010000101111000010100100000100000 1048576.0
runproj limit: 0.0
10000000000000000010000000010000000000001000100101000000000000000000,1000,1000000000000000001000000001000000000000100010010100000000000000000010100000000000000100000000000101000001000000000000000000010000000000001010000000000010 1048576.0
runproj limit: 0.0
00000100100000000101000000000000000110100000010000000001001000100000,0000,0000010010000000010100000000000000011010000001000000000100100010000010000000000000011000000000000000100000100000000000000000000000100000001001100000000110 1048576.0
runproj limit: 0.0
10000000000000100011000000010001000100001000010000000000001000000000,1000,1000000000000010001100000001000100010000100001000000000000100000000000100000000000001001000100000000000111000000000000000000000000100011000001100000000010 1048576.0
runproj limit: 0.0
00000000000101000100000010010011000000100000010001010111000001100100,0000,0000000000010100010000001001001100000010000001000101011100000110010000000100000001000000000001101101000000000000001000110010010001101000000110101000000001 1048576.0
runproj limit: 0.0
00000000000100000000000010010001010000001000110100000000000000000000,0000,0000000000010000000000001001000101000000100011010000000000000000000010100000000000000100010000000001000001000000000100110000000000000000000000000000000010 1048576.0
runproj limit: 0.0
00000000000000000000000000000000000000010010000101000000001000110000,0000,0000000000000000000000000000000000000001001000010100000000100011000000110000001100111100000100001000000000010110010000000000000101011000000000100000000001 1048576.0
best: 1.0
runproj limit: 0.0
10000000100100001100000010000000000110010000000101000000011000000000,1000,1000000010010000110000001000000000011001000000010100000001100000000010000000001000010100000000001000000000000000110100000000000000000100000000000100000010 1048576.0
runproj limit: 0.0
10000000000100100011000010101100110100101100110000000010000000000000,1000,1000000000010010001100001010110011010010110011000000001000000000000000100000000100001100000000000101000001001001010000000000100000000010000011000000000010 1048576.0
runproj limit: 0.0
00000000000000000000000000000000000000000010100101000000000000010000,0000,0000000000000000000000000000000000000000001010010100000000000001000010100000000100101100000000000001000001000100000000000000000001000000001000000000000011 1048576.0
runproj limit: 0.0
01000000100001000000000000011011000000100000000001010011010001100100,0100,0100000010000100000000000001101100000010000000000101001101000110010000000100000001000000000000100001000010000000001000000000010001100000000000101000000000 1048576.0
runproj limit: 0.0
01000000100000000000000000011000000000000000000011000000010001000000,0100,0100000010000000000000000001100000000000000000001100000001000100000000000000001000000001000100000000000010000000100001000000000010000000000001100000000000 1048576.0
runproj limit: 0.0
01000000100000100011000000011000000000000000000000000000010001000000,0100,0100000010000010001100000001100000000000000000000000000001000100000000100000000000000101000000000100000011000000100001000000000010000000001001000000000000 1048576.0
runproj limit: 0.0
10010100100100100101000010110011000000100000011000001111001001101000,1001,1001010010010010010100001011001100000010000001100000111100100110100010000000000010111110000000000001100100000010001100010010010101101111000110100000000001 1048576.0
runproj limit: 0.0
01000101100000000001000000011000000010110000000001000001011001000000,0100,0100010110000000000100000001100000001011000000000100000101100100000000010000001000011001000000001000010010100000110001000000000000000000000001100000000010 1048576.0
runproj limit: 0.0
"timed out"
00100000000110000001010000010000010000001000111101011000100010000001,0010,0010000000011000000101000001000001000000100011110101100010001000000110000100000000100110010000000011001011100110000000111000000000110100000101010010001001 2097152.0
runproj limit: 0.0
"timed out"
00110001101100001101000010000011000100111001110001111010011100010100,0011,0011000110110000110100001000001100010011100111000111101001110001010000000000011010011111000000001000010010000101110110001100000001000000010101001101010010 2097152.0
runproj limit: 0.0
10000100000011001000000010010000100101000100010111010000111110100110,1000,1000010000001100100000001001000010010100010001011101000011111010011010010100001000100001000100000100111010010100100001000010000101010000010000000100010011 1048576.0
runproj limit: 0.0
10010000100010110011000000000010101100001000000100000000110101000101,1001,1001000010001011001100000000001010110000100000010000000011010100010100101010000001000100110110000011000001000010000000000000111100001110000111010010000010 1048576.0
runproj limit: 0.0
00000100000110110100010010011010100000101000010001010011000001010010,0000,0000010000011011010001001001101010000010100001000101001100000101001011000100100000100110010001010000010100000101000010111000001100101000000001011110110011 1048576.0
runproj limit: 0.0
00000100100100000101000010010011000000100000010001010001000001100100,0000,0000010010010000010100001001001100000010000001000101000100000110010010100000000001001000000000100001100000000000001000010000011001101010000110101000000001 1048576.0
runproj limit: 0.0
00000000000100000000000010001010000000010010000101010111100000010000,0000,0000000000010000000000001000101000000001001000010101011110000001000000010000001100110000000101000000000000000100010000010000000000000000000010101000000001 1048576.0
runproj limit: 0.0
11000100000000000001000001001000001100100001010000000001000000001000,1100,1100010000000000000100000100100000110010000101000000000100000000100001100011000000101101000000000001010110000010000010000001000000100011000000000000000110 1048576.0
runproj limit: 0.0
00000000000101000010000000001110000000101000010000010001100000000000,0000,0000000000010100001000000000111000000010100001000001000110000000000000000000100000000000000001000001000001100001010000010010110100000000000010000000001001 1048576.0
runproj limit: 0.0
00000000000101000010000010101100110100101100110001010111000000000000,0000,0000000000010100001000001010110011010010110011000101011100000000000000010000000111001100001001000101000001001001110000000100100010000000000010000000000011 1048576.0
runproj limit: 0.0
01000000100000000000000000011000000000000000000011000000010001000000,0100,0100000010000000000000000001100000000000000000001100000001000100000000000000001000000001000100000000000010000000100001000000000010000000000001100000000000 1048576.0
runproj limit: 0.0
10010100100100100101010001110110000010100001011010001111101011011011,1001,1001010010010010010101000111011000001010000101101000111110101101101110000101000010111110000111000001101101010010001110110010010101011101111100000000000000 1048576.0
best: 1.0
runproj limit: 0.0
00000000000011001000000000000100100001001000010101010000110110000110,0000,0000000000001100100000000000010010000100100001010101000011011000011010000100001000100001000000000101001011110001100000010010100100000000000010000000000001 1048576.0
runproj limit: 0.0
00000000000110000110010000001010000000101000010001010001000001010010,0000,0000000000011000011001000000101000000010100001000101000100000101001010000100100000000100010001010000000101000001010000110000101100100000000011011010110001 1048576.0
runproj limit: 0.0
10010100100101000100000000011011000000100000000000011111000001101100,1001,1001010010010100010000000001101100000010000000000001111100000110110000000000000011110000000000100001100000000010001100010000010001101000000110100000000000 1048576.0
runproj limit: 0.0
00000000100000110011010000011010000000100000010000010001000001010010,0000,0000000010000011001101000001101000000010000001000001000100000101001001000100100000000101000001010000000110000101000011101000001000100000000001010100100001 1048576.0
runproj limit: 0.0
10000100000000100001000010101000110100101100110000000001000000000000,1000,1000010000000010000100001010100011010010110011000000000100000000000000100001000100001100000000000001000101001010000000000001000000000010000010000000000110 1048576.0
runproj limit: 0.0
01000000000000000001000001001000000100000000010101010011100000000000,0100,0100000000000000000100000100100000010000000001010101001110000000000000110010001000110001000100000000000010000000000000010000000000000000000000000000000010 1048576.0
runproj limit: 0.0
00000000000100001100000010001010000110010000000101000010010000010000,0000,0000000000010000110000001000101000011001000000010100001001000001000000000000001100010100000100001000000000000100010000010000000000000100000000101100000000 1048576.0
runproj limit: 0.0
01000001100000000001000000011000000010010000000011000001011001000000,0100,0100000110000000000100000001100000001001000000001100000101100100000000000000001000000001000100000000010010100000110001000000000010000000000001100000000010 1048576.0
runproj limit: 0.0
00010100100010101000100001101011001001110111000101010010010001000101,0001,0001010010001010100010000110101100100111011100010101001001000100010100000101101001000011010010000001000100110000011000000101011011100000000000001000000011 1048576.0
runproj limit: 0.0
"timed out"
11111111000101110101000000100010100110001101111101000001101101010100,1111,1111111100010111010100000010001010011000110111110100000110110101010000111000110101000111110010100011000000000111011000000100111100000110010111010010100010 2097152.0
runproj limit: 0.0
00011000000101000110000110100100110100111100000011000011000100000100,0001,0001100000010100011000011010010011010011110000001100001100010000010000100000000100001100111001100101001100001001010111011111100110000010000011000110001000 1048576.0
runproj limit: 0.0
11001000111001000000100011010011110000100011100011010111011101100001,1100,1100100011100100000010001101001111000010001110001101011101110110000110111100100100000001101010100001111110110111011100001000000101100100001011110100000000 1048576.0
runproj limit: 0.0
01000101101001000001010101101000000100111000101001101001011000100000,0100,0100010110100100000101010110100000010011100010100110100101100010000000010011011100101101010100100000010110110010010001000100000101000000010000100111000110 1048576.0
runproj limit: 0.0
10000000100100001100000010000000000110010000000101000000011000000000,1000,1000000010010000110000001000000000011001000000010100000001100000000010000000001000010100000000001000000000000000110100000000000000000100000000000100000010 1048576.0
runproj limit: 0.0
10000000000100100011000010101100110100101100110000000010000000000000,1000,1000000000010010001100001010110011010010110011000000001000000000000000100000000100001100000000000101000001001001010000000000100000000010000011000000000010 1048576.0
runproj limit: 0.0
00000000000000000000000000000000000000000010100101000000000000010000,0000,0000000000000000000000000000000000000000001010010100000000000001000010100000000100101100000000000001000001000100000000000000000001000000001000000000000011 1048576.0
runproj limit: 0.0
01000000100001000000000000011011000000100000000001010011010001100100,0100,0100000010000100000000000001101100000010000000000101001101000110010000000100000001000000000000100001000010000000001000000000010001100000000000101000000000 1048576.0
runproj limit: 0.0
01000000100000000000000000011000000000000000000011000000010001000000,0100,0100000010000000000000000001100000000000000000001100000001000100000000000000001000000001000100000000000010000000100001000000000010000000000001100000000000 1048576.0
runproj limit: 0.0
01000000100000100011000000011000000000000000000000000000010001000000,0100,0100000010000010001100000001100000000000000000000000000001000100000000100000000000000101000000000100000011000000100001000000000010000000001001000000000000 1048576.0
runproj limit: 0.0
10010100100100100101000010110011000000100000011000001111001001101000,1001,1001010010010010010100001011001100000010000001100000111100100110100010000000000010111110000000000001100100000010001100010010010101101111000110100000000001 1048576.0
best: 1.0
runproj limit: 0.0
01000000100001000000000000011011000000100000000011010001010001000100,0100,0100000010000100000000000001101100000010000000001101000101000100010000000000000001000000000000000001000010000000100000000000000000100000000001100000000000 1048576.0
runproj limit: 0.0
11001101101001000001010001010011010100100011100001001011011000100001,1100,1100110110100100000101000101001101010010001110000100101101100010000110111001101100000101100100100000011110110111011000000000000101100100001011100110000110 1048576.0
runproj limit: 0.0
10000100000000100100000010000000100100110100100000000000001000000000,1000,1000010000000010010000001000000010010011010010000000000000100000000010000000001100011100000000000001000000001000100000000000000000000110000010000100000010 1048576.0
runproj limit: 0.0
"timed out"
01101010000000110011000000100000000010000001110000000001110001010100,0110,0110101000000011001100000010000000001000000111000000000111000101010000100000110001000111100000000111000010000010001001000000101110000000000001010000000010 2097152.0
runproj limit: 0.0
10000000100000100011010000001100100100100100110000000011000000010000,1000,1000000010000010001101000000110010010010010011000000001100000001000001000000100000001100000000010101000001001001000000100000000000000010000001000100000010 1048576.0
runproj limit: 0.0
01001001100000000000100011011000110010010001100011010011011001000001,0100,0100100110000000000010001101100011001001000110001101001101100100000110000100101100000001100000000000010010100000011001000000000110100100001011110100000010 1048576.0
runproj limit: 0.0
11001010000100110101000000100010100100001100111001000010001001010100,1100,1100101000010011010100000010001010010000110011100100001000100101010000100000100100001101010010100011000000001011010000000100100100000010000111000010000010 1048576.0
runproj limit: 0.0
00011000100101000100000110011011110000111000000010010111000001001100,0001,0001100010010100010000011001101111000011100000001001011100000100110000100000000000110000101000100101101100001000010110010001000001101010000010000100000000 1048576.0
runproj limit: 0.0
01001100000100000001010000101000011100011000010101001010100101010011,0100,0100110000010000000101000010100001110001100001010100101010010101001100100010100001110000101100000100001000000000100000010010000001001000000101011101010010 1048576.0
runproj limit: 0.0
"timed out"
11100000100000110110110010111010000000000100011000010011100001010110,1110,1110000010000011011011001011101000000000010001100001001110000101011011010100000000000100100001011010100100000011011011001110011100000000001011000100000001 2097152.0
runproj limit: 0.0
"timed out"
11100101000001000000000000101011010101111110110010110110110101100100,1110,1110010100000100000000000010101101010111111011001011011011010110010001000001010101000101000110100001100000001010001010011010010101100011100100100000000000 2097152.0
runproj limit: 0.0
"timed out"
00100011100001110001011000100010000001100000101000000101111001000010,0010,0010001110000111000101100010001000000110000010100000010111100100001011000101100001001110000011010001100110000100100011101000101100100000000000000100101001 2097152.0
runproj limit: 0.0
10011000010101011110000110000010110100111000011011001011100101000100,1001,1001100001010101111000011000001011010011100001101100101110010100010010110010000010001100100001110101000100101101010101011001100111000110000111100100011011 1048576.0
runproj limit: 0.0
00000000000011001000000000000100100001001000010101010000110110000110,0000,0000000000001100100000000000010010000100100001010101000011011000011010000100001000100001000000000101001011110001100000010010100100000000000010000000000001 1048576.0
runproj limit: 0.0
00000000000110000110010000001010000000101000010001010001000001010010,0000,0000000000011000011001000000101000000010100001000101000100000101001010000100100000000100010001010000000101000001010000110000101100100000000011011010110001 1048576.0
runproj limit: 0.0
10010100100101000100000000011011000000100000000000011111000001101100,1001,1001010010010100010000000001101100000010000000000001111100000110110000000000000011110000000000100001100000000010001100010000010001101000000110100000000000 1048576.0
runproj limit: 0.0
00000000100000110011010000011010000000100000010000010001000001010010,0000,0000000010000011001101000001101000000010000001000001000100000101001001000100100000000101000001010000000110000101000011101000001000100000000001010100100001 1048576.0
runproj limit: 0.0
10000100000000100001000010101000110100101100110000000001000000000000,1000,1000010000000010000100001010100011010010110011000000000100000000000000100001000100001100000000000001000101001010000000000001000000000010000010000000000110 1048576.0
runproj limit: 0.0
01000000000000000001000001001000000100000000010101010011100000000000,0100,0100000000000000000100000100100000010000000001010101001110000000000000110010001000110001000100000000000010000000000000010000000000000000000000000000000010 1048576.0
runproj limit: 0.0
00000000000100001100000010001010000110010000000101000010010000010000,0000,0000000000010000110000001000101000011001000000010100001001000001000000000000001100010100000100001000000000000100010000010000000000000100000000101100000000 1048576.0
best: 1.0
runproj limit: 0.0
10000100000000100011010010001000110100101100110000000001000000010000,1000,1000010000000010001101001000100011010010110011000000000100000001000000100001000000001100000000010001000101001011000000000001000000000010000000000000000010 1048576.0
runproj limit: 0.0
10000000100000100011010000011010100100100100010000000001000000010000,1000,1000000010000010001101000001101010010010010001000000000100000001000001000000100000000100000000010001000110000001000001101000000000100000000001010100100010 1048576.0
runproj limit: 0.0
00011000010101010110000010000010100000101000011011011011000001010000,0001,0001100001010101011000001000001010000010100001101101101100000101000010010100100010000100010001010101000101100001010100110001101110000100000011110110111001 1048576.0
runproj limit: 0.0
11001101101001000001010001010011010100100011100001001011011000100001,1100,1100110110100100000101000101001101010010001110000100101101100010000110111001101100000101100100100000011110110111011000000000000101100100001011100110000110 1048576.0
runproj limit: 0.0
00000100000110100011000000001010000000101000110001000001000001010010,0000,0000010000011010001100000000101000000010100011000100000100000101001010000001100000000100010001000000000101001010010000110001100100100010000011000000010110 1048576.0
runproj limit: 0.0
00000000000101010110000010010010110000100000001011000011100101000100,0000,0000000000010101011000001001001011000010000000101100001110010100010010110000000010000100100000100101000000100101110101010000100010000100000011100000011011 1048576.0
runproj limit: 0.0
00000000000100000001010000101010000100111000010101011000100001010010,0000,0000000000010000000101000010101000010011100001010101100010000101001000100000100000010100001001000000001101000001010000110000101000001000000111011001010000 1048576.0
runproj limit: 0.0
11000010000000100101000000100010000100001000011001010011001001000000,1100,1100001000000010010100000010001000010000100001100101001100100100000000110010101000010001000110100010000000000011010000000100100100000000000100000010000010 1048576.0
runproj limit: 0.0
10001001000101010110000010000010000000001000001101010101000001011110,1000,1000100100010101011000001000001000000000100000110101010100000101111010101111110100000100010101100100101001000001010001110000100100100010000011011010110101 1048576.0
runproj limit: 0.0
"timed out"
11100010100001010110110010010100000000001101001100010011101001011100,1110,1110001010000101011011001001010000000000110100110001001110100101110001011000000000100100101001011010001100000011011011001111001100001001011010000000000101 2097152.0
runproj limit: 0.0
10010100100100100100000010011101100100110000100010010000101010000000,1001,1001010010010010010000001001110110010011000010001001000010101000000010000110100010101100000110001000011100001010001010001010000000001010010010100110000010 1048576.0
runproj limit: 0.0
01001010001110110100000110110111111100101111111000000110001001110110,0100,0100101000111011010000011011011111110010111111100000011000100111011000110011101100001111011010100011101001110011011000010100100100001110011111000010001010 1048576.0
runproj limit: 0.0
11001101101011010111010000101011110010000111000101100101001110100011,1100,1100110110101101011101000010101111001000011100010110010100111010001110111101101100000101100100110000010110000111111100000000100101100101001011101000001110 1048576.0
runproj limit: 0.0
01000000100001000000000000011011000000100000000011010001010001000100,0100,0100000010000100000000000001101100000010000000001101000101000100010000000000000001000000000000000001000010000000100000000000000000100000000001100000000000 1048576.0
runproj limit: 0.0
11001101101001000001010001010011010100100011100001001011011000100001,1100,1100110110100100000101000101001101010010001110000100101101100010000110111001101100000101100100100000011110110111011000000000000101100100001011100110000110 1048576.0
runproj limit: 0.0
10000100000000100100000010000000100100110100100000000000001000000000,1000,1000010000000010010000001000000010010011010010000000000000100000000010000000001100011100000000000001000000001000100000000000000000000110000010000100000010 1048576.0
runproj limit: 0.0
10000000100000100011010000001100100100100100110000000011000000010000,1000,1000000010000010001101000000110010010010010011000000001100000001000001000000100000001100000000010101000001001001000000100000000000000010000001000100000010 1048576.0
runproj limit: 0.0
01001001100000000000100011011000110010010001100011010011011001000001,0100,0100100110000000000010001101100011001001000110001101001101100100000110000100101100000001100000000000010010100000011001000000000110100100001011110100000010 1048576.0
runproj limit: 0.0
11001010000100110101000000100010100100001100111001000010001001010100,1100,1100101000010011010100000010001010010000110011100100001000100101010000100000100100001101010010100011000000001011010000000100100100000010000111000010000010 1048576.0
runproj limit: 0.0
00011000100101000100000110011011110000111000000010010111000001001100,0001,0001100010010100010000011001101111000011100000001001011100000100110000100000000000110000101000100101101100001000010110010001000001101010000010000100000000 1048576.0
best: 1.0
runproj limit: 0.0
00000000000100110111000000000010000000101000011011011011001001010000,0000,0000000000010011011100000000001000000010100001101101101100100101000000110010100000000001000000100011000001100001010000000101101100000100000101000010111000 1048576.0
runproj limit: 0.0
00001100000101000101000100011011010000111000010010010111000001011100,0000,0000110000010100010100010001101101000011100001001001011100000101110000000001000000100000111000100001101100001010010110110001000000100010000010000100000010 1048576.0
runproj limit: 0.0
11000100000000000011010000101011110100001110110100000001000100010000,1100,1100010000000000001101000010101111010000111011010000000100010001000010101101000100001100100000110001010110000011101000000000000100100110001010101000000110 1048576.0
runproj limit: 0.0
01001011100000100100100011111111111100111111110010000111001001110010,0100,0100101110000010010010001111111111110011111111001000011100100111001010010010101100000101011010000010000000100010011000000000000110101100011011110010001010 1048576.0
runproj limit: 0.0
11001001100001000011010010000010000000001000000101000111001000011110,1100,1100100110000100001101001000001000000000100000010100011100100001111010101111111100000100000100100100001100010111011001010000000100100010000011000010100101 1048576.0
runproj limit: 0.0
00001001000000000001110010101000000000110001010111011011100001000001,0000,0000100100000000000111001010100000000011000101011101101110000100000110100000100100010101100000000000000100000000011001100000100100100000000111111100000010 1048576.0
runproj limit: 0.0
00000100000110100011000000001010000000101000110001000001000001010010,0000,0000010000011010001100000000101000000010100011000100000100000101001010000001100000000100010001000000000101001010010000110001100100100010000011000000010110 1048576.0
runproj limit: 0.0
01001010001100110100000110110111101100001110111000000010001001010100,0100,0100101000110011010000011011011110110000111011100000001000100101010000110010101100001101010010100011001000100011011000000100100100000010001111000010000010 1048576.0
runproj limit: 0.0
00001010000100010111011000110011111100000111010111110010000001010010,0000,0000101000010001011101100011001111110000011101011111001000000101001001001001100111001101100001101011001010001011010111100100100001001010101111010010000010 1048576.0
runproj limit: 0.0
"timed out"
10110000100100001111001010001101110110110000100010110001111010010100,1011,1011000010010000111100101000110111011011000010001011000111101001010010110110100111100100011111001100111111001010001010100111000011100111111010111110000100 2097152.0
runproj limit: 0.0
"timed out"
10110100100000101101010011101000100100111001101010110010100111100000,1011,1011010010000010110101001110100010010011100110101011001010011110000000000010000000111101010100101110101001001010101110111111000110011010010011100111000010 2097152.0
runproj limit: 0.0
00011100111100101010000010101001110100001100100001000001100101110010,0001,0001110011110010101000001010100111010000110010000100000110010111001000100100000111010010010001100100000111100010010000110101000000000010100111001000010011 1048576.0
runproj limit: 0.0
11001110010000110000000011000001110010110110000000110000010100110000,1100,1100111001000011000000001100000111001011011000000011000001010011000010000100101110101000000100011101100011000000100010001110000010000110001011000111000010 1048576.0
runproj limit: 0.0
10000100000000100011010010001000110100101100110000000001000000010000,1000,1000010000000010001101001000100011010010110011000000000100000001000000100001000000001100000000010001000101001011000000000001000000000010000000000000000010 1048576.0
runproj limit: 0.0
10000000100000100011010000011010100100100100010000000001000000010000,1000,1000000010000010001101000001101010010010010001000000000100000001000001000000100000000100000000010001000110000001000001101000000000100000000001010100100010 1048576.0
runproj limit: 0.0
00011000010101010110000010000010100000101000011011011011000001010000,0001,0001100001010101011000001000001010000010100001101101101100000101000010010100100010000100010001010101000101100001010100110001101110000100000011110110111001 1048576.0
runproj limit: 0.0
11001101101001000001010001010011010100100011100001001011011000100001,1100,1100110110100100000101000101001101010010001110000100101101100010000110111001101100000101100100100000011110110111011000000000000101100100001011100110000110 1048576.0
runproj limit: 0.0
00000100000110100011000000001010000000101000110001000001000001010010,0000,0000010000011010001100000000101000000010100011000100000100000101001010000001100000000100010001000000000101001010010000110001100100100010000011000000010110 1048576.0
runproj limit: 0.0
00000000000101010110000010010010110000100000001011000011100101000100,0000,0000000000010101011000001001001011000010000000101100001110010100010010110000000010000100100000100101000000100101110101010000100010000100000011100000011011 1048576.0
runproj limit: 0.0
00000000000100000001010000101010000100111000010101011000100001010010,0000,0000000000010000000101000010101000010011100001010101100010000101001000100000100000010100001001000000001101000001010000110000101000001000000111011001010000 1048576.0
best: 1.0
runproj limit: 0.0
11001101111100000010010010001011010100101010100001001011111101100010,1100,1100110111110000001001001000101101010010101010000100101111110110001010100100000111010110000001100000001111100010011000010000000101000100101111101100010110 1048576.0
runproj limit: 0.0
10000000000100000001010000001010000100111000010100000000100000010000,1000,1000000000010000000101000000101000010011100001010000000010000001000000100001000000000100000001000000000101000001010000100001001000001010000110000000000000 1048576.0
runproj limit: 0.0
11001001100001100011010010010010000100100000000100000111000000011010,1100,1100100110000110001101001001001000010010000000010000011100000001101000100111110000000100000000110101000110000001001001110000000100100010000001000000100110 1048576.0
runproj limit: 0.0
00000100000101110110000010000010110100101000101000000001000000010100,0000,0000010000010111011000001000001011010010100010100000000100000001010000100001000000001100100000010001000000000101100101010001100000000100000011000000011010 1048576.0
runproj limit: 0.0
"timed out"
10111100100100001111001110001111110000110000110010110011110010010100,1011,1011110010010000111100111000111111000011000011001011001111001001010000110101100100100000111000001101101101001010000010110111000000100011001010011100000010 2097152.0
runproj limit: 0.0
10001000000000110011011000001011110100001101110101010000000001010000,1000,1000100000000011001101100000101111010000110111010101000000000101000000101001000110001100100000111001001001001011000101000000000000001010000111010010000010 1048576.0
runproj limit: 0.0
01001110110100100000000010101101110100011110100000000001000001110010,0100,0100111011010010000000001010110111010001111010000000000100000111001010110010101111010000010000000100000010100010011000110001000010001110000111111010000010 1048576.0
runproj limit: 0.0
10000000000000100001010000001010000100101100010000000000000001010010,1000,1000000000000010000101000000101000010010110001000000000000000101001000000000100000010100001000000001000100000001000001100000001000000000000101011000100000 1048576.0
runproj limit: 0.0
"timed out"
10100000110100100111100000001100101100110110110000010001010000000011,1010,1010000011010010011110000000110010110011011011000001000101000000001101000001101000000000000000010101101110010010100000101000000010110000000010010001001000 2097152.0
runproj limit: 0.0
"timed out"
10100101101100010011010000001010000011001101010000000111010001010010,1010,1010010110110001001101000000101000001100110101000000011101000101001010100110101010100101010011010000000101100000111000110001100101100010010111000001011000 2097152.0
runproj limit: 0.0
"timed out"
00100100000101100101000001001101010001001100110010010010001110100000,0010,0010010000010110010100000100110101000100110011001001001000111010000000101010100010000001100000100001000000100011011011000110110100000101000110001110111110 2097152.0
runproj limit: 0.0
"timed out"
00111000010101100011010000000100100100101001001010011011001001011000,0011,0011100001010110001101000000010010010010100100101001101100100101100010010100000010001101011101010001001111111000110100100000111111001101000011100101111001 2097152.0
runproj limit: 0.0
11001010001001101101000110100101101110001010101010111010001000111111,1100,1100101000100110110100011010010110111000101010101011101000100011111101010010101000000011010111100010101000100000010000000101100110000110101111000010000000 1048576.0
runproj limit: 0.0
00000000000100110111000000000010000000101000011011011011001001010000,0000,0000000000010011011100000000001000000010100001101101101100100101000000110010100000000001000000100011000001100001010000000101101100000100000101000010111000 1048576.0
runproj limit: 0.0
00001100000101000101000100011011010000111000010010010111000001011100,0000,0000110000010100010100010001101101000011100001001001011100000101110000000001000000100000111000100001101100001010010110110001000000100010000010000100000010 1048576.0
runproj limit: 0.0
11000100000000000011010000101011110100001110110100000001000100010000,1100,1100010000000000001101000010101111010000111011010000000100010001000010101101000100001100100000110001010110000011101000000000000100100110001010101000000110 1048576.0
runproj limit: 0.0
01001011100000100100100011111111111100111111110010000111001001110010,0100,0100101110000010010010001111111111110011111111001000011100100111001010010010101100000101011010000010000000100010011000000000000110101100011011110010001010 1048576.0
runproj limit: 0.0
11001001100001000011010010000010000000001000000101000111001000011110,1100,1100100110000100001101001000001000000000100000010100011100100001111010101111111100000100000100100100001100010111011001010000000100100010000011000010100101 1048576.0
runproj limit: 0.0
00001001000000000001110010101000000000110001010111011011100001000001,0000,0000100100000000000111001010100000000011000101011101101110000100000110100000100100010101100000000000000100000000011001100000100100100000000111111100000010 1048576.0
runproj limit: 0.0
00000100000110100011000000001010000000101000110001000001000001010010,0000,0000010000011010001100000000101000000010100011000100000100000101001010000001100000000100010001000000000101001010010000110001100100100010000011000000010110 1048576.0
best: 1.0
runproj limit: 0.0
00001100000100000001000100001010010000101000110011010011000001010000,0000,0000110000010000000100010000101001000010100011001101001100000101000010000001100000000100111001000001100100001010010100110001100000100010000011000000000110 1048576.0
runproj limit: 0.0
00001110000111100011000000001100000100001000111000110000000001110010,0000,0000111000011110001100000000110000010000100011100011000000000111001001000010101000000001010101100010001000101000010000100001100110000110100011000010000000 1048576.0
runproj limit: 0.0
11001010100001101101010010000101001010001000101011001111001000011111,1100,1100101010000110110101001000010100101000100010101100111100100001111110000111111100000011010111100010101100110011010001000001100110100110100011000010000000 1048576.0
runproj limit: 0.0
00000100000101110110000010000010110100101000011010011011001000010000,0000,0000010000010111011000001000001011010010100001101001101100100001000000100010000000001000000000100011000000100001010000000001101100000100000011000010011010 1048576.0
runproj limit: 0.0
00001001000001100001110010100010000000110000000101001011000000011000,0000,0000100100000110000111001010001000000011000000010100101100000001100000100101100100010100000000000000000100000001011001110000100100100000000101100000000110 1048576.0
runproj limit: 0.0
11000010000101100101010100101000000110101000011000110000001000111100,1100,1100001000010110010101010010100000011010100001100011000000100011110000110001100000000110010011100010100101100001010000000101100000001110101111000010000000 1048576.0
runproj limit: 0.0
10000000100000000111000000000010000000001000010001010111001001011110,1000,1000000010000000011100000000001000000000100001000101011100100101111010111011111000000100000000100001000101110111010001010001001100100010000011000010111100 1048576.0
runproj limit: 0.0
10000000000100000001010000001010000100111000010100000000100000010000,1000,1000000000010000000101000000101000010011100001010000000010000001000000100001000000000100000001000000000101000001010000100001001000001010000110000000000000 1048576.0
runproj limit: 0.0
11000100010000111111010000111011111110110110010010000011011000111010,1100,1100010001000011111101000011101111111011011001001000001101100011101001101101001000001110100011110001010010101010100101100101000100100110001010100000010001 1048576.0
runproj limit: 0.0
00000110000000000110110000100011001010110100001101011011010001100111,0000,0000011000000000011011000010001100101011010000110101101101000110011110110011110110000101110000000010000101000000011011000010100100100010001111111000000010 1048576.0
runproj limit: 0.0
01000010110010100001011100000110110110100000110001010000100011100110,0100,0100001011001010000101110000011011011010000011000101000010001110011010011000000001010011000010000101100100100001011001100000000010100101010111011010110001 1048576.0
runproj limit: 0.0
10000100101010110101001100110011010111101111011111011011000011010001,1000,1000010010101011010100110011001101011110111101111101101100001101000100111010111010001101000000101011001001110100011100001100100100100110000101000011111100 1048576.0
runproj limit: 0.0
00000110000100101111100001110001000010100000110001100010010110010001,0000,0000011000010010111110000111000100001010000011000110001001011001000110111101110000100100000001001100011100101100110000110001000110100110000011110010010011 1048576.0
runproj limit: 0.0
11001101111100000010010010001011010100101010100001001011111101100010,1100,1100110111110000001001001000101101010010101010000100101111110110001010100100000111010110000001100000001111100010011000010000000101000100101111101100010110 1048576.0
runproj limit: 0.0
10000000000100000001010000001010000100111000010100000000100000010000,1000,1000000000010000000101000000101000010011100001010000000010000001000000100001000000000100000001000000000101000001010000100001001000001010000110000000000000 1048576.0
runproj limit: 0.0
11001001100001100011010010010010000100100000000100000111000000011010,1100,1100100110000110001101001001001000010010000000010000011100000001101000100111110000000100000000110101000110000001001001110000000100100010000001000000100110 1048576.0
runproj limit: 0.0
00000100000101110110000010000010110100101000101000000001000000010100,0000,0000010000010111011000001000001011010010100010100000000100000001010000100001000000001100100000010001000000000101100101010001100000000100000011000000011010 1048576.0
runproj limit: 0.0
10001000000000110011011000001011110100001101110101010000000001010000,1000,1000100000000011001101100000101111010000110111010101000000000101000000101001000110001100100000111001001001001011000101000000000000001010000111010010000010 1048576.0
runproj limit: 0.0
01001110110100100000000010101101110100011110100000000001000001110010,0100,0100111011010010000000001010110111010001111010000000000100000111001010110010101111010000010000000100000010100010011000110001000010001110000111111010000010 1048576.0
runproj limit: 0.0
10000000000000100001010000001010000100101100010000000000000001010010,1000,1000000000000010000101000000101000010010110001000000000000000101001000000000100000010100001000000001000100000001000001100000001000000000000101011000100000 1048576.0
best: 1.0
runproj limit: 0.0
00001001000001100001110000000010000000110000000100001010100000010000,0000,0000100100000110000111000000001000000011000000010000101010000001000000100001000100000100000000000000000101000001010001100001100100001000000110000000000000 1048576.0
runproj limit: 0.0
10000100101010110101001100110011010111101111011111011011000011010001,1000,1000010010101011010100110011001101011110111101111101101100001101000100111010111010001101000000101011001001110100011100001100100100100110000101000011111100 1048576.0
runproj limit: 0.0
10000100100010010101000000000010010010001100011111011111000011011111,1000,1000010010001001010100000000001001001000110001111101111100001101111100111011111000000101000000101011001001110111011001011101101100100110000111000011111100 1048576.0
runproj limit: 0.0
00000100000101110110000010000010110100101000111010000001001000010100,0000,0000010000010111011000001000001011010010100011101000000100100001010000100010000000001000000000010001000000000001000101000001100100000100000011000010011010 1048576.0
runproj limit: 0.0
00001000000000010011011000001011110100101001110111010010000001010000,0000,0000100000000001001101100000101111010010100111011101001000000101000000100001100100001100101000001001101101001010000101000001100000000010000011010010000110 1048576.0
runproj limit: 0.0
01000011100011100011010100000010110100100000010101010100100001100110,0100,0100001110001110001101010000001011010010000001010101010010000110011000111001110001010100000010110101000100000001011001100000000110100000000111010010100011 1048576.0
runproj limit: 0.0
10000000101010100111000000010011010110001110011011011011000001011011,1000,1000000010101010011100000001001101011000111001101101101100000101101100111010111010000100000000101011000101110101011000000100101100100010000101000010111100 1048576.0
runproj limit: 0.0
11001001111000000000010010001011000100101100100000000001000001000010,1100,1100100111100000000001001000101100010010110010000000000100000100001010100000000111010100000001000001000101100011000001110000000001000100001101011100010000 1048576.0
runproj limit: 0.0
"timed out"
00110010110000110110011000001011110000001000100101110010000101010000,0011,0011001011000011011001100000101111000000100010010111001000010101000000001011100101001000100111011001001001001000110001011010010100011011010110001010000010 2097152.0
runproj limit: 0.0
11011010001101101101010010000111111000001000110001000111001010001111,1101,1101101000110110110101001000011111100000100011000100011100101000111110000101110100001011110100101010001100100011010101100001100110100000100011000110101001 1048576.0
runproj limit: 0.0
10010010000110000101010000001011001110111010010100100000110010010010,1001,1001001000011000010101000000101100111011101001010010000011001001001000100111000000010110011001010000110101010000010010100011001011001010001010001010001100 1048576.0
runproj limit: 0.0
11001011110111000011111011010011000101100100110110000101000001111100,1100,1100101111011100001111101101001100010110010011011000010100000111110000100011100000010000000000110101000100000011001011110100000111110010100001000000010111 1048576.0
runproj limit: 0.0
00000100000000011100000001000000110100111000001001001011001110010011,0000,0000010000000001110000000100000011010011100000100100101100111001001110100010000010110000001110111110101000110010010000101001101101010100001110010010011110 1048576.0
runproj limit: 0.0
00001100000100000001000100001010010000101000110011010011000001010000,0000,0000110000010000000100010000101001000010100011001101001100000101000010000001100000000100111001000001100100001010010100110001100000100010000011000000000110 1048576.0
runproj limit: 0.0
00001110000111100011000000001100000100001000111000110000000001110010,0000,0000111000011110001100000000110000010000100011100011000000000111001001000010101000000001010101100010001000101000010000100001100110000110100011000010000000 1048576.0
runproj limit: 0.0
11001010100001101101010010000101001010001000101011001111001000011111,1100,1100101010000110110101001000010100101000100010101100111100100001111110000111111100000011010111100010101100110011010001000001100110100110100011000010000000 1048576.0
runproj limit: 0.0
00000100000101110110000010000010110100101000011010011011001000010000,0000,0000010000010111011000001000001011010010100001101001101100100001000000100010000000001000000000100011000000100001010000000001101100000100000011000010011010 1048576.0
runproj limit: 0.0
00001001000001100001110010100010000000110000000101001011000000011000,0000,0000100100000110000111001010001000000011000000010100101100000001100000100101100100010100000000000000000100000001011001110000100100100000000101100000000110 1048576.0
runproj limit: 0.0
11000010000101100101010100101000000110101000011000110000001000111100,1100,1100001000010110010101010010100000011010100001100011000000100011110000110001100000000110010011100010100101100001010000000101100000001110101111000010000000 1048576.0
runproj limit: 0.0
10000000100000000111000000000010000000001000010001010111001001011110,1000,1000000010000000011100000000001000000000100001000101011100100101111010111011111000000100000000100001000101110111010001010001001100100010000011000010111100 1048576.0
best: 1.0
runproj limit: 0.0
01001111000101110111011011000010000101101000111010000011001001110100,0100,0100111100010111011101101100001000010110100011101000001100100111010000100011100000000000000000100011000100000001011001000001001100000110100011000010011111 1048576.0
runproj limit: 0.0
10011010101100101111000000010111111000001000111011000011000000011111,1001,1001101010110010111100000001011111100000100011101100001100000001111100001000111110000000000000101010000100100111011101000101101110100000100111000010101101 1048576.0
runproj limit: 0.0
10011000001001110101010100100011010110101000111011001011001010001111,1001,1001100000100111010101010010001101011010100011101100101100101000111110011001111000001001000000101011001000100100010100100100100110100010100011000110101101 1048576.0
runproj limit: 0.0
11001010100001101111010010010001011010001010011011011011001001011111,1100,1100101010000110111101001001000101101000101001101101101100100101111110101010111100000010010100100011100101110101011000000001100110100010100011000010010000 1048576.0
runproj limit: 0.0
00000100000100011100000001000010110100111000011001011011001110010000,0000,0000010000010001110000000100001011010011100001100101101100111001000010100010000010110000001000101010101000110010010000100001101101010100000110000010011110 1048576.0
runproj limit: 0.0
11001110101010101101011110000111011001101000011001001011001011001001,1100,1100111010101010110101111000011101100110100001100100101100101100100100000101110110001001010000101010001000110100010100100000100110100110000001000010101100 1048576.0
runproj limit: 0.0
01001011100001100001010010000110001010101000010101000110100001000110,0100,0100101110000110000101001000011000101010100001010100011010000100011000101111110101000011010010100010100100000001011001000000000110100110100011000010000011 1048576.0
runproj limit: 0.0
00000100000000010010001000000001110100101001000111011010000110010011,0000,0000010000000001001000100000000111010010100100011101101000011001001110100010000110011000001010101011101100101010010101001001100001010100000011010010010110 1048576.0
runproj limit: 0.0
00001111100011001001001110010011010100100000011100010001101001000110,0000,0000111110001100100100111001001101010010000001110001000110100100011010111011100101010110101010100101010101101111111001100000001110100000000011000010100001 1048576.0
runproj limit: 0.0
11000011110111001011011011010011000101100110110110000101011001111100,1100,1100001111011100101101101101001100010110011011011000010101100111110010010010100010010000000000110101101100010101011001111100000010110001011000000100010111 1048576.0
runproj limit: 0.0
10000100101001000101001100111110110110001110010011111010001001001000,1000,1000010010100100010100110011111011011000111001001111101000100100100000111010011011110100100000000110010100111100111000011001101110110110000101000011101110 1048576.0
runproj limit: 0.0
"timed out"
01100011000001000100010010111001000111010011011000110000101010011101,0110,0110001100000100010001001011100100011101001101100011000010101001110100010001100100000110010111000000000101100101000000010101000000001110101111001001000000 2097152.0
runproj limit: 0.0
10000000011101010110011000011010111110100111011000011101101011111000,1000,1000000001110101011001100001101011111010011101100001110110101111100010100000010000101100000010110011001010111011000000000000101000010101000111000010100010 1048576.0
runproj limit: 0.0
00001001000001100001110000000010000000110000000100001010100000010000,0000,0000100100000110000111000000001000000011000000010000101010000001000000100001000100000100000000000000000101000001010001100001100100001000000110000000000000 1048576.0
runproj limit: 0.0
10000100101010110101001100110011010111101111011111011011000011010001,1000,1000010010101011010100110011001101011110111101111101101100001101000100111010111010001101000000101011001001110100011100001100100100100110000101000011111100 1048576.0
runproj limit: 0.0
10000100100010010101000000000010010010001100011111011111000011011111,1000,1000010010001001010100000000001001001000110001111101111100001101111100111011111000000101000000101011001001110111011001011101101100100110000111000011111100 1048576.0
runproj limit: 0.0
00000100000101110110000010000010110100101000111010000001001000010100,0000,0000010000010111011000001000001011010010100011101000000100100001010000100010000000001000000000010001000000000001000101000001100100000100000011000010011010 1048576.0
runproj limit: 0.0
00001000000000010011011000001011110100101001110111010010000001010000,0000,0000100000000001001101100000101111010010100111011101001000000101000000100001100100001100101000001001101101001010000101000001100000000010000011010010000110 1048576.0
runproj limit: 0.0
01000011100011100011010100000010110100100000010101010100100001100110,0100,0100001110001110001101010000001011010010000001010101010010000110011000111001110001010100000010110101000100000001011001100000000110100000000111010010100011 1048576.0
runproj limit: 0.0
10000000101010100111000000010011010110001110011011011011000001011011,1000,1000000010101010011100000001001101011000111001101101101100000101101100111010111010000100000000101011000101110101011000000100101100100010000101000010111100 1048576.0
best: 1.0
runproj limit: 0.0
11001011100011001001000010010011011000100010011010010011101001001110,1100,1100101110001100100100001001001101100010001001101001001110100100111010101010101101000010010010100001010101100111011000100001000110100010000011000010100000 1048576.0
runproj limit: 0.0
11001010001001110101011110100111011101101000111001001011001011001101,1100,1100101000100111010101111010011101110110100011100100101100101100110110001001110010001001010000101010001000110100010100100100100110100110100001000110101101 1048576.0
runproj limit: 0.0
10011001000001100101110000000010000110101000101000001011100010001101,1001,1001100100000110010111000000001000011010100010100000101110001000110100101001101100000101000000100010000000100001010100100100100100000000000010000000100001 1048576.0
runproj limit: 0.0
11001011110101101011010010010010001010100010010101000111100001000100,1100,1100101111010110101101001001001000101010001001010100011110000100010000010111100001000001000000110101100100010101011001101000000110100001010001000000010011 1048576.0
runproj limit: 0.0
11000111000011100111011011000011010100001010011011010011000001110110,1100,1100011100001110011101101100001101010000101001101101001100000111011000100010100010000000000000101011000100000101011001000001101100000010000101000010111110 1048576.0
runproj limit: 0.0
00001001000011101001000110010010010100110000000100001010101000000000,0000,0000100100001110100100011001001001010011000000010000101010100000000010110001100100010110001000000000010101000111010001100001000110100000000111000010100000 1048576.0
runproj limit: 0.0
00001110000000001000000010000010010100100000011100010001001010000110,0000,0000111000000000100000001000001001010010000001110001000100101000011010101011000011010110101000101111010000111110010000100000001111010100000010000010000010 1048576.0
runproj limit: 0.0
00000000100010010111011000000011010000001000110111010011000001010001,0000,0000000010001001011101100000001101000000100011011101001100000101000100100011100100000101101000101001001001011110001001000001101000000110000011000011101110 1048576.0
runproj limit: 0.0
"timed out"
11111010101010101101001100100011011001100011011001101010001001001001,1111,1111101010101010110100110010001101100110001101100110101000100100100101100100010010111000110111001110001000010000000100000011110110011101000001000010101100 2097152.0
runproj limit: 0.0
10000110010110110010000011100010110001101000110100001001011000000100,1000,1000011001011011001000001110001011000110100011010000100101100000010000100010000000101111001001101001000001000001100111011001111000100100000000000010111010 1048576.0
runproj limit: 0.0
"timed out"
00100111000011001001101111000011010110010001011100110000101101100110,0010,0010011100001100100110111100001101011001000101110011000010110110011010011001000101001110101100100101110011101101001001000111001000000000010011000111100000 2097152.0
runproj limit: 0.0
"timed out"
00100000000011110100100011001110100001110000111010011011011100110111,0010,0010000000001111010010001100111010000111000011101001101101110011011101100100100000001011001010000101000001001101001001000000000001000100010011000000011111 2097152.0
runproj limit: 0.0
10011001101000011001110011010110000010111101010101000110101001010110,1001,1001100110100001100111001101011000001011110101010100011010100101011010110001011000001111000010110000000100010001011001011100100110100000100011000011010011 1048576.0
runproj limit: 0.0
01001111000101110111011011000010000101101000111010000011001001110100,0100,0100111100010111011101101100001000010110100011101000001100100111010000100011100000000000000000100011000100000001011001000001001100000110100011000010011111 1048576.0
runproj limit: 0.0
10011010101100101111000000010111111000001000111011000011000000011111,1001,1001101010110010111100000001011111100000100011101100001100000001111100001000111110000000000000101010000100100111011101000101101110100000100111000010101101 1048576.0
runproj limit: 0.0
10011000001001110101010100100011010110101000111011001011001010001111,1001,1001100000100111010101010010001101011010100011101100101100101000111110011001111000001001000000101011001000100100010100100100100110100010100011000110101101 1048576.0
runproj limit: 0.0
11001010100001101111010010010001011010001010011011011011001001011111,1100,1100101010000110111101001001000101101000101001101101101100100101111110101010111100000010010100100011100101110101011000000001100110100010100011000010010000 1048576.0
runproj limit: 0.0
00000100000100011100000001000010110100111000011001011011001110010000,0000,0000010000010001110000000100001011010011100001100101101100111001000010100010000010110000001000101010101000110010010000100001101101010100000110000010011110 1048576.0
runproj limit: 0.0
11001110101010101101011110000111011001101000011001001011001011001001,1100,1100111010101010110101111000011101100110100001100100101100101100100100000101110110001001010000101010001000110100010100100000100110100110000001000010101100 1048576.0
runproj limit: 0.0
01001011100001100001010010000110001010101000010101000110100001000110,0100,0100101110000110000101001000011000101010100001010100011010000100011000101111110101000011010010100010100100000001011001000000000110100110100011000010000011 1048576.0
best: 1.0
done evolving!
"all is well:)"
>>>>>>>>>>>>>>FINISH OPTIMIZATION>>>>>>>>>>>>>>>
634.19user 619.96system 23:01.21elapsed 90%CPU (0avgtext+0avgdata 133508maxresident)k
992224inputs+1444432outputs (534major+76724849minor)pagefaults 0swaps
