Optimizing /h/ywang30/nofib/imaginary/primes
>>>>>>>>>>>>>>>START OPTIMIZATION>>>>>>>>>>>>>>>
pop: 13
gens: 15
arch: 7
limit is: 8.0e-2
runproj limit: 8.0e-2
"All is well :D"
Basetime is: 3145728.0
runproj limit: 8.0e-2
01000000000 3145728.0
runproj limit: 8.0e-2
00000000000 3145728.0
runproj limit: 8.0e-2
00000000000 3145728.0
runproj limit: 8.0e-2
00000000000 3145728.0
runproj limit: 8.0e-2
00000000000 3145728.0
runproj limit: 8.0e-2
00100000100 3145728.0
runproj limit: 8.0e-2
00000000000 3145728.0
runproj limit: 8.0e-2
01000000000 3145728.0
runproj limit: 8.0e-2
00001000000 3145728.0
runproj limit: 8.0e-2
00100000000 3145728.0
runproj limit: 8.0e-2
00000000000 3145728.0
runproj limit: 8.0e-2
00001000000 3145728.0
runproj limit: 8.0e-2
00000000000 3145728.0
best: 1.0
runproj limit: 8.0e-2
00000000000 3145728.0
runproj limit: 8.0e-2
00000000000 3145728.0
runproj limit: 8.0e-2
01100000100 3145728.0
runproj limit: 8.0e-2
00000000000 3145728.0
runproj limit: 8.0e-2
00000000000 3145728.0
runproj limit: 8.0e-2
00001000000 3145728.0
runproj limit: 8.0e-2
01000000000 3145728.0
runproj limit: 8.0e-2
00000000000 3145728.0
runproj limit: 8.0e-2
00000000000 3145728.0
runproj limit: 8.0e-2
00000100000 3145728.0
runproj limit: 8.0e-2
00001100110 3145728.0
runproj limit: 8.0e-2
01100100000 3145728.0
runproj limit: 8.0e-2
01100101001 3145728.0
runproj limit: 8.0e-2
01000000000 3145728.0
runproj limit: 8.0e-2
00000000000 3145728.0
runproj limit: 8.0e-2
00100000100 3145728.0
runproj limit: 8.0e-2
00001000000 3145728.0
runproj limit: 8.0e-2
00100000000 3145728.0
best: 1.0
runproj limit: 8.0e-2
00000100110 3145728.0
runproj limit: 8.0e-2
00100101001 3145728.0
runproj limit: 8.0e-2
01000000000 3145728.0
runproj limit: 8.0e-2
00001000000 3145728.0
runproj limit: 8.0e-2
00000000000 3145728.0
runproj limit: 8.0e-2
00000000000 3145728.0
runproj limit: 8.0e-2
01100000100 3145728.0
runproj limit: 8.0e-2
00001000000 3145728.0
runproj limit: 8.0e-2
01000000000 3145728.0
runproj limit: 8.0e-2
00110000000 3145728.0
runproj limit: 8.0e-2
10011000000 3145728.0
runproj limit: 8.0e-2
00010000110 3145728.0
runproj limit: 8.0e-2
00011100000 3145728.0
runproj limit: 8.0e-2
00000000000 3145728.0
runproj limit: 8.0e-2
01100000100 3145728.0
runproj limit: 8.0e-2
00001000000 3145728.0
runproj limit: 8.0e-2
01000000000 3145728.0
runproj limit: 8.0e-2
00000100000 3145728.0
runproj limit: 8.0e-2
00001100110 3145728.0
runproj limit: 8.0e-2
01100100000 3145728.0
best: 1.0
runproj limit: 8.0e-2
00110000000 3145728.0
runproj limit: 8.0e-2
01101000000 3145728.0
runproj limit: 8.0e-2
01000000000 3145728.0
runproj limit: 8.0e-2
01000000000 3145728.0
runproj limit: 8.0e-2
01100000000 3145728.0
runproj limit: 8.0e-2
01100000000 3145728.0
runproj limit: 8.0e-2
00000000000 3145728.0
runproj limit: 8.0e-2
00001000000 3145728.0
runproj limit: 8.0e-2
01100000100 3145728.0
runproj limit: 8.0e-2
01001100110 3145728.0
runproj limit: 8.0e-2
00100000010 3145728.0
runproj limit: 8.0e-2
10001001000 3145728.0
runproj limit: 8.0e-2
00000000100 3145728.0
runproj limit: 8.0e-2
00000100110 3145728.0
runproj limit: 8.0e-2
00100101001 3145728.0
runproj limit: 8.0e-2
01000000000 3145728.0
runproj limit: 8.0e-2
00001000000 3145728.0
runproj limit: 8.0e-2
00000000000 3145728.0
runproj limit: 8.0e-2
01100000100 3145728.0
runproj limit: 8.0e-2
00110000000 3145728.0
best: 1.0
runproj limit: 8.0e-2
01100000000 3145728.0
runproj limit: 8.0e-2
00110000000 3145728.0
runproj limit: 8.0e-2
01000000100 3145728.0
runproj limit: 8.0e-2
00001000000 3145728.0
runproj limit: 8.0e-2
01100000100 3145728.0
runproj limit: 8.0e-2
00100000000 3145728.0
runproj limit: 8.0e-2
10010000000 3145728.0
runproj limit: 8.0e-2
01101000000 3145728.0
runproj limit: 8.0e-2
00010010001 3145728.0
runproj limit: 8.0e-2
01110000010 3145728.0
runproj limit: 8.0e-2
00101100001 3145728.0
runproj limit: 8.0e-2
11000001001 3145728.0
runproj limit: 8.0e-2
01110000000 3145728.0
runproj limit: 8.0e-2
00110000000 3145728.0
runproj limit: 8.0e-2
01101000000 3145728.0
runproj limit: 8.0e-2
01000000000 3145728.0
runproj limit: 8.0e-2
01100000000 3145728.0
runproj limit: 8.0e-2
00000000000 3145728.0
runproj limit: 8.0e-2
00001000000 3145728.0
runproj limit: 8.0e-2
01100000100 3145728.0
best: 1.0
runproj limit: 8.0e-2
11110000000 3145728.0
runproj limit: 8.0e-2
01100000000 3145728.0
runproj limit: 8.0e-2
01100000100 3145728.0
runproj limit: 8.0e-2
00000000000 3145728.0
runproj limit: 8.0e-2
00100000000 3145728.0
runproj limit: 8.0e-2
00101000000 3145728.0
runproj limit: 8.0e-2
11110000000 3145728.0
runproj limit: 8.0e-2
00100001000 3145728.0
runproj limit: 8.0e-2
00101000000 3145728.0
runproj limit: 8.0e-2
01110101001 3145728.0
runproj limit: 8.0e-2
11010110101 3145728.0
runproj limit: 8.0e-2
01111000100 3145728.0
runproj limit: 8.0e-2
00001100000 3145728.0
runproj limit: 8.0e-2
01100000000 3145728.0
runproj limit: 8.0e-2
00110000000 3145728.0
runproj limit: 8.0e-2
01000000100 3145728.0
runproj limit: 8.0e-2
00001000000 3145728.0
runproj limit: 8.0e-2
01100000100 3145728.0
runproj limit: 8.0e-2
00100000000 3145728.0
runproj limit: 8.0e-2
10010000000 3145728.0
best: 1.0
runproj limit: 8.0e-2
00001010100 3145728.0
runproj limit: 8.0e-2
00001000000 3145728.0
runproj limit: 8.0e-2
11110000000 3145728.0
runproj limit: 8.0e-2
00101000000 3145728.0
runproj limit: 8.0e-2
01100000000 3145728.0
runproj limit: 8.0e-2
01100000000 3145728.0
runproj limit: 8.0e-2
01110000000 3145728.0
runproj limit: 8.0e-2
00100001000 3145728.0
runproj limit: 8.0e-2
01010100000 3145728.0
runproj limit: 8.0e-2
00010111000 3145728.0
runproj limit: 8.0e-2
00110000000 3145728.0
runproj limit: 8.0e-2
10001000011 3145728.0
runproj limit: 8.0e-2
00100001001 3145728.0
runproj limit: 8.0e-2
11110000000 3145728.0
runproj limit: 8.0e-2
01100000000 3145728.0
runproj limit: 8.0e-2
01100000100 3145728.0
runproj limit: 8.0e-2
00000000000 3145728.0
runproj limit: 8.0e-2
00100000000 3145728.0
runproj limit: 8.0e-2
00101000000 3145728.0
runproj limit: 8.0e-2
00100001000 3145728.0
best: 1.0
runproj limit: 8.0e-2
00100000000 3145728.0
runproj limit: 8.0e-2
10001001001 3145728.0
runproj limit: 8.0e-2
01110000000 3145728.0
runproj limit: 8.0e-2
00000010000 3145728.0
runproj limit: 8.0e-2
00111101000 3145728.0
runproj limit: 8.0e-2
00101001000 3145728.0
runproj limit: 8.0e-2
00100010000 3145728.0
runproj limit: 8.0e-2
00110000000 3145728.0
runproj limit: 8.0e-2
01101100000 3145728.0
runproj limit: 8.0e-2
11001000000 3145728.0
runproj limit: 8.0e-2
10100101100 3145728.0
runproj limit: 8.0e-2
00001011000 3145728.0
runproj limit: 8.0e-2
10110000010 3145728.0
runproj limit: 8.0e-2
00001010100 3145728.0
runproj limit: 8.0e-2
00001000000 3145728.0
runproj limit: 8.0e-2
11110000000 3145728.0
runproj limit: 8.0e-2
00101000000 3145728.0
runproj limit: 8.0e-2
01100000000 3145728.0
runproj limit: 8.0e-2
01110000000 3145728.0
runproj limit: 8.0e-2
00100001000 3145728.0
best: 1.0
runproj limit: 8.0e-2
01111000000 3145728.0
runproj limit: 8.0e-2
00001111000 3145728.0
runproj limit: 8.0e-2
00110011010 3145728.0
runproj limit: 8.0e-2
10000011000 3145728.0
runproj limit: 8.0e-2
00101000000 3145728.0
runproj limit: 8.0e-2
00100000000 3145728.0
runproj limit: 8.0e-2
00101000000 3145728.0
runproj limit: 8.0e-2
10110100100 3145728.0
runproj limit: 8.0e-2
10000001000 3145728.0
runproj limit: 8.0e-2
11001010000 3145728.0
runproj limit: 8.0e-2
01100000100 3145728.0
runproj limit: 8.0e-2
10100010001 3145728.0
runproj limit: 8.0e-2
10001001001 3145728.0
runproj limit: 8.0e-2
00100000000 3145728.0
runproj limit: 8.0e-2
10001001001 3145728.0
runproj limit: 8.0e-2
01110000000 3145728.0
runproj limit: 8.0e-2
00000010000 3145728.0
runproj limit: 8.0e-2
00111101000 3145728.0
runproj limit: 8.0e-2
00101001000 3145728.0
runproj limit: 8.0e-2
00100010000 3145728.0
best: 1.0
runproj limit: 8.0e-2
00110110000 3145728.0
runproj limit: 8.0e-2
00100000000 3145728.0
runproj limit: 8.0e-2
10001000000 3145728.0
runproj limit: 8.0e-2
10101111000 3145728.0
runproj limit: 8.0e-2
10000001000 3145728.0
runproj limit: 8.0e-2
00111101000 3145728.0
runproj limit: 8.0e-2
00101000000 3145728.0
runproj limit: 8.0e-2
10101010001 3145728.0
runproj limit: 8.0e-2
11101001000 3145728.0
runproj limit: 8.0e-2
11101110000 3145728.0
runproj limit: 8.0e-2
01000000100 3145728.0
runproj limit: 8.0e-2
00110000111 3145728.0
runproj limit: 8.0e-2
10000000010 3145728.0
runproj limit: 8.0e-2
01111000000 3145728.0
runproj limit: 8.0e-2
00001111000 3145728.0
runproj limit: 8.0e-2
00110011010 3145728.0
runproj limit: 8.0e-2
10000011000 3145728.0
runproj limit: 8.0e-2
00101000000 3145728.0
runproj limit: 8.0e-2
00100000000 3145728.0
runproj limit: 8.0e-2
10110100100 3145728.0
best: 1.0
runproj limit: 8.0e-2
10000001110 3145728.0
runproj limit: 8.0e-2
00111100100 3145728.0
runproj limit: 8.0e-2
01000010100 3145728.0
runproj limit: 8.0e-2
00100000000 3145728.0
runproj limit: 8.0e-2
11100000000 3145728.0
runproj limit: 8.0e-2
01101000000 3145728.0
runproj limit: 8.0e-2
01100000110 3145728.0
runproj limit: 8.0e-2
00100111100 3145728.0
runproj limit: 8.0e-2
00101111010 3145728.0
runproj limit: 8.0e-2
10001001101 3145728.0
runproj limit: 8.0e-2
00010010000 3145728.0
runproj limit: 8.0e-2
00010011010 3145728.0
runproj limit: 8.0e-2
00101010001 3145728.0
runproj limit: 8.0e-2
00110110000 3145728.0
runproj limit: 8.0e-2
00100000000 3145728.0
runproj limit: 8.0e-2
10001000000 3145728.0
runproj limit: 8.0e-2
10101111000 3145728.0
runproj limit: 8.0e-2
10000001000 3145728.0
runproj limit: 8.0e-2
00111101000 3145728.0
runproj limit: 8.0e-2
00101000000 3145728.0
best: 1.0
runproj limit: 8.0e-2
00100000000 3145728.0
runproj limit: 8.0e-2
00101010000 3145728.0
runproj limit: 8.0e-2
00001011000 3145728.0
runproj limit: 8.0e-2
00100011000 3145728.0
runproj limit: 8.0e-2
11000000000 3145728.0
runproj limit: 8.0e-2
00000010000 3145728.0
runproj limit: 8.0e-2
10010000000 3145728.0
runproj limit: 8.0e-2
00111100100 3145728.0
runproj limit: 8.0e-2
10001000010 3145728.0
runproj limit: 8.0e-2
00110010000 3145728.0
runproj limit: 8.0e-2
11100101010 3145728.0
runproj limit: 8.0e-2
10101011111 3145728.0
runproj limit: 8.0e-2
00101010000 3145728.0
runproj limit: 8.0e-2
10000001110 3145728.0
runproj limit: 8.0e-2
00111100100 3145728.0
runproj limit: 8.0e-2
01000010100 3145728.0
runproj limit: 8.0e-2
00100000000 3145728.0
runproj limit: 8.0e-2
11100000000 3145728.0
runproj limit: 8.0e-2
01101000000 3145728.0
runproj limit: 8.0e-2
01100000110 3145728.0
best: 1.0
runproj limit: 8.0e-2
11000100100 3145728.0
runproj limit: 8.0e-2
10101011111 3145728.0
runproj limit: 8.0e-2
10000001010 3145728.0
runproj limit: 8.0e-2
00100011000 3145728.0
runproj limit: 8.0e-2
00100000000 3145728.0
runproj limit: 8.0e-2
11100100100 3145728.0
runproj limit: 8.0e-2
10100010001 3145728.0
runproj limit: 8.0e-2
00000001110 3145728.0
runproj limit: 8.0e-2
01011010110 3145728.0
runproj limit: 8.0e-2
00011011101 3145728.0
runproj limit: 8.0e-2
00101110100 3145728.0
runproj limit: 8.0e-2
01000000110 3145728.0
runproj limit: 8.0e-2
00100011000 3145728.0
runproj limit: 8.0e-2
00100000000 3145728.0
runproj limit: 8.0e-2
00101010000 3145728.0
runproj limit: 8.0e-2
00001011000 3145728.0
runproj limit: 8.0e-2
00100011000 3145728.0
runproj limit: 8.0e-2
11000000000 3145728.0
runproj limit: 8.0e-2
00000010000 3145728.0
runproj limit: 8.0e-2
10010000000 3145728.0
best: 1.0
runproj limit: 8.0e-2
01100000000 3145728.0
runproj limit: 8.0e-2
00111010001 3145728.0
runproj limit: 8.0e-2
00111011111 3145728.0
runproj limit: 8.0e-2
10101010000 3145728.0
runproj limit: 8.0e-2
00100011000 3145728.0
runproj limit: 8.0e-2
00001011111 3145728.0
runproj limit: 8.0e-2
11001110110 3145728.0
runproj limit: 8.0e-2
00100010000 3145728.0
runproj limit: 8.0e-2
10101000100 3145728.0
runproj limit: 8.0e-2
01010010110 3145728.0
runproj limit: 8.0e-2
10100110001 3145728.0
runproj limit: 8.0e-2
10100011000 3145728.0
runproj limit: 8.0e-2
10100111011 3145728.0
runproj limit: 8.0e-2
11000100100 3145728.0
runproj limit: 8.0e-2
10101011111 3145728.0
runproj limit: 8.0e-2
10000001010 3145728.0
runproj limit: 8.0e-2
00100011000 3145728.0
runproj limit: 8.0e-2
00100000000 3145728.0
runproj limit: 8.0e-2
11100100100 3145728.0
runproj limit: 8.0e-2
10100010001 3145728.0
best: 1.0
runproj limit: 8.0e-2
10101011000 3145728.0
runproj limit: 8.0e-2
00001011111 3145728.0
runproj limit: 8.0e-2
00110110100 3145728.0
runproj limit: 8.0e-2
01011110110 3145728.0
runproj limit: 8.0e-2
11100000000 3145728.0
runproj limit: 8.0e-2
10001100100 3145728.0
runproj limit: 8.0e-2
10100011000 3145728.0
runproj limit: 8.0e-2
00000001000 3145728.0
runproj limit: 8.0e-2
00111111111 3145728.0
runproj limit: 8.0e-2
10100001010 3145728.0
runproj limit: 8.0e-2
10000000000 3145728.0
runproj limit: 8.0e-2
00000111000 3145728.0
runproj limit: 8.0e-2
00011100111 3145728.0
runproj limit: 8.0e-2
01100000000 3145728.0
runproj limit: 8.0e-2
00111010001 3145728.0
runproj limit: 8.0e-2
00111011111 3145728.0
runproj limit: 8.0e-2
10101010000 3145728.0
runproj limit: 8.0e-2
00100011000 3145728.0
runproj limit: 8.0e-2
00001011111 3145728.0
runproj limit: 8.0e-2
11001110110 3145728.0
best: 1.0
done evolving!
"all is well:)"
>>>>>>>>>>>>>>FINISH OPTIMIZATION>>>>>>>>>>>>>>>
451.82user 548.44system 18:22.34elapsed 90%CPU (0avgtext+0avgdata 135540maxresident)k
1066056inputs+1387656outputs (586major+63087470minor)pagefaults 0swaps
