Optimizing /h/ywang30/nofib/spectral/puzzle
>>>>>>>>>>>>>>>START OPTIMIZATION>>>>>>>>>>>>>>>
pop: 13
gens: 15
arch: 7
limit is: 0.2
runproj limit: 0.2
"All is well :D"
Basetime is: 2097152.0
runproj limit: 0.2
010000000000000000001000000000000000000000001000000000100000000010100000001001100000000000000000000000 2097152.0
runproj limit: 0.2
000000000000000000000000000000000000000000000000000000000000000000000000000000000000000000000000000000 2097152.0
runproj limit: 0.2
000000000001000000100000100110100000000000001100000100001000000000000000000010000010000000000000000100 2097152.0
runproj limit: 0.2
000000000001000000100000101000000000101001000000000100000000011000000000100000000000000000000000000100 2097152.0
runproj limit: 0.2
000000000000000000000000010001100000000010010000011000000000000000000000000000000000000001000100010000 2097152.0
runproj limit: 0.2
001000001001000000000001000010000000000000000000100000000000000011000000010000000000100000000001010000 2097152.0
runproj limit: 0.2
100000000000000000000000001100010101000010000001000000010000010000001010000000000000010100000000000000 2097152.0
runproj limit: 0.2
010000000000110000000010000000000000000000000010000001000000101000000000000000000001001100001000010000 2097152.0
runproj limit: 0.2
000010000000000000000010000010000000000000000000010000010000000010000010010000000000000000010000000000 2097152.0
runproj limit: 0.2
001000000000000000000000100000000011000010000000000100000000000001000000000000000000000001000000000010 2097152.0
runproj limit: 0.2
000001000000000010000000000000000000101000000000000000000000101100000000000010000011110000001000000001 2097152.0
runproj limit: 0.2
000000000000000000000000000000000000000000000000000000000000000000000000000000000000000000000000000000 2097152.0
runproj limit: 0.2
000000000000000000000000000010000000000000000100000000000000001100011000001001000000000000000001000010 2097152.0
best: 1.0
runproj limit: 0.2
000000000000000000100000000011100000000010001100010100001000000000000000000000000000000001000100000100 2097152.0
runproj limit: 0.2
000000000001000000000000100110010000000000001100000100000000000000001010000000000000010100000000000100 2097152.0
runproj limit: 0.2
011000001001000000000001000000000000000000000000000000000000000010000000010001100000100000000000000000 2097152.0
runproj limit: 0.2
000000000000000000000000000010000000000000000000010000000000000100000010000001000000000000010001000010 2097152.0
runproj limit: 0.2
100000000000000000000000001100010001000010000000000000000000010000000010000000000000010100000000000000 2097152.0
runproj limit: 0.2
100010000000000000000010000110010101000000000001010000010000010010001010000000000000000000010000000000 2097152.0
runproj limit: 0.2
010000000000000010000000000000000000101000000000000001000000101000000000000000000011001000001000010001 2097152.0
runproj limit: 0.2
100000000000000000000000000100000101000010000001010000000000000000001010000000000000010001000100010000 2097152.0
runproj limit: 0.2
000000000001110010000001100000100000001000000100010001110010100000001000110001000000001100010000100010 2097152.0
runproj limit: 0.2
000001000000100101100110010001110111100010000101001000000001000000000000000000000001101011001110010000 2097152.0
runproj limit: 0.2
000011001100011001111000010100000001001000001100000010110010000010100010000001100010101000010010010110 2097152.0
runproj limit: 0.2
011001000001100001010011000100001000000000000000010101000100011011000001010000100010110000010101011010 2097152.0
runproj limit: 0.2
011001010011000001100000100010100010001000001001111011001000000000000001000010000010000100010111100010 2097152.0
runproj limit: 0.2
010000000000000000001000000000000000000000001000000000100000000010100000001001100000000000000000000000 2097152.0
runproj limit: 0.2
000000000000000000000000000000000000000000000000000000000000000000000000000000000000000000000000000000 2097152.0
runproj limit: 0.2
000000000001000000100000100110100000000000001100000100001000000000000000000010000010000000000000000100 2097152.0
runproj limit: 0.2
000000000001000000100000101000000000101001000000000100000000011000000000100000000000000000000000000100 2097152.0
runproj limit: 0.2
000000000000000000000000010001100000000010010000011000000000000000000000000000000000000001000100010000 2097152.0
runproj limit: 0.2
001000001001000000000001000010000000000000000000100000000000000011000000010000000000100000000001010000 2097152.0
runproj limit: 0.2
100000000000000000000000001100010101000010000001000000010000010000001010000000000000010100000000000000 2097152.0
best: 1.0
runproj limit: 0.2
000000000000000000000000000100000001100000000000000001000000111000000010000000000000011100000000010000 2097152.0
runproj limit: 0.2
011000000001000000000001000000001000000000000000010001000100010010000001010001100000100000000101011010 2097152.0
runproj limit: 0.2
000001001001001001110000010000000001101001001100000000000010001010100000100000000000100000010000000110 2097152.0
runproj limit: 0.2
000000000000000000000000000000000000000010000000000000000000000000000010000000000000010000000000000000 2097152.0
runproj limit: 0.2
010000001001000000001001000000000000000000001000000000000000000010100000010001100000000000000000000000 2097152.0
runproj limit: 0.2
000000000000000000100000001010000000001001000000010000000000011000000010000001000000000000010001000010 2097152.0
runproj limit: 0.2
000000000001010000000000100011100000001010000100010101111000000000000000000001000000000000010100000100 2097152.0
runproj limit: 0.2
001001000000100001010011010101110000100000000100011101000100000000000000000000100001101001001110011010 2097152.0
runproj limit: 0.2
001000001001001000010101010010100000000100111001000000010010000011000011000110110000101000000001110001 2097152.0
runproj limit: 0.2
010100000001000001000000000100010000001000001110000000000010011011110001011001110100010000000010110100 2097152.0
runproj limit: 0.2
111101000000111101011011000101101000001100010010000111011000110001101000010000111011011010010001001010 2097152.0
runproj limit: 0.2
010101000100010111011011100100001111101000010100000100001100001011000011110000100001100000010110000110 2097152.0
runproj limit: 0.2
000101000001100100000111110011000110111001010100010011111010100100011100101000100100001101010010101001 2097152.0
runproj limit: 0.2
000000000000000000100000000011100000000010001100010100001000000000000000000000000000000001000100000100 2097152.0
runproj limit: 0.2
000000000001000000000000100110010000000000001100000100000000000000001010000000000000010100000000000100 2097152.0
runproj limit: 0.2
011000001001000000000001000000000000000000000000000000000000000010000000010001100000100000000000000000 2097152.0
runproj limit: 0.2
000000000000000000000000000010000000000000000000010000000000000100000010000001000000000000010001000010 2097152.0
runproj limit: 0.2
100000000000000000000000001100010001000010000000000000000000010000000010000000000000010100000000000000 2097152.0
runproj limit: 0.2
100010000000000000000010000110010101000000000001010000010000010010001010000000000000000000010000000000 2097152.0
runproj limit: 0.2
010000000000000010000000000000000000101000000000000001000000101000000000000000000011001000001000010001 2097152.0
best: 1.0
runproj limit: 0.2
010100000001001001010000010010000000000100001110000000010010000011110011011001110000001000000001110001 2097152.0
runproj limit: 0.2
010000000000000000000000000000000000100010000000000001000000000000000010000000000011010000000000010001 2097152.0
runproj limit: 0.2
100001001001000001010000000100010001000001000101010000000010010010100010100000000000100000010000000010 2097152.0
runproj limit: 0.2
000000000000001000110000000010000000100000000100010000000010000110000010100000000000100000010000000010 2097152.0
runproj limit: 0.2
000000000001010001000000100100110000001000000100010101010000011001000000010001100100000000000110110100 2097152.0
runproj limit: 0.2
000000000001000000000000100000010000001000001100000001000000000000001010000000000000010000000000000101 2097152.0
runproj limit: 0.2
011000001001000000000001000000000000000100100001000000000010000011000011010000110000100000000001110001 2097152.0
runproj limit: 0.2
100000000000000000000000000100000001000010000000000000000000000000000010000000000000010000000000000000 2097152.0
runproj limit: 0.2
000000000001010000000000101011101000001011000100010101110010100100000001001001111101101001110100111110 2097152.0
runproj limit: 0.2
010010000000100000000100000010000011101010010000000001011000011010010110001100000010111100101010011101 2097152.0
runproj limit: 0.2
011001001101011110110000010000000001001001011100100110100110001110101101100010101000010100010000001110 2097152.0
runproj limit: 0.2
111001010000111001011101011101111000101000010110000011011001110101101000000100001011011011010101001110 2097152.0
runproj limit: 0.2
010001000000000010011010110111111010101000010100000100011100000000000011110000110001110010010110000010 2097152.0
runproj limit: 0.2
000000000000000000000000000100000001100000000000000001000000111000000010000000000000011100000000010000 2097152.0
runproj limit: 0.2
011000000001000000000001000000001000000000000000010001000100010010000001010001100000100000000101011010 2097152.0
runproj limit: 0.2
000001001001001001110000010000000001101001001100000000000010001010100000100000000000100000010000000110 2097152.0
runproj limit: 0.2
000000000000000000000000000000000000000010000000000000000000000000000010000000000000010000000000000000 2097152.0
runproj limit: 0.2
010000001001000000001001000000000000000000001000000000000000000010100000010001100000000000000000000000 2097152.0
runproj limit: 0.2
000000000000000000100000001010000000001001000000010000000000011000000010000001000000000000010001000010 2097152.0
runproj limit: 0.2
000000000001010000000000100011100000001010000100010101111000000000000000000001000000000000010100000100 2097152.0
best: 1.0
runproj limit: 0.2
000001001001000001010000100000100000101001001100010100000000011001000000000000000100100000000010000110 2097152.0
runproj limit: 0.2
010000000001000000000001100010100000000100100001010101111000000000000001010000110000000000010100010001 2097152.0
runproj limit: 0.2
010001000000000000010000010010000011101001011100000001010000001010000110001100000010110100000000000101 2097152.0
runproj limit: 0.2
000000000001010000000000000011000000001010000100000100011000000000000000000000000000000000000100000100 2097152.0
runproj limit: 0.2
000000000000010000000000101011001001001011000100000101110000000000000001000000011100110000100100010100 2097152.0
runproj limit: 0.2
011000000001000000100001000000000000001000000000010000000100010010000000010001100000100000010001010010 2097152.0
runproj limit: 0.2
111101000001001001010100011111100000101000010110000011011010110101111000001100101000001000010101010111 2097152.0
runproj limit: 0.2
010000000000001000110000000010000000100000000100010001000000000110000010000000000011010000000000010000 2097152.0
runproj limit: 0.2
011100100011010001100100000010101010000110001110000000000001011011110011010101100101011010100001110001 2097152.0
runproj limit: 0.2
000100001101000100000101000000000000100100100101110010110011100011010000010000110101110001110001010101 2097152.0
runproj limit: 0.2
011010010001000000001010010000001000000000000000010100000100001000110001011001100010110100000111001010 2097152.0
runproj limit: 0.2
000001011010000011011000100110010001000101000101001000000110011010100011000000101000111000010000100001 2097152.0
runproj limit: 0.2
000100000001001000011110011010001000100000101110001101011011000011110011010001011100001100001011110001 2097152.0
runproj limit: 0.2
010100000001001001010000010010000000000100001110000000010010000011110011011001110000001000000001110001 2097152.0
runproj limit: 0.2
010000000000000000000000000000000000100010000000000001000000000000000010000000000011010000000000010001 2097152.0
runproj limit: 0.2
100001001001000001010000000100010001000001000101010000000010010010100010100000000000100000010000000010 2097152.0
runproj limit: 0.2
000000000000001000110000000010000000100000000100010000000010000110000010100000000000100000010000000010 2097152.0
runproj limit: 0.2
000000000001010001000000100100110000001000000100010101010000011001000000010001100100000000000110110100 2097152.0
runproj limit: 0.2
000000000001000000000000100000010000001000001100000001000000000000001010000000000000010000000000000101 2097152.0
runproj limit: 0.2
011000001001000000000001000000000000000100100001000000000010000011000011010000110000100000000001110001 2097152.0
best: 1.0
runproj limit: 0.2
000100001000000011000001100100010001000100000101100000110111111011000010000000110100110000110000100001 2097152.0
runproj limit: 0.2
000000000000001000010000101011001001001001000100010001100000000000000010000000010000110000000000010100 2097152.0
runproj limit: 0.2
011000001000000000000001000000000000100000100001000001000000000001000010000000010001110000000000010001 2097152.0
runproj limit: 0.2
010000000001010000000001000000110000001000000000010100010100011011000000010001100100000000000011010100 2097152.0
runproj limit: 0.2
011000000001000000100001000000000000001000000000010000000100010010000000010001100000100000010001010010 2097152.0
runproj limit: 0.2
010000000001001000110000000000000000101000000000010001000100010110000010010001000001110000000001010010 2097152.0
runproj limit: 0.2
100101001001001001010000101000100000101000001110000011000010011001000000001000001000101000000000010111 2097152.0
runproj limit: 0.2
011001011001000000010001000000000000000101000000000000000110011010000011000001100000100000010001100001 2097152.0
runproj limit: 0.2
001000000001100000010100000000000000001000001110010111001000100000011000010000000010011000000000001101 2097152.0
runproj limit: 0.2
101100011010000011010000100100100001100111011101001110110111011111101010100001101000111100010000100001 2097152.0
runproj limit: 0.2
101101101011100011100100100000100011010111001011000100001010100010011010000101100111011010100001100010 2097152.0
runproj limit: 0.2
010100001000101100110000000110101011100000000000010001001101010111010010101000000111010011011000001100 2097152.0
runproj limit: 0.2
000001000001101101000100100010101100000000000101010101110000010100101100010010000010011000000101000000 2097152.0
runproj limit: 0.2
000001001001000001010000100000100000101001001100010100000000011001000000000000000100100000000010000110 2097152.0
runproj limit: 0.2
010000000001000000000001100010100000000100100001010101111000000000000001010000110000000000010100010001 2097152.0
runproj limit: 0.2
010001000000000000010000010010000011101001011100000001010000001010000110001100000010110100000000000101 2097152.0
runproj limit: 0.2
000000000001010000000000000011000000001010000100000100011000000000000000000000000000000000000100000100 2097152.0
runproj limit: 0.2
000000000000010000000000101011001001001011000100000101110000000000000001000000011100110000100100010100 2097152.0
runproj limit: 0.2
011000000001000000100001000000000000001000000000010000000100010010000000010001100000100000010001010010 2097152.0
runproj limit: 0.2
111101000001001001010100011111100000101000010110000011011010110101111000001100101000001000010101010111 2097152.0
best: 1.0
runproj limit: 0.2
000000101001100011100000000001100000010110001011000100001000100000011000000101100111000000100000100100 2097152.0
runproj limit: 0.2
000000000001100001000100000010100100001000000100010100010000010100101000010010000000010000000101000000 2097152.0
runproj limit: 0.2
100101000001010001000001000000100000001000001000000111000000011001000000001000101100000000000011010110 2097152.0
runproj limit: 0.2
000000000001001100110100000000100000100000000101010101010000010100100100010011000000010000000101000000 2097152.0
runproj limit: 0.2
000001000000001000010000101010001001001001000100000001010000000000000010000100010000110000000000000100 2097152.0
runproj limit: 0.2
010000000000000000010000010010000001000001000101010101111000000000000011011000100010000100010000000001 2097152.0
runproj limit: 0.2
000000000001000011000001100010110001000100000101110000110101101000000010010000110000010000010000110001 2097152.0
runproj limit: 0.2
011000011001000000110001000000000000001100000000000000000110010010000000010001100000100000010001010011 2097152.0
runproj limit: 0.2
000101000001101010001001011100110010011101110001010100000100010011010000010111000100001101001001010100 2097152.0
runproj limit: 0.2
001111110001011101010000001110101001000001011110000001011011010011000011100011010111011111001010001100 2097152.0
runproj limit: 0.2
001110000001100001010101000010000000001100000010110010001001100001011011010000001110011011000010001101 2097152.0
runproj limit: 0.2
110010000111010000001001110010111100001000111000110101010111011010011011110011110000000110101011010111 2097152.0
runproj limit: 0.2
011001011011010000010100011100000001100111001010001010000110000010000011001100110011110001000011000001 2097152.0
runproj limit: 0.2
000100001000000011000001100100010001000100000101100000110111111011000010000000110100110000110000100001 2097152.0
runproj limit: 0.2
000000000000001000010000101011001001001001000100010001100000000000000010000000010000110000000000010100 2097152.0
runproj limit: 0.2
011000001000000000000001000000000000100000100001000001000000000001000010000000010001110000000000010001 2097152.0
runproj limit: 0.2
010000000001010000000001000000110000001000000000010100010100011011000000010001100100000000000011010100 2097152.0
runproj limit: 0.2
011000000001000000100001000000000000001000000000010000000100010010000000010001100000100000010001010010 2097152.0
runproj limit: 0.2
010000000001001000110000000000000000101000000000010001000100010110000010010001000001110000000001010010 2097152.0
runproj limit: 0.2
100101001001001001010000101000100000101000001110000011000010011001000000001000001000101000000000010111 2097152.0
best: 1.0
runproj limit: 0.2
011000000001010000000001000000110000001000000000010100010100010011000000010001100100100000000001010100 2097152.0
runproj limit: 0.2
110011010011010000010101010010110101100000111000000010010110001010011011100111110000010010000011000001 2097152.0
runproj limit: 0.2
000101000000001001000000100000011001001101000100100001010010111011000010000000110100110000110000000101 2097152.0
runproj limit: 0.2
011010100001001100110000001110000000000000011100010001011100010011000010010011000111111110000001011110 2097152.0
runproj limit: 0.2
000101010001001100010100000100101001100001011101000001011001010100000100000011000011010110001001001100 2097152.0
runproj limit: 0.2
011010010001000000101001110000001100001100011000100100000110010010011000010011110000100010000001010011 2097152.0
runproj limit: 0.2
000010100001001101010000001110101001000001000110000001100010010001000010000010010010110101001010001100 2097152.0
runproj limit: 0.2
000110000001010001000001000000100000001100000000100111000000010001000011010000001100001010000011000110 2097152.0
runproj limit: 0.2
010011000001000000010100001010000111000111000101010011101001010100110010011010000110000010110000010001 2097152.0
runproj limit: 0.2
111000000001001101101100101000100000101001000111010101111000010101101101010001000000010110000101101010 2097152.0
runproj limit: 0.2
111001011001010000000001001100110101011111101100101101001101011011000100000100110100010100011011010110 2097152.0
runproj limit: 0.2
001000110001011100010110001110100000110000001011010000011110010000101100010111000100111100001101000110 2097152.0
runproj limit: 0.2
101110000101100111010101001011100000001101000100110000000001110001010010011000010110011010100011001101 2097152.0
runproj limit: 0.2
000000101001100011100000000001100000010110001011000100001000100000011000000101100111000000100000100100 2097152.0
runproj limit: 0.2
000000000001100001000100000010100100001000000100010100010000010100101000010010000000010000000101000000 2097152.0
runproj limit: 0.2
100101000001010001000001000000100000001000001000000111000000011001000000001000101100000000000011010110 2097152.0
runproj limit: 0.2
000000000001001100110100000000100000100000000101010101010000010100100100010011000000010000000101000000 2097152.0
runproj limit: 0.2
000001000000001000010000101010001001001001000100000001010000000000000010000100010000110000000000000100 2097152.0
runproj limit: 0.2
010000000000000000010000010010000001000001000101010101111000000000000011011000100010000100010000000001 2097152.0
runproj limit: 0.2
000000000001000011000001100010110001000100000101110000110101101000000010010000110000010000010000110001 2097152.0
best: 1.0
runproj limit: 0.2
000101000001001100010100100100101001100001001101000001011001010100000010000100000000110000000001000100 2097152.0
runproj limit: 0.2
001001110001001100010100000110101001110001011101000001011010010100000100000111000010110110001001001110 2097152.0
runproj limit: 0.2
001110110101101100010110001010100000011001000000110000001100110000011000010010010110111100000001001110 2097152.0
runproj limit: 0.2
110010110001010100110000000010000000000000111000000000010110010011001011110011000010010010000011000010 2097152.0
runproj limit: 0.2
000001000001101000010000000010100100001000000100010000010000010100101000000110000000010000000100000000 2097152.0
runproj limit: 0.2
001000000001110101000001000011100000001000000000010000000001110011000010010001000100111010100011001100 2097152.0
runproj limit: 0.2
000000000001000000010100001010100101001101000101010111001000010100100010010010000000010000100100000000 2097152.0
runproj limit: 0.2
111001001000000000000001001000110101011111000100011101011101010000000101001000100100000100011010000001 2097152.0
runproj limit: 0.2
100010010001010101000000100000100100000000000011010101010000010111101010111111010000010000010110010010 2097152.0
runproj limit: 0.2
111000100001010101101100100011000000101011010010010101111010010111000101100001000010010110100101101000 2097152.0
runproj limit: 0.2
000001001001001001000000100111001001001100000100000101011010011011000010011010001111110000101000100000 2097152.0
runproj limit: 0.2
100010100011101101000001101011111111001001110110010000100010011001100011001110110010111101101010001110 2097152.0
runproj limit: 0.2
110011010011110101110101001100111100001001110001001001110011101010111011110111110000010010000010000001 2097152.0
runproj limit: 0.2
011000000001010000000001000000110000001000000000010100010100010011000000010001100100100000000001010100 2097152.0
runproj limit: 0.2
110011010011010000010101010010110101100000111000000010010110001010011011100111110000010010000011000001 2097152.0
runproj limit: 0.2
000101000000001001000000100000011001001101000100100001010010111011000010000000110100110000110000000101 2097152.0
runproj limit: 0.2
011010100001001100110000001110000000000000011100010001011100010011000010010011000111111110000001011110 2097152.0
runproj limit: 0.2
000101010001001100010100000100101001100001011101000001011001010100000100000011000011010110001001001100 2097152.0
runproj limit: 0.2
011010010001000000101001110000001100001100011000100100000110010010011000010011110000100010000001010011 2097152.0
runproj limit: 0.2
000010100001001101010000001110101001000001000110000001100010010001000010000010010010110101001010001100 2097152.0
best: 1.0
runproj limit: 0.2
001001100001100100000000001000100100011011000100110000001100110000000001001000010110000100000010000101 2097152.0
runproj limit: 0.2
000011000001001101010000000110100000000001000100000001110000010101000000000110000010110100000010001100 2097152.0
runproj limit: 0.2
110001000001000100110101001100111001101001101101000001010001000110001010110101010000110010000010000101 2097152.0
runproj limit: 0.2
100001110001001101000100101001111011001001111101010000110011011000100001001010100010010101101000001100 2097152.0
runproj limit: 0.2
110010010001010000010100100000100100000000000001010001010010000111101010111111110000010000000011010000 2097152.0
runproj limit: 0.2
000101010001001100010100001000100101001101010101010011011001010100000110010011000000010110001001001000 2097152.0
runproj limit: 0.2
000001000001101000010000000010100100001000000100010000010000010100101000000110000000010000000100000000 2097152.0
runproj limit: 0.2
101010100011000001100001101011011111001001110000110000000110010010000011011010110010100000000001000110 2097152.0
runproj limit: 0.2
101010010001001000001111110100011010001110100011001000000100010011111110110111111100100001001101110011 2097152.0
runproj limit: 0.2
110001100001011111011110100111000100001011010010011101101110010010000110100001010110110111000001111010 2097152.0
runproj limit: 0.2
001001001000001011010100111010011001001110010110001101111001000011001010001000000110110101100010111011 2097152.0
runproj limit: 0.2
000111001111001010000000101010011001000001000000010000011001011100100010010000011101001000000110010000 2097152.0
runproj limit: 0.2
101010000101010000101100110011010101001011111010011001111101011011000101110011001001000110110100011010 2097152.0
runproj limit: 0.2
000101000001001100010100100100101001100001001101000001011001010100000010000100000000110000000001000100 2097152.0
runproj limit: 0.2
001001110001001100010100000110101001110001011101000001011010010100000100000111000010110110001001001110 2097152.0
runproj limit: 0.2
001110110101101100010110001010100000011001000000110000001100110000011000010010010110111100000001001110 2097152.0
runproj limit: 0.2
110010110001010100110000000010000000000000111000000000010110010011001011110011000010010010000011000010 2097152.0
runproj limit: 0.2
000001000001101000010000000010100100001000000100010000010000010100101000000110000000010000000100000000 2097152.0
runproj limit: 0.2
001000000001110101000001000011100000001000000000010000000001110011000010010001000100111010100011001100 2097152.0
runproj limit: 0.2
000000000001000000010100001010100101001101000101010111001000010100100010010010000000010000100100000000 2097152.0
best: 1.0
runproj limit: 0.2
110011011101000000000000100010010001000000100000000000011111010000101010010001011111011000000111000010 2097152.0
runproj limit: 0.2
000100000001000100010100000000100101001101000101000001001000010100000010000100000000010000000100000000 2097152.0
runproj limit: 0.2
001001101000001100010100101110101001010000011100001101111011000010000010001000000010110101001011111110 2097152.0
runproj limit: 0.2
000001000001111101000000000111100001000000001001000001011001110111000010010101000100110010000001000100 2097152.0
runproj limit: 0.2
110011000001011111010010100111100100000011010110011101101100010111000010100101010010110101000000111110 2097152.0
runproj limit: 0.2
000010000001001000000110110100011001001101001101000001000001010011000010110101111000100001001001110111 2097152.0
runproj limit: 0.2
000001001101001010000100101010011001000100000010000100011001001000101010001000011101000000000010110000 2097152.0
runproj limit: 0.2
000001110001001100010100000010100001001001000101000001001010010100100000000011000000010010101000000100 2097152.0
runproj limit: 0.2
000001110100001101011000000011001011110101110101000101011110010000110100000011100010100110001001011100 2097152.0
runproj limit: 0.2
101001011011000100010100000010100100110001011100000001110100010100101010011010101010010100001101000000 2097152.0
runproj limit: 0.2
000000100001110000100000011011010000000010001110100010011101001100000000101000011110000110000010001101 2097152.0
runproj limit: 0.2
000110110101100001000010101011000001011001010100100000001110110010011000010000010110011000110001011110 2097152.0
runproj limit: 0.2
001010100010010111110001101111111111101000110100011110000110001000110101011010100010011000010101000000 2097152.0
runproj limit: 0.2
001001100001100100000000001000100100011011000100110000001100110000000001001000010110000100000010000101 2097152.0
runproj limit: 0.2
000011000001001101010000000110100000000001000100000001110000010101000000000110000010110100000010001100 2097152.0
runproj limit: 0.2
110001000001000100110101001100111001101001101101000001010001000110001010110101010000110010000010000101 2097152.0
runproj limit: 0.2
100001110001001101000100101001111011001001111101010000110011011000100001001010100010010101101000001100 2097152.0
runproj limit: 0.2
110010010001010000010100100000100100000000000001010001010010000111101010111111110000010000000011010000 2097152.0
runproj limit: 0.2
000101010001001100010100001000100101001101010101010011011001010100000110010011000000010110001001001000 2097152.0
runproj limit: 0.2
000001000001101000010000000010100100001000000100010000010000010100101000000110000000010000000100000000 2097152.0
best: 1.0
runproj limit: 0.2
000011000001001000010000000010100000000001000100010000110000010100001000000110000000010000000100001100 2097152.0
runproj limit: 0.2
001011100001111100010000000111100101001000010100011100000100011000100100001010100000010000010100000000 2097152.0
runproj limit: 0.2
000000110001011101010100100001000010100101000101010001010110010000111000011111110000100110001011011100 2097152.0
runproj limit: 0.2
000011110001110101000000000111100001001000000100100001001111110010010010010000010100110000000001011100 2097152.0
runproj limit: 0.2
111001000000001110010000100111101100010000011100011101111001000010000010100001010010110101001000111110 2097152.0
runproj limit: 0.2
000000100001110101110001001011110100100010011100111110010110001100000001111010011110001110000101000000 2097152.0
runproj limit: 0.2
100000000001010000010000011000000000000000001100010001011011000111101000101111110100010010000011000100 2097152.0
runproj limit: 0.2
000100000001000100010100000000100101001101000101000001001000010100000010000100000000010000000100000000 2097152.0
runproj limit: 0.2
110001000101001011110101001000111011000111100100100001110110001100100110110101100000111010001110000101 2097152.0
runproj limit: 0.2
000110100001001101100100101010010111101100000011110011010101011101100111011110001001010111001001000000 2097152.0
runproj limit: 0.2
110001011101101100010111000001101101101010001101010101000010111001101001100001000100001110000000010110 2097152.0
runproj limit: 0.2
100000111111101101111011001111011110000100000100000101011100110000100100100010001010010110001001111100 2097152.0
runproj limit: 0.2
000001100001001011011000011100010100101010000100011000100101100100011011110111000010010001000100110001 2097152.0
runproj limit: 0.2
110011011101000000000000100010010001000000100000000000011111010000101010010001011111011000000111000010 2097152.0
runproj limit: 0.2
000100000001000100010100000000100101001101000101000001001000010100000010000100000000010000000100000000 2097152.0
runproj limit: 0.2
001001101000001100010100101110101001010000011100001101111011000010000010001000000010110101001011111110 2097152.0
runproj limit: 0.2
000001000001111101000000000111100001000000001001000001011001110111000010010101000100110010000001000100 2097152.0
runproj limit: 0.2
110011000001011111010010100111100100000011010110011101101100010111000010100101010010110101000000111110 2097152.0
runproj limit: 0.2
000010000001001000000110110100011001001101001101000001000001010011000010110101111000100001001001110111 2097152.0
runproj limit: 0.2
000001001101001010000100101010011001000100000010000100011001001000101010001000011101000000000010110000 2097152.0
best: 1.0
runproj limit: 0.2
111000000000001100010000000111100100000100000100001001101001000100000010100100010010010000000000001100 2097152.0
runproj limit: 0.2
100000111111101101111011001111011110000100000100000101011100110000100100100010001010010110001001111100 2097152.0
runproj limit: 0.2
100000010101100100111000011001000110000100001100010101011000110011100100101110010010010110001001101100 2097152.0
runproj limit: 0.2
000011110001111101000000000111100001000000001100100001001111110111000010010001010100110000000001010100 2097152.0
runproj limit: 0.2
000011000001011110010010100111100100000011010100010000101000010100000010000111010010110101000000111100 2097152.0
runproj limit: 0.2
100001001000101100010101000000101101001010011100011101000011011001000011100000000100110111000011111110 2097152.0
runproj limit: 0.2
100000100011111001010000001111011100000000001100000101011001010010100000101010101110010010001001101100 2097152.0
runproj limit: 0.2
010011011101000000000000100010011001000000000010000000011001011000101010000001011101010000000110010000 2097152.0
runproj limit: 0.2
011101101101011110000010100111100101000010000010010101001101010111000000101111011110100101011110111110 2097152.0
runproj limit: 0.2
000100111010011101010100100001101110000101000011110011010110110100111000010111010000000100000111111110 2097152.0
runproj limit: 0.2
000000100001100101010100000000110111101101100101001001001100110100100010011100000001011001100101000011 2097152.0
runproj limit: 0.2
001001001101100100011110111110111001000001010000101101011011011011100010011001000011100101001011111110 2097152.0
runproj limit: 0.2
000011110000101111100000110111000001001100000000010101001110010010101010010000011111010000111000101010 2097152.0
runproj limit: 0.2
000011000001001000010000000010100000000001000100010000110000010100001000000110000000010000000100001100 2097152.0
runproj limit: 0.2
001011100001111100010000000111100101001000010100011100000100011000100100001010100000010000010100000000 2097152.0
runproj limit: 0.2
000000110001011101010100100001000010100101000101010001010110010000111000011111110000100110001011011100 2097152.0
runproj limit: 0.2
000011110001110101000000000111100001001000000100100001001111110010010010010000010100110000000001011100 2097152.0
runproj limit: 0.2
111001000000001110010000100111101100010000011100011101111001000010000010100001010010110101001000111110 2097152.0
runproj limit: 0.2
000000100001110101110001001011110100100010011100111110010110001100000001111010011110001110000101000000 2097152.0
runproj limit: 0.2
100000000001010000010000011000000000000000001100010001011011000111101000101111110100010010000011000100 2097152.0
best: 1.0
runproj limit: 0.2
000001000001110101010110010111101001001000010100100101001011011011000010010000010010110001000011011100 2097152.0
runproj limit: 0.2
000100100010011001010000000101001110000101000100010011010001010000110000100011111000000010001101101100 2097152.0
runproj limit: 0.2
000100111111011101110101001001011110000101000001000001010110110100111100100110000010000110000011111100 2097152.0
runproj limit: 0.2
100000100001011001010100100111010110000001001101000101011011010010101000101010110000000010001001011100 2097152.0
runproj limit: 0.2
000011110001101111100000110111100001001100000100010001001110010010011010010000011111010000100001111010 2097152.0
runproj limit: 0.2
000000111111101101010111100011011110000101000001110001010110110100100000010111011010000110001111111100 2097152.0
runproj limit: 0.2
111001101101001100000110100001100101001010011100010101000111010001000010101101010100100111001010111110 2097152.0
runproj limit: 0.2
000011100001111110000010100111000100001010010000010001001000010010101010010000011011110001001000111100 2097152.0
runproj limit: 0.2
110010001000100110110011100100110101001010011110001100010001010001001011101001010100111101100010111111 2097152.0
runproj limit: 0.2
011111101101011100001010100111100101000010100010010101001011010111001011101011010110100101011110111100 2097152.0
runproj limit: 0.2
100001100011000001110011000100000100000000001110001101001011010110010000101000101001010000001011011001 2097152.0
runproj limit: 0.2
101000110000111101100000101111100100111100101100111110011110100100010011111010001110001110010111001010 2097152.0
runproj limit: 0.2
100010110111111101000110100001100011101011110100000000100111001000011010011001010110100000001000011100 2097152.0
runproj limit: 0.2
111000000000001100010000000111100100000100000100001001101001000100000010100100010010010000000000001100 2097152.0
runproj limit: 0.2
100000111111101101111011001111011110000100000100000101011100110000100100100010001010010110001001111100 2097152.0
runproj limit: 0.2
100000010101100100111000011001000110000100001100010101011000110011100100101110010010010110001001101100 2097152.0
runproj limit: 0.2
000011110001111101000000000111100001000000001100100001001111110111000010010001010100110000000001010100 2097152.0
runproj limit: 0.2
000011000001011110010010100111100100000011010100010000101000010100000010000111010010110101000000111100 2097152.0
runproj limit: 0.2
100001001000101100010101000000101101001010011100011101000011011001000011100000000100110111000011111110 2097152.0
runproj limit: 0.2
100000100011111001010000001111011100000000001100000101011001010010100000101010101110010010001001101100 2097152.0
best: 1.0
runproj limit: 0.2
100000110001111001100000100111110110111000001101010110011110010110011000111010110100000110010111011010 2097152.0
runproj limit: 0.2
000000111111011101110111101001011110000101000001110001010110110100111000100111001010000110000011111100 2097152.0
runproj limit: 0.2
000100100000011101110100000111000110000100000101001001011101110100010010100110010010010100000011011100 2097152.0
runproj limit: 0.2
011101101101001100000110100101100101001010101110010101000111010001000011101101010100100101001010111100 2097152.0
runproj limit: 0.2
100001000001111001010110011111111101000000011100000101001001011011100000011010011010110001001011111100 2097152.0
runproj limit: 0.2
111010000000101110010001100101100101001100001100001000100001000000001011100000010010011001100000101101 2097152.0
runproj limit: 0.2
101000110000111101100000101111100100111100101100111110011110100100010011111010001110001110010111001010 2097152.0
runproj limit: 0.2
000001010001101100011010010101000100000111000100010100111000010000000100001111010010010100001001111100 2097152.0
runproj limit: 0.2
001101111111101101010011001010011110000111110001111001000110010100100110010001001001000000010001101100 2097152.0
runproj limit: 0.2
100011010101001100000000011111100000010000001111000011001011110011000010010001010110101100100110110100 2097152.0
runproj limit: 0.2
111000000000100110111011110000110101100110001110000100000000011001001001100011010101011101111010111101 2097152.0
runproj limit: 0.2
001010110000011101101000010100100100010110001100100111101010111111110110001011010100111100101000000100 2097152.0
runproj limit: 0.2
001101001111010010001110110101100111001111001100010101000101010101001011010111100000010110001011110100 2097152.0
runproj limit: 0.2
000001000001110101010110010111101001001000010100100101001011011011000010010000010010110001000011011100 2097152.0
runproj limit: 0.2
000100100010011001010000000101001110000101000100010011010001010000110000100011111000000010001101101100 2097152.0
runproj limit: 0.2
000100111111011101110101001001011110000101000001000001010110110100111100100110000010000110000011111100 2097152.0
runproj limit: 0.2
100000100001011001010100100111010110000001001101000101011011010010101000101010110000000010001001011100 2097152.0
runproj limit: 0.2
000011110001101111100000110111100001001100000100010001001110010010011010010000011111010000100001111010 2097152.0
runproj limit: 0.2
000000111111101101010111100011011110000101000001110001010110110100100000010111011010000110001111111100 2097152.0
runproj limit: 0.2
111001101101001100000110100001100101001010011100010101000111010001000010101101010100100111001010111110 2097152.0
best: 1.0
done evolving!
"all is well:)"
>>>>>>>>>>>>>>FINISH OPTIMIZATION>>>>>>>>>>>>>>>
643.48user 212.01system 15:09.33elapsed 94%CPU (0avgtext+0avgdata 109512maxresident)k
1049312inputs+1497800outputs (590major+63331495minor)pagefaults 0swaps
