Optimizing /h/ywang30/nofib/imaginary/rfib
>>>>>>>>>>>>>>>START OPTIMIZATION>>>>>>>>>>>>>>>
pop: 13
gens: 15
arch: 7
limit is: 2.0e-2
runproj limit: 2.0e-2
"All is well :D"
Basetime is: 1048576.0
runproj limit: 2.0e-2
0100 1048576.0
runproj limit: 2.0e-2
0000 1048576.0
runproj limit: 2.0e-2
0000 1048576.0
runproj limit: 2.0e-2
0000 1048576.0
runproj limit: 2.0e-2
0000 1048576.0
runproj limit: 2.0e-2
0010 1048576.0
runproj limit: 2.0e-2
1000 1048576.0
runproj limit: 2.0e-2
0100 1048576.0
runproj limit: 2.0e-2
0000 1048576.0
runproj limit: 2.0e-2
0010 1048576.0
runproj limit: 2.0e-2
0000 1048576.0
runproj limit: 2.0e-2
0000 1048576.0
runproj limit: 2.0e-2
0000 1048576.0
best: 1.0
runproj limit: 2.0e-2
0000 1048576.0
runproj limit: 2.0e-2
0000 1048576.0
runproj limit: 2.0e-2
0110 1048576.0
runproj limit: 2.0e-2
0000 1048576.0
runproj limit: 2.0e-2
1000 1048576.0
runproj limit: 2.0e-2
1000 1048576.0
runproj limit: 2.0e-2
0100 1048576.0
runproj limit: 2.0e-2
1000 1048576.0
runproj limit: 2.0e-2
0000 1048576.0
runproj limit: 2.0e-2
0000 1048576.0
runproj limit: 2.0e-2
0000 1048576.0
runproj limit: 2.0e-2
0110 1048576.0
runproj limit: 2.0e-2
0110 1048576.0
runproj limit: 2.0e-2
0100 1048576.0
runproj limit: 2.0e-2
0000 1048576.0
runproj limit: 2.0e-2
0010 1048576.0
runproj limit: 2.0e-2
1000 1048576.0
best: 1.0
runproj limit: 2.0e-2
0110 1048576.0
runproj limit: 2.0e-2
0010 1048576.0
runproj limit: 2.0e-2
1000 1048576.0
runproj limit: 2.0e-2
0100 1048576.0
runproj limit: 2.0e-2
1000 1048576.0
runproj limit: 2.0e-2
0110 1048576.0
runproj limit: 2.0e-2
0000 1048576.0
runproj limit: 2.0e-2
0100 1048576.0
runproj limit: 2.0e-2
1000 1048576.0
runproj limit: 2.0e-2
0001 1048576.0
runproj limit: 2.0e-2
1001 1048576.0
runproj limit: 2.0e-2
0101 1048576.0
runproj limit: 2.0e-2
0111 1048576.0
runproj limit: 2.0e-2
0000 1048576.0
runproj limit: 2.0e-2
0110 1048576.0
runproj limit: 2.0e-2
1000 1048576.0
runproj limit: 2.0e-2
0100 1048576.0
runproj limit: 2.0e-2
0010 1048576.0
best: 1.0
runproj limit: 2.0e-2
0010 1048576.0
runproj limit: 2.0e-2
0100 1048576.0
runproj limit: 2.0e-2
1000 1048576.0
runproj limit: 2.0e-2
0000 1048576.0
runproj limit: 2.0e-2
0001 1048576.0
runproj limit: 2.0e-2
0001 1048576.0
runproj limit: 2.0e-2
0100 1048576.0
runproj limit: 2.0e-2
0010 1048576.0
runproj limit: 2.0e-2
0110 1048576.0
runproj limit: 2.0e-2
1100 1048576.0
runproj limit: 2.0e-2
1110 1048576.0
runproj limit: 2.0e-2
0111 1048576.0
runproj limit: 2.0e-2
0001 1048576.0
runproj limit: 2.0e-2
0110 1048576.0
runproj limit: 2.0e-2
0010 1048576.0
runproj limit: 2.0e-2
1000 1048576.0
runproj limit: 2.0e-2
0100 1048576.0
runproj limit: 2.0e-2
0000 1048576.0
runproj limit: 2.0e-2
0001 1048576.0
runproj limit: 2.0e-2
1001 1048576.0
best: 1.0
runproj limit: 2.0e-2
0001 1048576.0
runproj limit: 2.0e-2
0101 1048576.0
runproj limit: 2.0e-2
1100 1048576.0
runproj limit: 2.0e-2
1000 1048576.0
runproj limit: 2.0e-2
0110 1048576.0
runproj limit: 2.0e-2
0011 1048576.0
runproj limit: 2.0e-2
0010 1048576.0
runproj limit: 2.0e-2
0100 1048576.0
runproj limit: 2.0e-2
0000 1048576.0
runproj limit: 2.0e-2
0011 1048576.0
runproj limit: 2.0e-2
0010 1048576.0
runproj limit: 2.0e-2
0000 1048576.0
runproj limit: 2.0e-2
0110 1048576.0
runproj limit: 2.0e-2
0010 1048576.0
runproj limit: 2.0e-2
0100 1048576.0
runproj limit: 2.0e-2
1000 1048576.0
runproj limit: 2.0e-2
0000 1048576.0
runproj limit: 2.0e-2
0001 1048576.0
runproj limit: 2.0e-2
0110 1048576.0
runproj limit: 2.0e-2
1100 1048576.0
best: 1.0
runproj limit: 2.0e-2
0011 1048576.0
runproj limit: 2.0e-2
0100 1048576.0
runproj limit: 2.0e-2
1100 1048576.0
runproj limit: 2.0e-2
0001 1048576.0
runproj limit: 2.0e-2
0011 1048576.0
runproj limit: 2.0e-2
0000 1048576.0
runproj limit: 2.0e-2
0000 1048576.0
runproj limit: 2.0e-2
0010 1048576.0
runproj limit: 2.0e-2
0100 1048576.0
runproj limit: 2.0e-2
1011 1048576.0
runproj limit: 2.0e-2
1100 1048576.0
runproj limit: 2.0e-2
0101 1048576.0
runproj limit: 2.0e-2
0110 1048576.0
runproj limit: 2.0e-2
0001 1048576.0
runproj limit: 2.0e-2
0101 1048576.0
runproj limit: 2.0e-2
1100 1048576.0
runproj limit: 2.0e-2
1000 1048576.0
runproj limit: 2.0e-2
0110 1048576.0
runproj limit: 2.0e-2
0011 1048576.0
runproj limit: 2.0e-2
0010 1048576.0
best: 1.0
runproj limit: 2.0e-2
1000 1048576.0
runproj limit: 2.0e-2
1100 1048576.0
runproj limit: 2.0e-2
0000 1048576.0
runproj limit: 2.0e-2
0100 1048576.0
runproj limit: 2.0e-2
0100 1048576.0
runproj limit: 2.0e-2
0100 1048576.0
runproj limit: 2.0e-2
0001 1048576.0
runproj limit: 2.0e-2
0011 1048576.0
runproj limit: 2.0e-2
0100 1048576.0
runproj limit: 2.0e-2
0011 1048576.0
runproj limit: 2.0e-2
0101 1048576.0
runproj limit: 2.0e-2
1001 1048576.0
runproj limit: 2.0e-2
0010 1048576.0
runproj limit: 2.0e-2
0011 1048576.0
runproj limit: 2.0e-2
0100 1048576.0
runproj limit: 2.0e-2
1100 1048576.0
runproj limit: 2.0e-2
0001 1048576.0
runproj limit: 2.0e-2
0000 1048576.0
runproj limit: 2.0e-2
0010 1048576.0
runproj limit: 2.0e-2
1011 1048576.0
best: 1.0
runproj limit: 2.0e-2
0001 1048576.0
runproj limit: 2.0e-2
1001 1048576.0
runproj limit: 2.0e-2
0001 1048576.0
runproj limit: 2.0e-2
0010 1048576.0
runproj limit: 2.0e-2
0001 1048576.0
runproj limit: 2.0e-2
0011 1048576.0
runproj limit: 2.0e-2
0000 1048576.0
runproj limit: 2.0e-2
0100 1048576.0
runproj limit: 2.0e-2
0100 1048576.0
runproj limit: 2.0e-2
1010 1048576.0
runproj limit: 2.0e-2
1011 1048576.0
runproj limit: 2.0e-2
0110 1048576.0
runproj limit: 2.0e-2
1101 1048576.0
runproj limit: 2.0e-2
1000 1048576.0
runproj limit: 2.0e-2
1100 1048576.0
runproj limit: 2.0e-2
0000 1048576.0
runproj limit: 2.0e-2
0100 1048576.0
runproj limit: 2.0e-2
0001 1048576.0
runproj limit: 2.0e-2
0011 1048576.0
runproj limit: 2.0e-2
0101 1048576.0
best: 1.0
runproj limit: 2.0e-2
0001 1048576.0
runproj limit: 2.0e-2
0110 1048576.0
runproj limit: 2.0e-2
0101 1048576.0
runproj limit: 2.0e-2
1000 1048576.0
runproj limit: 2.0e-2
1101 1048576.0
runproj limit: 2.0e-2
0101 1048576.0
runproj limit: 2.0e-2
1100 1048576.0
runproj limit: 2.0e-2
1011 1048576.0
runproj limit: 2.0e-2
0100 1048576.0
runproj limit: 2.0e-2
1010 1048576.0
runproj limit: 2.0e-2
0000 1048576.0
runproj limit: 2.0e-2
1000 1048576.0
runproj limit: 2.0e-2
1001 1048576.0
runproj limit: 2.0e-2
0001 1048576.0
runproj limit: 2.0e-2
1001 1048576.0
runproj limit: 2.0e-2
0010 1048576.0
runproj limit: 2.0e-2
0011 1048576.0
runproj limit: 2.0e-2
0000 1048576.0
runproj limit: 2.0e-2
0100 1048576.0
runproj limit: 2.0e-2
1010 1048576.0
best: 1.0
runproj limit: 2.0e-2
0111 1048576.0
runproj limit: 2.0e-2
1011 1048576.0
runproj limit: 2.0e-2
1001 1048576.0
runproj limit: 2.0e-2
1000 1048576.0
runproj limit: 2.0e-2
1001 1048576.0
runproj limit: 2.0e-2
0100 1048576.0
runproj limit: 2.0e-2
1101 1048576.0
runproj limit: 2.0e-2
1000 1048576.0
runproj limit: 2.0e-2
1000 1048576.0
runproj limit: 2.0e-2
1000 1048576.0
runproj limit: 2.0e-2
0010 1048576.0
runproj limit: 2.0e-2
1100 1048576.0
runproj limit: 2.0e-2
1110 1048576.0
runproj limit: 2.0e-2
0001 1048576.0
runproj limit: 2.0e-2
0110 1048576.0
runproj limit: 2.0e-2
0101 1048576.0
runproj limit: 2.0e-2
1000 1048576.0
runproj limit: 2.0e-2
1101 1048576.0
runproj limit: 2.0e-2
1100 1048576.0
runproj limit: 2.0e-2
1011 1048576.0
best: 1.0
runproj limit: 2.0e-2
1000 1048576.0
runproj limit: 2.0e-2
0001 1048576.0
runproj limit: 2.0e-2
0010 1048576.0
runproj limit: 2.0e-2
1100 1048576.0
runproj limit: 2.0e-2
1000 1048576.0
runproj limit: 2.0e-2
0000 1048576.0
runproj limit: 2.0e-2
0000 1048576.0
runproj limit: 2.0e-2
0110 1048576.0
runproj limit: 2.0e-2
0100 1048576.0
runproj limit: 2.0e-2
0111 1048576.0
runproj limit: 2.0e-2
0101 1048576.0
runproj limit: 2.0e-2
0111 1048576.0
runproj limit: 2.0e-2
0000 1048576.0
runproj limit: 2.0e-2
0111 1048576.0
runproj limit: 2.0e-2
1011 1048576.0
runproj limit: 2.0e-2
1001 1048576.0
runproj limit: 2.0e-2
1000 1048576.0
runproj limit: 2.0e-2
0100 1048576.0
runproj limit: 2.0e-2
1101 1048576.0
runproj limit: 2.0e-2
0010 1048576.0
best: 1.0
runproj limit: 2.0e-2
0010 1048576.0
runproj limit: 2.0e-2
0000 1048576.0
runproj limit: 2.0e-2
0100 1048576.0
runproj limit: 2.0e-2
0100 1048576.0
runproj limit: 2.0e-2
1010 1048576.0
runproj limit: 2.0e-2
0000 1048576.0
runproj limit: 2.0e-2
0101 1048576.0
runproj limit: 2.0e-2
0001 1048576.0
runproj limit: 2.0e-2
1001 1048576.0
runproj limit: 2.0e-2
1101 1048576.0
runproj limit: 2.0e-2
1010 1048576.0
runproj limit: 2.0e-2
1100 1048576.0
runproj limit: 2.0e-2
0010 1048576.0
runproj limit: 2.0e-2
1000 1048576.0
runproj limit: 2.0e-2
0001 1048576.0
runproj limit: 2.0e-2
0010 1048576.0
runproj limit: 2.0e-2
1100 1048576.0
runproj limit: 2.0e-2
0000 1048576.0
runproj limit: 2.0e-2
0110 1048576.0
runproj limit: 2.0e-2
0100 1048576.0
best: 1.0
runproj limit: 2.0e-2
1010 1048576.0
runproj limit: 2.0e-2
1100 1048576.0
runproj limit: 2.0e-2
0100 1048576.0
runproj limit: 2.0e-2
1100 1048576.0
runproj limit: 2.0e-2
0010 1048576.0
runproj limit: 2.0e-2
1010 1048576.0
runproj limit: 2.0e-2
1100 1048576.0
runproj limit: 2.0e-2
0000 1048576.0
runproj limit: 2.0e-2
1011 1048576.0
runproj limit: 2.0e-2
0101 1048576.0
runproj limit: 2.0e-2
0000 1048576.0
runproj limit: 2.0e-2
0010 1048576.0
runproj limit: 2.0e-2
0100 1048576.0
runproj limit: 2.0e-2
0010 1048576.0
runproj limit: 2.0e-2
0000 1048576.0
runproj limit: 2.0e-2
0100 1048576.0
runproj limit: 2.0e-2
1010 1048576.0
runproj limit: 2.0e-2
0101 1048576.0
runproj limit: 2.0e-2
0001 1048576.0
runproj limit: 2.0e-2
1001 1048576.0
best: 1.0
runproj limit: 2.0e-2
1010 1048576.0
runproj limit: 2.0e-2
0101 1048576.0
runproj limit: 2.0e-2
0101 1048576.0
runproj limit: 2.0e-2
1100 1048576.0
runproj limit: 2.0e-2
1000 1048576.0
runproj limit: 2.0e-2
0100 1048576.0
runproj limit: 2.0e-2
1010 1048576.0
runproj limit: 2.0e-2
0100 1048576.0
runproj limit: 2.0e-2
1110 1048576.0
runproj limit: 2.0e-2
1011 1048576.0
runproj limit: 2.0e-2
1100 1048576.0
runproj limit: 2.0e-2
1011 1048576.0
runproj limit: 2.0e-2
0010 1048576.0
runproj limit: 2.0e-2
1010 1048576.0
runproj limit: 2.0e-2
1100 1048576.0
runproj limit: 2.0e-2
0100 1048576.0
runproj limit: 2.0e-2
0010 1048576.0
runproj limit: 2.0e-2
0000 1048576.0
runproj limit: 2.0e-2
1011 1048576.0
runproj limit: 2.0e-2
0101 1048576.0
best: 1.0
runproj limit: 2.0e-2
1100 1048576.0
runproj limit: 2.0e-2
0100 1048576.0
runproj limit: 2.0e-2
0101 1048576.0
runproj limit: 2.0e-2
1011 1048576.0
runproj limit: 2.0e-2
0001 1048576.0
runproj limit: 2.0e-2
1110 1048576.0
runproj limit: 2.0e-2
1011 1048576.0
runproj limit: 2.0e-2
0100 1048576.0
runproj limit: 2.0e-2
0111 1048576.0
runproj limit: 2.0e-2
1010 1048576.0
runproj limit: 2.0e-2
1100 1048576.0
runproj limit: 2.0e-2
0000 1048576.0
runproj limit: 2.0e-2
0111 1048576.0
runproj limit: 2.0e-2
1010 1048576.0
runproj limit: 2.0e-2
0101 1048576.0
runproj limit: 2.0e-2
1100 1048576.0
runproj limit: 2.0e-2
1000 1048576.0
runproj limit: 2.0e-2
0100 1048576.0
runproj limit: 2.0e-2
1110 1048576.0
runproj limit: 2.0e-2
1011 1048576.0
best: 1.0
done evolving!
"all is well:)"
>>>>>>>>>>>>>>FINISH OPTIMIZATION>>>>>>>>>>>>>>>
424.33user 503.06system 17:07.93elapsed 90%CPU (0avgtext+0avgdata 135544maxresident)k
1090928inputs+1457048outputs (580major+62133584minor)pagefaults 0swaps
