Optimizing /h/ywang30/nofib/spectral/sorting
>>>>>>>>>>>>>>>START OPTIMIZATION>>>>>>>>>>>>>>>
pop: 13
gens: 15
arch: 7
limit is: 0.0
runproj limit: 0.0
"All is well :D"
Basetime is: 1048576.0
runproj limit: 0.0
"timed out"
01000000000000,01000000000000000000100000000000000000000000100000000010000000001010000000100110000000000000000000000000000001000000001001000000000000000000010001001010000000100110100001100000000000 2097152.0
runproj limit: 0.0
"timed out"
00100000001000,00100000001000000001000000000011000000000000000000000000000000010010000000000000000000000000000000000000001000000010000001000000000000010000000000000000000000100000100000000000000000 2097152.0
runproj limit: 0.0
"timed out"
00000000000100,00000000000100000010000010011010000000000000110000010000100000000000000000001000001000000000000000010000001000010001001100000001000000000000100000000010000000010000110000000000000010 2097152.0
runproj limit: 0.0
"timed out"
00000000000100,00000000000100000010000010100000000010100100000000010000000001100000000010000000000000000000000000010000010000000000000001000100000000000000000000000000100000000001000000000001000000 2097152.0
runproj limit: 0.0
"timed out"
00000000000000,00000000000000000000000001000110000000001001000001100000000000000000000000000000000000000100010001000000000000000000000000000100001000000000001001000000010000000000010000000010000000 2097152.0
runproj limit: 0.0
"timed out"
00100000100100,00100000100100000000000100001000000000000000000010000000000000001100000001000000000010000000000101000000000000010000010010000100100010000000000000100010000000000000010000001000000000 2097152.0
runproj limit: 0.0
"timed out"
10000000000000,10000000000000000000000000110001010100001000000100000001000001000000101000000000000001010000000000000000110000001000000000000010100000010010000000000000100000000000000001001001000000 2097152.0
runproj limit: 0.0
"timed out"
01000000000011,01000000000011000000001000000000000000000000001000000100000010100000000000000000000100110000100001000000010000000010100000000000000000000001000010001001000000100100000000010000000100 2097152.0
runproj limit: 0.0
"timed out"
00001000000000,00001000000000000000001000001000000000000000000001000001000000001000001001000000000000000001000000000000000101000001000000000000000000000000001001000100010010001100100000001001000000 2097152.0
runproj limit: 0.0
"timed out"
00000000000000,00000000000000000000000000000000000000000000000000000000000000000000000000000000000000000000000000000000000000000000000000000000000000000000000000000000000000000000000000000000000000 2097152.0
runproj limit: 0.0
"timed out"
00000000000000,00000000000000000000000000000000000000000000000000000000000000000000000000000000000000000000000000000000000000000000000000000000000000000000000000000000000000000000000000000000000000 2097152.0
runproj limit: 0.0
"timed out"
00000000000000,00000000000000000000000000000000000000000000000000000000000000000000000000000000000000000000000000000000000000000000000000000000000000000000000000000000000000000000000000000000000000 2097152.0
runproj limit: 0.0
"timed out"
00000000000000,00000000000000000000000000000000000000000000000000000000000000000000000000000000000000000000000000000000000000000000000000000000000000000000000000000000000000000000000000000000000000 2097152.0
best: 2.0
runproj limit: 0.0
"timed out"
00000000000000,00000000000000000010000000001110000000001000110001010000100000000000000000000000000000000100010000010000000000010001001100000100001000000000100000000000010000010000010000000010000000 2097152.0
runproj limit: 0.0
"timed out"
00000000000100,00000000000100000000000010011001000000000000110000010000000000000000101000000000000001010000000000010000010000000001001100000001000000000000100000000000100000000000100001001000000000 2097152.0
runproj limit: 0.0
"timed out"
01100000100100,01100000100100000000000100000000000000000000000000000000000000001000000001000110000010000000000000000000000001000000011001000100000000000000010001000010000000000110000001101000000000 2097152.0
runproj limit: 0.0
"timed out"
00000000000000,00000000000000000000000000000000000000000000000001000000000000000000001000000000000000000001000000000000000000000001000000000000000000000000001000000000010010000100100000000001000000 2097152.0
runproj limit: 0.0
"timed out"
10100000000000,10100000000000000001000000110001000100001000000000000000000001000000001000000000000001010000000000000000110000000000000001000000000000010000000000000000100000100000000001000000000000 2097152.0
runproj limit: 0.0
"timed out"
10001000000000,10001000000000000000001000011001010100000000000101000001000001001000101000000000000000000001000000000000010100001000000000000010000000010000001000000100010010000100100001001001000000 2097152.0
runproj limit: 0.0
"timed out"
01000000000000,01000000000000000000000000000000000000000000000000000100000010000000000000000000000000100000100001000000000000000010000000000000000000000001000000001000000000000000000000010000000000 2097152.0
runproj limit: 0.0
"timed out"
10000000000000,10000000000000000000000000010000010100001000000101000000000000000000101000000000000001000100010001000000100000000000000000000100101000000010000000000000100000000000000000000000000000 2097152.0
runproj limit: 0.0
"timed out"
00100000001111,00100000001111001001000110000001000000100000010001000111001010010010100011000100000000110001000010001000101010000110000101101000001000010000000010000101000000100010000101000011000001 2097152.0
runproj limit: 0.0
"timed out"
00000100000010,00000100000010010110011001000111011110001000010100100000000100000000000000000000000110101100111001000001000000100001000010010000001100000001101000100000010000100001000100000010011010 2097152.0
runproj limit: 0.0
"timed out"
00001100110001,00001100110001100111100001010000000100100000110000001011001000001010001000000110001010100001001001011001001001000000001011100010001000110000001001001011001000100110100001110010010100 2097152.0
runproj limit: 0.0
"timed out"
01100100000110,01100100000110000101001100010000100000000000000001010100010001101100000101000010001011000001010101101000001111010001000110000100100010110010010001101010000000000100011010001000000100 2097152.0
runproj limit: 0.0
"timed out"
01100101001100,01100101001100000110000010001010001000100000100111101100100000000000000100001000001000010001011110001000011000010011001101001001000000000001100000000010011000000000110000110000001011 2097152.0
runproj limit: 0.0
"timed out"
01000000000000,01000000000000000000100000000000000000000000100000000010000000001010000000100110000000000000000000000000000001000000001001000000000000000000010001001010000000100110100001100000000000 2097152.0
runproj limit: 0.0
"timed out"
00100000001000,00100000001000000001000000000011000000000000000000000000000000010010000000000000000000000000000000000000001000000010000001000000000000010000000000000000000000100000100000000000000000 2097152.0
runproj limit: 0.0
"timed out"
00000000000100,00000000000100000010000010011010000000000000110000010000100000000000000000001000001000000000000000010000001000010001001100000001000000000000100000000010000000010000110000000000000010 2097152.0
runproj limit: 0.0
"timed out"
00000000000100,00000000000100000010000010100000000010100100000000010000000001100000000010000000000000000000000000010000010000000000000001000100000000000000000000000000100000000001000000000001000000 2097152.0
runproj limit: 0.0
"timed out"
00000000000000,00000000000000000000000001000110000000001001000001100000000000000000000000000000000000000100010001000000000000000000000000000100001000000000001001000000010000000000010000000010000000 2097152.0
runproj limit: 0.0
"timed out"
00100000100100,00100000100100000000000100001000000000000000000010000000000000001100000001000000000010000000000101000000000000010000010010000100100010000000000000100010000000000000010000001000000000 2097152.0
runproj limit: 0.0
"timed out"
10000000000000,10000000000000000000000000110001010100001000000100000001000001000000101000000000000001010000000000000000110000001000000000000010100000010010000000000000100000000000000001001001000000 2097152.0
best: 2.0
runproj limit: 0.0
"timed out"
00100000000000,00100000000000000000000000010000000100000000000000000100000011000000001000000000000001110000000001000000110000000010000001000000000000000001000000001000100000100000000001000000000000 2097152.0
runproj limit: 0.0
"timed out"
01100000000100,01100000000100000000000100000000100000000000000001000100010001001000000101000110000010000000010101101000001011010000000001000100000000000010010001100010000000000110000000001000000100 2097152.0
runproj limit: 0.0
"timed out"
00000100100100,00000100100100100111000001000000000110100100110000000000001000101010000010000000000010000001000000011001001001000000000001000110001000110000001001000011100000100101000001010010010100 2097152.0
runproj limit: 0.0
"timed out"
00100000000000,00100000000000000001000000000011000000001000000000000000000000000000001000000000000001000000000000000000011000000010000001000000000000010000000000000000100000100000100000000000000000 2097152.0
runproj limit: 0.0
"timed out"
01000000100100,01000000100100000000100100000000000000000000100000000000000000001010000001000110000000000000000000000000000001000000001001000000000000000000010001000010000000100110000001101000000000 2097152.0
runproj limit: 0.0
"timed out"
00000000000000,00000000000000000010000000100000000000100100000001000000000001100000001000000000000000000001000000000000000000000001000000000000000000000000001000000000000010000001000000000001000000 2097152.0
runproj limit: 0.0
"timed out"
00000000001101,00000000001101000001000010001111000000101000010001010111100000010010000000000100000000000001010000010000000010010110000100101100001000010000100010000000010000110010000101000011000001 2097152.0
runproj limit: 0.0
"timed out"
00100100000010,00100100000010000101001101010111000010000000010001110100010000000000000000000010000110100100111001101000000000010001000110010100100110110010000001101000010000000000001100000000010000 2097152.0
runproj limit: 0.0
"timed out"
00100000100100,00100000100100100001010101001010000000010011100100000001001000001100001100011011000010100000000111000111001101110100111010100111110110000110000000101010000010000100110000000010010001 2097152.0
runproj limit: 0.0
"timed out"
01010000000100,01010000000100000100000000010001000000100000111000000000001001101111000101100111010001000000001011010001000101001010000101100000011010000001011011001011000000100110111100100000000000 2097152.0
runproj limit: 0.0
"timed out"
11110100000011,11110100000011110101101100010110100000110001001000011101100011000110100001000011101101101001000100101010000011000011100110000000100010111010100000100010101001001000001100010111001100 2097152.0
runproj limit: 0.0
"timed out"
01010100010001,01010100010001011101101110010000111110100001010000010000110000101100001111000010000110000001011000011010011010010001100000000101000000010100100000101101000001100100111010000000000100 2097152.0
runproj limit: 0.0
"timed out"
00110100001110,00110100001110010001011111001111011011100101010001001111101010000011110010100010010000110101001010100101110010010111001101101000011000011100001010100001001010100010000100100111100011 2097152.0
runproj limit: 0.0
"timed out"
00000000000000,00000000000000000010000000001110000000001000110001010000100000000000000000000000000000000100010000010000000000010001001100000100001000000000100000000000010000010000010000000010000000 2097152.0
runproj limit: 0.0
"timed out"
00000000000100,00000000000100000000000010011001000000000000110000010000000000000000101000000000000001010000000000010000010000000001001100000001000000000000100000000000100000000000100001001000000000 2097152.0
runproj limit: 0.0
"timed out"
01100000100100,01100000100100000000000100000000000000000000000000000000000000001000000001000110000010000000000000000000000001000000011001000100000000000000010001000010000000000110000001101000000000 2097152.0
runproj limit: 0.0
"timed out"
00000000000000,00000000000000000000000000000000000000000000000001000000000000000000001000000000000000000001000000000000000000000001000000000000000000000000001000000000010010000100100000000001000000 2097152.0
runproj limit: 0.0
"timed out"
10100000000000,10100000000000000001000000110001000100001000000000000000000001000000001000000000000001010000000000000000110000000000000001000000000000010000000000000000100000100000000001000000000000 2097152.0
runproj limit: 0.0
"timed out"
10001000000000,10001000000000000000001000011001010100000000000101000001000001001000101000000000000000000001000000000000010100001000000000000010000000010000001000000100010010000100100001001001000000 2097152.0
runproj limit: 0.0
"timed out"
01000000000000,01000000000000000000000000000000000000000000000000000100000010000000000000000000000000100000100001000000000000000010000000000000000000000001000000001000000000000000000000010000000000 2097152.0
best: 2.0
runproj limit: 0.0
"timed out"
01010000000100,01010000000100100101000001001000000000010000111000000001001000001111001101100111000000100000000111000111000101110010110100100101111110000101001000001010000010100110111100000000010000 2097152.0
runproj limit: 0.0
"timed out"
01000000000000,01000000000000000001000000000000000000001000000000000100000000000000001000000000000001000000000001000000010000000010000001000000000000000000000000001000100000000000000000010000000000 2097152.0
runproj limit: 0.0
"timed out"
10000100100100,10000100100100000101000000010001000100000100010101000000001001001010001010000000000010000001000000001000001101000000000001000010001000010000001001000001110010000101100001010000010100 2097152.0
runproj limit: 0.0
"timed out"
00000000000000,00000000000000100011000000000000000010000000010001000000001000001000001010000000000010000001000000000001000000000000000000000000001000100000001000000010110000100100000000010001000000 2097152.0
runproj limit: 0.0
"timed out"
00000000000101,00000000000101000101000010010011000000100000010001010101000001110110000001000110010000000000011011010000000001000010000100100100011010000001111010000000010000110110101100000001000000 2097152.0
runproj limit: 0.0
"timed out"
00000000000100,00000000000100000000000010000001000000000000110000000100000000000000101000000000000001000000000000010000010000000001001100000000000000000001000000000000000000000000100000001000000000 2097152.0
runproj limit: 0.0
"timed out"
01100000100100,01100000100100000000000100000000000000010010000100000000001000001100001101000011000010000000000111000100000101100100011001100111110110000010000000000010000000000110110000001000010001 2097152.0
runproj limit: 0.0
"timed out"
10100000000000,10100000000000000001000000010001000100001000000000000000000000000000001000000000000001000000000000000000110000000010000001000000000000010000000000000000100000100000100000000000000000 2097152.0
runproj limit: 0.0
"timed out"
00000000001101,00000000001101000001000010101111100000101100010001010111001010000010000100100111110110100111010011111000000010011110000101101111101001000010100110000000010101111010000001001010101000 2097152.0
runproj limit: 0.0
"timed out"
01101000000010,01101000000010000000010000001000001100101001000000000101100001001001011000110000001011110010101001110110110001100010110011010000000000000001000010010001100000100010000001000010000000 2097152.0
runproj limit: 0.0
"timed out"
01100100110101,01100100110101111011000001000000000100100101110010011010011000111010110110001010100001010001000000111000000001001001000011100101001010000011001011001011100110001101110001011010100000 2097152.0
runproj limit: 0.0
"timed out"
11100101000011,11100101000011100101110101110111100010100001011000001101100111010110100000010000101101101101010100111001010001100111101110000001100001111010110000110010000000001000011000110001000001 2097152.0
runproj limit: 0.0
"timed out"
01000100000000,01000100000000001001101011011111101010100001010000010001110000000000001111000011000111001001011000001011010110011101100000010010001001110110001101100101110001100100000010010110111000 2097152.0
runproj limit: 0.0
"timed out"
00100000000000,00100000000000000000000000010000000100000000000000000100000011000000001000000000000001110000000001000000110000000010000001000000000000000001000000001000100000100000000001000000000000 2097152.0
runproj limit: 0.0
"timed out"
01100000000100,01100000000100000000000100000000100000000000000001000100010001001000000101000110000010000000010101101000001011010000000001000100000000000010010001100010000000000110000000001000000100 2097152.0
runproj limit: 0.0
"timed out"
00000100100100,00000100100100100111000001000000000110100100110000000000001000101010000010000000000010000001000000011001001001000000000001000110001000110000001001000011100000100101000001010010010100 2097152.0
runproj limit: 0.0
"timed out"
00100000000000,00100000000000000001000000000011000000001000000000000000000000000000001000000000000001000000000000000000011000000010000001000000000000010000000000000000100000100000100000000000000000 2097152.0
runproj limit: 0.0
"timed out"
01000000100100,01000000100100000000100100000000000000000000100000000000000000001010000001000110000000000000000000000000000001000000001001000000000000000000010001000010000000100110000001101000000000 2097152.0
runproj limit: 0.0
"timed out"
00000000000000,00000000000000000010000000100000000000100100000001000000000001100000001000000000000000000001000000000000000000000001000000000000000000000000001000000000000010000001000000000001000000 2097152.0
runproj limit: 0.0
"timed out"
00000000001101,00000000001101000001000010001111000000101000010001010111100000010010000000000100000000000001010000010000000010010110000100101100001000010000100010000000010000110010000101000011000001 2097152.0
best: 2.0
runproj limit: 0.0
"timed out"
00000100100100,00000100100100000101000010000010000010100100110001010000000001100110000000000000010010000000001000011000000001000010000100000110011010100001111011000010010000100100100001000000010100 2097152.0
runproj limit: 0.0
"timed out"
01000000001100,01000000001100000000000110001010000000010010000101010111100000000010000101000011000000000001010001000100000001000100001100100100000000010010100010000010010000110110110001000000010001 2097152.0
runproj limit: 0.0
"timed out"
01100100000000,01100100000000000001000001001000001110100101110000000101000000101000011000110000001011010000000000010101000001100000100001010000001000110000000000000001100000100110000001010010000100 2097152.0
runproj limit: 0.0
"timed out"
00100000000101,00100000000101000001000000001111000000101000010000010001100000010000000000000000000000000000010000010000011000010110000100101100000000010000000000000000010000110000100000000011000000 2097152.0
runproj limit: 0.0
"timed out"
00000000000001,00000000000001000001000010101101100100101100010000010111000000000000000100000001110011000010010001010000110010010110000001001000100000010000100000000000110001111000000000000000100000 2097152.0
runproj limit: 0.0
"timed out"
01100000000100,01100000000100000010000100000000000000100000000001000000010001001000000001000010000010000001000101000000000000000000000001000000000000000000011001000010000010000111000000000000000000 2097152.0
runproj limit: 0.0
"timed out"
11110100000100,11110100000100100101010001111110000010100001011000001101101011010111100000110010100000100001010101011111010101110011111100100001110111011111000000000010000000101100111100000001010000 2097152.0
runproj limit: 0.0
"timed out"
01000000000000,01000000000000100011000000000000000010000000010001000100000000001000001000000000000001000000000001000001000000000010000001000000000000100000000000001010100000100100000000010000000000 2097152.0
runproj limit: 0.0
"timed out"
01110010001101,01110010001101000110010000001010101000011000111000000000000101101111001101010110010101101010000111000111100111111110111100100111100110001111011011101001100000110100010000000000011000 2097152.0
runproj limit: 0.0
"timed out"
00010000110100,00010000110100010000010100000000000010010010010111001011001110001101000001000011010111000111000101010110100101000100100001100111100010110010001010000100001000100010111110001000000001 2097152.0
runproj limit: 0.0
"timed out"
01101001000100,01101001000100000000101001000000100000000000000001010000010000100011000101100110001011010000011100101010011111111000100001110101100000011010000001000000000100000100101000001001000110 2097152.0
runproj limit: 0.0
"timed out"
00000101101000,00000101101000001101100010011001000100010100010100100000011001101010001100000010100011100001000010000100101001011101000001010010000001010010000000000000110000000100110001000100010100 2097152.0
runproj limit: 0.0
"timed out"
00010000000100,00010000000100100001111001101000100010000010111000110101101100001111001101000101110000110000101111000110100001000110110100010100011111010111000111001011000000110110111001000000111010 2097152.0
runproj limit: 0.0
"timed out"
01010000000100,01010000000100100101000001001000000000010000111000000001001000001111001101100111000000100000000111000111000101110010110100100101111110000101001000001010000010100110111100000000010000 2097152.0
runproj limit: 0.0
"timed out"
01000000000000,01000000000000000001000000000000000000001000000000000100000000000000001000000000000001000000000001000000010000000010000001000000000000000000000000001000100000000000000000010000000000 2097152.0
runproj limit: 0.0
"timed out"
10000100100100,10000100100100000101000000010001000100000100010101000000001001001010001010000000000010000001000000001000001101000000000001000010001000010000001001000001110010000101100001010000010100 2097152.0
runproj limit: 0.0
"timed out"
00000000000000,00000000000000100011000000000000000010000000010001000000001000001000001010000000000010000001000000000001000000000000000000000000001000100000001000000010110000100100000000010001000000 2097152.0
runproj limit: 0.0
"timed out"
00000000000101,00000000000101000101000010010011000000100000010001010101000001110110000001000110010000000000011011010000000001000010000100100100011010000001111010000000010000110110101100000001000000 2097152.0
runproj limit: 0.0
"timed out"
00000000000100,00000000000100000000000010000001000000000000110000000100000000000000101000000000000001000000000000010000010000000001001100000000000000000001000000000000000000000000100000001000000000 2097152.0
runproj limit: 0.0
"timed out"
01100000100100,01100000100100000000000100000000000000010010000100000000001000001100001101000011000010000000000111000100000101100100011001100111110110000010000000000010000000000110110000001000010001 2097152.0
best: 2.0
runproj limit: 0.0
"timed out"
00010000100000,00010000100000001100000110010001000100010000010110000011011111101100001000000011010011000011000010000100100101001101100001100010100011010010001000000100101000000000110100000100010001 2097152.0
runproj limit: 0.0
"timed out"
00000000000000,00000000000000100001000010101100100100100100010001000110000000000000001000000001000011000000000001010000100010010110000001001000000000110000000000000010100001111100000000010000100000 2097152.0
runproj limit: 0.0
"timed out"
01100000100000,01100000100000000000000100000000000000000010000100000100000000000100001000000001000011000000000001000000010001000000011001100100110000000000000000000000100000000100010000011000000001 2097152.0
runproj limit: 0.0
"timed out"
01000000000101,01000000000101000000000100000011000000100000000001010001010001111100000001000010010000000000001101010000000001000010000000000100011000000000011010000010000010010111100100000001000000 2097152.0
runproj limit: 0.0
"timed out"
01100000000100,01100000000100000010000100000000000000100000000001000000010001001000000001000010000010000001000101000000000000000000000001000000000000000000011001000010000010000111000000000000000000 2097152.0
runproj limit: 0.0
"timed out"
01000000000100,01000000000100100011000000000000000010100000000001000100010001001000001001000000000011000000000101000000000000000010000001000000000000000000000001001010000000000101000000000000000000 2097152.0
runproj limit: 0.0
"timed out"
10010100100100,10010100100100100101000010100010000010100000111000001100001001100110000000100000100010100000000001011101000001100011000100100001111011110001111001000010010000101100100100000001010000 2097152.0
runproj limit: 0.0
"timed out"
01100101100100,01100101100100000001000100000000000000010100000000000000011001101000001100000010000010000001000110000100001000001100000001000000000000000010001001000010100000000101000000000100010100 2097152.0
runproj limit: 0.0
"timed out"
00100000000110,00100000000110000001010000000000000000000000111001011100100010000001100001000000001001100000000000110010111001100000001110000000001101000000010100100010110101000010100100011000000001 2097152.0
runproj limit: 0.0
"timed out"
10110001101000,10110001101000001101000010010010000110011101110100111011011101111110101010000110100011110001000010000100100100011101100010000010010000010111000010010100110000100101010100000001011101 2097152.0
runproj limit: 0.0
"timed out"
10110110101110,10110110101110001110010010000010001101011100101100010000101010001001101000010110011101101010000110001001100010111110111100000110010010001011000010101101010100111001010100000000011100 2097152.0
runproj limit: 0.0
"timed out"
01010000100010,01010000100010110011000000010010101110000000000001000100110101001101001010100000010001001101100000110000100000100010000001001011000011100011000100101010100010100111100000000101011000 2097152.0
runproj limit: 0.0
"timed out"
00000100000110,00000100000110110100010010001010110000100000010101010111000001010010110001001000001001100000010100000101000001010000101110000011001010000001010111101100010101110000000000011000010101 2097152.0
runproj limit: 0.0
"timed out"
00000100100100,00000100100100000101000010000010000010100100110001010000000001100110000000000000010010000000001000011000000001000010000100000110011010100001111011000010010000100100100001000000010100 2097152.0
runproj limit: 0.0
"timed out"
01000000001100,01000000001100000000000110001010000000010010000101010111100000000010000101000011000000000001010001000100000001000100001100100100000000010010100010000010010000110110110001000000010001 2097152.0
runproj limit: 0.0
"timed out"
01100100000000,01100100000000000001000001001000001110100101110000000101000000101000011000110000001011010000000000010101000001100000100001010000001000110000000000000001100000100110000001010010000100 2097152.0
runproj limit: 0.0
"timed out"
00100000000101,00100000000101000001000000001111000000101000010000010001100000010000000000000000000000000000010000010000011000010110000100101100000000010000000000000000010000110000100000000011000000 2097152.0
runproj limit: 0.0
"timed out"
00000000000001,00000000000001000001000010101101100100101100010000010111000000000000000100000001110011000010010001010000110010010110000001001000100000010000100000000000110001111000000000000000100000 2097152.0
runproj limit: 0.0
"timed out"
01100000000100,01100000000100000010000100000000000000100000000001000000010001001000000001000010000010000001000101000000000000000000000001000000000000000000011001000010000010000111000000000000000000 2097152.0
runproj limit: 0.0
"timed out"
11110100000100,11110100000100100101010001111110000010100001011000001101101011010111100000110010100000100001010101011111010101110011111100100001110111011111000000000010000000101100111100000001010000 2097152.0
best: 2.0
runproj limit: 0.0
"timed out"
00100010100110,00100010100110001110000000000111000001011000101100010000100010010001100000010110011100000010000010010000111010011110101100101110000010011010000000101001010000111000100000000001000100 2097152.0
runproj limit: 0.0
"timed out"
00100000000110,00100000000110000100010000001010010000100000010001010001000001010010100001001000000001000000010100000001010000010100001100001011001000010001010110101100010100110000000000001000000100 2097152.0
runproj limit: 0.0
"timed out"
10010100000101,10010100000101000100000100000010000000100000100000011100000001110100000000100010110000000000001101011000000001100011000100000100111010000001111001000010000010100111100100000001010000 2097152.0
runproj limit: 0.0
"timed out"
00000000000100,00000000000100110011010000000010000010100000010101010101000001010010010001001000000001000000010100000001000001010000101011000010001000000000010101001010010100100100000000010000000000 2097152.0
runproj limit: 0.0
"timed out"
00000100000000,00000100000000100001000010101000100100100100010000000101000000000000001000010001000011000000000000010001100010100010000001010000000000110000000000000011100001101100000001010000000100 2097152.0
runproj limit: 0.0
"timed out"
01000000001000,01000000001000000001000001001000000100000100010101010111100000000000001101100010001000010001000000000100000001000000000101100000000000010010000000000010100000100110110001000000000001 2097152.0
runproj limit: 0.0
"timed out"
00000000001100,00000000001100001100000110001011000100010000010111000011010110100000001001000011000001000001000011000100000101000100101101100000100011010010000010000100000000010110110000000000010001 2097152.0
runproj limit: 0.0
"timed out"
01100001100100,01100001100100000011000100000000000000110000000000000000011001001000000001000010000010000001000101000100001000000100000001000000000000000010001001000010100010000101000000000100000000 2097152.0
runproj limit: 0.0
"timed out"
00010100000110,00010100000110101000100101110011001001110111000101010000010001011101000001011000010000110100100101010001101101000110000001010110111000000000010010000010110010110111100100110011000000 2097152.0
runproj limit: 0.0
"timed out"
00111111000101,00111111000101110101000000110010100100000101111000000101101101011100001110001101010001111100101000110000110001110100000000001011000001100111000100100010100011100111001011000000011000 2097152.0
runproj limit: 0.0
"timed out"
00111000000110,00111000000110000101010100001000000000010000001011001000100110000101101101000000111001101100001000110001101001101001111000110001001101100000000101000000001101000001000100011000000001 2097152.0
runproj limit: 0.0
"timed out"
11001000011101,11001000011101000000100111001011110000100011100011010101011101111001101111001011000000011010101101011111001100110111000010000001011001000010101101000010001000010111111101111000100000 2097152.0
runproj limit: 0.0
"timed out"
01100101101101,01100101101101000001010001110000000110011100101000101000011000001000001100110111001111000100001100000101001100100100000000000001010000000110011000110011100010110100000101100110110101 2097152.0
runproj limit: 0.0
"timed out"
00010000100000,00010000100000001100000110010001000100010000010110000011011111101100001000000011010011000011000010000100100101001101100001100010100011010010001000000100101000000000110100000100010001 2097152.0
runproj limit: 0.0
"timed out"
00000000000000,00000000000000100001000010101100100100100100010001000110000000000000001000000001000011000000000001010000100010010110000001001000000000110000000000000010100001111100000000010000100000 2097152.0
runproj limit: 0.0
"timed out"
01100000100000,01100000100000000000000100000000000000000010000100000100000000000100001000000001000011000000000001000000010001000000011001100100110000000000000000000000100000000100010000011000000001 2097152.0
runproj limit: 0.0
"timed out"
01000000000101,01000000000101000000000100000011000000100000000001010001010001111100000001000010010000000000001101010000000001000010000000000100011000000000011010000010000010010111100100000001000000 2097152.0
runproj limit: 0.0
"timed out"
01100000000100,01100000000100000010000100000000000000100000000001000000010001001000000001000010000010000001000101000000000000000000000001000000000000000000011001000010000010000111000000000000000000 2097152.0
runproj limit: 0.0
"timed out"
01000000000100,01000000000100100011000000000000000010100000000001000100010001001000001001000000000011000000000101000000000000000010000001000000000000000000000001001010000000000101000000000000000000 2097152.0
runproj limit: 0.0
"timed out"
10010100100100,10010100100100100101000010100010000010100000111000001100001001100110000000100000100010100000000001011101000001100011000100100001111011110001111001000010010000101100100100000001010000 2097152.0
best: 2.0
runproj limit: 0.0
"timed out"
01100000000101,01100000000101000000000100000011000000100000000001010001010001001100000001000010010010000000000101010000000001000000000000000000001000000000011000000010000010010111100100000001000000 2097152.0
runproj limit: 0.0
"timed out"
11001101001101,11001101001101000001010101001011010110000011100000001001011000111001101110011011000001001000001100000111001100110110000000000001011001000010101001100011101000110110100101110010100000 2097152.0
runproj limit: 0.0
"timed out"
00010100000000,00010100000000100100000010000001100100110100010010000101001011101100001000000011010011000011000000010100100111001000000001000010000001110010001000000000101000101100010001010000010000 2097152.0
runproj limit: 0.0
"timed out"
01101010000100,01101010000100110011000000110000000000000001110001000101110001011100001001001100010011111000000101110000010000100000000001001011000000000010000100001010100011000111001010000000011000 2097152.0
runproj limit: 0.0
"timed out"
00010101000100,00010101000100110001010000010010100110000101110100000101100101010000010000001100000001011000100100110000110001110000001000000010000001100111010101100010100100100100001001000000010000 2097152.0
runproj limit: 0.0
"timed out"
01101001000100,01101001000100000010100111000000110000110001100010010000011001011001100001001011000010001000000101000100001000000110000001000001001001000010101101000010100010000101001001000100100000 2097152.0
runproj limit: 0.0
"timed out"
00001010000100,00001010000100110101000000110010100100000100011000000110001001010100001000001001000011010100101000110000110010110110000000001001000000110011000000100010100011110110001001010000000000 2097152.0
runproj limit: 0.0
"timed out"
00011000000101,00011000000101000100000100000010000000010000000010011100000001000100001101000000110000101000001100011001101001101001101100010000111010100000110001000010000010000111100100010001000000 2097152.0
runproj limit: 0.0
"timed out"
01001100001100,01001100001100000001010000101000011100011100010101001110100101010011001001101000011000001011000001000110100001001000000101000000010010010011010111010110100100110100100000100000000110 2097152.0
runproj limit: 0.0
"timed out"
11100000000100,11100000000100110110110010100010000010000100011101010111100001010110110101000000000001011000010110101001100000110110100010100111000000000010110001000010010100010011000000000010110000 2097152.0
runproj limit: 0.0
"timed out"
11100101100101,11100101100101000000000100110011010101111110110010110100110101111100010000010111010001010001101101011000100011100010100110100101011000111001011000000010000010100111100101001011000000 2097152.0
runproj limit: 0.0
"timed out"
00100011000101,00100011000101110001011000111010000011100000101101000001111001000010110001011000010011110000110100011001000001001000101011001011001000000000000001001000010100101100000100010000000010 2097152.0
runproj limit: 0.0
"timed out"
10111000010110,10111000010110011101010100101110000000010100010011000000000111000101001001100001011001101010001100110011100000101001011001010001011100100001001101100100110100000000000100010000001001 2097152.0
runproj limit: 0.0
"timed out"
00100010100110,00100010100110001110000000000111000001011000101100010000100010010001100000010110011100000010000010010000111010011110101100101110000010011010000000101001010000111000100000000001000100 2097152.0
runproj limit: 0.0
"timed out"
00100000000110,00100000000110000100010000001010010000100000010001010001000001010010100001001000000001000000010100000001010000010100001100001011001000010001010110101100010100110000000000001000000100 2097152.0
runproj limit: 0.0
"timed out"
10010100000101,10010100000101000100000100000010000000100000100000011100000001110100000000100010110000000000001101011000000001100011000100000100111010000001111001000010000010100111100100000001010000 2097152.0
runproj limit: 0.0
"timed out"
00000000000100,00000000000100110011010000000010000010100000010101010101000001010010010001001000000001000000010100000001000001010000101011000010001000000000010101001010010100100100000000010000000000 2097152.0
runproj limit: 0.0
"timed out"
00000100000000,00000100000000100001000010101000100100100100010000000101000000000000001000010001000011000000000000010001100010100010000001010000000000110000000000000011100001101100000001010000000100 2097152.0
runproj limit: 0.0
"timed out"
01000000001000,01000000001000000001000001001000000100000100010101010111100000000000001101100010001000010001000000000100000001000000000101100000000000010010000000000010100000100110110001000000000001 2097152.0
runproj limit: 0.0
"timed out"
00000000001100,00000000001100001100000110001011000100010000010111000011010110100000001001000011000001000001000011000100000101000100101101100000100011010010000010000100000000010110110000000000010001 2097152.0
best: 2.0
runproj limit: 0.0
"timed out"
00010100000100,00010100000100110001010010010010100110000100110100000101100101010000001000010000000011000000000100010001100001110010000000010010000001110010000100000010100101100100000001000000010100 2097152.0
runproj limit: 0.0
"timed out"
00100111000100,00100111000100110001010000011010100111000101110100000101101001010000010000011100000011011000100100111001000001111000001011001011001000000101000001001010100100100100000000010000010000 2097152.0
runproj limit: 0.0
"timed out"
00111011010110,00111011010110110001011000101010000001000100000011000000110011000001100001001001011011110000000100111011100001001001101011011011001000000000001001001000010100001000000100010000000011 2097152.0
runproj limit: 0.0
"timed out"
11001011000101,11001011000101010011000000000000000000000011100000000001011001011100101111001000000001001000001100000000001000110010000000001001010001000010000000101011101000010111100110000010111000 2097152.0
runproj limit: 0.0
"timed out"
00000100000110,00000100000110100001000000001010010000100000010001000001000001010010100000011000000001000000010000000001110010100110001101011001001000110001010000000101100000100000000000010000000100 2097152.0
runproj limit: 0.0
"timed out"
00100000000111,00100000000111010100000100001110000000000000000001000000000111001100001001000000010011101010001100110010100000100001010001000000001000000000011000100100110000000100100100000001000001 2097152.0
runproj limit: 0.0
"timed out"
00000000000100,00000000000100000001010000101010010100110100010101011100100001010010001001001000000001000010010000000011110000010100001100001010000010010011010110010110000100110100000000000000000100 2097152.0
runproj limit: 0.0
"timed out"
11100100100000,11100100100000000000000100100011010101111100010001110101110101000000010100100010010000010001101000000100100001100000000100100101010000010011000000000010100010100111100001000011000000 2097152.0
runproj limit: 0.0
"timed out"
10101001000101,10101001000101010100000010000010010000000000001101010101000001011110101011111101000001000001011001001010010000010100011100001001001000110001010110101101011100110100000000001100000110 2097152.0
runproj limit: 0.0
"timed out"
11100010000101,11100010000101010110110010001100000010001101001001010111101001011100010110000000001001011010010110100011100000110110100010110011000010010110100000000011010000010111000000010010010010 2097152.0
runproj limit: 0.0
"timed out"
00000100100100,00000100100100100100000010011100100100110000010000010101101001101100001001101000111111000010100010000011100111100010100011100010000010110110000000100000100000101000011000011000010000 2097152.0
runproj limit: 0.0
"timed out"
10001010001110,10001010001110110100000110100111111100100111011001000010001001110110001100111011000011110110101000111010101100110100000100001001000011110101000000100000101011110011000011110010000010 2097152.0
runproj limit: 0.0
"timed out"
11001101001111,11001101001111010111010100110011110000100111000100100111001110111011101111011011000001001000001000000101000000111111000000001001011001010010101010000001101010110010100101100110101000 2097152.0
runproj limit: 0.0
"timed out"
01100000000101,01100000000101000000000100000011000000100000000001010001010001001100000001000010010010000000000101010000000001000000000000000000001000000000011000000010000010010111100100000001000000 2097152.0
runproj limit: 0.0
"timed out"
11001101001101,11001101001101000001010101001011010110000011100000001001011000111001101110011011000001001000001100000111001100110110000000000001011001000010101001100011101000110110100101110010100000 2097152.0
runproj limit: 0.0
"timed out"
00010100000000,00010100000000100100000010000001100100110100010010000101001011101100001000000011010011000011000000010100100111001000000001000010000001110010001000000000101000101100010001010000010000 2097152.0
runproj limit: 0.0
"timed out"
01101010000100,01101010000100110011000000110000000000000001110001000101110001011100001001001100010011111000000101110000010000100000000001001011000000000010000100001010100011000111001010000000011000 2097152.0
runproj limit: 0.0
"timed out"
00010101000100,00010101000100110001010000010010100110000101110100000101100101010000010000001100000001011000100100110000110001110000001000000010000001100111010101100010100100100100001001000000010000 2097152.0
runproj limit: 0.0
"timed out"
01101001000100,01101001000100000010100111000000110000110001100010010000011001011001100001001011000010001000000101000100001000000110000001000001001001000010101101000010100010000101001001000100100000 2097152.0
runproj limit: 0.0
"timed out"
00001010000100,00001010000100110101000000110010100100000100011000000110001001010100001000001001000011010100101000110000110010110110000000001001000000110011000000100010100011110110001001010000000000 2097152.0
best: 2.0
runproj limit: 0.0
"timed out"
00100110000110,00100110000110010000000000100010010001001100010011000000110011000000000100100001011000010000001000010100100001001000100110011011011000000011000000001000000000101111100000010011000001 2097152.0
runproj limit: 0.0
"timed out"
00001100000100,00001100000100110101000000011010000000000100010000000111000001010100000000011000000011010000001000110001110010110110001101011001000000110011000000100010100010100000000001010000000000 2097152.0
runproj limit: 0.0
"timed out"
11000100000100,11000100000100010011010100110011100110100110110100000101000100011000101011010001000011001000001000010101000001111010000000000011001001110010101010000011101011110010100001100010001100 2097152.0
runproj limit: 0.0
"timed out"
10000111000100,10000111000100110100010010100111101100100111110101000011001101110010000100101010000001010110100000110000110000110000001000000000000011100101000100100000100011100001001001010000010000 2097152.0
runproj limit: 0.0
"timed out"
11001001000101,11001001000101000001010010000010010000000000000101000101001000011110101011111111000001000000001101000011000100110110010100000001001000110000000000101001011100110100000001111000100000 2097152.0
runproj limit: 0.0
"timed out"
00010101000100,00010101000100110001010000100010010100110101010101001101100101010000011001001100000001011000100100100001110000110000001000001010000000010011010111100010100100100100001000000000000000 2097152.0
runproj limit: 0.0
"timed out"
00000100000110,00000100000110100001000000001010010000100000010001000001000001010010100000011000000001000000010000000001110010100110001101011001001000110001010000000101100000100000000000010000000100 2097152.0
runproj limit: 0.0
"timed out"
10101010001100,10101010001100000110000110100101111100100111000011000000011001011000001101101011000010000000000100010010101000110100000000000001001001010001000100100010100010010101000001010110100000 2097152.0
runproj limit: 0.0
"timed out"
10101001000100,10101001000100100000111111010001101000111010001100100000010001011111111011011011110010000100110111000110101000000111111001000000011011001000101001000010100010000101111001100110100000 2097152.0
runproj limit: 0.0
"timed out"
11000110000101,11000110000101111101111010011100010000001101001001110110111001001000011010000001011011011100000111101011010000110110101001100011111001001100100110000010110010000100000000111110010110 2097152.0
runproj limit: 0.0
"timed out"
00100100100000,00100100100000101101010011101001100100111001011000110111100100001100101000100000011011010110001011101110110111101011101110110011100110110110010000110000100000101000101100011100011000 2097152.0
runproj limit: 0.0
"timed out"
00011100111100,00011100111100101000000010101001100100000100000001000001100101110010001001000001110100100000011001000001011000100110001100010000000000111000010010000100110001101001000110010010000100 2097152.0
runproj limit: 0.0
"timed out"
10101000010101,10101000010101000010110011001101010100001111101001100111110101101100010111001000100100011011010001101011010010110110000001010011100010010100110000110011011100011000000010011011011010 2097152.0
runproj limit: 0.0
"timed out"
00010100000100,00010100000100110001010010010010100110000100110100000101100101010000001000010000000011000000000100010001100001110010000000010010000001110010000100000010100101100100000001000000010100 2097152.0
runproj limit: 0.0
"timed out"
00100111000100,00100111000100110001010000011010100111000101110100000101101001010000010000011100000011011000100100111001000001111000001011001011001000000101000001001010100100100100000000010000010000 2097152.0
runproj limit: 0.0
"timed out"
00111011010110,00111011010110110001011000101010000001000100000011000000110011000001100001001001011011110000000100111011100001001001101011011011001000000000001001001000010100001000000100010000000011 2097152.0
runproj limit: 0.0
"timed out"
11001011000101,11001011000101010011000000000000000000000011100000000001011001011100101111001000000001001000001100000000001000110010000000001001010001000010000000101011101000010111100110000010111000 2097152.0
runproj limit: 0.0
"timed out"
00000100000110,00000100000110100001000000001010010000100000010001000001000001010010100000011000000001000000010000000001110010100110001101011001001000110001010000000101100000100000000000010000000100 2097152.0
runproj limit: 0.0
"timed out"
00100000000111,00100000000111010100000100001110000000000000000001000000000111001100001001000000010011101010001100110010100000100001010001000000001000000000011000100100110000000100100100000001000001 2097152.0
runproj limit: 0.0
"timed out"
00000000000100,00000000000100000001010000101010010100110100010101011100100001010010001001001000000001000010010000000011110000010100001100001010000010010011010110010110000100110100000000000000000100 2097152.0
best: 2.0
runproj limit: 0.0
"timed out"
11001101110100,11001101110100000000000010001001000100000010000000000001111101010010101001000001110101100000011100000000011000100010000100001001010001011010000010000101101000101111100110000010011100 2097152.0
runproj limit: 0.0
"timed out"
00010000000100,00010000000100010001010000000010010100110100010100000100100001010000001000010000000001000000010000000001100001010100001000010010000010110011000100000010000101110100000000000000000100 2097152.0
runproj limit: 0.0
"timed out"
00100110100000,00100110100000110001010010111010100101000001110000110111101100001000001000100000001011010100101111111000010001111011101110010011001110100110000000011010100000101000101000011100011000 2097152.0
runproj limit: 0.0
"timed out"
00000100000111,00000100000111110100000000011110000100000000100100000101100111011100001001010000010011001000000100010000100000110001010001010000001000000010010000000100100001000100000001000000000001 2097152.0
runproj limit: 0.0
"timed out"
11001100000101,11001100000101111101001010011110010000001101011001110110110001011100001010010001001011010100000011111011110010110110101101101011000000000000000110100010100010100000000001011110000010 2097152.0
runproj limit: 0.0
"timed out"
00001000000100,00001000000100100000011011010001100100110100110100000100000101011100001011010011100010000100100111010110101001110011010000000000000011000010101000000010100001100101101001100100000000 2097152.0
runproj limit: 0.0
"timed out"
00000100110100,00000100110100101000010010101001100100010000001000010001100100100010101000100001110100000000001011000010010010101111001110010010100110110000010010100000100000101000000100010100001000 2097152.0
runproj limit: 0.0
"timed out"
00000111000100,00000111000100110001010000001010000100100100010100000100101001010010000000001100000001001010100000010001100001011000001001001011000000010011000010001010000100110100000000000000010100 2097152.0
runproj limit: 0.0
"timed out"
00000111010000,00000111010000110101100000001100101111010111010100010101111001000011010000001110000010011000100101110011000101000000011011001011101100000101110000010000001110110011101000110100110000 2097152.0
runproj limit: 0.0
"timed out"
10100101101100,10100101101100010001010000001010010011000101110000000111010001010010101001101010101001010000110100000001111000001100001101011001011000110100010000010110000001110000100000111110001100 2097152.0
runproj limit: 0.0
"timed out"
00000010000111,00000010000111000010000001101101000000101000111010001001110100110000000010100001111000011000001000110100110001101010010110101101011000010011110011001001100001100111100000011000010001 2097152.0
runproj limit: 0.0
"timed out"
00011011010110,00011011010110000100001010101100000101000101010010000000111011001001100001000001011001100011000101111001000111010001101111001111011010010000001101111000011101010111000000010100000011 2097152.0
runproj limit: 0.0
"timed out"
00101010001001,00101010001001011111000110110111111110100011010001111000011000110011010101101010000001100001010100001010101000000110000000010001101000011001000100100010001011000101000000010110000000 2097152.0
runproj limit: 0.0
"timed out"
00100110000110,00100110000110010000000000100010010001001100010011000000110011000000000100100001011000010000001000010100100001001000100110011011011000000011000000001000000000101111100000010011000001 2097152.0
runproj limit: 0.0
"timed out"
00001100000100,00001100000100110101000000011010000000000100010000000111000001010100000000011000000011010000001000110001110010110110001101011001000000110011000000100010100010100000000001010000000000 2097152.0
runproj limit: 0.0
"timed out"
11000100000100,11000100000100010011010100110011100110100110110100000101000100011000101011010001000011001000001000010101000001111010000000000011001001110010101010000011101011110010100001100010001100 2097152.0
runproj limit: 0.0
"timed out"
10000111000100,10000111000100110100010010100111101100100111110101000011001101110010000100101010000001010110100000110000110000110000001000000000000011100101000100100000100011100001001001010000010000 2097152.0
runproj limit: 0.0
"timed out"
11001001000101,11001001000101000001010010000010010000000000000101000101001000011110101011111111000001000000001101000011000100110110010100000001001000110000000000101001011100110100000001111000100000 2097152.0
runproj limit: 0.0
"timed out"
00010101000100,00010101000100110001010000100010010100110101010101001101100101010000011001001100000001011000100100100001110000110000001000001010000000010011010111100010100100100100001000000000000000 2097152.0
runproj limit: 0.0
"timed out"
00000100000110,00000100000110100001000000001010010000100000010001000001000001010010100000011000000001000000010000000001110010100110001101011001001000110001010000000101100000100000000000010000000100 2097152.0
best: 2.0
runproj limit: 0.0
"timed out"
00001100000100,00001100000100100001000000001010000000000100010001000011000001010000100000011000000001000000010000110001110010110110001101011001001000110011010000100001100000100000000001010000000000 2097152.0
runproj limit: 0.0
"timed out"
00101110000111,00101110000111110001000000011110010100100001010001110000010001110010010000101010000001000001010000000010101010000110001001011001101000011001010100100000000011100101000000010110000000 2097152.0
runproj limit: 0.0
"timed out"
00000011000101,00000011000101110101010010000100001010010100010101000101011001000011100001111111000010011000101101110011000101110000011000001011101100000100110000100000001110110011101000110100110000 2097152.0
runproj limit: 0.0
"timed out"
00001111000111,00001111000111010100000000011110000100000000010010000100111111001001001001000001010011000000000101110000100111110001100111010111001000010000000100100100100101010110000001000000000011 2097152.0
runproj limit: 0.0
"timed out"
11100100000000,11100100000000111001000010011110110001000001110001110111100100001000001010000001001011010100100011111011110010111111101100111011000000000010000000010010100000100000100001011110010000 2097152.0
runproj limit: 0.0
"timed out"
00000010000111,00000010000111010111000100101111010010101001110011111001011000110000000111101001111000111000010100001000111001101010010100000101001000011001100001100010000001000101000000010010000001 2097152.0
runproj limit: 0.0
"timed out"
10000000000101,10000000000101000001000001100000000000000000110001000101101100011110100010111111010001001000001100010001010100111110010110100001001000110000000011101001001000100100100001111000110000 2097152.0
runproj limit: 0.0
"timed out"
00010000000100,00010000000100010001010000000010010100110100010100000100100001010000001000010000000001000000010000000001100001010100001000010010000010110011000100000010000101110100000000000000000100 2097152.0
runproj limit: 0.0
"timed out"
11000100010100,11000100010100101111010100100011101100011110010010000111011000110010011011010010000011101000111000010100001011101001011001010011001001110010101000000110011011110011110101100010000100 2097152.0
runproj limit: 0.0
"timed out"
00011010000100,00011010000100110110010010101001011110110000001111001101010101110110011101111000100101011100100100000001100000110000100000101010000000110001010110100010101100100011000010001000000010 2097152.0
runproj limit: 0.0
"timed out"
11000101110110,11000101110110110001011100000110110110101000110101010100001011100110100110000100010000111000000001011001101001011110001001001001101001000111100010101110011000010100100100000000000000 2097152.0
runproj limit: 0.0
"timed out"
10000011111110,10000011111110110111101100111101111000010000010000010101110011000010010010001000100001011000100111110001000000010011011001011001100100100101110000000001000100110011101000100110011100 2097152.0
runproj limit: 0.0
"timed out"
00000110000100,00000110000100101101100001110001010010101000010001100010010110010001101111011100001001000100010011000111101011001110001101010001101001110001011100100100110011111001010100110010001100 2097152.0
runproj limit: 0.0
"timed out"
11001101110100,11001101110100000000000010001001000100000010000000000001111101010010101001000001110101100000011100000000011000100010000100001001010001011010000010000101101000101111100110000010011100 2097152.0
runproj limit: 0.0
"timed out"
00010000000100,00010000000100010001010000000010010100110100010100000100100001010000001000010000000001000000010000000001100001010100001000010010000010110011000100000010000101110100000000000000000100 2097152.0
runproj limit: 0.0
"timed out"
00100110100000,00100110100000110001010010111010100101000001110000110111101100001000001000100000001011010100101111111000010001111011101110010011001110100110000000011010100000101000101000011100011000 2097152.0
runproj limit: 0.0
"timed out"
00000100000111,00000100000111110100000000011110000100000000100100000101100111011100001001010000010011001000000100010000100000110001010001010000001000000010010000000100100001000100000001000000000001 2097152.0
runproj limit: 0.0
"timed out"
11001100000101,11001100000101111101001010011110010000001101011001110110110001011100001010010001001011010100000011111011110010110110101101101011000000000000000110100010100010100000000001011110000010 2097152.0
runproj limit: 0.0
"timed out"
00001000000100,00001000000100100000011011010001100100110100110100000100000101011100001011010011100010000100100111010110101001110011010000000000000011000010101000000010100001100101101001100100000000 2097152.0
runproj limit: 0.0
"timed out"
00000100110100,00000100110100101000010010101001100100010000001000010001100100100010101000100001110100000000001011000010010010101111001110010010100110110000010010100000100000101000000100010100001000 2097152.0
best: 2.0
runproj limit: 0.0
"timed out"
11100000000000,11100000000000110001000000011110010000010000010000100110100100010000001010010001001001000000000000110011100001110100101000111011000010000010000000000010000100100100000001001000000000 2097152.0
runproj limit: 0.0
"timed out"
10000011111110,10000011111110110111101100111101111000010000010000010101110011000010010010001000100001011000100111110001000000010011011001011001100100100101110000000001000100110011101000100110011100 2097152.0
runproj limit: 0.0
"timed out"
10000001010110,10000001010110010011100001100100011000010000110001010101100011001110010010111001000001011000100110110001000100111010011101001001000100100001000010100001001100110000101001100000010000 2097152.0
runproj limit: 0.0
"timed out"
00001111000111,00001111000111110100000000011110000100000000110010000100111111011100001001000001010011000000000101010000100011110001010101010001001000010000010000100100100101010100000001000000000011 2097152.0
runproj limit: 0.0
"timed out"
00001100000101,00001100000101111001001010011110010000001101010001000010100001010000001000011001001011010100000011110011110010110110101101011001000000110001010100100011100000100000000001011100000010 2097152.0
runproj limit: 0.0
"timed out"
10000100100010,10000100100010110001010100000010110100101001110001110100001101100100001110000000010011011100001111111000100001011110101000011011101010000111100000101010111000100100100100000100000000 2097152.0
runproj limit: 0.0
"timed out"
10000010001111,10000010001111100101000000111101110000000000110000010101100101001010000010101010110001001000100110110001000000010010010011011001100100100001100000000001000100110100101001100000010000 2097152.0
runproj limit: 0.0
"timed out"
01001101110100,01001101110100000000000010001001100100000000001000000001100101110010101000000001110101000000011001000010011010100111001110000000010011010010010010000100100000101001100110010010011100 2097152.0
runproj limit: 0.0
"timed out"
01110110110101,01110110110101111000001010011110010100001000001001010100110101011100000010111001111010010101111011111011110010001011101011001110000100010100010000100010100100001000001001011100101011 2097152.0
runproj limit: 0.0
"timed out"
00010011101001,00010011101001110101010010000110111000010100001111001101011011010011100001011101000000010000011111111011000001110001010000001011101101100100110001101010011011101011001001001110110000 2097152.0
runproj limit: 0.0
"timed out"
00000010000110,00000010000110010101010000000011011110110110010100100100110011010010001001110000000101100110010100001101100101000100101000110010110010110000000110100001001100101100000010011000011000 2097152.0
runproj limit: 0.0
"timed out"
00100100110110,00100100110110010001111011111011100100000101000010110101101101101110001001100100001110010100101111111000110001011011001111010011111010101110000000010110110100101000111000001100011110 2097152.0
runproj limit: 0.0
"timed out"
00001111000010,00001111000010111110000011011100000100010000000001010100111001001010101001000001111101000011100010101010100011000001101101010111011100010011010000100101100100010110110010100111001001 2097152.0
runproj limit: 0.0
"timed out"
00001100000100,00001100000100100001000000001010000000000100010001000011000001010000100000011000000001000000010000110001110010110110001101011001001000110011010000100001100000100000000001010000000000 2097152.0
runproj limit: 0.0
"timed out"
00101110000111,00101110000111110001000000011110010100100001010001110000010001110010010000101010000001000001010000000010101010000110001001011001101000011001010100100000000011100101000000010110000000 2097152.0
runproj limit: 0.0
"timed out"
00000011000101,00000011000101110101010010000100001010010100010101000101011001000011100001111111000010011000101101110011000101110000011000001011101100000100110000100000001110110011101000110100110000 2097152.0
runproj limit: 0.0
"timed out"
00001111000111,00001111000111010100000000011110000100000000010010000100111111001001001001000001010011000000000101110000100111110001100111010111001000010000000100100100100101010110000001000000000011 2097152.0
runproj limit: 0.0
"timed out"
11100100000000,11100100000000111001000010011110110001000001110001110111100100001000001010000001001011010100100011111011110010111111101100111011000000000010000000010010100000100000100001011110010000 2097152.0
runproj limit: 0.0
"timed out"
00000010000111,00000010000111010111000100101111010010101001110011111001011000110000000111101001111000111000010100001000111001101010010100000101001000011001100001100010000001000101000000010010000001 2097152.0
runproj limit: 0.0
"timed out"
10000000000101,10000000000101000001000001100000000000000000110001000101101100011110100010111111010001001000001100010001010100111110010110100001001000110000000011101001001000100100100001111000110000 2097152.0
best: 2.0
runproj limit: 0.0
"timed out"
00000100000111,00000100000111010101011001011110100100000001010010010100101101101100001001000001001011000100001101110000100011110011100111010111001010111000000000100100110101001110111001000000010010 2097152.0
runproj limit: 0.0
"timed out"
00010010001001,00010010001001100101000000010100111000010100010001001101000101000011000010001111100000001000110110110001000000110011010011001001101100100101110000001011011000111011001001000110010000 2097152.0
runproj limit: 0.0
"timed out"
00010011111101,00010011111101110111010100100101111000010100000100000101011011010011110010011000000000011000001111110011000000010001010001011001100101100100110001100011010001100011001001101110011000 2097152.0
runproj limit: 0.0
"timed out"
10000010000101,10000010000101100101010010011101011000000100110100010101101101001010100010101011000000001000100101110001000100010010011000001011101100100100110000100000001110110100101001110100010000 2097152.0
runproj limit: 0.0
"timed out"
00001111000110,00001111000110111110000011011110000100010000010001000100111001001001101001000001111101000010000111101010100011000001101111010111011100010001010100100101100101010110110010000100000001 2097152.0
runproj limit: 0.0
"timed out"
00000011111110,00000011111110110101011110001101111000010100000111000101011011010010000001011101100000011000111111110001000000010001010000011011100100100100110000101001000110100011001000101110011100 2097152.0
runproj limit: 0.0
"timed out"
11100110110100,11100110110100110000011010000110010100101001110001010100011101000100001010110001010010011100101011111001110001011010101011011011101100000100000000100010111000100000000001010100101011 2097152.0
runproj limit: 0.0
"timed out"
00001110000111,00001110000111111000001010011100010000001001000001000100100001001010101001000001101111000100100011110011100011110000101101010101011100010001010000100111100000000000010011101110000011 2097152.0
runproj limit: 0.0
"timed out"
11001000100010,11001000100010011011001110010011010100101001111000110001000101000100101110100101010011110110001011111100111010110110101000011001101010000110100100101010011001111111000100000100101010 2097152.0
runproj limit: 0.0
"timed out"
01111110110101,01111110110101110000101010011110010100001010001001010100101101011100101110101001011010010101111011110001110111101111001001001111010100101010000001100010101100001100001001011100111011 2097152.0
runproj limit: 0.0
"timed out"
10000110001100,10000110001100000111001100010000010000000000111000110100101101011001000010100010101101000000101101100101010010001010010100001001000001100001100000010101101000110100110010101010010000 2097152.0
runproj limit: 0.0
"timed out"
10100011000011,10100011000011110110000010111110010011010010110011111001111010010001001111101000111000111001011100100000111000101110010000001101001000011001100011010010000111100100000000011110011000 2097152.0
runproj limit: 0.0
"timed out"
10001011011111,10001011011111110100011010000110001110001111010000000010011100100001101001100101011010000000100001110010000001010101100111000110001100000001000100101010100101010110000001010100100001 2097152.0
runproj limit: 0.0
"timed out"
11100000000000,11100000000000110001000000011110010000010000010000100110100100010000001010010001001001000000000000110011100001110100101000111011000010000010000000000010000100100100000001001000000000 2097152.0
runproj limit: 0.0
"timed out"
10000011111110,10000011111110110111101100111101111000010000010000010101110011000010010010001000100001011000100111110001000000010011011001011001100100100101110000000001000100110011101000100110011100 2097152.0
runproj limit: 0.0
"timed out"
10000001010110,10000001010110010011100001100100011000010000110001010101100011001110010010111001000001011000100110110001000100111010011101001001000100100001000010100001001100110000101001100000010000 2097152.0
runproj limit: 0.0
"timed out"
00001111000111,00001111000111110100000000011110000100000000110010000100111111011100001001000001010011000000000101010000100011110001010101010001001000010000010000100100100101010100000001000000000011 2097152.0
runproj limit: 0.0
"timed out"
00001100000101,00001100000101111001001010011110010000001101010001000010100001010000001000011001001011010100000011110011110010110110101101011001000000110001010100100011100000100000000001011100000010 2097152.0
runproj limit: 0.0
"timed out"
10000100100010,10000100100010110001010100000010110100101001110001110100001101100100001110000000010011011100001111111000100001011110101000011011101010000111100000101010111000100100100100000100000000 2097152.0
runproj limit: 0.0
"timed out"
10000010001111,10000010001111100101000000111101110000000000110000010101100101001010000010101010110001001000100110110001000000010010010011011001100100100001100000000001000100110100101001100000010000 2097152.0
best: 2.0
runproj limit: 0.0
"timed out"
10000011000111,10000011000111100110000010011111011011000000110101011001111001011001100011101011010000011001011101100000110000100110010000001111101100111001100010000000001111100100101000110100011000 2097152.0
runproj limit: 0.0
"timed out"
00000011111101,00000011111101110111011110100101111000010100000111000101011011010011100010011100100000011000001111110001000000010001010001011001100100100100110001101001010101100011001001101110011100 2097152.0
runproj limit: 0.0
"timed out"
00010010000001,00010010000001110111010000011100011000010000010100100101110111010001001010011001000001010000001101110011100001010101010001111011000101000010000000000010010000100011001001101100001000 2097152.0
runproj limit: 0.0
"timed out"
01110110110100,01110110110100110000011010010110010100101010111001010100011101000100001110110001010010010100101011110001110111001110001001011111101100101000000000100010111000100100000001011100101011 2097152.0
runproj limit: 0.0
"timed out"
10000100000111,10000100000111100101011001111111110100000001110000010100100101101110000001101001101011000100101111110001100010010011000111011101101010100001100000100101100100111110101001100000010000 2097152.0
runproj limit: 0.0
"timed out"
11101000000010,11101000000010111001000110010110010100110000110000100010000100000000101110000001001001100110000010110111110000110100101000011011101010000110100100101010001000111110000100000000100010 2097152.0
runproj limit: 0.0
"timed out"
10100011000011,10100011000011110110000010111110010011010010110011111001111010010001001111101000111000111001011100100000111000101110010000001101001000011001100011010010000111100100000000011110011000 2097152.0
runproj limit: 0.0
"timed out"
00000101000110,00000101000110110001101001010100010000011100010001010011100001000000010000111001001001010000100111110001000110110110111101011001000100110001000010100001100100110000000001110000010000 2097152.0
runproj limit: 0.0
"timed out"
00110111111110,00110111111110110101001100101001111000011111000111100100011001010010011001000100101100000001000110110001001001010101011000101111101010010100110000101001000110101001101000101110011000 2097152.0
runproj limit: 0.0
"timed out"
10001101010100,10001101010100110000000001111110000001000000111100001100101111001100001001000001011010110010011011010000110011111001110011010110000000010000100000101100101111010100000011010101001110 2097152.0
runproj limit: 0.0
"timed out"
11100000000010,11100000000010011011101111000011010110011000111000010000000001100100100110001101010101110111101011110101011010011010100001101000000010000010100101111010001000111011000000000000011110 2097152.0
runproj limit: 0.0
"timed out"
00101011000001,00101011000001110110100001010010010001011000110010011110101011111111011000101001010011110010100000010000110000110010010101001000011000010100010000000101110111001100010010000001000111 2097152.0
runproj limit: 0.0
"timed out"
00110100111101,00110100111101001000111011010110011100111100110001010100010101010100101101011010000001011000101111010001110101011010101100010011101101100100000000110110111001100100000000100110111011 2097152.0
runproj limit: 0.0
"timed out"
00000100000111,00000100000111010101011001011110100100000001010010010100101101101100001001000001001011000100001101110000100011110011100111010111001010111000000000100100110101001110111001000000010010 2097152.0
runproj limit: 0.0
"timed out"
00010010001001,00010010001001100101000000010100111000010100010001001101000101000011000010001111100000001000110110110001000000110011010011001001101100100101110000001011011000111011001001000110010000 2097152.0
runproj limit: 0.0
"timed out"
00010011111101,00010011111101110111010100100101111000010100000100000101011011010011110010011000000000011000001111110011000000010001010001011001100101100100110001100011010001100011001001101110011000 2097152.0
runproj limit: 0.0
"timed out"
10000010000101,10000010000101100101010010011101011000000100110100010101101101001010100010101011000000001000100101110001000100010010011000001011101100100100110000100000001110110100101001110100010000 2097152.0
runproj limit: 0.0
"timed out"
00001111000110,00001111000110111110000011011110000100010000010001000100111001001001101001000001111101000010000111101010100011000001101111010111011100010001010100100101100101010110110010000100000001 2097152.0
runproj limit: 0.0
"timed out"
00000011111110,00000011111110110101011110001101111000010100000111000101011011010010000001011101100000011000111111110001000000010001010000011011100100100100110000101001000110100011001000101110011100 2097152.0
runproj limit: 0.0
"timed out"
11100110110100,11100110110100110000011010000110010100101001110001010100011101000100001010110001010010011100101011111001110001011010101011011011101100000100000000100010111000100000000001010100101011 2097152.0
best: 2.0
done evolving!
"all is well:)"
>>>>>>>>>>>>>>FINISH OPTIMIZATION>>>>>>>>>>>>>>>
410.82user 470.04system 16:08.99elapsed 90%CPU (0avgtext+0avgdata 135536maxresident)k
580264inputs+826152outputs (324major+59854785minor)pagefaults 0swaps
