Optimizing /h/ywang30/nofib/imaginary/tak
>>>>>>>>>>>>>>>START OPTIMIZATION>>>>>>>>>>>>>>>
pop: 13
gens: 15
arch: 7
limit is: 2.0e-2
runproj limit: 2.0e-2
"All is well :D"
Basetime is: 1048576.0
runproj limit: 2.0e-2
00000000 1048576.0
runproj limit: 2.0e-2
00100000 1048576.0
runproj limit: 2.0e-2
00000000 1048576.0
runproj limit: 2.0e-2
00000000 1048576.0
runproj limit: 2.0e-2
00000000 1048576.0
runproj limit: 2.0e-2
00100000 1048576.0
runproj limit: 2.0e-2
10000000 1048576.0
runproj limit: 2.0e-2
01000000 1048576.0
runproj limit: 2.0e-2
00001000 1048576.0
runproj limit: 2.0e-2
00100000 1048576.0
runproj limit: 2.0e-2
00000100 1048576.0
runproj limit: 2.0e-2
00001000 1048576.0
runproj limit: 2.0e-2
00000000 1048576.0
best: 1.0
runproj limit: 2.0e-2
00000000 1048576.0
runproj limit: 2.0e-2
00000000 1048576.0
runproj limit: 2.0e-2
00100000 1048576.0
runproj limit: 2.0e-2
00000000 1048576.0
runproj limit: 2.0e-2
10100000 1048576.0
runproj limit: 2.0e-2
10001000 1048576.0
runproj limit: 2.0e-2
01000000 1048576.0
runproj limit: 2.0e-2
10000000 1048576.0
runproj limit: 2.0e-2
00100000 1048576.0
runproj limit: 2.0e-2
00000100 1048576.0
runproj limit: 2.0e-2
01001100 1048576.0
runproj limit: 2.0e-2
01100100 1048576.0
runproj limit: 2.0e-2
01100101 1048576.0
runproj limit: 2.0e-2
00000000 1048576.0
runproj limit: 2.0e-2
00100000 1048576.0
runproj limit: 2.0e-2
10000000 1048576.0
runproj limit: 2.0e-2
01000000 1048576.0
runproj limit: 2.0e-2
00001000 1048576.0
runproj limit: 2.0e-2
00000100 1048576.0
best: 1.0
runproj limit: 2.0e-2
00000000 1048576.0
runproj limit: 2.0e-2
00100100 1048576.0
runproj limit: 2.0e-2
00000000 1048576.0
runproj limit: 2.0e-2
01001100 1048576.0
runproj limit: 2.0e-2
10000000 1048576.0
runproj limit: 2.0e-2
00100000 1048576.0
runproj limit: 2.0e-2
00000000 1048576.0
runproj limit: 2.0e-2
00100000 1048576.0
runproj limit: 2.0e-2
10100000 1048576.0
runproj limit: 2.0e-2
01010000 1048576.0
runproj limit: 2.0e-2
11010000 1048576.0
runproj limit: 2.0e-2
10010000 1048576.0
runproj limit: 2.0e-2
00010000 1048576.0
runproj limit: 2.0e-2
00000000 1048576.0
runproj limit: 2.0e-2
00100000 1048576.0
runproj limit: 2.0e-2
10100000 1048576.0
runproj limit: 2.0e-2
10001000 1048576.0
runproj limit: 2.0e-2
01000000 1048576.0
runproj limit: 2.0e-2
10000000 1048576.0
runproj limit: 2.0e-2
00000100 1048576.0
best: 1.0
runproj limit: 2.0e-2
01010000 1048576.0
runproj limit: 2.0e-2
00001100 1048576.0
runproj limit: 2.0e-2
10000000 1048576.0
runproj limit: 2.0e-2
00001000 1048576.0
runproj limit: 2.0e-2
00000000 1048576.0
runproj limit: 2.0e-2
00000000 1048576.0
runproj limit: 2.0e-2
10100000 1048576.0
runproj limit: 2.0e-2
01001100 1048576.0
runproj limit: 2.0e-2
00000000 1048576.0
runproj limit: 2.0e-2
01001000 1048576.0
runproj limit: 2.0e-2
01100000 1048576.0
runproj limit: 2.0e-2
11000001 1048576.0
runproj limit: 2.0e-2
10000000 1048576.0
runproj limit: 2.0e-2
00000000 1048576.0
runproj limit: 2.0e-2
00100100 1048576.0
runproj limit: 2.0e-2
01001100 1048576.0
runproj limit: 2.0e-2
10000000 1048576.0
runproj limit: 2.0e-2
00100000 1048576.0
runproj limit: 2.0e-2
10100000 1048576.0
runproj limit: 2.0e-2
01010000 1048576.0
best: 1.0
runproj limit: 2.0e-2
00001100 1048576.0
runproj limit: 2.0e-2
10010000 1048576.0
runproj limit: 2.0e-2
01001100 1048576.0
runproj limit: 2.0e-2
01000000 1048576.0
runproj limit: 2.0e-2
00000100 1048576.0
runproj limit: 2.0e-2
10100000 1048576.0
runproj limit: 2.0e-2
11010000 1048576.0
runproj limit: 2.0e-2
00001000 1048576.0
runproj limit: 2.0e-2
01110010 1048576.0
runproj limit: 2.0e-2
11010000 1048576.0
runproj limit: 2.0e-2
00101101 1048576.0
runproj limit: 2.0e-2
00000001 1048576.0
runproj limit: 2.0e-2
00010000 1048576.0
runproj limit: 2.0e-2
01010000 1048576.0
runproj limit: 2.0e-2
00001100 1048576.0
runproj limit: 2.0e-2
10000000 1048576.0
runproj limit: 2.0e-2
00001000 1048576.0
runproj limit: 2.0e-2
00000000 1048576.0
runproj limit: 2.0e-2
10100000 1048576.0
runproj limit: 2.0e-2
01001100 1048576.0
best: 1.0
runproj limit: 2.0e-2
01010000 1048576.0
runproj limit: 2.0e-2
00000100 1048576.0
runproj limit: 2.0e-2
00001100 1048576.0
runproj limit: 2.0e-2
10000000 1048576.0
runproj limit: 2.0e-2
10100000 1048576.0
runproj limit: 2.0e-2
10001000 1048576.0
runproj limit: 2.0e-2
10011000 1048576.0
runproj limit: 2.0e-2
10100001 1048576.0
runproj limit: 2.0e-2
10000000 1048576.0
runproj limit: 2.0e-2
10110101 1048576.0
runproj limit: 2.0e-2
10110110 1048576.0
runproj limit: 2.0e-2
00011000 1048576.0
runproj limit: 2.0e-2
10100100 1048576.0
runproj limit: 2.0e-2
00001100 1048576.0
runproj limit: 2.0e-2
10010000 1048576.0
runproj limit: 2.0e-2
01001100 1048576.0
runproj limit: 2.0e-2
01000000 1048576.0
runproj limit: 2.0e-2
00000100 1048576.0
runproj limit: 2.0e-2
10100000 1048576.0
runproj limit: 2.0e-2
11010000 1048576.0
best: 1.0
runproj limit: 2.0e-2
01000010 1048576.0
runproj limit: 2.0e-2
00000000 1048576.0
runproj limit: 2.0e-2
10010000 1048576.0
runproj limit: 2.0e-2
10000000 1048576.0
runproj limit: 2.0e-2
00000100 1048576.0
runproj limit: 2.0e-2
11001000 1048576.0
runproj limit: 2.0e-2
11010000 1048576.0
runproj limit: 2.0e-2
10100001 1048576.0
runproj limit: 2.0e-2
11010100 1048576.0
runproj limit: 2.0e-2
01110111 1048576.0
runproj limit: 2.0e-2
10011000 1048576.0
runproj limit: 2.0e-2
00001000 1048576.0
runproj limit: 2.0e-2
10100001 1048576.0
runproj limit: 2.0e-2
01010000 1048576.0
runproj limit: 2.0e-2
00000100 1048576.0
runproj limit: 2.0e-2
00001100 1048576.0
runproj limit: 2.0e-2
10000000 1048576.0
runproj limit: 2.0e-2
10100000 1048576.0
runproj limit: 2.0e-2
10001000 1048576.0
runproj limit: 2.0e-2
10011000 1048576.0
best: 1.0
runproj limit: 2.0e-2
10100000 1048576.0
runproj limit: 2.0e-2
00001001 1048576.0
runproj limit: 2.0e-2
01010100 1048576.0
runproj limit: 2.0e-2
10100010 1048576.0
runproj limit: 2.0e-2
01010101 1048576.0
runproj limit: 2.0e-2
10101001 1048576.0
runproj limit: 2.0e-2
01000110 1048576.0
runproj limit: 2.0e-2
10011000 1048576.0
runproj limit: 2.0e-2
11000100 1048576.0
runproj limit: 2.0e-2
01100000 1048576.0
runproj limit: 2.0e-2
00100101 1048576.0
runproj limit: 2.0e-2
10100011 1048576.0
runproj limit: 2.0e-2
00011000 1048576.0
runproj limit: 2.0e-2
01000010 1048576.0
runproj limit: 2.0e-2
00000000 1048576.0
runproj limit: 2.0e-2
10010000 1048576.0
runproj limit: 2.0e-2
10000000 1048576.0
runproj limit: 2.0e-2
00000100 1048576.0
runproj limit: 2.0e-2
11001000 1048576.0
runproj limit: 2.0e-2
11010000 1048576.0
best: 1.0
runproj limit: 2.0e-2
00010100 1048576.0
runproj limit: 2.0e-2
00100111 1048576.0
runproj limit: 2.0e-2
10011011 1048576.0
runproj limit: 2.0e-2
00000011 1048576.0
runproj limit: 2.0e-2
00000100 1048576.0
runproj limit: 2.0e-2
10000000 1048576.0
runproj limit: 2.0e-2
00000000 1048576.0
runproj limit: 2.0e-2
00101100 1048576.0
runproj limit: 2.0e-2
10001001 1048576.0
runproj limit: 2.0e-2
01100010 1048576.0
runproj limit: 2.0e-2
01000100 1048576.0
runproj limit: 2.0e-2
11000110 1048576.0
runproj limit: 2.0e-2
00001001 1048576.0
runproj limit: 2.0e-2
10100000 1048576.0
runproj limit: 2.0e-2
00001001 1048576.0
runproj limit: 2.0e-2
01010100 1048576.0
runproj limit: 2.0e-2
10100010 1048576.0
runproj limit: 2.0e-2
01010101 1048576.0
runproj limit: 2.0e-2
10101001 1048576.0
runproj limit: 2.0e-2
01000110 1048576.0
best: 1.0
runproj limit: 2.0e-2
10101110 1048576.0
runproj limit: 2.0e-2
01000100 1048576.0
runproj limit: 2.0e-2
00000100 1048576.0
runproj limit: 2.0e-2
11000111 1048576.0
runproj limit: 2.0e-2
00001001 1048576.0
runproj limit: 2.0e-2
00010101 1048576.0
runproj limit: 2.0e-2
00000100 1048576.0
runproj limit: 2.0e-2
11101110 1048576.0
runproj limit: 2.0e-2
01101001 1048576.0
runproj limit: 2.0e-2
01000110 1048576.0
runproj limit: 2.0e-2
01100100 1048576.0
runproj limit: 2.0e-2
00011100 1048576.0
runproj limit: 2.0e-2
00101000 1048576.0
runproj limit: 2.0e-2
00010100 1048576.0
runproj limit: 2.0e-2
00100111 1048576.0
runproj limit: 2.0e-2
10011011 1048576.0
runproj limit: 2.0e-2
00000011 1048576.0
runproj limit: 2.0e-2
00000100 1048576.0
runproj limit: 2.0e-2
10000000 1048576.0
runproj limit: 2.0e-2
00000000 1048576.0
best: 1.0
runproj limit: 2.0e-2
00000101 1048576.0
runproj limit: 2.0e-2
00010000 1048576.0
runproj limit: 2.0e-2
01100110 1048576.0
runproj limit: 2.0e-2
10000100 1048576.0
runproj limit: 2.0e-2
01000100 1048576.0
runproj limit: 2.0e-2
01001000 1048576.0
runproj limit: 2.0e-2
01000100 1048576.0
runproj limit: 2.0e-2
00000111 1048576.0
runproj limit: 2.0e-2
00000111 1048576.0
runproj limit: 2.0e-2
10100101 1048576.0
runproj limit: 2.0e-2
10001010 1048576.0
runproj limit: 2.0e-2
10111011 1048576.0
runproj limit: 2.0e-2
01101110 1048576.0
runproj limit: 2.0e-2
10101110 1048576.0
runproj limit: 2.0e-2
01000100 1048576.0
runproj limit: 2.0e-2
00000100 1048576.0
runproj limit: 2.0e-2
11000111 1048576.0
runproj limit: 2.0e-2
00001001 1048576.0
runproj limit: 2.0e-2
00010101 1048576.0
runproj limit: 2.0e-2
11101110 1048576.0
best: 1.0
runproj limit: 2.0e-2
11100110 1048576.0
runproj limit: 2.0e-2
11101110 1048576.0
runproj limit: 2.0e-2
00000011 1048576.0
runproj limit: 2.0e-2
10001111 1048576.0
runproj limit: 2.0e-2
01100100 1048576.0
runproj limit: 2.0e-2
01001110 1048576.0
runproj limit: 2.0e-2
00001000 1048576.0
runproj limit: 2.0e-2
00010000 1048576.0
runproj limit: 2.0e-2
00000100 1048576.0
runproj limit: 2.0e-2
00011010 1048576.0
runproj limit: 2.0e-2
11000101 1048576.0
runproj limit: 2.0e-2
10000011 1048576.0
runproj limit: 2.0e-2
11101100 1048576.0
runproj limit: 2.0e-2
00000101 1048576.0
runproj limit: 2.0e-2
00010000 1048576.0
runproj limit: 2.0e-2
01100110 1048576.0
runproj limit: 2.0e-2
10000100 1048576.0
runproj limit: 2.0e-2
01000100 1048576.0
runproj limit: 2.0e-2
01001000 1048576.0
runproj limit: 2.0e-2
00000111 1048576.0
best: 1.0
runproj limit: 2.0e-2
01100000 1048576.0
runproj limit: 2.0e-2
10000011 1048576.0
runproj limit: 2.0e-2
00001001 1048576.0
runproj limit: 2.0e-2
10001111 1048576.0
runproj limit: 2.0e-2
11100100 1048576.0
runproj limit: 2.0e-2
11000100 1048576.0
runproj limit: 2.0e-2
10001010 1048576.0
runproj limit: 2.0e-2
00000111 1048576.0
runproj limit: 2.0e-2
11111110 1048576.0
runproj limit: 2.0e-2
00010011 1048576.0
runproj limit: 2.0e-2
00000010 1048576.0
runproj limit: 2.0e-2
01100100 1048576.0
runproj limit: 2.0e-2
10001111 1048576.0
runproj limit: 2.0e-2
11100110 1048576.0
runproj limit: 2.0e-2
11101110 1048576.0
runproj limit: 2.0e-2
00000011 1048576.0
runproj limit: 2.0e-2
10001111 1048576.0
runproj limit: 2.0e-2
01100100 1048576.0
runproj limit: 2.0e-2
01001110 1048576.0
runproj limit: 2.0e-2
00001000 1048576.0
best: 1.0
runproj limit: 2.0e-2
11000100 1048576.0
runproj limit: 2.0e-2
00010010 1048576.0
runproj limit: 2.0e-2
00010011 1048576.0
runproj limit: 2.0e-2
10000010 1048576.0
runproj limit: 2.0e-2
10001111 1048576.0
runproj limit: 2.0e-2
00000011 1048576.0
runproj limit: 2.0e-2
11101110 1048576.0
runproj limit: 2.0e-2
10001110 1048576.0
runproj limit: 2.0e-2
10001000 1048576.0
runproj limit: 2.0e-2
11110110 1048576.0
runproj limit: 2.0e-2
10001110 1048576.0
runproj limit: 2.0e-2
11101111 1048576.0
runproj limit: 2.0e-2
00001011 1048576.0
runproj limit: 2.0e-2
01100000 1048576.0
runproj limit: 2.0e-2
10000011 1048576.0
runproj limit: 2.0e-2
00001001 1048576.0
runproj limit: 2.0e-2
10001111 1048576.0
runproj limit: 2.0e-2
11100100 1048576.0
runproj limit: 2.0e-2
11000100 1048576.0
runproj limit: 2.0e-2
10001010 1048576.0
best: 1.0
runproj limit: 2.0e-2
10000011 1048576.0
runproj limit: 2.0e-2
00000011 1048576.0
runproj limit: 2.0e-2
00010010 1048576.0
runproj limit: 2.0e-2
11111110 1048576.0
runproj limit: 2.0e-2
11001100 1048576.0
runproj limit: 2.0e-2
00101000 1048576.0
runproj limit: 2.0e-2
11101111 1048576.0
runproj limit: 2.0e-2
10001101 1048576.0
runproj limit: 2.0e-2
00110111 1048576.0
runproj limit: 2.0e-2
00001101 1048576.0
runproj limit: 2.0e-2
10100000 1048576.0
runproj limit: 2.0e-2
10101011 1048576.0
runproj limit: 2.0e-2
00111100 1048576.0
runproj limit: 2.0e-2
11000100 1048576.0
runproj limit: 2.0e-2
00010010 1048576.0
runproj limit: 2.0e-2
00010011 1048576.0
runproj limit: 2.0e-2
10000010 1048576.0
runproj limit: 2.0e-2
10001111 1048576.0
runproj limit: 2.0e-2
00000011 1048576.0
runproj limit: 2.0e-2
11101110 1048576.0
best: 1.0
done evolving!
"all is well:)"
>>>>>>>>>>>>>>FINISH OPTIMIZATION>>>>>>>>>>>>>>>
421.48user 503.88system 17:05.11elapsed 90%CPU (0avgtext+0avgdata 136572maxresident)k
1059576inputs+1375984outputs (588major+62969745minor)pagefaults 0swaps
