Optimizing /data/dan/nofib/spectral/calendar
>>>>>>>>>>>>>>>START OPTIMIZATION>>>>>>>>>>>>>>>
pop: 13
gens: 15
arch: 7
limit is: -1.0
runproj limit: -1.0
"timed out"
"All is well :D"
Basetime is: -2.0
runproj limit: -1.0
"timed out"
0000000000000000000000000000000000000000000000000000000000000000000000000000000000000000000 -4.0
runproj limit: -1.0
"timed out"
0010000000100000000100000000001100000000000000000000000000000001001000000000000000000000000 -4.0
runproj limit: -1.0
"timed out"
0000000000000000000000000000000000000000000000000000000000000000000000000000000000000000000 -4.0
runproj limit: -1.0
"timed out"
0000000000000000000000000000000000000000000000000000000000000000000000000000000000000000000 -4.0
runproj limit: -1.0
"timed out"
0000000000000000000000000100011000000000100100000110000000000000000000000000000000000000010 -4.0
runproj limit: -1.0
"timed out"
0000000000000000000000000000000000000000000000000000000000000000000000000000000000000000000 -4.0
runproj limit: -1.0
"timed out"
1000000000000000000000000011000101010000100000010000000100000100000010100000000000000101000 -4.0
runproj limit: -1.0
"timed out"
0000000000000000000000000000000000000000000000000000000000000000000000000000000000000000000 -4.0
runproj limit: -1.0
"timed out"
0000000000000000000000000000000000000000000000000000000000000000000000000000000000000000000 -4.0
runproj limit: -1.0
"timed out"
0010000000000000000000001000000000110000100000000001000000000000010000000000000000000000010 -4.0
runproj limit: -1.0
"timed out"
0000000000000000000000000000000000000000000000000000000000000000000000000000000000000000000 -4.0
runproj limit: -1.0
"timed out"
0000100000001000000000010000000100000000001000000000000000000000010000001000000000000000000 -4.0
runproj limit: -1.0
"timed out"
0000000000000000000000000000100000000000000001000000000000000011000110000010010000000000000 -4.0
best: 2.0
runproj limit: -1.0
"timed out"
0000000000000000000000000000010000000000100000000100000000000000000000000000000000000000010 -4.0
runproj limit: -1.0
"timed out"
0000000000000000000000000000000100000000000000000000000000000000000010100000000000000101000 -4.0
runproj limit: -1.0
"timed out"
0000000000000000000000000000000000000000000000000000000000000000000000000000000000000000000 -4.0
runproj limit: -1.0
"timed out"
0000000000000000000000000000100000000000000000000000000000000001000000000000010000000000000 -4.0
runproj limit: -1.0
"timed out"
1010000000000000000100000011000100010000100000000000000000000100000000100000000000000101000 -4.0
runproj limit: -1.0
"timed out"
1000000000000000000000000001000101010000000000010000000000000100000010000000000000000000000 -4.0
runproj limit: -1.0
"timed out"
0000000000000000000000000000000000000000000000000000000000000000000000000000000000000000000 -4.0
runproj limit: -1.0
"timed out"
1000000000000000000000000001000001010000100000010100000000000000000010100000000000000100010 -4.0
runproj limit: -1.0
"timed out"
0010000000111100100100011000000100000010000001000100011100101001001010001100010000000011000 -4.0
runproj limit: -1.0
"timed out"
0000010000001001011001100100011101111000100001010010000000010000000000000000000000011010110 -4.0
runproj limit: -1.0
"timed out"
0100110011000110011100000101000000010010000001000000100100100000000000100010000000101010000 -4.0
runproj limit: -1.0
"timed out"
0100010010001000010100100001100010000000000000001101010001000110000000010000001000100100000 -4.0
runproj limit: -1.0
"timed out"
0110010100100000010000000001000000100010000001011111110000000000000000010000000000000001000 -4.0
runproj limit: -1.0
"timed out"
0000000000000000000000000000000000000000000000000000000000000000000000000000000000000000000 -4.0
runproj limit: -1.0
"timed out"
0010000000100000000100000000001100000000000000000000000000000001001000000000000000000000000 -4.0
runproj limit: -1.0
"timed out"
0000000000000000000000000100011000000000100100000110000000000000000000000000000000000000010 -4.0
runproj limit: -1.0
"timed out"
1000000000000000000000000011000101010000100000010000000100000100000010100000000000000101000 -4.0
runproj limit: -1.0
"timed out"
0010000000000000000000001000000000110000100000000001000000000000010000000000000000000000010 -4.0
runproj limit: -1.0
"timed out"
0000100000001000000000010000000100000000001000000000000000000000010000001000000000000000000 -4.0
runproj limit: -1.0
"timed out"
0000000000000000000000000000100000000000000001000000000000000011000110000010010000000000000 -4.0
best: 2.0
runproj limit: -1.0
"timed out"
0010000000000000000000000001000000010000000000000000000000000100000000100000000000000101000 -4.0
runproj limit: -1.0
"timed out"
0100000010000000000000000000100010000000000000001100010001000100000000010000001000000000000 -4.0
runproj limit: -1.0
"timed out"
1000010010000010011100000101000100010010000001000000000100100000000010100000000000001000000 -4.0
runproj limit: -1.0
"timed out"
0010000000000000000100000000001100000000100000000000000000000000000000100000000000000100000 -4.0
runproj limit: -1.0
"timed out"
0000000000000000000000000000000000000000000000000000000000000000000000000000000000000000000 -4.0
runproj limit: -1.0
"timed out"
0000000000000000000000000011100000000000000000000000000100000100000000000000010000000101000 -4.0
runproj limit: -1.0
"timed out"
0000000000110100000100001000010100000010100000000100011100000001001000000000010000000000000 -4.0
runproj limit: -1.0
"timed out"
0000010000001000010100100101011100001000000001001111010001000000000000000000001000010010010 -4.0
runproj limit: -1.0
"timed out"
0000100000001010000101010100001100000001000110011000000100100000010000111101101100000010000 -4.0
runproj limit: -1.0
"timed out"
0001000000010000010010000001000100000010000001100000001000100110010100010100000101000100000 -4.0
runproj limit: -1.0
"timed out"
1101010010011111010110100001111010000011000100101001110110001100101010000000001110111110100 -4.0
runproj limit: -1.0
"timed out"
0111010011010101110110101001100011111010000101001001000011000010000000111000001000010000000 -4.0
runproj limit: -1.0
"timed out"
0011010000111001000101111100111101101110010101000100111110101000001111001010001001000011010 -4.0
runproj limit: -1.0
"timed out"
0000000000000000000000000000010000000000100000000100000000000000000000000000000000000000010 -4.0
runproj limit: -1.0
"timed out"
0000000000000000000000000000000100000000000000000000000000000000000010100000000000000101000 -4.0
runproj limit: -1.0
"timed out"
0000000000000000000000000000000000000000000000000000000000000000000000000000000000000000000 -4.0
runproj limit: -1.0
"timed out"
0000000000000000000000000000100000000000000000000000000000000001000000000000010000000000000 -4.0
runproj limit: -1.0
"timed out"
1010000000000000000100000011000100010000100000000000000000000100000000100000000000000101000 -4.0
runproj limit: -1.0
"timed out"
1000000000000000000000000001000101010000000000010000000000000100000010000000000000000000000 -4.0
runproj limit: -1.0
"timed out"
1000000000000000000000000001000001010000100000010100000000000000000010100000000000000100010 -4.0
best: 2.0
runproj limit: -1.0
"timed out"
0001000000011010010100000100000100000001000011101000001100100000010100110100000100000010000 -4.0
runproj limit: -1.0
"timed out"
1000000000000000000100000001000000000000100000010100000000000000000010100000000000000100000 -4.0
runproj limit: -1.0
"timed out"
1000010010000000010100000001000100010000000001010000000100100100000010000000000000001000000 -4.0
runproj limit: -1.0
"timed out"
1000000000000010001100000000100100000000000001000000000000100001000000000000000000001000000 -4.0
runproj limit: -1.0
"timed out"
0000000000010100010100001001000100000010000000000100011100000111011000000100000001000000000 -4.0
runproj limit: -1.0
"timed out"
0000000000000000000000000001000101000000100000010000000000000000000010100000000000000100010 -4.0
runproj limit: -1.0
"timed out"
0000100000000000000000000000000000000001000000010000000000100000010000111000001100000000000 -4.0
runproj limit: -1.0
"timed out"
1010000000000000000100000001000100010000100000000000000000000000000000100000000000000100000 -4.0
runproj limit: -1.0
"timed out"
0000000000110100000100001010010110000010110000000100011110101000001000010010011111011010011 -4.0
runproj limit: -1.0
"timed out"
0110100000001000000001000000100000110010100100000000000110001100100101100011000000101101001 -4.0
runproj limit: -1.0
"timed out"
1110010011000111101100000101000100011010000101001001101101100001000001110000101010000101000 -4.0
runproj limit: -1.0
"timed out"
1100010110011110010111000111111110001010000101101000110110011101101010000101000010111110110 -4.0
runproj limit: -1.0
"timed out"
0110010010010000100110111101011110101010000101001001000111000000110000111000001100010100100 -4.0
runproj limit: -1.0
"timed out"
0010000000000000000000000001000000010000000000000000000000000100000000100000000000000101000 -4.0
runproj limit: -1.0
"timed out"
0100000010000000000000000000100010000000000000001100010001000100000000010000001000000000000 -4.0
runproj limit: -1.0
"timed out"
1000010010000010011100000101000100010010000001000000000100100000000010100000000000001000000 -4.0
runproj limit: -1.0
"timed out"
0010000000000000000100000000001100000000100000000000000000000000000000100000000000000100000 -4.0
runproj limit: -1.0
"timed out"
0000000000000000000000000000000000000000000000000000000000000000000000000000000000000000000 -4.0
runproj limit: -1.0
"timed out"
0000000000000000000000000011100000000000000000000000000100000100000000000000010000000101000 -4.0
runproj limit: -1.0
"timed out"
0000000000110100000100001000010100000010100000000100011100000001001000000000010000000000000 -4.0
best: 2.0
runproj limit: -1.0
"timed out"
0000010010010000010100001001000100000010000001000100000100000110011010100000000001001000000 -4.0
runproj limit: -1.0
"timed out"
0000100000110000000000001000000000000001000000010100011100000000001000011000001100000000000 -4.0
runproj limit: -1.0
"timed out"
1110010000000000000100000100100000110010000101000000000100000000100001100011000000101101000 -4.0
runproj limit: -1.0
"timed out"
0010000000010100000100000000011100000010100000000000000100000001000000000000000000000000000 -4.0
runproj limit: -1.0
"timed out"
0000000000000100000100001010010110010010110000000000011100000000000000010000000111001100001 -4.0
runproj limit: -1.0
"timed out"
0100000010000000000000000001100000000000000000001000000001000100000000000000011000000001000 -4.0
runproj limit: -1.0
"timed out"
1001010010011010010101000111011100001010000101101000111110101101101110000101000010001010000 -4.0
runproj limit: -1.0
"timed out"
1000000000000010001100000001100000000000000001010000000000000001000000100000000000000100000 -4.0
runproj limit: -1.0
"timed out"
0011001000111100011001000000001110100001100011101000001000010110010100110111000001010110101 -4.0
runproj limit: -1.0
"timed out"
0111100001000001000001000000000000001001000001011100101100111000010100001000001101010100011 -4.0
runproj limit: -1.0
"timed out"
0100100110000000000010110100100010000000000000001101000001000010101100010010001000100101000 -4.0
runproj limit: -1.0
"timed out"
0000010110110000110110001001100100010001000001010110000101100110000010011000001010001110000 -4.0
runproj limit: -1.0
"timed out"
0101000000011010000111100110000110001000001011101011011110110000010100110110001111000011000 -4.0
runproj limit: -1.0
"timed out"
0001000000011010010100000100000100000001000011101000001100100000010100110100000100000010000 -4.0
runproj limit: -1.0
"timed out"
1000000000000000000100000001000000000000100000010100000000000000000010100000000000000100000 -4.0
runproj limit: -1.0
"timed out"
1000010010000000010100000001000100010000000001010000000100100100000010000000000000001000000 -4.0
runproj limit: -1.0
"timed out"
1000000000000010001100000000100100000000000001000000000000100001000000000000000000001000000 -4.0
runproj limit: -1.0
"timed out"
0000000000010100010100001001000100000010000000000100011100000111011000000100000001000000000 -4.0
runproj limit: -1.0
"timed out"
0000000000000000000000000001000101000000100000010000000000000000000010100000000000000100010 -4.0
runproj limit: -1.0
"timed out"
0000100000000000000000000000000000000001000000010000000000100000010000111000001100000000000 -4.0
best: 2.0
runproj limit: -1.0
"timed out"
0111000010010000110000001001000100010001000001011100001101111110010000001000001101000100001 -4.0
runproj limit: -1.0
"timed out"
1000000000000010000100001010010010010010010000000000001000000000000000100000000100001100000 -4.0
runproj limit: -1.0
"timed out"
0000100000000000000000000000000000000000000000010000000000000000010010100000000100000100000 -4.0
runproj limit: -1.0
"timed out"
0100000010000100000000000001100100000010000000000000001101000111010000000100010001000000000 -4.0
runproj limit: -1.0
"timed out"
0100000010000000000000000001100000000000000000001000000001000100000000000000011000000001000 -4.0
runproj limit: -1.0
"timed out"
0100000010000010001100000001100000000000000000000000000001000101000000100000010000000101000 -4.0
runproj limit: -1.0
"timed out"
1001010010010010010100001011000100000010000001100000111100100110101010000000000010001010000 -4.0
runproj limit: -1.0
"timed out"
0100010110000000000100000001100000000001000000000100000101100110000000010000011000001001000 -4.0
runproj limit: -1.0
"timed out"
0010000000001000000101001001000001000000100000110101100010001000000110000100000000100110010 -4.0
runproj limit: -1.0
"timed out"
1011000110110000110100001001001000011001100111010111101001110111010000000000011010001111000 -4.0
runproj limit: -1.0
"timed out"
1111011010110000111001001000101100110101110010111001001010101000001110100011000001110110101 -4.0
runproj limit: -1.0
"timed out"
1001000010001011001100000000101010110000000000010000000011010101010100101010000001000100110 -4.0
runproj limit: -1.0
"timed out"
0000010000001011010001000001101010000010100010000101001100000101001011000100100000100110010 -4.0
runproj limit: -1.0
"timed out"
0000010010010000010100001001000100000010000001000100000100000110011010100000000001001000000 -4.0
runproj limit: -1.0
"timed out"
0000100000110000000000001000000000000001000000010100011100000000001000011000001100000000000 -4.0
runproj limit: -1.0
"timed out"
1110010000000000000100000100100000110010000101000000000100000000100001100011000000101101000 -4.0
runproj limit: -1.0
"timed out"
0010000000010100000100000000011100000010100000000000000100000001000000000000000000000000000 -4.0
runproj limit: -1.0
"timed out"
0000000000000100000100001010010110010010110000000000011100000000000000010000000111001100001 -4.0
runproj limit: -1.0
"timed out"
0100000010000000000000000001100000000000000000001000000001000100000000000000011000000001000 -4.0
runproj limit: -1.0
"timed out"
1001010010011010010101000111011100001010000101101000111110101101101110000101000010001010000 -4.0
best: 2.0
runproj limit: -1.0
"timed out"
0010001010010000111000000000111100000101100010110000000000001001001110000001000001110000001 -4.0
runproj limit: -1.0
"timed out"
0010000000001000010001000000001000000010100010000100000100000101001010000100100000000100010 -4.0
runproj limit: -1.0
"timed out"
1001010010010100010000000001100100000010000000000000111100000111110000000000000011000000000 -4.0
runproj limit: -1.0
"timed out"
0000000010000011001101000001101000000010000010000001000100000101001001000100110000000101000 -4.0
runproj limit: -1.0
"timed out"
1000010000000010000100001010000010010010010001000000000100000000000000100001000100001100000 -4.0
runproj limit: -1.0
"timed out"
0100000000100000000100000100000000010000000001010100001100000000000000110010001000100001000 -4.0
runproj limit: -1.0
"timed out"
0100000000110000110000001000000100010001000001011100001101011010000000001000001100000100000 -4.0
runproj limit: -1.0
"timed out"
0100000110000000000100000001100000000001000000001100000101100100000000000000011000000001000 -4.0
runproj limit: -1.0
"timed out"
0001010010001010100010000110100100100111011100010000001001000101010100000101111001000011010 -4.0
runproj limit: -1.0
"timed out"
1111111100010111010100000010101010011000010111110100000110110100010000111000110101000111110 -4.0
runproj limit: -1.0
"timed out"
0011100000001000010101011001100001000001100011111100110010011000010110110100000011100110100 -4.0
runproj limit: -1.0
"timed out"
1100100011100100000010001101000111000010001110001000011101110111000110111100110100000001101 -4.0
runproj limit: -1.0
"timed out"
0100010110100100000101010110100000011001100010100110100101100000000000010011001100111101010 -4.0
runproj limit: -1.0
"timed out"
0111000010010000110000001001000100010001000001011100001101111110010000001000001101000100001 -4.0
runproj limit: -1.0
"timed out"
1000000000000010000100001010010010010010010000000000001000000000000000100000000100001100000 -4.0
runproj limit: -1.0
"timed out"
0000100000000000000000000000000000000000000000010000000000000000010010100000000100000100000 -4.0
runproj limit: -1.0
"timed out"
0100000010000100000000000001100100000010000000000000001101000111010000000100010001000000000 -4.0
runproj limit: -1.0
"timed out"
0100000010000000000000000001100000000000000000001000000001000100000000000000011000000001000 -4.0
runproj limit: -1.0
"timed out"
0100000010000010001100000001100000000000000000000000000001000101000000100000010000000101000 -4.0
runproj limit: -1.0
"timed out"
1001010010010010010100001011000100000010000001100000111100100110101010000000000010001010000 -4.0
best: 2.0
runproj limit: -1.0
"timed out"
0100000010000100000000000001100100000010000000001000000101000100010000000000010001000000000 -4.0
runproj limit: -1.0
"timed out"
1100110110100100000101000101000101011000001110000100101101100011000110111001111100000101100 -4.0
runproj limit: -1.0
"timed out"
1101010000000010010000001000000110010011010001001000000100101110010000001000001101001100001 -4.0
runproj limit: -1.0
"timed out"
0110101000000011001100000010100000001000000111000000000111000100010000100000110001000111100 -4.0
runproj limit: -1.0
"timed out"
1101010110000011000101000000101010010000010111000100000110010101000001000000110000000101100 -4.0
runproj limit: -1.0
"timed out"
0100100110000000000010001101100011000001000110001100001101100101000110000100111100000001100 -4.0
runproj limit: -1.0
"timed out"
1100101000010011010100000010101010010000010000100100001000100100010000100000100100001101010 -4.0
runproj limit: -1.0
"timed out"
0001100010010100010000011001100101000001100011011000111000000100110000110100000011000010100 -4.0
runproj limit: -1.0
"timed out"
0100110000110000000101000010000001110001100001010101101000010101001100100010100001100000101 -4.0
runproj limit: -1.0
"timed out"
1110000010000011011011001011101000000000010010100001001110000101011011010100010000000100100 -4.0
runproj limit: -1.0
"timed out"
1110010100000100000000000010100101010111111011001110011011010111010001000001000101000101000 -4.0
runproj limit: -1.0
"timed out"
0010001110000111000101100010001000000110000001100000010111100100001011000101110001001110000 -4.0
runproj limit: -1.0
"timed out"
1011100001001001110101011011111001000001110010011100010000011100010100100110000101100110111 -4.0
runproj limit: -1.0
"timed out"
0010001010010000111000000000111100000101100010110000000000001001001110000001000001110000001 -4.0
runproj limit: -1.0
"timed out"
0010000000001000010001000000001000000010100010000100000100000101001010000100100000000100010 -4.0
runproj limit: -1.0
"timed out"
1001010010010100010000000001100100000010000000000000111100000111110000000000000011000000000 -4.0
runproj limit: -1.0
"timed out"
0000000010000011001101000001101000000010000010000001000100000101001001000100110000000101000 -4.0
runproj limit: -1.0
"timed out"
1000010000000010000100001010000010010010010001000000000100000000000000100001000100001100000 -4.0
runproj limit: -1.0
"timed out"
0100000000100000000100000100000000010000000001010100001100000000000000110010001000100001000 -4.0
runproj limit: -1.0
"timed out"
0100000000110000110000001000000100010001000001011100001101011010000000001000001100000100000 -4.0
best: 2.0
runproj limit: -1.0
"timed out"
1001010000000011000101001000101010010000010011000100000110010101000000100001000000001100000 -4.0
runproj limit: -1.0
"timed out"
1010011110000011000101000000001010010100010101000100000110100101000001000001110000001101100 -4.0
runproj limit: -1.0
"timed out"
0011101111001011000101101011101000000100010011011100010011001100000110000100100101101110000 -4.0
runproj limit: -1.0
"timed out"
1100101110000101001100000001100000001000001110000100001101100101010010111000110000000101100 -4.0
runproj limit: -1.0
"timed out"
0000010000001010000100000000001000000010000000000100000100000101001010000001100000000100010 -4.0
runproj limit: -1.0
"timed out"
0010000000001101010000001001110001000000000010011100010000011100010000100000010001000110101 -4.0
runproj limit: -1.0
"timed out"
0000000000000000000101000010001000010011100001010100100000000101001000100000100000000100001 -4.0
runproj limit: -1.0
"timed out"
1110010000000000000000000010100101010111100001000110001111010100000001010010001001000001000 -4.0
runproj limit: -1.0
"timed out"
1010100100000101010000001000101000000000100011110100010100000101111010101111110100000100010 -4.0
runproj limit: -1.0
"timed out"
1110001010000101011011001001010000000000110111110001001110100101110001011000010000100100101 -4.0
runproj limit: -1.0
"timed out"
1100010010010010010000001001110010010011000001000001000110100110010000001110100011111100001 -4.0
runproj limit: -1.0
"timed out"
0100101000111011010000011011111111110010011100100000011000100110011000110011101100001111011 -4.0
runproj limit: -1.0
"timed out"
1100110110101101011101000010100111000010011100010110010100111011001110111101111100000101100 -4.0
runproj limit: -1.0
"timed out"
0100000010000100000000000001100100000010000000001000000101000100010000000000010001000000000 -4.0
runproj limit: -1.0
"timed out"
1100110110100100000101000101000101011000001110000100101101100011000110111001111100000101100 -4.0
runproj limit: -1.0
"timed out"
1101010000000010010000001000000110010011010001001000000100101110010000001000001101001100001 -4.0
runproj limit: -1.0
"timed out"
0110101000000011001100000010100000001000000111000000000111000100010000100000110001000111100 -4.0
runproj limit: -1.0
"timed out"
1101010110000011000101000000101010010000010111000100000110010101000001000000110000000101100 -4.0
runproj limit: -1.0
"timed out"
0100100110000000000010001101100011000001000110001100001101100101000110000100111100000001100 -4.0
runproj limit: -1.0
"timed out"
1100101000010011010100000010101010010000010000100100001000100100010000100000100100001101010 -4.0
best: 2.0
runproj limit: -1.0
"timed out"
0010011010001001000000000010101001000100100001011100010011001100000000010010000101100001000 -4.0
runproj limit: -1.0
"timed out"
1100110000010011010100000000001000000000010000000100001100000101010000000001100000001101010 -4.0
runproj limit: -1.0
"timed out"
1100010000000001001101000010100110010010011011010100000100010001000010101101010100001100100 -4.0
runproj limit: -1.0
"timed out"
0100011110000011010001001011111110110010011110000000011100110110001000010010101000000101011 -4.0
runproj limit: -1.0
"timed out"
1100100110000100000101001000101000000000100010010100011100100001111010101111111100000100000 -4.0
runproj limit: -1.0
"timed out"
1001010100000011000101000010101000010011010101010100100100010101000001100000110000000101100 -4.0
runproj limit: -1.0
"timed out"
0000010000001010000100000000001000000010000000000100000100000101001010000001100000000100010 -4.0
runproj limit: -1.0
"timed out"
0100101000110000010000011011110111110000011100001000001001100100000000110110101100000001000 -4.0
runproj limit: -1.0
"timed out"
1000100110000010001011101100100110100001101000110111001101000101011111101101111111000001010 -4.0
runproj limit: -1.0
"timed out"
1100011010000111110111101000010001001000110111110011001011100100100001101000010101101100110 -4.0
runproj limit: -1.0
"timed out"
1110010010000010110101001110100110010011100101100011001110010000010010001010000001101101011 -4.0
runproj limit: -1.0
"timed out"
0001110011100010100000001010000111010000010001000100000110010111001000100100000111010010010 -4.0
runproj limit: -1.0
"timed out"
1010100011000100001011001101010101011000111101110010001111010110110001011100110010010000101 -4.0
runproj limit: -1.0
"timed out"
1001010000000011000101001000101010010000010011000100000110010101000000100001000000001100000 -4.0
runproj limit: -1.0
"timed out"
1010011110000011000101000000001010010100010101000100000110100101000001000001110000001101100 -4.0
runproj limit: -1.0
"timed out"
0011101111001011000101101011101000000100010011011100010011001100000110000100100101101110000 -4.0
runproj limit: -1.0
"timed out"
1100101110000101001100000001100000001000001110000100001101100101010010111000110000000101100 -4.0
runproj limit: -1.0
"timed out"
0000010000001010000100000000001000000010000000000100000100000101001010000001100000000100010 -4.0
runproj limit: -1.0
"timed out"
0010000000001101010000001001110001000000000010011100010000011100010000100000010001000110101 -4.0
runproj limit: -1.0
"timed out"
0000000000000000000101000010001000010011100001010100100000000101001000100000100000000100001 -4.0
best: 2.0
runproj limit: -1.0
"timed out"
1100110111000000000000001000000101011000001000000100001111110101001010100100010111010110000 -4.0
runproj limit: -1.0
"timed out"
1001000000000001000101000000101000010011100001010100000000000101000000100001000000000100000 -4.0
runproj limit: -1.0
"timed out"
1110011010000011000101001010101010010100000101000111001110110000000000000010000000101101010 -4.0
runproj limit: -1.0
"timed out"
0000010000001111010000001000110001010000000010000100000110011101010000100001010001001100100 -4.0
runproj limit: -1.0
"timed out"
1100110010010111110100101000011001000000110110100011001011000101110000101001010100101100010 -4.0
runproj limit: -1.0
"timed out"
1000100010000010000001101100100110010001010011010101000100010101010000101101011110001000010 -4.0
runproj limit: -1.0
"timed out"
1100010011000010100001001010000110010001000001100001000110010010001010101010000111010000010 -4.0
runproj limit: -1.0
"timed out"
1000011100000011000101000000001000010010110001000100000010100101001000000000110000000100101 -4.0
runproj limit: -1.0
"timed out"
1000011111010011010110000001010010110101011111000101000111100100001101000000111000001001100 -4.0
runproj limit: -1.0
"timed out"
1010010110100001000101000000001000001100010110000000011101000101001010100110101010100101010 -4.0
runproj limit: -1.0
"timed out"
0000001010001100001000000110010100000010110011111000110111010011000000001010000111100001100 -4.0
runproj limit: -1.0
"timed out"
0001101111001000010000100011110000010100010110011000010011101100100110000100000101100111001 -4.0
runproj limit: -1.0
"timed out"
1100101000100101110100011010111111111000001101000011101001100010101101010110101000001111000 -4.0
runproj limit: -1.0
"timed out"
0010011010001001000000000010101001000100100001011100010011001100000000010010000101100001000 -4.0
runproj limit: -1.0
"timed out"
1100110000010011010100000000001000000000010000000100001100000101010000000001100000001101010 -4.0
runproj limit: -1.0
"timed out"
1100010000000001001101000010100110010010011011010100000100010001000010101101010100001100100 -4.0
runproj limit: -1.0
"timed out"
0100011110000011010001001011111110110010011110000000011100110110001000010010101000000101011 -4.0
runproj limit: -1.0
"timed out"
1100100110000100000101001000101000000000100010010100011100100001111010101111111100000100000 -4.0
runproj limit: -1.0
"timed out"
1001010100000011000101000010101000010011010101010100100100010101000001100000110000000101100 -4.0
runproj limit: -1.0
"timed out"
0000010000001010000100000000001000000010000000000100000100000101001010000001100000000100010 -4.0
best: 2.0
runproj limit: -1.0
"timed out"
0000110000000010000100000000001000000000010000000100001100000101000010000001100000000100010 -4.0
runproj limit: -1.0
"timed out"
0000111000001111000100000000011000010000000100000011000001000110001001000010101000001101000 -4.0
runproj limit: -1.0
"timed out"
1000001110000111010101001000110000100001110011000100011101100100001110000111111100001001100 -4.0
runproj limit: -1.0
"timed out"
0000111100001101010000001000110001010000000010011100000011111100000100100000000101001100000 -4.0
runproj limit: -1.0
"timed out"
1110010010000011100100001000111011000100000101000011001110010000000000101000010100101101010 -4.0
runproj limit: -1.0
"timed out"
1100001000001101011100010010011101001010100111001011100101100011100000011110100111100011100 -4.0
runproj limit: -1.0
"timed out"
1000000010000100000100000110100000000000110011010100010110110001111010001011111101000100100 -4.0
runproj limit: -1.0
"timed out"
1001000000000001000101000000101000010011100001010100000000000101000000100001000000000100000 -4.0
runproj limit: -1.0
"timed out"
1100010001000010111101000011100110111001111001001100001101100011101001101101011000001110100 -4.0
runproj limit: -1.0
"timed out"
1001101000000011011001001010000100111011000000111100100111010111011001110011100010010101110 -4.0
runproj limit: -1.0
"timed out"
0100010111001011000101110000111011011010000011000001000000101110011010011000010001000011100 -4.0
runproj limit: -1.0
"timed out"
0000001101101011011110110010010111101001000011010101000111001100001001001000100010000101100 -4.0
runproj limit: -1.0
"timed out"
0000011000000010110110000111100100001010100000000110001001011001000110111101110000100100000 -4.0
runproj limit: -1.0
"timed out"
1100110111000000000000001000000101011000001000000100001111110101001010100100010111010110000 -4.0
runproj limit: -1.0
"timed out"
1001000000000001000101000000101000010011100001010100000000000101000000100001000000000100000 -4.0
runproj limit: -1.0
"timed out"
1110011010000011000101001010101010010100000101000111001110110000000000000010000000101101010 -4.0
runproj limit: -1.0
"timed out"
0000010000001111010000001000110001010000000010000100000110011101010000100001010001001100100 -4.0
runproj limit: -1.0
"timed out"
1100110010010111110100101000011001000000110110100011001011000101110000101001010100101100010 -4.0
runproj limit: -1.0
"timed out"
1000100010000010000001101100100110010001010011010101000100010101010000101101011110001000010 -4.0
runproj limit: -1.0
"timed out"
1100010011000010100001001010000110010001000001100001000110010010001010101010000111010000010 -4.0
best: 2.0
runproj limit: -1.0
"timed out"
1110000000000011000100000000111001000001000001000110001000010001000000101001000100100100000 -4.0
runproj limit: -1.0
"timed out"
0000001101101011011110110010010111101001000011010101000111001100001001001000100010000101100 -4.0
runproj limit: -1.0
"timed out"
1000000111001001001110000110110001101001100011010101010110001100111001001011100100000101100 -4.0
runproj limit: -1.0
"timed out"
0000111100001111010000001000110001010000000010011100000011111101010000100000010101001100000 -4.0
runproj limit: -1.0
"timed out"
0000110000010111100100101000011001000000110100000100001010000101000000100001110100101100010 -4.0
runproj limit: -1.0
"timed out"
0100010010001011000101010000101011010010000101000011000000110110010000011000000001001101110 -4.0
runproj limit: -1.0
"timed out"
0000001010101110010100000010010111001000000011010101000110010100101000001010101011000100100 -4.0
runproj limit: -1.0
"timed out"
1100110111000000000000001000000110010000000000100000000110010111001010100000010111010100000 -4.0
runproj limit: -1.0
"timed out"
0111011001010111100000101000011001010000100011100001000011010101110000001011110111101000010 -4.0
runproj limit: -1.0
"timed out"
1001001100110111010101001000111011101001110010101100111101101101001110000101110100000001000 -4.0
runproj limit: -1.0
"timed out"
1000001000001001010101000000101100111011101001010110000001001101001000100111000000010110011 -4.0
runproj limit: -1.0
"timed out"
1110010011011001000111101110101110010000010110001111000110110110011000000110010000111001010 -4.0
runproj limit: -1.0
"timed out"
0000111100011011111000000100111001010001000011010001000011100100001010100000000111110100001 -4.0
runproj limit: -1.0
"timed out"
0000110000000010000100000000001000000000010000000100001100000101000010000001100000000100010 -4.0
runproj limit: -1.0
"timed out"
0000111000001111000100000000011000010000000100000011000001000110001001000010101000001101000 -4.0
runproj limit: -1.0
"timed out"
1000001110000111010101001000110000100001110011000100011101100100001110000111111100001001100 -4.0
runproj limit: -1.0
"timed out"
0000111100001101010000001000110001010000000010011100000011111100000100100000000101001100000 -4.0
runproj limit: -1.0
"timed out"
1110010010000011100100001000111011000100000101000011001110010000000000101000010100101101010 -4.0
runproj limit: -1.0
"timed out"
1100001000001101011100010010011101001010100111001011100101100011100000011110100111100011100 -4.0
runproj limit: -1.0
"timed out"
1000000010000100000100000110100000000000110011010100010110110001111010001011111101000100100 -4.0
best: 2.0
runproj limit: -1.0
"timed out"
0100010000011101010101101100110010010000000110011101000010110110010000100100000100101100010 -4.0
runproj limit: -1.0
"timed out"
1001001010110110010100000000110011101001110011010100100100010100001100001000111110000000100 -4.0
runproj limit: -1.0
"timed out"
1001001101100111011101010010110111101001010010000100000101101101001111001001100000000001100 -4.0
runproj limit: -1.0
"timed out"
0000001010000110010101001000010101101000010011000101000110110100101010001010101100000000100 -4.0
runproj limit: -1.0
"timed out"
0000111100001011111000000100110001010001000010010000000011100100000110100000000111110100001 -4.0
runproj limit: -1.0
"timed out"
1000001101101011010101111000010111101001010010001100001101101101001000000101110110000001100 -4.0
runproj limit: -1.0
"timed out"
0110011001010011000001101000111001010010100101000001000001110100010000001011010101001000110 -4.0
runproj limit: -1.0
"timed out"
0000111000011111100000100000111001000000100111000000000010000100001010100000000110111100010 -4.0
runproj limit: -1.0
"timed out"
0000100010001001101100111001101101010010000101100111010100010100010010011010010101001111011 -4.0
runproj limit: -1.0
"timed out"
0111111001010111000010101000011001010000101011100001000010110101110010111010110101101000010 -4.0
runproj limit: -1.0
"timed out"
0000011010100000011100110000100001001000000011110111000010110101100100001010001010110100000 -4.0
runproj limit: -1.0
"timed out"
0110001100011111011000001011011001001101001011001011100111101001100100111110100011100011100 -4.0
runproj limit: -1.0
"timed out"
1000101101101111010001100001010001111000111110010100011001110010100110100010010101101000000 -4.0
runproj limit: -1.0
"timed out"
1110000000000011000100000000111001000001000001000110001000010001000000101001000100100100000 -4.0
runproj limit: -1.0
"timed out"
0000001101101011011110110010010111101001000011010101000111001100001001001000100010000101100 -4.0
runproj limit: -1.0
"timed out"
1000000111001001001110000110110001101001100011010101010110001100111001001011100100000101100 -4.0
runproj limit: -1.0
"timed out"
0000111100001111010000001000110001010000000010011100000011111101010000100000010101001100000 -4.0
runproj limit: -1.0
"timed out"
0000110000010111100100101000011001000000110100000100001010000101000000100001110100101100010 -4.0
runproj limit: -1.0
"timed out"
0100010010001011000101010000101011010010000101000011000000110110010000011000000001001101110 -4.0
runproj limit: -1.0
"timed out"
0000001010101110010100000010010111001000000011010101000110010100101000001010101011000100100 -4.0
best: 2.0
runproj limit: -1.0
"timed out"
0000001100001110011000001000011101101100000011000001100111100101100110001110101101000001100 -4.0
runproj limit: -1.0
"timed out"
1000001101100111011101111010110111101001010010001100000101101101001110001001110010000001100 -4.0
runproj limit: -1.0
"timed out"
1001001000000111011101000000110001101001000011000110000101011101000100101001100100000101000 -4.0
runproj limit: -1.0
"timed out"
0111011001010011000001101000111001010010101001100001000001110100010000111011010101001000010 -4.0
runproj limit: -1.0
"timed out"
0100010000001110010101101110010111010000000110010101000010010110011000000110100110101100010 -4.0
runproj limit: -1.0
"timed out"
1010100000001011100100011001111001010011000001000110011000010000000010111000000100100110011 -4.0
runproj limit: -1.0
"timed out"
0110001100011111011000001011011001001101001011001011100111101001100100111110100011100011100 -4.0
runproj limit: -1.0
"timed out"
0000010110011011000110100100110001000001110000010101001110000100000001000011110100100101000 -4.0
runproj limit: -1.0
"timed out"
1011011101101011010100110010000111101001111110001110001001100101001001100100010010110000000 -4.0
runproj limit: -1.0
"timed out"
1000110101000011000000001110110001000100000010100100100010111100010000100000010101101011001 -4.0
runproj limit: -1.0
"timed out"
0010000000001001101110111100101101011001000001100101010000000110010010111000110101010111011 -4.0
runproj limit: -1.0
"timed out"
0010101100010111011010001100000000000101100010011101101010101111011101100110110101001111001 -4.0
runproj limit: -1.0
"timed out"
1011010001110100100011101101111001110011110001000001000001010101010010010101111000000100100 -4.0
runproj limit: -1.0
"timed out"
0100010000011101010101101100110010010000000110011101000010110110010000100100000100101100010 -4.0
runproj limit: -1.0
"timed out"
1001001010110110010100000000110011101001110011010100100100010100001100001000111110000000100 -4.0
runproj limit: -1.0
"timed out"
1001001101100111011101010010110111101001010010000100000101101101001111001001100000000001100 -4.0
runproj limit: -1.0
"timed out"
0000001010000110010101001000010101101000010011000101000110110100101010001010101100000000100 -4.0
runproj limit: -1.0
"timed out"
0000111100001011111000000100110001010001000010010000000011100100000110100000000111110100001 -4.0
runproj limit: -1.0
"timed out"
1000001101101011010101111000010111101001010010001100001101101101001000000101110110000001100 -4.0
runproj limit: -1.0
"timed out"
0110011001010011000001101000111001010010100101000001000001110100010000001011010101001000110 -4.0
best: 2.0
done evolving!
"all is well:)"
>>>>>>>>>>>>>>FINISH OPTIMIZATION>>>>>>>>>>>>>>>
616.52user 335.66system 25:18.21elapsed 62%CPU (0avgtext+0avgdata 135964maxresident)k
560inputs+1432072outputs (6major+64430303minor)pagefaults 0swaps
