Optimizing /data/dan/nofib/spectral/cryptarithm2
>>>>>>>>>>>>>>>START OPTIMIZATION>>>>>>>>>>>>>>>
pop: 13
gens: 15
arch: 7
limit is: -1.0
runproj limit: -1.0
"timed out"
"All is well :D"
Basetime is: -2.0
runproj limit: -1.0
"timed out"
00000000000000000000000000000000000000000000000000000000000 -4.0
runproj limit: -1.0
"timed out"
00100000001000000001000000000011000000000000000000000000000 -4.0
runproj limit: -1.0
"timed out"
00000000000000000000000000000000000000000000000000000000000 -4.0
runproj limit: -1.0
"timed out"
00000000000000000000000000000000000000000000000000000000000 -4.0
runproj limit: -1.0
"timed out"
00000000000000000000000000000000000000000000000000000000000 -4.0
runproj limit: -1.0
"timed out"
00000000000000000000000000000000000000000000000000000000000 -4.0
runproj limit: -1.0
"timed out"
10000000000000000000000000110001010100001000000100000001000 -4.0
runproj limit: -1.0
"timed out"
01000000000011000000001000000000000000000000001000000100000 -4.0
runproj limit: -1.0
"timed out"
00001000000000000000001000001000000000000000000001000001000 -4.0
runproj limit: -1.0
"timed out"
00100000000000000000000010000000001100001000000000010000000 -4.0
runproj limit: -1.0
"timed out"
00000100000000001000000000000000000010100000000000000000000 -4.0
runproj limit: -1.0
"timed out"
00001000000010000000000100000001000000000010000000000000000 -4.0
runproj limit: -1.0
"timed out"
00000000000000000000000000000000000000000000000000000000000 -4.0
best: 2.0
runproj limit: -1.0
"timed out"
00000000000000000000000000000000000000000000000000000000000 -4.0
runproj limit: -1.0
"timed out"
00000000000000000000000000000001000000000000000000000000000 -4.0
runproj limit: -1.0
"timed out"
00000000000000000000000000000000000000000000000000000000000 -4.0
runproj limit: -1.0
"timed out"
00000000000000000000000000000000000000000000000001000000000 -4.0
runproj limit: -1.0
"timed out"
10100000000000000001000000110001000100001000000000000000000 -4.0
runproj limit: -1.0
"timed out"
10001000000000000000001000011001010100000000000101000001000 -4.0
runproj limit: -1.0
"timed out"
01000000000000001000000000000000000010100000000000000100000 -4.0
runproj limit: -1.0
"timed out"
10000000000000000000000000010000010100001000000100000000000 -4.0
runproj limit: -1.0
"timed out"
00100000001111001001000110000001000000100000010001000111001 -4.0
runproj limit: -1.0
"timed out"
00000100000010010110011000000001011110000001010101000000000 -4.0
runproj limit: -1.0
"timed out"
01001100110001100111000001010000000100100000010000001001001 -4.0
runproj limit: -1.0
"timed out"
01000100100010000101001000011000100000000000000011010100010 -4.0
runproj limit: -1.0
"timed out"
01100101001000000100000000010000001000100000010111111100000 -4.0
runproj limit: -1.0
"timed out"
00000000000000000000000000000000000000000000000000000000000 -4.0
runproj limit: -1.0
"timed out"
00100000001000000001000000000011000000000000000000000000000 -4.0
runproj limit: -1.0
"timed out"
10000000000000000000000000110001010100001000000100000001000 -4.0
runproj limit: -1.0
"timed out"
01000000000011000000001000000000000000000000001000000100000 -4.0
runproj limit: -1.0
"timed out"
00001000000000000000001000001000000000000000000001000001000 -4.0
runproj limit: -1.0
"timed out"
00100000000000000000000010000000001100001000000000010000000 -4.0
runproj limit: -1.0
"timed out"
00000100000000001000000000000000000010100000000000000000000 -4.0
best: 2.0
runproj limit: -1.0
"timed out"
00100000000000000000000000010000000110000000000000000100000 -4.0
runproj limit: -1.0
"timed out"
01000000100000000000000000001000100000000000000011000100010 -4.0
runproj limit: -1.0
"timed out"
01000100100001100111000001000000000100100000010000000100001 -4.0
runproj limit: -1.0
"timed out"
00100000000000000001000000000011000000001000000000000000000 -4.0
runproj limit: -1.0
"timed out"
00000000000000000000000000000000000000000000000000000000000 -4.0
runproj limit: -1.0
"timed out"
01000000000000000000001000000000000000000000001001000000000 -4.0
runproj limit: -1.0
"timed out"
00000000001101000001000010000001000000100000000000000111000 -4.0
runproj limit: -1.0
"timed out"
00000100000010000101001000010001000010000000010011010100010 -4.0
runproj limit: -1.0
"timed out"
00100000000000100001010011000010001100011011100110010001001 -4.0
runproj limit: -1.0
"timed out"
00010000000100000100100000010001000000100000011000000010001 -4.0
runproj limit: -1.0
"timed out"
11010100100111110101101000011110100000110001001010011101100 -4.0
runproj limit: -1.0
"timed out"
01110100110101011101101010011000111110100001010010010000110 -4.0
runproj limit: -1.0
"timed out"
00110100001110010001011111001111011011100101010001001111101 -4.0
runproj limit: -1.0
"timed out"
00000000000000000000000000000000000000000000000000000000000 -4.0
runproj limit: -1.0
"timed out"
00000000000000000000000000000001000000000000000000000000000 -4.0
runproj limit: -1.0
"timed out"
00000000000000000000000000000000000000000000000001000000000 -4.0
runproj limit: -1.0
"timed out"
10100000000000000001000000110001000100001000000000000000000 -4.0
runproj limit: -1.0
"timed out"
10001000000000000000001000011001010100000000000101000001000 -4.0
runproj limit: -1.0
"timed out"
01000000000000001000000000000000000010100000000000000100000 -4.0
runproj limit: -1.0
"timed out"
10000000000000000000000000010000010100001000000100000000000 -4.0
best: 2.0
runproj limit: -1.0
"timed out"
00010000000100100101000011000000000000011000111010000011001 -4.0
runproj limit: -1.0
"timed out"
10000000000000000001000000010000000000001000000100000000000 -4.0
runproj limit: -1.0
"timed out"
01000100100001000101000000000000000110100000010000000100001 -4.0
runproj limit: -1.0
"timed out"
00000000000001100011000000010000000100001000010000000100001 -4.0
runproj limit: -1.0
"timed out"
00000000000101000101000010010001000000100000000000000111000 -4.0
runproj limit: -1.0
"timed out"
00000000000000000000000000010001010000001000000100000000000 -4.0
runproj limit: -1.0
"timed out"
00100000000000000000000010000000001000010010000101000000001 -4.0
runproj limit: -1.0
"timed out"
10100000000000000001000000010001010100001000000101000001000 -4.0
runproj limit: -1.0
"timed out"
00000000001101000001000010100001100000100100000000000111101 -4.0
runproj limit: -1.0
"timed out"
01101000000010000000010000001000001110101001000000000101100 -4.0
runproj limit: -1.0
"timed out"
00100100110000111011000001000000000110100001010010011110011 -4.0
runproj limit: -1.0
"timed out"
11000101100111100101110001111111100010100001011010001101100 -4.0
runproj limit: -1.0
"timed out"
01100100100100001001101111010111101010100001010010010001110 -4.0
runproj limit: -1.0
"timed out"
00100000000000000000000000010000000110000000000000000100000 -4.0
runproj limit: -1.0
"timed out"
01000000100000000000000000001000100000000000000011000100010 -4.0
runproj limit: -1.0
"timed out"
01000100100001100111000001000000000100100000010000000100001 -4.0
runproj limit: -1.0
"timed out"
00100000000000000001000000000011000000001000000000000000000 -4.0
runproj limit: -1.0
"timed out"
00000000000000000000000000000000000000000000000000000000000 -4.0
runproj limit: -1.0
"timed out"
01000000000000000000001000000000000000000000001001000000000 -4.0
runproj limit: -1.0
"timed out"
00000000001101000001000010000001000000100000000000000111000 -4.0
best: 2.0
runproj limit: -1.0
"timed out"
00000100100101000101000010000000000000100000010000000100000 -4.0
runproj limit: -1.0
"timed out"
00000000001100000000000010000000000000010010000100000111000 -4.0
runproj limit: -1.0
"timed out"
01100100000000000001000001001000001100100001010000000101000 -4.0
runproj limit: -1.0
"timed out"
00100000000101000001000000000011000000101000000000000001000 -4.0
runproj limit: -1.0
"timed out"
00000000000001000001000010100001110100101100000001000111000 -4.0
runproj limit: -1.0
"timed out"
01000000100000000000000000001000000000000000001011000000010 -4.0
runproj limit: -1.0
"timed out"
10010100100100100101010001110110000010101001011010001111101 -4.0
runproj limit: -1.0
"timed out"
10000000000000100011000000010000000000001000010100000000000 -4.0
runproj limit: -1.0
"timed out"
00110010001101000110010010000010101000010000111010000010000 -4.0
runproj limit: -1.0
"timed out"
01010000010000010000010010000000001010010010010110001011001 -4.0
runproj limit: -1.0
"timed out"
01001001100000000000101101001000100000000000000011010000010 -4.0
runproj limit: -1.0
"timed out"
11000101101101001101100010001000000110110000010001100100011 -4.0
runproj limit: -1.0
"timed out"
01010000000100100001111011100000100010001010111010110111101 -4.0
runproj limit: -1.0
"timed out"
00010000000100100101000011000000000000011000111010000011001 -4.0
runproj limit: -1.0
"timed out"
10000000000000000001000000010000000000001000000100000000000 -4.0
runproj limit: -1.0
"timed out"
01000100100001000101000000000000000110100000010000000100001 -4.0
runproj limit: -1.0
"timed out"
00000000000001100011000000010000000100001000010000000100001 -4.0
runproj limit: -1.0
"timed out"
00000000000101000101000010010001000000100000000000000111000 -4.0
runproj limit: -1.0
"timed out"
00000000000000000000000000010001010000001000000100000000000 -4.0
runproj limit: -1.0
"timed out"
00100000000000000000000010000000001000010010000101000000001 -4.0
best: 2.0
runproj limit: -1.0
"timed out"
11010000100100001100000010000000000110010000010111000111011 -4.0
runproj limit: -1.0
"timed out"
10000000000000100001000010100000110100101100000000000010000 -4.0
runproj limit: -1.0
"timed out"
00100000000000000000000010000000001000000010000101000000000 -4.0
runproj limit: -1.0
"timed out"
01000000100001000000000000001001000000100000001001000011010 -4.0
runproj limit: -1.0
"timed out"
01000000100000000000000000001000000000000000001011000000010 -4.0
runproj limit: -1.0
"timed out"
01000000100000100011000000001000000000000000001000000000010 -4.0
runproj limit: -1.0
"timed out"
10010100100101100101000010100000000000101000011000001110001 -4.0
runproj limit: -1.0
"timed out"
01000101100000000001000000001000000010110000001001000100011 -4.0
runproj limit: -1.0
"timed out"
00100000000010000001010010010000010000001000001101011000100 -4.0
runproj limit: -1.0
"timed out"
01110001101101001101000010000011000100111001110001111111011 -4.0
runproj limit: -1.0
"timed out"
11110110101110001110010000001010001101010100101110010010101 -4.0
runproj limit: -1.0
"timed out"
10010000100010110011000000000010101100001000000100000000110 -4.0
runproj limit: -1.0
"timed out"
00000100000010110100010000011010100000101000100001010011000 -4.0
runproj limit: -1.0
"timed out"
00000100100101000101000010000000000000100000010000000100000 -4.0
runproj limit: -1.0
"timed out"
00000000001100000000000010000000000000010010000100000111000 -4.0
runproj limit: -1.0
"timed out"
01100100000000000001000001001000001100100001010000000101000 -4.0
runproj limit: -1.0
"timed out"
00100000000101000001000000000011000000101000000000000001000 -4.0
runproj limit: -1.0
"timed out"
00000000000001000001000010100001110100101100000001000111000 -4.0
runproj limit: -1.0
"timed out"
01000000100000000000000000001000000000000000001011000000010 -4.0
runproj limit: -1.0
"timed out"
10010100100100100101010001110110000010101001011010001111101 -4.0
best: 2.0
runproj limit: -1.0
"timed out"
00100010100110001110000000001011000001011000101100000000000 -4.0
runproj limit: -1.0
"timed out"
00100000000010000100010000000010000000101000100001000001000 -4.0
runproj limit: -1.0
"timed out"
10010100100101000100000000001000000000100000001000001110000 -4.0
runproj limit: -1.0
"timed out"
00000000100000110011010000001010000000100000101000010001000 -4.0
runproj limit: -1.0
"timed out"
10000100000000100001000010100000110100101100010000000001000 -4.0
runproj limit: -1.0
"timed out"
01000000001000000001000001000000000100000000010100000111000 -4.0
runproj limit: -1.0
"timed out"
01000000001100001100000010000000000110010000010110000111010 -4.0
runproj limit: -1.0
"timed out"
01000001100000000001000000001000000010010000001011000000011 -4.0
runproj limit: -1.0
"timed out"
00010100100010101000100001111001001001110111001101000010010 -4.0
runproj limit: -1.0
"timed out"
11111111000101110101000000100010100110001101111101000001101 -4.0
runproj limit: -1.0
"timed out"
00111000000010000101010110011000010000011000111111001100100 -4.0
runproj limit: -1.0
"timed out"
11001000111001000000100011000001110000100011101011000111011 -4.0
runproj limit: -1.0
"timed out"
01000101101001000001010101111000000100111000100001101100011 -4.0
runproj limit: -1.0
"timed out"
11010000100100001100000010000000000110010000010111000111011 -4.0
runproj limit: -1.0
"timed out"
10000000000000100001000010100000110100101100000000000010000 -4.0
runproj limit: -1.0
"timed out"
00100000000000000000000010000000001000000010000101000000000 -4.0
runproj limit: -1.0
"timed out"
01000000100001000000000000001001000000100000001001000011010 -4.0
runproj limit: -1.0
"timed out"
01000000100000000000000000001000000000000000001011000000010 -4.0
runproj limit: -1.0
"timed out"
01000000100000100011000000001000000000000000001000000000010 -4.0
runproj limit: -1.0
"timed out"
10010100100101100101000010100000000000101000011000001110001 -4.0
best: 2.0
runproj limit: -1.0
"timed out"
01000000100001000000000000001001000000100000001011000001010 -4.0
runproj limit: -1.0
"timed out"
11001101101001000001010001000001010100100011101001001111011 -4.0
runproj limit: -1.0
"timed out"
11010100000000100100000010000000100100110100010010000001001 -4.0
runproj limit: -1.0
"timed out"
01101010000000110011000000100000000010000001111000000001110 -4.0
runproj limit: -1.0
"timed out"
11010101100000110001010000001010100100000101111001000001100 -4.0
runproj limit: -1.0
"timed out"
01001001100000000000100011001000110010010001101011000010011 -4.0
runproj limit: -1.0
"timed out"
11001010000100110101000000100010100100001100001001000010001 -4.0
runproj limit: -1.0
"timed out"
00011000100101000100000110001000010000011000111110001110000 -4.0
runproj limit: -1.0
"timed out"
01001100001100000001010000100000011100011000010100011110000 -4.0
runproj limit: -1.0
"timed out"
11100000100000110110110010101010000000000100100000010011100 -4.0
runproj limit: -1.0
"timed out"
11100101000001000000000000111001010101111110111010100110110 -4.0
runproj limit: -1.0
"timed out"
00100011100001110001011000110010000001100000010000000101111 -4.0
runproj limit: -1.0
"timed out"
10111000010010011101010110111110010000011100100111000100000 -4.0
runproj limit: -1.0
"timed out"
00100010100110001110000000001011000001011000101100000000000 -4.0
runproj limit: -1.0
"timed out"
00100000000010000100010000000010000000101000100001000001000 -4.0
runproj limit: -1.0
"timed out"
10010100100101000100000000001000000000100000001000001110000 -4.0
runproj limit: -1.0
"timed out"
00000000100000110011010000001010000000100000101000010001000 -4.0
runproj limit: -1.0
"timed out"
10000100000000100001000010100000110100101100010000000001000 -4.0
runproj limit: -1.0
"timed out"
01000000001000000001000001000000000100000000010100000111000 -4.0
runproj limit: -1.0
"timed out"
01000000001100001100000010000000000110010000010110000111010 -4.0
best: 2.0
runproj limit: -1.0
"timed out"
10010100000000110001010010001010110100001100111001000001100 -4.0
runproj limit: -1.0
"timed out"
10100111100000110001010000010010100101000101011001000001101 -4.0
runproj limit: -1.0
"timed out"
00111011110010110001011010111010000001000100110111000100110 -4.0
runproj limit: -1.0
"timed out"
11001011100001010011000000000000000010000011101001000111011 -4.0
runproj limit: -1.0
"timed out"
00000100000010100001000000000010000000101000000001000001000 -4.0
runproj limit: -1.0
"timed out"
00100000000011010100000010001100010000000000100111000100000 -4.0
runproj limit: -1.0
"timed out"
00000000000000000001010000100010000100111000010100001100000 -4.0
runproj limit: -1.0
"timed out"
11100100000000000000000000101001010101111000011000100111110 -4.0
runproj limit: -1.0
"timed out"
10101001000001010100000010001010000000001000111101000101000 -4.0
runproj limit: -1.0
"timed out"
11100010100001010110110010000100000000001101110100010011101 -4.0
runproj limit: -1.0
"timed out"
11000100100100100100000010011101100100110000010000010001101 -4.0
runproj limit: -1.0
"timed out"
01001010001110110100000110110111111100101111001000000110001 -4.0
runproj limit: -1.0
"timed out"
11001101101011010111010000111001110010000111001101100001001 -4.0
runproj limit: -1.0
"timed out"
01000000100001000000000000001001000000100000001011000001010 -4.0
runproj limit: -1.0
"timed out"
11001101101001000001010001000001010100100011101001001111011 -4.0
runproj limit: -1.0
"timed out"
11010100000000100100000010000000100100110100010010000001001 -4.0
runproj limit: -1.0
"timed out"
01101010000000110011000000100000000010000001111000000001110 -4.0
runproj limit: -1.0
"timed out"
11010101100000110001010000001010100100000101111001000001100 -4.0
runproj limit: -1.0
"timed out"
01001001100000000000100011001000110010010001101011000010011 -4.0
runproj limit: -1.0
"timed out"
11001010000100110101000000100010100100001100001001000010001 -4.0
best: 2.0
runproj limit: -1.0
"timed out"
00100110100010010000000000101010010001001000010110000100110 -4.0
runproj limit: -1.0
"timed out"
11001100000100110101000000000010000000001100000001000011000 -4.0
runproj limit: -1.0
"timed out"
11000100000000010011010000101001110100001110111101000001000 -4.0
runproj limit: -1.0
"timed out"
01000111100000110100010010111111101100101111101000000111001 -4.0
runproj limit: -1.0
"timed out"
11001001100001000001010010001010000000001000101101000111001 -4.0
runproj limit: -1.0
"timed out"
10010101000000110001010000101010000100110101011100001101000 -4.0
runproj limit: -1.0
"timed out"
00000100000010100001000000000010000000101000000001000001000 -4.0
runproj limit: -1.0
"timed out"
01001010001100000100000110110101111110001111001010000010011 -4.0
runproj limit: -1.0
"timed out"
10001001100000100010111011011001101010011010000101110010010 -4.0
runproj limit: -1.0
"timed out"
11000110100001111101111010010100010010001101110100110010111 -4.0
runproj limit: -1.0
"timed out"
11100100100000101101010011101000100100111001011000110011100 -4.0
runproj limit: -1.0
"timed out"
00011100111000101000000010100001110100001100010001000001100 -4.0
runproj limit: -1.0
"timed out"
10101000110001000010110011000101010110001111010100100011110 -4.0
runproj limit: -1.0
"timed out"
10010100000000110001010010001010110100001100111001000001100 -4.0
runproj limit: -1.0
"timed out"
10100111100000110001010000010010100101000101011001000001101 -4.0
runproj limit: -1.0
"timed out"
00111011110010110001011010111010000001000100110111000100110 -4.0
runproj limit: -1.0
"timed out"
11001011100001010011000000000000000010000011101001000111011 -4.0
runproj limit: -1.0
"timed out"
00000100000010100001000000000010000000101000000001000001000 -4.0
runproj limit: -1.0
"timed out"
00100000000011010100000010001100010000000000100111000100000 -4.0
runproj limit: -1.0
"timed out"
00000000000000000001010000100010000100111000010100001100000 -4.0
best: 2.0
runproj limit: -1.0
"timed out"
11001101110000000000000010000001010110001010000001000011111 -4.0
runproj limit: -1.0
"timed out"
10010000000000010001010000001010000100111000011101000000000 -4.0
runproj limit: -1.0
"timed out"
11100110100000110001010010111010100101000001011001110011101 -4.0
runproj limit: -1.0
"timed out"
00000100000011110100000010001100010100001000100001000001100 -4.0
runproj limit: -1.0
"timed out"
11001100100101111101001010010110010000001101100000110010110 -4.0
runproj limit: -1.0
"timed out"
10001000100000100000011011001001100110011100111101010000000 -4.0
runproj limit: -1.0
"timed out"
11000100110000101000010010100001100100011000011000010001100 -4.0
runproj limit: -1.0
"timed out"
10000111000000110001010000000010000100101100010001000100101 -4.0
runproj limit: -1.0
"timed out"
10000111110100110101100000000100101101010111111001010001111 -4.0
runproj limit: -1.0
"timed out"
10100101101000010001010000000010000011001101100000000111010 -4.0
runproj limit: -1.0
"timed out"
00000010100011000010000001100101000000101100111111001101110 -4.0
runproj limit: -1.0
"timed out"
00011011110010000100001000111100000101000101100110000100111 -4.0
runproj limit: -1.0
"timed out"
11001010001001011101000110100111111100001011011000111010011 -4.0
runproj limit: -1.0
"timed out"
00100110100010010000000000101010010001001000010110000100110 -4.0
runproj limit: -1.0
"timed out"
11001100000100110101000000000010000000001100000001000011000 -4.0
runproj limit: -1.0
"timed out"
11000100000000010011010000101001110100001110111101000001000 -4.0
runproj limit: -1.0
"timed out"
01000111100000110100010010111111101100101111101000000111001 -4.0
runproj limit: -1.0
"timed out"
11001001100001000001010010001010000000001000101101000111001 -4.0
runproj limit: -1.0
"timed out"
10010101000000110001010000101010000100110101011100001101000 -4.0
runproj limit: -1.0
"timed out"
00000100000010100001000000000010000000101000000001000001000 -4.0
best: 2.0
runproj limit: -1.0
"timed out"
00001100000000100001000000000010000000001100000001000011000 -4.0
runproj limit: -1.0
"timed out"
00001110000011110001000000000110000100001001001000110000010 -4.0
runproj limit: -1.0
"timed out"
10000011100001110101010010001100001000011100111001000111011 -4.0
runproj limit: -1.0
"timed out"
00001111000011010100000010001100010100000000100111000000111 -4.0
runproj limit: -1.0
"timed out"
11100100100000111001000010011110110001000001011000110011100 -4.0
runproj limit: -1.0
"timed out"
11000010000011010111000100100111010000101001111010111001011 -4.0
runproj limit: -1.0
"timed out"
10000000100001000001000001101000000000001100111101000101101 -4.0
runproj limit: -1.0
"timed out"
10010000000000010001010000001010000100111000011101000000000 -4.0
runproj limit: -1.0
"timed out"
11000100010000101111010000111001111110110110011011000011011 -4.0
runproj limit: -1.0
"timed out"
10011010000000110110010010100001001110110000000110001101110 -4.0
runproj limit: -1.0
"timed out"
01000101110010110001011100001110110110100000110000010100001 -4.0
runproj limit: -1.0
"timed out"
00000011011010110111101100110101111010010000111101010001110 -4.0
runproj limit: -1.0
"timed out"
00000110000000101101100001111001000010100000000001100010010 -4.0
runproj limit: -1.0
"timed out"
11001101110000000000000010000001010110001010000001000011111 -4.0
runproj limit: -1.0
"timed out"
10010000000000010001010000001010000100111000011101000000000 -4.0
runproj limit: -1.0
"timed out"
11100110100000110001010010111010100101000001011001110011101 -4.0
runproj limit: -1.0
"timed out"
00000100000011110100000010001100010100001000100001000001100 -4.0
runproj limit: -1.0
"timed out"
11001100100101111101001010010110010000001101100000110010110 -4.0
runproj limit: -1.0
"timed out"
10001000100000100000011011001001100110011100111101010000000 -4.0
runproj limit: -1.0
"timed out"
11000100110000101000010010100001100100011000011000010001100 -4.0
best: 2.0
runproj limit: -1.0
"timed out"
11100000000000110001000000011110010000010000011001100010000 -4.0
runproj limit: -1.0
"timed out"
00000011011010110111101100110101111010010000111101010001110 -4.0
runproj limit: -1.0
"timed out"
10000001110010010011100001101100011010011000111101010101100 -4.0
runproj limit: -1.0
"timed out"
00001111000011110100000010001100010100000000100111000000111 -4.0
runproj limit: -1.0
"timed out"
00001100000101111001001010010110010000001101000001000010100 -4.0
runproj limit: -1.0
"timed out"
01000100100010110001010100001010110100100001011000110000001 -4.0
runproj limit: -1.0
"timed out"
00000010101011100101000000110101110010000000111101010001100 -4.0
runproj limit: -1.0
"timed out"
11001101110000000000000010000001100100001000001000000001100 -4.0
runproj limit: -1.0
"timed out"
01110110010101111000001010010110010100001000110000010000110 -4.0
runproj limit: -1.0
"timed out"
10010011001101110101010010001110111010011100100011001111011 -4.0
runproj limit: -1.0
"timed out"
10000010000010010101010000001011001110111010011101100000010 -4.0
runproj limit: -1.0
"timed out"
11100100110110010001111011111011100100000101101011110001101 -4.0
runproj limit: -1.0
"timed out"
00001111000110111110000001001110010100010000110100010000111 -4.0
runproj limit: -1.0
"timed out"
00001100000000100001000000000010000000001100000001000011000 -4.0
runproj limit: -1.0
"timed out"
00001110000011110001000000000110000100001001001000110000010 -4.0
runproj limit: -1.0
"timed out"
10000011100001110101010010001100001000011100111001000111011 -4.0
runproj limit: -1.0
"timed out"
00001111000011010100000010001100010100000000100111000000111 -4.0
runproj limit: -1.0
"timed out"
11100100100000111001000010011110110001000001011000110011100 -4.0
runproj limit: -1.0
"timed out"
11000010000011010111000100100111010000101001111010111001011 -4.0
runproj limit: -1.0
"timed out"
10000000100001000001000001101000000000001100111101000101101 -4.0
best: 2.0
runproj limit: -1.0
"timed out"
01000100000111010101011011001100100100000001100111010000101 -4.0
runproj limit: -1.0
"timed out"
10010010101101100101000000011100111010011100111101001001000 -4.0
runproj limit: -1.0
"timed out"
10010011011001110111010100101101111010010100101001000001011 -4.0
runproj limit: -1.0
"timed out"
00000010100001100101010010010101011010000100111001010001101 -4.0
runproj limit: -1.0
"timed out"
00001111000010111110000001001100010100010000100100000000111 -4.0
runproj limit: -1.0
"timed out"
10000011011010110101011110000101111010010100101011000011011 -4.0
runproj limit: -1.0
"timed out"
01100110010100110000011010001110010100101001011000010000011 -4.0
runproj limit: -1.0
"timed out"
00001110000111111000001000011110010000001001110000000000100 -4.0
runproj limit: -1.0
"timed out"
00001000100010011011001110011011010100100001010001110101000 -4.0
runproj limit: -1.0
"timed out"
01111110010101110000101010010110010100001010110000010000101 -4.0
runproj limit: -1.0
"timed out"
00000110101000000111001100011000010010000000110101110000101 -4.0
runproj limit: -1.0
"timed out"
01100011000111110110000010110110010001010010111010111001111 -4.0
runproj limit: -1.0
"timed out"
10001011011011110100011000010100011110001111100101000110011 -4.0
runproj limit: -1.0
"timed out"
11100000000000110001000000011110010000010000011001100010000 -4.0
runproj limit: -1.0
"timed out"
00000011011010110111101100110101111010010000111101010001110 -4.0
runproj limit: -1.0
"timed out"
10000001110010010011100001101100011010011000111101010101100 -4.0
runproj limit: -1.0
"timed out"
00001111000011110100000010001100010100000000100111000000111 -4.0
runproj limit: -1.0
"timed out"
00001100000101111001001010010110010000001101000001000010100 -4.0
runproj limit: -1.0
"timed out"
01000100100010110001010100001010110100100001011000110000001 -4.0
runproj limit: -1.0
"timed out"
00000010101011100101000000110101110010000000111101010001100 -4.0
best: 2.0
runproj limit: -1.0
"timed out"
00000011000011100110000010010111011001000000111000011001111 -4.0
runproj limit: -1.0
"timed out"
10000011011001110111011110101101111010010100101011000001011 -4.0
runproj limit: -1.0
"timed out"
10010010000001110111010000011100011010010000111001100001010 -4.0
runproj limit: -1.0
"timed out"
01110110010100110000011010011110010100101010010000010000011 -4.0
runproj limit: -1.0
"timed out"
01000100000011100101011011100101110100000001101101010000100 -4.0
runproj limit: -1.0
"timed out"
10101000000010111001000110011110010100110000011001100110000 -4.0
runproj limit: -1.0
"timed out"
01100011000111110110000010110110010001010010111010111001111 -4.0
runproj limit: -1.0
"timed out"
00000101100110110001101001011100010000011100000101010011100 -4.0
runproj limit: -1.0
"timed out"
10110111011010110101001100100001111010011111101011100010011 -4.0
runproj limit: -1.0
"timed out"
10001101010000110000000011101100010001000000101001001000101 -4.0
runproj limit: -1.0
"timed out"
00100000000010011011101111001011010110010000010001010100000 -4.0
runproj limit: -1.0
"timed out"
00101011000101110110100011000000000001011000100111011010101 -4.0
runproj limit: -1.0
"timed out"
10110100011101001000111011011110011100111100011000010000010 -4.0
runproj limit: -1.0
"timed out"
01000100000111010101011011001100100100000001100111010000101 -4.0
runproj limit: -1.0
"timed out"
10010010101101100101000000011100111010011100111101001001000 -4.0
runproj limit: -1.0
"timed out"
10010011011001110111010100101101111010010100101001000001011 -4.0
runproj limit: -1.0
"timed out"
00000010100001100101010010010101011010000100111001010001101 -4.0
runproj limit: -1.0
"timed out"
00001111000010111110000001001100010100010000100100000000111 -4.0
runproj limit: -1.0
"timed out"
10000011011010110101011110000101111010010100101011000011011 -4.0
runproj limit: -1.0
"timed out"
01100110010100110000011010001110010100101001011000010000011 -4.0
best: 2.0
done evolving!
"all is well:)"
>>>>>>>>>>>>>>FINISH OPTIMIZATION>>>>>>>>>>>>>>>
574.24user 330.69system 19:39.02elapsed 76%CPU (0avgtext+0avgdata 133148maxresident)k
104inputs+1381368outputs (0major+62305645minor)pagefaults 0swaps
