Optimizing /data/dan/nofib/spectral/cse
>>>>>>>>>>>>>>>START OPTIMIZATION>>>>>>>>>>>>>>>
pop: 13
gens: 15
arch: 7
limit is: -1.0
runproj limit: -1.0
"timed out"
"All is well :D"
Basetime is: -2.0
runproj limit: -1.0
"timed out"
0000000000000000000000000000000000000000000000000000000000000000000000000000000000000000000000000000000000000000000000000000000000000000000000000,000000000000000000000000000000000000000000000000000000000000000000000000000 -4.0
runproj limit: -1.0
"timed out"
0000000000000000000000000000000000000000000000000000000000000000000000000000000000000000000000000000000000000000000000000000000000000000000000000,000000000000000000000000000000000000000000000000000000000000000000000000000 -4.0
runproj limit: -1.0
"timed out"
0000000000010000001000001001101000000000000011000001000010000000000000000000100000100000000000000001000000100001000100110000000100000000000010000,000000000001000000100000100110100000000000001100000100001000000000000000000 -4.0
runproj limit: -1.0
"timed out"
0000000000000000000000000000000000000000000000000000000000000000000000000000000000000000000000000000000000000000000000000000000000000000000000000,000000000000000000000000000000000000000000000000000000000000000000000000000 -4.0
runproj limit: -1.0
"timed out"
0000000000000000000000000100011000000000100100000110000000000000000000000000000000000000010001000100000000000000000000000000010000100000000000100,000000000000000000000000010001100000000010010000011000000000000000000000000 -4.0
runproj limit: -1.0
"timed out"
0000000000000000000000000000000000000000000000000000000000000000000000000000000000000000000000000000000000000000000000000000000000000000000000000,000000000000000000000000000000000000000000000000000000000000000000000000000 -4.0
runproj limit: -1.0
"timed out"
1000000000000000000000000011000101010000100000010000000100000100000010100000000000000101000000000000000011000000100000000000001010000001001000000,100000000000000000000000001100010101000010000001000000010000010000001010000 -4.0
runproj limit: -1.0
"timed out"
0100000000001100000000100000000000000000000000100000010000001010000000000000000000010011000010000100000001000000001010000000000000000000000100001,010000000000110000000010000000000000000000000010000001000000101000000000000 -4.0
runproj limit: -1.0
"timed out"
0000100000000000000000100000100000000000000000000100000100000000100000100100000000000000000100000000000000010100000100000000000000000000000000100,000010000000000000000010000010000000000000000000010000010000000010000010010 -4.0
runproj limit: -1.0
"timed out"
0010000000000000000000001000000000110000100000000001000000000000010000000000000000000000010000000000100000000000000000000010000000000011001001000,001000000000000000000000100000000011000010000000000100000000000001000000000 -4.0
runproj limit: -1.0
"timed out"
0000010000000000100000000000000000001010000000000000000000001011000000000000100000111100000010000000010000001000000000000010001000001000001000000,000001000000000010000000000000000000101000000000000000000000101100000000000 -4.0
runproj limit: -1.0
"timed out"
0000000000000000000000000000000000000000000000000000000000000000000000000000000000000000000000000000000000000000000000000000000000000000000000000,000000000000000000000000000000000000000000000000000000000000000000000000000 -4.0
runproj limit: -1.0
"timed out"
0000000000000000000000000000100000000000000001000000000000000011000110000010010000000000000000010000100010001100000000000000010000001000000000000,000000000000000000000000000010000000000000000100000000000000001100011000001 -4.0
best: 2.0
runproj limit: -1.0
"timed out"
0000000000000000001000000000111000000000100011000101000010000000000000000000000000000000010001000001000000000001000100110000010000100000000010000,000000000000000000100000000011100000000010001100010100001000000000000000000 -4.0
runproj limit: -1.0
"timed out"
0000000000010000000000001001100100000000000011000001000000000000000010100000000000000101000000000001000001000000000100110000000100000000000010000,000000000001000000000000100110010000000000001100000100000000000000001010000 -4.0
runproj limit: -1.0
"timed out"
0000000000000000000000000000000000000000000000000000000000000000000000000000000000000000000000000000000000000000000000000000000000000000000000000,000000000000000000000000000000000000000000000000000000000000000000000000000 -4.0
runproj limit: -1.0
"timed out"
0000000000000000000000000000100000000000000000000100000000000001000000100000010000000000000100010000100000000100000100000000000000000000000000100,000000000000000000000000000010000000000000000000010000000000000100000010000 -4.0
runproj limit: -1.0
"timed out"
1000000000000000000000000011000100010000100000000000000000000100000000100000000000000101000000000000000011000000000000000000000000000001000000000,100000000000000000000000001100010001000010000000000000000000010000000010000 -4.0
runproj limit: -1.0
"timed out"
1000100000000000000000100001100101010000000000010100000100000100100010100000000000000000000100000000000001010000100000000000001000000001000000100,100010000000000000000010000110010101000000000001010000010000010010001010000 -4.0
runproj limit: -1.0
"timed out"
0100000000000000100000000000000000001010000000000000010000001010000000000000000000110010000010000100010000000000001000000000000000001000001100000,010000000000000010000000000000000000101000000000000001000000101000000000000 -4.0
runproj limit: -1.0
"timed out"
1000000000000000000000000001000001010000100000010100000000000000000010100000000000000100010001000100000010000000000000000000010010100000001000000,100000000000000000000000000100000101000010000001010000000000000000001010000 -4.0
runproj limit: -1.0
"timed out"
0000000000011100100000011000001000000010000001000100011100101000000010001100010000000011000100001000100010001000010000010010100000100000000000001,000000000001110010000001100000100000001000000100010001110010100000001000110 -4.0
runproj limit: -1.0
"timed out"
0000010000001001011001100100011101111000100001010010000000010000000000000000000000011010110011100100000100000010000100001001000000110000000110100,000001000000100101100110010001110111100010000101001000000001000000000000000 -4.0
runproj limit: -1.0
"timed out"
0100110011000110011100000101000000010010000001000000100100100000000000100010000000101010000100100101100100100000000000001010001000100011000001100,010011001100011001110000010100000001001000000100000010010010000000000010001 -4.0
runproj limit: -1.0
"timed out"
0100010010001000010100100001100010000000000000001101010001000110000000010000001000100100000101000010100000111100000101010000000000000011001001000,010001001000100001010010000110001000000000000000110101000100011000000001000 -4.0
runproj limit: -1.0
"timed out"
0110010100110000011000001000101000100010000010011110110010000000000000010000100000100001000101111000100001100001001100110100100100000000000110000,011001010011000001100000100010100010001000001001111011001000000000000001000 -4.0
runproj limit: -1.0
"timed out"
0000000000000000000000000000000000000000000000000000000000000000000000000000000000000000000000000000000000000000000000000000000000000000000000000,000000000000000000000000000000000000000000000000000000000000000000000000000 -4.0
runproj limit: -1.0
"timed out"
0000000000010000001000001001101000000000000011000001000010000000000000000000100000100000000000000001000000100001000100110000000100000000000010000,000000000001000000100000100110100000000000001100000100001000000000000000000 -4.0
runproj limit: -1.0
"timed out"
0000000000000000000000000100011000000000100100000110000000000000000000000000000000000000010001000100000000000000000000000000010000100000000000100,000000000000000000000000010001100000000010010000011000000000000000000000000 -4.0
runproj limit: -1.0
"timed out"
1000000000000000000000000011000101010000100000010000000100000100000010100000000000000101000000000000000011000000100000000000001010000001001000000,100000000000000000000000001100010101000010000001000000010000010000001010000 -4.0
runproj limit: -1.0
"timed out"
0100000000001100000000100000000000000000000000100000010000001010000000000000000000010011000010000100000001000000001010000000000000000000000100001,010000000000110000000010000000000000000000000010000001000000101000000000000 -4.0
runproj limit: -1.0
"timed out"
0000100000000000000000100000100000000000000000000100000100000000100000100100000000000000000100000000000000010100000100000000000000000000000000100,000010000000000000000010000010000000000000000000010000010000000010000010010 -4.0
runproj limit: -1.0
"timed out"
0010000000000000000000001000000000110000100000000001000000000000010000000000000000000000010000000000100000000000000000000010000000000011001001000,001000000000000000000000100000000011000010000000000100000000000001000000000 -4.0
best: 2.0
runproj limit: -1.0
"timed out"
0000000000000000000000000001000000011000000000000000010000001110000000100000000000000111000000000100000011000000001000000000000000001000001100000,000000000000000000000000000100000001100000000000000001000000111000000010000 -4.0
runproj limit: -1.0
"timed out"
0100000010000000000000000000100010000000000000001100010001000100000000010000001000000000000001000010100000101000000001000000000000000000001001000,010000001000000000000000000010001000000000000000110001000100010000000001000 -4.0
runproj limit: -1.0
"timed out"
1000010010000010011100000101000100010010000001000000000100100000000010100000000000001000000100000001100110100000000000000000001000100011000001100,100001001000001001110000010100010001001000000100000000010010000000001010000 -4.0
runproj limit: -1.0
"timed out"
0000000000010000001000000001101000000000100011000000000000000000000000100000100000000100000000000001000001100000000100000000000100000000000010000,000000000001000000100000000110100000000010001100000000000000000000000010000 -4.0
runproj limit: -1.0
"timed out"
0000000000000000000000000000000000000000000000000000000000000000000000000000000000000000000000000000000000000000000000000000000000000000000000000,000000000000000000000000000000000000000000000000000000000000000000000000000 -4.0
runproj limit: -1.0
"timed out"
0000000000000000000000000011100000000000000000000100000100000100000000100000010000000101000100010000100010000000100100000000000010000001000000100,000000000000000000000000001110000000000000000000010000010000010000000010000 -4.0
runproj limit: -1.0
"timed out"
0000000000010100000000001000111000000010100001000101011110000000000000000000010000000000000101000001000000001001010000010010110000100000000010001,000000000001010000000000100011100000001010000100010101111000000000000000000 -4.0
runproj limit: -1.0
"timed out"
0000010000001000010100100101011100001000000001001111010001000000000000000000001000010010010011100110100000000000000100011001000000010011001000000,000001000000100001010010010101110000100000000100111101000100000000000000000 -4.0
runproj limit: -1.0
"timed out"
0000100000000010000101100100101000000001001110011100000000100000100000010001101100000010000100001000011100100010010110100010001101010000011000100,000010000000001000010110010010100000000100111001110000000010000010000001000 -4.0
runproj limit: -1.0
"timed out"
0001000000010000010010000001000100000010000001100000001000100110010100010100000101000100000000101101000100010000101000110010000001101000000100101,000100000001000001001000000100010000001000000110000000100010011001010001010 -4.0
runproj limit: -1.0
"timed out"
1101010010011111010110100001111010000011000100101001110110001100101010000000001110111110100100000110101000001101001111010000010000000011101010000,110101001001111101011010000111101000001100010010100111011000110010101000000 -4.0
runproj limit: -1.0
"timed out"
0111010011010101110110101001100011111010000101001001000011000010000000111000001000010000000101110101101001101000000111001000000110001001010010000,011101001101010111011010100110001111101000010100100100001100001000000011100 -4.0
runproj limit: -1.0
"timed out"
0001010000011001000001111100110001101110010101000100111110101001000111001010001001000011010100101010010111101001010100110010100001100000110000101,000101000001100100000111110011000110111001010100010011111010100100011100101 -4.0
runproj limit: -1.0
"timed out"
0000000000000000001000000000111000000000100011000101000010000000000000000000000000000000010001000001000000000001000100110000010000100000000010000,000000000000000000100000000011100000000010001100010100001000000000000000000 -4.0
runproj limit: -1.0
"timed out"
0000000000010000000000001001100100000000000011000001000000000000000010100000000000000101000000000001000001000000000100110000000100000000000010000,000000000001000000000000100110010000000000001100000100000000000000001010000 -4.0
runproj limit: -1.0
"timed out"
0000000000000000000000000000000000000000000000000000000000000000000000000000000000000000000000000000000000000000000000000000000000000000000000000,000000000000000000000000000000000000000000000000000000000000000000000000000 -4.0
runproj limit: -1.0
"timed out"
0000000000000000000000000000100000000000000000000100000000000001000000100000010000000000000100010000100000000100000100000000000000000000000000100,000000000000000000000000000010000000000000000000010000000000000100000010000 -4.0
runproj limit: -1.0
"timed out"
1000000000000000000000000011000100010000100000000000000000000100000000100000000000000101000000000000000011000000000000000000000000000001000000000,100000000000000000000000001100010001000010000000000000000000010000000010000 -4.0
runproj limit: -1.0
"timed out"
1000100000000000000000100001100101010000000000010100000100000100100010100000000000000000000100000000000001010000100000000000001000000001000000100,100010000000000000000010000110010101000000000001010000010000010010001010000 -4.0
runproj limit: -1.0
"timed out"
0100000000000000100000000000000000001010000000000000010000001010000000000000000000110010000010000100010000000000001000000000000000001000001100000,010000000000000010000000000000000000101000000000000001000000101000000000000 -4.0
best: 2.0
runproj limit: -1.0
"timed out"
0001000000010010010100000100100000000001000011101100001000100000110100010100000100000010000000001000011100000010001110110010000101110000010100100,000100000001001001010000010010000000000100001110110000100010000011010001010 -4.0
runproj limit: -1.0
"timed out"
0100000000000000001000000000000000001000100010000000010000000000000000100000000000110100000000000101010001000000001000000000000000000000001010000,010000000000000000100000000000000000100010001000000001000000000000000010000 -4.0
runproj limit: -1.0
"timed out"
1000010010000000010100000001000100010000000001010100000100100100100010100000000000001000000100000000100000110000000000000000001000100001000001100,100001001000000001010000000100010001000000000101010000010010010010001010000 -4.0
runproj limit: -1.0
"timed out"
1000000000000010001100000000100100000000000001000100000000100001000000100000000000001000000100000000100100000100000000000000000000100010000001100,100000000000001000110000000010010000000000000100010000000010000100000010000 -4.0
runproj limit: -1.0
"timed out"
0000000000010100010000001001001100000010000001000101011100000110010000000100000001000000000001101101000000000000001000110010010001101000000110101,000000000001010001000000100100110000001000000100010101110000011001000000010 -4.0
runproj limit: -1.0
"timed out"
0000000000010000000000001000000100000010000011000000010000000000000010100000000000000100000000000001010001000000000100110000000000001000000100000,000000000001000000000000100000010000001000001100000001000000000000001010000 -4.0
runproj limit: -1.0
"timed out"
0000100000000000000000000000000000000001001000010000000000100000100000010000001100000000000000001000010000000010010100000010001101010000001000000,000010000000000000000000000000000000000100100001000000000010000010000001000 -4.0
runproj limit: -1.0
"timed out"
1000000000010000001000000001100000010000100011000000000000000000000000100000000000000100000000000001000011000000000000000000000000000000000010000,100000000001000000100000000110000001000010001100000000000000000000000010000 -4.0
runproj limit: -1.0
"timed out"
0000000000010100000000001010111010000010110001000101011100101001000000010010011111011010011101001111100000001001110000010110111110100101001010011,000000000001010000000000101011101000001011000100010101110010100100000001001 -4.0
runproj limit: -1.0
"timed out"
0100100000001000000001000000100000111010100100000000010110000110100101100011000000101111001010100111011011000110001011001001000000001000001100001,010010000000100000000100000010000011101010010000000001011000011010010110001 -4.0
runproj limit: -1.0
"timed out"
1110010011000111101100000101000100011010000101001001101101100001000001110000101010000101000100000011100010000000100100001010000100101000001101101,111001001100011110110000010100010001101000010100100110110110000100000111000 -4.0
runproj limit: -1.0
"timed out"
1100010110011110010111000111111110001010000101101000110110011101101010000101000010111110110101000111100101000111011111110000010100001111101011000,110001011001111001011100011111111000101000010110100011011001110110101000010 -4.0
runproj limit: -1.0
"timed out"
0110010010010000100110111101011110101010000101001001000111000000110000111000001100010100100101110100101101011000110111001001011010101111011000110,011001001001000010011011110101111010101000010100100100011100000011000011100 -4.0
runproj limit: -1.0
"timed out"
0000000000000000000000000001000000011000000000000000010000001110000000100000000000000111000000000100000011000000001000000000000000001000001100000,000000000000000000000000000100000001100000000000000001000000111000000010000 -4.0
runproj limit: -1.0
"timed out"
0100000010000000000000000000100010000000000000001100010001000100000000010000001000000000000001000010100000101000000001000000000000000000001001000,010000001000000000000000000010001000000000000000110001000100010000000001000 -4.0
runproj limit: -1.0
"timed out"
1000010010000010011100000101000100010010000001000000000100100000000010100000000000001000000100000001100110100000000000000000001000100011000001100,100001001000001001110000010100010001001000000100000000010010000000001010000 -4.0
runproj limit: -1.0
"timed out"
0000000000010000001000000001101000000000100011000000000000000000000000100000100000000100000000000001000001100000000100000000000100000000000010000,000000000001000000100000000110100000000010001100000000000000000000000010000 -4.0
runproj limit: -1.0
"timed out"
0000000000000000000000000000000000000000000000000000000000000000000000000000000000000000000000000000000000000000000000000000000000000000000000000,000000000000000000000000000000000000000000000000000000000000000000000000000 -4.0
runproj limit: -1.0
"timed out"
0000000000000000000000000011100000000000000000000100000100000100000000100000010000000101000100010000100010000000100100000000000010000001000000100,000000000000000000000000001110000000000000000000010000010000010000000010000 -4.0
runproj limit: -1.0
"timed out"
0000000000010100000000001000111000000010100001000101011110000000000000000000010000000000000101000001000000001001010000010010110000100000000010001,000000000001010000000000100011100000001010000100010101111000000000000000000 -4.0
best: 2.0
runproj limit: -1.0
"timed out"
0000010010010000010100001001001100000010000001000101000100000110010010100000000001001000000000100001100000000000001000010000011001101010000110101,000001001001000001010000100100110000001000000100010100010000011001001010000 -4.0
runproj limit: -1.0
"timed out"
0000100000010000000000001000101000000001001000010101011110000000000000010000001100000000000101000000010000000000010000010010000000000000001010001,000010000001000000000000100010100000000100100001010101111000000000000001000 -4.0
runproj limit: -1.0
"timed out"
1100010000000000000100000100100000110010000101000000010100000000100001100011000000101101000000000001010110000010000010000001000000100011000000000,110001000000000000010000010010000011001000010100000001010000000010000110001 -4.0
runproj limit: -1.0
"timed out"
0000000000010100001000000000111000000010100001000001000110000000000000000000100000000000000001000001000001100001010000010010110100000000000010000,000000000001010000100000000011100000001010000100000100011000000000000000000 -4.0
runproj limit: -1.0
"timed out"
0000000000010100001000001010110010010010110011000001011100000000000000010000000111001100001001000101000011001001010000000100100010000000000010000,000000000001010000100000101011001001001011001100000101110000000000000001000 -4.0
runproj limit: -1.0
"timed out"
0100000010000000000000000001100000000000000000001100000001000100000000000000011000000001000100000000100010000000100001000000000010000000000001100,010000001000000000000000000110000000000000000000110000000100010000000000000 -4.0
runproj limit: -1.0
"timed out"
1001010010010010010101000111111000001010000101101100111110101101101110000101000010001010000101000001111101000010001110110010010101010101111100000,100101001001001001010100011111100000101000010110110011111010110110111000010 -4.0
runproj limit: -1.0
"timed out"
0100000000000010001100000000100000000000000001000100010000000001000000100000000000110100000000000100000100000100001000000000000000000010001011000,010000000000001000110000000010000000000000000100010001000000000100000010000 -4.0
runproj limit: -1.0
"timed out"
0011001000110100011001000000101010100001100011101100001100010110110100010111000001010110101000001000011110001010111110010010001100010000111101101,001100100011010001100100000010101010000110001110110000110001011011010001011 -4.0
runproj limit: -1.0
"timed out"
0111100001000001000001000000000000001001001001011100101100111000100100100000001101010100011100000001011010000000010111100010001100000011001000101,011110000100000100000100000000000000100100100101110010110011100010010010000 -4.0
runproj limit: -1.0
"timed out"
0100100110000000000010110100100010000000000000001101000001000010101100010010001000100101000001100110101001111010100011000011000110000001101000000,010010011000000000001011010010001000000000000000110100000100001010110001001 -4.0
runproj limit: -1.0
"timed out"
0000010110110000110110001001100100010001000001010010000101100110100010111000001010001110000100001000010010100001110100000001001000000101001001000,000001011011000011011000100110010001000100000101001000010110011010001011100 -4.0
runproj limit: -1.0
"timed out"
0101000000010010000111100110100010001000001011101111011010110000110100010110001111000011000010101000011010010001011110110001000011110101011100011,010100000001001000011110011010001000100000101110111101101011000011010001011 -4.0
runproj limit: -1.0
"timed out"
0001000000010010010100000100100000000001000011101100001000100000110100010100000100000010000000001000011100000010001110110010000101110000010100100,000100000001001001010000010010000000000100001110110000100010000011010001010 -4.0
runproj limit: -1.0
"timed out"
0100000000000000001000000000000000001000100010000000010000000000000000100000000000110100000000000101010001000000001000000000000000000000001010000,010000000000000000100000000000000000100010001000000001000000000000000010000 -4.0
runproj limit: -1.0
"timed out"
1000010010000000010100000001000100010000000001010100000100100100100010100000000000001000000100000000100000110000000000000000001000100001000001100,100001001000000001010000000100010001000000000101010000010010010010001010000 -4.0
runproj limit: -1.0
"timed out"
1000000000000010001100000000100100000000000001000100000000100001000000100000000000001000000100000000100100000100000000000000000000100010000001100,100000000000001000110000000010010000000000000100010000000010000100000010000 -4.0
runproj limit: -1.0
"timed out"
0000000000010100010000001001001100000010000001000101011100000110010000000100000001000000000001101101000000000000001000110010010001101000000110101,000000000001010001000000100100110000001000000100010101110000011001000000010 -4.0
runproj limit: -1.0
"timed out"
0000000000010000000000001000000100000010000011000000010000000000000010100000000000000100000000000001010001000000000100110000000000001000000100000,000000000001000000000000100000010000001000001100000001000000000000001010000 -4.0
runproj limit: -1.0
"timed out"
0000100000000000000000000000000000000001001000010000000000100000100000010000001100000000000000001000010000000010010100000010001101010000001000000,000010000000000000000000000000000000000100100001000000000010000010000001000 -4.0
best: 2.0
runproj limit: -1.0
"timed out"
0111000010010000110000001001000100010001000001011000001101111110100000100000001101000100001100001000010010000000110110100010001000000101001000100,011100001001000011000000100100010001000100000101100000110111111010000010000 -4.0
runproj limit: -1.0
"timed out"
0000000000010010001100001010110010010010010011000100011000000000000000100000000100001100000000000101000010001101010000000000100000000010000011000,000000000001001000110000101011001001001001001100010001100000000000000010000 -4.0
runproj limit: -1.0
"timed out"
0100100000000000000000000000000000001000001010010000010000000000000000000000000100010100000000000001010001000000000000000010000001000000001000000,010010000000000000000000000000000000100000101001000001000000000000000000000 -4.0
runproj limit: -1.0
"timed out"
0100000010000100000000000001101100000010000000000101001101000110010000000100010001000000000000100001000010000000001000000000010001100000000000101,010000001000010000000000000110110000001000000000010100110100011001000000010 -4.0
runproj limit: -1.0
"timed out"
0100000010000000000000000001100000000000000000001100000001000100000000000000011000000001000100000000100010000000100001000000000010000000000001100,010000001000000000000000000110000000000000000000110000000100010000000000000 -4.0
runproj limit: -1.0
"timed out"
0100000010000010001100000001100000000000000000000100010001000101000000100000010000010101000000000100100000000000101001000000000010000000001001000,010000001000001000110000000110000000000000000000010001000100010100000010000 -4.0
runproj limit: -1.0
"timed out"
1001010010010010010100001011001100000010000001100100111100100110100010000000000010001010000000000001110100000010001100010010010101101111000110100,100101001001001001010000101100110000001000000110010011110010011010001000000 -4.0
runproj limit: -1.0
"timed out"
0100010110000000000100000001100000000001000000000000000101100110000000110000011000001001000100001000010010100000110001000000000000000000001001100,010001011000000000010000000110000000000100000000000000010110011000000011000 -4.0
runproj limit: -1.0
"timed out"
0010000000011000000101000000000000000010000011100101110010001000000110000100000000100110000000000011011011100110000000111000000000111100000001010,001000000001100000010100000000000000001000001110010111001000100000011000010 -4.0
runproj limit: -1.0
"timed out"
1011000110110000110100001001001000011001100111010011101001110111110000100000011010001111000100001000010010010101110110001100001001000001011101001,101100011011000011010000100100100001100110011101001110100111011111000010000 -4.0
runproj limit: -1.0
"timed out"
1111011010111000111001001000001000110101110010111101001110101000101110000011000001110110101000001100100110011110111110010000001011000000101100001,111101101011100011100100100000100011010111001011110100111010100010111000001 -4.0
runproj limit: -1.0
"timed out"
0101000010001011001100000001101010110000000000000100010011010101010100101010000001110100110110000011000010000110001000000000101100001110000111010,010100001000101100110000000110101011000000000000010001001101010101010010101 -4.0
runproj limit: -1.0
"timed out"
0000010000011011010001001000101011000000000001010101011100000101001011000100100000100110000001010000000100000101000010111000001100100000000101011,000001000001101101000100100010101100000000000101010101110000010100101100010 -4.0
runproj limit: -1.0
"timed out"
0000010010010000010100001001001100000010000001000101000100000110010010100000000001001000000000100001100000000000001000010000011001101010000110101,000001001001000001010000100100110000001000000100010100010000011001001010000 -4.0
runproj limit: -1.0
"timed out"
0000100000010000000000001000101000000001001000010101011110000000000000010000001100000000000101000000010000000000010000010010000000000000001010001,000010000001000000000000100010100000000100100001010101111000000000000001000 -4.0
runproj limit: -1.0
"timed out"
1100010000000000000100000100100000110010000101000000010100000000100001100011000000101101000000000001010110000010000010000001000000100011000000000,110001000000000000010000010010000011001000010100000001010000000010000110001 -4.0
runproj limit: -1.0
"timed out"
0000000000010100001000000000111000000010100001000001000110000000000000000000100000000000000001000001000001100001010000010010110100000000000010000,000000000001010000100000000011100000001010000100000100011000000000000000000 -4.0
runproj limit: -1.0
"timed out"
0000000000010100001000001010110010010010110011000001011100000000000000010000000111001100001001000101000011001001010000000100100010000000000010000,000000000001010000100000101011001001001011001100000101110000000000000001000 -4.0
runproj limit: -1.0
"timed out"
0100000010000000000000000001100000000000000000001100000001000100000000000000011000000001000100000000100010000000100001000000000010000000000001100,010000001000000000000000000110000000000000000000110000000100010000000000000 -4.0
runproj limit: -1.0
"timed out"
1001010010010010010101000111111000001010000101101100111110101101101110000101000010001010000101000001111101000010001110110010010101010101111100000,100101001001001001010100011111100000101000010110110011111010110110111000010 -4.0
best: 2.0
runproj limit: -1.0
"timed out"
0000001010011000111000000000011000000101100010110101000110001000001110000001000001110000001000001101000011111001111010010010101110000000101010000,000000101001100011100000000001100000010110001011010100011000100000111000000 -4.0
runproj limit: -1.0
"timed out"
0000000000011000011001000000101001000010000001000101000100000101001010000100100000000100000001010000000101000001010000110000101100100000000111011,000000000001100001100100000010100100001000000100010100010000010100101000010 -4.0
runproj limit: -1.0
"timed out"
1001010010010100010000000001101100000010000000000101111100000110110000000000000011000000000000100001100000000010001100010000010001101000000110100,100101001001010001000000000110110000001000000000010111110000011011000000000 -4.0
runproj limit: -1.0
"timed out"
0000000010000011001101000001101000000000000001010101010100000101001001000100110000000101000001010000000100000101000011101000001000100000000001010,000000001000001100110100000110100000000000000101010101010000010100100100010 -4.0
runproj limit: -1.0
"timed out"
0000010000000010000100001010100010010010010011000000010100000000000000100001000100001100000000000001000110001110000000000001000000000010000010000,000001000000001000010000101010001001001001001100000001010000000000000010000 -4.0
runproj limit: -1.0
"timed out"
0100000000000000000100000100100000010000000001010101011110000000000000110010001000100001000100000000010010000000000000010010000000000000001000000,010000000000000000010000010010000001000000000101010101111000000000000011001 -4.0
runproj limit: -1.0
"timed out"
0100000000010000110000001000101100010001000001011100001101011010000000100000001100000100000100001000010000000000010010010010000000000101001000001,010000000001000011000000100010110001000100000101110000110101101000000010000 -4.0
runproj limit: -1.0
"timed out"
0100000110000000000100000001100000000001000000001000000101100100000000000000011000000001000100000000110010100000110001000000000010000000001001100,010000011000000000010000000110000000000100000000100000010110010000000000000 -4.0
runproj limit: -1.0
"timed out"
0001010010001010100010000110101100100111011100010101001001000100010100000101111001000011010010000001000100110000011000000101011011100000000000001,000101001000101010001000011010110010011101110001010100100100010001010000010 -4.0
runproj limit: -1.0
"timed out"
0011111100010111010100000011101010011000010111100000010110110100010000111000110101110111110010100011000011000011010000000100101100000110010111010,001111110001011101010000001110101001100001011110000001011011010001000011100 -4.0
runproj limit: -1.0
"timed out"
0011100000011000010101010000100000000011000000101100100010011000010110110100000011100110110000100011010110100110100111100011000100111110000000010,001110000001100001010101000010000000001100000010110010001001100001011011010 -4.0
runproj limit: -1.0
"timed out"
1100100011100100000010001101001111000010001110001101011101110110000110111100110100000001101010100001111110110111011100001000000101100100001011110,110010001110010000001000110100111100001000111000110101110111011000011011110 -4.0
runproj limit: -1.0
"timed out"
0100010110100100000101010110100000011001100010100010100101100000000000110011001100111101010000100000010110110010010001000100000101000000011000100,010001011010010000010101011010000001100110001010001010010110000000000011001 -4.0
runproj limit: -1.0
"timed out"
0111000010010000110000001001000100010001000001011000001101111110100000100000001101000100001100001000010010000000110110100010001000000101001000100,011100001001000011000000100100010001000100000101100000110111111010000010000 -4.0
runproj limit: -1.0
"timed out"
0000000000010010001100001010110010010010010011000100011000000000000000100000000100001100000000000101000010001101010000000000100000000010000011000,000000000001001000110000101011001001001001001100010001100000000000000010000 -4.0
runproj limit: -1.0
"timed out"
0100100000000000000000000000000000001000001010010000010000000000000000000000000100010100000000000001010001000000000000000010000001000000001000000,010010000000000000000000000000000000100000101001000001000000000000000000000 -4.0
runproj limit: -1.0
"timed out"
0100000010000100000000000001101100000010000000000101001101000110010000000100010001000000000000100001000010000000001000000000010001100000000000101,010000001000010000000000000110110000001000000000010100110100011001000000010 -4.0
runproj limit: -1.0
"timed out"
0100000010000000000000000001100000000000000000001100000001000100000000000000011000000001000100000000100010000000100001000000000010000000000001100,010000001000000000000000000110000000000000000000110000000100010000000000000 -4.0
runproj limit: -1.0
"timed out"
0100000010000010001100000001100000000000000000000100010001000101000000100000010000010101000000000100100000000000101001000000000010000000001001000,010000001000001000110000000110000000000000000000010001000100010100000010000 -4.0
runproj limit: -1.0
"timed out"
1001010010010010010100001011001100000010000001100100111100100110100010000000000010001010000000000001110100000010001100010010010101101111000110100,100101001001001001010000101100110000001000000110010011110010011010001000000 -4.0
best: 2.0
runproj limit: -1.0
"timed out"
0100000010000100000000000001101100000010000000001101000101000100010000000000010001000000000000000001000010000000100000000000000000100000000001100,010000001000010000000000000110110000001000000000110100010100010001000000000 -4.0
runproj limit: -1.0
"timed out"
1100110110100100000101000101001101011000001110000000101101100010000110111001111100000101100000100000011110110111011000000000000101100100001011100,110011011010010000010100010100110101100000111000000010110110001000011011100 -4.0
runproj limit: -1.0
"timed out"
0101010000000010010000001000000110010011010011001000010100101110100000100000001101001100001100000001010010001000100000100000001000000111001010100,010101000000001001000000100000011001001101001100100001010010111010000010000 -4.0
runproj limit: -1.0
"timed out"
0110101000000011001100000011100000001000000111000100010111000100010000100000110001110111100000000111100001000010000001000000101110000000000001010,011010100000001100110000001110000000100000011100010001011100010001000010000 -4.0
runproj limit: -1.0
"timed out"
0001010110000011000101000001101010010000010111010000010110010101000001000000110000110101100010010011000011000011000000100100001000000110010101010,000101011000001100010100000110101001000001011101000001011001010100000100000 -4.0
runproj limit: -1.0
"timed out"
0100100110000000000010001101100011000001000110001001001101100100000110000100111100000001100000000000110010100000011001000000000110100100001011110,010010011000000000001000110110001100000100011000100100110110010000011000010 -4.0
runproj limit: -1.0
"timed out"
0000101000010011010100000011101010010000010011100000011000100100010000100000100100101101010010100011000011001111010000000100100100000010000111000,000010100001001101010000001110101001000001001110000001100010010001000010000 -4.0
runproj limit: -1.0
"timed out"
0001100010010100010000010001101100000011000000001101111000000100110000110100000011000010100000100001100110100010100110110001000001101010000010000,000110001001010001000001000110110000001100000000110111100000010011000011010 -4.0
runproj limit: -1.0
"timed out"
0100110000010000000101000010100001110001100001010100111010010101001100100010100001100000101100000100011000000000100000010000000001001000001101011,010011000001000000010100001010000111000110000101010011101001010100110010001 -4.0
runproj limit: -1.0
"timed out"
1110000010000011011011001011101000000010010001110101011110000101011011010100010000000100100001011010100110000011011011001110011100000000001011000,111000001000001101101100101110100000001001000111010101111000010101101101010 -4.0
runproj limit: -1.0
"timed out"
1110010100000100000000000010101101010111111011001011011011010110010001000001000101000101000110100001100000001010001010011010010101100011100100100,111001010000010000000000001010110101011111101100101101101101011001000100000 -4.0
runproj limit: -1.0
"timed out"
0010001110000111000101100010001000000100000010110100000111100100001011000101110001001110000011010001100100000100100011101000101100100000000000000,001000111000011100010110001000100000010000001011010000011110010000101100010 -4.0
runproj limit: -1.0
"timed out"
1011100001011001110101010010111000000011010001001100000000011100010100100110000101100110101000110011011110000010100101100101000101111010000100110,101110000101100111010101001011100000001101000100110000000001110001010010011 -4.0
runproj limit: -1.0
"timed out"
0000001010011000111000000000011000000101100010110101000110001000001110000001000001110000001000001101000011111001111010010010101110000000101010000,000000101001100011100000000001100000010110001011010100011000100000111000000 -4.0
runproj limit: -1.0
"timed out"
0000000000011000011001000000101001000010000001000101000100000101001010000100100000000100000001010000000101000001010000110000101100100000000111011,000000000001100001100100000010100100001000000100010100010000010100101000010 -4.0
runproj limit: -1.0
"timed out"
1001010010010100010000000001101100000010000000000101111100000110110000000000000011000000000000100001100000000010001100010000010001101000000110100,100101001001010001000000000110110000001000000000010111110000011011000000000 -4.0
runproj limit: -1.0
"timed out"
0000000010000011001101000001101000000000000001010101010100000101001001000100110000000101000001010000000100000101000011101000001000100000000001010,000000001000001100110100000110100000000000000101010101010000010100100100010 -4.0
runproj limit: -1.0
"timed out"
0000010000000010000100001010100010010010010011000000010100000000000000100001000100001100000000000001000110001110000000000001000000000010000010000,000001000000001000010000101010001001001001001100000001010000000000000010000 -4.0
runproj limit: -1.0
"timed out"
0100000000000000000100000100100000010000000001010101011110000000000000110010001000100001000100000000010010000000000000010010000000000000001000000,010000000000000000010000010010000001000000000101010101111000000000000011001 -4.0
runproj limit: -1.0
"timed out"
0100000000010000110000001000101100010001000001011100001101011010000000100000001100000100000100001000010000000000010010010010000000000101001000001,010000000001000011000000100010110001000100000101110000110101101000000010000 -4.0
best: 2.0
runproj limit: -1.0
"timed out"
0001010000000011000101001001101010010000010011010000010110010101000000100001000000001100000000010001000110000011000000000101001000000110000000010,000101000000001100010100100110101001000001001101000001011001010100000010000 -4.0
runproj limit: -1.0
"timed out"
0010011110000011000101000000001010010100010111010000010110100101000001000001110000101101100010010011100100000011100001101000101100100000010100000,001001111000001100010100000000101001010001011101000001011010010100000100000 -4.0
runproj limit: -1.0
"timed out"
0011101111011011000101100010101000000110010000001100000011001100000110000100100101101110000000010011101110000100100111101101101100101000000000100,001110111101101100010110001010100000011001000000110000001100110000011000010 -4.0
runproj limit: -1.0
"timed out"
1100101110000101001100000001100000001000001110000000001101100100010010111000110000100101100000100000100010100011001001000000100101000100000001000,110010111000010100110000000110000000100000111000000000110110010001001011100 -4.0
runproj limit: -1.0
"timed out"
0000010000011010001100000000101001000010000011000100000100000101001010000001100000000100000001000000000111001110010000110001100100100010000111000,000001000001101000110000000010100100001000001100010000010000010100101000000 -4.0
runproj limit: -1.0
"timed out"
0010000000011101010000000001111000000010000000001100000000011100010000100000010001000110101000100011001010000010100101000100000000101000000001100,001000000001110101000000000111100000001000000000110000000001110001000010000 -4.0
runproj limit: -1.0
"timed out"
0000000000010000000101000010101001010011000001010101110010000101001000100000100000000100001001000000001101000001010000110000101000001000001111011,000000000001000000010100001010100101001100000101010111001000010100100010000 -4.0
runproj limit: -1.0
"timed out"
1110010000000000000000000010101101010111100001000111011111010100000001010010001001000001000110100000010000000010000000010010010101000000001100000,111001000000000000000000001010110101011110000100011101111101010000000101001 -4.0
runproj limit: -1.0
"timed out"
1000100100010101011000001000001001000000000000110101010100000101111010101111110100000100000101100100101001000001010001110000100100100010000111011,100010010001010101100000100000100100000000000011010101010000010111101010111 -4.0
runproj limit: -1.0
"timed out"
1110001010000101011011001001010000000010110100100101011110100101110001011000010000100100101001011010001110000011011011001111001100001001011010000,111000101000010101101100100101000000001011010010010101111010010111000101100 -4.0
runproj limit: -1.0
"timed out"
0100010010010010010000001001110010010011000011000001010110100110100000100110100011111100001010001000001110001010001010101010001000001011011010000,010001001001001001000000100111001001001100001100000101011010011010000010011 -4.0
runproj limit: -1.0
"timed out"
1000101000111011010000011010111111110010011111100100001000100110011000110011101100101111011010100011101010110111011000010100100100001110011111000,100010100011101101000001101011111111001001111110010000100010011001100011001 -4.0
runproj limit: -1.0
"timed out"
1100110110101101011101000010101111000010011100010010010100111010001110111101111100000101100000110000010110000111111100000000100101100101001011101,110011011010110101110100001010111100001001110001001001010011101000111011110 -4.0
runproj limit: -1.0
"timed out"
0100000010000100000000000001101100000010000000001101000101000100010000000000010001000000000000000001000010000000100000000000000000100000000001100,010000001000010000000000000110110000001000000000110100010100010001000000000 -4.0
runproj limit: -1.0
"timed out"
1100110110100100000101000101001101011000001110000000101101100010000110111001111100000101100000100000011110110111011000000000000101100100001011100,110011011010010000010100010100110101100000111000000010110110001000011011100 -4.0
runproj limit: -1.0
"timed out"
0101010000000010010000001000000110010011010011001000010100101110100000100000001101001100001100000001010010001000100000100000001000000111001010100,010101000000001001000000100000011001001101001100100001010010111010000010000 -4.0
runproj limit: -1.0
"timed out"
0110101000000011001100000011100000001000000111000100010111000100010000100000110001110111100000000111100001000010000001000000101110000000000001010,011010100000001100110000001110000000100000011100010001011100010001000010000 -4.0
runproj limit: -1.0
"timed out"
0001010110000011000101000001101010010000010111010000010110010101000001000000110000110101100010010011000011000011000000100100001000000110010101010,000101011000001100010100000110101001000001011101000001011001010100000100000 -4.0
runproj limit: -1.0
"timed out"
0100100110000000000010001101100011000001000110001001001101100100000110000100111100000001100000000000110010100000011001000000000110100100001011110,010010011000000000001000110110001100000100011000100100110110010000011000010 -4.0
runproj limit: -1.0
"timed out"
0000101000010011010100000011101010010000010011100000011000100100010000100000100100101101010010100011000011001111010000000100100100000010000111000,000010100001001101010000001110101001000001001110000001100010010001000010000 -4.0
best: 2.0
runproj limit: -1.0
"timed out"
0010011010011001000000000010101001000110100001001100000011001100000000010010000101100001000000100001010010000000100011011001101101100000001100000,001001101001100100000000001010100100011010000100110000001100110000000001001 -4.0
runproj limit: -1.0
"timed out"
0000110000010011010100000001101000000000010011000000011100000101010000000001100000101101000000100011000111001111010000110001100100000010000111000,000011000001001101010000000110100000000001001100000001110000010101000000000 -4.0
runproj limit: -1.0
"timed out"
1100010000000001001101000011101110010010011011010000010100010001000010101101010100001100100000110001010110000011101000000000001100100110001010101,110001000000000100110100001110111001001001101101000001010001000100001010110 -4.0
runproj limit: -1.0
"timed out"
1000011110000011010001001010111110110010011111010100001100110110001000010010101000100101011010000011000011000111000000100100000000001110011101010,100001111000001101000100101011111011001001111101010000110011011000100001001 -4.0
runproj limit: -1.0
"timed out"
1100100110000100001101001000001001000000000000010100011100100001111010101111111100000100000000100100001100010111011001010000000100100010000011000,110010011000010000110100100000100100000000000001010001110010000111101010111 -4.0
runproj limit: -1.0
"timed out"
0001010100000011000101000010101001010011010101010100110110010101000001100000110000000101100010010010000101000011000000100000101000000000001101011,000101010000001100010100001010100101001101010101010011011001010100000110000 -4.0
runproj limit: -1.0
"timed out"
0000010000011010001100000000101001000010000011000100000100000101001010000001100000000100000001000000000111001110010000110001100100100010000111000,000001000001101000110000000010100100001000001100010000010000010100101000000 -4.0
runproj limit: -1.0
"timed out"
1000101000110000010000011010110111110000011110001100001001100100000000110110101100100001000000000001101010100011011001000100000110100100001111010,100010100011000001000001101011011111000001111000110000100110010000000011011 -4.0
runproj limit: -1.0
"timed out"
1000100110000010001011101100100110100001101000110010001101000100011111101101111111000001010011001000111000100000011110100000000011101100100011100,100010011000001000101110110010011010000110100011001000110100010001111110110 -4.0
runproj limit: -1.0
"timed out"
1100011010000111110111101000010001001010110100100111011011100100100001101000010101101100110000011110101101000011011011100010001111100100110010011,110001101000011111011110100001000100101011010010011101101110010010000110100 -4.0
runproj limit: -1.0
"timed out"
0110010010000010110101001110100110010011100111100011011110010000100010100010000001101101011000101110111011001010101110011111001110011011011011000,011001001000001011010100111010011001001110011110001101111001000010001010001 -4.0
runproj limit: -1.0
"timed out"
0001110011110010101000001010100110010000010010000100000110010111001000100100000111010010000001100100000101100110010000110101000000000010100011001,000111001111001010100000101010011001000001001000010000011001011100100010010 -4.0
runproj limit: -1.0
"timed out"
1010100011000100001011001101010101011010111110100110011111010110110001011100110010010000101101000110101101001011011001000001001110001001010011000,101010001100010000101100110101010101101011111010011001111101011011000101110 -4.0
runproj limit: -1.0
"timed out"
0001010000000011000101001001101010010000010011010000010110010101000000100001000000001100000000010001000110000011000000000101001000000110000000010,000101000000001100010100100110101001000001001101000001011001010100000010000 -4.0
runproj limit: -1.0
"timed out"
0010011110000011000101000000001010010100010111010000010110100101000001000001110000101101100010010011100100000011100001101000101100100000010100000,001001111000001100010100000000101001010001011101000001011010010100000100000 -4.0
runproj limit: -1.0
"timed out"
0011101111011011000101100010101000000110010000001100000011001100000110000100100101101110000000010011101110000100100111101101101100101000000000100,001110111101101100010110001010100000011001000000110000001100110000011000010 -4.0
runproj limit: -1.0
"timed out"
1100101110000101001100000001100000001000001110000000001101100100010010111000110000100101100000100000100010100011001001000000100101000100000001000,110010111000010100110000000110000000100000111000000000110110010001001011100 -4.0
runproj limit: -1.0
"timed out"
0000010000011010001100000000101001000010000011000100000100000101001010000001100000000100000001000000000111001110010000110001100100100010000111000,000001000001101000110000000010100100001000001100010000010000010100101000000 -4.0
runproj limit: -1.0
"timed out"
0010000000011101010000000001111000000010000000001100000000011100010000100000010001000110101000100011001010000010100101000100000000101000000001100,001000000001110101000000000111100000001000000000110000000001110001000010000 -4.0
runproj limit: -1.0
"timed out"
0000000000010000000101000010101001010011000001010101110010000101001000100000100000000100001001000000001101000001010000110000101000001000001111011,000000000001000000010100001010100101001100000101010111001000010100100010000 -4.0
best: 2.0
runproj limit: -1.0
"timed out"
1100110111010000001000001000100100011000001010000000001111110100001010100100010111110110000001100000100001100110001000010000100101000100100011001,110011011101000000100000100010010001100000101000000000111111010000101010010 -4.0
runproj limit: -1.0
"timed out"
0001000000010001000101000000101001010011000001010000010010000101000000100001000000000100000001000000000100000001010000100001001000001010000110010,000100000001000100010100000010100101001100000101000001001000010100000010000 -4.0
runproj limit: -1.0
"timed out"
0110011010000011000101001010101010010100000111000011011110110000100000100010000000101101010010111111100001000011101111111101001100111010011000000,011001101000001100010100101010101001010000011100001101111011000010000010001 -4.0
runproj limit: -1.0
"timed out"
0000010000011111010000000001111000010000000010010000010110011101010000100001010001001100100000010001000010000011100101000101000000101000000001000,000001000001111101000000000111100001000000001001000001011001110101000010000 -4.0
runproj limit: -1.0
"timed out"
1100110010010111110100101000011001000000110101100111011011000101110000101001010100101100010000001111101111001011010010110010101100000000000010011,110011001001011111010010100001100100000011010110011101101100010111000010100 -4.0
runproj limit: -1.0
"timed out"
0000100010000010000001101101100110010001010011010000010100010100010000101101011110001000010010011001111010100011001100000100000010001100000011100,000010001000001000000110110110011001000101001101000001010001010001000010110 -4.0
runproj limit: -1.0
"timed out"
0100010011010010100001001010100110010001000010100001000110010010001010100010000111010000000000101100001001001110111100111101001010011010000011001,010001001101001010000100101010011001000100001010000100011001001000101010001 -4.0
runproj limit: -1.0
"timed out"
0000011100000011000101000000001000010010010001010000010010100101001000000000110000000100101010000001000100000001100001100000101100000000001100001,000001110000001100010100000000100001001001000101000001001010010100100000000 -4.0
runproj limit: -1.0
"timed out"
0000011111010011010110000001010010110101011101010001010111100100001101000000111000101001100010010111001100010000000000101000101110110000010111000,000001111101001101011000000101001011010101110101000101011110010000110100000 -4.0
runproj limit: -1.0
"timed out"
1010010110110001001101000000101001001100010101000000011101000101001010100110101010100101000011010000000111100100111000110001100101100010010011000,101001011011000100110100000010100100110001010100000001110100010100101010011 -4.0
runproj limit: -1.0
"timed out"
0000001010011100001000000110010100000000110011101000100111010011000000001010000111100001100000100011010011000010101000011010110101100001001111001,000000101001110000100000011001010000000011001110100010011101001100000000101 -4.0
runproj limit: -1.0
"timed out"
0001101111011000010000101010110000010110010101001000000011101100100110000100000101100111001100010111100100011101000111111100111101100001000000110,000110111101100001000010101011000001011001010100100000001110110010011000010 -4.0
runproj limit: -1.0
"timed out"
0000101000100101110100011011111111111000001111000111101001100010101101010110101000101111000101000000001010100000010001000101000100100000101111010,000010100010010111010001101111111111100000111100011110100110001010110101011 -4.0
runproj limit: -1.0
"timed out"
0010011010011001000000000010101001000110100001001100000011001100000000010010000101100001000000100001010010000000100011011001101101100000001100000,001001101001100100000000001010100100011010000100110000001100110000000001001 -4.0
runproj limit: -1.0
"timed out"
0000110000010011010100000001101000000000010011000000011100000101010000000001100000101101000000100011000111001111010000110001100100000010000111000,000011000001001101010000000110100000000001001100000001110000010101000000000 -4.0
runproj limit: -1.0
"timed out"
1100010000000001001101000011101110010010011011010000010100010001000010101101010100001100100000110001010110000011101000000000001100100110001010101,110001000000000100110100001110111001001001101101000001010001000100001010110 -4.0
runproj limit: -1.0
"timed out"
1000011110000011010001001010111110110010011111010100001100110110001000010010101000100101011010000011000011000111000000100100000000001110011101010,100001111000001101000100101011111011001001111101010000110011011000100001001 -4.0
runproj limit: -1.0
"timed out"
1100100110000100001101001000001001000000000000010100011100100001111010101111111100000100000000100100001100010111011001010000000100100010000011000,110010011000010000110100100000100100000000000001010001110010000111101010111 -4.0
runproj limit: -1.0
"timed out"
0001010100000011000101000010101001010011010101010100110110010101000001100000110000000101100010010010000101000011000000100000101000000000001101011,000101010000001100010100001010100101001101010101010011011001010100000110000 -4.0
runproj limit: -1.0
"timed out"
0000010000011010001100000000101001000010000011000100000100000101001010000001100000000100000001000000000111001110010000110001100100100010000111000,000001000001101000110000000010100100001000001100010000010000010100101000000 -4.0
best: 2.0
runproj limit: -1.0
"timed out"
0000110000010010000100000000101000000000010011000100001100000101000010000001100000000100000001000011000111001111010000110001100100100010000111000,000011000001001000010000000010100000000001001100010000110000010100001000000 -4.0
runproj limit: -1.0
"timed out"
0000111000011111001100000001111001010000000111000111000001000110001001000010101000001101000101000000001010101100010000100001100100100000100111010,000011100001111100110000000111100101000000011100011100000100011000100100001 -4.0
runproj limit: -1.0
"timed out"
0000001110000111010101001000010000100001010001010100011101100100001110000111111100001001100010100111001100010011000001100000101110110000010011000,000000111000011101010100100001000010000101000101010001110110010000111000011 -4.0
runproj limit: -1.0
"timed out"
0000111100011101010000000001111000010010000001001000010011111100000100100000000101001100000000010111000010011111000111011101011100101001000000010,000011110001110101000000000111100001001000000100100001001111110000010010000 -4.0
runproj limit: -1.0
"timed out"
1110010010000011100100001000111011000100000111000111011110010000100000101000010100101101010010001111101111001011111111110111101100000000001000000,111001001000001110010000100011101100010000011100011101111001000010000010100 -4.0
runproj limit: -1.0
"timed out"
0000001000011101011100010010011101001000100111001111100101100011100000011110100111100011100001000000000011100010100000010100010100100001101111000,000000100001110101110001001001110100100010011100111110010110001110000001111 -4.0
runproj limit: -1.0
"timed out"
1000000010000100001100000110000000000000010011000100010110110001111010001011111101000100100000100001000101010111111001011010000100100010000011001,100000001000010000110000011000000000000001001100010001011011000111101000101 -4.0
runproj limit: -1.0
"timed out"
0001000000010001000101000000101001010011000001010000010010000101000000100001000000000100000001000000000100000001010000100001001000001010000110010,000100000001000100010100000010100101001100000101000001001000010100000010000 -4.0
runproj limit: -1.0
"timed out"
1100010001000010111101000010101110111001111001001000011101100011101001101101011000001110100011110001010010101010100101100101001100100110001010100,110001000100001011110100001010111011100111100100100001110110001110100110110 -4.0
runproj limit: -1.0
"timed out"
0001101000000011011001001010000101111011000000111100110101010111011001110011100010010101110010010000000100000011000010000010101000000010000101011,000110100000001101100100101000010111101100000011110011010101011101100111001 -4.0
runproj limit: -1.0
"timed out"
1100010111001011000101110000111011011010100011010101010000101110011010011000010001000011100000000101100100100001111001100000100110100101011110001,110001011100101100010111000011101101101010001101010101000010111001101001100 -4.0
runproj limit: -1.0
"timed out"
1000001101101011011110110010010111101001000001000001010111001100001001001000100010100101100010011111000100000101001100100001100110010010010111000,100000110110101101111011001001011110100100000100000101011100110000100100100 -4.0
runproj limit: -1.0
"timed out"
0000011000010010111110000111000101001010100011000110001001011001000110111101110000100100010001001100011110101000110000110001000110100110000111110,000001100001001011111000011100010100101010001100011000100101100100011011110 -4.0
runproj limit: -1.0
"timed out"
1100110111010000001000001000100100011000001010000000001111110100001010100100010111110110000001100000100001100110001000010000100101000100100011001,110011011101000000100000100010010001100000101000000000111111010000101010010 -4.0
runproj limit: -1.0
"timed out"
0001000000010001000101000000101001010011000001010000010010000101000000100001000000000100000001000000000100000001010000100001001000001010000110010,000100000001000100010100000010100101001100000101000001001000010100000010000 -4.0
runproj limit: -1.0
"timed out"
0110011010000011000101001010101010010100000111000011011110110000100000100010000000101101010010111111100001000011101111111101001100111010011000000,011001101000001100010100101010101001010000011100001101111011000010000010001 -4.0
runproj limit: -1.0
"timed out"
0000010000011111010000000001111000010000000010010000010110011101010000100001010001001100100000010001000010000011100101000101000000101000000001000,000001000001111101000000000111100001000000001001000001011001110101000010000 -4.0
runproj limit: -1.0
"timed out"
1100110010010111110100101000011001000000110101100111011011000101110000101001010100101100010000001111101111001011010010110010101100000000000010011,110011001001011111010010100001100100000011010110011101101100010111000010100 -4.0
runproj limit: -1.0
"timed out"
0000100010000010000001101101100110010001010011010000010100010100010000101101011110001000010010011001111010100011001100000100000010001100000011100,000010001000001000000110110110011001000101001101000001010001010001000010110 -4.0
runproj limit: -1.0
"timed out"
0100010011010010100001001010100110010001000010100001000110010010001010100010000111010000000000101100001001001110111100111101001010011010000011001,010001001101001010000100101010011001000100001010000100011001001000101010001 -4.0
best: 2.0
runproj limit: -1.0
"timed out"
1110000000000011000100000000111001000001000001000010011010010001000000101001000100100100000000000011001100000011010011100111101100001000000010000,111000000000001100010000000011100100000100000100001001101001000100000010100 -4.0
runproj limit: -1.0
"timed out"
1000001101101011011110110010010111101001000001000001010111001100001001001000100010100101100010011111000100000101001100100001100110010010010111000,100000110110101101111011001001011110100100000100000101011100110000100100100 -4.0
runproj limit: -1.0
"timed out"
1000000111001001001110000110010001101001000011000101010110001100111001001011100100100101100010011011000100010111101001110000100100010010000111001,100000011100100100111000011001000110100100001100010101011000110011100100101 -4.0
runproj limit: -1.0
"timed out"
0000111100011111010000000001111000010000000011001000010011111101010000100000010101001100000000010101000010001111000101010101000100101001000001000,000011110001111101000000000111100001000000001100100001001111110101000010000 -4.0
runproj limit: -1.0
"timed out"
0000110000010111100100101000111001000000110111000100001010000101000000100001110100101100010000001111001111001111010010110001100100000010000111010,000011000001011110010010100011100100000011011100010000101000010100000010000 -4.0
runproj limit: -1.0
"timed out"
1100010010001011000101010000101011010010100111000111010000110110010000111000000001001101110000111111100000000001111011100101101110101000011110000,110001001000101100010101000010101101001010011100011101000011011001000011100 -4.0
runproj limit: -1.0
"timed out"
1000001010101110011100000010010111001000000011000001010110010100101000001010101011100100100010001011000100000101001000001001100110010010000111000,100000101010111001110000001001011100100000001100000101011001010010100000101 -4.0
runproj limit: -1.0
"timed out"
0100110111010000000000001000100110010000000010100000000110010110001010100000010111010100000001100100001001101110011100111000000001001100000011001,010011011101000000000000100010011001000000001010000000011001011000101010000 -4.0
runproj limit: -1.0
"timed out"
0111011001010111100000101000011001010000100000100101010011010101110000001011110111101000010111101111101111001000100110101000111000010001010011000,011101100101011110000010100001100101000010000010010101001101010111000000101 -4.0
runproj limit: -1.0
"timed out"
0001001100110111010101001000011011101001010000111100111101101101001110000101110100000001000001101111101100000011000101000000101110110110010011000,000100110011011101010100100001101110100101000011110011110110110100111000010 -4.0
runproj limit: -1.0
"timed out"
0000001000011001010101000000101101111011001001010010010011001101001000100111000000010110011001010000110100010000010010100011001011001010001010011,000000100001100101010100000010110111101100100101001001001100110100100010011 -4.0
runproj limit: -1.0
"timed out"
0110010011011001000111101110101110010000010100001011010110110110111000100110010000111001010010111111100011000001101101111001001111101010111000000,011001001101100100011110111010111001000001010000101101011011011011100010011 -4.0
runproj limit: -1.0
"timed out"
0000111100001011111000001101110000010011000000000101010011100100001010100000000111110100001110001010101010001100000111110101011101111001001101000,000011110000101111100000110111000001001100000000010101001110010000101010000 -4.0
runproj limit: -1.0
"timed out"
0000110000010010000100000000101000000000010011000100001100000101000010000001100000000100000001000011000111001111010000110001100100100010000111000,000011000001001000010000000010100000000001001100010000110000010100001000000 -4.0
runproj limit: -1.0
"timed out"
0000111000011111001100000001111001010000000111000111000001000110001001000010101000001101000101000000001010101100010000100001100100100000100111010,000011100001111100110000000111100101000000011100011100000100011000100100001 -4.0
runproj limit: -1.0
"timed out"
0000001110000111010101001000010000100001010001010100011101100100001110000111111100001001100010100111001100010011000001100000101110110000010011000,000000111000011101010100100001000010000101000101010001110110010000111000011 -4.0
runproj limit: -1.0
"timed out"
0000111100011101010000000001111000010010000001001000010011111100000100100000000101001100000000010111000010011111000111011101011100101001000000010,000011110001110101000000000111100001001000000100100001001111110000010010000 -4.0
runproj limit: -1.0
"timed out"
1110010010000011100100001000111011000100000111000111011110010000100000101000010100101101010010001111101111001011111111110111101100000000001000000,111001001000001110010000100011101100010000011100011101111001000010000010100 -4.0
runproj limit: -1.0
"timed out"
0000001000011101011100010010011101001000100111001111100101100011100000011110100111100011100001000000000011100010100000010100010100100001101111000,000000100001110101110001001001110100100010011100111110010110001110000001111 -4.0
runproj limit: -1.0
"timed out"
1000000010000100001100000110000000000000010011000100010110110001111010001011111101000100100000100001000101010111111001011010000100100010000011001,100000001000010000110000011000000000000001001100010001011011000111101000101 -4.0
best: 2.0
runproj limit: -1.0
"timed out"
0100010000011101010101100101111010010010000101001001010010110110010000100100000100101100010000110111000010001111001111011101011100101011100000000,010001000001110101010110010111101001001000010100100101001011011001000010010 -4.0
runproj limit: -1.0
"timed out"
0001001010110110011100000000010011101001010001000100110100010100001100001000111110000000100011001011000100000111001101001000100110110010010111000,000100101011011001110000000001001110100101000100010011010001010000110000100 -4.0
runproj limit: -1.0
"timed out"
0001001101100111011101010010010111101001010000010000010101101101001111001001100000100001100000111111001100000101000100000001100110010110010011000,000100110110011101110101001001011110100101000001000001010110110100111100100 -4.0
runproj limit: -1.0
"timed out"
1000001010000110011101001000010101101000010011010001010110110100101010001010101100000000100010000111000100010101001000100000101110110010010011000,100000101000011001110100100001010110100001001101000101011011010010101000101 -4.0
runproj limit: -1.0
"timed out"
0000111100011011111000001101111000010011000001000100010011100100000110100000000111110100001000011110101010001100000111111101011101111001000101010,000011110001101111100000110111100001001100000100010001001110010000011010000 -4.0
runproj limit: -1.0
"timed out"
0000001101101011010101111000010111101001010000011100011101101101001000000101110110100001100011101111000100000101000100000001101110010010010011000,000000110110101101010111100001011110100101000001110001110110110100100000010 -4.0
runproj limit: -1.0
"timed out"
1110011001010011000001101000111001010010100111000101010001110100010000101011010101001000110010101111100101000001101010101001101110110000010010000,111001100101001100000110100011100101001010011100010101000111010001000010101 -4.0
runproj limit: -1.0
"timed out"
0000111000011111100000101000110001000010100100000100010010000100001010100000000110111100010010001111001110001111000010110001010101110000000111000,000011100001111110000010100011000100001010010000010001001000010000101010000 -4.0
runproj limit: -1.0
"timed out"
1000100010001001101100111001101101010010100111100011000100010100010010111010010101001111011000101111110001101111011011100101100110101000011010010,100010001000100110110011100110110101001010011110001100010001010001001011101 -4.0
runproj limit: -1.0
"timed out"
0111111001010111000010101000011001010000101000100101010010110101110010111010110101101000010111101111000111011110110100100000111101010010101010000,011111100101011100001010100001100101000010100010010101001011010111001011101 -4.0
runproj limit: -1.0
"timed out"
1000011010100000010100110000100001001000000011100011010010110101100100001010001010010100000010100110010101001100101000010100100100000110000111000,100001101010000001010011000010000100100000001110001101001011010110010000101 -4.0
runproj limit: -1.0
"timed out"
1010001100001111011000001011011001001111001011001111100111101001100100111110100011100011100101100010100011100110110000000100110100100001101111001,101000110000111101100000101101100100111100101100111110011110100110010011111 -4.0
runproj limit: -1.0
"timed out"
1000101101111111010001101000011000111010111101000000001001110010100110100010010101101000000010000111001000000101010111011100011000111000000100010,100010110111111101000110100001100011101011110100000000100111001010011010001 -4.0
runproj limit: -1.0
"timed out"
1110000000000011000100000000111001000001000001000010011010010001000000101001000100100100000000000011001100000011010011100111101100001000000010000,111000000000001100010000000011100100000100000100001001101001000100000010100 -4.0
runproj limit: -1.0
"timed out"
1000001101101011011110110010010111101001000001000001010111001100001001001000100010100101100010011111000100000101001100100001100110010010010111000,100000110110101101111011001001011110100100000100000101011100110000100100100 -4.0
runproj limit: -1.0
"timed out"
1000000111001001001110000110010001101001000011000101010110001100111001001011100100100101100010011011000100010111101001110000100100010010000111001,100000011100100100111000011001000110100100001100010101011000110011100100101 -4.0
runproj limit: -1.0
"timed out"
0000111100011111010000000001111000010000000011001000010011111101010000100000010101001100000000010101000010001111000101010101000100101001000001000,000011110001111101000000000111100001000000001100100001001111110101000010000 -4.0
runproj limit: -1.0
"timed out"
0000110000010111100100101000111001000000110111000100001010000101000000100001110100101100010000001111001111001111010010110001100100000010000111010,000011000001011110010010100011100100000011011100010000101000010100000010000 -4.0
runproj limit: -1.0
"timed out"
1100010010001011000101010000101011010010100111000111010000110110010000111000000001001101110000111111100000000001111011100101101110101000011110000,110001001000101100010101000010101101001010011100011101000011011001000011100 -4.0
runproj limit: -1.0
"timed out"
1000001010101110011100000010010111001000000011000001010110010100101000001010101011100100100010001011000100000101001000001001100110010010000111000,100000101010111001110000001001011100100000001100000101011001010010100000101 -4.0
best: 2.0
runproj limit: -1.0
"timed out"
1000001100001110011000001000011101101110000011010101100111100101100110001110101101000001100101100110100011000110011000000100111110110011100111001,100000110000111001100000100001110110111000001101010110011110010110011000111 -4.0
runproj limit: -1.0
"timed out"
0000001101100111011101111010010111101001010000011100010101101101001110001001110010100001100000111111000100000101000100000001100110010010010011000,000000110110011101110111101001011110100101000001110001010110110100111000100 -4.0
runproj limit: -1.0
"timed out"
0001001000000111011101000000110001101001000001010010010111011101000100101001100100100101000000110111001100000001010100000011101100010100000010000,000100100000011101110100000011000110100100000101001001011101110100010010100 -4.0
runproj limit: -1.0
"timed out"
0111011001010011000001101000111001010010101011100101010001110100010000111011010101001000010010101111000111011100111000100001111110110010100010000,011101100101001100000110100011100101001010101110010101000111010001000011101 -4.0
runproj limit: -1.0
"timed out"
1100010000001110010101100111011111010000000111000001010010010110011000000110100110101100010010111111000110001101001101011101110110101010000111000,110001000000111001010110011101111101000000011100000101001001011001100000011 -4.0
runproj limit: -1.0
"timed out"
1010100000001011100100011001111001010011000011000010001000010000000010111000000100100110011000001011011101000111010011100101101110101000010010010,101010000000101110010001100111100101001100001100001000100001000000001011100 -4.0
runproj limit: -1.0
"timed out"
1010001100001111011000001011011001001111001011001111100111101001100100111110100011100011100101100010100011100110110000000100110100100001101111001,101000110000111101100000101101100100111100101100111110011110100110010011111 -4.0
runproj limit: -1.0
"timed out"
0000010110011011000110100100010001000001110011000101001110000100000001000011110100100101000010011111000100011111011011110001100100010010000111001,000001011001101100011010010001000100000111001100010100111000010000000100001 -4.0
runproj limit: -1.0
"timed out"
0011011101101011010100110010000111101001111100011110011001100101001001100100010010010000000100001011000100100001010100100010111110101001010011000,001101110110101101010011001000011110100111110001111001100110010100100110010 -4.0
runproj limit: -1.0
"timed out"
1000110101010011000000000111111000000100000011110000110010111100010000100000010101101011001001101101000011001111100111001101011000001001000010000,100011010101001100000000011111100000010000001111000011001011110001000010000 -4.0
runproj limit: -1.0
"timed out"
1010000000001001101110111100101101011001100011100001000000000110010010011000110101010111011110101111010111101101101011000010100000001000001010010,101000000000100110111011110010110101100110001110000100000000011001001001100 -4.0
runproj limit: -1.0
"timed out"
0010101100000111011010000101001001000101100011001001111010101111011101100110110101001111001010000001000011000011001001010100100001101001010001000,001010110000011101101000010100100100010110001100100111101010111101110110011 -4.0
runproj limit: -1.0
"timed out"
0011010001110100100011101101111001110011110011000101010001010101010010110101111000000100100010111101000101010001101010110101001110110110010010000,001101000111010010001110110111100111001111001100010101000101010101001011010 -4.0
runproj limit: -1.0
"timed out"
0100010000011101010101100101111010010010000101001001010010110110010000100100000100101100010000110111000010001111001111011101011100101011100000000,010001000001110101010110010111101001001000010100100101001011011001000010010 -4.0
runproj limit: -1.0
"timed out"
0001001010110110011100000000010011101001010001000100110100010100001100001000111110000000100011001011000100000111001101001000100110110010010111000,000100101011011001110000000001001110100101000100010011010001010000110000100 -4.0
runproj limit: -1.0
"timed out"
0001001101100111011101010010010111101001010000010000010101101101001111001001100000100001100000111111001100000101000100000001100110010110010011000,000100110110011101110101001001011110100101000001000001010110110100111100100 -4.0
runproj limit: -1.0
"timed out"
1000001010000110011101001000010101101000010011010001010110110100101010001010101100000000100010000111000100010101001000100000101110110010010011000,100000101000011001110100100001010110100001001101000101011011010010101000101 -4.0
runproj limit: -1.0
"timed out"
0000111100011011111000001101111000010011000001000100010011100100000110100000000111110100001000011110101010001100000111111101011101111001000101010,000011110001101111100000110111100001001100000100010001001110010000011010000 -4.0
runproj limit: -1.0
"timed out"
0000001101101011010101111000010111101001010000011100011101101101001000000101110110100001100011101111000100000101000100000001101110010010010011000,000000110110101101010111100001011110100101000001110001110110110100100000010 -4.0
runproj limit: -1.0
"timed out"
1110011001010011000001101000111001010010100111000101010001110100010000101011010101001000110010101111100101000001101010101001101110110000010010000,111001100101001100000110100011100101001010011100010101000111010001000010101 -4.0
best: 2.0
done evolving!
"all is well:)"
>>>>>>>>>>>>>>FINISH OPTIMIZATION>>>>>>>>>>>>>>>
733.20user 363.12system 29:32.07elapsed 61%CPU (0avgtext+0avgdata 137428maxresident)k
8inputs+1472120outputs (1major+69829116minor)pagefaults 0swaps
