Optimizing /data/dan/nofib/spectral/integer
>>>>>>>>>>>>>>>START OPTIMIZATION>>>>>>>>>>>>>>>
pop: 13
gens: 15
arch: 7
limit is: -1.0
runproj limit: -1.0
"timed out"
"All is well :D"
Basetime is: -2.0
runproj limit: -1.0
"timed out"
0100000000000000000010000000000000000000000010 -4.0
runproj limit: -1.0
"timed out"
0010000000100000000100000000001100000000000000 -4.0
runproj limit: -1.0
"timed out"
0000000000010000001000001001101000000000000011 -4.0
runproj limit: -1.0
"timed out"
0000000000000000000000000000000000000000000000 -4.0
runproj limit: -1.0
"timed out"
0000000000000000000000000100011000000000100100 -4.0
runproj limit: -1.0
"timed out"
0010000010010000000000010000100000000000000000 -4.0
runproj limit: -1.0
"timed out"
0000000000000000000000000000000000000000000000 -4.0
runproj limit: -1.0
"timed out"
0100000000001100000000100000000000000000000000 -4.0
runproj limit: -1.0
"timed out"
0000000000000000000000000000000000000000000000 -4.0
runproj limit: -1.0
"timed out"
0010000000000000000000001000000000110000100000 -4.0
runproj limit: -1.0
"timed out"
0000010000000000100000000000000000001010000000 -4.0
runproj limit: -1.0
"timed out"
0000000000000000000000000000000000000000000000 -4.0
runproj limit: -1.0
"timed out"
0000000000000000000000000000000000000000000000 -4.0
best: 2.0
runproj limit: -1.0
"timed out"
0000000000000000001000000000111000000000100011 -4.0
runproj limit: -1.0
"timed out"
0000000000010000000000001001100000000000000011 -4.0
runproj limit: -1.0
"timed out"
0110000010010000000000010000000000000000000000 -4.0
runproj limit: -1.0
"timed out"
0000000000000000000000000000000000000000000000 -4.0
runproj limit: -1.0
"timed out"
0010000000000000000100000000000000000000000000 -4.0
runproj limit: -1.0
"timed out"
0000000000000000000000000000000000000000000000 -4.0
runproj limit: -1.0
"timed out"
0100000000000000100000000000000000001010000000 -4.0
runproj limit: -1.0
"timed out"
0000000000000000000000000000000000000000000000 -4.0
runproj limit: -1.0
"timed out"
0010000000111100100100011000000100000010000001 -4.0
runproj limit: -1.0
"timed out"
0000010000001001011001100100011101111000100001 -4.0
runproj limit: -1.0
"timed out"
0000110011000110011110000101000000010010000011 -4.0
runproj limit: -1.0
"timed out"
0110010000011000010100110001000010000000000000 -4.0
runproj limit: -1.0
"timed out"
0110010100110000011000001000101000100010000010 -4.0
runproj limit: -1.0
"timed out"
0100000000000000000010000000000000000000000010 -4.0
runproj limit: -1.0
"timed out"
0010000000100000000100000000001100000000000000 -4.0
runproj limit: -1.0
"timed out"
0000000000010000001000001001101000000000000011 -4.0
runproj limit: -1.0
"timed out"
0000000000000000000000000000000000000000000000 -4.0
runproj limit: -1.0
"timed out"
0000000000000000000000000100011000000000100100 -4.0
runproj limit: -1.0
"timed out"
0010000010010000000000010000100000000000000000 -4.0
runproj limit: -1.0
"timed out"
0100000000001100000000100000000000000000000000 -4.0
best: 2.0
runproj limit: -1.0
"timed out"
0010000000000000000000000000000000001000000000 -4.0
runproj limit: -1.0
"timed out"
0110000000010000000000010000000010000000000000 -4.0
runproj limit: -1.0
"timed out"
0000010010000010011100000100000000010010000011 -4.0
runproj limit: -1.0
"timed out"
0010000000000000000100000000001100000000000000 -4.0
runproj limit: -1.0
"timed out"
0100000010010000000010010000000000000000000010 -4.0
runproj limit: -1.0
"timed out"
0000000000000000000000000000000000000000000000 -4.0
runproj limit: -1.0
"timed out"
0000000000110100000100001000111100000010100001 -4.0
runproj limit: -1.0
"timed out"
0010010000001000010100110101011100001000000001 -4.0
runproj limit: -1.0
"timed out"
0010000010010010000101010100101000000001001110 -4.0
runproj limit: -1.0
"timed out"
0101000000010000010000000001000100000010000011 -4.0
runproj limit: -1.0
"timed out"
1111010000001111010110110001011010000011000100 -4.0
runproj limit: -1.0
"timed out"
0101010001000101110110111001000011111010000101 -4.0
runproj limit: -1.0
"timed out"
0011010000111001000101111100111101101110010101 -4.0
runproj limit: -1.0
"timed out"
0000000000000000001000000000111000000000100011 -4.0
runproj limit: -1.0
"timed out"
0000000000010000000000001001100000000000000011 -4.0
runproj limit: -1.0
"timed out"
0110000010010000000000010000000000000000000000 -4.0
runproj limit: -1.0
"timed out"
0000000000000000000000000000000000000000000000 -4.0
runproj limit: -1.0
"timed out"
0010000000000000000100000000000000000000000000 -4.0
runproj limit: -1.0
"timed out"
0100000000000000100000000000000000001010000000 -4.0
runproj limit: -1.0
"timed out"
0010000000111100100100011000000100000010000001 -4.0
best: 2.0
runproj limit: -1.0
"timed out"
0101000000010010010100000100100000000001000011 -4.0
runproj limit: -1.0
"timed out"
0010000000011000000100001000000100000000000001 -4.0
runproj limit: -1.0
"timed out"
0000010010000000010100000000000000011010000001 -4.0
runproj limit: -1.0
"timed out"
0000000000000010001100000000000000000000000001 -4.0
runproj limit: -1.0
"timed out"
0000000000010100010100001001001100000010000001 -4.0
runproj limit: -1.0
"timed out"
0010000000110100000000001000000000000010000011 -4.0
runproj limit: -1.0
"timed out"
0110000010010000000000010000000000000001001000 -4.0
runproj limit: -1.0
"timed out"
0010000000000000000100000000000100000000000000 -4.0
runproj limit: -1.0
"timed out"
0000000000110100000100001010111110000010110001 -4.0
runproj limit: -1.0
"timed out"
0110100000001000000001000001100000101010100100 -4.0
runproj limit: -1.0
"timed out"
0110010011000111101100000100000000011010000111 -4.0
runproj limit: -1.0
"timed out"
1110010100001110010111010111011110001010000101 -4.0
runproj limit: -1.0
"timed out"
0100010000000000100110101101111110101010000101 -4.0
runproj limit: -1.0
"timed out"
0010000000000000000000000000000000001000000000 -4.0
runproj limit: -1.0
"timed out"
0110000000010000000000010000000010000000000000 -4.0
runproj limit: -1.0
"timed out"
0000010010000010011100000100000000010010000011 -4.0
runproj limit: -1.0
"timed out"
0010000000000000000100000000001100000000000000 -4.0
runproj limit: -1.0
"timed out"
0100000010010000000010010000000000000000000010 -4.0
runproj limit: -1.0
"timed out"
0000000000000000000000000000000000000000000000 -4.0
runproj limit: -1.0
"timed out"
0000000000110100000100001000111100000010100001 -4.0
best: 2.0
runproj limit: -1.0
"timed out"
0000010010010000010100001000001000000010000011 -4.0
runproj limit: -1.0
"timed out"
0100000000110000000000011000101000000001001000 -4.0
runproj limit: -1.0
"timed out"
0110010000000000000100000101100000100010000111 -4.0
runproj limit: -1.0
"timed out"
0010000000010100000100000000111100000010000001 -4.0
runproj limit: -1.0
"timed out"
0000000000000100000100001010110110000010010001 -4.0
runproj limit: -1.0
"timed out"
0110000000010000000000010000000000000000000000 -4.0
runproj limit: -1.0
"timed out"
1111010000010010010101000111111000001010000101 -4.0
runproj limit: -1.0
"timed out"
0010000000011010001100000000000100000000000001 -4.0
runproj limit: -1.0
"timed out"
0111001000110100011001000000101010100001100011 -4.0
runproj limit: -1.0
"timed out"
0001000011010001000001010000000000001001001001 -4.0
runproj limit: -1.0
"timed out"
0110100100010000000010100100000010000000000000 -4.0
runproj limit: -1.0
"timed out"
1000010110110000110110001000100000011011000001 -4.0
runproj limit: -1.0
"timed out"
0001000000010010000111100110100010001000001011 -4.0
runproj limit: -1.0
"timed out"
0101000000010010010100000100100000000001000011 -4.0
runproj limit: -1.0
"timed out"
0010000000011000000100001000000100000000000001 -4.0
runproj limit: -1.0
"timed out"
0000010010000000010100000000000000011010000001 -4.0
runproj limit: -1.0
"timed out"
0000000000000010001100000000000000000000000001 -4.0
runproj limit: -1.0
"timed out"
0000000000010100010100001001001100000010000001 -4.0
runproj limit: -1.0
"timed out"
0010000000110100000000001000000000000010000011 -4.0
runproj limit: -1.0
"timed out"
0110000010010000000000010000000000000001001000 -4.0
best: 2.0
runproj limit: -1.0
"timed out"
1001000010010000110000011000000000011001000001 -4.0
runproj limit: -1.0
"timed out"
0010000000000010000100001010110110000010010001 -4.0
runproj limit: -1.0
"timed out"
0010000010011000000000010000000000000000001001 -4.0
runproj limit: -1.0
"timed out"
0100000000010100000000010000001100000010000000 -4.0
runproj limit: -1.0
"timed out"
0110000000010000000000010000000000000000000000 -4.0
runproj limit: -1.0
"timed out"
0110000000010010001100000000000000000000000000 -4.0
runproj limit: -1.0
"timed out"
1001010010010010010100001010001000000010000011 -4.0
runproj limit: -1.0
"timed out"
0110010110010000000100010000000000001011000000 -4.0
runproj limit: -1.0
"timed out"
0000000000111100000101000000000100000010000011 -4.0
runproj limit: -1.0
"timed out"
0011000110110000110100001000001100010011100111 -4.0
runproj limit: -1.0
"timed out"
1011011010111000111001001000001000110101110010 -4.0
runproj limit: -1.0
"timed out"
0011000010010011001100000001001110110000000000 -4.0
runproj limit: -1.0
"timed out"
0010010000111111010001001000101111000000000001 -4.0
runproj limit: -1.0
"timed out"
0000010010010000010100001000001000000010000011 -4.0
runproj limit: -1.0
"timed out"
0100000000110000000000011000101000000001001000 -4.0
runproj limit: -1.0
"timed out"
0110010000000000000100000101100000100010000111 -4.0
runproj limit: -1.0
"timed out"
0010000000010100000100000000111100000010000001 -4.0
runproj limit: -1.0
"timed out"
0000000000000100000100001010110110000010010001 -4.0
runproj limit: -1.0
"timed out"
0110000000010000000000010000000000000000000000 -4.0
runproj limit: -1.0
"timed out"
1111010000010010010101000111111000001010000101 -4.0
best: 2.0
runproj limit: -1.0
"timed out"
0010001010011000111000000000011100000101000010 -4.0
runproj limit: -1.0
"timed out"
0010000000011100010001000000101101000010000001 -4.0
runproj limit: -1.0
"timed out"
1001010000010100010000010000001000000010000010 -4.0
runproj limit: -1.0
"timed out"
0010000000010011001101000000001000000000000001 -4.0
runproj limit: -1.0
"timed out"
0010010000000010000100001011100110000010010001 -4.0
runproj limit: -1.0
"timed out"
0100000000100000000100000101100000000000000001 -4.0
runproj limit: -1.0
"timed out"
0000000000110000110000011000101000011001000001 -4.0
runproj limit: -1.0
"timed out"
0110000110010000000100010000000000001001000000 -4.0
runproj limit: -1.0
"timed out"
0001010000011010100010010111001100100111011100 -4.0
runproj limit: -1.0
"timed out"
0101111100001111010100000011001110011000010111 -4.0
runproj limit: -1.0
"timed out"
0001100000111100010101010000100100000011000000 -4.0
runproj limit: -1.0
"timed out"
1100100001110100000010011100101111000010001110 -4.0
runproj limit: -1.0
"timed out"
0110010110110100000101000111000000010011100010 -4.0
runproj limit: -1.0
"timed out"
1001000010010000110000011000000000011001000001 -4.0
runproj limit: -1.0
"timed out"
0010000000000010000100001010110110000010010001 -4.0
runproj limit: -1.0
"timed out"
0010000010011000000000010000000000000000001001 -4.0
runproj limit: -1.0
"timed out"
0100000000010100000000010000001100000010000000 -4.0
runproj limit: -1.0
"timed out"
0110000000010000000000010000000000000000000000 -4.0
runproj limit: -1.0
"timed out"
0110000000010010001100000000000000000000000000 -4.0
runproj limit: -1.0
"timed out"
1001010010010010010100001010001000000010000011 -4.0
best: 2.0
runproj limit: -1.0
"timed out"
0110000000010100000000010000001100000010000000 -4.0
runproj limit: -1.0
"timed out"
1100110100110100000101010100101101010010001110 -4.0
runproj limit: -1.0
"timed out"
0011010000000010010000001001000010010011010001 -4.0
runproj limit: -1.0
"timed out"
0100101000010011001100000011000000001000000111 -4.0
runproj limit: -1.0
"timed out"
0111010100010011000101000001001110010000010111 -4.0
runproj limit: -1.0
"timed out"
0110100100010000000010011100000011001001000110 -4.0
runproj limit: -1.0
"timed out"
0110101000000011010100000011001110010000010001 -4.0
runproj limit: -1.0
"timed out"
0001100000110100010000010000001000000011000000 -4.0
runproj limit: -1.0
"timed out"
0100110000110000000101000011100001100001100001 -4.0
runproj limit: -1.0
"timed out"
1100000000010011011011001010001000000010010001 -4.0
runproj limit: -1.0
"timed out"
1110010110010100000000010011001101010111111011 -4.0
runproj limit: -1.0
"timed out"
0000001100010111000101100011101000000100000010 -4.0
runproj limit: -1.0
"timed out"
1001100001111101110101010010111100000011010001 -4.0
runproj limit: -1.0
"timed out"
0010001010011000111000000000011100000101000010 -4.0
runproj limit: -1.0
"timed out"
0010000000011100010001000000101101000010000001 -4.0
runproj limit: -1.0
"timed out"
1001010000010100010000010000001000000010000010 -4.0
runproj limit: -1.0
"timed out"
0010000000010011001101000000001000000000000001 -4.0
runproj limit: -1.0
"timed out"
0010010000000010000100001011100110000010010001 -4.0
runproj limit: -1.0
"timed out"
0100000000100000000100000101100000000000000001 -4.0
runproj limit: -1.0
"timed out"
0000000000110000110000011000101000011001000001 -4.0
best: 2.0
runproj limit: -1.0
"timed out"
0011010000010011000101001001001110000000010011 -4.0
runproj limit: -1.0
"timed out"
0000011100010011000101000001101110010100010111 -4.0
runproj limit: -1.0
"timed out"
0001101101011111000101100010101000000110010000 -4.0
runproj limit: -1.0
"timed out"
1100101100010101001100000000000000001000001110 -4.0
runproj limit: -1.0
"timed out"
0010010000011110000100000000101101000010000001 -4.0
runproj limit: -1.0
"timed out"
0000000000011101010000010000111100000010000000 -4.0
runproj limit: -1.0
"timed out"
0000000000010100000101000010101101000011000001 -4.0
runproj limit: -1.0
"timed out"
1110010010000000000000010011001101010111100001 -4.0
runproj limit: -1.0
"timed out"
1010100100010001010000001000001101000000000000 -4.0
runproj limit: -1.0
"timed out"
1100001000010101011011001000110000000010110100 -4.0
runproj limit: -1.0
"timed out"
0010010010010010010000001000110110010011000001 -4.0
runproj limit: -1.0
"timed out"
1110101000101011010000011010011011110010011101 -4.0
runproj limit: -1.0
"timed out"
1100110100111101011101010011001111001000011100 -4.0
runproj limit: -1.0
"timed out"
0110000000010100000000010000001100000010000000 -4.0
runproj limit: -1.0
"timed out"
1100110100110100000101010100101101010010001110 -4.0
runproj limit: -1.0
"timed out"
0011010000000010010000001001000010010011010001 -4.0
runproj limit: -1.0
"timed out"
0100101000010011001100000011000000001000000111 -4.0
runproj limit: -1.0
"timed out"
0111010100010011000101000001001110010000010111 -4.0
runproj limit: -1.0
"timed out"
0110100100010000000010011100000011001001000110 -4.0
runproj limit: -1.0
"timed out"
0110101000000011010100000011001110010000010001 -4.0
best: 2.0
runproj limit: -1.0
"timed out"
0010011000011001000000000011001001000110100001 -4.0
runproj limit: -1.0
"timed out"
0110110000000011010100000001101100000000010001 -4.0
runproj limit: -1.0
"timed out"
1100010000010001001101010011001110000000011011 -4.0
runproj limit: -1.0
"timed out"
1110011100010011010001001010011010110010011111 -4.0
runproj limit: -1.0
"timed out"
1100100100010100000101001000001101000000000000 -4.0
runproj limit: -1.0
"timed out"
0011010100010011000101000010001101010011010101 -4.0
runproj limit: -1.0
"timed out"
0010010000011110000100000000101101000010000001 -4.0
runproj limit: -1.0
"timed out"
1110101000100000010000011010010011111000011100 -4.0
runproj limit: -1.0
"timed out"
1010100100010010001011111101000110101001101000 -4.0
runproj limit: -1.0
"timed out"
1110011000010111110111101001110001001010110100 -4.0
runproj limit: -1.0
"timed out"
0000010010000010110101001111100010010011100101 -4.0
runproj limit: -1.0
"timed out"
0011110011110110100000001010100010010000010000 -4.0
runproj limit: -1.0
"timed out"
1000100001010100001011001100110101011010111110 -4.0
runproj limit: -1.0
"timed out"
0011010000010011000101001001001110000000010011 -4.0
runproj limit: -1.0
"timed out"
0000011100010011000101000001101110010100010111 -4.0
runproj limit: -1.0
"timed out"
0001101101011111000101100010101000000110010000 -4.0
runproj limit: -1.0
"timed out"
1100101100010101001100000000000000001000001110 -4.0
runproj limit: -1.0
"timed out"
0010010000011110000100000000101101000010000001 -4.0
runproj limit: -1.0
"timed out"
0000000000011101010000010000111100000010000000 -4.0
runproj limit: -1.0
"timed out"
0000000000010100000101000010101101000011000001 -4.0
best: 2.0
runproj limit: -1.0
"timed out"
1100110111010100000000001000100000011000001000 -4.0
runproj limit: -1.0
"timed out"
0011000000010001000101000000001101000011000001 -4.0
runproj limit: -1.0
"timed out"
0000011010000011000101001011101110010100000111 -4.0
runproj limit: -1.0
"timed out"
0010010000011111010000000001111100000000000010 -4.0
runproj limit: -1.0
"timed out"
1110110000000111110100101001111101000000110101 -4.0
runproj limit: -1.0
"timed out"
0010100000010010000001101101000110001001010011 -4.0
runproj limit: -1.0
"timed out"
0010010011010010100001001010100010010001000000 -4.0
runproj limit: -1.0
"timed out"
0000011100010111000101000000101100010010010001 -4.0
runproj limit: -1.0
"timed out"
0010011101000011010110000000110110110101011101 -4.0
runproj limit: -1.0
"timed out"
1000010110110101000101000000101101001100010111 -4.0
runproj limit: -1.0
"timed out"
0000001000011100001000000111110100000000110011 -4.0
runproj limit: -1.0
"timed out"
0011101101011100010000101010110000010110010101 -4.0
runproj limit: -1.0
"timed out"
0110101000110101110100011011011011110000001101 -4.0
runproj limit: -1.0
"timed out"
0010011000011001000000000011001001000110100001 -4.0
runproj limit: -1.0
"timed out"
0110110000000011010100000001101100000000010001 -4.0
runproj limit: -1.0
"timed out"
1100010000010001001101010011001110000000011011 -4.0
runproj limit: -1.0
"timed out"
1110011100010011010001001010011010110010011111 -4.0
runproj limit: -1.0
"timed out"
1100100100010100000101001000001101000000000000 -4.0
runproj limit: -1.0
"timed out"
0011010100010011000101000010001101010011010101 -4.0
runproj limit: -1.0
"timed out"
0010010000011110000100000000101101000010000001 -4.0
best: 2.0
runproj limit: -1.0
"timed out"
0010110000010110000100000000101100000000010001 -4.0
runproj limit: -1.0
"timed out"
0010111000011111000100000001111101010000000101 -4.0
runproj limit: -1.0
"timed out"
0000001100010111010101001000010100100001010001 -4.0
runproj limit: -1.0
"timed out"
0010111100011101010000000001111100000010000001 -4.0
runproj limit: -1.0
"timed out"
1100010000000011100100001001111111000100000111 -4.0
runproj limit: -1.0
"timed out"
0100001000011101011100010011111101000000100111 -4.0
runproj limit: -1.0
"timed out"
1000000000010100000100000110000100000000010011 -4.0
runproj limit: -1.0
"timed out"
0011000000010001000101000000001101000011000001 -4.0
runproj limit: -1.0
"timed out"
1100010001010010111101010010001110101011111001 -4.0
runproj limit: -1.0
"timed out"
0011101000010011011001001010100001111011000000 -4.0
runproj limit: -1.0
"timed out"
1100010111011111000101110000011111011010100011 -4.0
runproj limit: -1.0
"timed out"
1010001111111011011110110011110011101001000001 -4.0
runproj limit: -1.0
"timed out"
0010011000010110110110000111000001001010100001 -4.0
runproj limit: -1.0
"timed out"
1100110111010100000000001000100000011000001000 -4.0
runproj limit: -1.0
"timed out"
0011000000010001000101000000001101000011000001 -4.0
runproj limit: -1.0
"timed out"
0000011010000011000101001011101110010100000111 -4.0
runproj limit: -1.0
"timed out"
0010010000011111010000000001111100000000000010 -4.0
runproj limit: -1.0
"timed out"
1110110000000111110100101001111101000000110101 -4.0
runproj limit: -1.0
"timed out"
0010100000010010000001101101000110001001010011 -4.0
runproj limit: -1.0
"timed out"
0010010011010010100001001010100010010001000000 -4.0
best: 2.0
runproj limit: -1.0
"timed out"
1100000000000011000100000001111101000001000001 -4.0
runproj limit: -1.0
"timed out"
1010001111111011011110110011110011101001000001 -4.0
runproj limit: -1.0
"timed out"
1000000101011001001110000110010101101001000011 -4.0
runproj limit: -1.0
"timed out"
0010111100011111010000000001111100000000000011 -4.0
runproj limit: -1.0
"timed out"
0010110000000111100100101001111101000000110101 -4.0
runproj limit: -1.0
"timed out"
1000010010001011000101010000001111010010100111 -4.0
runproj limit: -1.0
"timed out"
1010001000111110010100000011110011001000000011 -4.0
runproj limit: -1.0
"timed out"
0100110111010000000000001000100010010000000000 -4.0
runproj limit: -1.0
"timed out"
0101011011000111100000101001111101010000100000 -4.0
runproj limit: -1.0
"timed out"
0001001110100111010101001000011111101001010000 -4.0
runproj limit: -1.0
"timed out"
0010001000011001010101000000001001101011001001 -4.0
runproj limit: -1.0
"timed out"
0000010011011001000111101111101010010000010100 -4.0
runproj limit: -1.0
"timed out"
0010111100001011111000001101110100000011000000 -4.0
runproj limit: -1.0
"timed out"
0010110000010110000100000000101100000000010001 -4.0
runproj limit: -1.0
"timed out"
0010111000011111000100000001111101010000000101 -4.0
runproj limit: -1.0
"timed out"
0000001100010111010101001000010100100001010001 -4.0
runproj limit: -1.0
"timed out"
0010111100011101010000000001111100000010000001 -4.0
runproj limit: -1.0
"timed out"
1100010000000011100100001001111111000100000111 -4.0
runproj limit: -1.0
"timed out"
0100001000011101011100010011111101000000100111 -4.0
runproj limit: -1.0
"timed out"
1000000000010100000100000110000100000000010011 -4.0
best: 2.0
runproj limit: -1.0
"timed out"
0010010000011101010101100101111110000010000101 -4.0
runproj limit: -1.0
"timed out"
0011001000100110010100000001010111101001010001 -4.0
runproj limit: -1.0
"timed out"
0011001111110111011101010010010011101001010000 -4.0
runproj limit: -1.0
"timed out"
1010001000010110010101001001110001101000010011 -4.0
runproj limit: -1.0
"timed out"
0010111100011011111000001101111100000011000001 -4.0
runproj limit: -1.0
"timed out"
0000001111111011010101111000110011101001010000 -4.0
runproj limit: -1.0
"timed out"
1100011011000011000001101000011101010010100111 -4.0
runproj limit: -1.0
"timed out"
0010111000001111100000101001110101000010100100 -4.0
runproj limit: -1.0
"timed out"
1100100010001001101100111001001001010010100111 -4.0
runproj limit: -1.0
"timed out"
0101111011000111000010101001111101010000101000 -4.0
runproj limit: -1.0
"timed out"
1010011000110000011100110001000101001000000011 -4.0
runproj limit: -1.0
"timed out"
1110001100001111011000001010111001000111001011 -4.0
runproj limit: -1.0
"timed out"
1010101101111111010001101000011100101010111101 -4.0
runproj limit: -1.0
"timed out"
1100000000000011000100000001111101000001000001 -4.0
runproj limit: -1.0
"timed out"
1010001111111011011110110011110011101001000001 -4.0
runproj limit: -1.0
"timed out"
1000000101011001001110000110010101101001000011 -4.0
runproj limit: -1.0
"timed out"
0010111100011111010000000001111100000000000011 -4.0
runproj limit: -1.0
"timed out"
0010110000000111100100101001111101000000110101 -4.0
runproj limit: -1.0
"timed out"
1000010010001011000101010000001111010010100111 -4.0
runproj limit: -1.0
"timed out"
1010001000111110010100000011110011001000000011 -4.0
best: 2.0
runproj limit: -1.0
"timed out"
1010001100011110011000001001111001100110000011 -4.0
runproj limit: -1.0
"timed out"
0000001111110111011101111010010011101001010000 -4.0
runproj limit: -1.0
"timed out"
0011001000000111011101000001110101101001000001 -4.0
runproj limit: -1.0
"timed out"
0101011011000011000001101001011101010010101011 -4.0
runproj limit: -1.0
"timed out"
1010010000011110010101100111111011000000000111 -4.0
runproj limit: -1.0
"timed out"
1100100000001011100100011001011101010011000011 -4.0
runproj limit: -1.0
"timed out"
1110001100001111011000001010111001000111001011 -4.0
runproj limit: -1.0
"timed out"
0000010100001011000110100101010101000001110001 -4.0
runproj limit: -1.0
"timed out"
0011011111111011010100110010100011101001111100 -4.0
runproj limit: -1.0
"timed out"
1010110101010011000000000111111100010100000011 -4.0
runproj limit: -1.0
"timed out"
1110000000001001101110111100001001011001100011 -4.0
runproj limit: -1.0
"timed out"
0000101100000111011010000101001101010101100011 -4.0
runproj limit: -1.0
"timed out"
0001010011100100100011101101011101110011110011 -4.0
runproj limit: -1.0
"timed out"
0010010000011101010101100101111110000010000101 -4.0
runproj limit: -1.0
"timed out"
0011001000100110010100000001010111101001010001 -4.0
runproj limit: -1.0
"timed out"
0011001111110111011101010010010011101001010000 -4.0
runproj limit: -1.0
"timed out"
1010001000010110010101001001110001101000010011 -4.0
runproj limit: -1.0
"timed out"
0010111100011011111000001101111100000011000001 -4.0
runproj limit: -1.0
"timed out"
0000001111111011010101111000110011101001010000 -4.0
runproj limit: -1.0
"timed out"
1100011011000011000001101000011101010010100111 -4.0
best: 2.0
done evolving!
"all is well:)"
>>>>>>>>>>>>>>FINISH OPTIMIZATION>>>>>>>>>>>>>>>
479.91user 255.08system 14:34.86elapsed 84%CPU (0avgtext+0avgdata 136952maxresident)k
2752inputs+1349200outputs (3major+62299148minor)pagefaults 0swaps
