Optimizing /data/dan/nofib/imaginary/integrate
>>>>>>>>>>>>>>>START OPTIMIZATION>>>>>>>>>>>>>>>
pop: 13
gens: 15
arch: 7
limit is: -1.0
runproj limit: -1.0
"timed out"
"All is well :D"
Basetime is: -2.0
runproj limit: -1.0
"timed out"
010000000000000000001000000 -4.0
runproj limit: -1.0
"timed out"
001000000010000000010000000 -4.0
runproj limit: -1.0
"timed out"
000000000001000000100000100 -4.0
runproj limit: -1.0
"timed out"
000000000000000000000000000 -4.0
runproj limit: -1.0
"timed out"
000000000000000000000000010 -4.0
runproj limit: -1.0
"timed out"
001000001001000000000001000 -4.0
runproj limit: -1.0
"timed out"
100000000000000000000000001 -4.0
runproj limit: -1.0
"timed out"
010000000000110000000010000 -4.0
runproj limit: -1.0
"timed out"
000010000000000000000010000 -4.0
runproj limit: -1.0
"timed out"
000000000000000000000000000 -4.0
runproj limit: -1.0
"timed out"
000000000000000000000000000 -4.0
runproj limit: -1.0
"timed out"
000010000000100000000001000 -4.0
runproj limit: -1.0
"timed out"
000000000000000000000000000 -4.0
best: 2.0
runproj limit: -1.0
"timed out"
000000000000000000100000000 -4.0
runproj limit: -1.0
"timed out"
000000000001000000000000100 -4.0
runproj limit: -1.0
"timed out"
011000001001000000000001000 -4.0
runproj limit: -1.0
"timed out"
000000000000000000000000000 -4.0
runproj limit: -1.0
"timed out"
101000000000000000010000001 -4.0
runproj limit: -1.0
"timed out"
100010000000000000000010000 -4.0
runproj limit: -1.0
"timed out"
010000000000000000000000000 -4.0
runproj limit: -1.0
"timed out"
100000000000000000000000000 -4.0
runproj limit: -1.0
"timed out"
001000000011110010010001100 -4.0
runproj limit: -1.0
"timed out"
000001000000100101100110010 -4.0
runproj limit: -1.0
"timed out"
000011001100011001111000010 -4.0
runproj limit: -1.0
"timed out"
011001000001100001010011000 -4.0
runproj limit: -1.0
"timed out"
011001010011000001100000100 -4.0
runproj limit: -1.0
"timed out"
010000000000000000001000000 -4.0
runproj limit: -1.0
"timed out"
001000000010000000010000000 -4.0
runproj limit: -1.0
"timed out"
000000000001000000100000100 -4.0
runproj limit: -1.0
"timed out"
000000000000000000000000000 -4.0
runproj limit: -1.0
"timed out"
000000000000000000000000010 -4.0
runproj limit: -1.0
"timed out"
001000001001000000000001000 -4.0
runproj limit: -1.0
"timed out"
100000000000000000000000001 -4.0
best: 2.0
runproj limit: -1.0
"timed out"
001000000000000000000000000 -4.0
runproj limit: -1.0
"timed out"
011000000001000000000001000 -4.0
runproj limit: -1.0
"timed out"
000001001000001001110000010 -4.0
runproj limit: -1.0
"timed out"
001000000000000000010000000 -4.0
runproj limit: -1.0
"timed out"
010000001001000000001001000 -4.0
runproj limit: -1.0
"timed out"
000000000000000000000000000 -4.0
runproj limit: -1.0
"timed out"
000000000011010000010000100 -4.0
runproj limit: -1.0
"timed out"
001001000000100001010011010 -4.0
runproj limit: -1.0
"timed out"
001000001001001000010101010 -4.0
runproj limit: -1.0
"timed out"
010100000001000001000000000 -4.0
runproj limit: -1.0
"timed out"
111101000000111101011011000 -4.0
runproj limit: -1.0
"timed out"
010101000100010111011011100 -4.0
runproj limit: -1.0
"timed out"
001101000011100100010111110 -4.0
runproj limit: -1.0
"timed out"
000000000000000000100000000 -4.0
runproj limit: -1.0
"timed out"
000000000001000000000000100 -4.0
runproj limit: -1.0
"timed out"
011000001001000000000001000 -4.0
runproj limit: -1.0
"timed out"
000000000000000000000000000 -4.0
runproj limit: -1.0
"timed out"
101000000000000000010000001 -4.0
runproj limit: -1.0
"timed out"
100010000000000000000010000 -4.0
runproj limit: -1.0
"timed out"
010000000000000000000000000 -4.0
best: 2.0
runproj limit: -1.0
"timed out"
010100000001001001010000010 -4.0
runproj limit: -1.0
"timed out"
010000000000000000010000000 -4.0
runproj limit: -1.0
"timed out"
100001001000000001010000000 -4.0
runproj limit: -1.0
"timed out"
000000000000001000110000000 -4.0
runproj limit: -1.0
"timed out"
000000000001010001010000100 -4.0
runproj limit: -1.0
"timed out"
000000000001000000000000100 -4.0
runproj limit: -1.0
"timed out"
011000001001000000000001000 -4.0
runproj limit: -1.0
"timed out"
101000000000000000010000000 -4.0
runproj limit: -1.0
"timed out"
000000000011010000010000101 -4.0
runproj limit: -1.0
"timed out"
011010000000100000000100000 -4.0
runproj limit: -1.0
"timed out"
011001001100011110110000010 -4.0
runproj limit: -1.0
"timed out"
111001010000111001011101011 -4.0
runproj limit: -1.0
"timed out"
010001000000000010011010110 -4.0
runproj limit: -1.0
"timed out"
001000000000000000000000000 -4.0
runproj limit: -1.0
"timed out"
011000000001000000000001000 -4.0
runproj limit: -1.0
"timed out"
000001001000001001110000010 -4.0
runproj limit: -1.0
"timed out"
001000000000000000010000000 -4.0
runproj limit: -1.0
"timed out"
010000001001000000001001000 -4.0
runproj limit: -1.0
"timed out"
000000000000000000000000000 -4.0
runproj limit: -1.0
"timed out"
000000000011010000010000100 -4.0
best: 2.0
runproj limit: -1.0
"timed out"
000001001001000001010000100 -4.0
runproj limit: -1.0
"timed out"
010000000011000000000001100 -4.0
runproj limit: -1.0
"timed out"
011001000000000000010000010 -4.0
runproj limit: -1.0
"timed out"
001000000001010000010000000 -4.0
runproj limit: -1.0
"timed out"
000000000000010000010000101 -4.0
runproj limit: -1.0
"timed out"
011000000001000000000001000 -4.0
runproj limit: -1.0
"timed out"
111101000001001001010100011 -4.0
runproj limit: -1.0
"timed out"
010000000000001000110000000 -4.0
runproj limit: -1.0
"timed out"
011100100011010001100100000 -4.0
runproj limit: -1.0
"timed out"
000100001101000100000101000 -4.0
runproj limit: -1.0
"timed out"
011010010001000000001010010 -4.0
runproj limit: -1.0
"timed out"
000001011011000011011000100 -4.0
runproj limit: -1.0
"timed out"
000100000001001000011110011 -4.0
runproj limit: -1.0
"timed out"
010100000001001001010000010 -4.0
runproj limit: -1.0
"timed out"
010000000000000000010000000 -4.0
runproj limit: -1.0
"timed out"
100001001000000001010000000 -4.0
runproj limit: -1.0
"timed out"
000000000000001000110000000 -4.0
runproj limit: -1.0
"timed out"
000000000001010001010000100 -4.0
runproj limit: -1.0
"timed out"
000000000001000000000000100 -4.0
runproj limit: -1.0
"timed out"
011000001001000000000001000 -4.0
best: 2.0
runproj limit: -1.0
"timed out"
000100001001000011000001100 -4.0
runproj limit: -1.0
"timed out"
000000000000001000010000101 -4.0
runproj limit: -1.0
"timed out"
011000001000000000000001000 -4.0
runproj limit: -1.0
"timed out"
010000000001010000000001000 -4.0
runproj limit: -1.0
"timed out"
011000000001000000000001000 -4.0
runproj limit: -1.0
"timed out"
010000000001001000110000000 -4.0
runproj limit: -1.0
"timed out"
100101001001001001010000101 -4.0
runproj limit: -1.0
"timed out"
011001011001000000010001000 -4.0
runproj limit: -1.0
"timed out"
001000000001100000010100000 -4.0
runproj limit: -1.0
"timed out"
101100011011000011010000100 -4.0
runproj limit: -1.0
"timed out"
101101101011100011100100100 -4.0
runproj limit: -1.0
"timed out"
010100001000101100110000000 -4.0
runproj limit: -1.0
"timed out"
000001000001101101000100100 -4.0
runproj limit: -1.0
"timed out"
000001001001000001010000100 -4.0
runproj limit: -1.0
"timed out"
010000000011000000000001100 -4.0
runproj limit: -1.0
"timed out"
011001000000000000010000010 -4.0
runproj limit: -1.0
"timed out"
001000000001010000010000000 -4.0
runproj limit: -1.0
"timed out"
000000000000010000010000101 -4.0
runproj limit: -1.0
"timed out"
011000000001000000000001000 -4.0
runproj limit: -1.0
"timed out"
111101000001001001010100011 -4.0
best: 2.0
runproj limit: -1.0
"timed out"
001000101001100011100000000 -4.0
runproj limit: -1.0
"timed out"
001000000001100001000100000 -4.0
runproj limit: -1.0
"timed out"
100101000001010001000001000 -4.0
runproj limit: -1.0
"timed out"
000000000001001100110100000 -4.0
runproj limit: -1.0
"timed out"
000001000000001000010000101 -4.0
runproj limit: -1.0
"timed out"
010000000010000000010000010 -4.0
runproj limit: -1.0
"timed out"
000000000011000011000001100 -4.0
runproj limit: -1.0
"timed out"
011000011001000000010001000 -4.0
runproj limit: -1.0
"timed out"
000101000001101010001001011 -4.0
runproj limit: -1.0
"timed out"
001111110001011101010000001 -4.0
runproj limit: -1.0
"timed out"
001110000001100001010101000 -4.0
runproj limit: -1.0
"timed out"
110010000111010000001001110 -4.0
runproj limit: -1.0
"timed out"
011001011011010000010100011 -4.0
runproj limit: -1.0
"timed out"
000100001001000011000001100 -4.0
runproj limit: -1.0
"timed out"
000000000000001000010000101 -4.0
runproj limit: -1.0
"timed out"
011000001000000000000001000 -4.0
runproj limit: -1.0
"timed out"
010000000001010000000001000 -4.0
runproj limit: -1.0
"timed out"
011000000001000000000001000 -4.0
runproj limit: -1.0
"timed out"
010000000001001000110000000 -4.0
runproj limit: -1.0
"timed out"
100101001001001001010000101 -4.0
best: 2.0
runproj limit: -1.0
"timed out"
011000000001010000000001000 -4.0
runproj limit: -1.0
"timed out"
110011010011010000010101010 -4.0
runproj limit: -1.0
"timed out"
000101000000001001000000100 -4.0
runproj limit: -1.0
"timed out"
011010100001001100110000001 -4.0
runproj limit: -1.0
"timed out"
000101010001001100010100000 -4.0
runproj limit: -1.0
"timed out"
011010010001000000001001110 -4.0
runproj limit: -1.0
"timed out"
000010100001001101010000001 -4.0
runproj limit: -1.0
"timed out"
000110000001010001000001000 -4.0
runproj limit: -1.0
"timed out"
010011000011000000010100001 -4.0
runproj limit: -1.0
"timed out"
111000000001001101101100101 -4.0
runproj limit: -1.0
"timed out"
111001011001010000000001001 -4.0
runproj limit: -1.0
"timed out"
001000110001011100010110001 -4.0
runproj limit: -1.0
"timed out"
101110000101100111010101001 -4.0
runproj limit: -1.0
"timed out"
001000101001100011100000000 -4.0
runproj limit: -1.0
"timed out"
001000000001100001000100000 -4.0
runproj limit: -1.0
"timed out"
100101000001010001000001000 -4.0
runproj limit: -1.0
"timed out"
000000000001001100110100000 -4.0
runproj limit: -1.0
"timed out"
000001000000001000010000101 -4.0
runproj limit: -1.0
"timed out"
010000000010000000010000010 -4.0
runproj limit: -1.0
"timed out"
000000000011000011000001100 -4.0
best: 2.0
runproj limit: -1.0
"timed out"
000101000001001100010100100 -4.0
runproj limit: -1.0
"timed out"
001001110001001100010100000 -4.0
runproj limit: -1.0
"timed out"
001110110101101100010110001 -4.0
runproj limit: -1.0
"timed out"
110010110001010100110000000 -4.0
runproj limit: -1.0
"timed out"
000001000001101000010000000 -4.0
runproj limit: -1.0
"timed out"
001000000001110101000001000 -4.0
runproj limit: -1.0
"timed out"
000000000001000000010100001 -4.0
runproj limit: -1.0
"timed out"
111001001000000000000001001 -4.0
runproj limit: -1.0
"timed out"
101010010001010101000000100 -4.0
runproj limit: -1.0
"timed out"
111000100001010101101100100 -4.0
runproj limit: -1.0
"timed out"
000001001001001001000000100 -4.0
runproj limit: -1.0
"timed out"
100010100011101101000001101 -4.0
runproj limit: -1.0
"timed out"
110011010011110101110101001 -4.0
runproj limit: -1.0
"timed out"
011000000001010000000001000 -4.0
runproj limit: -1.0
"timed out"
110011010011010000010101010 -4.0
runproj limit: -1.0
"timed out"
000101000000001001000000100 -4.0
runproj limit: -1.0
"timed out"
011010100001001100110000001 -4.0
runproj limit: -1.0
"timed out"
000101010001001100010100000 -4.0
runproj limit: -1.0
"timed out"
011010010001000000001001110 -4.0
runproj limit: -1.0
"timed out"
000010100001001101010000001 -4.0
best: 2.0
runproj limit: -1.0
"timed out"
001001100001100100000000001 -4.0
runproj limit: -1.0
"timed out"
000011000001001101010000000 -4.0
runproj limit: -1.0
"timed out"
110001000001000100110101001 -4.0
runproj limit: -1.0
"timed out"
100001110001001101000100101 -4.0
runproj limit: -1.0
"timed out"
110010010001010000010100100 -4.0
runproj limit: -1.0
"timed out"
000101010001001100010100001 -4.0
runproj limit: -1.0
"timed out"
000001000001101000010000000 -4.0
runproj limit: -1.0
"timed out"
101010100011000001000001101 -4.0
runproj limit: -1.0
"timed out"
101010010001001000101111110 -4.0
runproj limit: -1.0
"timed out"
110001100001011111011110100 -4.0
runproj limit: -1.0
"timed out"
001001001000001011010100111 -4.0
runproj limit: -1.0
"timed out"
000111001111001010000000101 -4.0
runproj limit: -1.0
"timed out"
101010000101010000101100110 -4.0
runproj limit: -1.0
"timed out"
000101000001001100010100100 -4.0
runproj limit: -1.0
"timed out"
001001110001001100010100000 -4.0
runproj limit: -1.0
"timed out"
001110110101101100010110001 -4.0
runproj limit: -1.0
"timed out"
110010110001010100110000000 -4.0
runproj limit: -1.0
"timed out"
000001000001101000010000000 -4.0
runproj limit: -1.0
"timed out"
001000000001110101000001000 -4.0
runproj limit: -1.0
"timed out"
000000000001000000010100001 -4.0
best: 2.0
runproj limit: -1.0
"timed out"
110011011101000000000000100 -4.0
runproj limit: -1.0
"timed out"
000100000001000100010100000 -4.0
runproj limit: -1.0
"timed out"
001001101000001100010100101 -4.0
runproj limit: -1.0
"timed out"
000001000001111101000000000 -4.0
runproj limit: -1.0
"timed out"
110011000001011111010010100 -4.0
runproj limit: -1.0
"timed out"
000010000001001000000110110 -4.0
runproj limit: -1.0
"timed out"
000001001101001010000100101 -4.0
runproj limit: -1.0
"timed out"
000001110001001100010100000 -4.0
runproj limit: -1.0
"timed out"
000001110100001101011000000 -4.0
runproj limit: -1.0
"timed out"
101001011011000100010100000 -4.0
runproj limit: -1.0
"timed out"
000000100001110000100000011 -4.0
runproj limit: -1.0
"timed out"
000110110101100001000010101 -4.0
runproj limit: -1.0
"timed out"
001010100010010111010001101 -4.0
runproj limit: -1.0
"timed out"
001001100001100100000000001 -4.0
runproj limit: -1.0
"timed out"
000011000001001101010000000 -4.0
runproj limit: -1.0
"timed out"
110001000001000100110101001 -4.0
runproj limit: -1.0
"timed out"
100001110001001101000100101 -4.0
runproj limit: -1.0
"timed out"
110010010001010000010100100 -4.0
runproj limit: -1.0
"timed out"
000101010001001100010100001 -4.0
runproj limit: -1.0
"timed out"
000001000001101000010000000 -4.0
best: 2.0
runproj limit: -1.0
"timed out"
000011000001001000010000000 -4.0
runproj limit: -1.0
"timed out"
001011100001111100010000000 -4.0
runproj limit: -1.0
"timed out"
000000110001011101010100100 -4.0
runproj limit: -1.0
"timed out"
000011110001110101000000000 -4.0
runproj limit: -1.0
"timed out"
111001000000001110010000100 -4.0
runproj limit: -1.0
"timed out"
000000100001110101110001001 -4.0
runproj limit: -1.0
"timed out"
100000000001010000010000011 -4.0
runproj limit: -1.0
"timed out"
000100000001000100010100000 -4.0
runproj limit: -1.0
"timed out"
110001000101001011110101001 -4.0
runproj limit: -1.0
"timed out"
000110100001001101100100101 -4.0
runproj limit: -1.0
"timed out"
110001011101101100010111000 -4.0
runproj limit: -1.0
"timed out"
100000111111101101111011001 -4.0
runproj limit: -1.0
"timed out"
000001100001001011011000011 -4.0
runproj limit: -1.0
"timed out"
110011011101000000000000100 -4.0
runproj limit: -1.0
"timed out"
000100000001000100010100000 -4.0
runproj limit: -1.0
"timed out"
001001101000001100010100101 -4.0
runproj limit: -1.0
"timed out"
000001000001111101000000000 -4.0
runproj limit: -1.0
"timed out"
110011000001011111010010100 -4.0
runproj limit: -1.0
"timed out"
000010000001001000000110110 -4.0
runproj limit: -1.0
"timed out"
000001001101001010000100101 -4.0
best: 2.0
runproj limit: -1.0
"timed out"
111000000000001100010000000 -4.0
runproj limit: -1.0
"timed out"
100000111111101101111011001 -4.0
runproj limit: -1.0
"timed out"
100000010101100100111000011 -4.0
runproj limit: -1.0
"timed out"
000011110001111101000000000 -4.0
runproj limit: -1.0
"timed out"
000011000001011110010010100 -4.0
runproj limit: -1.0
"timed out"
100001001000101100010101000 -4.0
runproj limit: -1.0
"timed out"
100000100011111001010000001 -4.0
runproj limit: -1.0
"timed out"
010011011101000000000000100 -4.0
runproj limit: -1.0
"timed out"
011101101101011110000010100 -4.0
runproj limit: -1.0
"timed out"
000100111010011101010100100 -4.0
runproj limit: -1.0
"timed out"
000000100001100101010100000 -4.0
runproj limit: -1.0
"timed out"
001001001101100100011110111 -4.0
runproj limit: -1.0
"timed out"
000011110000101111100000110 -4.0
runproj limit: -1.0
"timed out"
000011000001001000010000000 -4.0
runproj limit: -1.0
"timed out"
001011100001111100010000000 -4.0
runproj limit: -1.0
"timed out"
000000110001011101010100100 -4.0
runproj limit: -1.0
"timed out"
000011110001110101000000000 -4.0
runproj limit: -1.0
"timed out"
111001000000001110010000100 -4.0
runproj limit: -1.0
"timed out"
000000100001110101110001001 -4.0
runproj limit: -1.0
"timed out"
100000000001010000010000011 -4.0
best: 2.0
runproj limit: -1.0
"timed out"
000001000001110101010110010 -4.0
runproj limit: -1.0
"timed out"
000100100010011001010000000 -4.0
runproj limit: -1.0
"timed out"
000100111111011101110101001 -4.0
runproj limit: -1.0
"timed out"
100000100001011001010100100 -4.0
runproj limit: -1.0
"timed out"
000011110001101111100000110 -4.0
runproj limit: -1.0
"timed out"
000000111111101101010111100 -4.0
runproj limit: -1.0
"timed out"
111001101101001100000110100 -4.0
runproj limit: -1.0
"timed out"
000011100001111110000010100 -4.0
runproj limit: -1.0
"timed out"
110010001000100110110011100 -4.0
runproj limit: -1.0
"timed out"
011111101101011100001010100 -4.0
runproj limit: -1.0
"timed out"
100001100011000001110011000 -4.0
runproj limit: -1.0
"timed out"
101000110000111101100000101 -4.0
runproj limit: -1.0
"timed out"
100010110111111101000110100 -4.0
runproj limit: -1.0
"timed out"
111000000000001100010000000 -4.0
runproj limit: -1.0
"timed out"
100000111111101101111011001 -4.0
runproj limit: -1.0
"timed out"
100000010101100100111000011 -4.0
runproj limit: -1.0
"timed out"
000011110001111101000000000 -4.0
runproj limit: -1.0
"timed out"
000011000001011110010010100 -4.0
runproj limit: -1.0
"timed out"
100001001000101100010101000 -4.0
runproj limit: -1.0
"timed out"
100000100011111001010000001 -4.0
best: 2.0
runproj limit: -1.0
"timed out"
100000110001111001100000100 -4.0
runproj limit: -1.0
"timed out"
000000111111011101110111101 -4.0
runproj limit: -1.0
"timed out"
000100100000011101110100000 -4.0
runproj limit: -1.0
"timed out"
011101101101001100000110100 -4.0
runproj limit: -1.0
"timed out"
100001000001111001010110011 -4.0
runproj limit: -1.0
"timed out"
111010000000101110010001100 -4.0
runproj limit: -1.0
"timed out"
101000110000111101100000101 -4.0
runproj limit: -1.0
"timed out"
000001010001101100011010010 -4.0
runproj limit: -1.0
"timed out"
001101111111101101010011001 -4.0
runproj limit: -1.0
"timed out"
100011010101001100000000011 -4.0
runproj limit: -1.0
"timed out"
111000000000100110111011110 -4.0
runproj limit: -1.0
"timed out"
001010110000011101101000010 -4.0
runproj limit: -1.0
"timed out"
001101001111010010001110110 -4.0
runproj limit: -1.0
"timed out"
000001000001110101010110010 -4.0
runproj limit: -1.0
"timed out"
000100100010011001010000000 -4.0
runproj limit: -1.0
"timed out"
000100111111011101110101001 -4.0
runproj limit: -1.0
"timed out"
100000100001011001010100100 -4.0
runproj limit: -1.0
"timed out"
000011110001101111100000110 -4.0
runproj limit: -1.0
"timed out"
000000111111101101010111100 -4.0
runproj limit: -1.0
"timed out"
111001101101001100000110100 -4.0
best: 2.0
done evolving!
"all is well:)"
>>>>>>>>>>>>>>FINISH OPTIMIZATION>>>>>>>>>>>>>>>
519.25user 356.28system 32:12.66elapsed 45%CPU (0avgtext+0avgdata 106488maxresident)k
0inputs+1476712outputs (0major+62553687minor)pagefaults 0swaps
