Optimizing /data/dan/nofib/spectral/life
>>>>>>>>>>>>>>>START OPTIMIZATION>>>>>>>>>>>>>>>
pop: 13
gens: 15
arch: 7
limit is: -1.0
runproj limit: -1.0
"timed out"
"All is well :D"
Basetime is: -2.0
runproj limit: -1.0
"timed out"
00000000000000000000000000000000000000000000000 -4.0
runproj limit: -1.0
"timed out"
00100000001000000001000000000011000000000000000 -4.0
runproj limit: -1.0
"timed out"
00000000000100000010000010011010000000000000110 -4.0
runproj limit: -1.0
"timed out"
00000000000100000010000010100000000010100100000 -4.0
runproj limit: -1.0
"timed out"
00000000000000000000000000000000000000000000000 -4.0
runproj limit: -1.0
"timed out"
00100000100100000000000100001000000000000000000 -4.0
runproj limit: -1.0
"timed out"
10000000000000000000000000110001010100001000000 -4.0
runproj limit: -1.0
"timed out"
01000000000011000000001000000000000000000000001 -4.0
runproj limit: -1.0
"timed out"
00000000000000000000000000000000000000000000000 -4.0
runproj limit: -1.0
"timed out"
00000000000000000000000000000000000000000000000 -4.0
runproj limit: -1.0
"timed out"
00000100000000001000000000000000000010100000000 -4.0
runproj limit: -1.0
"timed out"
00001000000010000000000100000001000000000010000 -4.0
runproj limit: -1.0
"timed out"
00000000000000000000000000001000000000000000010 -4.0
best: 2.0
runproj limit: -1.0
"timed out"
00000000000000000010000000001010000000000000110 -4.0
runproj limit: -1.0
"timed out"
00000000000100000000000010011001000000000000110 -4.0
runproj limit: -1.0
"timed out"
00100000100100000000000100000000000000000000000 -4.0
runproj limit: -1.0
"timed out"
00000000000000000000000000001000000000000000000 -4.0
runproj limit: -1.0
"timed out"
10100000000000000001000000110001000100001000000 -4.0
runproj limit: -1.0
"timed out"
10000000000000000000000000010001010100000000000 -4.0
runproj limit: -1.0
"timed out"
01000000000000001000000000000000000010100000000 -4.0
runproj limit: -1.0
"timed out"
10000000000000000000000000010000010100001000000 -4.0
runproj limit: -1.0
"timed out"
00100000001111001001000110000001000000100000010 -4.0
runproj limit: -1.0
"timed out"
00000100000010010110011000000001011110000001010 -4.0
runproj limit: -1.0
"timed out"
01001100110001100111000001010000000100100000010 -4.0
runproj limit: -1.0
"timed out"
01100100000110000101001100010000100000000000000 -4.0
runproj limit: -1.0
"timed out"
01100101001100000110000010001010001000100000100 -4.0
runproj limit: -1.0
"timed out"
00000000000000000000000000000000000000000000000 -4.0
runproj limit: -1.0
"timed out"
00100000001000000001000000000011000000000000000 -4.0
runproj limit: -1.0
"timed out"
00000000000100000010000010011010000000000000110 -4.0
runproj limit: -1.0
"timed out"
00000000000100000010000010100000000010100100000 -4.0
runproj limit: -1.0
"timed out"
00100000100100000000000100001000000000000000000 -4.0
runproj limit: -1.0
"timed out"
10000000000000000000000000110001010100001000000 -4.0
runproj limit: -1.0
"timed out"
01000000000011000000001000000000000000000000001 -4.0
best: 2.0
runproj limit: -1.0
"timed out"
00100000000000000000000000010000000110000000000 -4.0
runproj limit: -1.0
"timed out"
01100000000100000000000100000000100000000000000 -4.0
runproj limit: -1.0
"timed out"
00000100100100100111000001000000000110100100010 -4.0
runproj limit: -1.0
"timed out"
00100000000000000001000000000011000000001000000 -4.0
runproj limit: -1.0
"timed out"
00000000100100000000000100000000000000000000000 -4.0
runproj limit: -1.0
"timed out"
00000000000000000010000000101000000000100100000 -4.0
runproj limit: -1.0
"timed out"
00000000001101000001000010001011000000100000010 -4.0
runproj limit: -1.0
"timed out"
00100100000010000101001100010001000010000000010 -4.0
runproj limit: -1.0
"timed out"
10000000000000100001010001110011010100011011100 -4.0
runproj limit: -1.0
"timed out"
00010000000100000100100000010001000000100000011 -4.0
runproj limit: -1.0
"timed out"
11110100000011110101101100010110100000110001001 -4.0
runproj limit: -1.0
"timed out"
01010100010001011101101110010000111110100001010 -4.0
runproj limit: -1.0
"timed out"
00110100001110010001011111001111011011100101010 -4.0
runproj limit: -1.0
"timed out"
00000000000000000010000000001010000000000000110 -4.0
runproj limit: -1.0
"timed out"
00000000000100000000000010011001000000000000110 -4.0
runproj limit: -1.0
"timed out"
00100000100100000000000100000000000000000000000 -4.0
runproj limit: -1.0
"timed out"
00000000000000000000000000001000000000000000000 -4.0
runproj limit: -1.0
"timed out"
10100000000000000001000000110001000100001000000 -4.0
runproj limit: -1.0
"timed out"
10000000000000000000000000010001010100000000000 -4.0
runproj limit: -1.0
"timed out"
01000000000000001000000000000000000010100000000 -4.0
best: 2.0
runproj limit: -1.0
"timed out"
00010000000100100101000001110001000000011000111 -4.0
runproj limit: -1.0
"timed out"
01000000000000000001000000000000000010001000000 -4.0
runproj limit: -1.0
"timed out"
10000100100100000101000000010001000100000100010 -4.0
runproj limit: -1.0
"timed out"
00000000000000100011000000001000000010000000010 -4.0
runproj limit: -1.0
"timed out"
00000000000101000101000010010011000000100000010 -4.0
runproj limit: -1.0
"timed out"
00000000000100000000000010000001000000100000110 -4.0
runproj limit: -1.0
"timed out"
00000000100100000000000100010000000000010010000 -4.0
runproj limit: -1.0
"timed out"
10100000000000000001000000010001000100001000000 -4.0
runproj limit: -1.0
"timed out"
00000000001101000001000010101011100000100100010 -4.0
runproj limit: -1.0
"timed out"
01101000000010000000010000001000001110101001000 -4.0
runproj limit: -1.0
"timed out"
01100100110101111011000001000000000100100101010 -4.0
runproj limit: -1.0
"timed out"
11100101000011100101110101110111100010100001011 -4.0
runproj limit: -1.0
"timed out"
01000100000000001001101011011111101010100001010 -4.0
runproj limit: -1.0
"timed out"
00100000000000000000000000010000000110000000000 -4.0
runproj limit: -1.0
"timed out"
01100000000100000000000100000000100000000000000 -4.0
runproj limit: -1.0
"timed out"
00000100100100100111000001000000000110100100010 -4.0
runproj limit: -1.0
"timed out"
00100000000000000001000000000011000000001000000 -4.0
runproj limit: -1.0
"timed out"
00000000100100000000000100000000000000000000000 -4.0
runproj limit: -1.0
"timed out"
00000000000000000010000000101000000000100100000 -4.0
runproj limit: -1.0
"timed out"
00000000001101000001000010001011000000100000010 -4.0
best: 2.0
runproj limit: -1.0
"timed out"
00000100100100000101000010000010000010100100010 -4.0
runproj limit: -1.0
"timed out"
00000000001100000000000110001010000000010010000 -4.0
runproj limit: -1.0
"timed out"
01100100000000000001000001001000001110100101010 -4.0
runproj limit: -1.0
"timed out"
00100000000101000001000000001011000000101000010 -4.0
runproj limit: -1.0
"timed out"
00000000000001000001000010101001100100101100010 -4.0
runproj limit: -1.0
"timed out"
01100000000100000010000100000000000000100000000 -4.0
runproj limit: -1.0
"timed out"
10110100000100100101010001110111000010101001011 -4.0
runproj limit: -1.0
"timed out"
01000000000000100011000000001000000010000000010 -4.0
runproj limit: -1.0
"timed out"
00110010001101000110010000110011101000010000111 -4.0
runproj limit: -1.0
"timed out"
01110000110100010000010100010000000010010010010 -4.0
runproj limit: -1.0
"timed out"
01101001000100000000101001000000100000000000000 -4.0
runproj limit: -1.0
"timed out"
00000101101000001101100010011001000100010100010 -4.0
runproj limit: -1.0
"timed out"
01010000000100100001111001010001100010001010111 -4.0
runproj limit: -1.0
"timed out"
00010000000100100101000001110001000000011000111 -4.0
runproj limit: -1.0
"timed out"
01000000000000000001000000000000000010001000000 -4.0
runproj limit: -1.0
"timed out"
10000100100100000101000000010001000100000100010 -4.0
runproj limit: -1.0
"timed out"
00000000000000100011000000001000000010000000010 -4.0
runproj limit: -1.0
"timed out"
00000000000101000101000010010011000000100000010 -4.0
runproj limit: -1.0
"timed out"
00000000000100000000000010000001000000100000110 -4.0
runproj limit: -1.0
"timed out"
00000000100100000000000100010000000000010010000 -4.0
best: 2.0
runproj limit: -1.0
"timed out"
01110000100000001100000110010001000100010000010 -4.0
runproj limit: -1.0
"timed out"
00000000000000100001000010101000100100100100010 -4.0
runproj limit: -1.0
"timed out"
01000000100000000000000100010000000010000010000 -4.0
runproj limit: -1.0
"timed out"
01000000000101000000000100000011000000100000000 -4.0
runproj limit: -1.0
"timed out"
01100000000100000010000100000000000000100000000 -4.0
runproj limit: -1.0
"timed out"
01000000000100100011000000000000000010100000000 -4.0
runproj limit: -1.0
"timed out"
10010100100100100101000010100010000010101000011 -4.0
runproj limit: -1.0
"timed out"
01100101100100000001000100000000000000010100000 -4.0
runproj limit: -1.0
"timed out"
00100000000110000001010000000000000000100000111 -4.0
runproj limit: -1.0
"timed out"
10110001101000001101000010010010000110011101110 -4.0
runproj limit: -1.0
"timed out"
11110110101110001110010010111011001101010100101 -4.0
runproj limit: -1.0
"timed out"
01010000100010110011000000011010101110000000000 -4.0
runproj limit: -1.0
"timed out"
00000100000110110100010010001010110000000000010 -4.0
runproj limit: -1.0
"timed out"
00000100100100000101000010000010000010100100010 -4.0
runproj limit: -1.0
"timed out"
00000000001100000000000110001010000000010010000 -4.0
runproj limit: -1.0
"timed out"
01100100000000000001000001001000001110100101010 -4.0
runproj limit: -1.0
"timed out"
00100000000101000001000000001011000000101000010 -4.0
runproj limit: -1.0
"timed out"
00000000000001000001000010101001100100101100010 -4.0
runproj limit: -1.0
"timed out"
01100000000100000010000100000000000000100000000 -4.0
runproj limit: -1.0
"timed out"
10110100000100100101010001110111000010101001011 -4.0
best: 2.0
runproj limit: -1.0
"timed out"
00100010100110001110000000101011000001011000101 -4.0
runproj limit: -1.0
"timed out"
00100000000110000100010000001010010000100000010 -4.0
runproj limit: -1.0
"timed out"
10010100000101000100000100000010000000100000000 -4.0
runproj limit: -1.0
"timed out"
00000000000100110011010000000010000010000000010 -4.0
runproj limit: -1.0
"timed out"
00000100000000100001000010101000100100100100010 -4.0
runproj limit: -1.0
"timed out"
01000000001000000001000001001000000100000100010 -4.0
runproj limit: -1.0
"timed out"
01000000001100001100000110001011000100010000010 -4.0
runproj limit: -1.0
"timed out"
01100001100100000011000100000000000000110000000 -4.0
runproj limit: -1.0
"timed out"
00010100000110101000100101110011001001110111000 -4.0
runproj limit: -1.0
"timed out"
00111111000101110101000000111010100100000101111 -4.0
runproj limit: -1.0
"timed out"
00111000000110000101010100001000000000110000001 -4.0
runproj limit: -1.0
"timed out"
11001000011101000000100111001011110000100011100 -4.0
runproj limit: -1.0
"timed out"
01100101101101000001010001110000000110011100101 -4.0
runproj limit: -1.0
"timed out"
01110000100000001100000110010001000100010000010 -4.0
runproj limit: -1.0
"timed out"
00000000000000100001000010101000100100100100010 -4.0
runproj limit: -1.0
"timed out"
01000000100000000000000100010000000010000010000 -4.0
runproj limit: -1.0
"timed out"
01000000000101000000000100000011000000100000000 -4.0
runproj limit: -1.0
"timed out"
01100000000100000010000100000000000000100000000 -4.0
runproj limit: -1.0
"timed out"
01000000000100100011000000000000000010100000000 -4.0
runproj limit: -1.0
"timed out"
10010100100100100101000010100010000010101000011 -4.0
best: 2.0
runproj limit: -1.0
"timed out"
01100000000101000000000100000011000000100000000 -4.0
runproj limit: -1.0
"timed out"
11001101001101000001010101001011010110000011100 -4.0
runproj limit: -1.0
"timed out"
01010100000000100100000010000001100100110100010 -4.0
runproj limit: -1.0
"timed out"
01101010000100110011000000111000000000000001110 -4.0
runproj limit: -1.0
"timed out"
00010101000100110001010000010010100110000101110 -4.0
runproj limit: -1.0
"timed out"
01101001000100000010100111000000110000110001100 -4.0
runproj limit: -1.0
"timed out"
00001010000100110101000000111010100100000100011 -4.0
runproj limit: -1.0
"timed out"
00011000000101000100000100000010000000110000000 -4.0
runproj limit: -1.0
"timed out"
01001100001100000001010000101000011100011100010 -4.0
runproj limit: -1.0
"timed out"
11100000000100110110110010100010000010100100011 -4.0
runproj limit: -1.0
"timed out"
11100101100101000000000100110011010101111110110 -4.0
runproj limit: -1.0
"timed out"
00100011000101110001011000111010000011000000101 -4.0
runproj limit: -1.0
"timed out"
10111000010110011101010100101110000000110100010 -4.0
runproj limit: -1.0
"timed out"
00100010100110001110000000101011000001011000101 -4.0
runproj limit: -1.0
"timed out"
00100000000110000100010000001010010000100000010 -4.0
runproj limit: -1.0
"timed out"
10010100000101000100000100000010000000100000000 -4.0
runproj limit: -1.0
"timed out"
00000000000100110011010000000010000010000000010 -4.0
runproj limit: -1.0
"timed out"
00000100000000100001000010101000100100100100010 -4.0
runproj limit: -1.0
"timed out"
01000000001000000001000001001000000100000100010 -4.0
runproj limit: -1.0
"timed out"
01000000001100001100000110001011000100010000010 -4.0
best: 2.0
runproj limit: -1.0
"timed out"
00010100000100110001010010010010100110000100110 -4.0
runproj limit: -1.0
"timed out"
00100111000100110001010000011010100111000101110 -4.0
runproj limit: -1.0
"timed out"
00111011010110110001011000101010000001100100000 -4.0
runproj limit: -1.0
"timed out"
11001011000101010011000000001000000000000011100 -4.0
runproj limit: -1.0
"timed out"
00000100000110100001000000001010010000100000010 -4.0
runproj limit: -1.0
"timed out"
00100000000111010100000100001110000000100000000 -4.0
runproj limit: -1.0
"timed out"
00000000000100000001010000101010010100110100010 -4.0
runproj limit: -1.0
"timed out"
11100100100000000000000100100011010101111100010 -4.0
runproj limit: -1.0
"timed out"
10101001000101010100000010000010010000000000001 -4.0
runproj limit: -1.0
"timed out"
11100010000101010110110010001100000010101101001 -4.0
runproj limit: -1.0
"timed out"
01000100100100100100000010011100100100110000010 -4.0
runproj limit: -1.0
"timed out"
10001010001110110100000110101111111100100111011 -4.0
runproj limit: -1.0
"timed out"
11001101001111010111010100110011110000100111000 -4.0
runproj limit: -1.0
"timed out"
01100000000101000000000100000011000000100000000 -4.0
runproj limit: -1.0
"timed out"
11001101001101000001010101001011010110000011100 -4.0
runproj limit: -1.0
"timed out"
01010100000000100100000010000001100100110100010 -4.0
runproj limit: -1.0
"timed out"
01101010000100110011000000111000000000000001110 -4.0
runproj limit: -1.0
"timed out"
00010101000100110001010000010010100110000101110 -4.0
runproj limit: -1.0
"timed out"
01101001000100000010100111000000110000110001100 -4.0
runproj limit: -1.0
"timed out"
00001010000100110101000000111010100100000100011 -4.0
best: 2.0
runproj limit: -1.0
"timed out"
00100110000110010000000000100010010001101100010 -4.0
runproj limit: -1.0
"timed out"
00001100000100110101000000011010000000000100010 -4.0
runproj limit: -1.0
"timed out"
11000100000100010011010100110011100110100110110 -4.0
runproj limit: -1.0
"timed out"
10000111000100110100010010100111101100100111110 -4.0
runproj limit: -1.0
"timed out"
11001001000101000001010010000010010000000000000 -4.0
runproj limit: -1.0
"timed out"
00010101000100110001010000100010010100110101010 -4.0
runproj limit: -1.0
"timed out"
00000100000110100001000000001010010000100000010 -4.0
runproj limit: -1.0
"timed out"
10101010001100000110000110101101111100100111000 -4.0
runproj limit: -1.0
"timed out"
10101001000100100000111111010001101000111010001 -4.0
runproj limit: -1.0
"timed out"
11000110000101111101111010011100010000101101001 -4.0
runproj limit: -1.0
"timed out"
01100100100000101101010011101001100100111001011 -4.0
runproj limit: -1.0
"timed out"
00011100111100101000000010101001100100000100000 -4.0
runproj limit: -1.0
"timed out"
10101000010101000010110011001101010100101111101 -4.0
runproj limit: -1.0
"timed out"
00010100000100110001010010010010100110000100110 -4.0
runproj limit: -1.0
"timed out"
00100111000100110001010000011010100111000101110 -4.0
runproj limit: -1.0
"timed out"
00111011010110110001011000101010000001100100000 -4.0
runproj limit: -1.0
"timed out"
11001011000101010011000000001000000000000011100 -4.0
runproj limit: -1.0
"timed out"
00000100000110100001000000001010010000100000010 -4.0
runproj limit: -1.0
"timed out"
00100000000111010100000100001110000000100000000 -4.0
runproj limit: -1.0
"timed out"
00000000000100000001010000101010010100110100010 -4.0
best: 2.0
runproj limit: -1.0
"timed out"
11001101110100000000000010001001000100000010000 -4.0
runproj limit: -1.0
"timed out"
00010000000100010001010000000010010100110100010 -4.0
runproj limit: -1.0
"timed out"
01100110100000110001010010111010100101000001110 -4.0
runproj limit: -1.0
"timed out"
00000100000111110100000000011110000100000000100 -4.0
runproj limit: -1.0
"timed out"
11001100000101111101001010011110010000001101011 -4.0
runproj limit: -1.0
"timed out"
00001000000100100000011011010001100100110100110 -4.0
runproj limit: -1.0
"timed out"
01000100110100101000010010101001100100010000001 -4.0
runproj limit: -1.0
"timed out"
00000111000100110001010000001010000100100100010 -4.0
runproj limit: -1.0
"timed out"
00000111010000110101100000001100101111010111010 -4.0
runproj limit: -1.0
"timed out"
10100101101100010001010000001010010011000101110 -4.0
runproj limit: -1.0
"timed out"
00000010000111000010000001101101000000001000111 -4.0
runproj limit: -1.0
"timed out"
00011011010110000100001010101100000101100101010 -4.0
runproj limit: -1.0
"timed out"
00101010001001011111000110111111111110100011010 -4.0
runproj limit: -1.0
"timed out"
00100110000110010000000000100010010001101100010 -4.0
runproj limit: -1.0
"timed out"
00001100000100110101000000011010000000000100010 -4.0
runproj limit: -1.0
"timed out"
11000100000100010011010100110011100110100110110 -4.0
runproj limit: -1.0
"timed out"
10000111000100110100010010100111101100100111110 -4.0
runproj limit: -1.0
"timed out"
11001001000101000001010010000010010000000000000 -4.0
runproj limit: -1.0
"timed out"
00010101000100110001010000100010010100110101010 -4.0
runproj limit: -1.0
"timed out"
00000100000110100001000000001010010000100000010 -4.0
best: 2.0
runproj limit: -1.0
"timed out"
00001100000100100001000000001010000000000100010 -4.0
runproj limit: -1.0
"timed out"
00101110000111110001000000011110010100100001010 -4.0
runproj limit: -1.0
"timed out"
00000011000101110101010010000100001010010100010 -4.0
runproj limit: -1.0
"timed out"
00001111000111010100000000011110000100100000010 -4.0
runproj limit: -1.0
"timed out"
11100100000000111001000010011110110001000001110 -4.0
runproj limit: -1.0
"timed out"
00000010000111010111000100101111010010001001110 -4.0
runproj limit: -1.0
"timed out"
10000000000101000001000001100000000000000000110 -4.0
runproj limit: -1.0
"timed out"
00010000000100010001010000000010010100110100010 -4.0
runproj limit: -1.0
"timed out"
11000100010100101111010100100011101100011110010 -4.0
runproj limit: -1.0
"timed out"
00011010000100110110010010101001011110110000001 -4.0
runproj limit: -1.0
"timed out"
11000101110110110001011100000110110110101000110 -4.0
runproj limit: -1.0
"timed out"
10000011111110110111101100111101111000010000010 -4.0
runproj limit: -1.0
"timed out"
00000110000100101101100001110001010010101000010 -4.0
runproj limit: -1.0
"timed out"
11001101110100000000000010001001000100000010000 -4.0
runproj limit: -1.0
"timed out"
00010000000100010001010000000010010100110100010 -4.0
runproj limit: -1.0
"timed out"
01100110100000110001010010111010100101000001110 -4.0
runproj limit: -1.0
"timed out"
00000100000111110100000000011110000100000000100 -4.0
runproj limit: -1.0
"timed out"
11001100000101111101001010011110010000001101011 -4.0
runproj limit: -1.0
"timed out"
00001000000100100000011011010001100100110100110 -4.0
runproj limit: -1.0
"timed out"
01000100110100101000010010101001100100010000001 -4.0
best: 2.0
runproj limit: -1.0
"timed out"
11100000000000110001000000011110010000010000010 -4.0
runproj limit: -1.0
"timed out"
10000011111110110111101100111101111000010000010 -4.0
runproj limit: -1.0
"timed out"
10000001010110010011100001100100011000010000110 -4.0
runproj limit: -1.0
"timed out"
00001111000111110100000000011110000100000000110 -4.0
runproj limit: -1.0
"timed out"
00001100000101111001001010011110010000001101010 -4.0
runproj limit: -1.0
"timed out"
11000100100010110001010100000010110100101001110 -4.0
runproj limit: -1.0
"timed out"
10000010001111100101000000111101110000000000110 -4.0
runproj limit: -1.0
"timed out"
01001101110100000000000010001001100100000000001 -4.0
runproj limit: -1.0
"timed out"
01110110110101111000001010011110010100001000001 -4.0
runproj limit: -1.0
"timed out"
00010011101001110101010010000110111000010100001 -4.0
runproj limit: -1.0
"timed out"
00000010000110010101010000000011011110110110010 -4.0
runproj limit: -1.0
"timed out"
01100100110110010001111011111011100100000101000 -4.0
runproj limit: -1.0
"timed out"
00001111000010111110000011011100000100110000000 -4.0
runproj limit: -1.0
"timed out"
00001100000100100001000000001010000000000100010 -4.0
runproj limit: -1.0
"timed out"
00101110000111110001000000011110010100100001010 -4.0
runproj limit: -1.0
"timed out"
00000011000101110101010010000100001010010100010 -4.0
runproj limit: -1.0
"timed out"
00001111000111010100000000011110000100100000010 -4.0
runproj limit: -1.0
"timed out"
11100100000000111001000010011110110001000001110 -4.0
runproj limit: -1.0
"timed out"
00000010000111010111000100101111010010001001110 -4.0
runproj limit: -1.0
"timed out"
10000000000101000001000001100000000000000000110 -4.0
best: 2.0
runproj limit: -1.0
"timed out"
01000100000111010101011001011110100100100001010 -4.0
runproj limit: -1.0
"timed out"
00010010001001100101000000010100111000010100010 -4.0
runproj limit: -1.0
"timed out"
00010011111101110111010100100101111000010100000 -4.0
runproj limit: -1.0
"timed out"
10000010000101100101010010011101011000000100110 -4.0
runproj limit: -1.0
"timed out"
00001111000110111110000011011110000100110000010 -4.0
runproj limit: -1.0
"timed out"
00000011111110110101011110001101111000010100000 -4.0
runproj limit: -1.0
"timed out"
11100110110100110000011010000110010100101001110 -4.0
runproj limit: -1.0
"timed out"
00001110000111111000001010011100010000101001000 -4.0
runproj limit: -1.0
"timed out"
10001000100010011011001110010011010100101001111 -4.0
runproj limit: -1.0
"timed out"
01111110110101110000101010011110010100001010001 -4.0
runproj limit: -1.0
"timed out"
10000110001100000111001100010000010000000000111 -4.0
runproj limit: -1.0
"timed out"
10100011000011110110000010111110010011110010110 -4.0
runproj limit: -1.0
"timed out"
10001011011111110100011010000110001110101111010 -4.0
runproj limit: -1.0
"timed out"
11100000000000110001000000011110010000010000010 -4.0
runproj limit: -1.0
"timed out"
10000011111110110111101100111101111000010000010 -4.0
runproj limit: -1.0
"timed out"
10000001010110010011100001100100011000010000110 -4.0
runproj limit: -1.0
"timed out"
00001111000111110100000000011110000100000000110 -4.0
runproj limit: -1.0
"timed out"
00001100000101111001001010011110010000001101010 -4.0
runproj limit: -1.0
"timed out"
11000100100010110001010100000010110100101001110 -4.0
runproj limit: -1.0
"timed out"
10000010001111100101000000111101110000000000110 -4.0
best: 2.0
runproj limit: -1.0
"timed out"
10000011000111100110000010011111011011100000110 -4.0
runproj limit: -1.0
"timed out"
00000011111101110111011110100101111000010100000 -4.0
runproj limit: -1.0
"timed out"
00010010000001110111010000011100011000010000010 -4.0
runproj limit: -1.0
"timed out"
01110110110100110000011010010110010100101010111 -4.0
runproj limit: -1.0
"timed out"
11000100000111100101011001111111110100000001110 -4.0
runproj limit: -1.0
"timed out"
10101000000010111001000110010110010100110000110 -4.0
runproj limit: -1.0
"timed out"
10100011000011110110000010111110010011110010110 -4.0
runproj limit: -1.0
"timed out"
00000101000110110001101001010100010000011100010 -4.0
runproj limit: -1.0
"timed out"
00110111111110110101001100101001111000011111000 -4.0
runproj limit: -1.0
"timed out"
10001101010100110000000001111110000001000000111 -4.0
runproj limit: -1.0
"timed out"
10100000000010011011101111000011010110011000111 -4.0
runproj limit: -1.0
"timed out"
00101011000001110110100001010010010001011000110 -4.0
runproj limit: -1.0
"timed out"
00110100111101001000111011010110011100111100110 -4.0
runproj limit: -1.0
"timed out"
01000100000111010101011001011110100100100001010 -4.0
runproj limit: -1.0
"timed out"
00010010001001100101000000010100111000010100010 -4.0
runproj limit: -1.0
"timed out"
00010011111101110111010100100101111000010100000 -4.0
runproj limit: -1.0
"timed out"
10000010000101100101010010011101011000000100110 -4.0
runproj limit: -1.0
"timed out"
00001111000110111110000011011110000100110000010 -4.0
runproj limit: -1.0
"timed out"
00000011111110110101011110001101111000010100000 -4.0
runproj limit: -1.0
"timed out"
11100110110100110000011010000110010100101001110 -4.0
best: 2.0
done evolving!
"all is well:)"
>>>>>>>>>>>>>>FINISH OPTIMIZATION>>>>>>>>>>>>>>>
463.47user 251.49system 14:07.20elapsed 84%CPU (0avgtext+0avgdata 132880maxresident)k
8inputs+1312936outputs (1major+62078040minor)pagefaults 0swaps
