Optimizing /data/dan/nofib/imaginary/paraffins
>>>>>>>>>>>>>>>START OPTIMIZATION>>>>>>>>>>>>>>>
pop: 13
gens: 15
arch: 7
limit is: -1.0
runproj limit: -1.0
"timed out"
"All is well :D"
Basetime is: -2.0
runproj limit: -1.0
"timed out"
00000000000000000000000000000000000000000000000000000000000000000000000000 -4.0
runproj limit: -1.0
"timed out"
00100000001000000001000000000011000000000000000000000000000000010010000000 -4.0
runproj limit: -1.0
"timed out"
00000000000000000000000000000000000000000000000000000000000000000000000000 -4.0
runproj limit: -1.0
"timed out"
00000000000100000010000010100000000010100100000000010000000001100000000010 -4.0
runproj limit: -1.0
"timed out"
00000000000000000000000001000110000000001001000001100000000000000000000000 -4.0
runproj limit: -1.0
"timed out"
00100000100100000000000100001000000000000000000010000000000000001100000001 -4.0
runproj limit: -1.0
"timed out"
10000000000000000000000000110001010100001000000100000001000001000000101000 -4.0
runproj limit: -1.0
"timed out"
01000000000011000000001000000000000000000000001000000100000010100000000000 -4.0
runproj limit: -1.0
"timed out"
00000000000000000000000000000000000000000000000000000000000000000000000000 -4.0
runproj limit: -1.0
"timed out"
00100000000000000000000010000000001100001000000000010000000000000100000000 -4.0
runproj limit: -1.0
"timed out"
00000100000000001000000000000000000010100000000000000000000010110000000000 -4.0
runproj limit: -1.0
"timed out"
00001000000010000000000100000001000000000010000000000000000000000100000010 -4.0
runproj limit: -1.0
"timed out"
00000000000000000000000000001000000000000000010000000000000000110001100000 -4.0
best: 2.0
runproj limit: -1.0
"timed out"
00000000000000000000000000000100000000001000000001000000000000000000000000 -4.0
runproj limit: -1.0
"timed out"
00000000000000000000000000000001000000000000000000000000000000000000101000 -4.0
runproj limit: -1.0
"timed out"
00100000100100000000000100000000000000000000000000000000000000000000000001 -4.0
runproj limit: -1.0
"timed out"
00000000000000000000000000001000000000000000000000000000000000010000000000 -4.0
runproj limit: -1.0
"timed out"
10100000000000000001000000110001000100001000000000000000000001000000001000 -4.0
runproj limit: -1.0
"timed out"
10000000000000000000000000010001010100000000000100000000000001000000100000 -4.0
runproj limit: -1.0
"timed out"
01000000000000001000000000000000000010100000000000000100000010100000000000 -4.0
runproj limit: -1.0
"timed out"
10000000000000000000000000010000010100001000000101000000000000000000101000 -4.0
runproj limit: -1.0
"timed out"
00100000001111001001000110000001000000100000010001000111001010010010100011 -4.0
runproj limit: -1.0
"timed out"
00000100000010010110011001000111011110001000010100100000000100000000000000 -4.0
runproj limit: -1.0
"timed out"
01001100110001100111000001010000000100100000010000001001001000000000001000 -4.0
runproj limit: -1.0
"timed out"
01100100000110000101001100010000100000000000000001010100010001101100000101 -4.0
runproj limit: -1.0
"timed out"
01100101001000000100000000010000001000100000010111111100000000000000000100 -4.0
runproj limit: -1.0
"timed out"
00000000000000000000000000000000000000000000000000000000000000000000000000 -4.0
runproj limit: -1.0
"timed out"
00100000001000000001000000000011000000000000000000000000000000010010000000 -4.0
runproj limit: -1.0
"timed out"
00000000000100000010000010100000000010100100000000010000000001100000000010 -4.0
runproj limit: -1.0
"timed out"
00000000000000000000000001000110000000001001000001100000000000000000000000 -4.0
runproj limit: -1.0
"timed out"
00100000100100000000000100001000000000000000000010000000000000001100000001 -4.0
runproj limit: -1.0
"timed out"
10000000000000000000000000110001010100001000000100000001000001000000101000 -4.0
runproj limit: -1.0
"timed out"
01000000000011000000001000000000000000000000001000000100000010100000000000 -4.0
best: 2.0
runproj limit: -1.0
"timed out"
00100000000000000000000000010000000110000000000000000100000011100000001000 -4.0
runproj limit: -1.0
"timed out"
01100000000100000000000100000000100000000000000001000100010001000000000101 -4.0
runproj limit: -1.0
"timed out"
00000100100000100111000001000110000100100001010000000000001000000000000000 -4.0
runproj limit: -1.0
"timed out"
00100000000000000001000000000011000000001000000000000000000000000000001000 -4.0
runproj limit: -1.0
"timed out"
00000000100100000000000100000000000000000000000000000000000000000000000001 -4.0
runproj limit: -1.0
"timed out"
00000000000000000000000001001000000000000001000000100000000000000000000000 -4.0
runproj limit: -1.0
"timed out"
00000000001101000001000010000101000000101000000001000111000000010010000000 -4.0
runproj limit: -1.0
"timed out"
00100100000010000101001101010111000010000000010001110100010000000000000000 -4.0
runproj limit: -1.0
"timed out"
10000000000000100001010001110011010100011011100010000000001001000000100101 -4.0
runproj limit: -1.0
"timed out"
00010000000100000100100000010001000000100000011000000010001001100101000101 -4.0
runproj limit: -1.0
"timed out"
11110100000011110101101100010110100000110001001000011101100011000110100001 -4.0
runproj limit: -1.0
"timed out"
01010100010001011101101110010000111110100001010000010000110000101100001111 -4.0
runproj limit: -1.0
"timed out"
00110100001110010001011111001111011011100101010001001111101010000011110010 -4.0
runproj limit: -1.0
"timed out"
00000000000000000000000000000100000000001000000001000000000000000000000000 -4.0
runproj limit: -1.0
"timed out"
00000000000000000000000000000001000000000000000000000000000000000000101000 -4.0
runproj limit: -1.0
"timed out"
00100000100100000000000100000000000000000000000000000000000000000000000001 -4.0
runproj limit: -1.0
"timed out"
00000000000000000000000000001000000000000000000000000000000000010000000000 -4.0
runproj limit: -1.0
"timed out"
10100000000000000001000000110001000100001000000000000000000001000000001000 -4.0
runproj limit: -1.0
"timed out"
10000000000000000000000000010001010100000000000100000000000001000000100000 -4.0
runproj limit: -1.0
"timed out"
01000000000000001000000000000000000010100000000000000100000010100000000000 -4.0
best: 2.0
runproj limit: -1.0
"timed out"
00010000000100100101000001110001000000011000111010000010001001000101000101 -4.0
runproj limit: -1.0
"timed out"
01000000000000000001000000000000000010001000000000000100000000000000001000 -4.0
runproj limit: -1.0
"timed out"
10000100100000000101000000010101000100000001010100000000001001000000000000 -4.0
runproj limit: -1.0
"timed out"
00000000000000100011000000001000000000000001010000000000001000010000000000 -4.0
runproj limit: -1.0
"timed out"
00000000000101000101000010010001000000100000000001000111000001110110000001 -4.0
runproj limit: -1.0
"timed out"
00000000000000000000000000000001000000100000000000000100000000000000101000 -4.0
runproj limit: -1.0
"timed out"
00000000100100000000000100010000000000010010000000000000001000000000000101 -4.0
runproj limit: -1.0
"timed out"
10100000000000000001000000010001000100001000000000000000000000000000001000 -4.0
runproj limit: -1.0
"timed out"
00000000001101000001000010100101100000101100000001000111101010000010000100 -4.0
runproj limit: -1.0
"timed out"
01101000000010000000010000001000001110101001000000000101100001101001011000 -4.0
runproj limit: -1.0
"timed out"
01100100110001111011000001000110000110100000010010011010011000010000110100 -4.0
runproj limit: -1.0
"timed out"
11100101000011100101110101110111100010100001011000001101100111010110100000 -4.0
runproj limit: -1.0
"timed out"
01000100000000001001101011011111101010100001010000010001110000000000001111 -4.0
runproj limit: -1.0
"timed out"
00100000000000000000000000010000000110000000000000000100000011100000001000 -4.0
runproj limit: -1.0
"timed out"
01100000000100000000000100000000100000000000000001000100010001000000000101 -4.0
runproj limit: -1.0
"timed out"
00000100100000100111000001000110000100100001010000000000001000000000000000 -4.0
runproj limit: -1.0
"timed out"
00100000000000000001000000000011000000001000000000000000000000000000001000 -4.0
runproj limit: -1.0
"timed out"
00000000100100000000000100000000000000000000000000000000000000000000000001 -4.0
runproj limit: -1.0
"timed out"
00000000000000000000000001001000000000000001000000100000000000000000000000 -4.0
runproj limit: -1.0
"timed out"
00000000001101000001000010000101000000101000000001000111000000010010000000 -4.0
best: 2.0
runproj limit: -1.0
"timed out"
00000100100100000101000010000000000000100001010001000000000001100110000000 -4.0
runproj limit: -1.0
"timed out"
00000000001100000000000110000000000000010010000001000111000000000010000101 -4.0
runproj limit: -1.0
"timed out"
01100100000000000001000001001010001100100001010000000101000000001000011000 -4.0
runproj limit: -1.0
"timed out"
00100000000101000001000000000111000000101000000000000001000000010000000000 -4.0
runproj limit: -1.0
"timed out"
00000000000001000001000010100101100100101100000000000111000000000000000100 -4.0
runproj limit: -1.0
"timed out"
01100000000100000000000101000000000000000001000000100000010001000000000001 -4.0
runproj limit: -1.0
"timed out"
10110100000100100101010001110111000010101001011000001111101011010111100000 -4.0
runproj limit: -1.0
"timed out"
01000000000000100011000000001000000000000000010000000100000000010000001000 -4.0
runproj limit: -1.0
"timed out"
00110010001101000110010000110011101000010000111010000011000100100101000101 -4.0
runproj limit: -1.0
"timed out"
01110000110100010000010100010000000010010010010011001011001110000001001001 -4.0
runproj limit: -1.0
"timed out"
01101001000100000000101001000000100000000000000001010000010000101011000101 -4.0
runproj limit: -1.0
"timed out"
00000101101100001101100010011101000100010001010101100000011001100000000110 -4.0
runproj limit: -1.0
"timed out"
01010000000100100001111001010001100010001010111010110110101101000101000101 -4.0
runproj limit: -1.0
"timed out"
00010000000100100101000001110001000000011000111010000010001001000101000101 -4.0
runproj limit: -1.0
"timed out"
01000000000000000001000000000000000010001000000000000100000000000000001000 -4.0
runproj limit: -1.0
"timed out"
10000100100000000101000000010101000100000001010100000000001001000000000000 -4.0
runproj limit: -1.0
"timed out"
00000000000000100011000000001000000000000001010000000000001000010000000000 -4.0
runproj limit: -1.0
"timed out"
00000000000101000101000010010001000000100000000001000111000001110110000001 -4.0
runproj limit: -1.0
"timed out"
00000000000000000000000000000001000000100000000000000100000000000000101000 -4.0
runproj limit: -1.0
"timed out"
00000000100100000000000100010000000000010010000000000000001000000000000101 -4.0
best: 2.0
runproj limit: -1.0
"timed out"
01110000100100001100000110010001000100010001010011000011011111100000000000 -4.0
runproj limit: -1.0
"timed out"
00000000000000100001000010100100100100100100000000000110000000000000001000 -4.0
runproj limit: -1.0
"timed out"
01000000100000000000000100010000000010000010000000000100000000000000000000 -4.0
runproj limit: -1.0
"timed out"
01000000000101000000000101000001000000100001000000100011010001110100000001 -4.0
runproj limit: -1.0
"timed out"
01100000000100000000000101000000000000000001000000100000010001000000000001 -4.0
runproj limit: -1.0
"timed out"
01000000000100100011000000000000000000000001000000000100010001010000001001 -4.0
runproj limit: -1.0
"timed out"
10010100100100100101000010100000000000101001011000001110001001100110000000 -4.0
runproj limit: -1.0
"timed out"
01100101100100000001000101000100000000010001000001100000011001100000000100 -4.0
runproj limit: -1.0
"timed out"
00100000000010000001010010000000000000100000001001011100100010000001100001 -4.0
runproj limit: -1.0
"timed out"
10110001101100001101000010010110000110011000110101111011011101110100100000 -4.0
runproj limit: -1.0
"timed out"
11110110101110001110010010111011001101010100101110010011101011000011100000 -4.0
runproj limit: -1.0
"timed out"
01010000100010110011000000011010101100000000000000000100110101010101001010 -4.0
runproj limit: -1.0
"timed out"
00000100000010110100010000001010110000000000100101010111000001010010110001 -4.0
runproj limit: -1.0
"timed out"
00000100100100000101000010000000000000100001010001000000000001100110000000 -4.0
runproj limit: -1.0
"timed out"
00000000001100000000000110000000000000010010000001000111000000000010000101 -4.0
runproj limit: -1.0
"timed out"
01100100000000000001000001001010001100100001010000000101000000001000011000 -4.0
runproj limit: -1.0
"timed out"
00100000000101000001000000000111000000101000000000000001000000010000000000 -4.0
runproj limit: -1.0
"timed out"
00000000000001000001000010100101100100101100000000000111000000000000000100 -4.0
runproj limit: -1.0
"timed out"
01100000000100000000000101000000000000000001000000100000010001000000000001 -4.0
runproj limit: -1.0
"timed out"
10110100000100100101010001110111000010101001011000001111101011010111100000 -4.0
best: 2.0
runproj limit: -1.0
"timed out"
00100010100110001110000000101111000001011000101100000001000010010011100000 -4.0
runproj limit: -1.0
"timed out"
00100000000010000100010000000010010000100000100001000001000001010010100001 -4.0
runproj limit: -1.0
"timed out"
10010100000101000100000101000000000000100001000000101110000001110100000000 -4.0
runproj limit: -1.0
"timed out"
00000000000100110011010000000010000000000001100100010101000001010010010001 -4.0
runproj limit: -1.0
"timed out"
00000100000000100001000010100010100100100100010000000101000000000000001000 -4.0
runproj limit: -1.0
"timed out"
01000000001000000001000001000010000100000000010001000111000000000000001101 -4.0
runproj limit: -1.0
"timed out"
01000000001100001100000110000001000100010000010011000011010110100000000001 -4.0
runproj limit: -1.0
"timed out"
01100001100100000001000101000100000000010001000001100000011001000000000001 -4.0
runproj limit: -1.0
"timed out"
00010100000110101000100100110001001001110110000100100010010001010101000001 -4.0
runproj limit: -1.0
"timed out"
00111111000101110101000000111010100110000101111001000101101101000100001110 -4.0
runproj limit: -1.0
"timed out"
00111000000010000101010110001000000000110000111011001000100110000101101101 -4.0
runproj limit: -1.0
"timed out"
11001000011101000000100110001001110000100010100010100111011101110001101111 -4.0
runproj limit: -1.0
"timed out"
01100101101101000001010000110100000110011001101001001000011000000000000100 -4.0
runproj limit: -1.0
"timed out"
01110000100100001100000110010001000100010001010011000011011111100000000000 -4.0
runproj limit: -1.0
"timed out"
00000000000000100001000010100100100100100100000000000110000000000000001000 -4.0
runproj limit: -1.0
"timed out"
01000000100000000000000100010000000010000010000000000100000000000000000000 -4.0
runproj limit: -1.0
"timed out"
01000000000101000000000101000001000000100001000000100011010001110100000001 -4.0
runproj limit: -1.0
"timed out"
01100000000100000000000101000000000000000001000000100000010001000000000001 -4.0
runproj limit: -1.0
"timed out"
01000000000100100011000000000000000000000001000000000100010001010000001001 -4.0
runproj limit: -1.0
"timed out"
10010100100100100101000010100000000000101001011000001110001001100110000000 -4.0
best: 2.0
runproj limit: -1.0
"timed out"
01100000000101000000000101000001000000100001000000100001010001000100000001 -4.0
runproj limit: -1.0
"timed out"
11001101001101000001010100001101010110000010100001101011011000110001101110 -4.0
runproj limit: -1.0
"timed out"
01010100000000100100000010000011100100110101010010000101001011100000000000 -4.0
runproj limit: -1.0
"timed out"
01101010000100110011000000111000000010000001110000000101110001000100001001 -4.0
runproj limit: -1.0
"timed out"
00010101000100110001010000010010100100000101110101000101100101010000010000 -4.0
runproj limit: -1.0
"timed out"
01101001000100000000100110000000110000010000100011100010011001010001100001 -4.0
runproj limit: -1.0
"timed out"
00001010000100110101000000111010100100000100001001000110001001000100001000 -4.0
runproj limit: -1.0
"timed out"
00011000000101000100000110000000000000110000110010101110000001000100001101 -4.0
runproj limit: -1.0
"timed out"
01001100001100000001010000100010011100011000010001011110000101010011001001 -4.0
runproj limit: -1.0
"timed out"
11100000000100110110110010100010000000100101101100010111100001010110110101 -4.0
runproj limit: -1.0
"timed out"
11100101100101000000000101110001010101111111110011000110110101110100010000 -4.0
runproj limit: -1.0
"timed out"
00100011000101110001011000111010000001000001011100000001111001000010110001 -4.0
runproj limit: -1.0
"timed out"
10111000010010011101010110101110000000110100100011000000000111000101001001 -4.0
runproj limit: -1.0
"timed out"
00100010100110001110000000101111000001011000101100000001000010010011100000 -4.0
runproj limit: -1.0
"timed out"
00100000000010000100010000000010010000100000100001000001000001010010100001 -4.0
runproj limit: -1.0
"timed out"
10010100000101000100000101000000000000100001000000101110000001110100000000 -4.0
runproj limit: -1.0
"timed out"
00000000000100110011010000000010000000000001100100010101000001010010010001 -4.0
runproj limit: -1.0
"timed out"
00000100000000100001000010100010100100100100010000000101000000000000001000 -4.0
runproj limit: -1.0
"timed out"
01000000001000000001000001000010000100000000010001000111000000000000001101 -4.0
runproj limit: -1.0
"timed out"
01000000001100001100000110000001000100010000010011000011010110100000000001 -4.0
best: 2.0
runproj limit: -1.0
"timed out"
00010100000100110001010010010010100100000100110101000101100101010000001000 -4.0
runproj limit: -1.0
"timed out"
00100111000100110001010000011010100101000101010101000101101001010000010000 -4.0
runproj limit: -1.0
"timed out"
00111011010010110001011010101010000001100101110011000000110011000001100001 -4.0
runproj limit: -1.0
"timed out"
11001011000101010011000000001100000010000011100001000011011001010100101111 -4.0
runproj limit: -1.0
"timed out"
00000100000010100001000000000010010000100000000001000001000001010010100000 -4.0
runproj limit: -1.0
"timed out"
00100000000011010100000110001100000000100000100001100000000111000100001001 -4.0
runproj limit: -1.0
"timed out"
00000000000000000001010000100010010100110000010001001100000001010010001001 -4.0
runproj limit: -1.0
"timed out"
11100100100000000000000101100001010101111000010001000111110101000000010100 -4.0
runproj limit: -1.0
"timed out"
10101001000001010100000010001010010000000000111101000101000001011110101011 -4.0
runproj limit: -1.0
"timed out"
11100010000101010110110010001100000000101100111000010111101001011100010110 -4.0
runproj limit: -1.0
"timed out"
01000100100100100100000010011110100100110001010000010101101001100000000001 -4.0
runproj limit: -1.0
"timed out"
10001010001110110100000110101111111100100111001000000010001001100110001100 -4.0
runproj limit: -1.0
"timed out"
11001101001111010111010101110101110000100110000101000101001110110011101111 -4.0
runproj limit: -1.0
"timed out"
01100000000101000000000101000001000000100001000000100001010001000100000001 -4.0
runproj limit: -1.0
"timed out"
11001101001101000001010100001101010110000010100001101011011000110001101110 -4.0
runproj limit: -1.0
"timed out"
01010100000000100100000010000011100100110101010010000101001011100000000000 -4.0
runproj limit: -1.0
"timed out"
01101010000100110011000000111000000010000001110000000101110001000100001001 -4.0
runproj limit: -1.0
"timed out"
00010101000100110001010000010010100100000101110101000101100101010000010000 -4.0
runproj limit: -1.0
"timed out"
01101001000100000000100110000000110000010000100011100010011001010001100001 -4.0
runproj limit: -1.0
"timed out"
00001010000100110101000000111010100100000100001001000110001001000100001000 -4.0
best: 2.0
runproj limit: -1.0
"timed out"
00100110000010010000000001100010010001101000010011000000110011000000000100 -4.0
runproj limit: -1.0
"timed out"
00001100000100110101000000010010000000000100000001000111000001010100000000 -4.0
runproj limit: -1.0
"timed out"
11000100000100010011010100110101100100100110110101000101000100010000101011 -4.0
runproj limit: -1.0
"timed out"
10000111000100110100010010100111101100100111100100000011001101100010000100 -4.0
runproj limit: -1.0
"timed out"
11001001000101000001010010001110010000000000100101100111001000011110101011 -4.0
runproj limit: -1.0
"timed out"
00010101000100110001010000100010010100110101010001001101000101010000011001 -4.0
runproj limit: -1.0
"timed out"
00000100000010100001000000000010010000100000000001000001000001010010100000 -4.0
runproj limit: -1.0
"timed out"
10101010001100000100000110101101111100000110000010000010011001000000001101 -4.0
runproj limit: -1.0
"timed out"
10101001000100100010111110010001101000011011001101010010010001010111111011 -4.0
runproj limit: -1.0
"timed out"
11000110000101111101111010011100010010101100111000110110111001001000011010 -4.0
runproj limit: -1.0
"timed out"
01100100100000101101010011101011100100111000011000110111100100000000100000 -4.0
runproj limit: -1.0
"timed out"
00011100111000101000000010100001100100000100010001000001100101110010001001 -4.0
runproj limit: -1.0
"timed out"
10101000010101000010110011001101010110101110011000100111110101101100010111 -4.0
runproj limit: -1.0
"timed out"
00010100000100110001010010010010100100000100110101000101100101010000001000 -4.0
runproj limit: -1.0
"timed out"
00100111000100110001010000011010100101000101010101000101101001010000010000 -4.0
runproj limit: -1.0
"timed out"
00111011010010110001011010101010000001100101110011000000110011000001100001 -4.0
runproj limit: -1.0
"timed out"
11001011000101010011000000001100000010000011100001000011011001010100101111 -4.0
runproj limit: -1.0
"timed out"
00000100000010100001000000000010010000100000000001000001000001010010100000 -4.0
runproj limit: -1.0
"timed out"
00100000000011010100000110001100000000100000100001100000000111000100001001 -4.0
runproj limit: -1.0
"timed out"
00000000000000000001010000100010010100110000010001001100000001010010001001 -4.0
best: 2.0
runproj limit: -1.0
"timed out"
11001101110000000000000010000101000110000010000001000011111101010010101001 -4.0
runproj limit: -1.0
"timed out"
00010000000000010001010000000010010100110000010001000100000001010000001000 -4.0
runproj limit: -1.0
"timed out"
01100110100000110001010010111010100101000001010001110111101100000000000000 -4.0
runproj limit: -1.0
"timed out"
00000100000011110100000010011100000100000000100101100101100111010100001001 -4.0
runproj limit: -1.0
"timed out"
11001100000101111101001010011110010000001100101000110110110001011100001010 -4.0
runproj limit: -1.0
"timed out"
00001000000100100000011010010001100100010101110101010100000101010100001011 -4.0
runproj limit: -1.0
"timed out"
01000100110000101000010010100001100100010000011000010001100100100010101000 -4.0
runproj limit: -1.0
"timed out"
00000111000100110001010000001010000100100100010101000100101001010010000000 -4.0
runproj limit: -1.0
"timed out"
00000111010000110101100000001100101101010111110101010101111001000011010000 -4.0
runproj limit: -1.0
"timed out"
10100101101000010001010000000010010011000101100000000111010001010010101001 -4.0
runproj limit: -1.0
"timed out"
00000010000011000010000000101101000000001100111010001001110100110000000010 -4.0
runproj limit: -1.0
"timed out"
00011011010010000100001000101100000101100100100010000000111011001001100001 -4.0
runproj limit: -1.0
"timed out"
00101010001001011101000110111111111110000010010000111010011000101011010101 -4.0
runproj limit: -1.0
"timed out"
00100110000010010000000001100010010001101000010011000000110011000000000100 -4.0
runproj limit: -1.0
"timed out"
00001100000100110101000000010010000000000100000001000111000001010100000000 -4.0
runproj limit: -1.0
"timed out"
11000100000100010011010100110101100100100110110101000101000100010000101011 -4.0
runproj limit: -1.0
"timed out"
10000111000100110100010010100111101100100111100100000011001101100010000100 -4.0
runproj limit: -1.0
"timed out"
11001001000101000001010010001110010000000000100101100111001000011110101011 -4.0
runproj limit: -1.0
"timed out"
00010101000100110001010000100010010100110101010001001101000101010000011001 -4.0
runproj limit: -1.0
"timed out"
00000100000010100001000000000010010000100000000001000001000001010010100000 -4.0
best: 2.0
runproj limit: -1.0
"timed out"
00001100000000100001000000000010000000000100000001000011000001010000100000 -4.0
runproj limit: -1.0
"timed out"
00101110000011110001000000010110010100000000000000110000010001100010010000 -4.0
runproj limit: -1.0
"timed out"
00000011000101110101010010001100001000010100110101100111011001000011100001 -4.0
runproj limit: -1.0
"timed out"
00001111000011010100000010011100000100100000100011100100111111000001001001 -4.0
runproj limit: -1.0
"timed out"
11100100000000111001000010011110110001000001010000110111100100000000001010 -4.0
runproj limit: -1.0
"timed out"
00000010000011010111000100101111010010001000110010111001011000111000000111 -4.0
runproj limit: -1.0
"timed out"
10000000000101000001000000101100000000000100110001000101101100011110100010 -4.0
runproj limit: -1.0
"timed out"
00010000000000010001010000000010010100110000010001000100000001010000001000 -4.0
runproj limit: -1.0
"timed out"
11000100010100101111010100100101101110011110010011000111011000111010011011 -4.0
runproj limit: -1.0
"timed out"
00011010000100110110010010101001011110110000001011001101110101110110011101 -4.0
runproj limit: -1.0
"timed out"
11000101110110110001011100000110110110101000110100010100001011100110100110 -4.0
runproj limit: -1.0
"timed out"
10000011111110110111101100111101111010010000110001010101110011000010010010 -4.0
runproj limit: -1.0
"timed out"
00000110000000101101100001111001010010101000000001100010010110010001101111 -4.0
runproj limit: -1.0
"timed out"
11001101110000000000000010000101000110000010000001000011111101010010101001 -4.0
runproj limit: -1.0
"timed out"
00010000000000010001010000000010010100110000010001000100000001010000001000 -4.0
runproj limit: -1.0
"timed out"
01100110100000110001010010111010100101000001010001110111101100000000000000 -4.0
runproj limit: -1.0
"timed out"
00000100000011110100000010011100000100000000100101100101100111010100001001 -4.0
runproj limit: -1.0
"timed out"
11001100000101111101001010011110010000001100101000110110110001011100001010 -4.0
runproj limit: -1.0
"timed out"
00001000000100100000011010010001100100010101110101010100000101010100001011 -4.0
runproj limit: -1.0
"timed out"
01000100110000101000010010100001100100010000011000010001100100100010101000 -4.0
best: 2.0
runproj limit: -1.0
"timed out"
11100000000000110001000000011110010000010000010001100110000100010000001010 -4.0
runproj limit: -1.0
"timed out"
10000011111110110111101100111101111010010000110001010101110011000010010010 -4.0
runproj limit: -1.0
"timed out"
10000001010110010011100000101100011010010000110001010101100011001110010010 -4.0
runproj limit: -1.0
"timed out"
00001111000011110100000010011100000100000000100011100100111111010100001001 -4.0
runproj limit: -1.0
"timed out"
00001100000101111001001010010110010000001100000001000010100001010000001000 -4.0
runproj limit: -1.0
"timed out"
11000100100010110001010100000010110100101001010000110100001101100100000110 -4.0
runproj limit: -1.0
"timed out"
10000010001111100101000000111101110010000000110001010101100101001010000010 -4.0
runproj limit: -1.0
"timed out"
01001101110000000000000010000001100100000000001000000001100101110010101000 -4.0
runproj limit: -1.0
"timed out"
01110110110101111000001010011110010100001001111000010100110101011100000010 -4.0
runproj limit: -1.0
"timed out"
00010011101001110101010010001110111010010100101111101111011011010011100001 -4.0
runproj limit: -1.0
"timed out"
00000010000010010101010000000011011110110010010001100100010011010010001001 -4.0
runproj limit: -1.0
"timed out"
01100100110110010001111011111011100100000101100011110101101101100110000001 -4.0
runproj limit: -1.0
"timed out"
00001111000110111110000001011110000100110000110000110100111001000010101001 -4.0
runproj limit: -1.0
"timed out"
00001100000000100001000000000010000000000100000001000011000001010000100000 -4.0
runproj limit: -1.0
"timed out"
00101110000011110001000000010110010100000000000000110000010001100010010000 -4.0
runproj limit: -1.0
"timed out"
00000011000101110101010010001100001000010100110101100111011001000011100001 -4.0
runproj limit: -1.0
"timed out"
00001111000011010100000010011100000100100000100011100100111111000001001001 -4.0
runproj limit: -1.0
"timed out"
11100100000000111001000010011110110001000001010000110111100100000000001010 -4.0
runproj limit: -1.0
"timed out"
00000010000011010111000100101111010010001000110010111001011000111000000111 -4.0
runproj limit: -1.0
"timed out"
10000000000101000001000000101100000000000100110001000101101100011110100010 -4.0
best: 2.0
runproj limit: -1.0
"timed out"
01000100000111010101011011011100100100100001100011110100101101100100001001 -4.0
runproj limit: -1.0
"timed out"
00010010001001100101000000011100111010010100110001101101000101000011000010 -4.0
runproj limit: -1.0
"timed out"
00010011111101110111010100101101111010010100100101000101011011010011110010 -4.0
runproj limit: -1.0
"timed out"
10000010000101100101010010011101011010000100110101110101101101001010100010 -4.0
runproj limit: -1.0
"timed out"
00001111000010111110000001011100000100110000100000100100111001000001101001 -4.0
runproj limit: -1.0
"timed out"
00000011111110110101011110001101111010010100100111100111011011010010000001 -4.0
runproj limit: -1.0
"timed out"
11100110110100110000011010000110010100101001010000010100011101000100000010 -4.0
runproj limit: -1.0
"timed out"
00001110000111111000001000011110010000101000110000000100100001000010101001 -4.0
runproj limit: -1.0
"timed out"
10001000100010011011001110010011010100101001011001110001000101000100100110 -4.0
runproj limit: -1.0
"timed out"
01111110110101110000101010011110010100001011111000010100101101011100101110 -4.0
runproj limit: -1.0
"timed out"
10000110001100000111001100010000010010000000111001110100101101011001000010 -4.0
runproj limit: -1.0
"timed out"
10100011000111110110000010111110010011110011110010111001111010011001001111 -4.0
runproj limit: -1.0
"timed out"
10001011011011110100011000000100001110101111100001100010011100101001101001 -4.0
runproj limit: -1.0
"timed out"
11100000000000110001000000011110010000010000010001100110000100010000001010 -4.0
runproj limit: -1.0
"timed out"
10000011111110110111101100111101111010010000110001010101110011000010010010 -4.0
runproj limit: -1.0
"timed out"
10000001010110010011100000101100011010010000110001010101100011001110010010 -4.0
runproj limit: -1.0
"timed out"
00001111000011110100000010011100000100000000100011100100111111010100001001 -4.0
runproj limit: -1.0
"timed out"
00001100000101111001001010010110010000001100000001000010100001010000001000 -4.0
runproj limit: -1.0
"timed out"
11000100100010110001010100000010110100101001010000110100001101100100000110 -4.0
runproj limit: -1.0
"timed out"
10000010001111100101000000111101110010000000110001010101100101001010000010 -4.0
best: 2.0
runproj limit: -1.0
"timed out"
10000011000111100110000010011111011011100001110100111001111001011001100011 -4.0
runproj limit: -1.0
"timed out"
00000011111101110111011110101101111010010100100111100101011011010011100010 -4.0
runproj limit: -1.0
"timed out"
00010010000001110111010000011100011010010000110101100101010111010001001010 -4.0
runproj limit: -1.0
"timed out"
01110110110100110000011010010110010100101011011000010100011101000100001110 -4.0
runproj limit: -1.0
"timed out"
11000100000111100101011011111101110100000001100001010100100101100110000001 -4.0
runproj limit: -1.0
"timed out"
10101000000010111001000110010110010100110000010001100010000100000000101110 -4.0
runproj limit: -1.0
"timed out"
10100011000111110110000010111110010011110011110010111001111010011001001111 -4.0
runproj limit: -1.0
"timed out"
00000101000110110001101000011100010000011100000001010011100001000000010000 -4.0
runproj limit: -1.0
"timed out"
00110111111110110101001100101001111010011111100111000110011001010010011001 -4.0
runproj limit: -1.0
"timed out"
10001101010000110000000011111100000001000000101101101100101111000100001001 -4.0
runproj limit: -1.0
"timed out"
10100000000010011011101111000011010110011000011001010000000001100100101110 -4.0
runproj limit: -1.0
"timed out"
00101011000101110110100011010000010001011000100011111110101011110111011000 -4.0
runproj limit: -1.0
"timed out"
00110100111101001000111011010110011100111100010000010100010101010100100101 -4.0
runproj limit: -1.0
"timed out"
01000100000111010101011011011100100100100001100011110100101101100100001001 -4.0
runproj limit: -1.0
"timed out"
00010010001001100101000000011100111010010100110001101101000101000011000010 -4.0
runproj limit: -1.0
"timed out"
00010011111101110111010100101101111010010100100101000101011011010011110010 -4.0
runproj limit: -1.0
"timed out"
10000010000101100101010010011101011010000100110101110101101101001010100010 -4.0
runproj limit: -1.0
"timed out"
00001111000010111110000001011100000100110000100000100100111001000001101001 -4.0
runproj limit: -1.0
"timed out"
00000011111110110101011110001101111010010100100111100111011011010010000001 -4.0
runproj limit: -1.0
"timed out"
11100110110100110000011010000110010100101001010000010100011101000100000010 -4.0
best: 2.0
done evolving!
"all is well:)"
>>>>>>>>>>>>>>FINISH OPTIMIZATION>>>>>>>>>>>>>>>
627.27user 342.84system 33:04.30elapsed 48%CPU (0avgtext+0avgdata 124156maxresident)k
0inputs+1255360outputs (0major+61234758minor)pagefaults 0swaps
