Optimizing /data/dan/nofib/shootout/pidigits
>>>>>>>>>>>>>>>START OPTIMIZATION>>>>>>>>>>>>>>>
pop: 13
gens: 15
arch: 7
limit is: -1.0
runproj limit: -1.0
"timed out"
"All is well :D"
Basetime is: -2.0
runproj limit: -1.0
"timed out"
01000000000000000000100000 -4.0
runproj limit: -1.0
"timed out"
00100000001000000001000000 -4.0
runproj limit: -1.0
"timed out"
00000000000100000010000010 -4.0
runproj limit: -1.0
"timed out"
00000000000100000010000010 -4.0
runproj limit: -1.0
"timed out"
00000000000000000000000000 -4.0
runproj limit: -1.0
"timed out"
00100000100100000000000100 -4.0
runproj limit: -1.0
"timed out"
00000000000000000000000000 -4.0
runproj limit: -1.0
"timed out"
01000000000011000000001000 -4.0
runproj limit: -1.0
"timed out"
00000000000000000000000000 -4.0
runproj limit: -1.0
"timed out"
00000000000000000000000000 -4.0
runproj limit: -1.0
"timed out"
00000000000000000000000000 -4.0
runproj limit: -1.0
"timed out"
00001000000010000000000100 -4.0
runproj limit: -1.0
"timed out"
00000000000000000000000000 -4.0
best: 2.0
runproj limit: -1.0
"timed out"
00000000000000000010000000 -4.0
runproj limit: -1.0
"timed out"
00000000000100000000000010 -4.0
runproj limit: -1.0
"timed out"
01100000100100000000000100 -4.0
runproj limit: -1.0
"timed out"
00000000000000000000000000 -4.0
runproj limit: -1.0
"timed out"
00100000000000000001000000 -4.0
runproj limit: -1.0
"timed out"
00000000000000000000000000 -4.0
runproj limit: -1.0
"timed out"
01000000000000000000000000 -4.0
runproj limit: -1.0
"timed out"
00000000000000000000000000 -4.0
runproj limit: -1.0
"timed out"
00100000001111001001000110 -4.0
runproj limit: -1.0
"timed out"
00000100000010010110011000 -4.0
runproj limit: -1.0
"timed out"
00001100110001100111100001 -4.0
runproj limit: -1.0
"timed out"
01100100000110000101001100 -4.0
runproj limit: -1.0
"timed out"
01100101001100000110000010 -4.0
runproj limit: -1.0
"timed out"
01000000000000000000100000 -4.0
runproj limit: -1.0
"timed out"
00100000001000000001000000 -4.0
runproj limit: -1.0
"timed out"
00000000000100000010000010 -4.0
runproj limit: -1.0
"timed out"
00000000000000000000000000 -4.0
runproj limit: -1.0
"timed out"
00100000100100000000000100 -4.0
runproj limit: -1.0
"timed out"
01000000000011000000001000 -4.0
runproj limit: -1.0
"timed out"
00001000000010000000000100 -4.0
best: 2.0
runproj limit: -1.0
"timed out"
00100000000000000000000000 -4.0
runproj limit: -1.0
"timed out"
01100000000100000000000100 -4.0
runproj limit: -1.0
"timed out"
00000100100000100111000001 -4.0
runproj limit: -1.0
"timed out"
00100000000000000001000000 -4.0
runproj limit: -1.0
"timed out"
01000000100100000000100100 -4.0
runproj limit: -1.0
"timed out"
00000000000000000000000000 -4.0
runproj limit: -1.0
"timed out"
00000000001101000001000010 -4.0
runproj limit: -1.0
"timed out"
00100100000010000101001100 -4.0
runproj limit: -1.0
"timed out"
01000000000011100001011001 -4.0
runproj limit: -1.0
"timed out"
01010000000100000100000000 -4.0
runproj limit: -1.0
"timed out"
11110100000011110101101100 -4.0
runproj limit: -1.0
"timed out"
01010100010001011101101110 -4.0
runproj limit: -1.0
"timed out"
00110100001110010001011111 -4.0
runproj limit: -1.0
"timed out"
00000000000000000010000000 -4.0
runproj limit: -1.0
"timed out"
00000000000100000000000010 -4.0
runproj limit: -1.0
"timed out"
01100000100100000000000100 -4.0
runproj limit: -1.0
"timed out"
00000000000000000000000000 -4.0
runproj limit: -1.0
"timed out"
00100000000000000001000000 -4.0
runproj limit: -1.0
"timed out"
01000000000000000000000000 -4.0
runproj limit: -1.0
"timed out"
00100000001111001001000110 -4.0
best: 2.0
runproj limit: -1.0
"timed out"
01010000000110100101000001 -4.0
runproj limit: -1.0
"timed out"
00100000000110000001000010 -4.0
runproj limit: -1.0
"timed out"
00000100100000000101000000 -4.0
runproj limit: -1.0
"timed out"
00000000000000100011000000 -4.0
runproj limit: -1.0
"timed out"
00000000000101000101000010 -4.0
runproj limit: -1.0
"timed out"
00100000001101000000000010 -4.0
runproj limit: -1.0
"timed out"
01000000100100000000000100 -4.0
runproj limit: -1.0
"timed out"
00100000000000000001000000 -4.0
runproj limit: -1.0
"timed out"
00000000001101000001000010 -4.0
runproj limit: -1.0
"timed out"
01101000000010000000010000 -4.0
runproj limit: -1.0
"timed out"
01100100110001111011000001 -4.0
runproj limit: -1.0
"timed out"
11100101000011100101110101 -4.0
runproj limit: -1.0
"timed out"
01000100000000001001101011 -4.0
runproj limit: -1.0
"timed out"
00100000000000000000000000 -4.0
runproj limit: -1.0
"timed out"
01100000000100000000000100 -4.0
runproj limit: -1.0
"timed out"
00000100100000100111000001 -4.0
runproj limit: -1.0
"timed out"
00100000000000000001000000 -4.0
runproj limit: -1.0
"timed out"
01000000100100000000100100 -4.0
runproj limit: -1.0
"timed out"
00000000000000000000000000 -4.0
runproj limit: -1.0
"timed out"
00000000001101000001000010 -4.0
best: 2.0
runproj limit: -1.0
"timed out"
00000100100100000101000010 -4.0
runproj limit: -1.0
"timed out"
01000000001100000000000110 -4.0
runproj limit: -1.0
"timed out"
01100100000000000001000001 -4.0
runproj limit: -1.0
"timed out"
00100000000101000001000000 -4.0
runproj limit: -1.0
"timed out"
00000000000001000001000010 -4.0
runproj limit: -1.0
"timed out"
01100000000100000000000100 -4.0
runproj limit: -1.0
"timed out"
11110100000110100101010001 -4.0
runproj limit: -1.0
"timed out"
00100000000110100011000000 -4.0
runproj limit: -1.0
"timed out"
01110010001111000110010000 -4.0
runproj limit: -1.0
"timed out"
00110000110100010000010100 -4.0
runproj limit: -1.0
"timed out"
01101001000100000000101001 -4.0
runproj limit: -1.0
"timed out"
10000101101100001101100010 -4.0
runproj limit: -1.0
"timed out"
00010000000110100001111001 -4.0
runproj limit: -1.0
"timed out"
01010000000110100101000001 -4.0
runproj limit: -1.0
"timed out"
00100000000110000001000010 -4.0
runproj limit: -1.0
"timed out"
00000100100000000101000000 -4.0
runproj limit: -1.0
"timed out"
00000000000000100011000000 -4.0
runproj limit: -1.0
"timed out"
00000000000101000101000010 -4.0
runproj limit: -1.0
"timed out"
00100000001101000000000010 -4.0
runproj limit: -1.0
"timed out"
01000000100100000000000100 -4.0
best: 2.0
runproj limit: -1.0
"timed out"
10110000100100001100000110 -4.0
runproj limit: -1.0
"timed out"
00100000000000100001000010 -4.0
runproj limit: -1.0
"timed out"
00000000100110000000000100 -4.0
runproj limit: -1.0
"timed out"
01000000000101000000000100 -4.0
runproj limit: -1.0
"timed out"
01100000000100000000000100 -4.0
runproj limit: -1.0
"timed out"
01100000000100100011000000 -4.0
runproj limit: -1.0
"timed out"
10010100100100100101000010 -4.0
runproj limit: -1.0
"timed out"
01100101100100000001000100 -4.0
runproj limit: -1.0
"timed out"
00000000001111000001010000 -4.0
runproj limit: -1.0
"timed out"
00110001101100001101000010 -4.0
runproj limit: -1.0
"timed out"
10110110101100001110010010 -4.0
runproj limit: -1.0
"timed out"
00110000100100110011000000 -4.0
runproj limit: -1.0
"timed out"
00100100001111110100010010 -4.0
runproj limit: -1.0
"timed out"
00000100100100000101000010 -4.0
runproj limit: -1.0
"timed out"
01000000001100000000000110 -4.0
runproj limit: -1.0
"timed out"
01100100000000000001000001 -4.0
runproj limit: -1.0
"timed out"
00100000000101000001000000 -4.0
runproj limit: -1.0
"timed out"
00000000000001000001000010 -4.0
runproj limit: -1.0
"timed out"
01100000000100000000000100 -4.0
runproj limit: -1.0
"timed out"
11110100000110100101010001 -4.0
best: 2.0
runproj limit: -1.0
"timed out"
00100010100100001110000000 -4.0
runproj limit: -1.0
"timed out"
00100000000111000100010000 -4.0
runproj limit: -1.0
"timed out"
10010100000101000100000100 -4.0
runproj limit: -1.0
"timed out"
00100000000100110011010000 -4.0
runproj limit: -1.0
"timed out"
00100100000000100001000010 -4.0
runproj limit: -1.0
"timed out"
01000000001000000001000001 -4.0
runproj limit: -1.0
"timed out"
00000000001100001100000110 -4.0
runproj limit: -1.0
"timed out"
01100001100100000001000100 -4.0
runproj limit: -1.0
"timed out"
00010100000110101000100101 -4.0
runproj limit: -1.0
"timed out"
01011111000011110101000000 -4.0
runproj limit: -1.0
"timed out"
00011000001111000101010100 -4.0
runproj limit: -1.0
"timed out"
11001000011101000000100111 -4.0
runproj limit: -1.0
"timed out"
01100101101101000001010001 -4.0
runproj limit: -1.0
"timed out"
10110000100100001100000110 -4.0
runproj limit: -1.0
"timed out"
00100000000000100001000010 -4.0
runproj limit: -1.0
"timed out"
00000000100110000000000100 -4.0
runproj limit: -1.0
"timed out"
01000000000101000000000100 -4.0
runproj limit: -1.0
"timed out"
01100000000100000000000100 -4.0
runproj limit: -1.0
"timed out"
01100000000100100011000000 -4.0
runproj limit: -1.0
"timed out"
10010100100100100101000010 -4.0
best: 2.0
runproj limit: -1.0
"timed out"
01100000000101000000000100 -4.0
runproj limit: -1.0
"timed out"
11001101001101000001010101 -4.0
runproj limit: -1.0
"timed out"
00110100000000100100000010 -4.0
runproj limit: -1.0
"timed out"
01001010000100110011000000 -4.0
runproj limit: -1.0
"timed out"
01110101000100110001010000 -4.0
runproj limit: -1.0
"timed out"
01101001000100000000100111 -4.0
runproj limit: -1.0
"timed out"
01101010000000110101000000 -4.0
runproj limit: -1.0
"timed out"
00011000001101000100000100 -4.0
runproj limit: -1.0
"timed out"
01001100001100000001010000 -4.0
runproj limit: -1.0
"timed out"
11000000000100110110110010 -4.0
runproj limit: -1.0
"timed out"
11100101100101000000000100 -4.0
runproj limit: -1.0
"timed out"
00000011000101110001011000 -4.0
runproj limit: -1.0
"timed out"
10011000011111011101010100 -4.0
runproj limit: -1.0
"timed out"
00100010100100001110000000 -4.0
runproj limit: -1.0
"timed out"
00100000000111000100010000 -4.0
runproj limit: -1.0
"timed out"
10010100000101000100000100 -4.0
runproj limit: -1.0
"timed out"
00100000000100110011010000 -4.0
runproj limit: -1.0
"timed out"
00100100000000100001000010 -4.0
runproj limit: -1.0
"timed out"
01000000001000000001000001 -4.0
runproj limit: -1.0
"timed out"
00000000001100001100000110 -4.0
best: 2.0
runproj limit: -1.0
"timed out"
00110100000100110001010010 -4.0
runproj limit: -1.0
"timed out"
00000111000100110001010000 -4.0
runproj limit: -1.0
"timed out"
00011011010111110001011000 -4.0
runproj limit: -1.0
"timed out"
11001011000101010011000000 -4.0
runproj limit: -1.0
"timed out"
00100100000111100001000000 -4.0
runproj limit: -1.0
"timed out"
00000000000111010100000100 -4.0
runproj limit: -1.0
"timed out"
00000000000101000001010000 -4.0
runproj limit: -1.0
"timed out"
11100100100000000000000100 -4.0
runproj limit: -1.0
"timed out"
10101001000100010100000010 -4.0
runproj limit: -1.0
"timed out"
11000010000101010110110010 -4.0
runproj limit: -1.0
"timed out"
00100100100100100100000010 -4.0
runproj limit: -1.0
"timed out"
11101010001010110100000110 -4.0
runproj limit: -1.0
"timed out"
11001101001111010111010100 -4.0
runproj limit: -1.0
"timed out"
01100000000101000000000100 -4.0
runproj limit: -1.0
"timed out"
11001101001101000001010101 -4.0
runproj limit: -1.0
"timed out"
00110100000000100100000010 -4.0
runproj limit: -1.0
"timed out"
01001010000100110011000000 -4.0
runproj limit: -1.0
"timed out"
01110101000100110001010000 -4.0
runproj limit: -1.0
"timed out"
01101001000100000000100111 -4.0
runproj limit: -1.0
"timed out"
01101010000000110101000000 -4.0
best: 2.0
runproj limit: -1.0
"timed out"
00100110000110010000000000 -4.0
runproj limit: -1.0
"timed out"
01101100000000110101000000 -4.0
runproj limit: -1.0
"timed out"
11000100000100010011010100 -4.0
runproj limit: -1.0
"timed out"
11100111000100110100010010 -4.0
runproj limit: -1.0
"timed out"
11001001000101000001010010 -4.0
runproj limit: -1.0
"timed out"
00110101000100110001010000 -4.0
runproj limit: -1.0
"timed out"
00100100000111100001000000 -4.0
runproj limit: -1.0
"timed out"
11101010001000000100000110 -4.0
runproj limit: -1.0
"timed out"
10101001000100100010111111 -4.0
runproj limit: -1.0
"timed out"
11100110000101111101111010 -4.0
runproj limit: -1.0
"timed out"
00000100100000101101010011 -4.0
runproj limit: -1.0
"timed out"
00111100111101101000000010 -4.0
runproj limit: -1.0
"timed out"
10001000010101000010110011 -4.0
runproj limit: -1.0
"timed out"
00110100000100110001010010 -4.0
runproj limit: -1.0
"timed out"
00000111000100110001010000 -4.0
runproj limit: -1.0
"timed out"
00011011010111110001011000 -4.0
runproj limit: -1.0
"timed out"
11001011000101010011000000 -4.0
runproj limit: -1.0
"timed out"
00100100000111100001000000 -4.0
runproj limit: -1.0
"timed out"
00000000000111010100000100 -4.0
runproj limit: -1.0
"timed out"
00000000000101000001010000 -4.0
best: 2.0
runproj limit: -1.0
"timed out"
11001101110101000000000010 -4.0
runproj limit: -1.0
"timed out"
00110000000100010001010000 -4.0
runproj limit: -1.0
"timed out"
00000110100000110001010010 -4.0
runproj limit: -1.0
"timed out"
00100100000111110100000000 -4.0
runproj limit: -1.0
"timed out"
11101100000001111101001010 -4.0
runproj limit: -1.0
"timed out"
00101000000100100000011011 -4.0
runproj limit: -1.0
"timed out"
00100100110100101000010010 -4.0
runproj limit: -1.0
"timed out"
00000111000101110001010000 -4.0
runproj limit: -1.0
"timed out"
00100111010000110101100000 -4.0
runproj limit: -1.0
"timed out"
10000101101101010001010000 -4.0
runproj limit: -1.0
"timed out"
00000010000111000010000001 -4.0
runproj limit: -1.0
"timed out"
00111011010111000100001010 -4.0
runproj limit: -1.0
"timed out"
01101010001101011101000110 -4.0
runproj limit: -1.0
"timed out"
00100110000110010000000000 -4.0
runproj limit: -1.0
"timed out"
01101100000000110101000000 -4.0
runproj limit: -1.0
"timed out"
11000100000100010011010100 -4.0
runproj limit: -1.0
"timed out"
11100111000100110100010010 -4.0
runproj limit: -1.0
"timed out"
11001001000101000001010010 -4.0
runproj limit: -1.0
"timed out"
00110101000100110001010000 -4.0
runproj limit: -1.0
"timed out"
00100100000111100001000000 -4.0
best: 2.0
runproj limit: -1.0
"timed out"
00101100000101100001000000 -4.0
runproj limit: -1.0
"timed out"
00101110000111110001000000 -4.0
runproj limit: -1.0
"timed out"
00000011000101110101010010 -4.0
runproj limit: -1.0
"timed out"
00101111000111010100000000 -4.0
runproj limit: -1.0
"timed out"
11000100000000111001000010 -4.0
runproj limit: -1.0
"timed out"
01000010000111010111000100 -4.0
runproj limit: -1.0
"timed out"
10000000000101000001000001 -4.0
runproj limit: -1.0
"timed out"
00110000000100010001010000 -4.0
runproj limit: -1.0
"timed out"
11000100010100101111010100 -4.0
runproj limit: -1.0
"timed out"
00111010000100110110010010 -4.0
runproj limit: -1.0
"timed out"
11000101110111110001011100 -4.0
runproj limit: -1.0
"timed out"
10100011111110110111101100 -4.0
runproj limit: -1.0
"timed out"
00100110000101101101100001 -4.0
runproj limit: -1.0
"timed out"
11001101110101000000000010 -4.0
runproj limit: -1.0
"timed out"
00110000000100010001010000 -4.0
runproj limit: -1.0
"timed out"
00000110100000110001010010 -4.0
runproj limit: -1.0
"timed out"
00100100000111110100000000 -4.0
runproj limit: -1.0
"timed out"
11101100000001111101001010 -4.0
runproj limit: -1.0
"timed out"
00101000000100100000011011 -4.0
runproj limit: -1.0
"timed out"
00100100110100101000010010 -4.0
best: 2.0
runproj limit: -1.0
"timed out"
11000000000000110001000000 -4.0
runproj limit: -1.0
"timed out"
10100011111110110111101100 -4.0
runproj limit: -1.0
"timed out"
10000001010110010011100001 -4.0
runproj limit: -1.0
"timed out"
00101111000111110100000000 -4.0
runproj limit: -1.0
"timed out"
00101100000001111001001010 -4.0
runproj limit: -1.0
"timed out"
10000100100010110001010100 -4.0
runproj limit: -1.0
"timed out"
10100010001111100101000000 -4.0
runproj limit: -1.0
"timed out"
01001101110100000000000010 -4.0
runproj limit: -1.0
"timed out"
01010110110001111000001010 -4.0
runproj limit: -1.0
"timed out"
00010011101001110101010010 -4.0
runproj limit: -1.0
"timed out"
00100010000110010101010000 -4.0
runproj limit: -1.0
"timed out"
00000100110110010001111011 -4.0
runproj limit: -1.0
"timed out"
00101111000010111110000011 -4.0
runproj limit: -1.0
"timed out"
00101100000101100001000000 -4.0
runproj limit: -1.0
"timed out"
00101110000111110001000000 -4.0
runproj limit: -1.0
"timed out"
00000011000101110101010010 -4.0
runproj limit: -1.0
"timed out"
00101111000111010100000000 -4.0
runproj limit: -1.0
"timed out"
11000100000000111001000010 -4.0
runproj limit: -1.0
"timed out"
01000010000111010111000100 -4.0
runproj limit: -1.0
"timed out"
10000000000101000001000001 -4.0
best: 2.0
runproj limit: -1.0
"timed out"
00100100000111010101011001 -4.0
runproj limit: -1.0
"timed out"
00110010001001100101000000 -4.0
runproj limit: -1.0
"timed out"
00110011111101110111010100 -4.0
runproj limit: -1.0
"timed out"
10100010000101100101010010 -4.0
runproj limit: -1.0
"timed out"
00101111000110111110000011 -4.0
runproj limit: -1.0
"timed out"
00000011111110110101011110 -4.0
runproj limit: -1.0
"timed out"
11000110110000110000011010 -4.0
runproj limit: -1.0
"timed out"
00101110000011111000001010 -4.0
runproj limit: -1.0
"timed out"
11001000100010011011001110 -4.0
runproj limit: -1.0
"timed out"
01011110110001110000101010 -4.0
runproj limit: -1.0
"timed out"
10100110001100000111001100 -4.0
runproj limit: -1.0
"timed out"
11100011000011110110000010 -4.0
runproj limit: -1.0
"timed out"
10101011011111110100011010 -4.0
runproj limit: -1.0
"timed out"
11000000000000110001000000 -4.0
runproj limit: -1.0
"timed out"
10100011111110110111101100 -4.0
runproj limit: -1.0
"timed out"
10000001010110010011100001 -4.0
runproj limit: -1.0
"timed out"
00101111000111110100000000 -4.0
runproj limit: -1.0
"timed out"
00101100000001111001001010 -4.0
runproj limit: -1.0
"timed out"
10000100100010110001010100 -4.0
runproj limit: -1.0
"timed out"
10100010001111100101000000 -4.0
best: 2.0
runproj limit: -1.0
"timed out"
10100011000111100110000010 -4.0
runproj limit: -1.0
"timed out"
00000011111101110111011110 -4.0
runproj limit: -1.0
"timed out"
00110010000001110111010000 -4.0
runproj limit: -1.0
"timed out"
01010110110000110000011010 -4.0
runproj limit: -1.0
"timed out"
10100100000111100101011001 -4.0
runproj limit: -1.0
"timed out"
11001000000010111001000110 -4.0
runproj limit: -1.0
"timed out"
11100011000011110110000010 -4.0
runproj limit: -1.0
"timed out"
00000101000010110001101001 -4.0
runproj limit: -1.0
"timed out"
00110111111110110101001100 -4.0
runproj limit: -1.0
"timed out"
10101101010100110000000001 -4.0
runproj limit: -1.0
"timed out"
11100000000010011011101111 -4.0
runproj limit: -1.0
"timed out"
00001011000001110110100001 -4.0
runproj limit: -1.0
"timed out"
00010100111001001000111011 -4.0
runproj limit: -1.0
"timed out"
00100100000111010101011001 -4.0
runproj limit: -1.0
"timed out"
00110010001001100101000000 -4.0
runproj limit: -1.0
"timed out"
00110011111101110111010100 -4.0
runproj limit: -1.0
"timed out"
10100010000101100101010010 -4.0
runproj limit: -1.0
"timed out"
00101111000110111110000011 -4.0
runproj limit: -1.0
"timed out"
00000011111110110101011110 -4.0
runproj limit: -1.0
"timed out"
11000110110000110000011010 -4.0
best: 2.0
done evolving!
"all is well:)"
>>>>>>>>>>>>>>FINISH OPTIMIZATION>>>>>>>>>>>>>>>
498.85user 335.30system 18:41.15elapsed 74%CPU (0avgtext+0avgdata 136236maxresident)k
0inputs+1389616outputs (1major+62255225minor)pagefaults 0swaps
