Optimizing /data/dan/nofib/spectral/treejoin
>>>>>>>>>>>>>>>START OPTIMIZATION>>>>>>>>>>>>>>>
pop: 13
gens: 15
arch: 7
limit is: -1.0
runproj limit: -1.0
"timed out"
"All is well :D"
Basetime is: -2.0
runproj limit: -1.0
"timed out"
0100000000000000000010000000000000000000000010000000001000000000101000000010011000000000000000000000000000000100000000 -4.0
runproj limit: -1.0
"timed out"
0000000000000000000000000000000000000000000000000000000000000000000000000000000000000000000000000000000000000000000000 -4.0
runproj limit: -1.0
"timed out"
0000000000000000000000000000000000000000000000000000000000000000000000000000000000000000000000000000000000000000000000 -4.0
runproj limit: -1.0
"timed out"
0000000000010000001000001010000000001010010000000001000000000110000000001000000000000000000000000001000001000000000000 -4.0
runproj limit: -1.0
"timed out"
0000000000000000000000000000000000000000000000000000000000000000000000000000000000000000000000000000000000000000000000 -4.0
runproj limit: -1.0
"timed out"
0010000010010000000000010000100000000000000000001000000000000000110000000100000000001000000000010100000000000001000001 -4.0
runproj limit: -1.0
"timed out"
1000000000000000000000000011000101010000100000010000000100000100000010100000000000000101000000000000000011000000100000 -4.0
runproj limit: -1.0
"timed out"
0100000000001100000000100000000000000000000000100000010000001010000000000000000000010011000010000100000001000000001010 -4.0
runproj limit: -1.0
"timed out"
0000100000000000000000100000100000000000000000000100000100000000100000100100000000000000000100000000000000010100000100 -4.0
runproj limit: -1.0
"timed out"
0010000000000000000000001000000000110000100000000001000000000000010000000000000000000000010000000000100000000000000000 -4.0
runproj limit: -1.0
"timed out"
0000010000000000100000000000000000001010000000000000000000001011000000000000100000111100000010000000010000001000000000 -4.0
runproj limit: -1.0
"timed out"
0000100000001000000000010000000100000000001000000000000000000000010000001000000000000000000000000000010000100000000000 -4.0
runproj limit: -1.0
"timed out"
0000000000000000000000000000000000000000000000000000000000000000000000000000000000000000000000000000000000000000000000 -4.0
best: 2.0
runproj limit: -1.0
"timed out"
0000000000000000000000000000000000000000000000000000000000000000000000000000000000000000000000000000000000000000000000 -4.0
runproj limit: -1.0
"timed out"
0000000000000000000000000000000100000000000000000000000000000000000010100000000000000101000000000000000001000000000000 -4.0
runproj limit: -1.0
"timed out"
0110000010010000000000010000000000000000000000000000000000000000100000000100011000001000000000000000000000000100000001 -4.0
runproj limit: -1.0
"timed out"
0000000000000000000000000000000000000000000000000100000000000000000000100000000000000000000100000000000000000000000100 -4.0
runproj limit: -1.0
"timed out"
1000000000000000000000000011000100010000100000000000000000000100000000100000000000000101000000000000000011000000000000 -4.0
runproj limit: -1.0
"timed out"
1000100000000000000000100001100101010000000000010100000100000100100010100000000000000000000100000000000001010000100000 -4.0
runproj limit: -1.0
"timed out"
0100000000000000100000000000000000001010000000000000010000001010000000000000000000110010000010000100010000000000001000 -4.0
runproj limit: -1.0
"timed out"
1000000000000000000000000001000001010000100000010000000000000000000010100000000000000100000000000000000010000000000000 -4.0
runproj limit: -1.0
"timed out"
0000000000011100100000011000001000000010000001000100011100101000000010001100010000000011000100001000100010001000010000 -4.0
runproj limit: -1.0
"timed out"
0000010000001001011001100000000101111000000101010100000000010000000000000000000000011010100010100000000100000010000100 -4.0
runproj limit: -1.0
"timed out"
0000110011000110011110000101000000010010000011000000101100100000101000100000011000101010000100100101100100100100000000 -4.0
runproj limit: -1.0
"timed out"
0110010000011000010100110001000010000000000000000101010001000110110000010100001000101100000101010110100000111101000100 -4.0
runproj limit: -1.0
"timed out"
0110010100100000010000000001000000100010000001011111110000000000000000010000000000000001000101111001100001000000001000 -4.0
runproj limit: -1.0
"timed out"
0100000000000000000010000000000000000000000010000000001000000000101000000010011000000000000000000000000000000100000000 -4.0
runproj limit: -1.0
"timed out"
0000000000000000000000000000000000000000000000000000000000000000000000000000000000000000000000000000000000000000000000 -4.0
runproj limit: -1.0
"timed out"
0000000000010000001000001010000000001010010000000001000000000110000000001000000000000000000000000001000001000000000000 -4.0
runproj limit: -1.0
"timed out"
0010000010010000000000010000100000000000000000001000000000000000110000000100000000001000000000010100000000000001000001 -4.0
runproj limit: -1.0
"timed out"
1000000000000000000000000011000101010000100000010000000100000100000010100000000000000101000000000000000011000000100000 -4.0
runproj limit: -1.0
"timed out"
0100000000001100000000100000000000000000000000100000010000001010000000000000000000010011000010000100000001000000001010 -4.0
runproj limit: -1.0
"timed out"
0000100000000000000000100000100000000000000000000100000100000000100000100100000000000000000100000000000000010100000100 -4.0
best: 2.0
runproj limit: -1.0
"timed out"
0000000000000000000000000001000000011000000000000000010000001110000000100000000000000111000000000100000011000000001000 -4.0
runproj limit: -1.0
"timed out"
0110000000010000000000010000000010000000000000000100010001000100100000010100011000001000000001010110100000101101000000 -4.0
runproj limit: -1.0
"timed out"
0000010010010010011100010100000000010010000011000000000000100000101000000100000000001000000100000101100100100101000000 -4.0
runproj limit: -1.0
"timed out"
0000000000000000000000000000000000000000100000000000000000000000000000100000000000000100000000000000000001000000000000 -4.0
runproj limit: -1.0
"timed out"
0100000010010000000010010000000000000000000010000000000000000000101000000100011000000000000000000000000000000100000000 -4.0
runproj limit: -1.0
"timed out"
0010000000000000000000010000000000000000000000000100000000000000010000100000000000000000000100000100000000000000000100 -4.0
runproj limit: -1.0
"timed out"
0000000000010100000000001000000000000010000000000000011100000000000000000000010000000000000100000000000000001000010000 -4.0
runproj limit: -1.0
"timed out"
0010010000001000010100110001000100001000000001000101010001000000000000000000001000011010000010100010100000000001000100 -4.0
runproj limit: -1.0
"timed out"
0100000000001110000101100100001000000001001110111000010100101010000000110101101100010001000010001100011101110110011000 -4.0
runproj limit: -1.0
"timed out"
0101000000010000010000000001000100000010000011100000000000100110111100010110011101000100000000101101000100010100101000 -4.0
runproj limit: -1.0
"timed out"
1111010000001111010110110001011010000011000100100001110110001100011010000100001110110110100100010010101000001100001110 -4.0
runproj limit: -1.0
"timed out"
0101010001000101110110111001000011111010000101000001000011000010110000111100001000011000000101100001101001101001000110 -4.0
runproj limit: -1.0
"timed out"
0001010000011001000001111100110001101110010101000100111110101001000111001010001001000011010100101010010111101001010100 -4.0
runproj limit: -1.0
"timed out"
0000000000000000000000000000000000000000000000000000000000000000000000000000000000000000000000000000000000000000000000 -4.0
runproj limit: -1.0
"timed out"
0000000000000000000000000000000100000000000000000000000000000000000010100000000000000101000000000000000001000000000000 -4.0
runproj limit: -1.0
"timed out"
0110000010010000000000010000000000000000000000000000000000000000100000000100011000001000000000000000000000000100000001 -4.0
runproj limit: -1.0
"timed out"
0000000000000000000000000000000000000000000000000100000000000000000000100000000000000000000100000000000000000000000100 -4.0
runproj limit: -1.0
"timed out"
1000000000000000000000000011000100010000100000000000000000000100000000100000000000000101000000000000000011000000000000 -4.0
runproj limit: -1.0
"timed out"
1000100000000000000000100001100101010000000000010100000100000100100010100000000000000000000100000000000001010000100000 -4.0
runproj limit: -1.0
"timed out"
0100000000000000100000000000000000001010000000000000010000001010000000000000000000110010000010000100010000000000001000 -4.0
best: 2.0
runproj limit: -1.0
"timed out"
0101000000011010010100000100000000000001000011101000010100101010011100110110011100010000000010001100011100010110001000 -4.0
runproj limit: -1.0
"timed out"
0100000000000000000000000000000000001000100000000000010000000000000000100000000000110100000000000100010001000000001000 -4.0
runproj limit: -1.0
"timed out"
1000010010010000010100010001000100010000000001010100000000100100101000100100000000001000000100000000100000110100000000 -4.0
runproj limit: -1.0
"timed out"
0000000000000010001100000000000000000000000001000100000000100000100000100000000000001000000100000000000100000000000000 -4.0
runproj limit: -1.0
"timed out"
0000000000010100010000001001000100000010000000000000010100000110010000000100011001000000000000101101000000000100001000 -4.0
runproj limit: -1.0
"timed out"
0000000000000000000000000000000100000010000000000000010000000000000010100000000000000100000000000000010001000000000000 -4.0
runproj limit: -1.0
"timed out"
0100000010010000000000010000000000000001001000110000000000100010000000110100001100010001000000001100010001010110010001 -4.0
runproj limit: -1.0
"timed out"
1000000000000000000000000001000000010000100000000000000000000000000000100000000000000100000000000000000011000000000000 -4.0
runproj limit: -1.0
"timed out"
0000000000010100000000001010000010000010010000000000011110101001000000010010011111011010011100001110100000001000110000 -4.0
runproj limit: -1.0
"timed out"
0100100000001000000001000000100000111010100100000000010110000110100101100011000000101111001010100111011011000110001011 -4.0
runproj limit: -1.0
"timed out"
0110010011010111101100010100000000011010000111001001101001100001101011010100101010000101000100000111100000000101100100 -4.0
runproj limit: -1.0
"timed out"
1110010100001110010111010111011110001010000101100000110110011101011010000001000010110110110101010011100101000110011110 -4.0
runproj limit: -1.0
"timed out"
0100010000000000100110101101111110101010000101000001000111000000000000111100001100011100100101100000101101011001110110 -4.0
runproj limit: -1.0
"timed out"
0000000000000000000000000001000000011000000000000000010000001110000000100000000000000111000000000100000011000000001000 -4.0
runproj limit: -1.0
"timed out"
0110000000010000000000010000000010000000000000000100010001000100100000010100011000001000000001010110100000101101000000 -4.0
runproj limit: -1.0
"timed out"
0000010010010010011100010100000000010010000011000000000000100000101000000100000000001000000100000101100100100101000000 -4.0
runproj limit: -1.0
"timed out"
0000000000000000000000000000000000000000100000000000000000000000000000100000000000000100000000000000000001000000000000 -4.0
runproj limit: -1.0
"timed out"
0100000010010000000010010000000000000000000010000000000000000000101000000100011000000000000000000000000000000100000000 -4.0
runproj limit: -1.0
"timed out"
0010000000000000000000010000000000000000000000000100000000000000010000100000000000000000000100000100000000000000000100 -4.0
runproj limit: -1.0
"timed out"
0000000000010100000000001000000000000010000000000000011100000000000000000000010000000000000100000000000000001000010000 -4.0
best: 2.0
runproj limit: -1.0
"timed out"
0000010010010000010100011000000000000010000011000000000000000110010000000100000001001000000000100101100000000100001000 -4.0
runproj limit: -1.0
"timed out"
0100000000010000000000011000000000000001001000010000011100000000000000010100001100010000000100000100010001000100010000 -4.0
runproj limit: -1.0
"timed out"
0100010000000000000100000100100000110010000111000000010100000000100001100111000000101101000000000101010100000110000010 -4.0
runproj limit: -1.0
"timed out"
0000000000010100000000000000000000000010100000000000000100000000000000000000000000000000000000000000000001000000010000 -4.0
runproj limit: -1.0
"timed out"
0000000000000100000000001010000010010010110000000000011100000000000000010000000111001100001000000100000011001000010000 -4.0
runproj limit: -1.0
"timed out"
0110000000010000000000010000000000000000000000000100000001000100110000000100001000001000000100010100000000000000000000 -4.0
runproj limit: -1.0
"timed out"
1111010000011010010101000111011000001010000101100000110110101101011110000011001010010010000111000101111101010110001110 -4.0
runproj limit: -1.0
"timed out"
0100000000000010001100000000000000000000000001000100010000000000100000100000000000110100000000000100000100000000001000 -4.0
runproj limit: -1.0
"timed out"
0111001000111100011001000000001010100001100011101000010000011100011100110101011001000100101010001100011110011110111000 -4.0
runproj limit: -1.0
"timed out"
0011000011010001000001010000000000001001001001111100101100111010000100000100001101000101011100000101011011010100010010 -4.0
runproj limit: -1.0
"timed out"
0110100100010000000010100100000010000000000000000101000001000010001100010110011000101101000001110010101001111111100010 -4.0
runproj limit: -1.0
"timed out"
0000010110100000110110011001100100010001000001010010000001100110101000111100001010001110000100001000010010100101110100 -4.0
runproj limit: -1.0
"timed out"
0001000000011010000111100110000010001000001011101011000110111010011100110100010111010001000000101100011010000101011000 -4.0
runproj limit: -1.0
"timed out"
0101000000011010010100000100000000000001000011101000010100101010011100110110011100010000000010001100011100010110001000 -4.0
runproj limit: -1.0
"timed out"
0100000000000000000000000000000000001000100000000000010000000000000000100000000000110100000000000100010001000000001000 -4.0
runproj limit: -1.0
"timed out"
1000010010010000010100010001000100010000000001010100000000100100101000100100000000001000000100000000100000110100000000 -4.0
runproj limit: -1.0
"timed out"
0000000000000010001100000000000000000000000001000100000000100000100000100000000000001000000100000000000100000000000000 -4.0
runproj limit: -1.0
"timed out"
0000000000010100010000001001000100000010000000000000010100000110010000000100011001000000000000101101000000000100001000 -4.0
runproj limit: -1.0
"timed out"
0000000000000000000000000000000100000010000000000000010000000000000010100000000000000100000000000000010001000000000000 -4.0
runproj limit: -1.0
"timed out"
0100000010010000000000010000000000000001001000110000000000100010000000110100001100010001000000001100010001010110010001 -4.0
best: 2.0
runproj limit: -1.0
"timed out"
0011000010000000110000011001000100010001000001011000001101111110000000100100001101000100001100001000010010010100110110 -4.0
runproj limit: -1.0
"timed out"
0000000000000010000100001010000010010010010000000100011000000000000000100000000100001100000000000100000010001000010000 -4.0
runproj limit: -1.0
"timed out"
0100000010000000000000010000000000001000001000110000010000000000000000100000000100010101000000000100010001000100000001 -4.0
runproj limit: -1.0
"timed out"
0100000000010100000000010000000100000010000000000100000101000110110000000100001001000000000000110101000000000100001000 -4.0
runproj limit: -1.0
"timed out"
0110000000010000000000010000000000000000000000000100000001000100110000000100001000001000000100010100000000000000000000 -4.0
runproj limit: -1.0
"timed out"
0100000000010010001100000000000000000000000000000100010001000100110000100100000000011100000000010100000000000000001000 -4.0
runproj limit: -1.0
"timed out"
1001010010010010010100011010000000000010000011100000110000100110010000000110000010011010000000000101110100000110001100 -4.0
runproj limit: -1.0
"timed out"
0110010110010000000100010000000000000001000000000000000001100110100000110100001000001000000100011000010000100000110000 -4.0
runproj limit: -1.0
"timed out"
0010000000001000000101001000000000000010000000100101110010001000000110000100000000100110000000000010011011100110000100 -4.0
runproj limit: -1.0
"timed out"
1011000110100000110100011001001000011001100111010011101101110111111010100100011010001111000100001000010010010001110110 -4.0
runproj limit: -1.0
"timed out"
1011011010110000111001001000101000110101110010111001010010100010000110100001011001100100101010001000100110001010111000 -4.0
runproj limit: -1.0
"timed out"
0101000010001011001100000001001010110000000000000100010011010100110100101010000001110100110110000011000010000010001000 -4.0
runproj limit: -1.0
"timed out"
0000010000001011010001000000101011000000000010010101011100000101001011000100100000100110000001010001000100000101000110 -4.0
runproj limit: -1.0
"timed out"
0000010010010000010100011000000000000010000011000000000000000110010000000100000001001000000000100101100000000100001000 -4.0
runproj limit: -1.0
"timed out"
0100000000010000000000011000000000000001001000010000011100000000000000010100001100010000000100000100010001000100010000 -4.0
runproj limit: -1.0
"timed out"
0100010000000000000100000100100000110010000111000000010100000000100001100111000000101101000000000101010100000110000010 -4.0
runproj limit: -1.0
"timed out"
0000000000010100000000000000000000000010100000000000000100000000000000000000000000000000000000000000000001000000010000 -4.0
runproj limit: -1.0
"timed out"
0000000000000100000000001010000010010010110000000000011100000000000000010000000111001100001000000100000011001000010000 -4.0
runproj limit: -1.0
"timed out"
0110000000010000000000010000000000000000000000000100000001000100110000000100001000001000000100010100000000000000000000 -4.0
runproj limit: -1.0
"timed out"
1111010000011010010101000111011000001010000101100000110110101101011110000011001010010010000111000101111101010110001110 -4.0
best: 2.0
runproj limit: -1.0
"timed out"
0000001010010000111000000000101000000101100010110000000000000000000110000001011001100000001000001000000011001000111000 -4.0
runproj limit: -1.0
"timed out"
0000000000001000010001000000001001000010000010000100000100000101001010000100100000000100000001010001000101000001010000 -4.0
runproj limit: -1.0
"timed out"
1001010000010100010000010000000000000010000010000000110000000110010000000110001011010000000000110101100000000110001100 -4.0
runproj limit: -1.0
"timed out"
0000000000010011001101000000001000000000000010010101010100000101001001000100100000000100000001010000000100000101000010 -4.0
runproj limit: -1.0
"timed out"
0000010000000010000100001010000010010010010001000000010100000000000000100001000100001100000000000101000110001010000000 -4.0
runproj limit: -1.0
"timed out"
0100000000000000000100000100000000010000000001010000011100000000000000110110001000110001000100000100010000000100000000 -4.0
runproj limit: -1.0
"timed out"
0000000000010000110000011000000100010001000001011000001101011010000000100100001100000100000100001100010000010100010010 -4.0
runproj limit: -1.0
"timed out"
0110000110010000000100010000000000000001000000000000000001100100100000000100001000001000000100010100010000100000010000 -4.0
runproj limit: -1.0
"timed out"
0001010000011010100010010111000100100111011100010100000001000100110100000101100001000011010010010101000110110100011000 -4.0
runproj limit: -1.0
"timed out"
0011111100010111010100000011001010011000010111100000010110110101110000111000110101110111110010100011000011000111010000 -4.0
runproj limit: -1.0
"timed out"
0011100000001000010101011000100000000011000011101100100010011000010110110100000011100110110000100010010110100110100011 -4.0
runproj limit: -1.0
"timed out"
1100100001110100000010011100100111000010001110001100010101110110100110111100101100000001101010110101111100110011011100 -4.0
runproj limit: -1.0
"timed out"
0110010110110100000101000111000000011001100010100010100001100000100000110111011100111100010000110000010100110010010000 -4.0
runproj limit: -1.0
"timed out"
0011000010000000110000011001000100010001000001011000001101111110000000100100001101000100001100001000010010010100110110 -4.0
runproj limit: -1.0
"timed out"
0000000000000010000100001010000010010010010000000100011000000000000000100000000100001100000000000100000010001000010000 -4.0
runproj limit: -1.0
"timed out"
0100000010000000000000010000000000001000001000110000010000000000000000100000000100010101000000000100010001000100000001 -4.0
runproj limit: -1.0
"timed out"
0100000000010100000000010000000100000010000000000100000101000110110000000100001001000000000000110101000000000100001000 -4.0
runproj limit: -1.0
"timed out"
0110000000010000000000010000000000000000000000000100000001000100110000000100001000001000000100010100000000000000000000 -4.0
runproj limit: -1.0
"timed out"
0100000000010010001100000000000000000000000000000100010001000100110000100100000000011100000000010100000000000000001000 -4.0
runproj limit: -1.0
"timed out"
1001010010010010010100011010000000000010000011100000110000100110010000000110000010011010000000000101110100000110001100 -4.0
best: 2.0
runproj limit: -1.0
"timed out"
0110000000010100000000010000000100000010000000000100000101000100110000000100001001001000000000010101000000000100000000 -4.0
runproj limit: -1.0
"timed out"
1100110100110100000101010100100101011000001110000000100101100010100110111101101100000100100000110000011100110011011000 -4.0
runproj limit: -1.0
"timed out"
0001010000000010010000001000000110010011010001001000010100101110000000100100001101001100001100000101010010011100100000 -4.0
runproj limit: -1.0
"timed out"
0110101000010011001100000011000000001000000111000100010111000101110000100100110001111111100000010111000001000010000000 -4.0
runproj limit: -1.0
"timed out"
0001010100010011000101000001001010010000010111010000010110010101000001000000110000110101100010010011000011000111000000 -4.0
runproj limit: -1.0
"timed out"
0110100100010000000010011100000011000001000110001000000001100100100110000100101100001000100000010100010000100000011000 -4.0
runproj limit: -1.0
"timed out"
0000101000010011010100000011001010010000010000100000011000100101010000100000100100101101010010100011000011001010010000 -4.0
runproj limit: -1.0
"timed out"
0001100000010100010000011000000000000011000011001000110000000100010000110100000011010010100000110001100110100110100110 -4.0
runproj limit: -1.0
"timed out"
0100110000010000000101000010000001110001100001010001111000010101001100100110100001110000101100000000011010000100100000 -4.0
runproj limit: -1.0
"timed out"
1110000000010011011011001010001000000010010010110101011110000101011011010100000000000101100001011010100110000011011010 -4.0
runproj limit: -1.0
"timed out"
1110010110010100000000010011000101010111111011001010010011010110110001000001011101000101000110110101100010001110001010 -4.0
runproj limit: -1.0
"timed out"
0010001100010111000101100011101000000100000001110100000111100100001011000101100001001111000011010001100100000100100010 -4.0
runproj limit: -1.0
"timed out"
1011100001001001110101011010111000000011010010001100000000011100010100100110000101100110101000110010011110000010100001 -4.0
runproj limit: -1.0
"timed out"
0000001010010000111000000000101000000101100010110000000000000000000110000001011001100000001000001000000011001000111000 -4.0
runproj limit: -1.0
"timed out"
0000000000001000010001000000001001000010000010000100000100000101001010000100100000000100000001010001000101000001010000 -4.0
runproj limit: -1.0
"timed out"
1001010000010100010000010000000000000010000010000000110000000110010000000110001011010000000000110101100000000110001100 -4.0
runproj limit: -1.0
"timed out"
0000000000010011001101000000001000000000000010010101010100000101001001000100100000000100000001010000000100000101000010 -4.0
runproj limit: -1.0
"timed out"
0000010000000010000100001010000010010010010001000000010100000000000000100001000100001100000000000101000110001010000000 -4.0
runproj limit: -1.0
"timed out"
0100000000000000000100000100000000010000000001010000011100000000000000110110001000110001000100000100010000000100000000 -4.0
runproj limit: -1.0
"timed out"
0000000000010000110000011000000100010001000001011000001101011010000000100100001100000100000100001100010000010100010010 -4.0
best: 2.0
runproj limit: -1.0
"timed out"
0001010000010011000101001001001010010000010011010000010110010101000000100001000000001100000000010101000110000111000000 -4.0
runproj limit: -1.0
"timed out"
0010011100010011000101000001101010010100010101010000010110100101000001000001110000101101100010010011100100000111100000 -4.0
runproj limit: -1.0
"timed out"
0011101101001011000101101010101000000110010011001100000011001100000110000100100101101111000000010010101110000100100010 -4.0
runproj limit: -1.0
"timed out"
1100101100010101001100000000000000001000001110000000000101100100110010111100100000100100100000110000000000100011001000 -4.0
runproj limit: -1.0
"timed out"
0000010000001010000100000000001001000010000000000100000100000101001010000001100000000100000001000001000111001010010000 -4.0
runproj limit: -1.0
"timed out"
0010000000001101010000011000110000000010000010000100000000011100110000100100000001001110101000110010001010000010000001 -4.0
runproj limit: -1.0
"timed out"
0000000000000000000101000010001001010011000001010000110000000101001000100100100000010100001001000001001111000001010000 -4.0
runproj limit: -1.0
"timed out"
1110010010000000000000010010000101010111100001000010010111010100000001010010001001010001000110100100010010000110000000 -4.0
runproj limit: -1.0
"timed out"
1000100100000101010000001000101001000000000011110100010100000101111010101111110100000100000101100101101001000001010001 -4.0
runproj limit: -1.0
"timed out"
1110001000010101011011001000110000000010110111100101011110100101110001011000000000100101101001011010001110000011011010 -4.0
runproj limit: -1.0
"timed out"
0000010010010010010000001001110010010011000001000001010110100110000000100010100011111100001010001100001110011110001010 -4.0
runproj limit: -1.0
"timed out"
1000101000111011010000011010011111110010011100100100001000100111011000110011101100101111011010100011101010110010011000 -4.0
runproj limit: -1.0
"timed out"
1100110100111101011101010011000111000010011100010010011100111010101110111001101100000100100000100000010100000011111100 -4.0
runproj limit: -1.0
"timed out"
0110000000010100000000010000000100000010000000000100000101000100110000000100001001001000000000010101000000000100000000 -4.0
runproj limit: -1.0
"timed out"
1100110100110100000101010100100101011000001110000000100101100010100110111101101100000100100000110000011100110011011000 -4.0
runproj limit: -1.0
"timed out"
0001010000000010010000001000000110010011010001001000010100101110000000100100001101001100001100000101010010011100100000 -4.0
runproj limit: -1.0
"timed out"
0110101000010011001100000011000000001000000111000100010111000101110000100100110001111111100000010111000001000010000000 -4.0
runproj limit: -1.0
"timed out"
0001010100010011000101000001001010010000010111010000010110010101000001000000110000110101100010010011000011000111000000 -4.0
runproj limit: -1.0
"timed out"
0110100100010000000010011100000011000001000110001000000001100100100110000100101100001000100000010100010000100000011000 -4.0
runproj limit: -1.0
"timed out"
0000101000010011010100000011001010010000010000100000011000100101010000100000100100101101010010100011000011001010010000 -4.0
best: 2.0
runproj limit: -1.0
"timed out"
0010011000001001000000000010001001000110100001001000000011001100000000010010000101100001000000100100010010000100100010 -4.0
runproj limit: -1.0
"timed out"
0000110000010011010100000001001000000000010000000000011100000101010000000001100000101101000000100011000111001010010000 -4.0
runproj limit: -1.0
"timed out"
1100010000010001001101010011000110010010011011010000010100010001100010101001000100001100100000100101010100000111101000 -4.0
runproj limit: -1.0
"timed out"
1000011100010011010001001010011110110010011110010100001100110111001000010010101000100101011010000011000011000011000000 -4.0
runproj limit: -1.0
"timed out"
1100100100010100000101001000101001000000000010010100010100100001111010101111111100000100000000110100001100010011011001 -4.0
runproj limit: -1.0
"timed out"
0001010100010011000101000010001001010011010101010000110100010101000001100100110000010101100010010011000111000011000000 -4.0
runproj limit: -1.0
"timed out"
0000010000001010000100000000001001000010000000000100000100000101001010000001100000000100000001000001000111001010010000 -4.0
runproj limit: -1.0
"timed out"
1010101000110000010000011010010111110000011100001100000001100101100000110110101100101000000000010001001010100010011000 -4.0
runproj limit: -1.0
"timed out"
1010100100010010001011111101000110100001101000110011000001000100111111101101101111001000010011011100011010100000011111 -4.0
runproj limit: -1.0
"timed out"
1100011000010111110111101001110001001010110111100111011011100100100001101000000101101101110000011110101101000011011010 -4.0
runproj limit: -1.0
"timed out"
0010010010000010110101001110100110010011100101100011011110010000000010100110000001101101011000101010111011011110101110 -4.0
runproj limit: -1.0
"timed out"
0001110011100010100000001010000110010000010001000100000110010111001000100100000111010010000001100101000101100010010000 -4.0
runproj limit: -1.0
"timed out"
1010100001010100001011001100110101011010111101100110011111010110110001011100100010010001101101000110101101001011011000 -4.0
runproj limit: -1.0
"timed out"
0001010000010011000101001001001010010000010011010000010110010101000000100001000000001100000000010101000110000111000000 -4.0
runproj limit: -1.0
"timed out"
0010011100010011000101000001101010010100010101010000010110100101000001000001110000101101100010010011100100000111100000 -4.0
runproj limit: -1.0
"timed out"
0011101101001011000101101010101000000110010011001100000011001100000110000100100101101111000000010010101110000100100010 -4.0
runproj limit: -1.0
"timed out"
1100101100010101001100000000000000001000001110000000000101100100110010111100100000100100100000110000000000100011001000 -4.0
runproj limit: -1.0
"timed out"
0000010000001010000100000000001001000010000000000100000100000101001010000001100000000100000001000001000111001010010000 -4.0
runproj limit: -1.0
"timed out"
0010000000001101010000011000110000000010000010000100000000011100110000100100000001001110101000110010001010000010000001 -4.0
runproj limit: -1.0
"timed out"
0000000000000000000101000010001001010011000001010000110000000101001000100100100000010100001001000001001111000001010000 -4.0
best: 2.0
runproj limit: -1.0
"timed out"
1100110111000000000000001000000100011000001000000000000111110100001010100100000111110110000001110000000001100010001000 -4.0
runproj limit: -1.0
"timed out"
0001000000000001000101000000001001010011000001010000010000000101000000100001000000000100000001000001000110000101010000 -4.0
runproj limit: -1.0
"timed out"
0010011010000011000101001011101010010100000101000011011110110000000000100110000000101101010010111011100001000111101110 -4.0
runproj limit: -1.0
"timed out"
0000010000001111010000001001110000010000000010010000010110011101110000100101000001001100100000010101000010000011000001 -4.0
runproj limit: -1.0
"timed out"
1100110000010111110100101001111001000000110110100111011011000101110000101001000100101101010000001111101111001010010010 -4.0
runproj limit: -1.0
"timed out"
0000100000010010000001101101000110010001010011010001010000010100110000101101001110001000010010011101011010100111001101 -4.0
runproj limit: -1.0
"timed out"
0000010011000010100001001010000110010001000001100001000110010010001010100110000111010000000000101100001001001010111100 -4.0
runproj limit: -1.0
"timed out"
0000011100010011000101000000101000010010010001010000010010100101001000000000110000010100101010000001000110000101100000 -4.0
runproj limit: -1.0
"timed out"
0000011101000011010110000000110010110101011111010001010111100100001101000000111000101001100010010111001100010100000001 -4.0
runproj limit: -1.0
"timed out"
1010010110100001000101000000001001001100010110000000011101000101001010100110101010100101000011010001000111100000111000 -4.0
runproj limit: -1.0
"timed out"
0000001000001100001000000110110100000000110011101100100111010011000000001010000111100001100000100110010011000110101001 -4.0
runproj limit: -1.0
"timed out"
0001101101001000010000100010110000010110010110001000000011101100100110000100000101100110001100010110100100011101000010 -4.0
runproj limit: -1.0
"timed out"
0010101000100101110100011011011111111000001101000111100001100011001101010110101000100110000101010000101010100001010000 -4.0
runproj limit: -1.0
"timed out"
0010011000001001000000000010001001000110100001001000000011001100000000010010000101100001000000100100010010000100100010 -4.0
runproj limit: -1.0
"timed out"
0000110000010011010100000001001000000000010000000000011100000101010000000001100000101101000000100011000111001010010000 -4.0
runproj limit: -1.0
"timed out"
1100010000010001001101010011000110010010011011010000010100010001100010101001000100001100100000100101010100000111101000 -4.0
runproj limit: -1.0
"timed out"
1000011100010011010001001010011110110010011110010100001100110111001000010010101000100101011010000011000011000011000000 -4.0
runproj limit: -1.0
"timed out"
1100100100010100000101001000101001000000000010010100010100100001111010101111111100000100000000110100001100010011011001 -4.0
runproj limit: -1.0
"timed out"
0001010100010011000101000010001001010011010101010000110100010101000001100100110000010101100010010011000111000011000000 -4.0
runproj limit: -1.0
"timed out"
0000010000001010000100000000001001000010000000000100000100000101001010000001100000000100000001000001000111001010010000 -4.0
best: 2.0
runproj limit: -1.0
"timed out"
0000110000000010000100000000001000000000010000000100001100000101000010000001100000000100000001000011000111001010010000 -4.0
runproj limit: -1.0
"timed out"
0010111000001111000100000001011001010000000100000111000001000111001001000010101000000100000101000001001010101000010000 -4.0
runproj limit: -1.0
"timed out"
0000001100010111010101001000110000100001010011010100010101100100001110000111111100001001100010110111001100010111000001 -4.0
runproj limit: -1.0
"timed out"
0000111100001101010000001001110000010010000010001000010011111100100100100100000101001100000000010111000010011111000010 -4.0
runproj limit: -1.0
"timed out"
1110010000000011100100001001111011000100000101000111011110010000000000101100000100101101010010001111101111001011111110 -4.0
runproj limit: -1.0
"timed out"
0000001000001101011100010010111101001000100111001111100101100011000000011110100111100011100001010000100011100110100001 -4.0
runproj limit: -1.0
"timed out"
1000000000010100000100000110100000000000010011000100010110110001111010001011111101000100100000110100000101010011111001 -4.0
runproj limit: -1.0
"timed out"
0001000000000001000101000000001001010011000001010000010000000101000000100001000000000100000001000001000110000101010000 -4.0
runproj limit: -1.0
"timed out"
1100010001010010111101010010000110111001111001001000011101100011001001101001001000001110100011100101010000101110100101 -4.0
runproj limit: -1.0
"timed out"
0001101000010011011001001010100101111011000000111000110111010111011001110111100010000101110010010001000110000011000010 -4.0
runproj limit: -1.0
"timed out"
1100010111011011000101110000011011011010100011010101010000101110011010011000010001010011100000000101100110100101111000 -4.0
runproj limit: -1.0
"timed out"
1000001111111011011110110011110111101001000011000001010111001100001001001000100010100101100010011111000100000001001101 -4.0
runproj limit: -1.0
"timed out"
0000011000000010110110000111100101001010100000000110001001011001000110111101110000100100010001001101011110101100110000 -4.0
runproj limit: -1.0
"timed out"
1100110111000000000000001000000100011000001000000000000111110100001010100100000111110110000001110000000001100010001000 -4.0
runproj limit: -1.0
"timed out"
0001000000000001000101000000001001010011000001010000010000000101000000100001000000000100000001000001000110000101010000 -4.0
runproj limit: -1.0
"timed out"
0010011010000011000101001011101010010100000101000011011110110000000000100110000000101101010010111011100001000111101110 -4.0
runproj limit: -1.0
"timed out"
0000010000001111010000001001110000010000000010010000010110011101110000100101000001001100100000010101000010000011000001 -4.0
runproj limit: -1.0
"timed out"
1100110000010111110100101001111001000000110110100111011011000101110000101001000100101101010000001111101111001010010010 -4.0
runproj limit: -1.0
"timed out"
0000100000010010000001101101000110010001010011010001010000010100110000101101001110001000010010011101011010100111001101 -4.0
runproj limit: -1.0
"timed out"
0000010011000010100001001010000110010001000001100001000110010010001010100110000111010000000000101100001001001010111100 -4.0
best: 2.0
runproj limit: -1.0
"timed out"
1110000000000011000100000001111001000001000001000010011000010001000000101001000100100100000000000011001110000111010010 -4.0
runproj limit: -1.0
"timed out"
1000001111111011011110110011110111101001000011000001010111001100001001001000100010100101100010011111000100000001001101 -4.0
runproj limit: -1.0
"timed out"
1000000101011001001110000110110001101001000011000101010110001100111001001011100100100101100010011111000100010011101001 -4.0
runproj limit: -1.0
"timed out"
0000111100001111010000001001110000010000000010001000010011111101110000100100000101001100000000010101000010001111000001 -4.0
runproj limit: -1.0
"timed out"
0000110000010111100100101001011001000000110100000100001010000101000000100001100100101101010000001111001111001010010010 -4.0
runproj limit: -1.0
"timed out"
1000010010001011000101010000001011010010100101000111010000110110010000111000000001011101110000111111100010000101111010 -4.0
runproj limit: -1.0
"timed out"
1000001000111110010100000011110111001000000011000001010110010100101000001010101011100100100010011111000100000001001001 -4.0
runproj limit: -1.0
"timed out"
0100110111000000000000001000000110010000000000100000000110010110001010100100000111010100000001100100001001101010011100 -4.0
runproj limit: -1.0
"timed out"
0111011011010111100000101001111001010000100011100101010011010101110000001011100111101001010111101111101111001001100110 -4.0
runproj limit: -1.0
"timed out"
0001001110100111010101001000111011101001010010111100110101101101001110000101110100000001000001111111101100000111000101 -4.0
runproj limit: -1.0
"timed out"
0000001000001001010101000000001101111011001001010010010001001101001000100111000000010110011001010001110110010100010010 -4.0
runproj limit: -1.0
"timed out"
0010010011011001000111101111101110010000010110001011010110110110011000100010010000111001010010111011100011000101101100 -4.0
runproj limit: -1.0
"timed out"
0000111100011011111000000101111000010011000011000101010011100100101010100100000111110100001110001010101010001100000010 -4.0
runproj limit: -1.0
"timed out"
0000110000000010000100000000001000000000010000000100001100000101000010000001100000000100000001000011000111001010010000 -4.0
runproj limit: -1.0
"timed out"
0010111000001111000100000001011001010000000100000111000001000111001001000010101000000100000101000001001010101000010000 -4.0
runproj limit: -1.0
"timed out"
0000001100010111010101001000110000100001010011010100010101100100001110000111111100001001100010110111001100010111000001 -4.0
runproj limit: -1.0
"timed out"
0000111100001101010000001001110000010010000010001000010011111100100100100100000101001100000000010111000010011111000010 -4.0
runproj limit: -1.0
"timed out"
1110010000000011100100001001111011000100000101000111011110010000000000101100000100101101010010001111101111001011111110 -4.0
runproj limit: -1.0
"timed out"
0000001000001101011100010010111101001000100111001111100101100011000000011110100111100011100001010000100011100110100001 -4.0
runproj limit: -1.0
"timed out"
1000000000010100000100000110100000000000010011000100010110110001111010001011111101000100100000110100000101010011111001 -4.0
best: 2.0
runproj limit: -1.0
"timed out"
0000010000011101010101101101110010010010000110001001010010110110110000100000000100101100010000110111000010001111001110 -4.0
runproj limit: -1.0
"timed out"
0001001000100110010100000001110011101001010011000100110100010100001100001000111110000000100011011111000100000011001101 -4.0
runproj limit: -1.0
"timed out"
0001001111110111011101010010110111101001010010010000010101101101001111001001100000100001100000111111001100000001000101 -4.0
runproj limit: -1.0
"timed out"
1000001000010110010101001001110101101000010011010001010110110100101010001010101100000000100010010111000100010001001001 -4.0
runproj limit: -1.0
"timed out"
0000111100001011111000000101110000010011000010000100010011100100100110100100000111110100001000011110101010001100000010 -4.0
runproj limit: -1.0
"timed out"
0000001111111011010101111000110111101001010010011100010101101101001000000101110110100001100011111111000100000001000101 -4.0
runproj limit: -1.0
"timed out"
1110011011010011000001101000011001010010100101000101010001110100010000101011000101001001110010101111100111000101101010 -4.0
runproj limit: -1.0
"timed out"
0000111000011111100000100001111001000010100111000100010010000100101010100100000110111100010010001111001110001110000010 -4.0
runproj limit: -1.0
"timed out"
1100100010001001101100111001001101010010100101100011000100010100010010111010010101011111011000101111110011101011011010 -4.0
runproj limit: -1.0
"timed out"
0111111011010111000010101001111001010000101011100101010010110101110010111010100101101001010111101111000111011111110100 -4.0
runproj limit: -1.0
"timed out"
1000011000110000011100110001000001001000000011100011010010110101100100001010001010010100000010110010010101001000101001 -4.0
runproj limit: -1.0
"timed out"
1010001100011111011000001011111001001111001011001111100111101001000100111110100011100011100101110010000011100010110001 -4.0
runproj limit: -1.0
"timed out"
1000101101101111010001100000010000111010111110000000001001110010000110100110010101101000000010000111001000000101010010 -4.0
runproj limit: -1.0
"timed out"
1110000000000011000100000001111001000001000001000010011000010001000000101001000100100100000000000011001110000111010010 -4.0
runproj limit: -1.0
"timed out"
1000001111111011011110110011110111101001000011000001010111001100001001001000100010100101100010011111000100000001001101 -4.0
runproj limit: -1.0
"timed out"
1000000101011001001110000110110001101001000011000101010110001100111001001011100100100101100010011111000100010011101001 -4.0
runproj limit: -1.0
"timed out"
0000111100001111010000001001110000010000000010001000010011111101110000100100000101001100000000010101000010001111000001 -4.0
runproj limit: -1.0
"timed out"
0000110000010111100100101001011001000000110100000100001010000101000000100001100100101101010000001111001111001010010010 -4.0
runproj limit: -1.0
"timed out"
1000010010001011000101010000001011010010100101000111010000110110010000111000000001011101110000111111100010000101111010 -4.0
runproj limit: -1.0
"timed out"
1000001000111110010100000011110111001000000011000001010110010100101000001010101011100100100010011111000100000001001001 -4.0
best: 2.0
runproj limit: -1.0
"timed out"
1000001100011110011000001001111101101110000011010101100111100101100110001110101101000001100101110110000011000010011001 -4.0
runproj limit: -1.0
"timed out"
0000001111110111011101111010110111101001010010011100010101101101001110001001110010100001100000111111000100000001000101 -4.0
runproj limit: -1.0
"timed out"
0001001000000111011101000001110001101001000011010010010101011101000100101001100100100101000000110111001110000101010101 -4.0
runproj limit: -1.0
"timed out"
0111011011010011000001101001011001010010101001100101010001110100010000111011000101001001010010101111000111011101111000 -4.0
runproj limit: -1.0
"timed out"
1000010000011110010101101111110111010000000110000001010010010110111000000010100110101100010010111111000110001001001100 -4.0
runproj limit: -1.0
"timed out"
1110100000001011100100011001011001010011000001000010001000010000000010111000000100110110011000001011011111000011010010 -4.0
runproj limit: -1.0
"timed out"
1010001100011111011000001011111001001111001011001111100111101001000100111110100011100011100101110010000011100010110001 -4.0
runproj limit: -1.0
"timed out"
0000010100011011000110100101110001000001110000000101001110000100000001000011100100100101000010011111000100011010011011 -4.0
runproj limit: -1.0
"timed out"
0011011111111011010100110010100111101001111110011110010001100101001001100100010010010000000100011011000100100101010101 -4.0
runproj limit: -1.0
"timed out"
1000110101000011000000001111110000000100000010110000110010111100110000100100000101101011001001101101000011001111100011 -4.0
runproj limit: -1.0
"timed out"
1110000000001001101110111100001101011001100001100001000000000110010010011000110101000111011110101111010101101001101010 -4.0
runproj limit: -1.0
"timed out"
0010101100010111011010001101000001000101100010001001111010101111111101100010100101001111001010000001000011000011001101 -4.0
runproj limit: -1.0
"timed out"
0011010011110100100011101101011001110011110001000101010001010101010010110101101000000101100010111101000111010101101010 -4.0
runproj limit: -1.0
"timed out"
0000010000011101010101101101110010010010000110001001010010110110110000100000000100101100010000110111000010001111001110 -4.0
runproj limit: -1.0
"timed out"
0001001000100110010100000001110011101001010011000100110100010100001100001000111110000000100011011111000100000011001101 -4.0
runproj limit: -1.0
"timed out"
0001001111110111011101010010110111101001010010010000010101101101001111001001100000100001100000111111001100000001000101 -4.0
runproj limit: -1.0
"timed out"
1000001000010110010101001001110101101000010011010001010110110100101010001010101100000000100010010111000100010001001001 -4.0
runproj limit: -1.0
"timed out"
0000111100001011111000000101110000010011000010000100010011100100100110100100000111110100001000011110101010001100000010 -4.0
runproj limit: -1.0
"timed out"
0000001111111011010101111000110111101001010010011100010101101101001000000101110110100001100011111111000100000001000101 -4.0
runproj limit: -1.0
"timed out"
1110011011010011000001101000011001010010100101000101010001110100010000101011000101001001110010101111100111000101101010 -4.0
best: 2.0
done evolving!
"all is well:)"
>>>>>>>>>>>>>>FINISH OPTIMIZATION>>>>>>>>>>>>>>>
359.62user 308.00system 25:33.55elapsed 43%CPU (0avgtext+0avgdata 135304maxresident)k
0inputs+683120outputs (0major+54399301minor)pagefaults 0swaps
