Optimizing /data/dan/nofib/imaginary/wheel-sieve1
>>>>>>>>>>>>>>>START OPTIMIZATION>>>>>>>>>>>>>>>
pop: 13
gens: 15
arch: 7
limit is: -1.0
runproj limit: -1.0
"timed out"
"All is well :D"
Basetime is: -2.0
runproj limit: -1.0
"timed out"
0100000000000000000010000000000000000 -4.0
runproj limit: -1.0
"timed out"
0000000000000000000000000000000000000 -4.0
runproj limit: -1.0
"timed out"
0000000000010000001000001001101000000 -4.0
runproj limit: -1.0
"timed out"
0000000000000000000000000000000000000 -4.0
runproj limit: -1.0
"timed out"
0000000000000000000000000100011000000 -4.0
runproj limit: -1.0
"timed out"
0010000010010000000000010000100000000 -4.0
runproj limit: -1.0
"timed out"
1000000000000000000000000011000101010 -4.0
runproj limit: -1.0
"timed out"
0100000000001100000000100000000000000 -4.0
runproj limit: -1.0
"timed out"
0000000000000000000000000000000000000 -4.0
runproj limit: -1.0
"timed out"
0010000000000000000000001000000000110 -4.0
runproj limit: -1.0
"timed out"
0000010000000000100000000000000000001 -4.0
runproj limit: -1.0
"timed out"
0000100000001000000000010000000100000 -4.0
runproj limit: -1.0
"timed out"
0000000000000000000000000000100000000 -4.0
best: 2.0
runproj limit: -1.0
"timed out"
0000000000000000001000000000111000000 -4.0
runproj limit: -1.0
"timed out"
0000000000010000000000001001100100000 -4.0
runproj limit: -1.0
"timed out"
0110000010010000000000010000000000000 -4.0
runproj limit: -1.0
"timed out"
0000000000000000000000000000100000000 -4.0
runproj limit: -1.0
"timed out"
1000000000000000000000000011000100010 -4.0
runproj limit: -1.0
"timed out"
1000000000000000000000000001000101010 -4.0
runproj limit: -1.0
"timed out"
0100000000000000100000000000000000001 -4.0
runproj limit: -1.0
"timed out"
1000000000000000000000000001000001010 -4.0
runproj limit: -1.0
"timed out"
0000000000011100100000011000001000000 -4.0
runproj limit: -1.0
"timed out"
0000010000001001011001100100011101111 -4.0
runproj limit: -1.0
"timed out"
0000110011000110011110000101000000010 -4.0
runproj limit: -1.0
"timed out"
0110010000011000010100110001000010000 -4.0
runproj limit: -1.0
"timed out"
0110010100110000011000001000101000100 -4.0
runproj limit: -1.0
"timed out"
0100000000000000000010000000000000000 -4.0
runproj limit: -1.0
"timed out"
0000000000000000000000000000000000000 -4.0
runproj limit: -1.0
"timed out"
0000000000010000001000001001101000000 -4.0
runproj limit: -1.0
"timed out"
0000000000000000000000000100011000000 -4.0
runproj limit: -1.0
"timed out"
0010000010010000000000010000100000000 -4.0
runproj limit: -1.0
"timed out"
1000000000000000000000000011000101010 -4.0
runproj limit: -1.0
"timed out"
0100000000001100000000100000000000000 -4.0
best: 2.0
runproj limit: -1.0
"timed out"
0000000000000000000000000001000000011 -4.0
runproj limit: -1.0
"timed out"
0110000000010000000000010000000010000 -4.0
runproj limit: -1.0
"timed out"
0000010010000010011100000100011000010 -4.0
runproj limit: -1.0
"timed out"
0000000000000000000000000000000000000 -4.0
runproj limit: -1.0
"timed out"
0100000010010000000010010000000000000 -4.0
runproj limit: -1.0
"timed out"
0000000000000000000000000100100000000 -4.0
runproj limit: -1.0
"timed out"
0000000000010100000000001000111000000 -4.0
runproj limit: -1.0
"timed out"
0010010000001000010100110101011100001 -4.0
runproj limit: -1.0
"timed out"
1000000000000010000101000111001101010 -4.0
runproj limit: -1.0
"timed out"
0101000000010000010000000001000100000 -4.0
runproj limit: -1.0
"timed out"
1111010000001111010110110001011010000 -4.0
runproj limit: -1.0
"timed out"
0101010001000101110110111001000011111 -4.0
runproj limit: -1.0
"timed out"
0001010000011001000001111100110001101 -4.0
runproj limit: -1.0
"timed out"
0000000000000000001000000000111000000 -4.0
runproj limit: -1.0
"timed out"
0000000000010000000000001001100100000 -4.0
runproj limit: -1.0
"timed out"
0110000010010000000000010000000000000 -4.0
runproj limit: -1.0
"timed out"
0000000000000000000000000000100000000 -4.0
runproj limit: -1.0
"timed out"
1000000000000000000000000011000100010 -4.0
runproj limit: -1.0
"timed out"
1000000000000000000000000001000101010 -4.0
runproj limit: -1.0
"timed out"
0100000000000000100000000000000000001 -4.0
best: 2.0
runproj limit: -1.0
"timed out"
0101000000010010010100000111000100000 -4.0
runproj limit: -1.0
"timed out"
0100000000000000000000000000000000001 -4.0
runproj limit: -1.0
"timed out"
1000010010000000010100000001010100010 -4.0
runproj limit: -1.0
"timed out"
0000000000000010001100000000100000000 -4.0
runproj limit: -1.0
"timed out"
0000000000010100010000001001001100000 -4.0
runproj limit: -1.0
"timed out"
0000000000010000000000001000000100000 -4.0
runproj limit: -1.0
"timed out"
0100000010010000000000010001000000000 -4.0
runproj limit: -1.0
"timed out"
1000000000000000000000000001000000010 -4.0
runproj limit: -1.0
"timed out"
0000000000010100000000001010111010000 -4.0
runproj limit: -1.0
"timed out"
0100100000001000000001000000100000111 -4.0
runproj limit: -1.0
"timed out"
0110010011000111101100000100011000011 -4.0
runproj limit: -1.0
"timed out"
1110010100001110010111010111011110001 -4.0
runproj limit: -1.0
"timed out"
0100010000000000100110101101111110101 -4.0
runproj limit: -1.0
"timed out"
0000000000000000000000000001000000011 -4.0
runproj limit: -1.0
"timed out"
0110000000010000000000010000000010000 -4.0
runproj limit: -1.0
"timed out"
0000010010000010011100000100011000010 -4.0
runproj limit: -1.0
"timed out"
0000000000000000000000000000000000000 -4.0
runproj limit: -1.0
"timed out"
0100000010010000000010010000000000000 -4.0
runproj limit: -1.0
"timed out"
0000000000000000000000000100100000000 -4.0
runproj limit: -1.0
"timed out"
0000000000010100000000001000111000000 -4.0
best: 2.0
runproj limit: -1.0
"timed out"
0000010010010000010100001000001000000 -4.0
runproj limit: -1.0
"timed out"
0100000000010000000000011000101000000 -4.0
runproj limit: -1.0
"timed out"
0100010000000000000100000100101000110 -4.0
runproj limit: -1.0
"timed out"
0000000000010100000000000000110000000 -4.0
runproj limit: -1.0
"timed out"
0000000000000100000000001010110010010 -4.0
runproj limit: -1.0
"timed out"
0110000000010000000000010100000000000 -4.0
runproj limit: -1.0
"timed out"
1111010000010010010101000111011100001 -4.0
runproj limit: -1.0
"timed out"
0100000000000010001100000000100000000 -4.0
runproj limit: -1.0
"timed out"
0111001000110100011001000011001110100 -4.0
runproj limit: -1.0
"timed out"
0011000011010001000001010001000000001 -4.0
runproj limit: -1.0
"timed out"
0110100100010000000010100100000010000 -4.0
runproj limit: -1.0
"timed out"
0000010110110000110110001001110100010 -4.0
runproj limit: -1.0
"timed out"
0001000000010010000111100101000110001 -4.0
runproj limit: -1.0
"timed out"
0101000000010010010100000111000100000 -4.0
runproj limit: -1.0
"timed out"
0100000000000000000000000000000000001 -4.0
runproj limit: -1.0
"timed out"
1000010010000000010100000001010100010 -4.0
runproj limit: -1.0
"timed out"
0000000000000010001100000000100000000 -4.0
runproj limit: -1.0
"timed out"
0000000000010100010000001001001100000 -4.0
runproj limit: -1.0
"timed out"
0000000000010000000000001000000100000 -4.0
runproj limit: -1.0
"timed out"
0100000010010000000000010001000000000 -4.0
best: 2.0
runproj limit: -1.0
"timed out"
0011000010010000110000011001000100010 -4.0
runproj limit: -1.0
"timed out"
0000000000000010000100001010110010010 -4.0
runproj limit: -1.0
"timed out"
0100000010000000000000010001000000001 -4.0
runproj limit: -1.0
"timed out"
0100000000010100000000010100001100000 -4.0
runproj limit: -1.0
"timed out"
0110000000010000000000010100000000000 -4.0
runproj limit: -1.0
"timed out"
0100000000010010001100000000000000000 -4.0
runproj limit: -1.0
"timed out"
1001010010010010010100001010001000000 -4.0
runproj limit: -1.0
"timed out"
0110010110010000000100010100010000000 -4.0
runproj limit: -1.0
"timed out"
0010000000011000000101000000000000000 -4.0
runproj limit: -1.0
"timed out"
1011000110110000110100001001011000011 -4.0
runproj limit: -1.0
"timed out"
1011011010111000111001001011101100110 -4.0
runproj limit: -1.0
"timed out"
0101000010001011001100000001101010110 -4.0
runproj limit: -1.0
"timed out"
0000010000011011010001001000101011000 -4.0
runproj limit: -1.0
"timed out"
0000010010010000010100001000001000000 -4.0
runproj limit: -1.0
"timed out"
0100000000010000000000011000101000000 -4.0
runproj limit: -1.0
"timed out"
0100010000000000000100000100101000110 -4.0
runproj limit: -1.0
"timed out"
0000000000010100000000000000110000000 -4.0
runproj limit: -1.0
"timed out"
0000000000000100000000001010110010010 -4.0
runproj limit: -1.0
"timed out"
0110000000010000000000010100000000000 -4.0
runproj limit: -1.0
"timed out"
1111010000010010010101000111011100001 -4.0
best: 2.0
runproj limit: -1.0
"timed out"
0000001010011000111000000010111000000 -4.0
runproj limit: -1.0
"timed out"
0000000000011000010001000000101001000 -4.0
runproj limit: -1.0
"timed out"
1001010000010100010000010100001000000 -4.0
runproj limit: -1.0
"timed out"
0000000000010011001101000000001000000 -4.0
runproj limit: -1.0
"timed out"
0000010000000010000100001010101010010 -4.0
runproj limit: -1.0
"timed out"
0100000000000000000100000100101000010 -4.0
runproj limit: -1.0
"timed out"
0000000000010000110000011000101100010 -4.0
runproj limit: -1.0
"timed out"
0110000110010000000100010100010000000 -4.0
runproj limit: -1.0
"timed out"
0001010000011010100010010011001100100 -4.0
runproj limit: -1.0
"timed out"
0011111100010111010100000011101010011 -4.0
runproj limit: -1.0
"timed out"
0011100000011000010101010000100000000 -4.0
runproj limit: -1.0
"timed out"
1100100001110100000010011000101111000 -4.0
runproj limit: -1.0
"timed out"
0110010110110100000101000011010000011 -4.0
runproj limit: -1.0
"timed out"
0011000010010000110000011001000100010 -4.0
runproj limit: -1.0
"timed out"
0000000000000010000100001010110010010 -4.0
runproj limit: -1.0
"timed out"
0100000010000000000000010001000000001 -4.0
runproj limit: -1.0
"timed out"
0100000000010100000000010100001100000 -4.0
runproj limit: -1.0
"timed out"
0110000000010000000000010100000000000 -4.0
runproj limit: -1.0
"timed out"
0100000000010010001100000000000000000 -4.0
runproj limit: -1.0
"timed out"
1001010010010010010100001010001000000 -4.0
best: 2.0
runproj limit: -1.0
"timed out"
0110000000010100000000010100001100000 -4.0
runproj limit: -1.0
"timed out"
1100110100110100000101010000111101011 -4.0
runproj limit: -1.0
"timed out"
0001010000000010010000001000001110010 -4.0
runproj limit: -1.0
"timed out"
0110101000010011001100000011100000001 -4.0
runproj limit: -1.0
"timed out"
0001010100010011000101000001001010010 -4.0
runproj limit: -1.0
"timed out"
0110100100010000000010011000000011000 -4.0
runproj limit: -1.0
"timed out"
0000101000010011010100000011101010010 -4.0
runproj limit: -1.0
"timed out"
0001100000010100010000010000001000000 -4.0
runproj limit: -1.0
"timed out"
0100110000010000000101000010101001110 -4.0
runproj limit: -1.0
"timed out"
1110000000010011011011001010001000000 -4.0
runproj limit: -1.0
"timed out"
1110010110010100000000010111001101010 -4.0
runproj limit: -1.0
"timed out"
0010001100010111000101100011101000000 -4.0
runproj limit: -1.0
"timed out"
1011100001011001110101010010111000000 -4.0
runproj limit: -1.0
"timed out"
0000001010011000111000000010111000000 -4.0
runproj limit: -1.0
"timed out"
0000000000011000010001000000101001000 -4.0
runproj limit: -1.0
"timed out"
1001010000010100010000010100001000000 -4.0
runproj limit: -1.0
"timed out"
0000000000010011001101000000001000000 -4.0
runproj limit: -1.0
"timed out"
0000010000000010000100001010101010010 -4.0
runproj limit: -1.0
"timed out"
0100000000000000000100000100101000010 -4.0
runproj limit: -1.0
"timed out"
0000000000010000110000011000101100010 -4.0
best: 2.0
runproj limit: -1.0
"timed out"
0001010000010011000101001001001010010 -4.0
runproj limit: -1.0
"timed out"
0010011100010011000101000001101010010 -4.0
runproj limit: -1.0
"timed out"
0011101101011011000101100010101000000 -4.0
runproj limit: -1.0
"timed out"
1100101100010101001100000000110000001 -4.0
runproj limit: -1.0
"timed out"
0000010000011010000100000000101001000 -4.0
runproj limit: -1.0
"timed out"
0010000000011101010000010000111000000 -4.0
runproj limit: -1.0
"timed out"
0000000000010000000101000010101001010 -4.0
runproj limit: -1.0
"timed out"
1110010010000000000000010110001101010 -4.0
runproj limit: -1.0
"timed out"
1000100100010101010000001000001001000 -4.0
runproj limit: -1.0
"timed out"
1110001000010101011011001000110000000 -4.0
runproj limit: -1.0
"timed out"
0000010010010010010000001001111010010 -4.0
runproj limit: -1.0
"timed out"
1000101000111011010000011010111111110 -4.0
runproj limit: -1.0
"timed out"
1100110100111101011101010111011111000 -4.0
runproj limit: -1.0
"timed out"
0110000000010100000000010100001100000 -4.0
runproj limit: -1.0
"timed out"
1100110100110100000101010000111101011 -4.0
runproj limit: -1.0
"timed out"
0001010000000010010000001000001110010 -4.0
runproj limit: -1.0
"timed out"
0110101000010011001100000011100000001 -4.0
runproj limit: -1.0
"timed out"
0001010100010011000101000001001010010 -4.0
runproj limit: -1.0
"timed out"
0110100100010000000010011000000011000 -4.0
runproj limit: -1.0
"timed out"
0000101000010011010100000011101010010 -4.0
best: 2.0
runproj limit: -1.0
"timed out"
0010011000011001000000000110001001000 -4.0
runproj limit: -1.0
"timed out"
0000110000010011010100000001101000000 -4.0
runproj limit: -1.0
"timed out"
1100010000010001001101010011011110010 -4.0
runproj limit: -1.0
"timed out"
1000011100010011010001001010011110110 -4.0
runproj limit: -1.0
"timed out"
1100100100010100000101001000011001000 -4.0
runproj limit: -1.0
"timed out"
0001010100010011000101000010001001010 -4.0
runproj limit: -1.0
"timed out"
0000010000011010000100000000101001000 -4.0
runproj limit: -1.0
"timed out"
1010101000110000010000011010110111110 -4.0
runproj limit: -1.0
"timed out"
1010100100010010001011111001000110100 -4.0
runproj limit: -1.0
"timed out"
1100011000010111110111101001110001001 -4.0
runproj limit: -1.0
"timed out"
0010010010000010110101001110101110010 -4.0
runproj limit: -1.0
"timed out"
0001110011110010100000001010100110010 -4.0
runproj limit: -1.0
"timed out"
1010100001010100001011001100110101011 -4.0
runproj limit: -1.0
"timed out"
0001010000010011000101001001001010010 -4.0
runproj limit: -1.0
"timed out"
0010011100010011000101000001101010010 -4.0
runproj limit: -1.0
"timed out"
0011101101011011000101100010101000000 -4.0
runproj limit: -1.0
"timed out"
1100101100010101001100000000110000001 -4.0
runproj limit: -1.0
"timed out"
0000010000011010000100000000101001000 -4.0
runproj limit: -1.0
"timed out"
0010000000011101010000010000111000000 -4.0
runproj limit: -1.0
"timed out"
0000000000010000000101000010101001010 -4.0
best: 2.0
runproj limit: -1.0
"timed out"
1100110111010000000000001000110100011 -4.0
runproj limit: -1.0
"timed out"
0001000000010001000101000000001001010 -4.0
runproj limit: -1.0
"timed out"
0010011010000011000101001011101010010 -4.0
runproj limit: -1.0
"timed out"
0000010000011111010000000001111000010 -4.0
runproj limit: -1.0
"timed out"
1100110000010111110100101001111001000 -4.0
runproj limit: -1.0
"timed out"
0000100000010010000001101001000110010 -4.0
runproj limit: -1.0
"timed out"
0000010011010010100001001010100110010 -4.0
runproj limit: -1.0
"timed out"
0000011100010011000101000000101000010 -4.0
runproj limit: -1.0
"timed out"
0000011101000011010110000000110010110 -4.0
runproj limit: -1.0
"timed out"
1010010110110001000101000000101001001 -4.0
runproj limit: -1.0
"timed out"
0000001000011100001000000010110100000 -4.0
runproj limit: -1.0
"timed out"
0001101101011000010000101010110000010 -4.0
runproj limit: -1.0
"timed out"
0010101000100101110100011011111111111 -4.0
runproj limit: -1.0
"timed out"
0010011000011001000000000110001001000 -4.0
runproj limit: -1.0
"timed out"
0000110000010011010100000001101000000 -4.0
runproj limit: -1.0
"timed out"
1100010000010001001101010011011110010 -4.0
runproj limit: -1.0
"timed out"
1000011100010011010001001010011110110 -4.0
runproj limit: -1.0
"timed out"
1100100100010100000101001000011001000 -4.0
runproj limit: -1.0
"timed out"
0001010100010011000101000010001001010 -4.0
runproj limit: -1.0
"timed out"
0000010000011010000100000000101001000 -4.0
best: 2.0
runproj limit: -1.0
"timed out"
0000110000010010000100000000101000000 -4.0
runproj limit: -1.0
"timed out"
0010111000011111000100000001111001010 -4.0
runproj limit: -1.0
"timed out"
0000001100010111010101001000010000100 -4.0
runproj limit: -1.0
"timed out"
0000111100011101010000000001111000010 -4.0
runproj limit: -1.0
"timed out"
1110010000000011100100001001111011000 -4.0
runproj limit: -1.0
"timed out"
0000001000011101011100010010111101001 -4.0
runproj limit: -1.0
"timed out"
1000000000010100000100000010010000000 -4.0
runproj limit: -1.0
"timed out"
0001000000010001000101000000001001010 -4.0
runproj limit: -1.0
"timed out"
1100010001010010111101010010011110111 -4.0
runproj limit: -1.0
"timed out"
0001101000010011011001001010100101111 -4.0
runproj limit: -1.0
"timed out"
1100010111011011000101110000011011011 -4.0
runproj limit: -1.0
"timed out"
1000001111111011011110110011110111101 -4.0
runproj limit: -1.0
"timed out"
0000011000010010110110000111000101001 -4.0
runproj limit: -1.0
"timed out"
1100110111010000000000001000110100011 -4.0
runproj limit: -1.0
"timed out"
0001000000010001000101000000001001010 -4.0
runproj limit: -1.0
"timed out"
0010011010000011000101001011101010010 -4.0
runproj limit: -1.0
"timed out"
0000010000011111010000000001111000010 -4.0
runproj limit: -1.0
"timed out"
1100110000010111110100101001111001000 -4.0
runproj limit: -1.0
"timed out"
0000100000010010000001101001000110010 -4.0
runproj limit: -1.0
"timed out"
0000010011010010100001001010100110010 -4.0
best: 2.0
runproj limit: -1.0
"timed out"
1110000000000011000100000001111001000 -4.0
runproj limit: -1.0
"timed out"
1000001111111011011110110011110111101 -4.0
runproj limit: -1.0
"timed out"
1000000101011001001110000010010001101 -4.0
runproj limit: -1.0
"timed out"
0000111100011111010000000001111000010 -4.0
runproj limit: -1.0
"timed out"
0000110000010111100100101001111001000 -4.0
runproj limit: -1.0
"timed out"
1000010010001011000101010000001011010 -4.0
runproj limit: -1.0
"timed out"
1000001000111110010100000011110111001 -4.0
runproj limit: -1.0
"timed out"
0100110111010000000000001000100110010 -4.0
runproj limit: -1.0
"timed out"
0111011011010111100000101001111001010 -4.0
runproj limit: -1.0
"timed out"
0001001110100111010101001000011011101 -4.0
runproj limit: -1.0
"timed out"
0000001000011001010101000000001101111 -4.0
runproj limit: -1.0
"timed out"
0010010011011001000111101111101110010 -4.0
runproj limit: -1.0
"timed out"
0000111100001011111000001101110000010 -4.0
runproj limit: -1.0
"timed out"
0000110000010010000100000000101000000 -4.0
runproj limit: -1.0
"timed out"
0010111000011111000100000001111001010 -4.0
runproj limit: -1.0
"timed out"
0000001100010111010101001000010000100 -4.0
runproj limit: -1.0
"timed out"
0000111100011101010000000001111000010 -4.0
runproj limit: -1.0
"timed out"
1110010000000011100100001001111011000 -4.0
runproj limit: -1.0
"timed out"
0000001000011101011100010010111101001 -4.0
runproj limit: -1.0
"timed out"
1000000000010100000100000010010000000 -4.0
best: 2.0
runproj limit: -1.0
"timed out"
0000010000011101010101100101111010010 -4.0
runproj limit: -1.0
"timed out"
0001001000100110010100000001010011101 -4.0
runproj limit: -1.0
"timed out"
0001001111110111011101010010010111101 -4.0
runproj limit: -1.0
"timed out"
1000001000010110010101001001110101101 -4.0
runproj limit: -1.0
"timed out"
0000111100011011111000001101111000010 -4.0
runproj limit: -1.0
"timed out"
0000001111111011010101111000110111101 -4.0
runproj limit: -1.0
"timed out"
1110011011010011000001101000011001010 -4.0
runproj limit: -1.0
"timed out"
0000111000011111100000101001110001000 -4.0
runproj limit: -1.0
"timed out"
1100100010001001101100111001001101010 -4.0
runproj limit: -1.0
"timed out"
0111111011010111000010101001111001010 -4.0
runproj limit: -1.0
"timed out"
1000011000110000011100110001000001001 -4.0
runproj limit: -1.0
"timed out"
1010001100001111011000001011111001001 -4.0
runproj limit: -1.0
"timed out"
1000101101111111010001101000011000111 -4.0
runproj limit: -1.0
"timed out"
1110000000000011000100000001111001000 -4.0
runproj limit: -1.0
"timed out"
1000001111111011011110110011110111101 -4.0
runproj limit: -1.0
"timed out"
1000000101011001001110000010010001101 -4.0
runproj limit: -1.0
"timed out"
0000111100011111010000000001111000010 -4.0
runproj limit: -1.0
"timed out"
0000110000010111100100101001111001000 -4.0
runproj limit: -1.0
"timed out"
1000010010001011000101010000001011010 -4.0
runproj limit: -1.0
"timed out"
1000001000111110010100000011110111001 -4.0
best: 2.0
runproj limit: -1.0
"timed out"
1000001100011110011000001001111101101 -4.0
runproj limit: -1.0
"timed out"
0000001111110111011101111010010111101 -4.0
runproj limit: -1.0
"timed out"
0001001000000111011101000001110001101 -4.0
runproj limit: -1.0
"timed out"
0111011011010011000001101001011001010 -4.0
runproj limit: -1.0
"timed out"
1000010000011110010101100111111111010 -4.0
runproj limit: -1.0
"timed out"
1110100000001011100100011001011001010 -4.0
runproj limit: -1.0
"timed out"
1010001100001111011000001011111001001 -4.0
runproj limit: -1.0
"timed out"
0000010100011011000110100001010001000 -4.0
runproj limit: -1.0
"timed out"
0011011111111011010100110010100111101 -4.0
runproj limit: -1.0
"timed out"
1000110101010011000000000111111000000 -4.0
runproj limit: -1.0
"timed out"
1110000000001001101110111100001101011 -4.0
runproj limit: -1.0
"timed out"
0010101100000111011010000101001001000 -4.0
runproj limit: -1.0
"timed out"
0011010011110100100011101101011001110 -4.0
runproj limit: -1.0
"timed out"
0000010000011101010101100101111010010 -4.0
runproj limit: -1.0
"timed out"
0001001000100110010100000001010011101 -4.0
runproj limit: -1.0
"timed out"
0001001111110111011101010010010111101 -4.0
runproj limit: -1.0
"timed out"
1000001000010110010101001001110101101 -4.0
runproj limit: -1.0
"timed out"
0000111100011011111000001101111000010 -4.0
runproj limit: -1.0
"timed out"
0000001111111011010101111000110111101 -4.0
runproj limit: -1.0
"timed out"
1110011011010011000001101000011001010 -4.0
best: 2.0
done evolving!
"all is well:)"
>>>>>>>>>>>>>>FINISH OPTIMIZATION>>>>>>>>>>>>>>>
496.07user 334.79system 18:35.47elapsed 74%CPU (0avgtext+0avgdata 133164maxresident)k
16inputs+1371944outputs (2major+62304285minor)pagefaults 0swaps
