Optimizing /h/ywang30/nofib/spectral/banner
>>>>>>>>>>>>>>>START OPTIMIZATION>>>>>>>>>>>>>>>
pop: 13
gens: 15
arch: 7
limit is: 0.0
runproj limit: 0.0
"All is well :D"
Basetime is: 53024.0
runproj limit: 0.0
0100000000000000 53024.0
runproj limit: 0.0
0010000000100000 53024.0
runproj limit: 0.0
0000000000000000 53024.0
runproj limit: 0.0
0000000000010000 53024.0
runproj limit: 0.0
0000000000000000 53024.0
runproj limit: 0.0
0000000000000000 53024.0
runproj limit: 0.0
1000000000000000 53024.0
runproj limit: 0.0
0000000000000000 53024.0
runproj limit: 0.0
0000100000000000 53024.0
runproj limit: 0.0
0010000000000000 53024.0
runproj limit: 0.0
0000010000000000 53024.0
runproj limit: 0.0
0000000000000000 53024.0
runproj limit: 0.0
0000000000000000 53024.0
best: 1.0
runproj limit: 0.0
0000000000000000 53024.0
runproj limit: 0.0
0000000000000000 53024.0
runproj limit: 0.0
0100000000000000 53024.0
runproj limit: 0.0
0000000000000000 53024.0
runproj limit: 0.0
1010000000000000 53024.0
runproj limit: 0.0
1000100000000000 53024.0
runproj limit: 0.0
0000000000000000 53024.0
runproj limit: 0.0
1000000000000000 53024.0
runproj limit: 0.0
0010000000111100 53024.0
runproj limit: 0.0
0000010000001001 53024.0
runproj limit: 0.0
0000110011000110 53024.0
runproj limit: 0.0
0100010010001000 53024.0
runproj limit: 0.0
0110010100100000 53024.0
runproj limit: 0.0
0100000000000000 53024.0
runproj limit: 0.0
0010000000100000 53024.0
runproj limit: 0.0
0000000000000000 53024.0
runproj limit: 0.0
0000000000010000 53024.0
runproj limit: 0.0
1000000000000000 53024.0
runproj limit: 0.0
0000100000000000 53024.0
runproj limit: 0.0
0010000000000000 53024.0
best: 1.0
runproj limit: 0.0
0010000000000000 53024.0
runproj limit: 0.0
0100000010000000 53024.0
runproj limit: 0.0
0000010010010010 53024.0
runproj limit: 0.0
0010000000000000 53024.0
runproj limit: 0.0
0100000000000000 53024.0
runproj limit: 0.0
0000000000000000 53024.0
runproj limit: 0.0
0000000000110100 53024.0
runproj limit: 0.0
0000010000001000 53024.0
runproj limit: 0.0
0000100000000010 53024.0
runproj limit: 0.0
0101000000010000 53024.0
runproj limit: 0.0
1101010010011111 53024.0
runproj limit: 0.0
0111010011010101 53024.0
runproj limit: 0.0
0011010000111001 53024.0
runproj limit: 0.0
0000000000000000 53024.0
runproj limit: 0.0
0100000000000000 53024.0
runproj limit: 0.0
1010000000000000 53024.0
runproj limit: 0.0
1000100000000000 53024.0
runproj limit: 0.0
1000000000000000 53024.0
runproj limit: 0.0
0010000000111100 53024.0
runproj limit: 0.0
0000010000001001 53024.0
best: 1.0
runproj limit: 0.0
0101000000010010 53024.0
runproj limit: 0.0
0000000000001001 53024.0
runproj limit: 0.0
0000010010010000 53024.0
runproj limit: 0.0
0000100000000010 53024.0
runproj limit: 0.0
0000000000010100 53024.0
runproj limit: 0.0
0100000000000001 53024.0
runproj limit: 0.0
1000100000000000 53024.0
runproj limit: 0.0
1010000000000000 53024.0
runproj limit: 0.0
0000000000110100 53024.0
runproj limit: 0.0
0110100000001000 53024.0
runproj limit: 0.0
0110010011010111 53024.0
runproj limit: 0.0
1100010110011110 53024.0
runproj limit: 0.0
0110010010010000 53024.0
runproj limit: 0.0
0010000000000000 53024.0
runproj limit: 0.0
0100000010000000 53024.0
runproj limit: 0.0
0000010010010010 53024.0
runproj limit: 0.0
0100000000000000 53024.0
runproj limit: 0.0
0000000000000000 53024.0
runproj limit: 0.0
0000000000110100 53024.0
runproj limit: 0.0
0000010000001000 53024.0
best: 1.0
runproj limit: 0.0
0000010010010000 53024.0
runproj limit: 0.0
1000110000000000 53024.0
runproj limit: 0.0
0110010000000000 53024.0
runproj limit: 0.0
0000000000001000 53024.0
runproj limit: 0.0
0000000000000100 53024.0
runproj limit: 0.0
0100000010100000 53024.0
runproj limit: 0.0
1101010010010010 53024.0
runproj limit: 0.0
0000000000001010 53024.0
runproj limit: 0.0
0111001000110100 53024.0
runproj limit: 0.0
1111100001000001 53024.0
runproj limit: 0.0
0100100110000000 53024.0
runproj limit: 0.0
1000010110100000 53024.0
runproj limit: 0.0
0001000000010010 53024.0
runproj limit: 0.0
0101000000010010 53024.0
runproj limit: 0.0
0000000000001001 53024.0
runproj limit: 0.0
0000010010010000 53024.0
runproj limit: 0.0
0000100000000010 53024.0
runproj limit: 0.0
0000000000010100 53024.0
runproj limit: 0.0
0100000000000001 53024.0
runproj limit: 0.0
1000100000000000 53024.0
best: 1.0
runproj limit: 0.0
1111000010000000 53024.0
runproj limit: 0.0
0000000000000010 53024.0
runproj limit: 0.0
1000100000001001 53024.0
runproj limit: 0.0
0100000010000100 53024.0
runproj limit: 0.0
0100000010100000 53024.0
runproj limit: 0.0
0100000010100010 53024.0
runproj limit: 0.0
1001010010010010 53024.0
runproj limit: 0.0
0100010110100000 53024.0
runproj limit: 0.0
0110000000001001 53024.0
runproj limit: 0.0
0011000110100000 53024.0
runproj limit: 0.0
1011011010111000 53024.0
runproj limit: 0.0
0001000010000011 53024.0
runproj limit: 0.0
0100010000001010 53024.0
runproj limit: 0.0
0000010010010000 53024.0
runproj limit: 0.0
1000110000000000 53024.0
runproj limit: 0.0
0110010000000000 53024.0
runproj limit: 0.0
0000000000001000 53024.0
runproj limit: 0.0
0000000000000100 53024.0
runproj limit: 0.0
0100000010100000 53024.0
runproj limit: 0.0
1101010010010010 53024.0
best: 1.0
runproj limit: 0.0
0000001010011000 53024.0
runproj limit: 0.0
0100000000001000 53024.0
runproj limit: 0.0
1001010010010100 53024.0
runproj limit: 0.0
0100000010100010 53024.0
runproj limit: 0.0
0000010000000010 53024.0
runproj limit: 0.0
1100010000000000 53024.0
runproj limit: 0.0
1100010000000000 53024.0
runproj limit: 0.0
0100000110100000 53024.0
runproj limit: 0.0
0001010010001010 53024.0
runproj limit: 0.0
0111111100011111 53024.0
runproj limit: 0.0
0111100000001001 53024.0
runproj limit: 0.0
1100100011100100 53024.0
runproj limit: 0.0
0100010110000100 53024.0
runproj limit: 0.0
1111000010000000 53024.0
runproj limit: 0.0
0000000000000010 53024.0
runproj limit: 0.0
1000100000001001 53024.0
runproj limit: 0.0
0100000010000100 53024.0
runproj limit: 0.0
0100000010100000 53024.0
runproj limit: 0.0
0100000010100010 53024.0
runproj limit: 0.0
1001010010010010 53024.0
best: 1.0
runproj limit: 0.0
0100000010000100 53024.0
runproj limit: 0.0
1100110110000100 53024.0
runproj limit: 0.0
0101010000000010 53024.0
runproj limit: 0.0
0110101000000011 53024.0
runproj limit: 0.0
0101010110000011 53024.0
runproj limit: 0.0
0100100110100000 53024.0
runproj limit: 0.0
0100101000010011 53024.0
runproj limit: 0.0
0101100010010101 53024.0
runproj limit: 0.0
1100100000010000 53024.0
runproj limit: 0.0
1010000010100010 53024.0
runproj limit: 0.0
1110010100000100 53024.0
runproj limit: 0.0
0110001110100110 53024.0
runproj limit: 0.0
1111100001001000 53024.0
runproj limit: 0.0
0000001010011000 53024.0
runproj limit: 0.0
0100000000001000 53024.0
runproj limit: 0.0
1001010010010100 53024.0
runproj limit: 0.0
0100000010100010 53024.0
runproj limit: 0.0
0000010000000010 53024.0
runproj limit: 0.0
1100010000000000 53024.0
runproj limit: 0.0
0100000110100000 53024.0
best: 1.0
runproj limit: 0.0
0001010000000011 53024.0
runproj limit: 0.0
0110011110000011 53024.0
runproj limit: 0.0
0111101111101010 53024.0
runproj limit: 0.0
1100101110000101 53024.0
runproj limit: 0.0
0100010000001010 53024.0
runproj limit: 0.0
0110000000001100 53024.0
runproj limit: 0.0
0100000000000000 53024.0
runproj limit: 0.0
1110010000000000 53024.0
runproj limit: 0.0
1100100100000101 53024.0
runproj limit: 0.0
1010001010100100 53024.0
runproj limit: 0.0
0100010010010010 53024.0
runproj limit: 0.0
1100101000111011 53024.0
runproj limit: 0.0
1100110110001101 53024.0
runproj limit: 0.0
0100000010000100 53024.0
runproj limit: 0.0
1100110110000100 53024.0
runproj limit: 0.0
0101010000000010 53024.0
runproj limit: 0.0
0110101000000011 53024.0
runproj limit: 0.0
0101010110000011 53024.0
runproj limit: 0.0
0100100110100000 53024.0
runproj limit: 0.0
0100101000010011 53024.0
best: 1.0
runproj limit: 0.0
0110011010001000 53024.0
runproj limit: 0.0
0100110000010011 53024.0
runproj limit: 0.0
1100010000000001 53024.0
runproj limit: 0.0
1100011110000011 53024.0
runproj limit: 0.0
1100100110000100 53024.0
runproj limit: 0.0
0101010100000011 53024.0
runproj limit: 0.0
0100010000001010 53024.0
runproj limit: 0.0
1100101000110000 53024.0
runproj limit: 0.0
1000100110100010 53024.0
runproj limit: 0.0
1000011010100110 53024.0
runproj limit: 0.0
0110010010000010 53024.0
runproj limit: 0.0
0101110011100010 53024.0
runproj limit: 0.0
1110100011100101 53024.0
runproj limit: 0.0
0001010000000011 53024.0
runproj limit: 0.0
0110011110000011 53024.0
runproj limit: 0.0
0111101111101010 53024.0
runproj limit: 0.0
1100101110000101 53024.0
runproj limit: 0.0
0100010000001010 53024.0
runproj limit: 0.0
0110000000001100 53024.0
runproj limit: 0.0
0100000000000000 53024.0
best: 1.0
runproj limit: 0.0
1100110111000000 53024.0
runproj limit: 0.0
0101000000000001 53024.0
runproj limit: 0.0
0110011010000011 53024.0
runproj limit: 0.0
0100010000001110 53024.0
runproj limit: 0.0
1000110010110110 53024.0
runproj limit: 0.0
0000100010000010 53024.0
runproj limit: 0.0
0100010011000010 53024.0
runproj limit: 0.0
0100011100000011 53024.0
runproj limit: 0.0
0100011111010011 53024.0
runproj limit: 0.0
1110010110100001 53024.0
runproj limit: 0.0
0100001010001101 53024.0
runproj limit: 0.0
0101101111101001 53024.0
runproj limit: 0.0
0100101000100101 53024.0
runproj limit: 0.0
0110011010001000 53024.0
runproj limit: 0.0
0100110000010011 53024.0
runproj limit: 0.0
1100010000000001 53024.0
runproj limit: 0.0
1100011110000011 53024.0
runproj limit: 0.0
1100100110000100 53024.0
runproj limit: 0.0
0101010100000011 53024.0
runproj limit: 0.0
0100010000001010 53024.0
best: 1.0
runproj limit: 0.0
0100110000000010 53024.0
runproj limit: 0.0
0100111000001111 53024.0
runproj limit: 0.0
0100001110000111 53024.0
runproj limit: 0.0
0100111100001100 53024.0
runproj limit: 0.0
1010010010000011 53024.0
runproj limit: 0.0
0100001000001101 53024.0
runproj limit: 0.0
1100000010000100 53024.0
runproj limit: 0.0
0101000000000001 53024.0
runproj limit: 0.0
1100010001000010 53024.0
runproj limit: 0.0
0101101000000011 53024.0
runproj limit: 0.0
1000010111001011 53024.0
runproj limit: 0.0
1100001101101011 53024.0
runproj limit: 0.0
0100011000000010 53024.0
runproj limit: 0.0
1100110111000000 53024.0
runproj limit: 0.0
0101000000000001 53024.0
runproj limit: 0.0
0110011010000011 53024.0
runproj limit: 0.0
0100010000001110 53024.0
runproj limit: 0.0
1000110010110110 53024.0
runproj limit: 0.0
0000100010000010 53024.0
runproj limit: 0.0
0100010011000010 53024.0
best: 1.0
runproj limit: 0.0
1010000000000011 53024.0
runproj limit: 0.0
1100001101101011 53024.0
runproj limit: 0.0
1100000111001001 53024.0
runproj limit: 0.0
0100111100001110 53024.0
runproj limit: 0.0
0100110000110110 53024.0
runproj limit: 0.0
1100010010001011 53024.0
runproj limit: 0.0
1100001010101110 53024.0
runproj limit: 0.0
0100110111000000 53024.0
runproj limit: 0.0
0011011001110110 53024.0
runproj limit: 0.0
0101001100110111 53024.0
runproj limit: 0.0
0100001000001001 53024.0
runproj limit: 0.0
0110010011011001 53024.0
runproj limit: 0.0
0100111100011010 53024.0
runproj limit: 0.0
0100110000000010 53024.0
runproj limit: 0.0
0100111000001111 53024.0
runproj limit: 0.0
0100001110000111 53024.0
runproj limit: 0.0
0100111100001100 53024.0
runproj limit: 0.0
1010010010000011 53024.0
runproj limit: 0.0
0100001000001101 53024.0
runproj limit: 0.0
1100000010000100 53024.0
best: 1.0
runproj limit: 0.0
0100010000011100 53024.0
runproj limit: 0.0
0101001010110110 53024.0
runproj limit: 0.0
0101001101100111 53024.0
runproj limit: 0.0
1100001010000110 53024.0
runproj limit: 0.0
0100111100001010 53024.0
runproj limit: 0.0
0100001101101011 53024.0
runproj limit: 0.0
1010011001010010 53024.0
runproj limit: 0.0
0100111000111110 53024.0
runproj limit: 0.0
1000100010001001 53024.0
runproj limit: 0.0
0011111001110110 53024.0
runproj limit: 0.0
1100011010100000 53024.0
runproj limit: 0.0
1110001100011111 53024.0
runproj limit: 0.0
1100101101101110 53024.0
runproj limit: 0.0
1010000000000011 53024.0
runproj limit: 0.0
1100001101101011 53024.0
runproj limit: 0.0
1100000111001001 53024.0
runproj limit: 0.0
0100111100001110 53024.0
runproj limit: 0.0
0100110000110110 53024.0
runproj limit: 0.0
1100010010001011 53024.0
runproj limit: 0.0
1100001010101110 53024.0
best: 1.0
runproj limit: 0.0
1100001100001110 53024.0
runproj limit: 0.0
0100001101100111 53024.0
runproj limit: 0.0
0101001000000111 53024.0
runproj limit: 0.0
0011011001010010 53024.0
runproj limit: 0.0
1100010000001110 53024.0
runproj limit: 0.0
1010100000001011 53024.0
runproj limit: 0.0
1110001100011111 53024.0
runproj limit: 0.0
0100010110011010 53024.0
runproj limit: 0.0
0111011101101011 53024.0
runproj limit: 0.0
1100110101000010 53024.0
runproj limit: 0.0
1010000000001001 53024.0
runproj limit: 0.0
0110101100010110 53024.0
runproj limit: 0.0
0111010001110101 53024.0
runproj limit: 0.0
0100010000011100 53024.0
runproj limit: 0.0
0101001010110110 53024.0
runproj limit: 0.0
0101001101100111 53024.0
runproj limit: 0.0
1100001010000110 53024.0
runproj limit: 0.0
0100111100001010 53024.0
runproj limit: 0.0
0100001101101011 53024.0
runproj limit: 0.0
1010011001010010 53024.0
best: 1.0
done evolving!
"all is well:)"
>>>>>>>>>>>>>>FINISH OPTIMIZATION>>>>>>>>>>>>>>>
534.26user 230.47system 32:32.64elapsed 39%CPU (0avgtext+0avgdata 112900maxresident)k
1055328inputs+1475040outputs (590major+63321663minor)pagefaults 0swaps
