Optimizing /h/ywang30/nofib/spectral/cryptarithm1
>>>>>>>>>>>>>>>START OPTIMIZATION>>>>>>>>>>>>>>>
pop: 13
gens: 15
arch: 7
limit is: 1.05
runproj limit: 1.05
"All is well :D"
Basetime is: 44312.0
runproj limit: 1.05
01000000000000000000100000000000 44312.0
runproj limit: 1.05
00100000001000000001000000000011 44312.0
runproj limit: 1.05
00000000000000000000000000000000 44312.0
runproj limit: 1.05
00000000000000000000000000000000 44312.0
runproj limit: 1.05
00000000000000000000000001000110 64296.0
runproj limit: 1.05
00000000000000000000000000000000 44312.0
runproj limit: 1.05
00000000000000000000000000000000 44312.0
runproj limit: 1.05
00000000000000000000000000000000 44312.0
runproj limit: 1.05
00001000000000000000001000001000 44312.0
runproj limit: 1.05
00100000000000000000000010000000 44312.0
runproj limit: 1.05
00000100000000001000000000000000 44312.0
runproj limit: 1.05
00001000000010000000000100000001 44312.0
runproj limit: 1.05
00000000000000000000000000001000 44312.0
best: 1.0
runproj limit: 1.05
00000000000000000000000000000000 44312.0
runproj limit: 1.05
00000000000000000000000000000000 44312.0
runproj limit: 1.05
01000000000000000000000000000000 44312.0
runproj limit: 1.05
00000000000000000000000000001000 44312.0
runproj limit: 1.05
00100000000000000001000000000000 44312.0
runproj limit: 1.05
00001000000000000000001000001000 44312.0
runproj limit: 1.05
00000000000000001000000000000000 44312.0
runproj limit: 1.05
00000000000000000000001000000000 44312.0
runproj limit: 1.05
00100000001111001001000110000001 44312.0
runproj limit: 1.05
00001100000000010110011100000000 44312.0
runproj limit: 1.05
00001100110001100111100001010000 64224.0
runproj limit: 1.05
01000100100010000101001000011000 44312.0
runproj limit: 1.05
01100101001000000100000000010000 44312.0
runproj limit: 1.05
01000000000000000000100000000000 44312.0
runproj limit: 1.05
00100000001000000001000000000011 44312.0
runproj limit: 1.05
00000000000000000000000000000000 44312.0
runproj limit: 1.05
00001000000000000000001000001000 44312.0
runproj limit: 1.05
00100000000000000000000010000000 44312.0
runproj limit: 1.05
00000100000000001000000000000000 44312.0
runproj limit: 1.05
00001000000010000000000100000001 44312.0
best: 1.0
runproj limit: 1.05
00100000000000000000000000000000 44312.0
runproj limit: 1.05
01000000100000000000000000001000 44312.0
runproj limit: 1.05
00001000000000000000001000001000 44312.0
runproj limit: 1.05
00100000000000000001000000000011 44312.0
runproj limit: 1.05
01000000000000000000100000000000 44312.0
runproj limit: 1.05
00000000000000000000001000001000 44312.0
runproj limit: 1.05
00000000001101000001000010000001 44312.0
runproj limit: 1.05
00000100000000000101001000010000 44312.0
runproj limit: 1.05
00000100000000101001010001000010 64296.0
runproj limit: 1.05
01010000000100000100000000010001 44312.0
runproj limit: 1.05
11010100100111110101101000011110 44312.0
runproj limit: 1.05
01110100110101011101101010011000 44312.0
runproj limit: 1.05
00110100001110010001011111001111 64224.0
runproj limit: 1.05
00000000000000000000000000000000 44312.0
runproj limit: 1.05
01000000000000000000000000000000 44312.0
runproj limit: 1.05
00000000000000000000000000001000 44312.0
runproj limit: 1.05
00100000000000000001000000000000 44312.0
runproj limit: 1.05
00001000000000000000001000001000 44312.0
runproj limit: 1.05
00000000000000001000000000000000 44312.0
runproj limit: 1.05
00000000000000000000001000000000 44312.0
best: 1.0
runproj limit: 1.05
01010000000100000100000000000000 44312.0
runproj limit: 1.05
00000000000000000001000000000000 44312.0
runproj limit: 1.05
00001000000000000000001000001000 44312.0
runproj limit: 1.05
00000000000000000000000000000000 44312.0
runproj limit: 1.05
00000000000101000101000010010001 44312.0
runproj limit: 1.05
01000000000000000000001000000000 44312.0
runproj limit: 1.05
00000000001000000000000010001000 44312.0
runproj limit: 1.05
00100000000000000001000000000001 44312.0
runproj limit: 1.05
00000000001101000001000010100001 44312.0
runproj limit: 1.05
01101000000010000000010000011000 44312.0
runproj limit: 1.05
01101000010001011100001000001000 44312.0
runproj limit: 1.05
11000101100111100101110001111111 44312.0
runproj limit: 1.05
01100100100100001001101111010111 44312.0
runproj limit: 1.05
00100000000000000000000000000000 44312.0
runproj limit: 1.05
01000000100000000000000000001000 44312.0
runproj limit: 1.05
00001000000000000000001000001000 44312.0
runproj limit: 1.05
00100000000000000001000000000011 44312.0
runproj limit: 1.05
01000000000000000000100000000000 44312.0
runproj limit: 1.05
00000000000000000000001000001000 44312.0
runproj limit: 1.05
00000000001101000001000010000001 44312.0
best: 1.0
runproj limit: 1.05
00001000000100000000001010001000 44312.0
runproj limit: 1.05
00000000001100000000000010000000 44312.0
runproj limit: 1.05
01101000000000000000001000011000 44312.0
runproj limit: 1.05
00100000000101000001000000000011 44312.0
runproj limit: 1.05
00000000000001000001000010100001 44312.0
runproj limit: 1.05
01000000100000000000000000001000 44312.0
runproj limit: 1.05
11010100100100000101010000110110 44312.0
runproj limit: 1.05
00000000000000000000000000000000 44312.0
runproj limit: 1.05
01110010001101100111010001000010 44312.0
runproj limit: 1.05
01110000011000010000010010001000 44312.0
runproj limit: 1.05
01001001100000000000101101001000 44312.0
runproj limit: 1.05
10001001001100001000101010000000 44312.0
runproj limit: 1.05
00010000000100000000111000100000 44312.0
runproj limit: 1.05
01010000000100000100000000000000 44312.0
runproj limit: 1.05
00000000000000000001000000000000 44312.0
runproj limit: 1.05
00001000000000000000001000001000 44312.0
runproj limit: 1.05
00000000000000000000000000000000 44312.0
runproj limit: 1.05
00000000000101000101000010010001 44312.0
runproj limit: 1.05
01000000000000000000001000000000 44312.0
runproj limit: 1.05
00000000001000000000000010001000 44312.0
best: 1.0
runproj limit: 1.05
11111000001100001000000010001000 44312.0
runproj limit: 1.05
00000000000000000000000010100000 44312.0
runproj limit: 1.05
00000000000000000000000010001000 44312.0
runproj limit: 1.05
01000000100001000000000000001001 44312.0
runproj limit: 1.05
01000000100000000000000000001000 44312.0
runproj limit: 1.05
01000000100000000000000000001000 44312.0
runproj limit: 1.05
10011100000100000000001010101000 44312.0
runproj limit: 1.05
01000001000000000000000000001000 44312.0
runproj limit: 1.05
01100000000010000001011010000001 44312.0
runproj limit: 1.05
00111101001100001000001010001011 44312.0
runproj limit: 1.05
10110110101110101111010011001010 64224.0
runproj limit: 1.05
00010000100010010000000000010010 44312.0
runproj limit: 1.05
01000100000010110100011000001011 44312.0
runproj limit: 1.05
00001000000100000000001010001000 44312.0
runproj limit: 1.05
00000000001100000000000010000000 44312.0
runproj limit: 1.05
01101000000000000000001000011000 44312.0
runproj limit: 1.05
00100000000101000001000000000011 44312.0
runproj limit: 1.05
00000000000001000001000010100001 44312.0
runproj limit: 1.05
01000000100000000000000000001000 44312.0
runproj limit: 1.05
11010100100100000101010000110110 44312.0
best: 1.0
runproj limit: 1.05
00100000100000000000000000001001 44312.0
runproj limit: 1.05
01100000000010000100011000000011 44312.0
runproj limit: 1.05
10010100100101000000000000001000 44312.0
runproj limit: 1.05
01000000100000010000010000001010 44312.0
runproj limit: 1.05
00000000000000000000001010110000 44312.0
runproj limit: 1.05
01001000001000000000001000010000 44312.0
runproj limit: 1.05
01001000001100001000000010000000 44312.0
runproj limit: 1.05
01000001000000000000000000001000 44312.0
runproj limit: 1.05
00010100100010101000100001111001 64224.0
runproj limit: 1.05
01111111000101010110000000110010 44312.0
runproj limit: 1.05
01111000000010000101011110001001 44312.0
runproj limit: 1.05
11001000111001000000100011000001 44312.0
runproj limit: 1.05
01000001001001000000010101111000 44312.0
runproj limit: 1.05
11111000001100001000000010001000 44312.0
runproj limit: 1.05
00000000000000000000000010100000 44312.0
runproj limit: 1.05
00000000000000000000000010001000 44312.0
runproj limit: 1.05
01000000100001000000000000001001 44312.0
runproj limit: 1.05
01000000100000000000000000001000 44312.0
runproj limit: 1.05
10011100000100000000001010101000 44312.0
runproj limit: 1.05
01000001000000000000000000001000 44312.0
best: 1.0
runproj limit: 1.05
01000000100001000000000000001001 44312.0
runproj limit: 1.05
11001001101001000000010001000001 44312.0
runproj limit: 1.05
01010000001000000000000010011000 44312.0
runproj limit: 1.05
10111110000100010000000000110000 44312.0
runproj limit: 1.05
01010101100000010010010000011010 44312.0
runproj limit: 1.05
01001001100000000000100011001000 44312.0
runproj limit: 1.05
01001010000100010110000000110010 44312.0
runproj limit: 1.05
01011000100101000100000110001000 44312.0
runproj limit: 1.05
01000100001100000000011001110000 44312.0
runproj limit: 1.05
10100000100000010101110010101010 44312.0
runproj limit: 1.05
11100101000001000000000000111001 44312.0
runproj limit: 1.05
01100011100001010010011000110010 44312.0
runproj limit: 1.05
11111000010010011101011110101111 44312.0
runproj limit: 1.05
00100000100000000000000000001001 44312.0
runproj limit: 1.05
01100000000010000100011000000011 44312.0
runproj limit: 1.05
10010100100101000000000000001000 44312.0
runproj limit: 1.05
01000000100000010000010000001010 44312.0
runproj limit: 1.05
00000000000000000000001010110000 44312.0
runproj limit: 1.05
01001000001000000000001000010000 44312.0
runproj limit: 1.05
01001000001100001000000010000000 44312.0
best: 1.0
runproj limit: 1.05
00010000000000010010011010011010 44312.0
runproj limit: 1.05
01100111100000010010010000010010 44312.0
runproj limit: 1.05
01111011110010010010011010101010 44312.0
runproj limit: 1.05
10011111100001010000000000000000 44312.0
runproj limit: 1.05
01000000000010000000001000000010 44312.0
runproj limit: 1.05
01100000000011010100001010001101 44312.0
runproj limit: 1.05
01000000000000000000011000100011 44312.0
runproj limit: 1.05
11101100000000000000000000111001 44312.0
runproj limit: 1.05
11101001000001010100001010001011 44312.0
runproj limit: 1.05
10100010100001110101110010000100 44312.0
runproj limit: 1.05
01000000101100000000000010000101 44312.0
runproj limit: 1.05
11001010001110010111000110100111 44312.0
runproj limit: 1.05
11001001101011010110010000111001 44312.0
runproj limit: 1.05
01000000100001000000000000001001 44312.0
runproj limit: 1.05
11001001101001000000010001000001 44312.0
runproj limit: 1.05
01010000001000000000000010011000 44312.0
runproj limit: 1.05
10111110000100010000000000110000 44312.0
runproj limit: 1.05
01010101100000010010010000011010 44312.0
runproj limit: 1.05
01001001100000000000100011001000 44312.0
runproj limit: 1.05
01001010000100010110000000110010 44312.0
best: 1.0
runproj limit: 1.05
01101110100010010010000000111010 44312.0
runproj limit: 1.05
01001000000100010110001000010010 44312.0
runproj limit: 1.05
11000000000000010010010000111001 44312.0
runproj limit: 1.05
11000111100000010111010010101111 44312.0
runproj limit: 1.05
11001001100001000000010010001011 44312.0
runproj limit: 1.05
01010101000000010000011000101011 44312.0
runproj limit: 1.05
01000000000010000000001000000010 44312.0
runproj limit: 1.05
11001010001100000101000110100101 44312.0
runproj limit: 1.05
10001001100000100010111011011001 64224.0
runproj limit: 1.05
10000110100001011110111010010100 44312.0
runproj limit: 1.05
01100000101000001001010011110000 44312.0
runproj limit: 1.05
01011000111000001001001010100001 44312.0
runproj limit: 1.05
11101000110001100001110011000101 44312.0
runproj limit: 1.05
00010000000000010010011010011010 44312.0
runproj limit: 1.05
01100111100000010010010000010010 44312.0
runproj limit: 1.05
01111011110010010010011010101010 44312.0
runproj limit: 1.05
10011111100001010000000000000000 44312.0
runproj limit: 1.05
01000000000010000000001000000010 44312.0
runproj limit: 1.05
01100000000011010100001010001101 44312.0
runproj limit: 1.05
01000000000000000000011000100011 44312.0
best: 1.0
runproj limit: 1.05
10011001110000000001000010000001 44312.0
runproj limit: 1.05
01010000000000010000011000001011 44312.0
runproj limit: 1.05
01100010100000010000010010110010 44312.0
runproj limit: 1.05
01000000000011010100001010011101 44312.0
runproj limit: 1.05
10001000100101011110001010010110 44312.0
runproj limit: 1.05
01000000000010000010011000011010 44312.0
runproj limit: 1.05
01000000111000001001010010100001 44312.0
runproj limit: 1.05
01000111000000010000010000000011 44312.0
runproj limit: 1.05
01000111110100010110100000000100 44312.0
runproj limit: 1.05
11100001101000110000011000000010 44312.0
runproj limit: 1.05
01001010100011000000000001110101 44312.0
runproj limit: 1.05
01011011110010100111001000101100 44312.0
runproj limit: 1.05
01001010001001011100000110110111 44312.0
runproj limit: 1.05
01101110100010010010000000111010 44312.0
runproj limit: 1.05
01001000000100010110001000010010 44312.0
runproj limit: 1.05
11000000000000010010010000111001 44312.0
runproj limit: 1.05
11000111100000010111010010101111 44312.0
runproj limit: 1.05
11001001100001000000010010001011 44312.0
runproj limit: 1.05
01010101000000010000011000101011 44312.0
runproj limit: 1.05
01000000000010000000001000000010 44312.0
best: 1.0
runproj limit: 1.05
01001000000000000010001000000010 44312.0
runproj limit: 1.05
01001010000011010000001000010110 44312.0
runproj limit: 1.05
01000011100001010110010010001100 44312.0
runproj limit: 1.05
01001011000011110100001010011101 44312.0
runproj limit: 1.05
10100000100000011010000010010110 44312.0
runproj limit: 1.05
01001010000011010100000100110111 44312.0
runproj limit: 1.05
11001000100001000000000001101001 44312.0
runproj limit: 1.05
01010000000000010000011000001011 44312.0
runproj limit: 1.05
11000000010000101110010000101001 44312.0
runproj limit: 1.05
01011010000000010111011010100000 44312.0
runproj limit: 1.05
10000101110010010000011100001111 44312.0
runproj limit: 1.05
11000011011010010100101100110101 44312.0
runproj limit: 1.05
01000010000000001100101001111001 44312.0
runproj limit: 1.05
10011001110000000001000010000001 44312.0
runproj limit: 1.05
01010000000000010000011000001011 44312.0
runproj limit: 1.05
01100010100000010000010010110010 44312.0
runproj limit: 1.05
01000000000011010100001010011101 44312.0
runproj limit: 1.05
10001000100101011110001010010110 44312.0
runproj limit: 1.05
01000000000010000010011000011010 44312.0
runproj limit: 1.05
01000000111000001001010010100001 44312.0
best: 1.0
runproj limit: 1.05
10100000000000010010001000010111 44312.0
runproj limit: 1.05
11000011011010010100101100110101 44312.0
runproj limit: 1.05
11001001110010010000100001101101 44312.0
runproj limit: 1.05
01001011000011010100001010011101 44312.0
runproj limit: 1.05
01001000000101011010001010010110 44312.0
runproj limit: 1.05
11000100100010010000010100001011 44312.0
runproj limit: 1.05
11001010101011000100000000110101 44312.0
runproj limit: 1.05
00001001110000000001000010000001 44312.0
runproj limit: 1.05
00110010010101011011001010010110 44312.0
runproj limit: 1.05
01010011001101010110010010001110 44312.0
runproj limit: 1.05
01000010000010010100011000001010 44312.0
runproj limit: 1.05
01100000110110110000111011110011 44312.0
runproj limit: 1.05
01001011000110011110001001011111 44312.0
runproj limit: 1.05
01001000000000000010001000000010 44312.0
runproj limit: 1.05
01001010000011010000001000010110 44312.0
runproj limit: 1.05
01000011100001010110010010001100 44312.0
runproj limit: 1.05
01001011000011110100001010011101 44312.0
runproj limit: 1.05
10100000100000011010000010010110 44312.0
runproj limit: 1.05
01001010000011010100000100110111 44312.0
runproj limit: 1.05
11001000100001000000000001101001 44312.0
best: 1.0
runproj limit: 1.05
01000000000111110100011011010101 44312.0
runproj limit: 1.05
01010010101101000100000000011100 44312.0
runproj limit: 1.05
01010011011001010100010100101101 44312.0
runproj limit: 1.05
11000010100001000100010010010101 44312.0
runproj limit: 1.05
01001011000010011110001001011101 44312.0
runproj limit: 1.05
01000011011010010110011110000101 44312.0
runproj limit: 1.05
10100110010100010011011010001111 44312.0
runproj limit: 1.05
01001010000111011010001000011110 44312.0
runproj limit: 1.05
10001000100010111010001110011010 44312.0
runproj limit: 1.05
00111010010101010011101010010110 44312.0
runproj limit: 1.05
11001110101000100110001100011000 44312.0
runproj limit: 1.05
11101011000111110101000010100110 44312.0
runproj limit: 1.05
11001111011011010100010000000101 44312.0
runproj limit: 1.05
10100000000000010010001000010111 44312.0
runproj limit: 1.05
11000011011010010100101100110101 44312.0
runproj limit: 1.05
11001001110010010000100001101101 44312.0
runproj limit: 1.05
01001011000011010100001010011101 44312.0
runproj limit: 1.05
01001000000101011010001010010110 44312.0
runproj limit: 1.05
11000100100010010000010100001011 44312.0
runproj limit: 1.05
11001010101011000100000000110101 44312.0
best: 1.0
runproj limit: 1.05
11000011000011100101000010010111 44312.0
runproj limit: 1.05
01000011011001010100011110101101 44312.0
runproj limit: 1.05
01010010000001010100010000010101 44312.0
runproj limit: 1.05
00110110010100010011011010011111 44312.0
runproj limit: 1.05
11001000000011000100011011110101 44312.0
runproj limit: 1.05
10101000000010011010001110011111 44312.0
runproj limit: 1.05
11101011000111110101000010100110 44312.0
runproj limit: 1.05
01001001100110010010101001011100 44312.0
runproj limit: 1.05
01110111011010010110001100100001 44312.0
runproj limit: 1.05
11001001010000010000001011111101 44312.0
runproj limit: 1.05
10100000000010111010101111001010 64224.0
runproj limit: 1.05
01101111000101010110101011010001 44312.0
runproj limit: 1.05
01110100011101101011111011011111 44312.0
runproj limit: 1.05
01000000000111110100011011010101 44312.0
runproj limit: 1.05
01010010101101000100000000011100 44312.0
runproj limit: 1.05
01010011011001010100010100101101 44312.0
runproj limit: 1.05
11000010100001000100010010010101 44312.0
runproj limit: 1.05
01001011000010011110001001011101 44312.0
runproj limit: 1.05
01000011011010010110011110000101 44312.0
runproj limit: 1.05
10100110010100010011011010001111 44312.0
best: 1.0
done evolving!
"all is well:)"
>>>>>>>>>>>>>>FINISH OPTIMIZATION>>>>>>>>>>>>>>>
704.62user 228.81system 35:57.76elapsed 43%CPU (0avgtext+0avgdata 110976maxresident)k
967624inputs+1274808outputs (295major+62870283minor)pagefaults 0swaps
