Optimizing /h/ywang30/nofib/spectral/eliza
>>>>>>>>>>>>>>>START OPTIMIZATION>>>>>>>>>>>>>>>
pop: 13
gens: 15
arch: 7
limit is: 0.0
runproj limit: 0.0
"All is well :D"
Basetime is: 53024.0
runproj limit: 0.0
00000000000000000000000000000000000000000000000000000000000000000000000000000000000000000000000000000000000000000000000000000000000000000 53024.0
runproj limit: 0.0
00100000001000000001000000000011000000000000000000000000000000010010000000000000000000000000000000000000001000000010000001000000000000010 53024.0
runproj limit: 0.0
00000000000100000010000010011010000000000000110000010000100000000000000000001000001000000000000000010000001000010001001100000001000000000 53024.0
runproj limit: 0.0
00000000000000000000000000000000000000000000000000000000000000000000000000000000000000000000000000000000000000000000000000000000000000000 53024.0
runproj limit: 0.0
00000000000000000000000000000000000000000000000000000000000000000000000000000000000000000000000000000000000000000000000000000000000000000 53024.0
runproj limit: 0.0
00100000100100000000000100001000000000000000000010000000000000001100000001000000000010000000000101000000000000010000010010000100100010000 53024.0
runproj limit: 0.0
10000000000000000000000000110001010100001000000100000001000001000000101000000000000001010000000000000000110000001000000000000010100000010 53024.0
runproj limit: 0.0
01000000000011000000001000000000000000000000001000000100000010100000000000000000000100110000100001000000010000000010100000000000000000000 53024.0
runproj limit: 0.0
00001000000000000000001000001000000000000000000001000001000000001000001001000000000000000001000000000000000101000001000000000000000000000 53024.0
runproj limit: 0.0
00000000000000000000000000000000000000000000000000000000000000000000000000000000000000000000000000000000000000000000000000000000000000000 53024.0
runproj limit: 0.0
00000100000000001000000000000000000010100000000000000000000010110000000000001000001111000000100000000100000010000000000000100010000010000 53024.0
runproj limit: 0.0
00001000000010000000000100000001000000000010000000000000000000000100000010000000000000000000000000000100001000000000000000100000000000000 53024.0
runproj limit: 0.0
00000000000000000000000000001000000000000000010000000000000000110001100000100100000000000000000100001000100011000000000000000100000010000 53024.0
best: 1.0
runproj limit: 0.0
00000000000000000010000000001010000000000000110000010000100000000000000000000000000000000000000000010000000000010001001100000000000000000 53024.0
runproj limit: 0.0
00000000000100000000000010011001000000000000110000010000000000000000101000000000000001010000000000010000010000000001001100000001000000000 53024.0
runproj limit: 0.0
00100000100100000000000100000000000000000000000000000000000000000000000001000000000010000000000000000000000000000000010000000100000000000 53024.0
runproj limit: 0.0
00000000000000000000000000001000000000000000000001000000000000010000001000000100000000000001000100001000000001000001000000000000000000000 53024.0
runproj limit: 0.0
10100000000000000001000000110001000100001000000000000000000001000000001000000000000001010000000000000000110000000000000001000000000000010 53024.0
runproj limit: 0.0
10001000000000000000001000011001010100000000000101000001000001001000101000000000000000000001000000000000010100001000000000000010000000010 53024.0
runproj limit: 0.0
01000000000000001000000000000000000010100000000000000100000010100000000000000000001100100000100001000100000000000010000000000000000010000 53024.0
runproj limit: 0.0
10000000000000000000000000010000010100001000000100000000000000000000101000000000000001000000000000000000100000000000000000000000100000000 53024.0
runproj limit: 0.0
00100000001111001001000110000001000000100000010001000111001010010010100011000100000000110001000010001000101010000110000101101000001000010 53024.0
runproj limit: 0.0
00000100000010010110011000000001011110000001010101000000000100000000000000000000000110101000101000000001000000100001000010010100000100000 53024.0
runproj limit: 0.0
01001100110001100111000001010000000100100000010000001001001000000000001000100000001010100001001001011001001000000000000010100010001000110 53024.0
runproj limit: 0.0
01100100000110000101001100010000100000000000000001010100010001101100000101000010001011000001010101101000001111010001000110000100100010110 53024.0
runproj limit: 0.0
01100101001100000110000010001010001000100000100111101100100000000000000100001000001000010001011110001000011000010011001101001001000000000 53024.0
runproj limit: 0.0
00000000000000000000000000000000000000000000000000000000000000000000000000000000000000000000000000000000000000000000000000000000000000000 53024.0
runproj limit: 0.0
00100000001000000001000000000011000000000000000000000000000000010010000000000000000000000000000000000000001000000010000001000000000000010 53024.0
runproj limit: 0.0
00000000000100000010000010011010000000000000110000010000100000000000000000001000001000000000000000010000001000010001001100000001000000000 53024.0
runproj limit: 0.0
00100000100100000000000100001000000000000000000010000000000000001100000001000000000010000000000101000000000000010000010010000100100010000 53024.0
runproj limit: 0.0
10000000000000000000000000110001010100001000000100000001000001000000101000000000000001010000000000000000110000001000000000000010100000010 53024.0
runproj limit: 0.0
01000000000011000000001000000000000000000000001000000100000010100000000000000000000100110000100001000000010000000010100000000000000000000 53024.0
runproj limit: 0.0
00001000000000000000001000001000000000000000000001000001000000001000001001000000000000000001000000000000000101000001000000000000000000000 53024.0
best: 1.0
runproj limit: 0.0
00100000000000000000000000010000000110000000000000000100000011100000001000000000000001110000000001000000110000000010000001000000000010000 53024.0
runproj limit: 0.0
01100000000100000000000100000000100000000000000001000100010001000000000101000010000010000000010101101000001010010000000000000100000000000 53024.0
runproj limit: 0.0
00000100100100100111000101000000000100100000010000000000001000000000000001000000000010000001000001011001001000010000000010000110001010110 53024.0
runproj limit: 0.0
00100000000000000001000000000011000000001000000000000000000000000000001000000000000001000000000000000000011000000010000001000000000000010 53024.0
runproj limit: 0.0
00000000100100000000000100000000000000000000000000000000000000000000000001000000000000000000000000000000000000000000000000000000000000000 53024.0
runproj limit: 0.0
00100000000000000000000100001000000000000000000001000000000000000100001000000100000000000001000101001000000000000001000000000000100010000 53024.0
runproj limit: 0.0
00000000001101000001000010001011000000100000010000010111100000010010000000000100000000000001000000010000000010010110000100101000000000010 53024.0
runproj limit: 0.0
00100100000010000101001100010001000010000000010001010100010000000000000000000010000110100000101000101000000000010001000110010100100110110 53024.0
runproj limit: 0.0
01000000000011100001011001000010000000010011101110000101001010100000001101011011000100010000100011000111011101100110001000100011010100000 53024.0
runproj limit: 0.0
00010000000100000100100000010001000000100000011000000010001001100101000101000001010001000000001011010001000100001010001100100000011010000 53024.0
runproj limit: 0.0
11110100000011110101101100010110100000110001001000011101100011000110100001000011101101101001000100101010000011000011100110000000100010111 53024.0
runproj limit: 0.0
01010100010001011101101110010000111110100001010000010000110000101100001111000010000110000001011000011010011010010001100000000101000000010 53024.0
runproj limit: 0.0
00110100001110010001011111001111011011100101010001001111101010000011110010100010010000110101001010100101110010010111001101101000011000011 53024.0
runproj limit: 0.0
00000000000000000010000000001010000000000000110000010000100000000000000000000000000000000000000000010000000000010001001100000000000000000 53024.0
runproj limit: 0.0
00000000000100000000000010011001000000000000110000010000000000000000101000000000000001010000000000010000010000000001001100000001000000000 53024.0
runproj limit: 0.0
00100000100100000000000100000000000000000000000000000000000000000000000001000000000010000000000000000000000000000000010000000100000000000 53024.0
runproj limit: 0.0
00000000000000000000000000001000000000000000000001000000000000010000001000000100000000000001000100001000000001000001000000000000000000000 53024.0
runproj limit: 0.0
10100000000000000001000000110001000100001000000000000000000001000000001000000000000001010000000000000000110000000000000001000000000000010 53024.0
runproj limit: 0.0
10001000000000000000001000011001010100000000000101000001000001001000101000000000000000000001000000000000010100001000000000000010000000010 53024.0
runproj limit: 0.0
01000000000000001000000000000000000010100000000000000100000010100000000000000000001100100000100001000100000000000010000000000000000010000 53024.0
best: 1.0
runproj limit: 0.0
00010000000110100101000001000000000000010000111010000111001010100101001101000001000100000000100011000111000100100010001100100001011100000 53024.0
runproj limit: 0.0
01000000000000000001000000000000000010001000000000000100000000000000001000000000001101000000000001000100010000000010000001000000000000000 53024.0
runproj limit: 0.0
10000100100100000101000100010001000100000000010101000000001001001000001001000000000010000001000000001000001100000000000000000010001010010 53024.0
runproj limit: 0.0
00000000000000100011000000001000000000000000010001000000001000010000001000000000000010000001000000001001000001000000000010000000001010100 53024.0
runproj limit: 0.0
00000000000101000101000010010011000000100000010000010111000001110110000001000000010000000000001011010000000000000010001100100000010010000 53024.0
runproj limit: 0.0
00000000000100000000000010000001000000100000110000000100000000000000101000000000000001000000000000010100010000000001001100000000000010000 53024.0
runproj limit: 0.0
00000000100100000000000100000000000000010010001100000000001000100000001101000011000100010000000011000100010101100100010000100011010100000 53024.0
runproj limit: 0.0
10100000000000000001000000010001000100001000000000000000000000000000001000000000000001000000000000000000110000000010000001000000000000010 53024.0
runproj limit: 0.0
00000000001101000001000010101011100000100100010000010111001010000010000100100111110110100111000011111000000010011110000101101011100001000 53024.0
runproj limit: 0.0
01101000000010000000010000001000001110101001000000000101100001101001011000110000001011110010101001110110110001100010110011010000000010000 53024.0
runproj limit: 0.0
01100100110101111011000101000000000110100001010010011010011000010000110101001010100001010001000001111000000000011001000000100101001000000 53024.0
runproj limit: 0.0
11100101000011100101110101110111100010100001011000001101100111010110100000010000101101101101010100111001010001100111101110000001100001111 53024.0
runproj limit: 0.0
01000100000000001001101011011111101010100001010000010001110000000000001111000011000111001001011000001011010110011101100000010010001001110 53024.0
runproj limit: 0.0
00100000000000000000000000010000000110000000000000000100000011100000001000000000000001110000000001000000110000000010000001000000000010000 53024.0
runproj limit: 0.0
01100000000100000000000100000000100000000000000001000100010001000000000101000010000010000000010101101000001010010000000000000100000000000 53024.0
runproj limit: 0.0
00000100100100100111000101000000000100100000010000000000001000000000000001000000000010000001000001011001001000010000000010000110001010110 53024.0
runproj limit: 0.0
00100000000000000001000000000011000000001000000000000000000000000000001000000000000001000000000000000000011000000010000001000000000000010 53024.0
runproj limit: 0.0
00000000100100000000000100000000000000000000000000000000000000000000000001000000000000000000000000000000000000000000000000000000000000000 53024.0
runproj limit: 0.0
00100000000000000000000100001000000000000000000001000000000000000100001000000100000000000001000101001000000000000001000000000000100010000 53024.0
runproj limit: 0.0
00000000001101000001000010001011000000100000010000010111100000010010000000000100000000000001000000010000000010010110000100101000000000010 53024.0
best: 1.0
runproj limit: 0.0
00000100100100000101000110000010000000100000010000010000000001100110000001000000010010000000001001011000000000000010000100000010011010100 53024.0
runproj limit: 0.0
00000000001100000000000110001010000000010010000100010111100000000010000101000011000100000001000001000100010001000100000100100000000000010 53024.0
runproj limit: 0.0
01100100000000000001000001001000001100100001010000000101000000001000011001110000001011010000000001010101000000100000100010010000001010110 53024.0
runproj limit: 0.0
00100000000101000001000000001011000000101000010000010001100000010000000000000000000000000000000000010000011000010110000100101000000000010 53024.0
runproj limit: 0.0
00000000000001000001000010101001100100101100010000010111000000000000000100000001110011000010000001010000110010010110000001001000100000010 53024.0
runproj limit: 0.0
01100000000100000000000100000000000000000000000001000000010001000100000001000110000010000001000101001000000000000000000000000000100010000 53024.0
runproj limit: 0.0
10110100000110100101010001110110000010100001011000001111101011010111100000010000100100100001110001011111010100100011101100100001010101011 53024.0
runproj limit: 0.0
01000000000000100011000000001000000000000000010001000100000000010000001000000000001101000000000001000001000001000010000011000000000000100 53024.0
runproj limit: 0.0
00110010001111000110010000000010101000011000111010000110000111000101001101110000010001001010100011000111100110101110000100100011000100001 53024.0
runproj limit: 0.0
01110000110100010000010100000000000010010010011111001011001110100001000001000011010001010111000001010110110101000100101000100011000000110 53024.0
runproj limit: 0.0
01101001000100000000101001000000100000000000000001010000010000101011000101100010001011010000011100101010011110111000100000110101100000011 53024.0
runproj limit: 0.0
00000101101000001101100110011001000100010000010100100000011001101000001111000010100011100001000010000100101000011101000000010010000011010 53024.0
runproj limit: 0.0
01010000000110100001111001100000100010000010111010110011101110100101001101100011110100010000001011000110100000010110001100010000111101010 53024.0
runproj limit: 0.0
00010000000110100101000001000000000000010000111010000111001010100101001101000001000100000000100011000111000100100010001100100001011100000 53024.0
runproj limit: 0.0
01000000000000000001000000000000000010001000000000000100000000000000001000000000001101000000000001000100010000000010000001000000000000000 53024.0
runproj limit: 0.0
10000100100100000101000100010001000100000000010101000000001001001000001001000000000010000001000000001000001100000000000000000010001010010 53024.0
runproj limit: 0.0
00000000000000100011000000001000000000000000010001000000001000010000001000000000000010000001000000001001000001000000000010000000001010100 53024.0
runproj limit: 0.0
00000000000101000101000010010011000000100000010000010111000001110110000001000000010000000000001011010000000000000010001100100000010010000 53024.0
runproj limit: 0.0
00000000000100000000000010000001000000100000110000000100000000000000101000000000000001000000000000010100010000000001001100000000000010000 53024.0
runproj limit: 0.0
00000000100100000000000100000000000000010010001100000000001000100000001101000011000100010000000011000100010101100100010000100011010100000 53024.0
best: 1.0
runproj limit: 0.0
01110000100000001100000110010001000100010000010110000011011111100000001001000011010001000011000010000100100100001101101000100010000001010 53024.0
runproj limit: 0.0
00000000000000100001000010101000100100100100010001000110000000000000001000000001000011000000000001010000100011010110000001001000000000110 53024.0
runproj limit: 0.0
01000000100000000000000100000000000010000010001100000100000000000000001000000001000101010000000001000100010001000000010000100000010000000 53024.0
runproj limit: 0.0
01000000000101000000000100000011000000100000000001010011010001110100000001000100010000000000001101010000000000000010000000000000010010000 53024.0
runproj limit: 0.0
01100000000100000000000100000000000000000000000001000000010001000100000001000110000010000001000101001000000000000000000000000000100010000 53024.0
runproj limit: 0.0
01000000000100100011000000000000000000000000000001000100010001010100001001000100000111000000000101001000000000000010000011000000100010000 53024.0
runproj limit: 0.0
10010100100100100101000110100010000000100000011000001110001001100110000001000000100110100000000001011101000000100011000100100001011011110 53024.0
runproj limit: 0.0
01100101100100000001000100000000000000010000000000000000011001100000001101000110000010000001000110000100001000001100000000000000000010000 53024.0
runproj limit: 0.0
00100000000110000001010000000000000000100000111001011100100010000001100001000000001001100000000000110110111001100000001110000000001111000 53024.0
runproj limit: 0.0
10110001101000001101000110010010000110011001110100111011011101111100101001000110100011110001000010000100100101011101100011000010010010010 53024.0
runproj limit: 0.0
11110110101100001110010010001010001101011100101110010110101000100011101000110000011001001010100010001001100011101110000100000010110000001 53024.0
runproj limit: 0.0
01010000100010110011000000011010101100000000000001000100110101010101001010100000011101001101100000110000100001100010000011001011000011100 53024.0
runproj limit: 0.0
00000100000110110100010010001010110000000000010101010111000001010010110001001000001001100000010100000001000001010000101110000011001000000 53024.0
runproj limit: 0.0
00000100100100000101000110000010000000100000010000010000000001100110000001000000010010000000001001011000000000000010000100000010011010100 53024.0
runproj limit: 0.0
00000000001100000000000110001010000000010010000100010111100000000010000101000011000100000001000001000100010001000100000100100000000000010 53024.0
runproj limit: 0.0
01100100000000000001000001001000001100100001010000000101000000001000011001110000001011010000000001010101000000100000100010010000001010110 53024.0
runproj limit: 0.0
00100000000101000001000000001011000000101000010000010001100000010000000000000000000000000000000000010000011000010110000100101000000000010 53024.0
runproj limit: 0.0
00000000000001000001000010101001100100101100010000010111000000000000000100000001110011000010000001010000110010010110000001001000100000010 53024.0
runproj limit: 0.0
01100000000100000000000100000000000000000000000001000000010001000100000001000110000010000001000101001000000000000000000000000000100010000 53024.0
runproj limit: 0.0
10110100000110100101010001110110000010100001011000001111101011010111100000010000100100100001110001011111010100100011101100100001010101011 53024.0
best: 1.0
runproj limit: 0.0
00100010100100001110000000001011000001011000101100010000100000010011100000010000011000000010000010010000111010011110000100101010100000011 53024.0
runproj limit: 0.0
00100000000110000100010000001010010000100000010001010001000001010010100001001000000001000000010100000001010000010100001100001011001000010 53024.0
runproj limit: 0.0
10010100000101000100000100000010000000100000000000011110000001110100000001000000110100000000001101011000000000100011000100000000010010000 53024.0
runproj limit: 0.0
00000000000100110011010000000010000000000000010101010101000001010010010001001100000001000000010100000001000001010000101011000010001010000 53024.0
runproj limit: 0.0
00000100000000100001000010101000100100100100010000000101000000000000001000010001000011000000000001010001100011100010000000010000000010110 53024.0
runproj limit: 0.0
01000000001000000001000001001000000100000000010100010111100000000000001101100010001100010001000001000100000000000000000100100000000010010 53024.0
runproj limit: 0.0
01000000001100001100000110001011000100010000010110000011010110100000001001000011000001000001000011000100000101000100100100100000000001010 53024.0
runproj limit: 0.0
01100001100100000001000100000000000000010000000000000000011001000000000001000110000010000001000101001100001000000100000000000000100010000 53024.0
runproj limit: 0.0
00010100000110101000100101110011001001110111000101010010010001010101000001011110010000110100100101010001101100000110000001010010110010000 53024.0
runproj limit: 0.0
00111111000101110101000000111010100110000101111000000101101101000100001110001101011101111100101000110000110000110100000010001011000001100 53024.0
runproj limit: 0.0
00111000000110000101010100001000000000110000001011001000100110000101101101000000111001101100001000110101101001101001111000110001001111100 53024.0
runproj limit: 0.0
11001000011101000000100111001011110000100011100011010111011101110001101111001101000000011010101101011111001101110111000010000101010011000 53024.0
runproj limit: 0.0
01100101101101000001010001110000000110011000101000101000011000000000001101110011001111000100001100000101001100100100000001000001010010000 53024.0
runproj limit: 0.0
01110000100000001100000110010001000100010000010110000011011111100000001001000011010001000011000010000100100100001101101000100010000001010 53024.0
runproj limit: 0.0
00000000000000100001000010101000100100100100010001000110000000000000001000000001000011000000000001010000100011010110000001001000000000110 53024.0
runproj limit: 0.0
01000000100000000000000100000000000010000010001100000100000000000000001000000001000101010000000001000100010001000000010000100000010000000 53024.0
runproj limit: 0.0
01000000000101000000000100000011000000100000000001010011010001110100000001000100010000000000001101010000000000000010000000000000010010000 53024.0
runproj limit: 0.0
01100000000100000000000100000000000000000000000001000000010001000100000001000110000010000001000101001000000000000000000000000000100010000 53024.0
runproj limit: 0.0
01000000000100100011000000000000000000000000000001000100010001010100001001000100000111000000000101001000000000000010000011000000100010000 53024.0
runproj limit: 0.0
10010100100100100101000110100010000000100000011000001110001001100110000001000000100110100000000001011101000000100011000100100001011011110 53024.0
best: 1.0
runproj limit: 0.0
01100000000101000000000100000011000000100000000001010001010001000100000001000100010010000000000101010000000000000000000000000000000010000 53024.0
runproj limit: 0.0
11001101001101000001010101001011010110000011100000001011011000110001101111011111000001001000001100000111001101110110000000000101010011000 53024.0
runproj limit: 0.0
01010100000000100100000010000001100100110100010010000101001011100000001001000011010011000011000001010100100110001000001000000010000011110 53024.0
runproj limit: 0.0
01101010000100110011000000111000000010000001110001000101110001000100001001001100011111111000000101111000010000100000000011001011100000000 53024.0
runproj limit: 0.0
00010101000100110001010000010010100100000101110100000101100101010000010000001100001101011000100100110000110000110000001010000010000001100 53024.0
runproj limit: 0.0
01101001000100000000100111000000110000010001100010010010011001010001100001001111000010001000000101001100001000000110000000000101100011000 53024.0
runproj limit: 0.0
00001010000100110101000000111010100100000100011000000110001001000100001000001001001011010100101000110000110011110110000000001001000000110 53024.0
runproj limit: 0.0
00011000000101000100000100000010000000110000000010011110000001000100001101000000110100101000001100011001101000101001101100010000010010100 53024.0
runproj limit: 0.0
01001100001100000001010000101000011100011000010100001110100101010011001001101000011100001011000000000110100000001000000100000000010000010 53024.0
runproj limit: 0.0
11100000000100110110110010100010000000100100011101010111100001010110110101000100000001011000010110101001100000110110100010100111000010000 53024.0
runproj limit: 0.0
11100101100101000000000100110011010101111110110010110110110101110100010000010001010001010001101101011000100010100010100110100001010010111 53024.0
runproj limit: 0.0
00100011000101110001011000111010000001000000101101000001111001000010110001011100010011110000110100011001000001001000101011001011001010000 53024.0
runproj limit: 0.0
10111000010110011101010100101110000000110100010011000000000111000101001001100001011001101010001100110111100000101001011001010001011110100 53024.0
runproj limit: 0.0
00100010100100001110000000001011000001011000101100010000100000010011100000010000011000000010000010010000111010011110000100101010100000011 53024.0
runproj limit: 0.0
00100000000110000100010000001010010000100000010001010001000001010010100001001000000001000000010100000001010000010100001100001011001000010 53024.0
runproj limit: 0.0
10010100000101000100000100000010000000100000000000011110000001110100000001000000110100000000001101011000000000100011000100000000010010000 53024.0
runproj limit: 0.0
00000000000100110011010000000010000000000000010101010101000001010010010001001100000001000000010100000001000001010000101011000010001010000 53024.0
runproj limit: 0.0
00000100000000100001000010101000100100100100010000000101000000000000001000010001000011000000000001010001100011100010000000010000000010110 53024.0
runproj limit: 0.0
01000000001000000001000001001000000100000000010100010111100000000000001101100010001100010001000001000100000000000000000100100000000010010 53024.0
runproj limit: 0.0
01000000001100001100000110001011000100010000010110000011010110100000001001000011000001000001000011000100000101000100100100100000000001010 53024.0
best: 1.0
runproj limit: 0.0
00010100000100110001010010010010100100000100110100000101100101010000001000010000000011000000000101010001100000110010000000010010000001110 53024.0
runproj limit: 0.0
00100111000100110001010000011010100101000101110100000101101001010000010000011100001011011000100100111001000000111000001011001011001000000 53024.0
runproj limit: 0.0
00111011010110110001011000101010000001100100000011000000110011000001100001001001011011110000000100111011100001001001101011011011001010000 53024.0
runproj limit: 0.0
11001011000101010011000000001000000010000011100000000011011001010100101111001100001001001000001100001000001000110010000010001001010001000 53024.0
runproj limit: 0.0
00000100000110100001000000001010010000100000010001000001000001010010100000011000000001000000010000000001110011100110001100011001001000110 53024.0
runproj limit: 0.0
00100000000111010100000100001110000000100000000001000000000111000100001001000100010011101010001100110010100000100001010001000000001010000 53024.0
runproj limit: 0.0
00000000000100000001010000101010010100110000010100011100100001010010001001001000000101000010010000000011110000010100001100001010000000010 53024.0
runproj limit: 0.0
11100100100000000000000100100011010101111000010000110111110101000000010100100010010100010001101001000100100000100000000100100001010010010 53024.0
runproj limit: 0.0
10101001000101010100000010000010010000000000001101010101000001011110101011111101000001000001011001001010010000010100011100001001001000110 53024.0
runproj limit: 0.0
11100010000101010110110010001100000000101101001001010111101001011100010110000100001001011010010110100011100000110110100010110011000000010 53024.0
runproj limit: 0.0
01000100100100100100000010011100100100110000010000010101101001100000001000101000111111000010100011000011100110100010101010100010000000110 53024.0
runproj limit: 0.0
10001010001110110100000110101111111100100111011001000010001001100110001100111011001011110110101000111010101101110100000100001001000011110 53024.0
runproj limit: 0.0
11001101001111010111010100110011110000100111000100100101001110110011101110011111000001001000001000000101000001111111000000001101010011010 53024.0
runproj limit: 0.0
01100000000101000000000100000011000000100000000001010001010001000100000001000100010010000000000101010000000000000000000000000000000010000 53024.0
runproj limit: 0.0
11001101001101000001010101001011010110000011100000001011011000110001101111011111000001001000001100000111001101110110000000000101010011000 53024.0
runproj limit: 0.0
01010100000000100100000010000001100100110100010010000101001011100000001001000011010011000011000001010100100110001000001000000010000011110 53024.0
runproj limit: 0.0
01101010000100110011000000111000000010000001110001000101110001000100001001001100011111111000000101111000010000100000000011001011100000000 53024.0
runproj limit: 0.0
00010101000100110001010000010010100100000101110100000101100101010000010000001100001101011000100100110000110000110000001010000010000001100 53024.0
runproj limit: 0.0
01101001000100000000100111000000110000010001100010010010011001010001100001001111000010001000000101001100001000000110000000000101100011000 53024.0
runproj limit: 0.0
00001010000100110101000000111010100100000100011000000110001001000100001000001001001011010100101000110000110011110110000000001001000000110 53024.0
best: 1.0
runproj limit: 0.0
00100110000110010000000000100010010001101000010010000000110011000000000100100001011000010000001001010100100000001000100110011011011010000 53024.0
runproj limit: 0.0
00001100000100110101000000011010000000000100010000000111000001010100000000011000001011010000001000110001110011110110001100011001000000110 53024.0
runproj limit: 0.0
11000100000100010011010100110011100100100110110100000101000100010000101010010101000011001000001001010101000000111010000000000011000011110 53024.0
runproj limit: 0.0
10000111000100110100010010100111101100100111110101000011001101100010000100101010001001010110100000110000110001110000001000000000000011100 53024.0
runproj limit: 0.0
11001001000101000001010010000010010000000000000101000111001000011110101011111111000001000000001101000011000101110110010100000101000010110 53024.0
runproj limit: 0.0
00010101000100110001010000100010010100110101010100001101100101010000011001001100000101011000100100100001110000110000001010001010000000010 53024.0
runproj limit: 0.0
00000100000110100001000000001010010000100000010001000001000001010010100000011000000001000000010000000001110011100110001100011001001000110 53024.0
runproj limit: 0.0
10101010001100000100000110101101111100000111000011000010011001000000001101101011001010000000000100011010101000110100000000000001100011010 53024.0
runproj limit: 0.0
10101001000100100010111111010001101000011010001100100010010001010111111011011111110010000100110111001110101000000111111000000100110001001 53024.0
runproj limit: 0.0
11000110000101111101111010011100010010101101001001110110111001001000011010000101011011011100000111101011010000110110101001100011111011001 53024.0
runproj limit: 0.0
01100100100000101101010011101001100100111001011000110111100100000000101001100000011011010110001010101110110110101011100111110011100100110 53024.0
runproj limit: 0.0
00011100111100101000000010101001100100000100000001000001100101110010001001000001110100100000011001000001011001100110001101010000000000111 53024.0
runproj limit: 0.0
10101000010101000010110011001101010110101111101001100111110101101100010111001100100100011011010001101011010010110110000001010011100000010 53024.0
runproj limit: 0.0
00010100000100110001010010010010100100000100110100000101100101010000001000010000000011000000000101010001100000110010000000010010000001110 53024.0
runproj limit: 0.0
00100111000100110001010000011010100101000101110100000101101001010000010000011100001011011000100100111001000000111000001011001011001000000 53024.0
runproj limit: 0.0
00111011010110110001011000101010000001100100000011000000110011000001100001001001011011110000000100111011100001001001101011011011001010000 53024.0
runproj limit: 0.0
11001011000101010011000000001000000010000011100000000011011001010100101111001100001001001000001100001000001000110010000010001001010001000 53024.0
runproj limit: 0.0
00000100000110100001000000001010010000100000010001000001000001010010100000011000000001000000010000000001110011100110001100011001001000110 53024.0
runproj limit: 0.0
00100000000111010100000100001110000000100000000001000000000111000100001001000100010011101010001100110010100000100001010001000000001010000 53024.0
runproj limit: 0.0
00000000000100000001010000101010010100110000010100011100100001010010001001001000000101000010010000000011110000010100001100001010000000010 53024.0
best: 1.0
runproj limit: 0.0
11001101110100000000000010001001000110000010000000000011111101010010101001000101111101100000011100001000011001100010000100001001010001011 53024.0
runproj limit: 0.0
00010000000100010001010000000010010100110000010100000100100001010000001000010000000001000000010000000001100000010100001000010010000000110 53024.0
runproj limit: 0.0
01100110100000110001010010111010100101000001110000110111101100000000001001100000001011010100101110111000010000111011101111010011001100100 53024.0
runproj limit: 0.0
00000100000111110100000000011110000100000000100100000101100111010100001001010100010011001000000101010000100000110001010001010000001010000 53024.0
runproj limit: 0.0
11001100000101111101001010011110010000001101011001110110110001011100001010010101001011010100000011111011110010110110101101101011000010000 53024.0
runproj limit: 0.0
00001000000100100000011011010001100100010100110100000100000101010100001011010111100010000100100111011110101000110011010000000100100001000 53024.0
runproj limit: 0.0
01000100110100101000010010101001100100010000001000010001100100100010101001100001110100000000001011000010010011101111001111010010100100110 53024.0
runproj limit: 0.0
00000111000100110001010000001010000100100100010100000100101001010010000000001100000101001010100000010001100000011000001001001011000000010 53024.0
runproj limit: 0.0
00000111010000110101100000001100101101010111010100010101111001000011010000001110001010011000100101110011000100000000011011001011101100000 53024.0
runproj limit: 0.0
10100101101100010001010000001010010011000101110000000111010001010010101001101010101001010000110100000001111001001100001100011001011000110 53024.0
runproj limit: 0.0
00000010000111000010000001101101000000001100111011001001110100110000000010100001111000011000001001110100110000101010010110101101011010010 53024.0
runproj limit: 0.0
00011011010110000100001010101100000101100101010010000000111011001001100001000001011001100011000101111001000111010001101111001111011000010 53024.0
runproj limit: 0.0
00101010001001011101000110111111111110000011010001111010011000101011010101101010001001100001010100000010101000000110000000010001000010011 53024.0
runproj limit: 0.0
00100110000110010000000000100010010001101000010010000000110011000000000100100001011000010000001001010100100000001000100110011011011010000 53024.0
runproj limit: 0.0
00001100000100110101000000011010000000000100010000000111000001010100000000011000001011010000001000110001110011110110001100011001000000110 53024.0
runproj limit: 0.0
11000100000100010011010100110011100100100110110100000101000100010000101010010101000011001000001001010101000000111010000000000011000011110 53024.0
runproj limit: 0.0
10000111000100110100010010100111101100100111110101000011001101100010000100101010001001010110100000110000110001110000001000000000000011100 53024.0
runproj limit: 0.0
11001001000101000001010010000010010000000000000101000111001000011110101011111111000001000000001101000011000101110110010100000101000010110 53024.0
runproj limit: 0.0
00010101000100110001010000100010010100110101010100001101100101010000011001001100000101011000100100100001110000110000001010001010000000010 53024.0
runproj limit: 0.0
00000100000110100001000000001010010000100000010001000001000001010010100000011000000001000000010000000001110011100110001100011001001000110 53024.0
best: 1.0
runproj limit: 0.0
00001100000100100001000000001010000000000100010001000011000001010000100000011000000001000000010000110001110011110110001100011001001000110 53024.0
runproj limit: 0.0
00101110000111110001000000011110010100000001010001110000010001100010010000101010000001000001010000000010101011000110001000011001000000011 53024.0
runproj limit: 0.0
00000011000101110101010010000100001000010100010101000111011001000011100001111111000010011000101101110011000100110000011000001111100110000 53024.0
runproj limit: 0.0
00001111000111010100000000011110000100100000010010000100111111000001001001000001010011000000000101110000100111110001100111010111001010010 53024.0
runproj limit: 0.0
11100100000000111001000010011110110001000001110001110111100100000000001011000101001011010100100011111011110010111111101101111011000010000 53024.0
runproj limit: 0.0
00000010000111010111000100101111010010001001110011111001011000111000000111101001111000111000010100000000111000101010010100000101001010011 53024.0
runproj limit: 0.0
10000000000101000001000001100000000000000100110001000101101100011110100010111111010001001000001101010001010101111110010110100101000010110 53024.0
runproj limit: 0.0
00010000000100010001010000000010010100110000010100000100100001010000001000010000000001000000010000000001100000010100001000010010000000110 53024.0
runproj limit: 0.0
11000100010100101111010100100011101110011110010010000111011000111010011010010110000011101000111001010100001010101001011001010011000011110 53024.0
runproj limit: 0.0
00011010000100110110010010101001011110110000001110001101010101110110011101111000100001011100100100000001100000110000100010101010000000110 53024.0
runproj limit: 0.0
11000101110110110001011100000110110110101000110101010100001011100110100110000100010100111000000001011001101000011110001001001001101001000 53024.0
runproj limit: 0.0
10000011111110110111101100111101111010010000010000010101110011000010010010001000101001011000100111110001000001010011011001011001100100100 53024.0
runproj limit: 0.0
00000110000100101101100001110001010010101000010001100010010110010001101111011100001001000100010011000111101010001110001100010001101001110 53024.0
runproj limit: 0.0
11001101110100000000000010001001000110000010000000000011111101010010101001000101111101100000011100001000011001100010000100001001010001011 53024.0
runproj limit: 0.0
00010000000100010001010000000010010100110000010100000100100001010000001000010000000001000000010000000001100000010100001000010010000000110 53024.0
runproj limit: 0.0
01100110100000110001010010111010100101000001110000110111101100000000001001100000001011010100101110111000010000111011101111010011001100100 53024.0
runproj limit: 0.0
00000100000111110100000000011110000100000000100100000101100111010100001001010100010011001000000101010000100000110001010001010000001010000 53024.0
runproj limit: 0.0
11001100000101111101001010011110010000001101011001110110110001011100001010010101001011010100000011111011110010110110101101101011000010000 53024.0
runproj limit: 0.0
00001000000100100000011011010001100100010100110100000100000101010100001011010111100010000100100111011110101000110011010000000100100001000 53024.0
runproj limit: 0.0
01000100110100101000010010101001100100010000001000010001100100100010101001100001110100000000001011000010010011101111001111010010100100110 53024.0
best: 1.0
runproj limit: 0.0
11100000000000110001000000011110010000010000010000100110100100010000001010010001001001000000000000110011100000110100101001111011000000000 53024.0
runproj limit: 0.0
10000011111110110111101100111101111010010000010000010101110011000010010010001000101001011000100111110001000001010011011001011001100100100 53024.0
runproj limit: 0.0
10000001010110010011100001100100011010010000110001010101100011001110010010111001001001011000100111110001000101111010011101001001000100100 53024.0
runproj limit: 0.0
00001111000111110100000000011110000100000000110010000100111111010100001001000101010011000000000101010000100011110001010101010001001010010 53024.0
runproj limit: 0.0
00001100000101111001001010011110010000001101010001000010100001010000001000011101001011010100000011110011110011110110101100011001000000110 53024.0
runproj limit: 0.0
11000100100010110001010100000010110100101001110001110100001101100100001110000000010111011100001111111000100000011110101001011011101000000 53024.0
runproj limit: 0.0
10000010001111100101000000111101110010000000110000010101100101001010000010101010111001001000100111110001000001010010010011011101100100100 53024.0
runproj limit: 0.0
01001101110100000000000010001001100100000000001000000001100101110010101001000101110101000000011001000010011011100111001110000000010001010 53024.0
runproj limit: 0.0
01110110110101111000001010011110010100001000001001010100110101011100000010111101111010010101111011111011110010001011101011001110000110010 53024.0
runproj limit: 0.0
00010011101001110101010010000110111010010100001111001111011011010011100001011101000000010000011111111011000000110001010000001111100111100 53024.0
runproj limit: 0.0
00000010000110010101010000000011011110110010010100100100110011010010001001110000000101100110010100001101100100000100101000110010110000110 53024.0
runproj limit: 0.0
01100100110110010001111011111011100100000101000010110101101101100110001000100100001110010100101110111000110000011011001110010011111000101 53024.0
runproj limit: 0.0
00001111000010111110000011011100000100110000000001010100111001000010101001000001111101000011100010101010100011000001101101010111011110010 53024.0
runproj limit: 0.0
00001100000100100001000000001010000000000100010001000011000001010000100000011000000001000000010000110001110011110110001100011001001000110 53024.0
runproj limit: 0.0
00101110000111110001000000011110010100000001010001110000010001100010010000101010000001000001010000000010101011000110001000011001000000011 53024.0
runproj limit: 0.0
00000011000101110101010010000100001000010100010101000111011001000011100001111111000010011000101101110011000100110000011000001111100110000 53024.0
runproj limit: 0.0
00001111000111010100000000011110000100100000010010000100111111000001001001000001010011000000000101110000100111110001100111010111001010010 53024.0
runproj limit: 0.0
11100100000000111001000010011110110001000001110001110111100100000000001011000101001011010100100011111011110010111111101101111011000010000 53024.0
runproj limit: 0.0
00000010000111010111000100101111010010001001110011111001011000111000000111101001111000111000010100000000111000101010010100000101001010011 53024.0
runproj limit: 0.0
10000000000101000001000001100000000000000100110001000101101100011110100010111111010001001000001101010001010101111110010110100101000010110 53024.0
best: 1.0
runproj limit: 0.0
01000100000111010101011001011110100100100001010010010100101101100100001000000001001011000100001101110000100011110011100111010111001000111 53024.0
runproj limit: 0.0
00010010001001100101000000010100111010010100010001001101000101000011000010001111100000001000110111110001000001110011010011001101100100100 53024.0
runproj limit: 0.0
00010011111101110111010100100101111010010100000100000101011011010011110010011000001000011000001111110011000001010001010001011101100101100 53024.0
runproj limit: 0.0
10000010000101100101010010011101011010000100110100010101101101001010100010101011000000001000100101110001000101010010011000001111100110100 53024.0
runproj limit: 0.0
00001111000110111110000011011110000100110000010001000100111001000001101001000001111101000010000111101010100011000001101111010111011110010 53024.0
runproj limit: 0.0
00000011111110110101011110001101111010010100000111000111011011010010000001011101101000011000111111110001000001010001010000011011100110100 53024.0
runproj limit: 0.0
11100110110100110000011010000110010100101001110001010100011101000100001010110101010010011100101011111001110000011010101011011011101110000 53024.0
runproj limit: 0.0
00001110000111111000001010011100010000101001000001000100100001000010101001000001101111000100100011110011100011110000101100010101011100010 53024.0
runproj limit: 0.0
10001000100010011011001110010011010100101001111000110001000101000100101110100101010111110110001011111100111011110110101001011001101000000 53024.0
runproj limit: 0.0
01111110110101110000101010011110010100001010001001010100101101011100101110101101011010010101111011110001110111101111001001001111010110101 53024.0
runproj limit: 0.0
10000110001100000111001100010000010010000000111000110100101101011001000010100010100101000000101100100101010011001010010100001101000001100 53024.0
runproj limit: 0.0
10100011000011110110000010111110010011110010110011111001111010011001001111101000111000111001011100101000111001101110010000001101001010011 53024.0
runproj limit: 0.0
10001011011111110100011010000110001110101111010000000010011100101001101001100101011010000000100001110010000001010101100111000110001110000 53024.0
runproj limit: 0.0
11100000000000110001000000011110010000010000010000100110100100010000001010010001001001000000000000110011100000110100101001111011000000000 53024.0
runproj limit: 0.0
10000011111110110111101100111101111010010000010000010101110011000010010010001000101001011000100111110001000001010011011001011001100100100 53024.0
runproj limit: 0.0
10000001010110010011100001100100011010010000110001010101100011001110010010111001001001011000100111110001000101111010011101001001000100100 53024.0
runproj limit: 0.0
00001111000111110100000000011110000100000000110010000100111111010100001001000101010011000000000101010000100011110001010101010001001010010 53024.0
runproj limit: 0.0
00001100000101111001001010011110010000001101010001000010100001010000001000011101001011010100000011110011110011110110101100011001000000110 53024.0
runproj limit: 0.0
11000100100010110001010100000010110100101001110001110100001101100100001110000000010111011100001111111000100000011110101001011011101000000 53024.0
runproj limit: 0.0
10000010001111100101000000111101110010000000110000010101100101001010000010101010111001001000100111110001000001010010010011011101100100100 53024.0
best: 1.0
runproj limit: 0.0
10000011000111100110000010011111011011100000110101011001111001011001100011101011010000011001011101101000110001100110010000001111100110111 53024.0
runproj limit: 0.0
00000011111101110111011110100101111010010100000111000101011011010011100010011100101000011000001111110001000001010001010001011101100110100 53024.0
runproj limit: 0.0
00010010000001110111010000011100011010010000010100100101110111010001001010011001001001010000001101110011100000010101010001111111000101000 53024.0
runproj limit: 0.0
01110110110100110000011010010110010100101010111001010100011101000100001110110101010010010100101011110001110111001110001001011111101110101 53024.0
runproj limit: 0.0
11000100000111100101011001111111110100000001110000010100100101100110000000101001101011000100101111110001100011010011000111011101101000100 53024.0
runproj limit: 0.0
10101000000010111001000110010110010100110000110000100010000100000000101110000001001101100110000010110111110001110100101001011011101000000 53024.0
runproj limit: 0.0
10100011000011110110000010111110010011110010110011111001111010011001001111101000111000111001011100101000111001101110010000001101001010011 53024.0
runproj limit: 0.0
00000101000110110001101001010100010000011100010001010011100001000000010000111101001001010000100111110001000111110110111100011001000100110 53024.0
runproj limit: 0.0
00110111111110110101001100101001111010011111000111100110011001010010011001000100100100000001000110110001001000010101011000101111101000010 53024.0
runproj limit: 0.0
10001101010100110000000001111110000001000000111100001100101111000100001001000101011010110010011011010000110011111001110011010110000010010 53024.0
runproj limit: 0.0
10100000000010011011101111000011010110011000111000010000000001100100100110001101010001110111101011110101011011011010100000101000000000000 53024.0
runproj limit: 0.0
00101011000001110110100001010010010001011000110010011110101011110111011000101101010011110010100000010000110000110010010101001000011010010 53024.0
runproj limit: 0.0
00110100111101001000111011010110011100111100110001010100010101010100101101011110000001011000101111010001110100011010101100010011101111100 53024.0
runproj limit: 0.0
01000100000111010101011001011110100100100001010010010100101101100100001000000001001011000100001101110000100011110011100111010111001000111 53024.0
runproj limit: 0.0
00010010001001100101000000010100111010010100010001001101000101000011000010001111100000001000110111110001000001110011010011001101100100100 53024.0
runproj limit: 0.0
00010011111101110111010100100101111010010100000100000101011011010011110010011000001000011000001111110011000001010001010001011101100101100 53024.0
runproj limit: 0.0
10000010000101100101010010011101011010000100110100010101101101001010100010101011000000001000100101110001000101010010011000001111100110100 53024.0
runproj limit: 0.0
00001111000110111110000011011110000100110000010001000100111001000001101001000001111101000010000111101010100011000001101111010111011110010 53024.0
runproj limit: 0.0
00000011111110110101011110001101111010010100000111000111011011010010000001011101101000011000111111110001000001010001010000011011100110100 53024.0
runproj limit: 0.0
11100110110100110000011010000110010100101001110001010100011101000100001010110101010010011100101011111001110000011010101011011011101110000 53024.0
best: 1.0
done evolving!
"all is well:)"
>>>>>>>>>>>>>>FINISH OPTIMIZATION>>>>>>>>>>>>>>>
631.93user 231.12system 34:47.20elapsed 41%CPU (0avgtext+0avgdata 114148maxresident)k
1114776inputs+1676120outputs (590major+63561866minor)pagefaults 0swaps
