Optimizing /h/ywang30/nofib/imaginary/exp3_8
>>>>>>>>>>>>>>>START OPTIMIZATION>>>>>>>>>>>>>>>
pop: 13
gens: 15
arch: 7
limit is: 0.32
runproj limit: 0.32
"All is well :D"
Basetime is: 66160.0
runproj limit: 0.32
01000000000000000000100 66160.0
runproj limit: 0.32
00000000000000000000000 66160.0
runproj limit: 0.32
00000000000100000010000 66160.0
runproj limit: 0.32
00000000000100000010000 66160.0
runproj limit: 0.32
00000000000000000000000 66160.0
runproj limit: 0.32
00100000100100000000000 63936.0
runproj limit: 0.32
00000000000000000000000 66160.0
runproj limit: 0.32
00000000000000000000000 66160.0
runproj limit: 0.32
00000000000000000000000 66160.0
runproj limit: 0.32
00100000000000000000000 63936.0
runproj limit: 0.32
00000100000000001000000 66160.0
runproj limit: 0.32
00001000000010000000000 66144.0
runproj limit: 0.32
00000000000000000000000 66160.0
best: 0.966384522370012
runproj limit: 0.32
00000000000000000010000 66160.0
runproj limit: 0.32
00001000000100000000000 66144.0
runproj limit: 0.32
00100000100100000000000 63936.0
runproj limit: 0.32
00000000000000000000000 66160.0
runproj limit: 0.32
00000000000000000000000 66160.0
runproj limit: 0.32
00000000000000000000000 66160.0
runproj limit: 0.32
00000000000000001000000 66160.0
runproj limit: 0.32
00000000000000000000000 66160.0
runproj limit: 0.32
00000000000111001000000 66160.0
runproj limit: 0.32
00001100000000010110011 66144.0
runproj limit: 0.32
00001100110001100111100 66144.0
runproj limit: 0.32
01100100000110000101001 63936.0
runproj limit: 0.32
01100101001100000110000 63936.0
runproj limit: 0.32
00100000100100000000000 63936.0
runproj limit: 0.32
00100000000000000000000 63936.0
runproj limit: 0.32
00001000000010000000000 66144.0
runproj limit: 0.32
01000000000000000000100 66160.0
runproj limit: 0.32
00000000000000000000000 66160.0
runproj limit: 0.32
00000000000100000010000 66160.0
runproj limit: 0.32
00000100000000001000000 66160.0
best: 0.966384522370012
runproj limit: 0.32
01100100001000000010000 63936.0
runproj limit: 0.32
01100000000100000000000 63936.0
runproj limit: 0.32
01000100100000100111100 66160.0
runproj limit: 0.32
00101000000000000000000 63936.0
runproj limit: 0.32
00100000100100000000000 63936.0
runproj limit: 0.32
00000001001100000100000 66160.0
runproj limit: 0.32
00100100000001000111100 63936.0
runproj limit: 0.32
00100100000000000101001 63936.0
runproj limit: 0.32
00000000000100100011010 66160.0
runproj limit: 0.32
00110000100000000100100 63936.0
runproj limit: 0.32
11110100000011110101101 63936.0
runproj limit: 0.32
01010100010001011101101 66160.0
runproj limit: 0.32
00110100100101011000011 63936.0
runproj limit: 0.32
00100000100100000000000 63936.0
runproj limit: 0.32
01100100000110000101001 63936.0
runproj limit: 0.32
01100101001100000110000 63936.0
runproj limit: 0.32
00100000000000000000000 63936.0
runproj limit: 0.32
00001000000100000000000 66144.0
runproj limit: 0.32
00001100000000010110011 66144.0
runproj limit: 0.32
00001100110001100111100 66144.0
best: 0.966384522370012
runproj limit: 0.32
00110100100000000110000 63936.0
runproj limit: 0.32
00001000100000100000100 66144.0
runproj limit: 0.32
01100100000110000111001 63936.0
runproj limit: 0.32
00100000000000000000000 63936.0
runproj limit: 0.32
00100000100001000101100 63936.0
runproj limit: 0.32
01000100100111100101100 66160.0
runproj limit: 0.32
01100100000100000110000 63936.0
runproj limit: 0.32
01101000000000000000000 63936.0
runproj limit: 0.32
00100100000001000111100 63936.0
runproj limit: 0.32
00101100001010000010010 63936.0
runproj limit: 0.32
01010000110001011000100 66160.0
runproj limit: 0.32
11100101000011100101110 63936.0
runproj limit: 0.32
00110100010001010001001 63936.0
runproj limit: 0.32
01100100001000000010000 63936.0
runproj limit: 0.32
01100000000100000000000 63936.0
runproj limit: 0.32
00101000000000000000000 63936.0
runproj limit: 0.32
00100000100100000000000 63936.0
runproj limit: 0.32
00100100000001000111100 63936.0
runproj limit: 0.32
00100100000000000101001 63936.0
runproj limit: 0.32
00110000100000000100100 63936.0
best: 0.966384522370012
runproj limit: 0.32
00101000000000000000100 63936.0
runproj limit: 0.32
01110000100000000100100 63936.0
runproj limit: 0.32
00101000000000000010000 63936.0
runproj limit: 0.32
00100000100000000000000 63936.0
runproj limit: 0.32
00100000000001000101100 63936.0
runproj limit: 0.32
01100100000100000000000 63936.0
runproj limit: 0.32
10110100000000000111010 63936.0
runproj limit: 0.32
00101000000010000000000 63936.0
runproj limit: 0.32
00010110101001100101010 66160.0
runproj limit: 0.32
00010100010100010110010 66160.0
runproj limit: 0.32
01101001000100000000101 63936.0
runproj limit: 0.32
11100101001010001111101 63936.0
runproj limit: 0.32
01110100100000000010111 63936.0
runproj limit: 0.32
00110100100000000110000 63936.0
runproj limit: 0.32
01100100000110000111001 63936.0
runproj limit: 0.32
00100000000000000000000 63936.0
runproj limit: 0.32
00100000100001000101100 63936.0
runproj limit: 0.32
01100100000100000110000 63936.0
runproj limit: 0.32
01101000000000000000000 63936.0
runproj limit: 0.32
00100100000001000111100 63936.0
best: 0.966384522370012
runproj limit: 0.32
11100100000010001111001 63936.0
runproj limit: 0.32
00100000000000000100100 63936.0
runproj limit: 0.32
01100100000111000111100 63936.0
runproj limit: 0.32
01100100000100000010000 63936.0
runproj limit: 0.32
01100100000100000000000 63936.0
runproj limit: 0.32
01101000000100000000000 63936.0
runproj limit: 0.32
10111100000000000000000 63936.0
runproj limit: 0.32
01100101000100000011000 63936.0
runproj limit: 0.32
01001000000010000001010 66144.0
runproj limit: 0.32
01010001001010001111001 66160.0
runproj limit: 0.32
10100000100111001000000 63936.0
runproj limit: 0.32
00111000100000010000000 63936.0
runproj limit: 0.32
01101100000010110100010 63936.0
runproj limit: 0.32
00101000000000000000100 63936.0
runproj limit: 0.32
01110000100000000100100 63936.0
runproj limit: 0.32
00101000000000000010000 63936.0
runproj limit: 0.32
00100000100000000000000 63936.0
runproj limit: 0.32
00100000000001000101100 63936.0
runproj limit: 0.32
01100100000100000000000 63936.0
runproj limit: 0.32
10110100000000000111010 63936.0
best: 0.966384522370012
runproj limit: 0.32
00100000100111001000000 63936.0
runproj limit: 0.32
01101000100010000100010 63936.0
runproj limit: 0.32
10110100000000000010000 63936.0
runproj limit: 0.32
01101000000100010000010 63936.0
runproj limit: 0.32
00100000000000000110000 63936.0
runproj limit: 0.32
00101000100000000010100 63936.0
runproj limit: 0.32
01110000100000001111000 63936.0
runproj limit: 0.32
01100101000100000001000 63936.0
runproj limit: 0.32
00110000000111101010100 63936.0
runproj limit: 0.32
01010111000111010110000 66160.0
runproj limit: 0.32
00111000000001000001100 63936.0
runproj limit: 0.32
11101100011100000010100 63936.0
runproj limit: 0.32
01100101001101000011010 63936.0
runproj limit: 0.32
11100100000010001111001 63936.0
runproj limit: 0.32
00100000000000000100100 63936.0
runproj limit: 0.32
01100100000111000111100 63936.0
runproj limit: 0.32
01100100000100000010000 63936.0
runproj limit: 0.32
01100100000100000000000 63936.0
runproj limit: 0.32
01101000000100000000000 63936.0
runproj limit: 0.32
10111100000000000000000 63936.0
best: 0.966384522370012
runproj limit: 0.32
01100100000100000010000 63936.0
runproj limit: 0.32
11101101001100000011010 63936.0
runproj limit: 0.32
01100000000000000111001 63936.0
runproj limit: 0.32
01000010000100010000000 66160.0
runproj limit: 0.32
00101000000100000000110 63936.0
runproj limit: 0.32
01101101000100000000100 63936.0
runproj limit: 0.32
01100010000100010110000 63936.0
runproj limit: 0.32
00111000000000000010100 63936.0
runproj limit: 0.32
00100100100100000010110 63936.0
runproj limit: 0.32
10001000000100010101110 66144.0
runproj limit: 0.32
11000001100100000010000 66160.0
runproj limit: 0.32
01001011000101010010011 66144.0
runproj limit: 0.32
10111000010001011001100 63936.0
runproj limit: 0.32
00100000100111001000000 63936.0
runproj limit: 0.32
01101000100010000100010 63936.0
runproj limit: 0.32
10110100000000000010000 63936.0
runproj limit: 0.32
01101000000100010000010 63936.0
runproj limit: 0.32
00100000000000000110000 63936.0
runproj limit: 0.32
00101000100000000010100 63936.0
runproj limit: 0.32
01110000100000001111000 63936.0
best: 0.966384522370012
runproj limit: 0.32
00101000000100000000010 63936.0
runproj limit: 0.32
01101000000100000000010 63936.0
runproj limit: 0.32
01111000110001010100100 63936.0
runproj limit: 0.32
11101101001100000011010 63936.0
runproj limit: 0.32
01101000100010000100000 63936.0
runproj limit: 0.32
00100100000000010000000 63936.0
runproj limit: 0.32
01101000100000000010010 63936.0
runproj limit: 0.32
01101010000000000110100 63936.0
runproj limit: 0.32
11100001100001010100000 63936.0
runproj limit: 0.32
10001010000101110101110 66144.0
runproj limit: 0.32
01110000100100000111001 63936.0
runproj limit: 0.32
11100010001110010111000 63936.0
runproj limit: 0.32
11101101001110010101010 63936.0
runproj limit: 0.32
01100100000100000010000 63936.0
runproj limit: 0.32
11101101001100000011010 63936.0
runproj limit: 0.32
01100000000000000111001 63936.0
runproj limit: 0.32
00101000000100000000110 63936.0
runproj limit: 0.32
01101101000100000000100 63936.0
runproj limit: 0.32
01100010000100010110000 63936.0
runproj limit: 0.32
00111000000000000010100 63936.0
best: 0.966384522370012
runproj limit: 0.32
01101000100000010100100 63936.0
runproj limit: 0.32
00101000100000000010000 63936.0
runproj limit: 0.32
11101000000100000001010 63936.0
runproj limit: 0.32
11101111000100000111100 63936.0
runproj limit: 0.32
11100001000100000001010 63936.0
runproj limit: 0.32
01101101100100000010110 63936.0
runproj limit: 0.32
01101000100010000100000 63936.0
runproj limit: 0.32
11100010001100010111000 63936.0
runproj limit: 0.32
10100010000100110100011 63936.0
runproj limit: 0.32
01010100100100101100000 66160.0
runproj limit: 0.32
01010000100000001110011 66160.0
runproj limit: 0.32
01110000011000001101000 63936.0
runproj limit: 0.32
00101010010000010011001 63936.0
runproj limit: 0.32
00101000000100000000010 63936.0
runproj limit: 0.32
01101000000100000000010 63936.0
runproj limit: 0.32
01111000110001010100100 63936.0
runproj limit: 0.32
11101101001100000011010 63936.0
runproj limit: 0.32
01101000100010000100000 63936.0
runproj limit: 0.32
00100100000000010000000 63936.0
runproj limit: 0.32
01101000100000000010010 63936.0
best: 0.966384522370012
runproj limit: 0.32
11101001011000000101010 63936.0
runproj limit: 0.32
01101000100000000010010 63936.0
runproj limit: 0.32
11100001000100000000010 63936.0
runproj limit: 0.32
00100000000000010000000 63936.0
runproj limit: 0.32
01011000100000101000000 66144.0
runproj limit: 0.32
00100000000100010000011 63936.0
runproj limit: 0.32
11101010010000000111000 63936.0
runproj limit: 0.32
01101000100100000010010 63936.0
runproj limit: 0.32
01001000010000000100100 66144.0
runproj limit: 0.32
11001001001000110100010 66144.0
runproj limit: 0.32
01001100100001000110100 66144.0
runproj limit: 0.32
01011000110001100001110 66144.0
runproj limit: 0.32
01100010001001001110000 63936.0
runproj limit: 0.32
01101000100000010100100 63936.0
runproj limit: 0.32
00101000100000000010000 63936.0
runproj limit: 0.32
11101000000100000001010 63936.0
runproj limit: 0.32
11101111000100000111100 63936.0
runproj limit: 0.32
11100001000100000001010 63936.0
runproj limit: 0.32
01101101100100000010110 63936.0
runproj limit: 0.32
01101000100010000100000 63936.0
best: 0.966384522370012
runproj limit: 0.32
01101000100000000110000 63936.0
runproj limit: 0.32
01100010100011000100000 63936.0
runproj limit: 0.32
01100010000100001111010 63936.0
runproj limit: 0.32
01101000000000010100100 63936.0
runproj limit: 0.32
01100101100100000010110 63936.0
runproj limit: 0.32
01101010000001000110010 63936.0
runproj limit: 0.32
11101000000100000101100 63936.0
runproj limit: 0.32
01101000100000000010010 63936.0
runproj limit: 0.32
11101000010100111101010 63936.0
runproj limit: 0.32
01100010100100000101110 63936.0
runproj limit: 0.32
10101010010110000010011 63936.0
runproj limit: 0.32
11101100001110010110101 63936.0
runproj limit: 0.32
01101010100000001000100 63936.0
runproj limit: 0.32
11101001011000000101010 63936.0
runproj limit: 0.32
01101000100000000010010 63936.0
runproj limit: 0.32
11100001000100000000010 63936.0
runproj limit: 0.32
00100000000000010000000 63936.0
runproj limit: 0.32
00100000000100010000011 63936.0
runproj limit: 0.32
11101010010000000111000 63936.0
runproj limit: 0.32
01101000100100000010010 63936.0
best: 0.966384522370012
runproj limit: 0.32
01100001100100000010110 63936.0
runproj limit: 0.32
11101100001110010110101 63936.0
runproj limit: 0.32
11101100000110010110100 63936.0
runproj limit: 0.32
01101000000000010000100 63936.0
runproj limit: 0.32
01101000100100010100011 63936.0
runproj limit: 0.32
11101011000110000000010 63936.0
runproj limit: 0.32
11101000001110000101100 63936.0
runproj limit: 0.32
01101001011100000011010 63936.0
runproj limit: 0.32
10011010110100010101011 66144.0
runproj limit: 0.32
01110010101000001111010 63936.0
runproj limit: 0.32
01111010100010000110010 63936.0
runproj limit: 0.32
11100011010010100000111 63936.0
runproj limit: 0.32
01101000000101111110100 63936.0
runproj limit: 0.32
01101000100000000110000 63936.0
runproj limit: 0.32
01100010100011000100000 63936.0
runproj limit: 0.32
01100010000100001111010 63936.0
runproj limit: 0.32
01101000000000010100100 63936.0
runproj limit: 0.32
01100101100100000010110 63936.0
runproj limit: 0.32
01101010000001000110010 63936.0
runproj limit: 0.32
11101000000100000101100 63936.0
best: 0.966384522370012
runproj limit: 0.32
01100011000000010100111 63936.0
runproj limit: 0.32
01110010001000001101100 63936.0
runproj limit: 0.32
01110000101100010110010 63936.0
runproj limit: 0.32
11100010000100001101110 63936.0
runproj limit: 0.32
01101000000001111110100 63936.0
runproj limit: 0.32
01100110001110001110011 63936.0
runproj limit: 0.32
11100011000100000011010 63936.0
runproj limit: 0.32
01101000000100010100101 63936.0
runproj limit: 0.32
10100111000110101010001 63936.0
runproj limit: 0.32
11101011010010101000011 63936.0
runproj limit: 0.32
11101100001101100111101 63936.0
runproj limit: 0.32
11001011000101100111010 66144.0
runproj limit: 0.32
11101100011000110100111 63936.0
runproj limit: 0.32
01100001100100000010110 63936.0
runproj limit: 0.32
11101100001110010110101 63936.0
runproj limit: 0.32
11101100000110010110100 63936.0
runproj limit: 0.32
01101000000000010000100 63936.0
runproj limit: 0.32
01101000100100010100011 63936.0
runproj limit: 0.32
11101011000110000000010 63936.0
runproj limit: 0.32
11101000001110000101100 63936.0
best: 0.966384522370012
runproj limit: 0.32
11100011000110101010000 63936.0
runproj limit: 0.32
01100010101100010110011 63936.0
runproj limit: 0.32
01110001100100000110110 63936.0
runproj limit: 0.32
11100011010000001001010 63936.0
runproj limit: 0.32
11101011000110000101111 63936.0
runproj limit: 0.32
00100001100110001010000 63936.0
runproj limit: 0.32
01100010000101101010100 63936.0
runproj limit: 0.32
01101000000110010100111 63936.0
runproj limit: 0.32
01010010001110001110001 66160.0
runproj limit: 0.32
11101010010011010100100 63936.0
runproj limit: 0.32
10001111100110101010101 66144.0
runproj limit: 0.32
01001100000110010010000 66144.0
runproj limit: 0.32
00110001001101111011110 63936.0
runproj limit: 0.32
01100011000000010100111 63936.0
runproj limit: 0.32
01110010001000001101100 63936.0
runproj limit: 0.32
01110000101100010110010 63936.0
runproj limit: 0.32
11100010000100001101110 63936.0
runproj limit: 0.32
01101000000001111110100 63936.0
runproj limit: 0.32
01100110001110001110011 63936.0
runproj limit: 0.32
11100011000100000011010 63936.0
best: 0.966384522370012
done evolving!
"all is well:)"
>>>>>>>>>>>>>>FINISH OPTIMIZATION>>>>>>>>>>>>>>>
560.22user 249.66system 36:59.00elapsed 36%CPU (0avgtext+0avgdata 135928maxresident)k
1088008inputs+1430504outputs (590major+63557770minor)pagefaults 0swaps
