Optimizing /h/ywang30/nofib/imaginary/integrate
>>>>>>>>>>>>>>>START OPTIMIZATION>>>>>>>>>>>>>>>
pop: 13
gens: 15
arch: 7
limit is: 0.32
runproj limit: 0.32
"All is well :D"
Basetime is: 44312.0
runproj limit: 0.32
000000000000000000000000000 44312.0
runproj limit: 0.32
001000000010000000010000000 44312.0
runproj limit: 0.32
000000000001000000100000100 44312.0
runproj limit: 0.32
000000000001000000100000101 44312.0
runproj limit: 0.32
000000000000000000000000010 44312.0
runproj limit: 0.32
000000000000000000000000000 44312.0
runproj limit: 0.32
100000000000000000000000001 44312.0
runproj limit: 0.32
000000000000000000000000000 44312.0
runproj limit: 0.32
000010000000000000000010000 44312.0
runproj limit: 0.32
001000000000000000000000100 44312.0
runproj limit: 0.32
000001000000000010000000000 44312.0
runproj limit: 0.32
000010000000100000000001000 44312.0
runproj limit: 0.32
000000000000000000000000000 44312.0
best: 1.0
runproj limit: 0.32
000000000000000000100000000 44312.0
runproj limit: 0.32
000000000001000000000000100 44312.0
runproj limit: 0.32
000000000000000000000000000 44312.0
runproj limit: 0.32
000000000000000000000000000 44312.0
runproj limit: 0.32
101000000000000000010000001 44312.0
runproj limit: 0.32
100010000000000000000010000 44312.0
runproj limit: 0.32
000000000000000010000000000 44312.0
runproj limit: 0.32
100000000000000000000000000 44312.0
runproj limit: 0.32
001000000011110010010001100 44312.0
runproj limit: 0.32
000001000000100101100110010 44312.0
runproj limit: 0.32
010011001100011001110000010 44312.0
runproj limit: 0.32
010001001000100001010010000 44312.0
runproj limit: 0.32
011001010011000001100000100 44312.0
runproj limit: 0.32
000000000000000000000000000 44312.0
runproj limit: 0.32
001000000010000000010000000 44312.0
runproj limit: 0.32
000000000001000000100000100 44312.0
runproj limit: 0.32
000000000001000000100000101 44312.0
runproj limit: 0.32
000000000000000000000000010 44312.0
runproj limit: 0.32
100000000000000000000000001 44312.0
runproj limit: 0.32
000010000000000000000010000 44312.0
best: 1.0
runproj limit: 0.32
001000000000000000000000000 44312.0
runproj limit: 0.32
010000001000000000000000000 44312.0
runproj limit: 0.32
000001001001001001110000010 44312.0
runproj limit: 0.32
001000000000000000010000000 44312.0
runproj limit: 0.32
000000000000000000000000000 44312.0
runproj limit: 0.32
000000000000000000100000001 44312.0
runproj limit: 0.32
000000000011010000010000100 44312.0
runproj limit: 0.32
000001000000100001010010010 44312.0
runproj limit: 0.32
100000000000001000010100011 44312.0
runproj limit: 0.32
000100000001000001001000000 44312.0
runproj limit: 0.32
110101001001111101011010000 44312.0
runproj limit: 0.32
011101001101010111011010100 44312.0
runproj limit: 0.32
001101000011100100010111110 44312.0
runproj limit: 0.32
000000000000000000100000000 44312.0
runproj limit: 0.32
000000000001000000000000100 44312.0
runproj limit: 0.32
000000000000000000000000000 44312.0
runproj limit: 0.32
101000000000000000010000001 44312.0
runproj limit: 0.32
100010000000000000000010000 44312.0
runproj limit: 0.32
000000000000000010000000000 44312.0
runproj limit: 0.32
100000000000000000000000000 44312.0
best: 1.0
runproj limit: 0.32
000100000001001001010000011 44312.0
runproj limit: 0.32
100000000000000000010000000 44312.0
runproj limit: 0.32
000001001001000001010000000 44312.0
runproj limit: 0.32
000000000000001000110000000 44312.0
runproj limit: 0.32
000000000001010001010000100 44312.0
runproj limit: 0.32
000000000001000000000000100 44312.0
runproj limit: 0.32
000000000000000000000000000 44312.0
runproj limit: 0.32
101000000000000000010000000 44312.0
runproj limit: 0.32
000000000011010000010000101 44312.0
runproj limit: 0.32
011010000000100000000100000 44312.0
runproj limit: 0.32
011001001101011110110000010 44312.0
runproj limit: 0.32
110001011001111001011100011 44312.0
runproj limit: 0.32
011001001001000010011011110 44312.0
runproj limit: 0.32
001000000000000000000000000 44312.0
runproj limit: 0.32
010000001000000000000000000 44312.0
runproj limit: 0.32
000001001001001001110000010 44312.0
runproj limit: 0.32
001000000000000000010000000 44312.0
runproj limit: 0.32
000000000000000000000000000 44312.0
runproj limit: 0.32
000000000000000000100000001 44312.0
runproj limit: 0.32
000000000011010000010000100 44312.0
best: 1.0
runproj limit: 0.32
000001001001000001010000100 44312.0
runproj limit: 0.32
000000000011000000000000100 44312.0
runproj limit: 0.32
011001000000000000010000010 44312.0
runproj limit: 0.32
001000000001010000010000000 44312.0
runproj limit: 0.32
000000000000010000010000101 44312.0
runproj limit: 0.32
010000001000000000100000000 44312.0
runproj limit: 0.32
100101001001001001010100011 44312.0
runproj limit: 0.32
100000000000001000110000000 44312.0
runproj limit: 0.32
001100100011010001100100001 44312.0
runproj limit: 0.32
011100000100000100000100000 44312.0
runproj limit: 0.32
010010011000000000001011010 44312.0
runproj limit: 0.32
100001011010000011011000100 44312.0
runproj limit: 0.32
010100000001001000011110010 44312.0
runproj limit: 0.32
000100000001001001010000011 44312.0
runproj limit: 0.32
100000000000000000010000000 44312.0
runproj limit: 0.32
000001001001000001010000000 44312.0
runproj limit: 0.32
000000000000001000110000000 44312.0
runproj limit: 0.32
000000000001010001010000100 44312.0
runproj limit: 0.32
000000000001000000000000100 44312.0
runproj limit: 0.32
000000000000000000000000000 44312.0
best: 1.0
runproj limit: 0.32
111100001000000011000000100 44312.0
runproj limit: 0.32
100000000000001000010000101 44312.0
runproj limit: 0.32
000000000000000000000000000 44312.0
runproj limit: 0.32
010000001000010000000000000 44312.0
runproj limit: 0.32
010000001000000000100000000 44312.0
runproj limit: 0.32
010000001000001000110000000 44312.0
runproj limit: 0.32
100101001001001001010000101 44312.0
runproj limit: 0.32
010001011000000000010000000 44312.0
runproj limit: 0.32
001000000001100000010100000 44312.0
runproj limit: 0.32
001100011010000011010000100 44312.0
runproj limit: 0.32
111101101011100011100100101 44312.0
runproj limit: 0.32
100100001000101100110000000 44312.0
runproj limit: 0.32
000001000001101101000100100 44312.0
runproj limit: 0.32
000001001001000001010000100 44312.0
runproj limit: 0.32
000000000011000000000000100 44312.0
runproj limit: 0.32
011001000000000000010000010 44312.0
runproj limit: 0.32
001000000001010000010000000 44312.0
runproj limit: 0.32
000000000000010000010000101 44312.0
runproj limit: 0.32
010000001000000000100000000 44312.0
runproj limit: 0.32
100101001001001001010100011 44312.0
best: 1.0
runproj limit: 0.32
001000101001100011100000001 44312.0
runproj limit: 0.32
001000000001100001000100000 44312.0
runproj limit: 0.32
100101001001010001000000000 44312.0
runproj limit: 0.32
000000001000001100110100000 44312.0
runproj limit: 0.32
100001000000001000010000101 44312.0
runproj limit: 0.32
010000000010000000010000010 44312.0
runproj limit: 0.32
010000000011000011000000100 44312.0
runproj limit: 0.32
010000011000000000110000000 44312.0
runproj limit: 0.32
000101001000101010001000011 44312.0
runproj limit: 0.32
111111110001011101010000001 44312.0
runproj limit: 0.32
001110000001100001010101000 44312.0
runproj limit: 0.32
110010001110010000001000110 44312.0
runproj limit: 0.32
010001011010010000010101011 44312.0
runproj limit: 0.32
111100001000000011000000100 44312.0
runproj limit: 0.32
100000000000001000010000101 44312.0
runproj limit: 0.32
000000000000000000000000000 44312.0
runproj limit: 0.32
010000001000010000000000000 44312.0
runproj limit: 0.32
010000001000000000100000000 44312.0
runproj limit: 0.32
010000001000001000110000000 44312.0
runproj limit: 0.32
100101001001001001010000101 44312.0
best: 1.0
runproj limit: 0.32
010000001000010000000000000 44312.0
runproj limit: 0.32
110011011010010000010100010 44312.0
runproj limit: 0.32
110101000000001001000000100 44312.0
runproj limit: 0.32
011010100000001100110000001 44312.0
runproj limit: 0.32
110101011000001100010100000 44312.0
runproj limit: 0.32
010010011000000000101000110 44312.0
runproj limit: 0.32
110010100001001101010000001 44312.0
runproj limit: 0.32
000110001001010001000001000 44312.0
runproj limit: 0.32
010011000011000000010100001 44312.0
runproj limit: 0.32
111000001000001101101100101 44312.0
runproj limit: 0.32
111001010000010000000000001 44312.0
runproj limit: 0.32
001000111000011100010110001 44312.0
runproj limit: 0.32
101110000101100111010101001 44312.0
runproj limit: 0.32
001000101001100011100000001 44312.0
runproj limit: 0.32
001000000001100001000100000 44312.0
runproj limit: 0.32
100101001001010001000000000 44312.0
runproj limit: 0.32
000000001000001100110100000 44312.0
runproj limit: 0.32
100001000000001000010000101 44312.0
runproj limit: 0.32
010000000010000000010000010 44312.0
runproj limit: 0.32
010000000011000011000000100 44312.0
best: 1.0
runproj limit: 0.32
100101000000001100010100100 44312.0
runproj limit: 0.32
101001111000001100010100000 44312.0
runproj limit: 0.32
001110111101101100010110001 44312.0
runproj limit: 0.32
110010111000010100110000000 44312.0
runproj limit: 0.32
000001000001101000010000000 44312.0
runproj limit: 0.32
001000000001110101000000000 44312.0
runproj limit: 0.32
000000000001000000010100001 44312.0
runproj limit: 0.32
111001000000000000000000001 44312.0
runproj limit: 0.32
101010010001010101000000100 44312.0
runproj limit: 0.32
111000101000010101101100100 44312.0
runproj limit: 0.32
110001001001001001000000100 44312.0
runproj limit: 0.32
010010100011101101000001101 44312.0
runproj limit: 0.32
110011011010110101110100001 44312.0
runproj limit: 0.32
010000001000010000000000000 44312.0
runproj limit: 0.32
110011011010010000010100010 44312.0
runproj limit: 0.32
110101000000001001000000100 44312.0
runproj limit: 0.32
011010100000001100110000001 44312.0
runproj limit: 0.32
110101011000001100010100000 44312.0
runproj limit: 0.32
010010011000000000101000110 44312.0
runproj limit: 0.32
110010100001001101010000001 44312.0
best: 1.0
runproj limit: 0.32
001001101001100100000000001 44312.0
runproj limit: 0.32
110011000001001101010000000 44312.0
runproj limit: 0.32
110001000000000100110100001 44312.0
runproj limit: 0.32
010001111000001101000100101 44312.0
runproj limit: 0.32
110010011000010000010100100 44312.0
runproj limit: 0.32
100101010000001100010100001 44312.0
runproj limit: 0.32
000001000001101000010000000 44312.0
runproj limit: 0.32
010010100011000001100001101 44312.0
runproj limit: 0.32
100010011000001000001110110 44312.0
runproj limit: 0.32
110001101000011111011110100 44312.0
runproj limit: 0.32
111001001000001011010100111 44312.0
runproj limit: 0.32
000111001111001010000000101 44312.0
runproj limit: 0.32
101010001100010000101100110 44312.0
runproj limit: 0.32
100101000000001100010100100 44312.0
runproj limit: 0.32
101001111000001100010100000 44312.0
runproj limit: 0.32
001110111101101100010110001 44312.0
runproj limit: 0.32
110010111000010100110000000 44312.0
runproj limit: 0.32
000001000001101000010000000 44312.0
runproj limit: 0.32
001000000001110101000000000 44312.0
runproj limit: 0.32
000000000001000000010100001 44312.0
best: 1.0
runproj limit: 0.32
110011011101000000000000100 44312.0
runproj limit: 0.32
100100000001000100010100000 44312.0
runproj limit: 0.32
111001101000001100010100101 44312.0
runproj limit: 0.32
000001000001111101000000000 44312.0
runproj limit: 0.32
110011001001011111010010100 44312.0
runproj limit: 0.32
100010001000001000000110110 44312.0
runproj limit: 0.32
110001001101001010000100101 44312.0
runproj limit: 0.32
100001110000001100010100000 44312.0
runproj limit: 0.32
100001111101001101011000000 44312.0
runproj limit: 0.32
101001011011000100010100000 44312.0
runproj limit: 0.32
000000101001110000100000011 44312.0
runproj limit: 0.32
000110111101100001000010101 44312.0
runproj limit: 0.32
110010100010010111110001101 44312.0
runproj limit: 0.32
001001101001100100000000001 44312.0
runproj limit: 0.32
110011000001001101010000000 44312.0
runproj limit: 0.32
110001000000000100110100001 44312.0
runproj limit: 0.32
010001111000001101000100101 44312.0
runproj limit: 0.32
110010011000010000010100100 44312.0
runproj limit: 0.32
100101010000001100010100001 44312.0
runproj limit: 0.32
000001000001101000010000000 44312.0
best: 1.0
runproj limit: 0.32
000011000001001000010000000 44312.0
runproj limit: 0.32
000011100001111100010000000 44312.0
runproj limit: 0.32
100000111000011101010100100 44312.0
runproj limit: 0.32
000011110001110101000000000 44312.0
runproj limit: 0.32
111001001000001110010000100 44312.0
runproj limit: 0.32
110000100001110101110001001 44312.0
runproj limit: 0.32
100000001000010000010000011 44312.0
runproj limit: 0.32
100100000001000100010100000 44312.0
runproj limit: 0.32
110001000100001011110100001 44312.0
runproj limit: 0.32
100110100000001101100100101 44312.0
runproj limit: 0.32
010001011100101100010111000 44312.0
runproj limit: 0.32
000000110110101101111011001 44312.0
runproj limit: 0.32
000001100001001011011000011 44312.0
runproj limit: 0.32
110011011101000000000000100 44312.0
runproj limit: 0.32
100100000001000100010100000 44312.0
runproj limit: 0.32
111001101000001100010100101 44312.0
runproj limit: 0.32
000001000001111101000000000 44312.0
runproj limit: 0.32
110011001001011111010010100 44312.0
runproj limit: 0.32
100010001000001000000110110 44312.0
runproj limit: 0.32
110001001101001010000100101 44312.0
best: 1.0
runproj limit: 0.32
111000000000001100010000000 44312.0
runproj limit: 0.32
000000110110101101111011001 44312.0
runproj limit: 0.32
100000011100100100111000011 44312.0
runproj limit: 0.32
000011110001111101000000000 44312.0
runproj limit: 0.32
000011000001011110010010100 44312.0
runproj limit: 0.32
010001001000101100010101000 44312.0
runproj limit: 0.32
000000101010111001010000001 44312.0
runproj limit: 0.32
110011011101000000000000100 44312.0
runproj limit: 0.32
011101100101011110000010100 44312.0
runproj limit: 0.32
100100110011011101010100100 44312.0
runproj limit: 0.32
100000100001100101010100000 44312.0
runproj limit: 0.32
111001001101100100011110111 44312.0
runproj limit: 0.32
000011110000101111100000110 44312.0
runproj limit: 0.32
000011000001001000010000000 44312.0
runproj limit: 0.32
000011100001111100010000000 44312.0
runproj limit: 0.32
100000111000011101010100100 44312.0
runproj limit: 0.32
000011110001110101000000000 44312.0
runproj limit: 0.32
111001001000001110010000100 44312.0
runproj limit: 0.32
110000100001110101110001001 44312.0
runproj limit: 0.32
100000001000010000010000011 44312.0
best: 1.0
runproj limit: 0.32
010001000001110101010110010 44312.0
runproj limit: 0.32
100100101011011001010000000 44312.0
runproj limit: 0.32
100100110110011101110101001 44312.0
runproj limit: 0.32
000000101000011001010100100 44312.0
runproj limit: 0.32
000011110001101111100000110 44312.0
runproj limit: 0.32
100000110110101101010111100 44312.0
runproj limit: 0.32
011001100101001100000110100 44312.0
runproj limit: 0.32
000011100001111110000010100 44312.0
runproj limit: 0.32
000010001000100110110011100 44312.0
runproj limit: 0.32
011111100101011100001010100 44312.0
runproj limit: 0.32
000001101010000001110011000 44312.0
runproj limit: 0.32
011000110000111101100000101 44312.0
runproj limit: 0.32
100010110111111101000110100 44312.0
runproj limit: 0.32
111000000000001100010000000 44312.0
runproj limit: 0.32
000000110110101101111011001 44312.0
runproj limit: 0.32
100000011100100100111000011 44312.0
runproj limit: 0.32
000011110001111101000000000 44312.0
runproj limit: 0.32
000011000001011110010010100 44312.0
runproj limit: 0.32
010001001000101100010101000 44312.0
runproj limit: 0.32
000000101010111001010000001 44312.0
best: 1.0
runproj limit: 0.32
000000110000111001100000100 44312.0
runproj limit: 0.32
100000110110011101110111101 44312.0
runproj limit: 0.32
100100100000011101110100000 44312.0
runproj limit: 0.32
011101100101001100000110100 44312.0
runproj limit: 0.32
010001000000111001010110011 44312.0
runproj limit: 0.32
101010000000101110010001100 44312.0
runproj limit: 0.32
011000110000111101100000101 44312.0
runproj limit: 0.32
000001011001101100011010010 44312.0
runproj limit: 0.32
101101110110101101010011001 44312.0
runproj limit: 0.32
100011010101001100000000011 44312.0
runproj limit: 0.32
001000000000100110111011110 44312.0
runproj limit: 0.32
001010110000011101101000010 44312.0
runproj limit: 0.32
101101000111010010001110110 44312.0
runproj limit: 0.32
010001000001110101010110010 44312.0
runproj limit: 0.32
100100101011011001010000000 44312.0
runproj limit: 0.32
100100110110011101110101001 44312.0
runproj limit: 0.32
000000101000011001010100100 44312.0
runproj limit: 0.32
000011110001101111100000110 44312.0
runproj limit: 0.32
100000110110101101010111100 44312.0
runproj limit: 0.32
011001100101001100000110100 44312.0
best: 1.0
done evolving!
"all is well:)"
>>>>>>>>>>>>>>FINISH OPTIMIZATION>>>>>>>>>>>>>>>
551.98user 273.89system 37:37.90elapsed 36%CPU (0avgtext+0avgdata 113064maxresident)k
1132584inputs+1516512outputs (295major+71353154minor)pagefaults 0swaps
