Optimizing /h/ywang30/nofib/imaginary/kahan
>>>>>>>>>>>>>>>START OPTIMIZATION>>>>>>>>>>>>>>>
pop: 13
gens: 15
arch: 7
limit is: 0.53
runproj limit: 0.53
"All is well :D"
Basetime is: 75480.0
runproj limit: 0.53
0000000000000000000000 75480.0
runproj limit: 0.53
0000000000000000000000 75480.0
runproj limit: 0.53
0000000000000000000000 75480.0
runproj limit: 0.53
0000000000010000001000 75480.0
runproj limit: 0.53
0000000000000000000000 75480.0
runproj limit: 0.53
0010000010010000000000 75480.0
runproj limit: 0.53
0000000000000000000000 75480.0
runproj limit: 0.53
0100000000001100000000 75480.0
runproj limit: 0.53
0000100000000000000000 75480.0
runproj limit: 0.53
0000000000000000000000 75480.0
runproj limit: 0.53
0000010000000000100000 75480.0
runproj limit: 0.53
0000100000001000000000 75480.0
runproj limit: 0.53
0000000000000000000000 75480.0
best: 1.0
runproj limit: 0.53
0000000000000000000000 75480.0
runproj limit: 0.53
0000000000000000000000 75480.0
runproj limit: 0.53
0010000010010000000000 75480.0
runproj limit: 0.53
0000000000000000000000 75480.0
runproj limit: 0.53
0000000000000000000000 75480.0
runproj limit: 0.53
0000100000000000000000 75480.0
runproj limit: 0.53
0100000000000000100000 75480.0
runproj limit: 0.53
0000000000000000000000 75480.0
runproj limit: 0.53
0000000000011100100000 75480.0
runproj limit: 0.53
0000010000001001011001 75480.0
runproj limit: 0.53
0100110011000110011100 75480.0
runproj limit: 0.53
0110010000011000010100 75480.0
runproj limit: 0.53
0110010100100000010000 75480.0
runproj limit: 0.53
0000000000000000000000 75480.0
runproj limit: 0.53
0000000000010000001000 75480.0
runproj limit: 0.53
0010000010010000000000 75480.0
runproj limit: 0.53
0100000000001100000000 75480.0
runproj limit: 0.53
0000100000000000000000 75480.0
runproj limit: 0.53
0000010000000000100000 75480.0
runproj limit: 0.53
0000100000001000000000 75480.0
best: 1.0
runproj limit: 0.53
0000000000000000000000 75480.0
runproj limit: 0.53
0110000000010000000000 75480.0
runproj limit: 0.53
0100010010000110011100 75480.0
runproj limit: 0.53
0000000000010000001000 75480.0
runproj limit: 0.53
0000000010010000000000 75480.0
runproj limit: 0.53
0100000000000000000000 75480.0
runproj limit: 0.53
0000000000010100000000 75480.0
runproj limit: 0.53
0010010000001000010100 75480.0
runproj limit: 0.53
0000010000000010100101 75480.0
runproj limit: 0.53
0001000000010000010010 75480.0
runproj limit: 0.53
1111010000001111010110 75480.0
runproj limit: 0.53
0101010001000101110110 75480.0
runproj limit: 0.53
0001010000011001000001 75480.0
runproj limit: 0.53
0000000000000000000000 75480.0
runproj limit: 0.53
0010000010010000000000 75480.0
runproj limit: 0.53
0000100000000000000000 75480.0
runproj limit: 0.53
0100000000000000100000 75480.0
runproj limit: 0.53
0000000000011100100000 75480.0
runproj limit: 0.53
0000010000001001011001 75480.0
runproj limit: 0.53
0100110011000110011100 75480.0
best: 1.0
runproj limit: 0.53
0001010000010010010100 75480.0
runproj limit: 0.53
0100000010000010001000 75480.0
runproj limit: 0.53
0100010010000100011100 75480.0
runproj limit: 0.53
0100000000000110101100 75480.0
runproj limit: 0.53
0000000000010100010000 75480.0
runproj limit: 0.53
0000000010010110010000 75480.0
runproj limit: 0.53
0000000000000000000000 75480.0
runproj limit: 0.53
0000000000011000101000 75480.0
runproj limit: 0.53
0000000000010100000000 75480.0
runproj limit: 0.53
0100100000001000000001 75480.0
runproj limit: 0.53
0010010011000011101100 75480.0
runproj limit: 0.53
1110010100001110010111 75480.0
runproj limit: 0.53
0100010000000000100110 75480.0
runproj limit: 0.53
0000000000000000000000 75480.0
runproj limit: 0.53
0110000000010000000000 75480.0
runproj limit: 0.53
0100010010000110011100 75480.0
runproj limit: 0.53
0000000000010000001000 75480.0
runproj limit: 0.53
0000000010010000000000 75480.0
runproj limit: 0.53
0100000000000000000000 75480.0
runproj limit: 0.53
0000000000010100000000 75480.0
best: 1.0
runproj limit: 0.53
0000010010010100010100 75480.0
runproj limit: 0.53
0000000000010000000000 75480.0
runproj limit: 0.53
0100010000000000000100 75480.0
runproj limit: 0.53
0000000000010100001000 75480.0
runproj limit: 0.53
0000000000011100001000 75480.0
runproj limit: 0.53
0110000000010000000000 75480.0
runproj limit: 0.53
1011010000010010010101 75480.0
runproj limit: 0.53
0100000000000010001100 75480.0
runproj limit: 0.53
0011011000110100011001 75480.0
runproj limit: 0.53
0111000001000001000001 75480.0
runproj limit: 0.53
0110100100010000000010 75480.0
runproj limit: 0.53
1100010110110100111110 75480.0
runproj limit: 0.53
0101010000010010000111 75480.0
runproj limit: 0.53
0001010000010010010100 75480.0
runproj limit: 0.53
0100000010000010001000 75480.0
runproj limit: 0.53
0100010010000100011100 75480.0
runproj limit: 0.53
0100000000000110101100 75480.0
runproj limit: 0.53
0000000000010100010000 75480.0
runproj limit: 0.53
0000000010010110010000 75480.0
runproj limit: 0.53
0000000000000000000000 75480.0
best: 1.0
runproj limit: 0.53
1111000010010000111000 75480.0
runproj limit: 0.53
0000000000011010001100 75480.0
runproj limit: 0.53
0100000000000000000000 75480.0
runproj limit: 0.53
0100000000010100000000 75480.0
runproj limit: 0.53
0110000000010000000000 75480.0
runproj limit: 0.53
0100000000010010001100 75480.0
runproj limit: 0.53
1001010010010110010100 75480.0
runproj limit: 0.53
0110010110010000001100 75480.0
runproj limit: 0.53
0010000010011110010101 75480.0
runproj limit: 0.53
0111000110110100111100 75480.0
runproj limit: 0.53
1111001010111000111001 75480.0
runproj limit: 0.53
0101000010001011001100 75480.0
runproj limit: 0.53
0000010010011101000001 75480.0
runproj limit: 0.53
0000010010010100010100 75480.0
runproj limit: 0.53
0000000000010000000000 75480.0
runproj limit: 0.53
0100010000000000000100 75480.0
runproj limit: 0.53
0000000000010100001000 75480.0
runproj limit: 0.53
0000000000011100001000 75480.0
runproj limit: 0.53
0110000000010000000000 75480.0
runproj limit: 0.53
1011010000010010010101 75480.0
best: 1.0
runproj limit: 0.53
0000001010011000111000 75480.0
runproj limit: 0.53
0000000000011100001001 75480.0
runproj limit: 0.53
1001010000010100010000 75480.0
runproj limit: 0.53
0000000000010011001101 75480.0
runproj limit: 0.53
0000010000001010000100 75480.0
runproj limit: 0.53
0100000000000000000100 75480.0
runproj limit: 0.53
0100000000010000111000 75480.0
runproj limit: 0.53
0110000110010000000100 75480.0
runproj limit: 0.53
0001010000011010100010 75480.0
runproj limit: 0.53
0011111100010111010100 75480.0
runproj limit: 0.53
0011100010011110000101 75480.0
runproj limit: 0.53
1100100001110100000010 75480.0
runproj limit: 0.53
0110010110110100001101 75480.0
runproj limit: 0.53
1111000010010000111000 75480.0
runproj limit: 0.53
0000000000011010001100 75480.0
runproj limit: 0.53
0100000000000000000000 75480.0
runproj limit: 0.53
0100000000010100000000 75480.0
runproj limit: 0.53
0110000000010000000000 75480.0
runproj limit: 0.53
0100000000010010001100 75480.0
runproj limit: 0.53
1001010010010110010100 75480.0
best: 1.0
runproj limit: 0.53
0110000000010100000000 75480.0
runproj limit: 0.53
1100110100110100001101 75480.0
runproj limit: 0.53
0101010000001010011000 75480.0
runproj limit: 0.53
0110101000010011001100 75480.0
runproj limit: 0.53
0001010100010011000101 75480.0
runproj limit: 0.53
0110100100010000000010 75480.0
runproj limit: 0.53
0000101000011011010100 75480.0
runproj limit: 0.53
0001100000010110000000 75480.0
runproj limit: 0.53
0100110000010000000101 75480.0
runproj limit: 0.53
1110000000010011011011 75480.0
runproj limit: 0.53
1110010110010100000000 75480.0
runproj limit: 0.53
0010001100010111000101 75480.0
runproj limit: 0.53
1011100011011111100101 75480.0
runproj limit: 0.53
0000001010011000111000 75480.0
runproj limit: 0.53
0000000000011100001001 75480.0
runproj limit: 0.53
1001010000010100010000 75480.0
runproj limit: 0.53
0000000000010011001101 75480.0
runproj limit: 0.53
0000010000001010000100 75480.0
runproj limit: 0.53
0100000000000000000100 75480.0
runproj limit: 0.53
0100000000010000111000 75480.0
best: 1.0
runproj limit: 0.53
0001010000011011000101 75480.0
runproj limit: 0.53
0010011100010011000101 75480.0
runproj limit: 0.53
0011101101011111000101 75480.0
runproj limit: 0.53
1100101100010101001100 75480.0
runproj limit: 0.53
0000010000011110001100 75480.0
runproj limit: 0.53
0010000010011111000000 75480.0
runproj limit: 0.53
0000000000010100000101 75480.0
runproj limit: 0.53
1110010010000000000000 75480.0
runproj limit: 0.53
1000100100010001001000 75480.0
runproj limit: 0.53
1110001000010101011011 75480.0
runproj limit: 0.53
0100010010011010011000 75480.0
runproj limit: 0.53
1000101000110011010000 75480.0
runproj limit: 0.53
1100110100111101010101 75480.0
runproj limit: 0.53
0110000000010100000000 75480.0
runproj limit: 0.53
1100110100110100001101 75480.0
runproj limit: 0.53
0101010000001010011000 75480.0
runproj limit: 0.53
0110101000010011001100 75480.0
runproj limit: 0.53
0001010100010011000101 75480.0
runproj limit: 0.53
0110100100010000000010 75480.0
runproj limit: 0.53
0000101000011011010100 75480.0
best: 1.0
runproj limit: 0.53
0010011000011001000000 75480.0
runproj limit: 0.53
0000110000011011010100 75480.0
runproj limit: 0.53
1100010000011001000101 75480.0
runproj limit: 0.53
1000011100010011010001 75480.0
runproj limit: 0.53
1100100100010100001101 75480.0
runproj limit: 0.53
0001010100010011000101 75480.0
runproj limit: 0.53
0000010000011110001100 75480.0
runproj limit: 0.53
1010101000110000010000 75480.0
runproj limit: 0.53
1010100100010010001011 75480.0
runproj limit: 0.53
1100011000010111110111 75480.0
runproj limit: 0.53
0110010010001010111101 75480.0
runproj limit: 0.53
0001110011110110101000 75480.0
runproj limit: 0.53
1010100001010100001011 75480.0
runproj limit: 0.53
0001010000011011000101 75480.0
runproj limit: 0.53
0010011100010011000101 75480.0
runproj limit: 0.53
0011101101011111000101 75480.0
runproj limit: 0.53
1100101100010101001100 75480.0
runproj limit: 0.53
0000010000011110001100 75480.0
runproj limit: 0.53
0010000010011111000000 75480.0
runproj limit: 0.53
0000000000010100000101 75480.0
best: 1.0
runproj limit: 0.53
1100110111010100001000 75480.0
runproj limit: 0.53
0001000000010001000101 75480.0
runproj limit: 0.53
0110011010001011001101 75480.0
runproj limit: 0.53
0000010000011111000000 75480.0
runproj limit: 0.53
1100110000011111110100 75480.0
runproj limit: 0.53
0000100000010010000001 75480.0
runproj limit: 0.53
0100010011011010101001 75480.0
runproj limit: 0.53
0000011100010111000101 75480.0
runproj limit: 0.53
0000011101000011010110 75480.0
runproj limit: 0.53
1010010110110101001101 75480.0
runproj limit: 0.53
0000001000011100001000 75480.0
runproj limit: 0.53
0001101101011100010000 75480.0
runproj limit: 0.53
0010101000100101110100 75480.0
runproj limit: 0.53
0010011000011001000000 75480.0
runproj limit: 0.53
0000110000011011010100 75480.0
runproj limit: 0.53
1100010000011001000101 75480.0
runproj limit: 0.53
1000011100010011010001 75480.0
runproj limit: 0.53
1100100100010100001101 75480.0
runproj limit: 0.53
0001010100010011000101 75480.0
runproj limit: 0.53
0000010000011110001100 75480.0
best: 1.0
runproj limit: 0.53
0000110000011110000100 75480.0
runproj limit: 0.53
0010111000011111001100 75480.0
runproj limit: 0.53
0000001100010111010101 75480.0
runproj limit: 0.53
0000111100011101010000 75480.0
runproj limit: 0.53
1110010000001011100100 75480.0
runproj limit: 0.53
0000001000011101011100 75480.0
runproj limit: 0.53
1000000000010100001100 75480.0
runproj limit: 0.53
0001000000010001000101 75480.0
runproj limit: 0.53
1100010001011010110101 75480.0
runproj limit: 0.53
0001101000010011011001 75480.0
runproj limit: 0.53
1100010111011111000101 75480.0
runproj limit: 0.53
1000001111111011011110 75480.0
runproj limit: 0.53
0000011000010110111110 75480.0
runproj limit: 0.53
1100110111010100001000 75480.0
runproj limit: 0.53
0001000000010001000101 75480.0
runproj limit: 0.53
0110011010001011001101 75480.0
runproj limit: 0.53
0000010000011111000000 75480.0
runproj limit: 0.53
1100110000011111110100 75480.0
runproj limit: 0.53
0000100000010010000001 75480.0
runproj limit: 0.53
0100010011011010101001 75480.0
best: 1.0
runproj limit: 0.53
1110000000001011000100 75480.0
runproj limit: 0.53
1000001111111011011110 75480.0
runproj limit: 0.53
1000000101011001001110 75480.0
runproj limit: 0.53
0000111100011111000000 75480.0
runproj limit: 0.53
0000110000011111100100 75480.0
runproj limit: 0.53
1100010010001011001101 75480.0
runproj limit: 0.53
1000001000111110011100 75480.0
runproj limit: 0.53
0100110111010000001000 75480.0
runproj limit: 0.53
0111011011011111100000 75480.0
runproj limit: 0.53
0001001110100111010101 75480.0
runproj limit: 0.53
0000001000011001010101 75480.0
runproj limit: 0.53
0110010011010001001111 75480.0
runproj limit: 0.53
0000111100001011111000 75480.0
runproj limit: 0.53
0000110000011110000100 75480.0
runproj limit: 0.53
0010111000011111001100 75480.0
runproj limit: 0.53
0000001100010111010101 75480.0
runproj limit: 0.53
0000111100011101010000 75480.0
runproj limit: 0.53
1110010000001011100100 75480.0
runproj limit: 0.53
0000001000011101011100 75480.0
runproj limit: 0.53
1000000000010100001100 75480.0
best: 1.0
runproj limit: 0.53
0100010000011101010101 75480.0
runproj limit: 0.53
0001001000100110011100 75480.0
runproj limit: 0.53
0001001111110111011101 75480.0
runproj limit: 0.53
1000001000010110011101 75480.0
runproj limit: 0.53
0000111100011011111000 75480.0
runproj limit: 0.53
0000001111111011010101 75480.0
runproj limit: 0.53
1110011011011011000001 75480.0
runproj limit: 0.53
0000111000011111100000 75480.0
runproj limit: 0.53
1000100010001001100100 75480.0
runproj limit: 0.53
0111111011011111000010 75480.0
runproj limit: 0.53
1000011000110000010100 75480.0
runproj limit: 0.53
1010001100001111011000 75480.0
runproj limit: 0.53
1000101101111111010001 75480.0
runproj limit: 0.53
1110000000001011000100 75480.0
runproj limit: 0.53
1000001111111011011110 75480.0
runproj limit: 0.53
1000000101011001001110 75480.0
runproj limit: 0.53
0000111100011111000000 75480.0
runproj limit: 0.53
0000110000011111100100 75480.0
runproj limit: 0.53
1100010010001011001101 75480.0
runproj limit: 0.53
1000001000111110011100 75480.0
best: 1.0
runproj limit: 0.53
1000001100011110011000 75480.0
runproj limit: 0.53
0000001111110111011101 75480.0
runproj limit: 0.53
0001001000000111011101 75480.0
runproj limit: 0.53
0111011011011011000001 75480.0
runproj limit: 0.53
1100010000011110010101 75480.0
runproj limit: 0.53
1010100000001011100100 75480.0
runproj limit: 0.53
1010001100001111011000 75480.0
runproj limit: 0.53
0000010100011011000110 75480.0
runproj limit: 0.53
0011011111111011010100 75480.0
runproj limit: 0.53
1000110101010011010000 75480.0
runproj limit: 0.53
1010000000001001100110 75480.0
runproj limit: 0.53
0010101100000111001010 75480.0
runproj limit: 0.53
0011010011111100100011 75480.0
runproj limit: 0.53
0100010000011101010101 75480.0
runproj limit: 0.53
0001001000100110011100 75480.0
runproj limit: 0.53
0001001111110111011101 75480.0
runproj limit: 0.53
1000001000010110011101 75480.0
runproj limit: 0.53
0000111100011011111000 75480.0
runproj limit: 0.53
0000001111111011010101 75480.0
runproj limit: 0.53
1110011011011011000001 75480.0
best: 1.0
done evolving!
"all is well:)"
>>>>>>>>>>>>>>FINISH OPTIMIZATION>>>>>>>>>>>>>>>
629.31user 252.57system 39:23.34elapsed 37%CPU (0avgtext+0avgdata 137880maxresident)k
1129088inputs+1458528outputs (590major+64127035minor)pagefaults 0swaps
