Optimizing /h/ywang30/nofib/spectral/lcss
>>>>>>>>>>>>>>>START OPTIMIZATION>>>>>>>>>>>>>>>
pop: 13
gens: 15
arch: 7
limit is: 0.72
runproj limit: 0.72
"All is well :D"
Basetime is: 2.6567616e7
runproj limit: 0.72
0000000000000000000000000000000000000000000000000000000000000000000000 2.6567616e7
runproj limit: 0.72
0010000000100000000100000000001100000000000000000000000000000001001000 204392.0
runproj limit: 0.72
0000000000010000001000001001101000000000000011000001000010000000000000 191168.0
runproj limit: 0.72
0000000000010000001000001010000000001010010000000001000000000110000000 190720.0
runproj limit: 0.72
0000000000000000000000000100011000000000100100000110000000000000000000 2.6567656e7
runproj limit: 0.72
0010000010010000000000010000100000000000000000001000000000000000110000 203784.0
runproj limit: 0.72
1000000000000000000000000011000101010000100000010000000100000100000010 2.6567712e7
runproj limit: 0.72
0100000000001100000000100000000000000000000000100000010000001010000000 218168.0
runproj limit: 0.72
0000100000000000000000100000100000000000000000000100000100000000100000 2.6567424e7
runproj limit: 0.72
0010000000000000000000001000000000110000100000000001000000000000010000 2.6567624e7
runproj limit: 0.72
0000010000000000100000000000000000001010000000000000000000001011000000 183800.0
runproj limit: 0.72
0000000000000000000000000000000000000000000000000000000000000000000000 2.6567616e7
runproj limit: 0.72
0000000000000000000000000000000000000000000000000000000000000000000000 2.6567616e7
best: 6.91819695075388e-3
runproj limit: 0.72
0000010000010000000000001000000000001010010000000000000000000010000000 203480.0
runproj limit: 0.72
0000000000010000000000001001100000000000000011000001000000000000000000 203784.0
runproj limit: 0.72
0010000010010000000000010000100000000000000000001000000000000000110000 203784.0
runproj limit: 0.72
0000000000001100000000101000001000000000000001100001010000001000000000 218200.0
runproj limit: 0.72
1010000000000000000100000011000100010000100000000000000000000100000000 2.6567712e7
runproj limit: 0.72
0000100000000000000000100000100000001000000000000101000100000110100000 2.6567408e7
runproj limit: 0.72
0100000000000000100000000000000000001010000000000000010000001010000000 183800.0
runproj limit: 0.72
0000100000000000000000100000100000000000000000000100000100000000100000 2.6567424e7
runproj limit: 0.72
0000000000001100101000010001100000000010000010000101011110101000000010 211184.0
runproj limit: 0.72
0000010000001001011001100000000101111000000101010100000000010000000000 175144.0
runproj limit: 0.72
0100110011000110011100000101000000010010000001000000100100100000000000 185408.0
runproj limit: 0.72
0100010010011000011100101011100010001010010000001100010001000000000000 191136.0
runproj limit: 0.72
0110000100100000110000000001000000101000000001011111110000001011000000 195832.0
runproj limit: 0.72
0000010000000000100000000000000000001010000000000000000000001011000000 183800.0
runproj limit: 0.72
0000000000010000001000001010000000001010010000000001000000000110000000 190720.0
runproj limit: 0.72
0000000000010000001000001001101000000000000011000001000010000000000000 191168.0
runproj limit: 0.72
0010000010010000000000010000100000000000000000001000000000000000110000 203784.0
runproj limit: 0.72
0010000000100000000100000000001100000000000000000000000000000001001000 204392.0
runproj limit: 0.72
0100000000001100000000100000000000000000000000100000010000001010000000 218168.0
runproj limit: 0.72
0000100000000000000000100000100000000000000000000100000100000000100000 2.6567424e7
best: 6.592386761386494e-3
runproj limit: 0.72
0110000000100000100000000001000000001000000001010000010000001010000000 195832.0
runproj limit: 0.72
0100010010010000001000001000100010001010000000001100010001001011000000 191136.0
runproj limit: 0.72
0000010010010010011100010100000000010010000001000000000000100000000000 191136.0
runproj limit: 0.72
0000000011000100011100001001000000010000000001000001100000000000000000 198304.0
runproj limit: 0.72
0000010000010000001000001001101000001000000000000001000000000010000000 191136.0
runproj limit: 0.72
0000000100100000011000000001000000001000000011011101110010000000000000 211136.0
runproj limit: 0.72
0000010000000100011100000111000000000010010000000001100100000110000000 198320.0
runproj limit: 0.72
0000000000001000010000000000000100001010000001000000010000000000000000 2.6567408e7
runproj limit: 0.72
0010000010010010000101010100101000000001001110010000000100100000110000 199288.0
runproj limit: 0.72
0001010000010000110010000001000100001000000001100000001000101101010100 181456.0
runproj limit: 0.72
1101000000010111100010000000011000001001000100100100110111000000101010 181240.0
runproj limit: 0.72
0111010011000101111110100011100011110000010101001000000011000100000000 207200.0
runproj limit: 0.72
0001000000000101000001100100111001100110010100000000100010001010000101 211232.0
runproj limit: 0.72
0000010000001001011001100000000101111000000101010100000000010000000000 175144.0
runproj limit: 0.72
0100000000000000100000000000000000001010000000000000010000001010000000 183800.0
runproj limit: 0.72
0000010000000000100000000000000000001010000000000000000000001011000000 183800.0
runproj limit: 0.72
0100110011000110011100000101000000010010000001000000100100100000000000 185408.0
runproj limit: 0.72
0000000000010000001000001010000000001010010000000001000000000110000000 190720.0
runproj limit: 0.72
0100010010011000011100101011100010001010010000001100010001000000000000 191136.0
runproj limit: 0.72
0000000000010000001000001001101000000000000011000001000010000000000000 191168.0
best: 6.592386761386494e-3
runproj limit: 0.72
0001000000010000110000000001000000001000000001100000011000001011010100 181456.0
runproj limit: 0.72
0000000001010100011100001001101000010000000001000001000000000000000000 191136.0
runproj limit: 0.72
0100000000000000101000001001000010001010000000001100010001000000000000 207568.0
runproj limit: 0.72
0000010000000011011100100000000000110000000001010100000000100000000000 184536.0
runproj limit: 0.72
0101010000010101110010000001001100001001000100100100111101001100111000 181880.0
runproj limit: 0.72
0100000000000000100000000001101000001000000000000001000000001010000000 183904.0
runproj limit: 0.72
0000010000000000101000000001000000001010000000000000000000001010000000 210800.0
runproj limit: 0.72
0000010000010000001000001000100000001010000000000001000000000010000000 190720.0
runproj limit: 0.72
0000000000010000001000001000000010001010000000000001000010101111000000 191136.0
runproj limit: 0.72
0010100000101000100001000000100000101010100101010000010110000010100101 191928.0
runproj limit: 0.72
0111010001010101000010000001000100000000000101101001100001101100010111 203744.0
runproj limit: 0.72
1100000100010110100011100110011100000000000101100101110111010001101010 189048.0
runproj limit: 0.72
0110010010000000101110110111011110100000010101001000000111000110110000 203248.0
runproj limit: 0.72
0000010000001001011001100000000101111000000101010100000000010000000000 175144.0
runproj limit: 0.72
1101000000010111100010000000011000001001000100100100110111000000101010 181240.0
runproj limit: 0.72
0001010000010000110010000001000100001000000001100000001000101101010100 181456.0
runproj limit: 0.72
0100000000000000100000000000000000001010000000000000010000001010000000 183800.0
runproj limit: 0.72
0000010000000000100000000000000000001010000000000000000000001011000000 183800.0
runproj limit: 0.72
0100110011000110011100000101000000010010000001000000100100100000000000 185408.0
runproj limit: 0.72
0000000000010000001000001010000000001010010000000001000000000110000000 190720.0
best: 6.592386761386494e-3
runproj limit: 0.72
0101010000010001110010000001001100001000000001100100001000001101111100 181488.0
runproj limit: 0.72
0100100000010110001100001100000000011010010001000001000000000110000000 190720.0
runproj limit: 0.72
0000010000001001011001100000000101111000000101010100000000010000000000 175144.0
runproj limit: 0.72
0000000000010000000000000010000000001010000000000001010000001010000000 203480.0
runproj limit: 0.72
0101010000010100111010000001000000001001000100100000111100000110010000 182616.0
runproj limit: 0.72
0100110000010111101000000101000000011011000001000000100111100000101010 182616.0
runproj limit: 0.72
0101010000010111100010000001001000001001000100100100110101001100111000 181880.0
runproj limit: 0.72
0000000001010100010000000001001000011010000000000000000000000010000000 203752.0
runproj limit: 0.72
0011001000110110111101000101001010101000100001100000011100111101010100 179392.0
runproj limit: 0.72
0011110010000111011101000101000000011010000000001100001000111000000100 175712.0
runproj limit: 0.72
1101100100010111100000110100011000001001000100100101100111000110000110 181832.0
runproj limit: 0.72
1000000100100000101010000000100010001011000000000111000011101101000000 207072.0
runproj limit: 0.72
0101000000010000100011100011000010000001001001100011001010011011010100 189200.0
runproj limit: 0.72
0000010000001001011001100000000101111000000101010100000000010000000000 175144.0
runproj limit: 0.72
1101000000010111100010000000011000001001000100100100110111000000101010 181240.0
runproj limit: 0.72
0001000000010000110000000001000000001000000001100000011000001011010100 181456.0
runproj limit: 0.72
0001010000010000110010000001000100001000000001100000001000101101010100 181456.0
runproj limit: 0.72
0101010000010101110010000001001100001001000100100100111101001100111000 181880.0
runproj limit: 0.72
0100000000000000100000000000000000001010000000000000010000001010000000 183800.0
runproj limit: 0.72
0000010000000000100000000000000000001010000000000000000000001011000000 183800.0
best: 6.592386761386494e-3
runproj limit: 0.72
0011010000010100110100000101000100001010000000101000001000111100000100 181456.0
runproj limit: 0.72
0101010000010000111010000001000100001001000100100000101000000100010100 182616.0
runproj limit: 0.72
0001010000000101110011000001000100001010000000101100101000101100010000 186680.0
runproj limit: 0.72
0101010000010111110010000001011000001001000100100100110101000100101010 181880.0
runproj limit: 0.72
0101010000010101100010000101001100011011000101000000110101100100111000 181880.0
runproj limit: 0.72
0100000000010101000000000011000000011011000001000001010101100010100000 203896.0
runproj limit: 0.72
0101010000010111100010000000011000001001000100100100110111000100111010 181240.0
runproj limit: 0.72
0101101000010110101101000101000000111000100001000000111101101001111110 179440.0
runproj limit: 0.72
1111100100011111100101111100011100001001000100000000000101001110000010 189240.0
runproj limit: 0.72
1011000000000000100010000000101100000010100110000001101100011010010010 183664.0
runproj limit: 0.72
1111011010111010011101001101101000111100110000110001011110000011001110 180864.0
runproj limit: 0.72
0001000011011101010000000000000010101010000001000000000011010110010100 203728.0
runproj limit: 0.72
0100010000001011110001000000101111001000000010010101011100001111001001 186656.0
runproj limit: 0.72
0000010000001001011001100000000101111000000101010100000000010000000000 175144.0
runproj limit: 0.72
0011110010000111011101000101000000011010000000001100001000111000000100 175712.0
runproj limit: 0.72
0011001000110110111101000101001010101000100001100000011100111101010100 179392.0
runproj limit: 0.72
1101000000010111100010000000011000001001000100100100110111000000101010 181240.0
runproj limit: 0.72
0001000000010000110000000001000000001000000001100000011000001011010100 181456.0
runproj limit: 0.72
0001010000010000110010000001000100001000000001100000001000101101010100 181456.0
runproj limit: 0.72
0101010000010001110010000001001100001000000001100100001000001101111100 181488.0
best: 6.592386761386494e-3
runproj limit: 0.72
1101001010011011011100000100111000001100000000110000010110000000101110 190720.0
runproj limit: 0.72
1100000000001011110011000000001101001001000110100100110100000101001000 191912.0
runproj limit: 0.72
1111011000111111010000000001001000011000000000110000010110000010001110 210592.0
runproj limit: 0.72
0101010000010001110010000001001100001000000001100100001000001101111100 181488.0
runproj limit: 0.72
0011001000110110111101000101001010101000100001100000011100111101010100 179392.0
runproj limit: 0.72
0011010010010111011101000101001010001010100001101100011000111101000100 185920.0
runproj limit: 0.72
0011010010000001011001000001000100011010000001010100001000110000000100 175552.0
runproj limit: 0.72
0011001010000110011101000101000000011000100001000100011000111100000100 189080.0
runproj limit: 0.72
0110000000011010010110000010000100101111011100111000001100111110000000 203568.0
runproj limit: 0.72
0011101110001001111010000111001100110011010010100100110000000101111100 207152.0
runproj limit: 0.72
0000100000010000100000010001100000001001000010101001001000011011000100 181832.0
runproj limit: 0.72
1101110001110111110000001101111011001001001010101100100101110100111100 181880.0
runproj limit: 0.72
0101101000110010101100010010000000100000000011100010011101101111111110 182528.0
runproj limit: 0.72
0000010000001001011001100000000101111000000101010100000000010000000000 175144.0
runproj limit: 0.72
0011110010000111011101000101000000011010000000001100001000111000000100 175712.0
runproj limit: 0.72
0011001000110110111101000101001010101000100001100000011100111101010100 179392.0
runproj limit: 0.72
0101101000010110101101000101000000111000100001000000111101101001111110 179440.0
runproj limit: 0.72
1111011010111010011101001101101000111100110000110001011110000011001110 180864.0
runproj limit: 0.72
0101010000010111100010000000011000001001000100100100110111000100111010 181240.0
runproj limit: 0.72
1101000000010111100010000000011000001001000100100100110111000000101010 181240.0
best: 6.592386761386494e-3
runproj limit: 0.72
0011001000000110111101000001000000111000100001000000101100100000011110 184816.0
runproj limit: 0.72
1001100000110111111101000101101011101001001010100000010100110100010100 179448.0
runproj limit: 0.72
0010001000010110111001100101001111111000000101000000011000010000000100 179344.0
runproj limit: 0.72
0011111010000001111000000011000100010010000010010100010000110101110100 206448.0
runproj limit: 0.72
0001010000010111001100000001000000011010000000100100001101011000110010 191136.0
runproj limit: 0.72
1001010011110101010000000001101000001001001000010100001100110100100100 210584.0
runproj limit: 0.72
0011111010000101111111000101001000011011000000101100101000011101011100 183712.0
runproj limit: 0.72
0011001010100110111101000101000010111000100001000100011100111101010100 184816.0
runproj limit: 0.72
0000010000000000100001010111100001101000100010101000101100001110001000 186632.0
runproj limit: 0.72
0001011010111010001011000111101000111110100000010001010100000011011100 180816.0
runproj limit: 0.72
1111111110010110101101000110000001101101011010001110101011111001111111 180392.0
runproj limit: 0.72
0111011100010101111010100010101100001100000010000101011011101100111110 181928.0
runproj limit: 0.72
1000100001010001000000010011111000001001010011001001101010011111000110 203896.0
runproj limit: 0.72
0000010000001001011001100000000101111000000101010100000000010000000000 175144.0
runproj limit: 0.72
0011010010000001011001000001000100011010000001010100001000110000000100 175552.0
runproj limit: 0.72
0011110010000111011101000101000000011010000000001100001000111000000100 175712.0
runproj limit: 0.72
0011001000110110111101000101001010101000100001100000011100111101010100 179392.0
runproj limit: 0.72
0101101000010110101101000101000000111000100001000000111101101001111110 179440.0
runproj limit: 0.72
1111011010111010011101001101101000111100110000110001011110000011001110 180864.0
runproj limit: 0.72
0101010000010111100010000000011000001001000100100100110111000100111010 181240.0
best: 6.592386761386494e-3
runproj limit: 0.72
0111001000010110111101000101001000111000100001100000011101111101011110 179392.0
runproj limit: 0.72
1011001000110111111101000101001010101001100000100000011100111100010100 179448.0
runproj limit: 0.72
0011000010010100011001000101000110111000000001100000001100111100000100 186856.0
runproj limit: 0.72
1001100000110111111101000101101011101001001010100000010100110100010100 179448.0
runproj limit: 0.72
0001000010000010101101000101000000011000100001010100101001110000110100 184816.0
runproj limit: 0.72
0001110000010101000101000001110000011000000010001001001010011101000110 206696.0
runproj limit: 0.72
0011010010000001011101000001000100011010000000000100001000110000000100 175552.0
runproj limit: 0.72
1111011010010010101101001111000001101101010000000011011111111011001111 180824.0
runproj limit: 0.72
1011110110001100011000001001100100011000000000100100011000110000110100 198304.0
runproj limit: 0.72
1111110110010000101101000100111001101101111111011110101011011001010101 180392.0
runproj limit: 0.72
0011001010000110111001100100111011111000010101001001011010011000000100 184960.0
runproj limit: 0.72
1101010000111111100110011001001101101011001000100000100111000110110010 181880.0
runproj limit: 0.72
1001100000111110100101000010001001110011011000110010101101101100011100 189000.0
runproj limit: 0.72
0000010000001001011001100000000101111000000101010100000000010000000000 175144.0
runproj limit: 0.72
0011010010000001011001000001000100011010000001010100001000110000000100 175552.0
runproj limit: 0.72
0011110010000111011101000101000000011010000000001100001000111000000100 175712.0
runproj limit: 0.72
0010001000010110111001100101001111111000000101000000011000010000000100 179344.0
runproj limit: 0.72
0011001000110110111101000101001010101000100001100000011100111101010100 179392.0
runproj limit: 0.72
0101101000010110101101000101000000111000100001000000111101101001111110 179440.0
runproj limit: 0.72
1001100000110111111101000101101011101001001010100000010100110100010100 179448.0
best: 6.592386761386494e-3
runproj limit: 0.72
0011010000001011101101001101000101111100010000010000000000110010000110 183680.0
runproj limit: 0.72
1001100010110111111101000101000001111001101011010000010001110000010100 179448.0
runproj limit: 0.72
0111001000010110111101000101001000111000100001100000011101111101011110 179392.0
runproj limit: 0.72
0011000000110110011101000101000010011010000000100100001100111100010100 179344.0
runproj limit: 0.72
0011110010001001011001001001100100011000000001000100011000110000110100 175632.0
runproj limit: 0.72
0011010010000001011101000001000100011010000000000100001000110000000100 175552.0
runproj limit: 0.72
1111001000010010111101000111000000101000000001000000011111111011011111 179344.0
runproj limit: 0.72
0001110000000110011001000000000100111000000001010100111001010000111000 175304.0
runproj limit: 0.72
1001101000010100100100100100000101011000001111111011111101001001100111 181384.0
runproj limit: 0.72
1101100110010010000001100101111000100101111111011100101110011000000101 199304.0
runproj limit: 0.72
1101011010000010001000001000010101101101110100100001010111001101001101 184936.0
runproj limit: 0.72
1010101011011111011001001111000101111011110001100000011110101110010110 187104.0
runproj limit: 0.72
0111011011000110001101000001000101000010001010001111001001001011000100 175728.0
runproj limit: 0.72
0000010000001001011001100000000101111000000101010100000000010000000000 175144.0
runproj limit: 0.72
0011010010000001011101000001000100011010000000000100001000110000000100 175552.0
runproj limit: 0.72
0011010010000001011001000001000100011010000001010100001000110000000100 175552.0
runproj limit: 0.72
0011110010000111011101000101000000011010000000001100001000111000000100 175712.0
runproj limit: 0.72
0010001000010110111001100101001111111000000101000000011000010000000100 179344.0
runproj limit: 0.72
0111001000010110111101000101001000111000100001100000011101111101011110 179392.0
runproj limit: 0.72
0011001000110110111101000101001010101000100001100000011100111101010100 179392.0
best: 6.592386761386494e-3
runproj limit: 0.72
0001110010000011011101000001000100011000000001000100101001010000000100 175712.0
runproj limit: 0.72
0100011011000011001001100001000101010010001110000100001000000001000000 175792.0
runproj limit: 0.72
0011110010001001011101001001100100011010000001000100011000110000100100 175552.0
runproj limit: 0.72
0101010000010100011101000000001000111000000101110100000001111000010000 185432.0
runproj limit: 0.72
1101001010010010010101100101111000101100100111000100001110111001010100 199304.0
runproj limit: 0.72
0000000000000000111001100100001101111000000101000000000000010000000000 184952.0
runproj limit: 0.72
0011010000100110011101000101000010011010000000101100001000111100000100 183608.0
runproj limit: 0.72
0011010000000110011001000001000010111000100001110100111100010100110100 175968.0
runproj limit: 0.72
0001010011010001001110000000011100111011001010000101001001110001001000 190952.0
runproj limit: 0.72
1001010100101010011100000001000100010100010110000000010001110000000100 185408.0
runproj limit: 0.72
0101001011000011000101000101111000000100011000101011101101010100000100 203824.0
runproj limit: 0.72
0001010010000010001100001001011100001010000100010000001000010000100100 185408.0
runproj limit: 0.72
1001110000010011111101000001001100110000010000011111011001010110010101 180720.0
runproj limit: 0.72
0000010000001001011001100000000101111000000101010100000000010000000000 175144.0
runproj limit: 0.72
0001110000000110011001000000000100111000000001010100111001010000111000 175304.0
runproj limit: 0.72
0011010010000001011101000001000100011010000000000100001000110000000100 175552.0
runproj limit: 0.72
0011010010000001011001000001000100011010000001010100001000110000000100 175552.0
runproj limit: 0.72
0011110010001001011001001001100100011000000001000100011000110000110100 175632.0
runproj limit: 0.72
0011110010000111011101000101000000011010000000001100001000111000000100 175712.0
runproj limit: 0.72
0111011011000110001101000001000101000010001010001111001001001011000100 175728.0
best: 6.592386761386494e-3
runproj limit: 0.72
0001110000000011011101000001000100011000000001000100101001010000001000 175792.0
runproj limit: 0.72
0101110010000011001101000001001101010000001010001111001001010010000101 175792.0
runproj limit: 0.72
1011110010000011111101000001001100110010010000011100001001010100010100 183608.0
runproj limit: 0.72
0001010010000000011100001001001100001000000101010000000000010000100000 2.6195624e7
runproj limit: 0.72
0011110010000001011101000101100000011010000001000100001000110000100100 175552.0
runproj limit: 0.72
0001010011000111011101100101000100011010001010000100001000111001000000 175792.0
runproj limit: 0.72
0000010010001001011001100001100101111000000001010100010000110000110100 175632.0
runproj limit: 0.72
0100011011000011001001100001000101010010001110000100001000000001000000 175792.0
runproj limit: 0.72
0000010001001010101001100001000101010011100111001100001001100010101011 183680.0
runproj limit: 0.72
0011001110000111000001001101101100110010010101100100001011111010011100 203800.0
runproj limit: 0.72
1111111001001111011101110101110011010010110010001001001010110011010110 175968.0
runproj limit: 0.72
1000000010110001010001010011000000100100011001000100000000111000000100 189280.0
runproj limit: 0.72
0111010011001110111111000110101001001010101010001101000100010111001000 183104.0
runproj limit: 0.72
0000010000001001011001100000000101111000000101010100000000010000000000 175144.0
runproj limit: 0.72
0001110000000110011001000000000100111000000001010100111001010000111000 175304.0
runproj limit: 0.72
0011110010001001011101001001100100011010000001000100011000110000100100 175552.0
runproj limit: 0.72
0011010010000001011101000001000100011010000000000100001000110000000100 175552.0
runproj limit: 0.72
0011010010000001011001000001000100011010000001010100001000110000000100 175552.0
runproj limit: 0.72
0011110010001001011001001001100100011000000001000100011000110000110100 175632.0
runproj limit: 0.72
0001110010000011011101000001000100011000000001000100101001010000000100 175712.0
best: 6.592386761386494e-3
runproj limit: 0.72
0011110000000001011001000001100100011010000001000100001000010000101000 175632.0
runproj limit: 0.72
1001000011100101010101100111000100100000001000000100001000111001000100 184664.0
runproj limit: 0.72
0001010010000001011101100001101100110000010001011100010000010100110100 175632.0
runproj limit: 0.72
0011110010000000011001000001000100111010000001010100011001010000100100 175552.0
runproj limit: 0.72
0001110000000110011101000000000100011000000001010100101001010000001000 175304.0
runproj limit: 0.72
0001110010000011011101000001001101011000000000001101011001110010000101 175792.0
runproj limit: 0.72
0001010010000011011001100000000100111000000001010100111000010000110000 175304.0
runproj limit: 0.72
0001010000001001011001000001000100011000000101000100101001010000000100 175552.0
runproj limit: 0.72
1000111001000001001101000001000100001010010100010110000000100000000100 175552.0
runproj limit: 0.72
1010110000110011111101000001000111111010010001110100101001011101010100 180720.0
runproj limit: 0.72
0000111000001110001001000000000000010000001001010110111000011000110000 175224.0
runproj limit: 0.72
0011111011010011011111101101100000011110010010001100010000110110111100 185968.0
runproj limit: 0.72
0011001110010001101001000001100100110011010100101001001011100010010010 179416.0
runproj limit: 0.72
0000010000001001011001100000000101111000000101010100000000010000000000 175144.0
runproj limit: 0.72
0001110000000110011001000000000100111000000001010100111001010000111000 175304.0
runproj limit: 0.72
0011110010000001011101000101100000011010000001000100001000110000100100 175552.0
runproj limit: 0.72
0011110010001001011101001001100100011010000001000100011000110000100100 175552.0
runproj limit: 0.72
0011010010000001011101000001000100011010000000000100001000110000000100 175552.0
runproj limit: 0.72
0011010010000001011001000001000100011010000001010100001000110000000100 175552.0
runproj limit: 0.72
0000010010001001011001100001100101111000000001010100010000110000110100 175632.0
best: 6.592386761386494e-3
runproj limit: 0.72
0011010010001001011001001001000100011010000001000100011000110000100100 175552.0
runproj limit: 0.72
0001110010000011011001100000000100111000000001010100111000010000110000 175304.0
runproj limit: 0.72
0011110010111001111101000001100110111010000001100100101000111000100100 180720.0
runproj limit: 0.72
0001110010000001011001100000000100011000000001000100011000110000100000 175144.0
runproj limit: 0.72
0001110010000001011101000001100100111010000001001100011000010000110100 175632.0
runproj limit: 0.72
1011110010100011111101000001001101111000010001010100011001010001000100 183608.0
runproj limit: 0.72
1000111001000001001101000001000100001010010100010110000000100000000100 175552.0
runproj limit: 0.72
0011010010000111001001000000000000010010000001010110001000010000000100 175224.0
runproj limit: 0.72
0101100010000011110100001000101010110000010001111000000100110110110110 189216.0
runproj limit: 0.72
1000011001000001101111000001000100001010011100010110000001000000000110 183608.0
runproj limit: 0.72
0001000010001101010001010010110010111000000001110110111100110001111100 211400.0
runproj limit: 0.72
1001010110010011011101011000000000011101101101010100001010111010000000 186168.0
runproj limit: 0.72
1001100001100100011000101001100100010000111101011100100011011110011010 215960.0
runproj limit: 0.72
0000010000001001011001100000000101111000000101010100000000010000000000 175144.0
runproj limit: 0.72
0000111000001110001001000000000000010000001001010110111000011000110000 175224.0
runproj limit: 0.72
0001110000000110011101000000000100011000000001010100101001010000001000 175304.0
runproj limit: 0.72
0001010010000011011001100000000100111000000001010100111000010000110000 175304.0
runproj limit: 0.72
0001110000000110011001000000000100111000000001010100111001010000111000 175304.0
runproj limit: 0.72
0011110010000000011001000001000100111010000001010100011001010000100100 175552.0
runproj limit: 0.72
0001010000001001011001000001000100011000000101000100101001010000000100 175552.0
best: 6.592386761386494e-3
runproj limit: 0.72
0001110110000011011101100000000100011100100101000100001010110010100000 175408.0
runproj limit: 0.72
0011110010111001111101000001100110111010000001100100101000111000100100 180720.0
runproj limit: 0.72
0001010000000111011101000000000101011000000001010100001001010000000000 175224.0
runproj limit: 0.72
1000111011000001101001100001000100011000001101010100011000110000100100 183536.0
runproj limit: 0.72
0001010010000011011001001001000100111000000001000100011000010000100100 175712.0
runproj limit: 0.72
0100110000000001111100101000100100110000010101011000000000110000100110 206200.0
runproj limit: 0.72
0001010010010011011101001001000100111101100101011100001000010010000100 186168.0
runproj limit: 0.72
0001110000000110011001000000000100111000000001010100111001010000111000 175304.0
runproj limit: 0.72
0010100010000001011100001011110100111010101101001110011100011000110101 2.619548e7
runproj limit: 0.72
1001011011001111001001100110000100101100000001101100011001010001110000 175304.0
runproj limit: 0.72
0011010000000001011111000100100100110001000101001110011100000010110100 175256.0
runproj limit: 0.72
0001000010011111000011000100110001000111100001010111100001000010001001 199040.0
runproj limit: 0.72
1100111010100100111011100101000100011001010101010100111000110001110010 183784.0
runproj limit: 0.72
0001110010000001011001100000000100011000000001000100011000110000100000 175144.0
runproj limit: 0.72
0000010000001001011001100000000101111000000101010100000000010000000000 175144.0
runproj limit: 0.72
0011010010000111001001000000000000010010000001010110001000010000000100 175224.0
runproj limit: 0.72
0000111000001110001001000000000000010000001001010110111000011000110000 175224.0
runproj limit: 0.72
0001110010000011011001100000000100111000000001010100111000010000110000 175304.0
runproj limit: 0.72
0001110000000110011101000000000100011000000001010100101001010000001000 175304.0
runproj limit: 0.72
0001010010000011011001100000000100111000000001010100111000010000110000 175304.0
best: 6.592386761386494e-3
done evolving!
"all is well:)"
>>>>>>>>>>>>>>FINISH OPTIMIZATION>>>>>>>>>>>>>>>
515.94user 209.25system 26:18.23elapsed 45%CPU (0avgtext+0avgdata 112028maxresident)k
1087920inputs+1450088outputs (590major+63862360minor)pagefaults 0swaps
