Optimizing /h/ywang30/nofib/spectral/life
>>>>>>>>>>>>>>>START OPTIMIZATION>>>>>>>>>>>>>>>
pop: 13
gens: 15
arch: 7
limit is: 0.44
runproj limit: 0.44
"All is well :D"
Basetime is: 237408.0
runproj limit: 0.44
01000000000000000000100000000000000000000000100 237408.0
runproj limit: 0.44
00100000001000000001000000000011000000000000000 216824.0
runproj limit: 0.44
00000000000100000010000010011010000000000000110 199640.0
runproj limit: 0.44
00000000000000000000000000000000000000000000000 237408.0
runproj limit: 0.44
00000000000000000000000001000110000000001001000 240312.0
runproj limit: 0.44
00100000100100000000000100001000000000000000000 216824.0
runproj limit: 0.44
10000000000000000000000000110001010100001000000 199696.0
runproj limit: 0.44
01000000000011000000001000000000000000000000001 211832.0
runproj limit: 0.44
00001000000000000000001000001000000000000000000 252920.0
runproj limit: 0.44
00100000000000000000000010000000001100001000000 216880.0
runproj limit: 0.44
00000100000000001000000000000000000010100000000 192216.0
runproj limit: 0.44
00001000000010000000000100000001000000000010000 227352.0
runproj limit: 0.44
00000000000000000000000000000000000000000000000 237408.0
best: 0.8096441568944601
runproj limit: 0.44
00000100000000000000000000000000000010000000000 192216.0
runproj limit: 0.44
00000000000100000000000010011001000000000000110 199640.0
runproj limit: 0.44
00100000100100000000000100001000000000000000000 216824.0
runproj limit: 0.44
00000000000011000000001010000010000000000000011 211832.0
runproj limit: 0.44
10000000000000000000000000110001010100001000000 199696.0
runproj limit: 0.44
10000000000000000000000000010001010100000000000 237408.0
runproj limit: 0.44
01000000000000001000000000000000000010100000000 237408.0
runproj limit: 0.44
10000000000000000000000000010000010100001000000 237464.0
runproj limit: 0.44
00000000000011001010000100011000000000100000100 211848.0
runproj limit: 0.44
00001100000000010110011100000000011110000011010 231944.0
runproj limit: 0.44
00001100110001100111100001010000000100100000110 231944.0
runproj limit: 0.44
01100100000110000101001100010000100000000000000 227112.0
runproj limit: 0.44
01100001001000001100000000010000001010000000010 216824.0
runproj limit: 0.44
00000100000000001000000000000000000010100000000 192216.0
runproj limit: 0.44
00000000000100000010000010011010000000000000110 199640.0
runproj limit: 0.44
10000000000000000000000000110001010100001000000 199696.0
runproj limit: 0.44
01000000000011000000001000000000000000000000001 211832.0
runproj limit: 0.44
00100000001000000001000000000011000000000000000 216824.0
runproj limit: 0.44
00100000100100000000000100001000000000000000000 216824.0
runproj limit: 0.44
00100000000000000000000010000000001100001000000 216880.0
best: 0.8096441568944601
runproj limit: 0.44
00000000000010000000000100011000000100000000000 211848.0
runproj limit: 0.44
01000100000000001000000000000000000010000000010 192216.0
runproj limit: 0.44
01000100100001100111000001000000000100100000110 231944.0
runproj limit: 0.44
00000000000100000010000010011010000000000000110 199640.0
runproj limit: 0.44
10000100000000000000000000010000000110001000000 251648.0
runproj limit: 0.44
00000000000011000000000010110010000000000000010 211848.0
runproj limit: 0.44
00000000000001000010000000010000000000100000100 237408.0
runproj limit: 0.44
00100100000000000101001100010000000010000000010 253848.0
runproj limit: 0.44
01000000000011100001011001000010000000010011101 220840.0
runproj limit: 0.44
00010100000100001100100000010001000010000000011 267104.0
runproj limit: 0.44
11110100000011110101101100010110100000110001001 195496.0
runproj limit: 0.44
01010100010001011101101110010000111110100001010 267120.0
runproj limit: 0.44
00010000000001010000011001001110011001100101000 209080.0
runproj limit: 0.44
00000100000000000000000000000000000010000000000 192216.0
runproj limit: 0.44
00000100000000001000000000000000000010100000000 192216.0
runproj limit: 0.44
00000000000100000000000010011001000000000000110 199640.0
runproj limit: 0.44
00000000000100000010000010011010000000000000110 199640.0
runproj limit: 0.44
10000000000000000000000000110001010100001000000 199696.0
runproj limit: 0.44
00000000000011000000001010000010000000000000011 211832.0
runproj limit: 0.44
01000000000011000000001000000000000000000000001 211832.0
best: 0.8096441568944601
runproj limit: 0.44
00000000000010001000000000011000000000000000000 211848.0
runproj limit: 0.44
01000000000010000010000000000000000000000000101 211832.0
runproj limit: 0.44
00000100000000001000000010000010000000000000000 192216.0
runproj limit: 0.44
00000100000000000010000000000000000000000000010 192216.0
runproj limit: 0.44
01110000000111010011101100011010100000010001001 202792.0
runproj limit: 0.44
00000100000001001000001000000000000010000000001 192200.0
runproj limit: 0.44
00000000000100000000000000001001000000010010101 237392.0
runproj limit: 0.44
10000000000100000010000010011000010100000000110 199640.0
runproj limit: 0.44
10000000000000000000000000010001110100001100000 237464.0
runproj limit: 0.44
01001000000000000000010100000000001100101001000 240312.0
runproj limit: 0.44
00100100110000111011000001000000000110100001110 231944.0
runproj limit: 0.44
11100101000011100101110101110111100010100001011 224120.0
runproj limit: 0.44
00110100010001010001001001011111010110000000010 233936.0
runproj limit: 0.44
01000100000000001000000000000000000010000000010 192216.0
runproj limit: 0.44
00000100000000000000000000000000000010000000000 192216.0
runproj limit: 0.44
00000100000000001000000000000000000010100000000 192216.0
runproj limit: 0.44
11110100000011110101101100010110100000110001001 195496.0
runproj limit: 0.44
00000000000100000010000010011010000000000000110 199640.0
runproj limit: 0.44
00000000000100000000000010011001000000000000110 199640.0
runproj limit: 0.44
10000000000000000000000000110001010100001000000 199696.0
best: 0.8095767623668958
runproj limit: 0.44
01110100000110011010100000000010100010000000001 195496.0
runproj limit: 0.44
00000000000000000000000000010001000000000000110 237408.0
runproj limit: 0.44
01000100000000001000000000000000000010000000000 192216.0
runproj limit: 0.44
10000100000000000010000000110000010100000000000 192216.0
runproj limit: 0.44
01110000000101000011100000011000110100010001101 250840.0
runproj limit: 0.44
00000000000000000000000010010001000010000000110 237408.0
runproj limit: 0.44
00100000000000000001000000010010000000010001001 216808.0
runproj limit: 0.44
01000100000010000010000000000000000000000000011 203920.0
runproj limit: 0.44
00100110001001100001010001000010101000001000010 232000.0
runproj limit: 0.44
01110000010100010000010010011001000010000000100 209080.0
runproj limit: 0.44
00001101000000000000101101000000000010000000000 231944.0
runproj limit: 0.44
10000101001100000000100000001010000000010000000 192216.0
runproj limit: 0.44
01000000000010001100111000111000100010010010000 220856.0
runproj limit: 0.44
00000100000001001000001000000000000010000000001 192200.0
runproj limit: 0.44
00000100000000001000000010000010000000000000000 192216.0
runproj limit: 0.44
00000100000000000010000000000000000000000000010 192216.0
runproj limit: 0.44
01000100000000001000000000000000000010000000010 192216.0
runproj limit: 0.44
00000100000000000000000000000000000010000000000 192216.0
runproj limit: 0.44
00000100000000001000000000000000000010100000000 192216.0
runproj limit: 0.44
11110100000011110101101100010110100000110001001 195496.0
best: 0.8095767623668958
runproj limit: 0.44
10000100000100000000000000000010000000010000000 192216.0
runproj limit: 0.44
00000000000000001000000000010000000000000000110 237408.0
runproj limit: 0.44
00000100000000000000000000000010000000000000000 192216.0
runproj limit: 0.44
00000100000000000000000000000000000010000000000 192216.0
runproj limit: 0.44
00000000000000000000000010000000000010000000010 237408.0
runproj limit: 0.44
10000100000000000010000000110000010100000000000 192216.0
runproj limit: 0.44
00000000000000000000000010000010000000010000001 237392.0
runproj limit: 0.44
11100101000011000100101100010010100000010000001 227096.0
runproj limit: 0.44
00100100000010001001010010000001000010100000001 207256.0
runproj limit: 0.44
00110001001100000000000000000001000010011001100 250616.0
runproj limit: 0.44
11100010101010101001010011001010001101001100000 220912.0
runproj limit: 0.44
10010101101110010000100000011000101100010000010 251240.0
runproj limit: 0.44
00000000000010111100010000001011110010000000100 220856.0
runproj limit: 0.44
00000100000001001000001000000000000010000000001 192200.0
runproj limit: 0.44
01000100000000001000000000000000000010000000000 192216.0
runproj limit: 0.44
10000100000000000010000000110000010100000000000 192216.0
runproj limit: 0.44
10000101001100000000100000001010000000010000000 192216.0
runproj limit: 0.44
00000100000000001000000010000010000000000000000 192216.0
runproj limit: 0.44
00000100000000000010000000000000000000000000010 192216.0
runproj limit: 0.44
01000100000000001000000000000000000010000000010 192216.0
best: 0.8095767623668958
runproj limit: 0.44
10000111101010001001000001001010000001000000000 207272.0
runproj limit: 0.44
10000101001010001100110000001011010000010000100 207272.0
runproj limit: 0.44
11100010001010001000000000000000000110000000000 211264.0
runproj limit: 0.44
01000100000000001010000000110000010100000000010 192216.0
runproj limit: 0.44
10000100000000000010000000110000010100000000000 192216.0
runproj limit: 0.44
00000100000000001010000000010000010110000000000 251592.0
runproj limit: 0.44
00000100000001001000000000000000000010000000001 192200.0
runproj limit: 0.44
11000100000000001010000000010000000010000000000 251592.0
runproj limit: 0.44
01010000000011101000100001110000001011010111000 220856.0
runproj limit: 0.44
01101111100111000110000010100000001000000101101 195496.0
runproj limit: 0.44
00011100000000001100000110001010000000010000110 190704.0
runproj limit: 0.44
10001100011000000000100011001000110010000011100 231944.0
runproj limit: 0.44
00000000001011111100000101111011110100001000001 220896.0
runproj limit: 0.44
00000100000001001000001000000000000010000000001 192200.0
runproj limit: 0.44
10000100000100000000000000000010000000010000000 192216.0
runproj limit: 0.44
00000100000000000000000000000010000000000000000 192216.0
runproj limit: 0.44
00000100000000000000000000000000000010000000000 192216.0
runproj limit: 0.44
10000100000000000010000000110000010100000000000 192216.0
runproj limit: 0.44
01000100000000001000000000000000000010000000000 192216.0
runproj limit: 0.44
10000101001100000000100000001010000000010000000 192216.0
best: 0.803275374039628
runproj limit: 0.44
00000100000000000000000000000000000010000000001 192200.0
runproj limit: 0.44
10001100000000000010000001001000010100000011100 231944.0
runproj limit: 0.44
10000100000000000000001000010000000000000000001 251576.0
runproj limit: 0.44
00101110100001000000000010100000000000000001101 190688.0
runproj limit: 0.44
10000100000000000000000000100010010000010000000 192216.0
runproj limit: 0.44
10000100011000001000000000001000000010000010001 192200.0
runproj limit: 0.44
01001110100100000110000010000000000000000000001 209632.0
runproj limit: 0.44
00101110000010001100000110000000000110010000110 195512.0
runproj limit: 0.44
00010000000100001100010111101010011000001000110 240312.0
runproj limit: 0.44
10100100000000001111100010010000010100100100011 253832.0
runproj limit: 0.44
10100001100000000000000000110000010111011110110 237168.0
runproj limit: 0.44
01100111000001001000001000001000010101000000101 196144.0
runproj limit: 0.44
10011100010000010100000110101100000000010100101 206224.0
runproj limit: 0.44
00011100000000001100000110001010000000010000110 190704.0
runproj limit: 0.44
00000100000001001000000000000000000010000000001 192200.0
runproj limit: 0.44
00000100000001001000001000000000000010000000001 192200.0
runproj limit: 0.44
01000100000000001010000000110000010100000000010 192216.0
runproj limit: 0.44
10000100000000000010000000110000010100000000000 192216.0
runproj limit: 0.44
10000100000100000000000000000010000000010000000 192216.0
runproj limit: 0.44
00000100000000000000000000000010000000000000000 192216.0
best: 0.8032079795120636
runproj limit: 0.44
10000100000000000000000000100010010100010000000 192216.0
runproj limit: 0.44
11000100000000001010000000110000010000010000000 192216.0
runproj limit: 0.44
00000100000000001000000000110000000000000000000 192216.0
runproj limit: 0.44
00001110000000000000000010000000000000000001001 209632.0
runproj limit: 0.44
00000100000001000000000000000000000010000000001 192200.0
runproj limit: 0.44
00000100000000010100000010001100000010000000101 192200.0
runproj limit: 0.44
00000100000001001000000000000000000010000000001 192200.0
runproj limit: 0.44
01000110100100000110000000000000000000000000001 192200.0
runproj limit: 0.44
10001101000010011000010010001000000010100000010 207272.0
runproj limit: 0.44
10100011100001100000000000011110010111010111100 237136.0
runproj limit: 0.44
10011100100100000010000001010101010100000111100 231944.0
runproj limit: 0.44
10000100001010000001000110010111011000100011000 203936.0
runproj limit: 0.44
00000100000010010110000001111010100110100100100 224136.0
runproj limit: 0.44
00101110100001000000000010100000000000000001101 190688.0
runproj limit: 0.44
00011100000000001100000110001010000000010000110 190704.0
runproj limit: 0.44
00000100000000000000000000000000000010000000001 192200.0
runproj limit: 0.44
10000100011000001000000000001000000010000010001 192200.0
runproj limit: 0.44
00000100000001001000000000000000000010000000001 192200.0
runproj limit: 0.44
00000100000001001000001000000000000010000000001 192200.0
runproj limit: 0.44
10000100000000000000000000100010010000010000000 192216.0
best: 0.8032079795120636
runproj limit: 0.44
00000110100000000100000000100000000000000000001 192200.0
runproj limit: 0.44
10000100000000000000000000000000010010010000001 192200.0
runproj limit: 0.44
10000100000001001000000000100010000010010000000 192216.0
runproj limit: 0.44
00000100000001000000000000000000000010000000001 192200.0
runproj limit: 0.44
00011100000010001100000010001000000010100000010 195512.0
runproj limit: 0.44
00011100000000001100000110001010000010000000000 190704.0
runproj limit: 0.44
00000100000001000000000000000000000010000000001 192200.0
runproj limit: 0.44
00000110100001000000001010100000000010000000101 192200.0
runproj limit: 0.44
11000100000001101010010000010001011010001011100 232000.0
runproj limit: 0.44
10111000100100101001001001000101000110000111100 240256.0
runproj limit: 0.44
01100110100000001111010001110101000000001001000 233992.0
runproj limit: 0.44
00011100111011001001000010100011110110100100011 195496.0
runproj limit: 0.44
01001110010000010100000001000001010100000010101 231928.0
runproj limit: 0.44
00101110100001000000000010100000000000000001101 190688.0
runproj limit: 0.44
00011100000000001100000110001010000000010000110 190704.0
runproj limit: 0.44
00000100000001000000000000000000000010000000001 192200.0
runproj limit: 0.44
00000100000000010100000010001100000010000000101 192200.0
runproj limit: 0.44
00000100000001001000000000000000000010000000001 192200.0
runproj limit: 0.44
01000110100100000110000000000000000000000000001 192200.0
runproj limit: 0.44
00000100000000000000000000000000000010000000001 192200.0
best: 0.8032079795120636
runproj limit: 0.44
00000100000000000100000110001100000010000000000 192216.0
runproj limit: 0.44
00101100000001000000000000100000000010000001001 190688.0
runproj limit: 0.44
00011100000010001100000010001010000010010000110 195512.0
runproj limit: 0.44
01100110100100000110000000100000000000000001101 196144.0
runproj limit: 0.44
10110100100000101000001000000100000010010001100 190704.0
runproj limit: 0.44
00100110000001001000000000100000000010000000101 196144.0
runproj limit: 0.44
00000100000001000100000010001000000010000000101 192200.0
runproj limit: 0.44
00010100000000001000000100001010000010010000011 267104.0
runproj limit: 0.44
00111100010100001000110110011100001000000010010 213528.0
runproj limit: 0.44
10111101101010111100010110001010000011110101010 207272.0
runproj limit: 0.44
00100010100001010110000001101111010001100100100 209080.0
runproj limit: 0.44
00100100000001110101010010000110000110000001011 231928.0
runproj limit: 0.44
10011100000101010101000110011000000010010100100 190704.0
runproj limit: 0.44
00101110100001000000000010100000000000000001101 190688.0
runproj limit: 0.44
00011100000000001100000110001010000010000000000 190704.0
runproj limit: 0.44
00011100000000001100000110001010000000010000110 190704.0
runproj limit: 0.44
00000110100000000100000000100000000000000000001 192200.0
runproj limit: 0.44
10000100000000000000000000000000010010010000001 192200.0
runproj limit: 0.44
00000100000001000000000000000000000010000000001 192200.0
runproj limit: 0.44
00000110100001000000001010100000000010000000101 192200.0
best: 0.8032079795120636
runproj limit: 0.44
00001110000001000000000110101010000010000000100 209648.0
runproj limit: 0.44
00011100100001010001001010110000000010010000100 190704.0
runproj limit: 0.44
10011100000000010100000110001000000010010100100 190704.0
runproj limit: 0.44
00101110100000000010000000100000000000000001101 190688.0
runproj limit: 0.44
10000100100001001000001000000100000010010000101 251576.0
runproj limit: 0.44
10111100000001010101000100000000000010010100000 190704.0
runproj limit: 0.44
10101100000101010001000010111000000000000000100 190704.0
runproj limit: 0.44
00101100000001000000000000100000000010000001001 190688.0
runproj limit: 0.44
00101110110001111100000010110000001010111001001 196520.0
runproj limit: 0.44
00001011000001000111000010001011001000000101010 252920.0
runproj limit: 0.44
11000110110011000000001100001100110000001100101 203976.0
runproj limit: 0.44
10101010001111000010001110010001010111000110101 213160.0
runproj limit: 0.44
00000100100011001100101011011011000000001000101 224176.0
runproj limit: 0.44
00101100000001000000000000100000000010000001001 190688.0
runproj limit: 0.44
00101110100001000000000010100000000000000001101 190688.0
runproj limit: 0.44
10110100100000101000001000000100000010010001100 190704.0
runproj limit: 0.44
10011100000101010101000110011000000010010100100 190704.0
runproj limit: 0.44
00011100000000001100000110001010000010000000000 190704.0
runproj limit: 0.44
00011100000000001100000110001010000000010000110 190704.0
runproj limit: 0.44
00000100000001000100000010001000000010000000101 192200.0
best: 0.8032079795120636
runproj limit: 0.44
00101110100001110000000010110000001000101001101 206280.0
runproj limit: 0.44
00111100100001010011000100100000000000000101101 190688.0
runproj limit: 0.44
10111100000000010000000010111000000010010100100 190704.0
runproj limit: 0.44
10011110000001000100000110110000000000000101100 190704.0
runproj limit: 0.44
00001110000001000000000010101010000000000001100 209648.0
runproj limit: 0.44
00011100100000011001001010110100000010010001100 217256.0
runproj limit: 0.44
00101110000001010001000010100000000000000000101 190688.0
runproj limit: 0.44
00101100000001000100000000101000000010000001001 190688.0
runproj limit: 0.44
10100110110000001001000110001010000110000101010 196160.0
runproj limit: 0.44
10001100101100010100000110001010110000010100111 209632.0
runproj limit: 0.44
00111100100011000100000010100001001010000011101 195496.0
runproj limit: 0.44
10110110110110001000100001000101000011010101010 207272.0
runproj limit: 0.44
00101110100101101000000011100010000000010001111 231928.0
runproj limit: 0.44
00101110100000000010000000100000000000000001101 190688.0
runproj limit: 0.44
00101100000001000000000000100000000010000001001 190688.0
runproj limit: 0.44
00101110100001000000000010100000000000000001101 190688.0
runproj limit: 0.44
00011100100001010001001010110000000010010000100 190704.0
runproj limit: 0.44
10011100000000010100000110001000000010010100100 190704.0
runproj limit: 0.44
10111100000001010101000100000000000010010100000 190704.0
runproj limit: 0.44
10101100000101010001000010111000000000000000100 190704.0
best: 0.8032079795120636
runproj limit: 0.44
00011100100001010001000010110000000010010000000 190704.0
runproj limit: 0.44
00101100000001010001000010100000000010000001001 190688.0
runproj limit: 0.44
00111100100001010011001100110000000000010000101 206224.0
runproj limit: 0.44
00101110000001010001000010100000000000000000101 190688.0
runproj limit: 0.44
00111100100000010001001010111000000010010000100 190704.0
runproj limit: 0.44
00111100100001010011000100100000000000000101101 190688.0
runproj limit: 0.44
10101110100000001000000010101010000000000001010 190704.0
runproj limit: 0.44
00111100000001010101000100100001000010000101001 190688.0
runproj limit: 0.44
11110000000000111010011000101001100010010100101 240240.0
runproj limit: 0.44
10101110110000000001100110001010000110000111010 190704.0
runproj limit: 0.44
00101010000010110011001110001101100000000000100 199776.0
runproj limit: 0.44
00011101000101110100000010010001000011101111000 190760.0
runproj limit: 0.44
10101000011001100000011010111000001000001110001 209120.0
runproj limit: 0.44
00111100100001010011000100100000000000000101101 190688.0
runproj limit: 0.44
00101110000001010001000010100000000000000000101 190688.0
runproj limit: 0.44
00101100000001000100000000101000000010000001001 190688.0
runproj limit: 0.44
00101110100000000010000000100000000000000001101 190688.0
runproj limit: 0.44
00101100000001000000000000100000000010000001001 190688.0
runproj limit: 0.44
00101110100001000000000010100000000000000001101 190688.0
runproj limit: 0.44
10111100000000010000000010111000000010010100100 190704.0
best: 0.8032079795120636
runproj limit: 0.44
00101101000001110100000010100000000011101101101 190744.0
runproj limit: 0.44
00111000000010110011000100001000100000000001101 244064.0
runproj limit: 0.44
00101100100001010100000100100000000010000101001 190688.0
runproj limit: 0.44
00111100000001010011000110100000000000000001101 190688.0
runproj limit: 0.44
00101100100001000000000010110000000010010000101 206224.0
runproj limit: 0.44
00111100100010010011000110001000000000000001101 195496.0
runproj limit: 0.44
00011100100100110101001010010000000011101001000 190760.0
runproj limit: 0.44
00101100000001000100000000101000000010000001001 190688.0
runproj limit: 0.44
00001000100001010011010110000100000000001110101 240296.0
runproj limit: 0.44
10101100110011000110000001000000000101000001100 207272.0
runproj limit: 0.44
00010100000000010001101011101000000000100001100 231944.0
runproj limit: 0.44
00001010100110000000100001101100010101011001101 220896.0
runproj limit: 0.44
11111110001000101001100011110000001010010100001 231928.0
runproj limit: 0.44
00101100000001010001000010100000000010000001001 190688.0
runproj limit: 0.44
00101110000001010001000010100000000000000000101 190688.0
runproj limit: 0.44
00111100100001010011000100100000000000000101101 190688.0
runproj limit: 0.44
00111100000001010101000100100001000010000101001 190688.0
runproj limit: 0.44
00101100000001000100000000101000000010000001001 190688.0
runproj limit: 0.44
00101110100000000010000000100000000000000001101 190688.0
runproj limit: 0.44
00101100000001000000000000100000000010000001001 190688.0
best: 0.8032079795120636
done evolving!
"all is well:)"
>>>>>>>>>>>>>>FINISH OPTIMIZATION>>>>>>>>>>>>>>>
559.66user 203.32system 26:43.58elapsed 47%CPU (0avgtext+0avgdata 112948maxresident)k
1004280inputs+1355136outputs (407major+63266919minor)pagefaults 0swaps
