Optimizing /h/ywang30/nofib/spectral/power
>>>>>>>>>>>>>>>START OPTIMIZATION>>>>>>>>>>>>>>>
pop: 13
gens: 15
arch: 7
limit is: 0.77
runproj limit: 0.77
"All is well :D"
Basetime is: 3966864.0
runproj limit: 0.77
"timed out"
01000000000000000000100000000000000000000000100000000010000000001010000000100110000000000000000000000000000001000000001001000000000000000000010001001010000000100110100001100000000 7933728.0
runproj limit: 0.77
00100000001000000001000000000011000000000000000000000000000000010010000000000000000000000000000000000000001000000010000001000000000000010000000000000000000000100000100000000000000 3940400.0
runproj limit: 0.77
00000000000000000000000000000000000000000000000000000000000000000000000000000000000000000000000000000000000000000000000000000000000000000000000000000000000000000000000000000000000 3966864.0
runproj limit: 0.77
"timed out"
00000000000100000010000010100000000010100100000000010000000001100000000010000000000000000000000000010000010000000000000001000100000000000000000000000000100000000001000000000001000 7933728.0
runproj limit: 0.77
00000000000000000000000000000000000000000000000000000000000000000000000000000000000000000000000000000000000000000000000000000000000000000000000000000000000000000000000000000000000 3891912.0
runproj limit: 0.77
00000000000000000000000000000000000000000000000000000000000000000000000000000000000000000000000000000000000000000000000000000000000000000000000000000000000000000000000000000000000 3966864.0
runproj limit: 0.77
"timed out"
10000000000000000000000000110001010100001000000100000001000001000000101000000000000001010000000000000000110000001000000000000010100000010010000000000000100000000000000001001001000 7933728.0
runproj limit: 0.77
"timed out"
01000000000011000000001000000000000000000000001000000100000010100000000000000000000100110000100001000000010000000010100000000000000000000001000010001001000000100100000000010000000 7933728.0
runproj limit: 0.77
"timed out"
00001000000000000000001000001000000000000000000001000001000000001000001001000000000000000001000000000000000101000001000000000000000000000000001001000100010010001100100000001001000 7933728.0
runproj limit: 0.77
"timed out"
00100000000000000000000010000000001100001000000000010000000000000100000000000000000000000100000000001000000000000000000000100000000000110010010000000000000000000100000001000010001 7933728.0
runproj limit: 0.77
00000000000000000000000000000000000000000000000000000000000000000000000000000000000000000000000000000000000000000000000000000000000000000000000000000000000000000000000000000000000 3966864.0
runproj limit: 0.77
"timed out"
00001000000010000000000100000001000000000010000000000000000000000100000010000000000000000000000000000100001000000000000000100000000000000000000001000010010000100000000010011000100 7933728.0
runproj limit: 0.77
"timed out"
00000000000000000000000000001000000000000000010000000000000000110001100000100100000000000000000100001000100011000000000000000100000010000000000000010000010000010000000000100000100 7933728.0
best: 0.9811054777779122
runproj limit: 0.77
00000000000000000000000000000000000000000000000000000000000000000000000000000000000000000000000000000000000000000000000000000000000000000000000000000000000000000000000000000000000 3966864.0
runproj limit: 0.77
"timed out"
00100000001000000000000000000001000000000000000000000000000000010010101000000000000001010000000000000000010000000000000001000000000000010000000000000000100000100000100001001000000 7933728.0
runproj limit: 0.77
00000000000000000000000000000000000000000000000000000000000000000000000000000000000000000000000000000000000000000000000000000000000000000000000000000000000000000000000000000000000 3966864.0
runproj limit: 0.77
"timed out"
00000000000000000000000000001000000000000000000000000000000000010000000000000100000000000000000100001000000001000000000000000000000000000000000000000000000000010000000000000000100 7933728.0
runproj limit: 0.77
"timed out"
10100000000000000001000000110001000100001000000000000000000001000000001000000000000001010000000000000000110000000000000001000000000000010000000000000000100000100000000001000000000 7933728.0
runproj limit: 0.77
"timed out"
10001000000000000000001000011001010100000000000101000001000001001000101000000000000000000001000000000000010100001000000000000010000000010000001000000100010010000100100001001001000 7933728.0
runproj limit: 0.77
"timed out"
01100000000000000000000000000011000000000000000000000100000010000000000000000000000000100000100001000000000000000010000000000000000000000001000000001000000000100000100000010000000 7933728.0
runproj limit: 0.77
10000000000000000000000000010000010100001000000100000000000000000000101000000000000001000000000000000000100000000000000000000000100000000010000000000000100000000000000000000000000 2830512.0
runproj limit: 0.77
"timed out"
00100000001111001001000110000001000000100000010001000111001010010010100011000100000000110001000010001000101010000110000101101000001000010000000010000101000000100010000101000011000 7933728.0
runproj limit: 0.77
"timed out"
00000100000010010110011000000001011110000001010101000000000100000000000000000000000110101000101000000001000000100001000010010100000100000001100001100000000000100001010100000000011 7933728.0
runproj limit: 0.77
"timed out"
01001100110001100111000001010000000100100000010000001001001000000000001000100000001010100001001001011001001000000000000010100010001000110000011000000001001000000000000000010010010 7933728.0
runproj limit: 0.77
"timed out"
01000100100010000101001000011000100000000000000011010100010001100000000100000010001001000001010000101000001111000001010100000000000000110010010001001000000000000100001010000000000 7933728.0
runproj limit: 0.77
"timed out"
01100101001000000100000000010000001000100000010111111100000000000000000100000000000000010001011110011000010000000010000001001000000000000001000000000000011000010000000000110000001 7933728.0
runproj limit: 0.77
00000000000000000000000000000000000000000000000000000000000000000000000000000000000000000000000000000000000000000000000000000000000000000000000000000000000000000000000000000000000 3891912.0
runproj limit: 0.77
00100000001000000001000000000011000000000000000000000000000000010010000000000000000000000000000000000000001000000010000001000000000000010000000000000000000000100000100000000000000 3940400.0
runproj limit: 0.77
"timed out"
01000000000000000000100000000000000000000000100000000010000000001010000000100110000000000000000000000000000001000000001001000000000000000000010001001010000000100110100001100000000 7933728.0
runproj limit: 0.77
"timed out"
00000000000100000010000010100000000010100100000000010000000001100000000010000000000000000000000000010000010000000000000001000100000000000000000000000000100000000001000000000001000 7933728.0
runproj limit: 0.77
"timed out"
10000000000000000000000000110001010100001000000100000001000001000000101000000000000001010000000000000000110000001000000000000010100000010010000000000000100000000000000001001001000 7933728.0
runproj limit: 0.77
"timed out"
01000000000011000000001000000000000000000000001000000100000010100000000000000000000100110000100001000000010000000010100000000000000000000001000010001001000000100100000000010000000 7933728.0
runproj limit: 0.77
"timed out"
00001000000000000000001000001000000000000000000001000001000000001000001001000000000000000001000000000000000101000001000000000000000000000000001001000100010010001100100000001001000 7933728.0
best: 0.7135389567174474
runproj limit: 0.77
"timed out"
00100000000000000000000000010001000100000000000000000100000011000000001000000000000001110000000001000000110000000010000001000000000000000001000000001000100000100000000001000000000 7933728.0
runproj limit: 0.77
"timed out"
01000000100000000000000000001000100000000000000011000100010001000000000100000010000000000000010000101000001010000000010000000000000000000010010000000000000000000100000000000000000 7933728.0
runproj limit: 0.77
"timed out"
00000100100100100111000001000000000110100100010000000000001000100000000010000000000010000001000000011001001000000000000001000110001000110000011000000001100000000001000000010010010 7933728.0
runproj limit: 0.77
"timed out"
00100000000000000001000000000011000000001000000000000000000000000000001000000000000001000000000000000000011000000010000001000000000000010000000000000000100000100000100000000000000 7933728.0
runproj limit: 0.77
00000000000000000000000000000000000000000000000000000000000000000000000000000000000000000000000000000000000000000000000000000000000000000000000000000000000000000000000000000000000 3966864.0
runproj limit: 0.77
"timed out"
00000000000000000010000000101000000000100100000000000000000001100000000000000100000000000000000100001000000000000000000000000000000000000000000000000000000000000001000000000001100 7933728.0
runproj limit: 0.77
"timed out"
00100000001101000001000010000011000000100000000000000111000000010010000000000100000000000001000000000000001010000110000101101000000000010000000010000000000000100010000101000001000 7933728.0
runproj limit: 0.77
"timed out"
00000100000010000101001000010001000010000000010011010100010000000000000000000010000100100000101000101000000000000001000110010000000100110010000001101000000000000000011100000000010 7933728.0
runproj limit: 0.77
"timed out"
01000000000011100001011001000010000000010011101110000101001010100000001101011011000100010000100011000111011101100110001000100011010100000111000010000001000010100000100000011010010 7933728.0
runproj limit: 0.77
"timed out"
00010000000100000100100000010001000000100000011000000010001001100101000101000001010001000000001011010001000100001010001100100000011010000001001010000001000000000000011101000000000 7933728.0
runproj limit: 0.77
"timed out"
11010100100111110101101000011110100000110001001010011101100011001010100000000011101111101001000001101010000011010011110100000100000000111010100000000000101001001000011100011111001 7933728.0
runproj limit: 0.77
"timed out"
01110100110101011101101010011000111110100001010010010000110000100000001110000010000100000001011101011010011010000001110010000001100010010100100000001111000001100100101010001000000 7933728.0
runproj limit: 0.77
"timed out"
00010100000001011000011001001110011011000101000000001000100000010001010001100110010000000100001000101101011000010001001000000000010000001100001000100100001010000000000001100100100 7933728.0
runproj limit: 0.77
10000000000000000000000000010000010100001000000100000000000000000000101000000000000001000000000000000000100000000000000000000000100000000010000000000000100000000000000000000000000 2830512.0
runproj limit: 0.77
00000000000000000000000000000000000000000000000000000000000000000000000000000000000000000000000000000000000000000000000000000000000000000000000000000000000000000000000000000000000 3966864.0
runproj limit: 0.77
00100000001000000001000000000011000000000000000000000000000000010010000000000000000000000000000000000000001000000010000001000000000000010000000000000000000000100000100000000000000 3940400.0
runproj limit: 0.77
"timed out"
00100000001000000000000000000001000000000000000000000000000000010010101000000000000001010000000000000000010000000000000001000000000000010000000000000000100000100000100001001000000 7933728.0
runproj limit: 0.77
"timed out"
00000000000000000000000000001000000000000000000000000000000000010000000000000100000000000000000100001000000001000000000000000000000000000000000000000000000000010000000000000000100 7933728.0
runproj limit: 0.77
"timed out"
10100000000000000001000000110001000100001000000000000000000001000000001000000000000001010000000000000000110000000000000001000000000000010000000000000000100000100000000001000000000 7933728.0
runproj limit: 0.77
"timed out"
10001000000000000000001000011001010100000000000101000001000001001000101000000000000000000001000000000000010100001000000000000010000000010000001000000100010010000100100001001001000 7933728.0
best: 0.7135389567174474
runproj limit: 0.77
"timed out"
00000000000010100001000001000000000000010000100010000101001010100000001000000001000100000000100011000110000100100000000000000001000100000100000010000001000010000000100000010000010 7933728.0
runproj limit: 0.77
"timed out"
10000000000000000001000000011001000000001000000101000001000000000000101000000000000001000001000000000000010000000000000001000000000000010000000000000000110010000100100000001001000 7933728.0
runproj limit: 0.77
10000000000000000000000000010001000000001000000000000000000001000000001000000000000000000000000000000000100000000000000000000000000000010000000000000000000000100000000001000000000 3966864.0
runproj limit: 0.77
00000000000000100011000000010000000110001000010100000000001000000000101010000000000010000001000000000001100000000000000000000000101000100000011000000000100000000000000000010000000 2549784.0
runproj limit: 0.77
"timed out"
00100000000101000101000010010011000000100000000000000111000001110110000001000000010000000000001011010000001000000010001101100000010010000001001010000000000000100010001101000001000 7933728.0
runproj limit: 0.77
"timed out"
00000000000000000000001000011000010000000000000100000000000000000000000000000000000000000001000000000000000000000000000000000010000000010000001000000000010010000100000001000001000 7933728.0
runproj limit: 0.77
"timed out"
00000000000000000001000000000011000000010010001100000000001000100010001100000011000100010000000011000100011101100110000001100011010100010011000000000001000000100000100000010000010 7933728.0
runproj limit: 0.77
"timed out"
00000000000000000000000000000000000000000000000000000000000000010000000000000000000000000000000000001000000001000000000000000000000000000000000000000000000000010000000000000000000 7933728.0
runproj limit: 0.77
"timed out"
00100000001101000001000010100011100000100100000000000111101010000010000100100111110110100111000011101000001010001110000100101011100001000010000110000000000101101010000001001000101 7933728.0
runproj limit: 0.77
"timed out"
01101000000010000000010000001001001100101001000000000101100001001001011000110000001011110010101001110110110001100010110011010000000000000001000010010001100000100010000001000010000 7933728.0
runproj limit: 0.77
"timed out"
01100100110101111011000001000000000100100101010010011010011000110000110110001010100001010001000000111000000000001001000011100101001010000011011010001001100110101001110000011010100 7933728.0
runproj limit: 0.77
"timed out"
11000101100111100101110001111111100010100001011010001101100111011010100001010000101111101101010001111001010001110111111100000101000011111010110000010000000000001000001000111001000 7933728.0
runproj limit: 0.77
"timed out"
01100100100100001001101111010111101010100001010010010001110000001100001110000011000101001001011101001011010110001101110010010110101011110110001101000111110001100100010010011110111 7933728.0
runproj limit: 0.77
10000000000000000000000000010000010100001000000100000000000000000000101000000000000001000000000000000000100000000000000000000000100000000010000000000000100000000000000000000000000 2830512.0
runproj limit: 0.77
00100000001000000001000000000011000000000000000000000000000000010010000000000000000000000000000000000000001000000010000001000000000000010000000000000000000000100000100000000000000 3940400.0
runproj limit: 0.77
00000000000000000000000000000000000000000000000000000000000000000000000000000000000000000000000000000000000000000000000000000000000000000000000000000000000000000000000000000000000 3966864.0
runproj limit: 0.77
"timed out"
00100000000000000000000000010001000100000000000000000100000011000000001000000000000001110000000001000000110000000010000001000000000000000001000000001000100000100000000001000000000 7933728.0
runproj limit: 0.77
"timed out"
01000000100000000000000000001000100000000000000011000100010001000000000100000010000000000000010000101000001010000000010000000000000000000010010000000000000000000100000000000000000 7933728.0
runproj limit: 0.77
"timed out"
00000100100100100111000001000000000110100100010000000000001000100000000010000000000010000001000000011001001000000000000001000110001000110000011000000001100000000001000000010010010 7933728.0
runproj limit: 0.77
"timed out"
00100000000000000001000000000011000000001000000000000000000000000000001000000000000001000000000000000000011000000010000001000000000000010000000000000000100000100000100000000000000 7933728.0
best: 0.6427707125830379
runproj limit: 0.77
"timed out"
00100000000100000000000010000010000000100000000000000000000001100110000000000000010000000000001000000000001000000010000101000000010010000001000010000000000000100000000000000000000 7933728.0
runproj limit: 0.77
"timed out"
00100000000000000001000000000011000000010010000100000000000000000000001100000011000101000000000001000100011001000010000001100000000000010011000000000001100000100000100000000000010 7933728.0
runproj limit: 0.77
10000000000000000000000000010000010100001000000100000000000000000000101000000000000001000000000000000000100000000000000000000000100000000010000000000000100000000000000000000000000 2830512.0
runproj limit: 0.77
00000000000000000011000000000000000010001000000100000000000000000000001000000000000011000001000000000001000000000000000001000000001000110000010000000000100000000000000000000000000 3622184.0
runproj limit: 0.77
"timed out"
00100000000001000001000010100000100000100100000000000111000000010000000100000001110010000010000001001000000010000100000000001000100000000000000000000000000001101000000000000000100 7933728.0
runproj limit: 0.77
"timed out"
00100100000000000011000001000000000100100000010000000000001000010010000000000000000000000001000000011000001000000000000001000100001000010000001000000000000000000001000000010000010 7933728.0
runproj limit: 0.77
"timed out"
10000100101000000001010000110111000010100001001010001101100011011010100001010000100010100001010000011000011000100011101100000101000001011010000000000000000000101000100000000001000 7933728.0
runproj limit: 0.77
"timed out"
10000000000000100011000000010001000010001000010100000000000000000000101000000000000001000001000000000001100000000000000001000000100000110000010000000000110010000000000000000001000 7933728.0
runproj limit: 0.77
"timed out"
00100010001001000000010001010010101110000000010100000001000101100000101010110001010111001011000000000001000010001100001000000010110000101010001011100011000010010010101100010000001 7933728.0
runproj limit: 0.77
"timed out"
01110000010000010001010000000011000010010010011111001011001110100011000000000011010001010111000001010110111101000110111001100011000000100011001010000111001000000100101110010000000 7933728.0
runproj limit: 0.77
"timed out"
00101001001000000001101101000011000000000000000000010100000001111001000000100000001001010000001001000010011100101010100001110001100000001000010000100010000100100010001000000001000 7933728.0
runproj limit: 0.77
"timed out"
00000001001100001000100010011001000000011000000001100000010001100000001110000010100001100000000010001100000100011101000000010000001001010010001001000001000010100001010001010100000 7933728.0
runproj limit: 0.77
"timed out"
01000000000010100101111001100000100010000010100010110001101110100000001000100011110100010000001011000111100000010100000000110000100101010110001101000000000000010000100101010000111 7933728.0
runproj limit: 0.77
00000000000000100011000000010000000110001000010100000000001000000000101010000000000010000001000000000001100000000000000000000000101000100000011000000000100000000000000000010000000 2549784.0
runproj limit: 0.77
10000000000000000000000000010000010100001000000100000000000000000000101000000000000001000000000000000000100000000000000000000000100000000010000000000000100000000000000000000000000 2830512.0
runproj limit: 0.77
00100000001000000001000000000011000000000000000000000000000000010010000000000000000000000000000000000000001000000010000001000000000000010000000000000000000000100000100000000000000 3940400.0
runproj limit: 0.77
10000000000000000000000000010001000000001000000000000000000001000000001000000000000000000000000000000000100000000000000000000000000000010000000000000000000000100000000001000000000 3966864.0
runproj limit: 0.77
00000000000000000000000000000000000000000000000000000000000000000000000000000000000000000000000000000000000000000000000000000000000000000000000000000000000000000000000000000000000 3966864.0
runproj limit: 0.77
"timed out"
00000000000010100001000001000000000000010000100010000101001010100000001000000001000100000000100011000110000100100000000000000001000100000100000010000001000010000000100000010000010 7933728.0
runproj limit: 0.77
"timed out"
10000000000000000001000000011001000000001000000101000001000000000000101000000000000001000001000000000000010000000000000001000000000000010000000000000000110010000100100000001001000 7933728.0
best: 0.6427707125830379
runproj limit: 0.77
10000000000000000000000000010001000000001000000100000000000001000000101000000000000001000000000000000000100000000000000000000000100000010000000000000000000000100000000000000000000 2861728.0
runproj limit: 0.77
"timed out"
10000000000000000000000010100001100000101100000000000010000000010000001000000001000010000000000000000000000010000100000000001000000000000000000000000000000001101000000001000000100 7933728.0
runproj limit: 0.77
00000000000000000000000000000000010000000000000000000000000000000000100000000000000001000000000000000000000000000000000000000000000000000010000000000000100000000000000000000000000 2830512.0
runproj limit: 0.77
00000000000000000000000000000000010000000000000000000000000000000000101000000000000000000000000000000000000000000000000000000000100000000000000000000000100000000000000000000000000 2830512.0
runproj limit: 0.77
00000100000000000001000001000000000100100000010000000000001000010010000000000000000000000001000000010000000000000000000001000000000000010000000000000000000000000001000000010000000 3519568.0
runproj limit: 0.77
00000000000000000011000000000000000010001000000100000000000000000000001000000000000011000001000000000001000000000000000001000000001000110000010000000000100000000000000000000000000 3622184.0
runproj limit: 0.77
"timed out"
10000100000000000000000000110000010100000000001000001100000001001000100000000000100000100000000000001000001000100011000000000101000001010010000000000000000000001000100000000001000 7933728.0
runproj limit: 0.77
"timed out"
00100001000000000000000001000000000100011000010001000000000000100010001100000010000000000000000010011100000000001100000001000100001000010010001000000001000010100001000000010100000 7933728.0
runproj limit: 0.77
"timed out"
00100000000000100000010011000001000000010000101011011101101000100001000001000001001100100000100011100100101101000001000010000001001001000101010110100011110111000010100100000000010 7933728.0
runproj limit: 0.77
"timed out"
10110101001100001000000010010010000010010001100001111011010101110100101000000110100001110000000010001100001001011101100011000000011000010111001011010101000010000000110100010001001 7933728.0
runproj limit: 0.77
"timed out"
11100110101010001000010011011010001011000100000000010001101010000110001111110001011111001011000001001111000111001100001000100011000100101110010010100111110110011111101000010000001 7933728.0
runproj limit: 0.77
"timed out"
10010000100010110011000000000011101110001000000100000000110101000101101010100000010001001100100001110000000000100000000001001011100011110011010100100000110000000011100000010100011 7933728.0
runproj limit: 0.77
"timed out"
00000100000000010101010001001011110000110000000111010110001011110010010001001001001100100000110111010011010101110001100010000010001110000100010101101101010111110000000000000000000 7933728.0
runproj limit: 0.77
00000000000000100011000000010000000110001000010100000000001000000000101010000000000010000001000000000001100000000000000000000000101000100000011000000000100000000000000000010000000 2549784.0
runproj limit: 0.77
10000000000000000000000000010000010100001000000100000000000000000000101000000000000001000000000000000000100000000000000000000000100000000010000000000000100000000000000000000000000 2830512.0
runproj limit: 0.77
00000000000000000011000000000000000010001000000100000000000000000000001000000000000011000001000000000001000000000000000001000000001000110000010000000000100000000000000000000000000 3622184.0
runproj limit: 0.77
00100000001000000001000000000011000000000000000000000000000000010010000000000000000000000000000000000000001000000010000001000000000000010000000000000000000000100000100000000000000 3940400.0
runproj limit: 0.77
10000000000000000000000000010001000000001000000000000000000001000000001000000000000000000000000000000000100000000000000000000000000000010000000000000000000000100000000001000000000 3966864.0
runproj limit: 0.77
00000000000000000000000000000000000000000000000000000000000000000000000000000000000000000000000000000000000000000000000000000000000000000000000000000000000000000000000000000000000 3966864.0
runproj limit: 0.77
"timed out"
00100000000100000000000010000010000000100000000000000000000001100110000000000000010000000000001000000000001000000010000101000000010010000001000010000000000000100000000000000000000 7933728.0
best: 0.6427707125830379
runproj limit: 0.77
00000000000000000001000001000000000010101000010000000000000000000010001000000000000011000001000000000001000000000000000001000000000000110000000000000000100000000000000000000000000 3622184.0
runproj limit: 0.77
00100000001000000101010001000011010000000000000011000000001001010010000001001001000000000000010100010011000100010000000000000010001100010000010100101101010100100000000000000000000 2668048.0
runproj limit: 0.77
10000100000000000000000000010000010100000000000000001100000001001000100000000000100000000000000000001000001000100011000000000000000000000000000000000000100000000000100000000000000 2886496.0
runproj limit: 0.77
"timed out"
00000000000000010011010001000010000010111000000100010100001001110010010001001001000100000001010101000011010001110000100011000010001100010000010101001001110100100000000000000000000 7933728.0
runproj limit: 0.77
00000000000000000001000000010000000010001000000100000000000000000000001000000000000011000001000000000000000000000000000000000000101000110000000000000000100000100000000000000000000 3805232.0
runproj limit: 0.77
10000000000000000011000000000000000000001000000100000000000000000000101000000000000001000000000000000000000000000000000001000000000000000010000000000000100000000000000000000000000 2549880.0
runproj limit: 0.77
10000000000000100011000000010000010110001000010100000000000000000000101000000000000000000000000000000000100000000000000000000000101000100000000000000000100000000000000000010000000 2549784.0
runproj limit: 0.77
00000100000000000000000000000000010100100000010000000000000000000010000000000000000001000001000000000000000000000000000000000000000000010010000000000000100000000000000000000000000 3788696.0
runproj limit: 0.77
01010100000011101000100001110000011001010111000100000001000000100001101000011010000000110100101000000001101100000100000001010010000000000000001000000000010000100000000000110010000 3102760.0
runproj limit: 0.77
"timed out"
01101011100111000111000001100000001110100101101001000001010000000011000100101101000000110000001000010000010001010110000000000000000010010100000000001000000001000001101011010101000 7933728.0
runproj limit: 0.77
"timed out"
10011000000000000100000100011001000000011000110010010100000101000100000100000000110000001100001000000011110000001001110110110001000000110000010001100010111000100011100001000000000 7933728.0
runproj limit: 0.77
"timed out"
10001000011000000000100011001000100000000011100010000100001100000101000110001001010000011010100000001111001101110101000010000101100001000010110111000000101010000000011001111001100 7933728.0
runproj limit: 0.77
"timed out"
00100001001001000000010100110000000010010000111001101000000001000010001100110111001101000101001000011101000100100100000000000101011000010110011001110000000000010000000101110110100 7933728.0
runproj limit: 0.77
00000000000000100011000000010000000110001000010100000000001000000000101010000000000010000001000000000001100000000000000000000000101000100000011000000000100000000000000000010000000 2549784.0
runproj limit: 0.77
00000000000000000000000000000000010000000000000000000000000000000000100000000000000001000000000000000000000000000000000000000000000000000010000000000000100000000000000000000000000 2830512.0
runproj limit: 0.77
00000000000000000000000000000000010000000000000000000000000000000000101000000000000000000000000000000000000000000000000000000000100000000000000000000000100000000000000000000000000 2830512.0
runproj limit: 0.77
10000000000000000000000000010000010100001000000100000000000000000000101000000000000001000000000000000000100000000000000000000000100000000010000000000000100000000000000000000000000 2830512.0
runproj limit: 0.77
10000000000000000000000000010001000000001000000100000000000001000000101000000000000001000000000000000000100000000000000000000000100000010000000000000000000000100000000000000000000 2861728.0
runproj limit: 0.77
00000100000000000001000001000000000100100000010000000000001000010010000000000000000000000001000000010000000000000000000001000000000000010000000000000000000000000001000000010000000 3519568.0
runproj limit: 0.77
00000000000000000011000000000000000010001000000100000000000000000000001000000000000011000001000000000001000000000000000001000000001000110000010000000000100000000000000000000000000 3622184.0
best: 0.6427707125830379
runproj limit: 0.77
10000000000000000000000000010000010110001000010100000000000000000000101000000000000000000000000000000000100000000000000000000000100000000000000000000000100000000000000000000000000 2830512.0
runproj limit: 0.77
00000000000000000001000000000000010010000000010100000000000000000000000000000000000001000001000000000000000000000000000000000000000000110010000000000000100000100000000000000000000 3805232.0
runproj limit: 0.77
00000100000000000011000001000000000100101000010000000000001000000010101010000000000000000001000000010001000000000000000000000000001000000000011000000000000000000001000000010000000 2583712.0
runproj limit: 0.77
"timed out"
10101010100000000011000000100000000110101001100100000001000000000001000000101100000000110000000000010000110000000010000000000000101010100000000000000000000001000001101010010101000 7933728.0
runproj limit: 0.77
00000000000000000000000001000000000000000000000000000000001000010000000000000000000000000000000000000000000000000000000000000000000000010010000000000000100000000001000000000000000 3788616.0
runproj limit: 0.77
00000100000000100001000000000000010100101000010100000000000000000000100000000000000000000000000000000000000000000000000000000000001000010000000000000000100000000000000000000000000 2549768.0
runproj limit: 0.77
"timed out"
01001010100100000110000001000000000100100000001001000000010000000010100000001001000001010000001000010000010000000100000000000000000010000000000000000000100001000000001001000100000 7933728.0
runproj limit: 0.77
00000000000000000000000000010000000100001000000100000100000001001000101000000000000000000001000000001000000000000001000000000000000000100000000000000000100000100000100000000000000 2842608.0
runproj limit: 0.77
"timed out"
10001100000100000011010001100000011000010000000100011001000101010011101100001010010001011010000001000010100000001000000001100000010010000011010111010100100100010010010001100000000 7933728.0
runproj limit: 0.77
"timed out"
01100000000000000101100010110001000000101100001100000010100001000100001100001000000001011000000010101000000001100110001001100101101000010010100100001000000000010111000000010010110 7933728.0
runproj limit: 0.77
"timed out"
00100101100000000000000000100000000001010110110111100101100100000000111001010101000000010001100000001000000010100000100110100001100000111011000010000000100000110000000001001010000 7933728.0
runproj limit: 0.77
"timed out"
00100011000001010001011001111010000011111000111100000000110001100010110001011001010110110001110101011011010001101000100011001011001100010000000001001011110100101000000100000000000 7933728.0
runproj limit: 0.77
"timed out"
11010100010011110000100001010110011001010011011100001001100001100001001100111011100000110010101100000011100101000100100000110010010001000001000000100100101001100001000000111010001 7933728.0
runproj limit: 0.77
10000000000000100011000000010000010110001000010100000000000000000000101000000000000000000000000000000000100000000000000000000000101000100000000000000000100000000000000000010000000 2549784.0
runproj limit: 0.77
00000000000000100011000000010000000110001000010100000000001000000000101010000000000010000001000000000001100000000000000000000000101000100000011000000000100000000000000000010000000 2549784.0
runproj limit: 0.77
10000000000000000011000000000000000000001000000100000000000000000000101000000000000001000000000000000000000000000000000001000000000000000010000000000000100000000000000000000000000 2549880.0
runproj limit: 0.77
00100000001000000101010001000011010000000000000011000000001001010010000001001001000000000000010100010011000100010000000000000010001100010000010100101101010100100000000000000000000 2668048.0
runproj limit: 0.77
00000000000000000000000000000000010000000000000000000000000000000000100000000000000001000000000000000000000000000000000000000000000000000010000000000000100000000000000000000000000 2830512.0
runproj limit: 0.77
00000000000000000000000000000000010000000000000000000000000000000000101000000000000000000000000000000000000000000000000000000000100000000000000000000000100000000000000000000000000 2830512.0
runproj limit: 0.77
10000000000000000000000000010000010100001000000100000000000000000000101000000000000001000000000000000000100000000000000000000000100000000010000000000000100000000000000000000000000 2830512.0
best: 0.6427666791702463
runproj limit: 0.77
00100000000000000100010000000011010000000000000001000000000001010000100001000001000001000000000100010000000100010000000000000010000100000000000100001001110100000000000000000000000 2584416.0
runproj limit: 0.77
00100000000000000101000001000010010000000000000000000000001000010000000000001001000000000000000100000001000000000000000000000000001000010000010100101001100000000000000000000000000 2675824.0
runproj limit: 0.77
00100000000000100011010001000000000100001000010011000000001001000010101010000001000010000001010000010011000100000000000000000000001000110000010000000001100000100000000000000000000 2584416.0
runproj limit: 0.77
10000000000000000001000000010000010010001000010100000000000000000000100000000000000000000000000000000000100000000000000000000000100000110010000000000000100000100000000000000000000 2549784.0
runproj limit: 0.77
00000000000000000010000000010000000110000000010100000000001000000000101010000000000010000000000000000000000000000000000000000000101000000010011000000000100000000000000000000000000 2830512.0
runproj limit: 0.77
"timed out"
11000000000010110001000001000100010000001011001100000001100001000000001100000010100000100010101000000010100001000100100000000000000001000000000000100100100000100001000000000010000 7933728.0
runproj limit: 0.77
00000000000000100011000000010000000010001000000100000000001000000000101000000000000010000001000000000001000000000000000000000000000000100010010000000000100000000000000000000000000 2549784.0
runproj limit: 0.77
"timed out"
00100100100000000000000000100000000001010000010100100000100100000000111001000000000000000000100000000000000000100000000100000001100000000001000000000000100000100000000000000010000 7933728.0
runproj limit: 0.77
"timed out"
10001101000011110001010010001000010100001000001000000100000000001100101010110101000000000001001101001011000000000000010000000010001000110000000000000001101000000100000000000100000 7933728.0
runproj limit: 0.77
"timed out"
01100010000001100101100010011111000000100101011000000010101001001110101111001000001001011010000010100010000001100110001001110001101010000110110101001001000100010011000000000010010 7933728.0
runproj limit: 0.77
"timed out"
00010100100100000011000001011101000100101100010010010000101010000010101011101011101100000000100010000110000000101010100010100000001011000100010000100000001000000101001001011000000 7933728.0
runproj limit: 0.77
"timed out"
00000000001010000001000110000101001100101011000101000100000000100010101100110010000001100010000000001010111110000010000100000000100011000100000000000010101000000101001010100010000 7933728.0
runproj limit: 0.77
"timed out"
10000000000010010110000001101000110010101100100000101110010110000010101001000000000001000000000100000010101100001001000000001000100000010010000011100010100010000100000000010100001 7933728.0
runproj limit: 0.77
00000100000000100001000000000000010100101000010100000000000000000000100000000000000000000000000000000000000000000000000000000000001000010000000000000000100000000000000000000000000 2549768.0
runproj limit: 0.77
10000000000000100011000000010000010110001000010100000000000000000000101000000000000000000000000000000000100000000000000000000000101000100000000000000000100000000000000000010000000 2549784.0
runproj limit: 0.77
00000000000000100011000000010000000110001000010100000000001000000000101010000000000010000001000000000001100000000000000000000000101000100000011000000000100000000000000000010000000 2549784.0
runproj limit: 0.77
10000000000000000011000000000000000000001000000100000000000000000000101000000000000001000000000000000000000000000000000001000000000000000010000000000000100000000000000000000000000 2549880.0
runproj limit: 0.77
00000100000000000011000001000000000100101000010000000000001000000010101010000000000000000001000000010001000000000000000000000000001000000000011000000000000000000001000000010000000 2583712.0
runproj limit: 0.77
00100000001000000101010001000011010000000000000011000000001001010010000001001001000000000000010100010011000100010000000000000010001100010000010100101101010100100000000000000000000 2668048.0
runproj limit: 0.77
10000000000000000000000000010000010110001000010100000000000000000000101000000000000000000000000000000000100000000000000000000000100000000000000000000000100000000000000000000000000 2830512.0
best: 0.6427666791702463
runproj limit: 0.77
00100100000000000000000000000000000101100000010100000000000000000000101001000000000000000000000000000000000000000000000100000000101000010001000000000000100000100000000000000010000 2837248.0
runproj limit: 0.77
00100000000000000100000000000000010110000000010100000000001000000000001010001000000000000000000100000000000000000000000000000000101000000000010000100001100000000000000000000000000 3075976.0
runproj limit: 0.77
00100100000000000000000001000011000100001000010000000000001001000010100001000001000001000001000100010001000000010000000000000000000100000000010100000001010100000000000000000000000 2861712.0
runproj limit: 0.77
00000100000000100011000001010000000110001000010000000000001000000000101010000000000000000001000000010001100000000000000000000000001000000000011000000000000000000000000000010000000 2583760.0
runproj limit: 0.77
"timed out"
10001100000010100001000010001000010100001000010000000100000000001100101010100100000000000000000001000000000000000000010000000000001000110000000000000000101000000000000000010000000 7933728.0
runproj limit: 0.77
10000000000000100011000000010000000110001000000100000000001000000000101000000000000010000001000000000001000000000000000000000000001000100010010000000000100000000000000000000000000 2549784.0
runproj limit: 0.77
00100000000000000110000000000000010110000000000001000000001000000000101011000001000011000000000000000000000000010000000000000000000100000010001100000001110000000000000000000000000 2851808.0
runproj limit: 0.77
00100100000000000001010000000010010100001000000110000000000000000010100001000001000000000000010100000001000100000000000000000000001100010000000100000000010100100000000000000000000 2583760.0
runproj limit: 0.77
"timed out"
11100000001000100111001001010010001000001011101101110000000001010100011011011001110000001100100110010001100100010001111000000011011110011010010000101101010100100000110000100010000 7933728.0
runproj limit: 0.77
"timed out"
01000110000001001110101010001111010010100101011000100011111001011010100011001001011011011100010011101010110001100110000010100001010001011100110011001000100110000000000000101110010 7933728.0
runproj limit: 0.77
"timed out"
00110100100000001010010000101000000100100101011010110010100111100010001010100011001000010100001011101011010000100011101111110001101111000100000000110000001000000101111101011100001 7933728.0
runproj limit: 0.77
"timed out"
00111000111010001100000011100001100100100100010000000000101100110000101001010000110101100000001101000001101010000000000001001001000000011001010110101000110001001001000110000010000 7933728.0
runproj limit: 0.77
"timed out"
01001010010000110111000001010001010000001010110100110000010100110000101011001000101111000000000111001001010010000000100011100000001000100010001000110000101100001111000010011001001 7933728.0
runproj limit: 0.77
00000100000000100001000000000000010100101000010100000000000000000000100000000000000000000000000000000000000000000000000000000000001000010000000000000000100000000000000000000000000 2549768.0
runproj limit: 0.77
10000000000000000001000000010000010010001000010100000000000000000000100000000000000000000000000000000000100000000000000000000000100000110010000000000000100000100000000000000000000 2549784.0
runproj limit: 0.77
00000000000000100011000000010000000010001000000100000000001000000000101000000000000010000001000000000001000000000000000000000000000000100010010000000000100000000000000000000000000 2549784.0
runproj limit: 0.77
10000000000000100011000000010000010110001000010100000000000000000000101000000000000000000000000000000000100000000000000000000000101000100000000000000000100000000000000000010000000 2549784.0
runproj limit: 0.77
00000000000000100011000000010000000110001000010100000000001000000000101010000000000010000001000000000001100000000000000000000000101000100000011000000000100000000000000000010000000 2549784.0
runproj limit: 0.77
10000000000000000011000000000000000000001000000100000000000000000000101000000000000001000000000000000000000000000000000001000000000000000010000000000000100000000000000000000000000 2549880.0
runproj limit: 0.77
00000100000000000011000001000000000100101000010000000000001000000010101010000000000000000001000000010001000000000000000000000000001000000000011000000000000000000001000000010000000 2583712.0
best: 0.6427666791702463
runproj limit: 0.77
10000000000000100011000000010000000110001000010100000000000000000000101000000000000000000001000000000000000000000000000000000000001000100000000000000000100000000000000000010000000 2549784.0
runproj limit: 0.77
00000100000000000011000001000000000100101000010000000000001000000000100010000000000000000001000000010000000000000000000000000000001000010000001000000000000000000000000000000000000 2583760.0
runproj limit: 0.77
"timed out"
00000100100000000011000000111000000000001100010000110010100101000010101000100000001000000100001011001001110000000011100111010001100111010100000000010000101000000101101001001100001 7933728.0
runproj limit: 0.77
10000100000000100011000000000000000100101000000100000000000000000000101000000000000001000000000000000000000000000000000001000000000000000000000000000000100000000000000000000000000 2549864.0
runproj limit: 0.77
"timed out"
01000100000001001011001011001100010100100001011000100001111001001010100011001001001010010101000011111011010001000100000000100001001000010000011010001000000000000001000000001110000 7933728.0
runproj limit: 0.77
00000000000000100001000000000000000110001000010100000000000000000000100010000000000000000001000000000001000000000000000000000000101000100000011000000000100000000000000000000000000 2549784.0
runproj limit: 0.77
00000000000000100011000000010000000110001000010100000000000000000000101010000000000000000001000000010001100000000000000000000000001000100000011000000000000000000000000000010000000 2583776.0
runproj limit: 0.77
10000000000000000011000000000000010000101000010100000000000000000010100000000000000000000000000000000000000000000000000000000000101000000000000000000000000000000001000000010000000 2583728.0
runproj limit: 0.77
"timed out"
10100000010100000101110000000110011010011010110100010000010000010011100000010010000001000000000001001010100100111000010000000000000100110010110001011010001010110111101000100100100 7933728.0
runproj limit: 0.77
"timed out"
00100001101010110001010000010000010001101101110101000110010000000000101001110010101000010000100100000000101010101010000000000000110000110111000000010011000001110000100000101110001 7933728.0
runproj limit: 0.77
"timed out"
00000000000001010010000001001111010100000100111101001001000111110000101111000000100000001000000000100000010000100010110100110110101000000001110011000001000001101000000000001001010 7933728.0
runproj limit: 0.77
"timed out"
00100000000000010110010010010110000110001001010101000000000000001000101000001000000000010010000001000011100110011000000100010100010010110010010100110000101001011111000100000100000 7933728.0
runproj limit: 0.77
"timed out"
00000000000101011000000000000010010000001100000110111000000001101011111000000001000011100001010000011000100000110010000000010000000001111010000000000000001001110000000001000000100 7933728.0
runproj limit: 0.77
00000100000000100001000000000000010100101000010100000000000000000000100000000000000000000000000000000000000000000000000000000000001000010000000000000000100000000000000000000000000 2549768.0
runproj limit: 0.77
10000000000000100011000000010000000110001000000100000000001000000000101000000000000010000001000000000001000000000000000000000000001000100010010000000000100000000000000000000000000 2549784.0
runproj limit: 0.77
10000000000000000001000000010000010010001000010100000000000000000000100000000000000000000000000000000000100000000000000000000000100000110010000000000000100000100000000000000000000 2549784.0
runproj limit: 0.77
00000000000000100011000000010000000010001000000100000000001000000000101000000000000010000001000000000001000000000000000000000000000000100010010000000000100000000000000000000000000 2549784.0
runproj limit: 0.77
10000000000000100011000000010000010110001000010100000000000000000000101000000000000000000000000000000000100000000000000000000000101000100000000000000000100000000000000000010000000 2549784.0
runproj limit: 0.77
00000000000000100011000000010000000110001000010100000000001000000000101010000000000010000001000000000001100000000000000000000000101000100000011000000000100000000000000000010000000 2549784.0
runproj limit: 0.77
10000000000000000011000000000000000000001000000100000000000000000000101000000000000001000000000000000000000000000000000001000000000000000010000000000000100000000000000000000000000 2549880.0
best: 0.6427666791702463
runproj limit: 0.77
10000000000000100011000000010000000110001000000100000000000000000000101000000000000000000001000000000001000000000000000000000000001000100010000000000000100000000000000000010000000 2549784.0
runproj limit: 0.77
"timed out"
10000000000001010010000000000010000000001000000100110000000000100010111000000001000011000001000000000000000000100010000001000000000001101010000000000000000001010000000001000000100 7933728.0
runproj limit: 0.77
"timed out"
10000000000000000101000000010110011110011000110100000000010000010001100000000010000001000000000001001010100000001000000000000000001100110000110001001000000010110111101000010100100 7933728.0
runproj limit: 0.77
00000100000000100011000000000000000100101000010100000000000000000000101000000000000000000000000000000000000000000000000001000000000000010000000000000000100000000000000000000000000 2549864.0
runproj limit: 0.77
00000000000000000011000000010000000100001000000100000000001000000000101010000000000010000000000000000001100000000000000001000000101000100010001000000000100000000000000000000000000 2549880.0
runproj limit: 0.77
00000000000000100011000000000000000110101000010100000000001000000000100010000000000000000001000000000000100000000000000000000000001000110000011000000000100000000000000000000000000 2549784.0
runproj limit: 0.77
10000100000000100011000000010000010100001000010100000000000000000000100000000000000000000000000000000000100000000000000000000000001000100000000000000000100000000000000000010000000 2549768.0
runproj limit: 0.77
10000100000000100011000001000000000100101000010100000000001000000000101000000000000001000000000000010000000000000000000000000000000000000000000000000000000000000000000000000000000 2583760.0
runproj limit: 0.77
"timed out"
00000100010000011101000000010000011110010000110010000010011100101010010000000011000000100000110000000001001010010011011001010000001000010000000010000101010000000001010100000000001 7933728.0
runproj limit: 0.77
"timed out"
00001111000000100100000010011011001100001101001110000000111000100110101110110100100110000101000000100001110000000000101000100000101000000010011001000000101000000111001010011000000 7933728.0
runproj limit: 0.77
"timed out"
11000010110010100011001100011100110100000100110101010000101010110100001100001000010011110011100001001001101000000110000000000010000001110100111000100100111100100000100100010000010 7933728.0
runproj limit: 0.77
"timed out"
10000000101110100011001100110001000011101111010000000000001010000001100010000110100011000000000010000010000101010011000010010010000000110000000000010001101010000000000000010010101 7933728.0
runproj limit: 0.77
"timed out"
10000010000010001111100001111011000010000000000100100011010111000011100111000100001001000100000011000110011001101000000001001000100001000010001100100001110011011001010100100010001 7933728.0
runproj limit: 0.77
00000100000000100001000000000000010100101000010100000000000000000000100000000000000000000000000000000000000000000000000000000000001000010000000000000000100000000000000000000000000 2549768.0
runproj limit: 0.77
10000000000000100011000000010000000110001000010100000000000000000000101000000000000000000001000000000000000000000000000000000000001000100000000000000000100000000000000000010000000 2549784.0
runproj limit: 0.77
00000000000000100001000000000000000110001000010100000000000000000000100010000000000000000001000000000001000000000000000000000000101000100000011000000000100000000000000000000000000 2549784.0
runproj limit: 0.77
10000000000000100011000000010000000110001000000100000000001000000000101000000000000010000001000000000001000000000000000000000000001000100010010000000000100000000000000000000000000 2549784.0
runproj limit: 0.77
10000000000000000001000000010000010010001000010100000000000000000000100000000000000000000000000000000000100000000000000000000000100000110010000000000000100000100000000000000000000 2549784.0
runproj limit: 0.77
00000000000000100011000000010000000010001000000100000000001000000000101000000000000010000001000000000001000000000000000000000000000000100010010000000000100000000000000000000000000 2549784.0
runproj limit: 0.77
10000000000000100011000000010000010110001000010100000000000000000000101000000000000000000000000000000000100000000000000000000000101000100000000000000000100000000000000000010000000 2549784.0
best: 0.6427666791702463
runproj limit: 0.77
00000000000000000011000000010000000110001000000100000000000000000000101010000000000000000001000000000001000000000000000001000000001000100000000000000000100000000000000000010000000 2549880.0
runproj limit: 0.77
00000100000000100011000000000000000100101000010100000000000000000000101010000000000000000000000000000000000000000000000001000000000000010000000000000000100000000000000000000000000 2549864.0
runproj limit: 0.77
"timed out"
10000000000110100011000000010000000110001100010000000000001010000001100010000110000000000000000010000010000000000010000010000000000000110000000000010000100000000000000000010000100 7933728.0
runproj limit: 0.77
10000000000000100011000000010000000110001000010100000000000000000000101000000000000010000001000000000000000000000000000000000000001000100000010000000000100000000000000000010000000 2549784.0
runproj limit: 0.77
10000000000000100001000000010000010010001000000100000000000000000000100000000000000000000000000000000001000000000000000000000000000000100010000000000000100000000000000000010000000 2549784.0
runproj limit: 0.77
"timed out"
10000010000010100001000100011000110110000100010101010000100000110100100100000000010000000001100001000001100000000110000000000000000000100000111000100000111000000000100100010000010 7933728.0
runproj limit: 0.77
10000100000000100011000000010000000110001000010100000000000000000000101000000000000000000001000000000000100000000000000000000000001000100000000000000000100000000000000000010000000 2549768.0
runproj limit: 0.77
10000000000000100011000000010000010110001000010100000000000000000000100000000000000000000000000000000000100000000000000000000000001000010000000000000000100000000000000000010000000 2549784.0
runproj limit: 0.77
"timed out"
00111010110000000100000000010000010110001101000100100010000100000000101000101000110001000001111000000000100000111101000110100101100100100110010110000000100110001000001000000010101 7933728.0
runproj limit: 0.77
"timed out"
10010000101100000101000000010100101100011000101110001000010010000001100000100000000011001000110011000010100100001001001000000000001101010000110000000010010111101111001001101110100 7933728.0
runproj limit: 0.77
"timed out"
10010010000010100111000000010001001100001010010100100000010010000010101001100000000100100111000100001100000100010000100000100000111000100011000010100011101001011000000010001000011 7933728.0
runproj limit: 0.77
"timed out"
00000010010110000001101001000001000111001100100110000010000001100110100011000100000101000001000000000001100000100000100001000000011100101000011000001100110100000000010000010000000 7933728.0
runproj limit: 0.77
"timed out"
00000100000101001001000011000010000100111000000111010000000110000011001000000000101110000011100111011010000100110000001011000000010100010011010100000001100001000000110011100111001 7933728.0
runproj limit: 0.77
10000100000000100011000000010000010100001000010100000000000000000000100000000000000000000000000000000000100000000000000000000000001000100000000000000000100000000000000000010000000 2549768.0
runproj limit: 0.77
00000100000000100001000000000000010100101000010100000000000000000000100000000000000000000000000000000000000000000000000000000000001000010000000000000000100000000000000000000000000 2549768.0
runproj limit: 0.77
10000000000000100011000000010000000110001000000100000000000000000000101000000000000000000001000000000001000000000000000000000000001000100010000000000000100000000000000000010000000 2549784.0
runproj limit: 0.77
00000000000000100011000000000000000110101000010100000000001000000000100010000000000000000001000000000000100000000000000000000000001000110000011000000000100000000000000000000000000 2549784.0
runproj limit: 0.77
10000000000000100011000000010000000110001000010100000000000000000000101000000000000000000001000000000000000000000000000000000000001000100000000000000000100000000000000000010000000 2549784.0
runproj limit: 0.77
00000000000000100001000000000000000110001000010100000000000000000000100010000000000000000001000000000001000000000000000000000000101000100000011000000000100000000000000000000000000 2549784.0
runproj limit: 0.77
10000000000000100011000000010000000110001000000100000000001000000000101000000000000010000001000000000001000000000000000000000000001000100010010000000000100000000000000000000000000 2549784.0
best: 0.6427666791702463
runproj limit: 0.77
00000000000000100011000000000000000110101000010100000000001000000000100010000000000000000001000000000001000000000000000000000000001000110000011000000000100000000000000000000000000 2549784.0
runproj limit: 0.77
00000100000000100011000000010000000100101000010100000000000000000000100000000000000000000001000000000000000000000000000000000000001000010000000000000000100000000000000000000000000 2549768.0
runproj limit: 0.77
00000000000000100011000000000000000100101000010100000000001000000000100010000000000000000000000000000000100000000000000001000000000000010000011000000000100000000000000000000000000 2549880.0
runproj limit: 0.77
10000100000000100011000000010000000110001000010100000000000000000000101000000000000000000001000000000000100000000000000000000000001000100010000000000000100000000000000000010000000 2549768.0
runproj limit: 0.77
00000100000001001001000011000000000110111000010111000000000110000000000000000000101110000011000010011010100100110000001000000000010100010001011000000001100000000000110011000100000 2707176.0
runproj limit: 0.77
00000100000000100011000000000000000100101000010100000000000000000000101010000000000000000000000000000000000000000000000001000000000000010000000000000000100000000000000000000000000 2549864.0
runproj limit: 0.77
"timed out"
10000000000000100011000000011000000110001000010100000000100000010000100000000000010000000001000000000001100000000010000000000000000000100010010000000000111000000000000000010000000 7933728.0
runproj limit: 0.77
10000000000000100001000000010000010010001000010100000000000000000000100010000000000000000000000000000001000000000000000000000000101000100010000000000000100000000000000000000000000 2549784.0
runproj limit: 0.77
"timed out"
11001110000010001011011110001001010110000100011100010101101000010100000100100101010000101011100101000101111011101110000000000010000000100001111100100000011001011011000100010000111 7933728.0
runproj limit: 0.77
"timed out"
00110010110000001100100000010000010110001111000100100010011100000000000100111000010001000001111000001010100101011001100100100100110100011000000111000000101110001100001000000010111 7933728.0
runproj limit: 0.77
"timed out"
10000000000011000001001100111101100110001000011100100001001000010011101000001000011100001001001011010100110010011000000111010000101101100000000000010100001100000000011011011010000 7933728.0
runproj limit: 0.77
"timed out"
10100001000100000000000110010001000111110011010100000000100010100001101010000001000000000000001000101001000001000100000100001000101000100000011010110000100110100001000000001100011 7933728.0
runproj limit: 0.77
"timed out"
10000000011000000001011010011000011110100111010110000110100011101000000000100100001001000000100100000010100110100100000000010001001100000001000000001110100000000000000000010100100 7933728.0
runproj limit: 0.77
10000100000000100011000000010000000110001000010100000000000000000000101000000000000000000001000000000000100000000000000000000000001000100000000000000000100000000000000000010000000 2549768.0
runproj limit: 0.77
10000100000000100011000000010000010100001000010100000000000000000000100000000000000000000000000000000000100000000000000000000000001000100000000000000000100000000000000000010000000 2549768.0
runproj limit: 0.77
00000100000000100001000000000000010100101000010100000000000000000000100000000000000000000000000000000000000000000000000000000000001000010000000000000000100000000000000000000000000 2549768.0
runproj limit: 0.77
10000000000000100011000000010000000110001000010100000000000000000000101000000000000010000001000000000000000000000000000000000000001000100000010000000000100000000000000000010000000 2549784.0
runproj limit: 0.77
10000000000000100001000000010000010010001000000100000000000000000000100000000000000000000000000000000001000000000000000000000000000000100010000000000000100000000000000000010000000 2549784.0
runproj limit: 0.77
10000000000000100011000000010000010110001000010100000000000000000000100000000000000000000000000000000000100000000000000000000000001000010000000000000000100000000000000000010000000 2549784.0
runproj limit: 0.77
10000000000000100011000000010000000110001000000100000000000000000000101000000000000000000001000000000001000000000000000000000000001000100010000000000000100000000000000000010000000 2549784.0
best: 0.6427666791702463
runproj limit: 0.77
10000101000000000000000000010000000111100001010100000000100000100001101010000000000000000000001000101001000000000100000100001000001000100010011010100000100000100001000000000000011 2904144.0
runproj limit: 0.77
00000000000000100011000000000000000100101000010100000000001000000000100010000000000000000000000000000000000000000000000001000000000000010000001000000000100000000000000000000000000 2549880.0
runproj limit: 0.77
00000100000000100001000000010000000100001000010100000000000000000000101000000000000000000001000000000000100000000000000000000000001000110000000000000000100000000000000000010000000 2549768.0
runproj limit: 0.77
00000100000000100011000000000000000110001000010100000000000000000000101010000000000000000001000000000000000000000000000000000000001000010010000000000000100000000000000000000000000 2549768.0
runproj limit: 0.77
10000000000000100011000000000000000110001000010100000000000000000000101010000000000000000001000000000001000000000000000000000000001000100000000000000000100000000000000000010000000 2549784.0
runproj limit: 0.77
"timed out"
11001100000010101011010110001000010110001100010100000100101000010000001100000000000000100011000100000100110001100100000000000000000000100000110100100000001000011010000100010000110 7933728.0
runproj limit: 0.77
"timed out"
00100100000101000001000010000000000111110001010110000000000010100000001010000000100110000011000010001000000101110100000000001000110100010000011010100000100110000000110000000100011 7933728.0
runproj limit: 0.77
10000000000000100001000000010000010110101000000100000000000000000000100000000000000000000000000000000000000000000000000000000000000000000010000000000000100000000000000000010000000 2549784.0
runproj limit: 0.77
"timed out"
00110000000000100011010010100100000100100011010100100001000010000000110010011001001100011001111001000000001001000100001001110100001110100000000000000000100000001010100000000000000 7933728.0
runproj limit: 0.77
"timed out"
00000010010011100111000001110000000011001000011010001000010000010000101000000000001011110011011110000000010000001000100110000111000000100000100000001000101010000000000010000101001 7933728.0
runproj limit: 0.77
"timed out"
00101100100001001001100010010000000100001001010111100001000010100000001000101000101000000010100010010011000100011100000001110001111100010101011001010001110001000100110111000000110 7933728.0
runproj limit: 0.77
"timed out"
10100100000110100001100001011100010011010000010100011010010100100011111001101000000010110011100101000000010011000011000000011001011000100100010000100001110010011000010011010001000 7933728.0
runproj limit: 0.77
"timed out"
11010110001001011011100001000000001100111101010100000000001000010000000111101011010011000101000100101000000100000000000111001000001001110000000000010100100001000100000001110010010 7933728.0
runproj limit: 0.77
00000100000000100011000000010000000100101000010100000000000000000000100000000000000000000001000000000000000000000000000000000000001000010000000000000000100000000000000000000000000 2549768.0
runproj limit: 0.77
10000100000000100011000000010000000110001000010100000000000000000000101000000000000000000001000000000000100000000000000000000000001000100010000000000000100000000000000000010000000 2549768.0
runproj limit: 0.77
10000100000000100011000000010000000110001000010100000000000000000000101000000000000000000001000000000000100000000000000000000000001000100000000000000000100000000000000000010000000 2549768.0
runproj limit: 0.77
10000100000000100011000000010000010100001000010100000000000000000000100000000000000000000000000000000000100000000000000000000000001000100000000000000000100000000000000000010000000 2549768.0
runproj limit: 0.77
00000100000000100001000000000000010100101000010100000000000000000000100000000000000000000000000000000000000000000000000000000000001000010000000000000000100000000000000000000000000 2549768.0
runproj limit: 0.77
00000000000000100011000000000000000110101000010100000000001000000000100010000000000000000001000000000001000000000000000000000000001000110000011000000000100000000000000000000000000 2549784.0
runproj limit: 0.77
10000000000000100001000000010000010010001000010100000000000000000000100010000000000000000000000000000001000000000000000000000000101000100010000000000000100000000000000000000000000 2549784.0
best: 0.6427666791702463
done evolving!
"all is well:)"
>>>>>>>>>>>>>>FINISH OPTIMIZATION>>>>>>>>>>>>>>>
758.41user 236.65system 38:33.41elapsed 43%CPU (0avgtext+0avgdata 119228maxresident)k
993696inputs+1526088outputs (459major+62158543minor)pagefaults 0swaps
