Optimizing /h/ywang30/nofib/imaginary/primes
>>>>>>>>>>>>>>>START OPTIMIZATION>>>>>>>>>>>>>>>
pop: 13
gens: 15
arch: 7
limit is: 0.1
runproj limit: 0.1
"All is well :D"
Basetime is: 161760.0
runproj limit: 0.1
00000000000 161760.0
runproj limit: 0.1
00100000001 161760.0
runproj limit: 0.1
00000000000 161760.0
runproj limit: 0.1
00000000000 161760.0
runproj limit: 0.1
00000000000 161760.0
runproj limit: 0.1
00100000100 161760.0
runproj limit: 0.1
10000000000 161760.0
runproj limit: 0.1
01000000000 161760.0
runproj limit: 0.1
00001000000 161728.0
runproj limit: 0.1
00100000000 161760.0
runproj limit: 0.1
00000000000 161760.0
runproj limit: 0.1
00001000000 161728.0
runproj limit: 0.1
00000000000 161760.0
best: 0.9998021760633037
runproj limit: 0.1
00000000000 161760.0
runproj limit: 0.1
00001000000 161728.0
runproj limit: 0.1
00100000100 161760.0
runproj limit: 0.1
00000000000 161760.0
runproj limit: 0.1
10100000000 161760.0
runproj limit: 0.1
10001000000 161728.0
runproj limit: 0.1
00000000000 161760.0
runproj limit: 0.1
00001000000 161728.0
runproj limit: 0.1
00100000001 161760.0
runproj limit: 0.1
00001100000 161728.0
runproj limit: 0.1
01001100110 161728.0
runproj limit: 0.1
01100100000 161760.0
runproj limit: 0.1
01100101001 161760.0
runproj limit: 0.1
00001000000 161728.0
runproj limit: 0.1
00000000000 161760.0
runproj limit: 0.1
00100000001 161760.0
runproj limit: 0.1
00100000100 161760.0
runproj limit: 0.1
10000000000 161760.0
runproj limit: 0.1
01000000000 161760.0
runproj limit: 0.1
00100000000 161760.0
best: 0.9998021760633037
runproj limit: 0.1
00100000000 161760.0
runproj limit: 0.1
01000000000 161760.0
runproj limit: 0.1
00000100100 161760.0
runproj limit: 0.1
00001000110 161728.0
runproj limit: 0.1
00001000100 161728.0
runproj limit: 0.1
00100000000 161760.0
runproj limit: 0.1
00000100000 161760.0
runproj limit: 0.1
00100100000 161760.0
runproj limit: 0.1
01000000000 161760.0
runproj limit: 0.1
00011000000 140832.0
runproj limit: 0.1
11110100000 140864.0
runproj limit: 0.1
01010100010 140864.0
runproj limit: 0.1
00011100000 140832.0
runproj limit: 0.1
00001000000 161728.0
runproj limit: 0.1
10001000000 161728.0
runproj limit: 0.1
00001100000 161728.0
runproj limit: 0.1
01001100110 161728.0
runproj limit: 0.1
00000000000 161760.0
runproj limit: 0.1
00100000100 161760.0
runproj limit: 0.1
10100000000 161760.0
best: 0.8706231454005935
runproj limit: 0.1
00011000000 140832.0
runproj limit: 0.1
01001000010 161728.0
runproj limit: 0.1
00001000000 161728.0
runproj limit: 0.1
01001100110 161728.0
runproj limit: 0.1
01110000000 140864.0
runproj limit: 0.1
10101000000 161728.0
runproj limit: 0.1
00000100000 161760.0
runproj limit: 0.1
00001000000 161728.0
runproj limit: 0.1
00000100000 161760.0
runproj limit: 0.1
01101000000 161728.0
runproj limit: 0.1
01111000010 140832.0
runproj limit: 0.1
11100101000 161760.0
runproj limit: 0.1
01000100000 161760.0
runproj limit: 0.1
00011000000 140832.0
runproj limit: 0.1
00011100000 140832.0
runproj limit: 0.1
11110100000 140864.0
runproj limit: 0.1
01010100010 140864.0
runproj limit: 0.1
00001000110 161728.0
runproj limit: 0.1
00001000100 161728.0
runproj limit: 0.1
00001000000 161728.0
best: 0.8706231454005935
runproj limit: 0.1
01110100000 140864.0
runproj limit: 0.1
00001000000 161728.0
runproj limit: 0.1
00011000000 140832.0
runproj limit: 0.1
00010100000 140864.0
runproj limit: 0.1
01110000000 140864.0
runproj limit: 0.1
00001000000 161728.0
runproj limit: 0.1
00111000000 140832.0
runproj limit: 0.1
01001100010 161728.0
runproj limit: 0.1
00111010001 140832.0
runproj limit: 0.1
01111000110 140832.0
runproj limit: 0.1
00010101000 140864.0
runproj limit: 0.1
10001001001 161728.0
runproj limit: 0.1
01011000000 140832.0
runproj limit: 0.1
00011000000 140832.0
runproj limit: 0.1
01111000010 140832.0
runproj limit: 0.1
00011100000 140832.0
runproj limit: 0.1
01110000000 140864.0
runproj limit: 0.1
11110100000 140864.0
runproj limit: 0.1
01010100010 140864.0
runproj limit: 0.1
01001000010 161728.0
best: 0.8706231454005935
runproj limit: 0.1
01110000000 140864.0
runproj limit: 0.1
01110000000 140864.0
runproj limit: 0.1
11110000000 140864.0
runproj limit: 0.1
11110100010 140864.0
runproj limit: 0.1
01110000000 140864.0
runproj limit: 0.1
00010100000 140864.0
runproj limit: 0.1
01111000010 140832.0
runproj limit: 0.1
00011010000 140832.0
runproj limit: 0.1
01110100010 140864.0
runproj limit: 0.1
00111101001 140832.0
runproj limit: 0.1
11111110101 140832.0
runproj limit: 0.1
01011100110 140832.0
runproj limit: 0.1
01010000010 140864.0
runproj limit: 0.1
00011000000 140832.0
runproj limit: 0.1
00111000000 140832.0
runproj limit: 0.1
00111010001 140832.0
runproj limit: 0.1
01111000110 140832.0
runproj limit: 0.1
01011000000 140832.0
runproj limit: 0.1
01111000010 140832.0
runproj limit: 0.1
00011100000 140832.0
best: 0.8706231454005935
runproj limit: 0.1
01111010110 140832.0
runproj limit: 0.1
01110000110 140864.0
runproj limit: 0.1
01110000010 140864.0
runproj limit: 0.1
00011100000 140832.0
runproj limit: 0.1
00111010001 140832.0
runproj limit: 0.1
00111000000 140832.0
runproj limit: 0.1
00111000000 140832.0
runproj limit: 0.1
00111010000 140832.0
runproj limit: 0.1
10100000010 161760.0
runproj limit: 0.1
00110011010 140864.0
runproj limit: 0.1
01000000000 161760.0
runproj limit: 0.1
01111100001 140832.0
runproj limit: 0.1
00011010001 140832.0
runproj limit: 0.1
01111000010 140832.0
runproj limit: 0.1
00011010000 140832.0
runproj limit: 0.1
00111101001 140832.0
runproj limit: 0.1
11111110101 140832.0
runproj limit: 0.1
01011100110 140832.0
runproj limit: 0.1
00011000000 140832.0
runproj limit: 0.1
00111000000 140832.0
best: 0.8706231454005935
runproj limit: 0.1
11011110101 140832.0
runproj limit: 0.1
00111000001 140832.0
runproj limit: 0.1
01111010000 140832.0
runproj limit: 0.1
00110010000 140864.0
runproj limit: 0.1
00011000000 140832.0
runproj limit: 0.1
01111010000 140832.0
runproj limit: 0.1
00010010010 140864.0
runproj limit: 0.1
00111010001 140832.0
runproj limit: 0.1
00110100000 140864.0
runproj limit: 0.1
11111100000 140832.0
runproj limit: 0.1
01011011001 140832.0
runproj limit: 0.1
00111111000 140832.0
runproj limit: 0.1
11000000010 161760.0
runproj limit: 0.1
01111010110 140832.0
runproj limit: 0.1
00011100000 140832.0
runproj limit: 0.1
00111010001 140832.0
runproj limit: 0.1
00111000000 140832.0
runproj limit: 0.1
00111010000 140832.0
runproj limit: 0.1
01111100001 140832.0
runproj limit: 0.1
00011010001 140832.0
best: 0.8706231454005935
runproj limit: 0.1
00011000000 140832.0
runproj limit: 0.1
00111011000 140832.0
runproj limit: 0.1
00111011000 140832.0
runproj limit: 0.1
00111000001 140832.0
runproj limit: 0.1
00111000000 140832.0
runproj limit: 0.1
11011100001 140832.0
runproj limit: 0.1
00111110000 140832.0
runproj limit: 0.1
01011010001 140832.0
runproj limit: 0.1
10010101000 140864.0
runproj limit: 0.1
11111110000 140832.0
runproj limit: 0.1
01101010100 161728.0
runproj limit: 0.1
10011010000 140832.0
runproj limit: 0.1
00111000001 140832.0
runproj limit: 0.1
11011110101 140832.0
runproj limit: 0.1
00111000001 140832.0
runproj limit: 0.1
01111010000 140832.0
runproj limit: 0.1
00011000000 140832.0
runproj limit: 0.1
00111010001 140832.0
runproj limit: 0.1
11111100000 140832.0
runproj limit: 0.1
01011011001 140832.0
best: 0.8706231454005935
runproj limit: 0.1
00011010001 140832.0
runproj limit: 0.1
01011000001 140832.0
runproj limit: 0.1
00111000000 140832.0
runproj limit: 0.1
10011010001 140832.0
runproj limit: 0.1
00110100000 140864.0
runproj limit: 0.1
00111010001 140832.0
runproj limit: 0.1
00111000000 140832.0
runproj limit: 0.1
10111010000 140832.0
runproj limit: 0.1
00111100000 140832.0
runproj limit: 0.1
11011010000 140832.0
runproj limit: 0.1
01111010001 140832.0
runproj limit: 0.1
00100000111 161760.0
runproj limit: 0.1
10110100010 140864.0
runproj limit: 0.1
00011000000 140832.0
runproj limit: 0.1
00111011000 140832.0
runproj limit: 0.1
00111000001 140832.0
runproj limit: 0.1
00111000000 140832.0
runproj limit: 0.1
11011100001 140832.0
runproj limit: 0.1
00111110000 140832.0
runproj limit: 0.1
01011010001 140832.0
best: 0.8706231454005935
runproj limit: 0.1
00111010000 140832.0
runproj limit: 0.1
01011010000 140832.0
runproj limit: 0.1
01111010000 140832.0
runproj limit: 0.1
00011000000 140832.0
runproj limit: 0.1
11011000000 140832.0
runproj limit: 0.1
00011100000 140832.0
runproj limit: 0.1
01111010001 140832.0
runproj limit: 0.1
00011011000 140832.0
runproj limit: 0.1
00011011010 140832.0
runproj limit: 0.1
10011001101 140832.0
runproj limit: 0.1
00111110001 140832.0
runproj limit: 0.1
00011000001 140832.0
runproj limit: 0.1
00111010000 140832.0
runproj limit: 0.1
00011010001 140832.0
runproj limit: 0.1
01011000001 140832.0
runproj limit: 0.1
00111000000 140832.0
runproj limit: 0.1
10011010001 140832.0
runproj limit: 0.1
00111010001 140832.0
runproj limit: 0.1
10111010000 140832.0
runproj limit: 0.1
00111100000 140832.0
best: 0.8706231454005935
runproj limit: 0.1
00111000000 140832.0
runproj limit: 0.1
00111110000 140832.0
runproj limit: 0.1
00111011001 140832.0
runproj limit: 0.1
00011000000 140832.0
runproj limit: 0.1
11111000000 140832.0
runproj limit: 0.1
00111010001 140832.0
runproj limit: 0.1
00111110001 140832.0
runproj limit: 0.1
01011010000 140832.0
runproj limit: 0.1
00111000010 140832.0
runproj limit: 0.1
10110101000 140864.0
runproj limit: 0.1
11011001110 140832.0
runproj limit: 0.1
10011111111 140832.0
runproj limit: 0.1
00111110000 140832.0
runproj limit: 0.1
00111010000 140832.0
runproj limit: 0.1
01011010000 140832.0
runproj limit: 0.1
01111010000 140832.0
runproj limit: 0.1
00011000000 140832.0
runproj limit: 0.1
11011000000 140832.0
runproj limit: 0.1
00011100000 140832.0
runproj limit: 0.1
01111010001 140832.0
best: 0.8706231454005935
runproj limit: 0.1
11111000000 140832.0
runproj limit: 0.1
10011111111 140832.0
runproj limit: 0.1
00111111011 140832.0
runproj limit: 0.1
00011000000 140832.0
runproj limit: 0.1
00111000000 140832.0
runproj limit: 0.1
11011000000 140832.0
runproj limit: 0.1
10011110001 140832.0
runproj limit: 0.1
00111010000 140832.0
runproj limit: 0.1
01100010110 161760.0
runproj limit: 0.1
00101011100 161728.0
runproj limit: 0.1
01001000000 161728.0
runproj limit: 0.1
01111000010 140832.0
runproj limit: 0.1
00011000000 140832.0
runproj limit: 0.1
00111000000 140832.0
runproj limit: 0.1
00111110000 140832.0
runproj limit: 0.1
00111011001 140832.0
runproj limit: 0.1
00011000000 140832.0
runproj limit: 0.1
11111000000 140832.0
runproj limit: 0.1
00111010001 140832.0
runproj limit: 0.1
00111110001 140832.0
best: 0.8706231454005935
runproj limit: 0.1
01011000000 140832.0
runproj limit: 0.1
00011110001 140832.0
runproj limit: 0.1
00011010011 140832.0
runproj limit: 0.1
10011110001 140832.0
runproj limit: 0.1
00011000000 140832.0
runproj limit: 0.1
10011111111 140832.0
runproj limit: 0.1
10111010000 140832.0
runproj limit: 0.1
00011000000 140832.0
runproj limit: 0.1
10010100000 140864.0
runproj limit: 0.1
01110000010 140864.0
runproj limit: 0.1
10011010001 140832.0
runproj limit: 0.1
10011011001 140832.0
runproj limit: 0.1
10011100011 140832.0
runproj limit: 0.1
11111000000 140832.0
runproj limit: 0.1
10011111111 140832.0
runproj limit: 0.1
00111111011 140832.0
runproj limit: 0.1
00011000000 140832.0
runproj limit: 0.1
00111000000 140832.0
runproj limit: 0.1
11011000000 140832.0
runproj limit: 0.1
10011110001 140832.0
best: 0.8706231454005935
runproj limit: 0.1
10011111001 140832.0
runproj limit: 0.1
10011010011 140832.0
runproj limit: 0.1
00011010000 140832.0
runproj limit: 0.1
10111011010 140832.0
runproj limit: 0.1
11011000000 140832.0
runproj limit: 0.1
10111000000 140832.0
runproj limit: 0.1
10011011001 140832.0
runproj limit: 0.1
00111011001 140832.0
runproj limit: 0.1
10101011111 161728.0
runproj limit: 0.1
10011010010 140832.0
runproj limit: 0.1
00110000100 140864.0
runproj limit: 0.1
00111100000 140832.0
runproj limit: 0.1
01101000001 161728.0
runproj limit: 0.1
01011000000 140832.0
runproj limit: 0.1
00011110001 140832.0
runproj limit: 0.1
00011010011 140832.0
runproj limit: 0.1
10011110001 140832.0
runproj limit: 0.1
00011000000 140832.0
runproj limit: 0.1
10011111111 140832.0
runproj limit: 0.1
10111010000 140832.0
best: 0.8706231454005935
done evolving!
"all is well:)"
>>>>>>>>>>>>>>FINISH OPTIMIZATION>>>>>>>>>>>>>>>
464.29user 247.74system 34:23.69elapsed 34%CPU (0avgtext+0avgdata 111032maxresident)k
1075816inputs+1397128outputs (590major+63511164minor)pagefaults 0swaps
