Optimizing /h/ywang30/nofib/imaginary/queens
>>>>>>>>>>>>>>>START OPTIMIZATION>>>>>>>>>>>>>>>
pop: 13
gens: 15
arch: 7
limit is: 2.0e-2
runproj limit: 2.0e-2
"All is well :D"
Basetime is: 61192.0
runproj limit: 2.0e-2
01000000000000000 61192.0
runproj limit: 2.0e-2
00100000001000000 61352.0
runproj limit: 2.0e-2
00000000000100000 61192.0
runproj limit: 2.0e-2
00000000000100000 61192.0
runproj limit: 2.0e-2
00000000000000000 61192.0
runproj limit: 2.0e-2
00100000100100000 61192.0
runproj limit: 2.0e-2
00000000000000000 61192.0
runproj limit: 2.0e-2
01000000000011000 61192.0
runproj limit: 2.0e-2
00000000000000000 61192.0
runproj limit: 2.0e-2
00100000000000000 61192.0
runproj limit: 2.0e-2
00000100000000001 61192.0
runproj limit: 2.0e-2
00001000000010000 61192.0
runproj limit: 2.0e-2
00000000000000000 61192.0
best: 1.0
runproj limit: 2.0e-2
00000000000000000 61192.0
runproj limit: 2.0e-2
00000000000100000 61192.0
runproj limit: 2.0e-2
01100000100100000 61192.0
runproj limit: 2.0e-2
00000000000000000 61192.0
runproj limit: 2.0e-2
00000000000000000 61192.0
runproj limit: 2.0e-2
00000000000000000 61192.0
runproj limit: 2.0e-2
01000000000000001 61192.0
runproj limit: 2.0e-2
00000000000000000 61192.0
runproj limit: 2.0e-2
00000000000011001 61192.0
runproj limit: 2.0e-2
00000100000010010 61192.0
runproj limit: 2.0e-2
00001100110001100 61192.0
runproj limit: 2.0e-2
01100100000110000 61192.0
runproj limit: 2.0e-2
01100101001100000 61352.0
runproj limit: 2.0e-2
01000000000000000 61192.0
runproj limit: 2.0e-2
00000000000100000 61192.0
runproj limit: 2.0e-2
00000000000000000 61192.0
runproj limit: 2.0e-2
00100000100100000 61192.0
runproj limit: 2.0e-2
01000000000011000 61192.0
runproj limit: 2.0e-2
00100000000000000 61192.0
runproj limit: 2.0e-2
00000100000000001 61192.0
best: 1.0
runproj limit: 2.0e-2
00000000000000000 61192.0
runproj limit: 2.0e-2
01100000000100000 61192.0
runproj limit: 2.0e-2
00000100100100100 61192.0
runproj limit: 2.0e-2
00000000000100000 61192.0
runproj limit: 2.0e-2
01000000100100000 61192.0
runproj limit: 2.0e-2
00100000000000000 61192.0
runproj limit: 2.0e-2
00000000000001000 61192.0
runproj limit: 2.0e-2
00100100000010000 61192.0
runproj limit: 2.0e-2
00100000000000100 61192.0
runproj limit: 2.0e-2
01010000000100000 61192.0
runproj limit: 2.0e-2
11110100000011110 61192.0
runproj limit: 2.0e-2
01010100010001011 61192.0
runproj limit: 2.0e-2
00010100000010010 61192.0
runproj limit: 2.0e-2
00000000000000000 61192.0
runproj limit: 2.0e-2
00000000000100000 61192.0
runproj limit: 2.0e-2
01100000100100000 61192.0
runproj limit: 2.0e-2
01000000000000001 61192.0
runproj limit: 2.0e-2
00000000000011001 61192.0
runproj limit: 2.0e-2
00000100000010010 61192.0
runproj limit: 2.0e-2
00001100110001100 61192.0
best: 1.0
runproj limit: 2.0e-2
01010000000100100 61192.0
runproj limit: 2.0e-2
00000000100000100 61192.0
runproj limit: 2.0e-2
00000100100100000 61192.0
runproj limit: 2.0e-2
01000000000000101 61192.0
runproj limit: 2.0e-2
00000000000101000 61192.0
runproj limit: 2.0e-2
00000000100101100 61192.0
runproj limit: 2.0e-2
01100000100100000 61192.0
runproj limit: 2.0e-2
00000000000110001 61192.0
runproj limit: 2.0e-2
00000000000001000 61192.0
runproj limit: 2.0e-2
01001000000010000 61192.0
runproj limit: 2.0e-2
01100100110101111 61192.0
runproj limit: 2.0e-2
11100101000011100 61192.0
runproj limit: 2.0e-2
01000100000000001 61192.0
runproj limit: 2.0e-2
00000000000000000 61192.0
runproj limit: 2.0e-2
01100000000100000 61192.0
runproj limit: 2.0e-2
00000100100100100 61192.0
runproj limit: 2.0e-2
00000000000100000 61192.0
runproj limit: 2.0e-2
01000000100100000 61192.0
runproj limit: 2.0e-2
00100000000000000 61192.0
runproj limit: 2.0e-2
00000000000001000 61192.0
best: 1.0
runproj limit: 2.0e-2
00000100100100000 61192.0
runproj limit: 2.0e-2
01000000000000000 61192.0
runproj limit: 2.0e-2
01000100000000000 61192.0
runproj limit: 2.0e-2
00000000000001000 61192.0
runproj limit: 2.0e-2
00000000000111000 61192.0
runproj limit: 2.0e-2
01100000000100000 61192.0
runproj limit: 2.0e-2
11110100000100100 61192.0
runproj limit: 2.0e-2
00000000000000100 61192.0
runproj limit: 2.0e-2
01110010001101000 61352.0
runproj limit: 2.0e-2
00010000110100010 61192.0
runproj limit: 2.0e-2
01101001000100000 61192.0
runproj limit: 2.0e-2
10000101101000001 61192.0
runproj limit: 2.0e-2
00010000000100100 61192.0
runproj limit: 2.0e-2
01010000000100100 61192.0
runproj limit: 2.0e-2
00000000100000100 61192.0
runproj limit: 2.0e-2
00000100100100000 61192.0
runproj limit: 2.0e-2
01000000000000101 61192.0
runproj limit: 2.0e-2
00000000000101000 61192.0
runproj limit: 2.0e-2
00000000100101100 61192.0
runproj limit: 2.0e-2
01100000100100000 61192.0
best: 1.0
runproj limit: 2.0e-2
10010000100000001 61192.0
runproj limit: 2.0e-2
00000000000110100 61192.0
runproj limit: 2.0e-2
00100000100000000 61192.0
runproj limit: 2.0e-2
01000000000101000 61192.0
runproj limit: 2.0e-2
01100000000100000 61192.0
runproj limit: 2.0e-2
01000000000100100 61192.0
runproj limit: 2.0e-2
10010100100100100 61192.0
runproj limit: 2.0e-2
01100101100100000 61192.0
runproj limit: 2.0e-2
00100000100111100 61192.0
runproj limit: 2.0e-2
00110001101000001 61192.0
runproj limit: 2.0e-2
10100100100111001 61192.0
runproj limit: 2.0e-2
00010000100010110 61192.0
runproj limit: 2.0e-2
00000100100111010 61192.0
runproj limit: 2.0e-2
00000100100100000 61192.0
runproj limit: 2.0e-2
01000000000000000 61192.0
runproj limit: 2.0e-2
01000100000000000 61192.0
runproj limit: 2.0e-2
00000000000001000 61192.0
runproj limit: 2.0e-2
00000000000111000 61192.0
runproj limit: 2.0e-2
01100000000100000 61192.0
runproj limit: 2.0e-2
11110100000100100 61192.0
best: 1.0
runproj limit: 2.0e-2
00000000100111001 61192.0
runproj limit: 2.0e-2
00000000000111000 61192.0
runproj limit: 2.0e-2
10010100000101000 61192.0
runproj limit: 2.0e-2
00000000000100110 61192.0
runproj limit: 2.0e-2
00000100000010100 61192.0
runproj limit: 2.0e-2
01000000000000000 61192.0
runproj limit: 2.0e-2
00000000000000001 61192.0
runproj limit: 2.0e-2
01100001100100000 61192.0
runproj limit: 2.0e-2
00010100000110101 61192.0
runproj limit: 2.0e-2
01111111000101110 61192.0
runproj limit: 2.0e-2
00111000100111100 61192.0
runproj limit: 2.0e-2
11001000011101000 61192.0
runproj limit: 2.0e-2
01100101101101000 61352.0
runproj limit: 2.0e-2
10010000100000001 61192.0
runproj limit: 2.0e-2
00000000000110100 61192.0
runproj limit: 2.0e-2
00100000100000000 61192.0
runproj limit: 2.0e-2
01000000000101000 61192.0
runproj limit: 2.0e-2
01100000000100000 61192.0
runproj limit: 2.0e-2
01000000000100100 61192.0
runproj limit: 2.0e-2
10010100100100100 61192.0
best: 1.0
runproj limit: 2.0e-2
01100000000101000 61192.0
runproj limit: 2.0e-2
10001100000001100 61192.0
runproj limit: 2.0e-2
00010100000010100 61192.0
runproj limit: 2.0e-2
01101010000100110 61192.0
runproj limit: 2.0e-2
01010101000100110 61192.0
runproj limit: 2.0e-2
01101001000100000 61192.0
runproj limit: 2.0e-2
01001010000110110 61192.0
runproj limit: 2.0e-2
00011000000101100 61192.0
runproj limit: 2.0e-2
01001100000100000 61192.0
runproj limit: 2.0e-2
11100000000100110 61192.0
runproj limit: 2.0e-2
11100101100101000 61192.0
runproj limit: 2.0e-2
00100011000101110 61192.0
runproj limit: 2.0e-2
10111000110111111 61192.0
runproj limit: 2.0e-2
00000000100111001 61192.0
runproj limit: 2.0e-2
00000000000111000 61192.0
runproj limit: 2.0e-2
10010100000101000 61192.0
runproj limit: 2.0e-2
00000000000100110 61192.0
runproj limit: 2.0e-2
00000100000010100 61192.0
runproj limit: 2.0e-2
01000000000000000 61192.0
runproj limit: 2.0e-2
00000000000000001 61192.0
best: 1.0
runproj limit: 2.0e-2
00010100000110110 61192.0
runproj limit: 2.0e-2
00100111000100110 61192.0
runproj limit: 2.0e-2
00111011010111110 61192.0
runproj limit: 2.0e-2
11001010000001110 61192.0
runproj limit: 2.0e-2
00000100000111100 61192.0
runproj limit: 2.0e-2
00100000100111110 61192.0
runproj limit: 2.0e-2
00000000000101000 61192.0
runproj limit: 2.0e-2
11100100100000000 61192.0
runproj limit: 2.0e-2
10001001000100010 61192.0
runproj limit: 2.0e-2
11100010000101010 61192.0
runproj limit: 2.0e-2
00000100100110100 61192.0
runproj limit: 2.0e-2
11001010001100110 61192.0
runproj limit: 2.0e-2
10001100000011110 61192.0
runproj limit: 2.0e-2
01100000000101000 61192.0
runproj limit: 2.0e-2
10001100000001100 61192.0
runproj limit: 2.0e-2
00010100000010100 61192.0
runproj limit: 2.0e-2
01101010000100110 61192.0
runproj limit: 2.0e-2
01010101000100110 61192.0
runproj limit: 2.0e-2
01101001000100000 61192.0
runproj limit: 2.0e-2
01001010000110110 61192.0
best: 1.0
runproj limit: 2.0e-2
00100110000110010 61192.0
runproj limit: 2.0e-2
01001100000110110 61192.0
runproj limit: 2.0e-2
10000100000110110 61192.0
runproj limit: 2.0e-2
11000111000100110 61192.0
runproj limit: 2.0e-2
10001000000001100 61192.0
runproj limit: 2.0e-2
00010101000100110 61192.0
runproj limit: 2.0e-2
00000100000111100 61192.0
runproj limit: 2.0e-2
11101010001100000 61192.0
runproj limit: 2.0e-2
10101001000100100 61192.0
runproj limit: 2.0e-2
11000110000101111 61192.0
runproj limit: 2.0e-2
00100100100010101 61192.0
runproj limit: 2.0e-2
00011100111101101 61192.0
runproj limit: 2.0e-2
10101000010101000 61192.0
runproj limit: 2.0e-2
00010100000110110 61192.0
runproj limit: 2.0e-2
00100111000100110 61192.0
runproj limit: 2.0e-2
00111011010111110 61192.0
runproj limit: 2.0e-2
11001010000001110 61192.0
runproj limit: 2.0e-2
00000100000111100 61192.0
runproj limit: 2.0e-2
00100000100111110 61192.0
runproj limit: 2.0e-2
00000000000101000 61192.0
best: 1.0
runproj limit: 2.0e-2
11001100110101100 61192.0
runproj limit: 2.0e-2
00010000000100010 61192.0
runproj limit: 2.0e-2
00100110100010110 61192.0
runproj limit: 2.0e-2
00000100000111110 61192.0
runproj limit: 2.0e-2
11001100000111111 61192.0
runproj limit: 2.0e-2
00001000000100100 61192.0
runproj limit: 2.0e-2
00000100110110101 61192.0
runproj limit: 2.0e-2
00000111000101110 61192.0
runproj limit: 2.0e-2
00000111010000110 61192.0
runproj limit: 2.0e-2
10100101101101010 61352.0
runproj limit: 2.0e-2
00000010000111000 61192.0
runproj limit: 2.0e-2
00011011010111000 61192.0
runproj limit: 2.0e-2
01101010001001011 61192.0
runproj limit: 2.0e-2
00100110000110010 61192.0
runproj limit: 2.0e-2
01001100000110110 61192.0
runproj limit: 2.0e-2
10000100000110110 61192.0
runproj limit: 2.0e-2
11000111000100110 61192.0
runproj limit: 2.0e-2
10001000000001100 61192.0
runproj limit: 2.0e-2
00010101000100110 61192.0
runproj limit: 2.0e-2
00000100000111100 61192.0
best: 1.0
runproj limit: 2.0e-2
00001100000111100 61192.0
runproj limit: 2.0e-2
00101110000111110 61192.0
runproj limit: 2.0e-2
00000011000001110 61192.0
runproj limit: 2.0e-2
00001111000111010 61192.0
runproj limit: 2.0e-2
11100100000010111 61192.0
runproj limit: 2.0e-2
01000010000111010 61192.0
runproj limit: 2.0e-2
10000000000001100 61192.0
runproj limit: 2.0e-2
00010000000100010 61192.0
runproj limit: 2.0e-2
10000100010110001 61192.0
runproj limit: 2.0e-2
00011010000100110 61192.0
runproj limit: 2.0e-2
11000101110111110 61192.0
runproj limit: 2.0e-2
10000011111110110 61192.0
runproj limit: 2.0e-2
00000110000101101 61192.0
runproj limit: 2.0e-2
11001100110101100 61192.0
runproj limit: 2.0e-2
00010000000100010 61192.0
runproj limit: 2.0e-2
00100110100010110 61192.0
runproj limit: 2.0e-2
00000100000111110 61192.0
runproj limit: 2.0e-2
11001100000111111 61192.0
runproj limit: 2.0e-2
00001000000100100 61192.0
runproj limit: 2.0e-2
00000100110110101 61192.0
best: 1.0
runproj limit: 2.0e-2
11100000000010110 61192.0
runproj limit: 2.0e-2
10000011111110110 61192.0
runproj limit: 2.0e-2
10000001010110110 61192.0
runproj limit: 2.0e-2
00001111000111110 61192.0
runproj limit: 2.0e-2
00001100000111111 61192.0
runproj limit: 2.0e-2
10000100100010110 61192.0
runproj limit: 2.0e-2
10000010001111100 61352.0
runproj limit: 2.0e-2
01001100110100100 61192.0
runproj limit: 2.0e-2
01110110110111111 61192.0
runproj limit: 2.0e-2
00010011101101110 61352.0
runproj limit: 2.0e-2
00000010000110010 61192.0
runproj limit: 2.0e-2
00100100110100010 61192.0
runproj limit: 2.0e-2
00001111000010111 61192.0
runproj limit: 2.0e-2
00001100000111100 61192.0
runproj limit: 2.0e-2
00101110000111110 61192.0
runproj limit: 2.0e-2
00000011000001110 61192.0
runproj limit: 2.0e-2
00001111000111010 61192.0
runproj limit: 2.0e-2
11100100000010111 61192.0
runproj limit: 2.0e-2
01000010000111010 61192.0
runproj limit: 2.0e-2
10000000000001100 61192.0
best: 1.0
runproj limit: 2.0e-2
00000100000111010 61192.0
runproj limit: 2.0e-2
00001110001111100 61192.0
runproj limit: 2.0e-2
00001111011111010 61192.0
runproj limit: 2.0e-2
00000111000101110 61192.0
runproj limit: 2.0e-2
00001111000110111 61192.0
runproj limit: 2.0e-2
10000011111110110 61192.0
runproj limit: 2.0e-2
11100110110110110 61192.0
runproj limit: 2.0e-2
00001110000111111 61192.0
runproj limit: 2.0e-2
11001000100010011 61192.0
runproj limit: 2.0e-2
01111110110111110 61192.0
runproj limit: 2.0e-2
01000110000100110 61192.0
runproj limit: 2.0e-2
11100011000011110 61192.0
runproj limit: 2.0e-2
10001011011111110 61192.0
runproj limit: 2.0e-2
11100000000010110 61192.0
runproj limit: 2.0e-2
10000011111110110 61192.0
runproj limit: 2.0e-2
10000001010110110 61192.0
runproj limit: 2.0e-2
00001111000111110 61192.0
runproj limit: 2.0e-2
00001100000111111 61192.0
runproj limit: 2.0e-2
10000100100010110 61192.0
runproj limit: 2.0e-2
01001100110100100 61192.0
best: 1.0
runproj limit: 2.0e-2
00000111000111110 61192.0
runproj limit: 2.0e-2
10000111011111010 61192.0
runproj limit: 2.0e-2
00000010000011010 61192.0
runproj limit: 2.0e-2
01110110110110110 61192.0
runproj limit: 2.0e-2
00001100000101100 61192.0
runproj limit: 2.0e-2
11101000000010111 61192.0
runproj limit: 2.0e-2
11100011000011110 61192.0
runproj limit: 2.0e-2
00000101000110110 61192.0
runproj limit: 2.0e-2
10110111111110110 61192.0
runproj limit: 2.0e-2
10001101010100110 61192.0
runproj limit: 2.0e-2
11100000000010011 61192.0
runproj limit: 2.0e-2
00101011000001110 61192.0
runproj limit: 2.0e-2
00110100111111001 61192.0
runproj limit: 2.0e-2
00000100000111010 61192.0
runproj limit: 2.0e-2
00001110001111100 61192.0
runproj limit: 2.0e-2
00001111011111010 61192.0
runproj limit: 2.0e-2
00000111000101110 61192.0
runproj limit: 2.0e-2
00001111000110111 61192.0
runproj limit: 2.0e-2
10000011111110110 61192.0
runproj limit: 2.0e-2
11100110110110110 61192.0
best: 1.0
done evolving!
"all is well:)"
>>>>>>>>>>>>>>FINISH OPTIMIZATION>>>>>>>>>>>>>>>
446.81user 246.98system 33:49.64elapsed 34%CPU (0avgtext+0avgdata 108948maxresident)k
1083920inputs+1382944outputs (590major+63467749minor)pagefaults 0swaps
