Optimizing /h/ywang30/nofib/real/rsa
>>>>>>>>>>>>>>>START OPTIMIZATION>>>>>>>>>>>>>>>
pop: 13
gens: 15
arch: 7
limit is: 4.0e-2
runproj limit: 4.0e-2
"All is well :D"
Basetime is: 120608.0
runproj limit: 4.0e-2
0,01000000000000000000100000000000000000000000100 120608.0
runproj limit: 4.0e-2
0,00000000000000000000000000000000000000000000000 120608.0
runproj limit: 4.0e-2
0,00000000000100000010000010011010000000000000110 120624.0
runproj limit: 4.0e-2
0,00000000000100000010000010100000000010100100000 120624.0
runproj limit: 4.0e-2
0,00000000000000000000000001000110000000001001000 120608.0
runproj limit: 4.0e-2
0,00100000100100000000000100001000000000000000000 120624.0
runproj limit: 4.0e-2
1,10000000000000000000000000110001010100001000000 120608.0
runproj limit: 4.0e-2
0,01000000000011000000001000000000000000000000001 120608.0
runproj limit: 4.0e-2
0,00001000000000000000001000001000000000000000000 120608.0
runproj limit: 4.0e-2
0,00000000000000000000000000000000000000000000000 120608.0
runproj limit: 4.0e-2
0,00000100000000001000000000000000000010100000000 120608.0
runproj limit: 4.0e-2
0,00000000000000000000000000000000000000000000000 120608.0
runproj limit: 4.0e-2
0,00000000000000000000000000001000000000000000010 120608.0
best: 1.0
runproj limit: 4.0e-2
0,00000100000000000000000000000100000010001000000 120608.0
runproj limit: 4.0e-2
0,00000000000000000000000000000001000000000000000 120608.0
runproj limit: 4.0e-2
0,01000000000000000000000000000000000000000000000 120608.0
runproj limit: 4.0e-2
0,00000000000000000000000000001000000000000000000 120608.0
runproj limit: 4.0e-2
1,10000000000000000000000000110001000100001000000 120608.0
runproj limit: 4.0e-2
1,10001000000000000000001000011001010100000000000 120608.0
runproj limit: 4.0e-2
0,01000000000000001000000000000000000010100000000 120608.0
runproj limit: 4.0e-2
1,10000000000000000000000000010000010100001000000 120608.0
runproj limit: 4.0e-2
0,00000000000111001000000110000010000000100000010 120624.0
runproj limit: 4.0e-2
0,00000100000010010110011001000111011110001000010 120608.0
runproj limit: 4.0e-2
0,00001100110001100111100001010000000100100000110 120608.0
runproj limit: 4.0e-2
0,01100100000110000101001100010000100000000000000 120624.0
runproj limit: 4.0e-2
0,01100001001000001100000000010000001010000000010 120608.0
runproj limit: 4.0e-2
0,01000000000000000000100000000000000000000000100 120608.0
runproj limit: 4.0e-2
0,00000000000000000000000000000000000000000000000 120608.0
runproj limit: 4.0e-2
0,00000000000000000000000001000110000000001001000 120608.0
runproj limit: 4.0e-2
1,10000000000000000000000000110001010100001000000 120608.0
runproj limit: 4.0e-2
0,01000000000011000000001000000000000000000000001 120608.0
runproj limit: 4.0e-2
0,00001000000000000000001000001000000000000000000 120608.0
runproj limit: 4.0e-2
0,00000100000000001000000000000000000010100000000 120608.0
best: 1.0
runproj limit: 4.0e-2
0,00000000000000000000000000010000000110000000000 120608.0
runproj limit: 4.0e-2
0,01000000000000001000000000000000000000000000010 120608.0
runproj limit: 4.0e-2
1,10000100100000100111000001010001000100100000110 120608.0
runproj limit: 4.0e-2
0,00000000000000000000000000000000000000001000000 120608.0
runproj limit: 4.0e-2
0,01000000000000000000100000000000000000000000100 120608.0
runproj limit: 4.0e-2
0,00000000000000000000000000111000000000000000000 120608.0
runproj limit: 4.0e-2
0,00000100000001000111100001010100000000101000100 120608.0
runproj limit: 4.0e-2
0,00000000000010000100000001000111000010100000010 120608.0
runproj limit: 4.0e-2
0,00001000000000100001011001001010000000010011100 120608.0
runproj limit: 4.0e-2
0,01010000000100000100000000010001000000100000111 120624.0
runproj limit: 4.0e-2
1,11010000000101111000100000000110000010010001001 120624.0
runproj limit: 4.0e-2
0,01010100010001011101101110010000111110100001010 120608.0
runproj limit: 4.0e-2
0,01010100000001011000111001001110011011000101100 120608.0
runproj limit: 4.0e-2
0,00000100000000000000000000000100000010001000000 120608.0
runproj limit: 4.0e-2
0,00000000000000000000000000000001000000000000000 120608.0
runproj limit: 4.0e-2
0,01000000000000000000000000000000000000000000000 120608.0
runproj limit: 4.0e-2
0,00000000000000000000000000001000000000000000000 120608.0
runproj limit: 4.0e-2
1,10000000000000000000000000110001000100001000000 120608.0
runproj limit: 4.0e-2
1,10001000000000000000001000011001010100000000000 120608.0
runproj limit: 4.0e-2
0,01000000000000001000000000000000000010100000000 120608.0
best: 1.0
runproj limit: 4.0e-2
0,00000000000000100001000001001000000000010000100 120608.0
runproj limit: 4.0e-2
0,01000000000000000000000000000000000010001000000 120608.0
runproj limit: 4.0e-2
1,10000100100000000101000000010001000100000000010 120608.0
runproj limit: 4.0e-2
1,10000000000000100011000000001001000000000000010 120608.0
runproj limit: 4.0e-2
0,00000000000001000001100001001000000000000000100 120608.0
runproj limit: 4.0e-2
0,00000000000000000000000000000001000000100000000 120608.0
runproj limit: 4.0e-2
0,01001000000000000000000000000000000000010010000 120608.0
runproj limit: 4.0e-2
1,10000000000000000000000000010000000100001000000 120608.0
runproj limit: 4.0e-2
0,00000100000001000111100001110100100000101100100 120608.0
runproj limit: 4.0e-2
0,01001000000010000000010000001000001110101001000 120608.0
runproj limit: 4.0e-2
1,11100100110001111011000001010001000110100001110 120608.0
runproj limit: 4.0e-2
0,01010001000000011000011001100001000000110000010 120608.0
runproj limit: 4.0e-2
0,01000100000000001001101011011111101010100001010 120608.0
runproj limit: 4.0e-2
0,00000000000000000000000000010000000110000000000 120608.0
runproj limit: 4.0e-2
0,01000000000000001000000000000000000000000000010 120608.0
runproj limit: 4.0e-2
1,10000100100000100111000001010001000100100000110 120608.0
runproj limit: 4.0e-2
0,00000000000000000000000000000000000000001000000 120608.0
runproj limit: 4.0e-2
0,01000000000000000000100000000000000000000000100 120608.0
runproj limit: 4.0e-2
0,00000000000000000000000000111000000000000000000 120608.0
runproj limit: 4.0e-2
0,00000100000001000111100001010100000000101000100 120608.0
best: 1.0
runproj limit: 4.0e-2
0,00000100100000000101100001010001000000000000110 120608.0
runproj limit: 4.0e-2
0,01001100000000000110100000010000000000010010000 120608.0
runproj limit: 4.0e-2
1,11000100000000000001000001001000001100100001110 120608.0
runproj limit: 4.0e-2
0,00000000000001000000000001010100000000101000100 120608.0
runproj limit: 4.0e-2
0,00000000000001000101100001110100100100101100000 120608.0
runproj limit: 4.0e-2
0,01000000000000001000000000010000000000000000000 120608.0
runproj limit: 4.0e-2
0,00000000000000100000010001101000000000110000000 120608.0
runproj limit: 4.0e-2
0,01000000000000100011000000001000000000000000010 120608.0
runproj limit: 4.0e-2
0,00100010001001000010010000001010101000011000100 120608.0
runproj limit: 4.0e-2
0,00111000010000010000010000000000000010010010010 120608.0
runproj limit: 4.0e-2
0,01001001000000001000101101000000000000000000010 120608.0
runproj limit: 4.0e-2
0,00000101101100001101100010011001000100010000010 120624.0
runproj limit: 4.0e-2
0,01000000000000100101111001101000100010000010100 120608.0
runproj limit: 4.0e-2
0,00000000000000100001000001001000000000010000100 120608.0
runproj limit: 4.0e-2
0,01000000000000000000000000000000000010001000000 120608.0
runproj limit: 4.0e-2
1,10000100100000000101000000010001000100000000010 120608.0
runproj limit: 4.0e-2
1,10000000000000100011000000001001000000000000010 120608.0
runproj limit: 4.0e-2
0,00000000000001000001100001001000000000000000100 120608.0
runproj limit: 4.0e-2
0,00000000000000000000000000000001000000100000000 120608.0
runproj limit: 4.0e-2
0,01001000000000000000000000000000000000010010000 120608.0
best: 1.0
runproj limit: 4.0e-2
1,10110000000000100010000000000001000000000000010 120608.0
runproj limit: 4.0e-2
0,00000000000000100101100001110100100100100100000 120608.0
runproj limit: 4.0e-2
0,01001000000000000000000000000000000010000010000 120608.0
runproj limit: 4.0e-2
0,01000000000001000000100000010000000000000000100 120608.0
runproj limit: 4.0e-2
0,01000000000000001000000000010000000000000000000 120608.0
runproj limit: 4.0e-2
0,01000000000000100011000000010000000000000000000 120608.0
runproj limit: 4.0e-2
0,00000000100000100101000001110001000000010000110 120608.0
runproj limit: 4.0e-2
0,01000010000000001010010000010000001000011000000 120608.0
runproj limit: 4.0e-2
0,00100000000010000001010010000000000000100000001 120608.0
runproj limit: 4.0e-2
1,11111100000000000000100000001011000010011011100 120608.0
runproj limit: 4.0e-2
1,11100110101010001010010010000010001101011100110 120608.0
runproj limit: 4.0e-2
0,01010000100010110011000000011010101100000000000 120608.0
runproj limit: 4.0e-2
0,00000100000010110100010000001010110000000000100 120608.0
runproj limit: 4.0e-2
0,00000100100000000101100001010001000000000000110 120608.0
runproj limit: 4.0e-2
0,01001100000000000110100000010000000000010010000 120608.0
runproj limit: 4.0e-2
1,11000100000000000001000001001000001100100001110 120608.0
runproj limit: 4.0e-2
0,00000000000001000000000001010100000000101000100 120608.0
runproj limit: 4.0e-2
0,00000000000001000101100001110100100100101100000 120608.0
runproj limit: 4.0e-2
0,01000000000000001000000000010000000000000000000 120608.0
runproj limit: 4.0e-2
0,00000000000000100000010001101000000000110000000 120608.0
best: 1.0
runproj limit: 4.0e-2
0,00000010100010001010000000010110000001011000110 120608.0
runproj limit: 4.0e-2
0,00000000000010000100010000010010010000100000100 120608.0
runproj limit: 4.0e-2
0,00000000000001000100000000010001000000010000100 120608.0
runproj limit: 4.0e-2
0,00000000000000110011010000010010000000000000100 120608.0
runproj limit: 4.0e-2
0,00000100000000100101000001100000100100100100010 120608.0
runproj limit: 4.0e-2
0,01000100000000000001100001000000000100000000010 120608.0
runproj limit: 4.0e-2
0,00000100000000100010000000010001000000010000010 120608.0
runproj limit: 4.0e-2
0,01000000000000001000010000010000001000010000000 120608.0
runproj limit: 4.0e-2
0,00010100000010101000000001100000001001010111100 120608.0
runproj limit: 4.0e-2
0,00111111000101110101000000111010100110000101111 120624.0
runproj limit: 4.0e-2
0,00111000000010000101010110001000000000110000111 120608.0
runproj limit: 4.0e-2
1,11001000011001000000000011011000110000000011000 120608.0
runproj limit: 4.0e-2
0,01000010001001001010000101100000001110010000101 120608.0
runproj limit: 4.0e-2
1,10110000000000100010000000000001000000000000010 120608.0
runproj limit: 4.0e-2
0,00000000000000100101100001110100100100100100000 120608.0
runproj limit: 4.0e-2
0,01001000000000000000000000000000000010000010000 120608.0
runproj limit: 4.0e-2
0,01000000000001000000100000010000000000000000100 120608.0
runproj limit: 4.0e-2
0,01000000000000001000000000010000000000000000000 120608.0
runproj limit: 4.0e-2
0,01000000000000100011000000010000000000000000000 120608.0
runproj limit: 4.0e-2
0,00000000100000100101000001110001000000010000110 120608.0
best: 1.0
runproj limit: 4.0e-2
0,01000000000001000000000000010000000000000000100 120608.0
runproj limit: 4.0e-2
1,11001000001001001010000001011000011110000011000 120608.0
runproj limit: 4.0e-2
0,00010100000000100010000001000001100000100100010 120608.0
runproj limit: 4.0e-2
0,01101010000000110011000000111000000010000001110 120608.0
runproj limit: 4.0e-2
0,00000000000000100001110000010100100100100100000 120608.0
runproj limit: 4.0e-2
0,01001000000000000000010011010000110000010001000 120608.0
runproj limit: 4.0e-2
0,00001010000100110101000000111010100100000100001 120624.0
runproj limit: 4.0e-2
0,00001000000001000100000110010001000000110000110 120608.0
runproj limit: 4.0e-2
0,01001000000100000001110000100000011100011000010 120624.0
runproj limit: 4.0e-2
1,11100000000000110110110010110010000000100100101 120608.0
runproj limit: 4.0e-2
1,11100101100001000000100000100000010101011110010 120608.0
runproj limit: 4.0e-2
0,00100011000001110001011000101010000001000000011 120608.0
runproj limit: 4.0e-2
1,10111000010010011101010110101110000000110100100 120608.0
runproj limit: 4.0e-2
0,00000010100010001010000000010110000001011000110 120608.0
runproj limit: 4.0e-2
0,00000000000010000100010000010010010000100000100 120608.0
runproj limit: 4.0e-2
0,00000000000001000100000000010001000000010000100 120608.0
runproj limit: 4.0e-2
0,00000000000000110011010000010010000000000000100 120608.0
runproj limit: 4.0e-2
0,00000100000000100101000001100000100100100100010 120608.0
runproj limit: 4.0e-2
0,01000100000000000001100001000000000100000000010 120608.0
runproj limit: 4.0e-2
0,00000100000000100010000000010001000000010000010 120608.0
best: 1.0
runproj limit: 4.0e-2
0,00000100000000100001010001010000100100100100000 120608.0
runproj limit: 4.0e-2
0,00100011000000100001010000001010100101100100000 120608.0
runproj limit: 4.0e-2
0,00111011010010110001011010101010000001100100110 120608.0
runproj limit: 4.0e-2
1,11001010000001011011000000011000000010000011000 120608.0
runproj limit: 4.0e-2
0,00000100000010100101000001010010010000100000000 120608.0
runproj limit: 4.0e-2
0,00100000000011010100000010011100000000100000100 120608.0
runproj limit: 4.0e-2
0,00000000000000000100000000010010010000110000100 120608.0
runproj limit: 4.0e-2
1,11100100100000000000100000100000010101011000010 120608.0
runproj limit: 4.0e-2
1,10001001000001010100000010011010010000000000111 120608.0
runproj limit: 4.0e-2
1,11100010000001010110110010011100000000101101111 120608.0
runproj limit: 4.0e-2
0,00000100100100100010000001011100100000100000010 120624.0
runproj limit: 4.0e-2
1,10000100001010100011000110000100011000110011010 120608.0
runproj limit: 4.0e-2
1,11001000001011011100000000100000111000100111100 120608.0
runproj limit: 4.0e-2
0,01000000000001000000000000010000000000000000100 120608.0
runproj limit: 4.0e-2
1,11001000001001001010000001011000011110000011000 120608.0
runproj limit: 4.0e-2
0,00010100000000100010000001000001100000100100010 120608.0
runproj limit: 4.0e-2
0,01101010000000110011000000111000000010000001110 120608.0
runproj limit: 4.0e-2
0,00000000000000100001110000010100100100100100000 120608.0
runproj limit: 4.0e-2
0,01001000000000000000010011010000110000010001000 120608.0
runproj limit: 4.0e-2
0,00001000000001000100000110010001000000110000110 120608.0
best: 1.0
runproj limit: 4.0e-2
0,00100110000010010000000000100010010001101000010 120608.0
runproj limit: 4.0e-2
0,00001100000001000101000101010011000000110000100 120608.0
runproj limit: 4.0e-2
1,11000100000000000000010001110000100100100110000 120608.0
runproj limit: 4.0e-2
1,10000000000000100011110010000100101000100010010 120608.0
runproj limit: 4.0e-2
1,11001000000001000000000010011010011000000000100 120608.0
runproj limit: 4.0e-2
0,00000000000000100000100000010000010100110100100 120608.0
runproj limit: 4.0e-2
0,00000100000010100101000001010010010000100000000 120608.0
runproj limit: 4.0e-2
1,10001100001000000001010110000100011000010011000 120608.0
runproj limit: 4.0e-2
1,10001000000000100010001011000001101000011010101 120608.0
runproj limit: 4.0e-2
1,11000110000001111101111010001100010010101101111 120608.0
runproj limit: 4.0e-2
1,11000100100100001001110001010101010101010001011 120624.0
runproj limit: 4.0e-2
0,00011100111000101100000011110001100100000100010 120608.0
runproj limit: 4.0e-2
1,10101000010001000010110011011101010110101111011 120608.0
runproj limit: 4.0e-2
0,00000100000000100001010001010000100100100100000 120608.0
runproj limit: 4.0e-2
0,00100011000000100001010000001010100101100100000 120608.0
runproj limit: 4.0e-2
0,00111011010010110001011010101010000001100100110 120608.0
runproj limit: 4.0e-2
1,11001010000001011011000000011000000010000011000 120608.0
runproj limit: 4.0e-2
0,00000100000010100101000001010010010000100000000 120608.0
runproj limit: 4.0e-2
0,00100000000011010100000010011100000000100000100 120608.0
runproj limit: 4.0e-2
0,00000000000000000100000000010010010000110000100 120608.0
best: 1.0
runproj limit: 4.0e-2
1,11001100110000001100000011010001000110000010000 120608.0
runproj limit: 4.0e-2
0,00000000000000000101000000010010010100110000100 120608.0
runproj limit: 4.0e-2
1,11101010000001100001010010001010010101100000000 120608.0
runproj limit: 4.0e-2
0,00000100000011110100000011011100000100100000000 120608.0
runproj limit: 4.0e-2
1,11001100000001111101001111001111010000111001101 120608.0
runproj limit: 4.0e-2
0,00001000000000100000011011010001100100010100000 120608.0
runproj limit: 4.0e-2
1,10000100010000100110010011110101100100000010010 120608.0
runproj limit: 4.0e-2
0,00000011000000100101000000011010000100100100100 120608.0
runproj limit: 4.0e-2
0,00000011010100100101100000011100101101110110100 120624.0
runproj limit: 4.0e-2
1,10100101101000010101010001010010010011000101100 120608.0
runproj limit: 4.0e-2
0,00000010000011000010000001101101000000001100111 120608.0
runproj limit: 4.0e-2
0,00011011010010000100001000101100000101100101100 120608.0
runproj limit: 4.0e-2
0,00001100001101011000010110010110011010010111010 120624.0
runproj limit: 4.0e-2
0,00100110000010010000000000100010010001101000010 120608.0
runproj limit: 4.0e-2
0,00001100000001000101000101010011000000110000100 120608.0
runproj limit: 4.0e-2
1,11000100000000000000010001110000100100100110000 120608.0
runproj limit: 4.0e-2
1,10000000000000100011110010000100101000100010010 120608.0
runproj limit: 4.0e-2
1,11001000000001000000000010011010011000000000100 120608.0
runproj limit: 4.0e-2
0,00000000000000100000100000010000010100110100100 120608.0
runproj limit: 4.0e-2
0,00000100000010100101000001010010010000100000000 120608.0
best: 1.0
runproj limit: 4.0e-2
0,00001100000000000101000101010010000000100000000 120608.0
runproj limit: 4.0e-2
0,00001100000011110100000001010110010000010001000 120608.0
runproj limit: 4.0e-2
0,00000011000001100100000010011100001000010100100 120608.0
runproj limit: 4.0e-2
0,00001111000011010100000010011100000100100000100 120608.0
runproj limit: 4.0e-2
1,11101100000001101001000011001111010001110000000 120608.0
runproj limit: 4.0e-2
0,00000000000010100010000000001101010000011100110 120608.0
runproj limit: 4.0e-2
1,10000000000001000000000001111000000000000100110 120608.0
runproj limit: 4.0e-2
0,00000000000000000101000000010010010100110000100 120608.0
runproj limit: 4.0e-2
1,11000100010000111100010001100000101110011110100 120608.0
runproj limit: 4.0e-2
0,00001111000000100111100010011011011110110001111 120608.0
runproj limit: 4.0e-2
1,11000001110010100101001100010110110110101000000 120608.0
runproj limit: 4.0e-2
1,10100010101100010010001100010011000110101111010 120624.0
runproj limit: 4.0e-2
0,00000110000000101001100000101001010010101000000 120608.0
runproj limit: 4.0e-2
1,11001100110000001100000011010001000110000010000 120608.0
runproj limit: 4.0e-2
0,00000000000000000101000000010010010100110000100 120608.0
runproj limit: 4.0e-2
1,11101010000001100001010010001010010101100000000 120608.0
runproj limit: 4.0e-2
0,00000100000011110100000011011100000100100000000 120608.0
runproj limit: 4.0e-2
1,11001100000001111101001111001111010000111001101 120608.0
runproj limit: 4.0e-2
0,00001000000000100000011011010001100100010100000 120608.0
runproj limit: 4.0e-2
1,10000100010000100110010011110101100100000010010 120608.0
best: 1.0
runproj limit: 4.0e-2
1,11101000000001100101000000001110010000110000100 120608.0
runproj limit: 4.0e-2
0,00000101000010000100000000011101010100101100110 120608.0
runproj limit: 4.0e-2
1,10000001000001000000000011111100001000010100110 120608.0
runproj limit: 4.0e-2
0,00001111000011110100000010011100000100100000000 120608.0
runproj limit: 4.0e-2
0,00001100000001011101001111000111010000101001000 120608.0
runproj limit: 4.0e-2
1,11000000000011100001000100010010110100101000000 120608.0
runproj limit: 4.0e-2
0,00000000000001000100000000110000010100000000110 120608.0
runproj limit: 4.0e-2
1,11001100110000001110000011010101100100000010000 120608.0
runproj limit: 4.0e-2
0,01110110110001111000001111001111010100111100111 120608.0
runproj limit: 4.0e-2
0,00010011101101100100000010011110111010010100111 120624.0
runproj limit: 4.0e-2
0,00010010000010000001000000010011011110110010100 120608.0
runproj limit: 4.0e-2
1,11101000010111000001111011001011010100100100110 120624.0
runproj limit: 4.0e-2
0,00001111000110111110000001011110000100110000110 120624.0
runproj limit: 4.0e-2
0,00001100000000000101000101010010000000100000000 120608.0
runproj limit: 4.0e-2
0,00001100000011110100000001010110010000010001000 120608.0
runproj limit: 4.0e-2
0,00000011000001100100000010011100001000010100100 120608.0
runproj limit: 4.0e-2
0,00001111000011010100000010011100000100100000100 120608.0
runproj limit: 4.0e-2
1,11101100000001101001000011001111010001110000000 120608.0
runproj limit: 4.0e-2
0,00000000000010100010000000001101010000011100110 120608.0
runproj limit: 4.0e-2
1,10000000000001000000000001111000000000000100110 120608.0
best: 1.0
runproj limit: 4.0e-2
0,00000100000011010100000010011100010100110000100 120608.0
runproj limit: 4.0e-2
0,00001100000011000100000001010100010000010001010 120608.0
runproj limit: 4.0e-2
0,00001101000011000100000000011101000100101000100 120608.0
runproj limit: 4.0e-2
0,00000010000001100100000010010000011000000100110 120608.0
runproj limit: 4.0e-2
0,00001001000001010100000011111100001000110000100 120608.0
runproj limit: 4.0e-2
0,00000101000010000100000000011101010100101100110 120608.0
runproj limit: 4.0e-2
1,11100010110001110000001111010110010100111100000 120608.0
runproj limit: 4.0e-2
0,00000000000011001100001001001101010000001101110 120608.0
runproj limit: 4.0e-2
1,10001100000011001011011110000011010100101000001 120608.0
runproj limit: 4.0e-2
0,01111110110001110000101111001111010100111110111 120608.0
runproj limit: 4.0e-2
0,00000100000010100110001100011101110100000000111 120608.0
runproj limit: 4.0e-2
1,10100001000110000011000110011100010001100111110 120624.0
runproj limit: 4.0e-2
1,10001011011011110100011000000100001110101111100 120608.0
runproj limit: 4.0e-2
1,11101000000001100101000000001110010000110000100 120608.0
runproj limit: 4.0e-2
0,00000101000010000100000000011101010100101100110 120608.0
runproj limit: 4.0e-2
1,10000001000001000000000011111100001000010100110 120608.0
runproj limit: 4.0e-2
0,00001111000011110100000010011100000100100000000 120608.0
runproj limit: 4.0e-2
0,00001100000001011101001111000111010000101001000 120608.0
runproj limit: 4.0e-2
1,11000000000011100001000100010010110100101000000 120608.0
runproj limit: 4.0e-2
0,00000000000001000100000000110000010100000000110 120608.0
best: 1.0
runproj limit: 4.0e-2
0,00000000000011001011010010010010011000101000100 120608.0
runproj limit: 4.0e-2
0,00000101000011000100000000011101010100101000100 120608.0
runproj limit: 4.0e-2
0,00001000000011000100000000001100010100101000100 120608.0
runproj limit: 4.0e-2
0,01110010110001110000001111000110010100111110001 120608.0
runproj limit: 4.0e-2
0,00000100000001000100000010110000010100010000100 120608.0
runproj limit: 4.0e-2
1,10101000000011101001010110000110010100110000000 120608.0
runproj limit: 4.0e-2
0,00001001000001001000000010010100011000101000000 120608.0
runproj limit: 4.0e-2
0,00000101000001010001001011001101000000011000000 120608.0
runproj limit: 4.0e-2
0,00110001000010000100010010111001010100100111110 120608.0
runproj limit: 4.0e-2
1,10001101010000110000000011111100000001100000001 120608.0
runproj limit: 4.0e-2
1,10100100100011001011111111010011010110011001001 120608.0
runproj limit: 4.0e-2
0,00101011000101110110100011010000010001111000000 120624.0
runproj limit: 4.0e-2
0,00110000111000001000101110000110011100101001000 120608.0
runproj limit: 4.0e-2
0,00000100000011010100000010011100010100110000100 120608.0
runproj limit: 4.0e-2
0,00001100000011000100000001010100010000010001010 120608.0
runproj limit: 4.0e-2
0,00001101000011000100000000011101000100101000100 120608.0
runproj limit: 4.0e-2
0,00000010000001100100000010010000011000000100110 120608.0
runproj limit: 4.0e-2
0,00001001000001010100000011111100001000110000100 120608.0
runproj limit: 4.0e-2
0,00000101000010000100000000011101010100101100110 120608.0
runproj limit: 4.0e-2
1,11100010110001110000001111010110010100111100000 120608.0
best: 1.0
done evolving!
"all is well:)"
>>>>>>>>>>>>>>FINISH OPTIMIZATION>>>>>>>>>>>>>>>
546.08user 246.42system 31:50.30elapsed 41%CPU (0avgtext+0avgdata 135592maxresident)k
1139816inputs+1533496outputs (862major+71033522minor)pagefaults 0swaps
