Optimizing /h/ywang30/nofib/imaginary/tak
>>>>>>>>>>>>>>>START OPTIMIZATION>>>>>>>>>>>>>>>
pop: 13
gens: 15
arch: 7
limit is: 2.0e-2
runproj limit: 2.0e-2
"All is well :D"
Basetime is: 44312.0
runproj limit: 2.0e-2
01000000 44312.0
runproj limit: 2.0e-2
00100000 44312.0
runproj limit: 2.0e-2
00000000 44312.0
runproj limit: 2.0e-2
00000000 44312.0
runproj limit: 2.0e-2
00000000 44312.0
runproj limit: 2.0e-2
00100000 44312.0
runproj limit: 2.0e-2
10000000 44312.0
runproj limit: 2.0e-2
01000000 44312.0
runproj limit: 2.0e-2
00001000 44312.0
runproj limit: 2.0e-2
00100000 44312.0
runproj limit: 2.0e-2
00000000 44312.0
runproj limit: 2.0e-2
00001000 44312.0
runproj limit: 2.0e-2
00000000 44312.0
best: 1.0
runproj limit: 2.0e-2
00000000 44312.0
runproj limit: 2.0e-2
00000000 44312.0
runproj limit: 2.0e-2
01100000 44312.0
runproj limit: 2.0e-2
00000000 44312.0
runproj limit: 2.0e-2
10100000 44312.0
runproj limit: 2.0e-2
10001000 44312.0
runproj limit: 2.0e-2
01000000 44312.0
runproj limit: 2.0e-2
10000000 44312.0
runproj limit: 2.0e-2
00100000 44312.0
runproj limit: 2.0e-2
00000100 44312.0
runproj limit: 2.0e-2
00001100 44312.0
runproj limit: 2.0e-2
01100100 44312.0
runproj limit: 2.0e-2
01100101 44312.0
runproj limit: 2.0e-2
01000000 44312.0
runproj limit: 2.0e-2
00100000 44312.0
runproj limit: 2.0e-2
00000000 44312.0
runproj limit: 2.0e-2
10000000 44312.0
runproj limit: 2.0e-2
00001000 44312.0
best: 1.0
runproj limit: 2.0e-2
00000100 44312.0
runproj limit: 2.0e-2
00100101 44312.0
runproj limit: 2.0e-2
01000000 44312.0
runproj limit: 2.0e-2
10100000 44312.0
runproj limit: 2.0e-2
00000000 44312.0
runproj limit: 2.0e-2
00100000 44312.0
runproj limit: 2.0e-2
11100000 44312.0
runproj limit: 2.0e-2
00001000 44312.0
runproj limit: 2.0e-2
01000000 44312.0
runproj limit: 2.0e-2
00011000 44312.0
runproj limit: 2.0e-2
00011000 44312.0
runproj limit: 2.0e-2
00110000 44312.0
runproj limit: 2.0e-2
10010100 44312.0
runproj limit: 2.0e-2
00000000 44312.0
runproj limit: 2.0e-2
01100000 44312.0
runproj limit: 2.0e-2
10100000 44312.0
runproj limit: 2.0e-2
10001000 44312.0
runproj limit: 2.0e-2
01000000 44312.0
runproj limit: 2.0e-2
10000000 44312.0
runproj limit: 2.0e-2
00100000 44312.0
best: 1.0
runproj limit: 2.0e-2
00011000 44312.0
runproj limit: 2.0e-2
00100000 44312.0
runproj limit: 2.0e-2
11000000 44312.0
runproj limit: 2.0e-2
00001000 44312.0
runproj limit: 2.0e-2
01100000 44312.0
runproj limit: 2.0e-2
01100000 44312.0
runproj limit: 2.0e-2
10000000 44312.0
runproj limit: 2.0e-2
01100000 44312.0
runproj limit: 2.0e-2
11100000 44312.0
runproj limit: 2.0e-2
01001100 44312.0
runproj limit: 2.0e-2
00100000 44312.0
runproj limit: 2.0e-2
00001001 44312.0
runproj limit: 2.0e-2
00100000 44312.0
runproj limit: 2.0e-2
00000100 44312.0
runproj limit: 2.0e-2
00100101 44312.0
runproj limit: 2.0e-2
01000000 44312.0
runproj limit: 2.0e-2
10100000 44312.0
runproj limit: 2.0e-2
00000000 44312.0
runproj limit: 2.0e-2
00100000 44312.0
runproj limit: 2.0e-2
11100000 44312.0
best: 1.0
runproj limit: 2.0e-2
01100000 44312.0
runproj limit: 2.0e-2
10100000 44312.0
runproj limit: 2.0e-2
01000000 44312.0
runproj limit: 2.0e-2
11100000 44312.0
runproj limit: 2.0e-2
11100000 44312.0
runproj limit: 2.0e-2
00100000 44312.0
runproj limit: 2.0e-2
00011000 44312.0
runproj limit: 2.0e-2
00100000 44312.0
runproj limit: 2.0e-2
00111010 44312.0
runproj limit: 2.0e-2
11110000 44312.0
runproj limit: 2.0e-2
00101100 44312.0
runproj limit: 2.0e-2
01000001 44312.0
runproj limit: 2.0e-2
01011000 44312.0
runproj limit: 2.0e-2
00011000 44312.0
runproj limit: 2.0e-2
00100000 44312.0
runproj limit: 2.0e-2
11000000 44312.0
runproj limit: 2.0e-2
00001000 44312.0
runproj limit: 2.0e-2
01100000 44312.0
runproj limit: 2.0e-2
10000000 44312.0
runproj limit: 2.0e-2
11100000 44312.0
best: 1.0
runproj limit: 2.0e-2
01110000 44312.0
runproj limit: 2.0e-2
01100000 44312.0
runproj limit: 2.0e-2
10100000 44312.0
runproj limit: 2.0e-2
00100000 44312.0
runproj limit: 2.0e-2
00100000 44312.0
runproj limit: 2.0e-2
00100000 44312.0
runproj limit: 2.0e-2
01110000 44312.0
runproj limit: 2.0e-2
00100001 44312.0
runproj limit: 2.0e-2
10100000 44312.0
runproj limit: 2.0e-2
11110101 44312.0
runproj limit: 2.0e-2
11111110 44312.0
runproj limit: 2.0e-2
00110000 44312.0
runproj limit: 2.0e-2
10000100 44312.0
runproj limit: 2.0e-2
01100000 44312.0
runproj limit: 2.0e-2
10100000 44312.0
runproj limit: 2.0e-2
01000000 44312.0
runproj limit: 2.0e-2
11100000 44312.0
runproj limit: 2.0e-2
00100000 44312.0
runproj limit: 2.0e-2
00011000 44312.0
runproj limit: 2.0e-2
00111010 44312.0
best: 1.0
runproj limit: 2.0e-2
11100010 44312.0
runproj limit: 2.0e-2
10100000 44312.0
runproj limit: 2.0e-2
01110000 44312.0
runproj limit: 2.0e-2
10100000 44312.0
runproj limit: 2.0e-2
01100000 44312.0
runproj limit: 2.0e-2
11100000 44312.0
runproj limit: 2.0e-2
11100000 44312.0
runproj limit: 2.0e-2
00100001 44312.0
runproj limit: 2.0e-2
01110100 44312.0
runproj limit: 2.0e-2
01011111 44312.0
runproj limit: 2.0e-2
10111000 44312.0
runproj limit: 2.0e-2
10101000 44312.0
runproj limit: 2.0e-2
00100001 44312.0
runproj limit: 2.0e-2
01110000 44312.0
runproj limit: 2.0e-2
01100000 44312.0
runproj limit: 2.0e-2
10100000 44312.0
runproj limit: 2.0e-2
00100000 44312.0
runproj limit: 2.0e-2
00100001 44312.0
runproj limit: 2.0e-2
11110101 44312.0
runproj limit: 2.0e-2
11111110 44312.0
best: 1.0
runproj limit: 2.0e-2
00100001 44312.0
runproj limit: 2.0e-2
10101001 44312.0
runproj limit: 2.0e-2
01110000 44312.0
runproj limit: 2.0e-2
11011111 44312.0
runproj limit: 2.0e-2
01110101 44312.0
runproj limit: 2.0e-2
00101001 44312.0
runproj limit: 2.0e-2
01101010 44312.0
runproj limit: 2.0e-2
10111000 44312.0
runproj limit: 2.0e-2
11101100 44312.0
runproj limit: 2.0e-2
01000000 44312.0
runproj limit: 2.0e-2
10000101 44312.0
runproj limit: 2.0e-2
10000011 44312.0
runproj limit: 2.0e-2
00111000 44312.0
runproj limit: 2.0e-2
11100010 44312.0
runproj limit: 2.0e-2
10100000 44312.0
runproj limit: 2.0e-2
01110000 44312.0
runproj limit: 2.0e-2
01100000 44312.0
runproj limit: 2.0e-2
11100000 44312.0
runproj limit: 2.0e-2
00100001 44312.0
runproj limit: 2.0e-2
01110100 44312.0
best: 1.0
runproj limit: 2.0e-2
01110000 44312.0
runproj limit: 2.0e-2
00000111 44312.0
runproj limit: 2.0e-2
10111011 44312.0
runproj limit: 2.0e-2
11111111 44312.0
runproj limit: 2.0e-2
10100000 44312.0
runproj limit: 2.0e-2
00100001 44312.0
runproj limit: 2.0e-2
10100000 44312.0
runproj limit: 2.0e-2
10000101 44312.0
runproj limit: 2.0e-2
00101001 44312.0
runproj limit: 2.0e-2
01000010 44312.0
runproj limit: 2.0e-2
01100000 44312.0
runproj limit: 2.0e-2
11101010 44312.0
runproj limit: 2.0e-2
10101001 44312.0
runproj limit: 2.0e-2
00100001 44312.0
runproj limit: 2.0e-2
10101001 44312.0
runproj limit: 2.0e-2
01110000 44312.0
runproj limit: 2.0e-2
11011111 44312.0
runproj limit: 2.0e-2
01110101 44312.0
runproj limit: 2.0e-2
00101001 44312.0
runproj limit: 2.0e-2
01101010 44312.0
best: 1.0
runproj limit: 2.0e-2
10000111 44312.0
runproj limit: 2.0e-2
01101000 44312.0
runproj limit: 2.0e-2
10100000 44312.0
runproj limit: 2.0e-2
11100111 44312.0
runproj limit: 2.0e-2
10101001 44312.0
runproj limit: 2.0e-2
00110101 44312.0
runproj limit: 2.0e-2
10100000 44312.0
runproj limit: 2.0e-2
11101010 44312.0
runproj limit: 2.0e-2
11101001 44312.0
runproj limit: 2.0e-2
01100110 44312.0
runproj limit: 2.0e-2
01000000 44312.0
runproj limit: 2.0e-2
10111000 44312.0
runproj limit: 2.0e-2
00001000 44312.0
runproj limit: 2.0e-2
01110000 44312.0
runproj limit: 2.0e-2
00000111 44312.0
runproj limit: 2.0e-2
10111011 44312.0
runproj limit: 2.0e-2
11111111 44312.0
runproj limit: 2.0e-2
10100000 44312.0
runproj limit: 2.0e-2
00100001 44312.0
runproj limit: 2.0e-2
10000101 44312.0
best: 1.0
runproj limit: 2.0e-2
11111001 44312.0
runproj limit: 2.0e-2
00110100 44312.0
runproj limit: 2.0e-2
01000010 44312.0
runproj limit: 2.0e-2
00100001 44312.0
runproj limit: 2.0e-2
01101000 44312.0
runproj limit: 2.0e-2
01101000 44312.0
runproj limit: 2.0e-2
01100000 44312.0
runproj limit: 2.0e-2
00000111 44312.0
runproj limit: 2.0e-2
00100111 44312.0
runproj limit: 2.0e-2
00000001 44312.0
runproj limit: 2.0e-2
10100011 44312.0
runproj limit: 2.0e-2
10011011 44312.0
runproj limit: 2.0e-2
01101010 44312.0
runproj limit: 2.0e-2
10000111 44312.0
runproj limit: 2.0e-2
01101000 44312.0
runproj limit: 2.0e-2
10100000 44312.0
runproj limit: 2.0e-2
11100111 44312.0
runproj limit: 2.0e-2
10101001 44312.0
runproj limit: 2.0e-2
00110101 44312.0
runproj limit: 2.0e-2
11101010 44312.0
best: 1.0
runproj limit: 2.0e-2
11101010 44312.0
runproj limit: 2.0e-2
11101010 44312.0
runproj limit: 2.0e-2
00100011 44312.0
runproj limit: 2.0e-2
10101011 44312.0
runproj limit: 2.0e-2
01000000 44312.0
runproj limit: 2.0e-2
01100011 44312.0
runproj limit: 2.0e-2
10100001 44312.0
runproj limit: 2.0e-2
00110100 44312.0
runproj limit: 2.0e-2
10100000 44312.0
runproj limit: 2.0e-2
00111010 44312.0
runproj limit: 2.0e-2
11000101 44312.0
runproj limit: 2.0e-2
10100011 44312.0
runproj limit: 2.0e-2
11101000 44312.0
runproj limit: 2.0e-2
11111001 44312.0
runproj limit: 2.0e-2
00110100 44312.0
runproj limit: 2.0e-2
01000010 44312.0
runproj limit: 2.0e-2
00100001 44312.0
runproj limit: 2.0e-2
01101000 44312.0
runproj limit: 2.0e-2
01100000 44312.0
runproj limit: 2.0e-2
00000111 44312.0
best: 1.0
runproj limit: 2.0e-2
01000100 44312.0
runproj limit: 2.0e-2
10100011 44312.0
runproj limit: 2.0e-2
10100001 44312.0
runproj limit: 2.0e-2
00101011 44312.0
runproj limit: 2.0e-2
11101000 44312.0
runproj limit: 2.0e-2
11000100 44312.0
runproj limit: 2.0e-2
10100011 44312.0
runproj limit: 2.0e-2
01101111 44312.0
runproj limit: 2.0e-2
11010010 44312.0
runproj limit: 2.0e-2
00110011 44312.0
runproj limit: 2.0e-2
00100110 44312.0
runproj limit: 2.0e-2
01000000 44312.0
runproj limit: 2.0e-2
10101011 44312.0
runproj limit: 2.0e-2
11101010 44312.0
runproj limit: 2.0e-2
00100011 44312.0
runproj limit: 2.0e-2
10101011 44312.0
runproj limit: 2.0e-2
01000000 44312.0
runproj limit: 2.0e-2
01100011 44312.0
runproj limit: 2.0e-2
10100001 44312.0
runproj limit: 2.0e-2
00110100 44312.0
best: 1.0
runproj limit: 2.0e-2
01000000 44312.0
runproj limit: 2.0e-2
00110011 44312.0
runproj limit: 2.0e-2
00110011 44312.0
runproj limit: 2.0e-2
10101011 44312.0
runproj limit: 2.0e-2
01100010 44312.0
runproj limit: 2.0e-2
00100011 44312.0
runproj limit: 2.0e-2
11000110 44312.0
runproj limit: 2.0e-2
10101010 44312.0
runproj limit: 2.0e-2
10001000 44312.0
runproj limit: 2.0e-2
11011010 44312.0
runproj limit: 2.0e-2
10100111 44312.0
runproj limit: 2.0e-2
00000000 44312.0
runproj limit: 2.0e-2
11000100 44312.0
runproj limit: 2.0e-2
01000100 44312.0
runproj limit: 2.0e-2
10100011 44312.0
runproj limit: 2.0e-2
10100001 44312.0
runproj limit: 2.0e-2
00101011 44312.0
runproj limit: 2.0e-2
11101000 44312.0
runproj limit: 2.0e-2
11000100 44312.0
runproj limit: 2.0e-2
01101111 44312.0
best: 1.0
runproj limit: 2.0e-2
10101000 44312.0
runproj limit: 2.0e-2
00100011 44312.0
runproj limit: 2.0e-2
00110110 44312.0
runproj limit: 2.0e-2
11010110 44312.0
runproj limit: 2.0e-2
01101000 44312.0
runproj limit: 2.0e-2
00001100 44312.0
runproj limit: 2.0e-2
00000000 44312.0
runproj limit: 2.0e-2
10100001 44312.0
runproj limit: 2.0e-2
00010111 44312.0
runproj limit: 2.0e-2
10101001 44312.0
runproj limit: 2.0e-2
10100000 44312.0
runproj limit: 2.0e-2
00001111 44312.0
runproj limit: 2.0e-2
00010100 44312.0
runproj limit: 2.0e-2
01000000 44312.0
runproj limit: 2.0e-2
00110011 44312.0
runproj limit: 2.0e-2
10101011 44312.0
runproj limit: 2.0e-2
01100010 44312.0
runproj limit: 2.0e-2
00100011 44312.0
runproj limit: 2.0e-2
11000110 44312.0
runproj limit: 2.0e-2
10101010 44312.0
best: 1.0
done evolving!
"all is well:)"
>>>>>>>>>>>>>>FINISH OPTIMIZATION>>>>>>>>>>>>>>>
431.85user 243.43system 33:08.31elapsed 33%CPU (0avgtext+0avgdata 141020maxresident)k
1053448inputs+1371280outputs (586major+62786926minor)pagefaults 0swaps
