Optimizing /h/ywang30/nofib/imaginary/wheel-sieve1
>>>>>>>>>>>>>>>START OPTIMIZATION>>>>>>>>>>>>>>>
pop: 13
gens: 15
arch: 7
limit is: 0.38
runproj limit: 0.38
"All is well :D"
Basetime is: 6574336.0
runproj limit: 0.38
0100000000000000000010000000000000000 6574336.0
runproj limit: 0.38
0010000000100000000100000000001100000 6574352.0
runproj limit: 0.38
"timed out"
0000000000010000001000001001101000000 1.3148672e7
runproj limit: 0.38
"timed out"
0000000000010000001000001010000000001 1.3148672e7
runproj limit: 0.38
0000000000000000000000000100011000000 6574336.0
runproj limit: 0.38
"timed out"
0010000010010000000000010000100000000 1.3148672e7
runproj limit: 0.38
0000000000000000000000000000000000000 6574336.0
runproj limit: 0.38
0100000000001100000000100000000000000 6574336.0
runproj limit: 0.38
"timed out"
0000100000000000000000100000100000000 1.3148672e7
runproj limit: 0.38
0010000000000000000000001000000000110 6574336.0
runproj limit: 0.38
0000000000000000000000000000000000000 6574336.0
runproj limit: 0.38
0000000000000000000000000000000000000 6574336.0
runproj limit: 0.38
0000000000000000000000000000100000000 6574336.0
best: 1.0
runproj limit: 0.38
0000000000000000000000000000010000000 6574336.0
runproj limit: 0.38
0010000000100000000000000000000000000 6574336.0
runproj limit: 0.38
0110000000000000000000001000000000100 6574336.0
runproj limit: 0.38
0000000000000000000000000000100000000 6574336.0
runproj limit: 0.38
0000000000000000000000000000000000000 6574336.0
runproj limit: 0.38
0000000000000000000000000000100000000 6574336.0
runproj limit: 0.38
0100000000000000000000000000000000000 6574336.0
runproj limit: 0.38
0000000000000000000000000000000000000 6574336.0
runproj limit: 0.38
0010000000111100100100011000000100000 4468152.0
runproj limit: 0.38
"timed out"
0000010000001001011001100100011101111 1.3148672e7
runproj limit: 0.38
"timed out"
0000110011000110011110000101000000010 1.3148672e7
runproj limit: 0.38
0110010000011000010100110001000010000 4468136.0
runproj limit: 0.38
"timed out"
0110010100100000010000000001000000100 1.3148672e7
runproj limit: 0.38
0100000000000000000010000000000000000 6574336.0
runproj limit: 0.38
0000000000000000000000000100011000000 6574336.0
runproj limit: 0.38
0000000000000000000000000000000000000 6574336.0
runproj limit: 0.38
0100000000001100000000100000000000000 6574336.0
runproj limit: 0.38
0010000000000000000000001000000000110 6574336.0
runproj limit: 0.38
0000000000000000000000000000100000000 6574336.0
runproj limit: 0.38
0010000000100000000100000000001100000 6574352.0
best: 0.6796330458315486
runproj limit: 0.38
0000000000011000000100011000000100000 4468152.0
runproj limit: 0.38
0110000000010000000000000000000010100 4466912.0
runproj limit: 0.38
0100000000000100000000000000100000000 6574336.0
runproj limit: 0.38
0000000000000000000000000000011000000 6574336.0
runproj limit: 0.38
0100000000000000000010001000000000100 6574336.0
runproj limit: 0.38
0100000000000000000000100000100000000 6574336.0
runproj limit: 0.38
0000000000110100000100001000010100000 4466928.0
runproj limit: 0.38
0010010000001000010100110101011100001 6782368.0
runproj limit: 0.38
"timed out"
0000000000000010000101000100101000000 1.3148672e7
runproj limit: 0.38
0101000000010000010000000001000100000 4466928.0
runproj limit: 0.38
"timed out"
1111010000001111010110110001011010000 1.3148672e7
runproj limit: 0.38
0101010001000101110110111001000011111 6576032.0
runproj limit: 0.38
0011010000111001000101111100111101101 4468952.0
runproj limit: 0.38
0110010000011000010100110001000010000 4468136.0
runproj limit: 0.38
0010000000111100100100011000000100000 4468152.0
runproj limit: 0.38
0000000000000000000000000000010000000 6574336.0
runproj limit: 0.38
0010000000100000000000000000000000000 6574336.0
runproj limit: 0.38
0110000000000000000000001000000000100 6574336.0
runproj limit: 0.38
0000000000000000000000000000100000000 6574336.0
runproj limit: 0.38
0000000000000000000000000000000000000 6574336.0
best: 0.6794468673338265
runproj limit: 0.38
0101000000011000010100001000000100000 4466928.0
runproj limit: 0.38
0000000000000000000000000000000000000 6574336.0
runproj limit: 0.38
0010000000111100100100011000000100000 4468152.0
runproj limit: 0.38
0100010000010100010000110001000010000 4467416.0
runproj limit: 0.38
0000000000010100010100001001000100000 4466928.0
runproj limit: 0.38
0000000000011000100100011000000100000 4468152.0
runproj limit: 0.38
0000000000100000000000001000010000000 6574336.0
runproj limit: 0.38
0000000000001000000000000000000000000 6574336.0
runproj limit: 0.38
0000000000110100000100001010010110000 4466928.0
runproj limit: 0.38
"timed out"
0100100000010000000101011001100100100 1.3148672e7
runproj limit: 0.38
0011000001010101100000000001000100001 4466928.0
runproj limit: 0.38
"timed out"
0001000100000001000001100110000100001 1.3148672e7
runproj limit: 0.38
0100010000000000100110101101111110101 6574352.0
runproj limit: 0.38
0110000000010000000000000000000010100 4466912.0
runproj limit: 0.38
0000000000110100000100001000010100000 4466928.0
runproj limit: 0.38
0101000000010000010000000001000100000 4466928.0
runproj limit: 0.38
0110010000011000010100110001000010000 4468136.0
runproj limit: 0.38
0000000000011000000100011000000100000 4468152.0
runproj limit: 0.38
0010000000111100100100011000000100000 4468152.0
runproj limit: 0.38
0011010000111001000101111100111101101 4468952.0
best: 0.6794468673338265
runproj limit: 0.38
0000000000010000010000001001000100000 4466928.0
runproj limit: 0.38
0000000000111100100100011000000100000 4468152.0
runproj limit: 0.38
0110000000010000000000000000000010100 4466912.0
runproj limit: 0.38
0000010000011001010001110100110011000 4468136.0
runproj limit: 0.38
0000000000001100000100001010010010000 6574336.0
runproj limit: 0.38
0000000000111100000100001000000100000 4466928.0
runproj limit: 0.38
0101000000011000010100001001000100000 4466928.0
runproj limit: 0.38
0000010000000000000000000000000000000 6574336.0
runproj limit: 0.38
"timed out"
0111001000111110011001001100001110100 1.3148672e7
runproj limit: 0.38
0101000001111101100101011000000100001 4468952.0
runproj limit: 0.38
"timed out"
0000100100110100000110111100010100000 1.3148672e7
runproj limit: 0.38
"timed out"
1000000100000100100110000010110110000 1.3148672e7
runproj limit: 0.38
0001000000011000000111101010000110001 4466928.0
runproj limit: 0.38
0110000000010000000000000000000010100 4466912.0
runproj limit: 0.38
0101000000011000010100001000000100000 4466928.0
runproj limit: 0.38
0000000000010100010100001001000100000 4466928.0
runproj limit: 0.38
0000000000110100000100001010010110000 4466928.0
runproj limit: 0.38
0011000001010101100000000001000100001 4466928.0
runproj limit: 0.38
0000000000110100000100001000010100000 4466928.0
runproj limit: 0.38
0101000000010000010000000001000100000 4466928.0
best: 0.6794468673338265
runproj limit: 0.38
0101000000011000000100001010000100000 4466928.0
runproj limit: 0.38
0000000000111100000100001000000100000 4466928.0
runproj limit: 0.38
0101000000011000010000000001000100000 4466928.0
runproj limit: 0.38
0010000001011100100100001000000100000 4466928.0
runproj limit: 0.38
0000000000111100000100001000000100000 4466928.0
runproj limit: 0.38
0000010000111100010000111100010101000 4468152.0
runproj limit: 0.38
0001000000010000010000001001000100000 4466928.0
runproj limit: 0.38
"timed out"
0000000100111100000100001000010100000 1.3148672e7
runproj limit: 0.38
0010000000111100000001000000010000000 4466912.0
runproj limit: 0.38
1110010000010000010010000001101000001 4466912.0
runproj limit: 0.38
"timed out"
1100010010110000100100000000100110010 1.3148672e7
runproj limit: 0.38
"timed out"
0001010010001001000000000001001010110 1.3148672e7
runproj limit: 0.38
"timed out"
0000010000111111010101001000111011000 1.3148672e7
runproj limit: 0.38
0110000000010000000000000000000010100 4466912.0
runproj limit: 0.38
0000000000010000010000001001000100000 4466928.0
runproj limit: 0.38
0000000000111100000100001000000100000 4466928.0
runproj limit: 0.38
0101000000011000010100001001000100000 4466928.0
runproj limit: 0.38
0001000000011000000111101010000110001 4466928.0
runproj limit: 0.38
0101000000011000010100001000000100000 4466928.0
runproj limit: 0.38
0000000000010100010100001001000100000 4466928.0
best: 0.6794468673338265
runproj limit: 0.38
0101000000011100000100001001000100000 4466928.0
runproj limit: 0.38
0000000000011100010101001001011001000 4466912.0
runproj limit: 0.38
0001000001010100010100001001000100000 4466928.0
runproj limit: 0.38
0000000000010100010100001001000100000 4466928.0
runproj limit: 0.38
0000000000111100000100001000000100000 4466928.0
runproj limit: 0.38
0000000000010100000100001000000100000 4466928.0
runproj limit: 0.38
0100000000010000000000000001000010000 4466912.0
runproj limit: 0.38
0000000000010000010000001000000100000 4466928.0
runproj limit: 0.38
"timed out"
0111010001010010000110001111000100100 1.3148672e7
runproj limit: 0.38
"timed out"
0110111110100000011100001010000100101 1.3148672e7
runproj limit: 0.38
"timed out"
0011100000111100010001010000110000000 1.3148672e7
runproj limit: 0.38
"timed out"
1010100000111100100110000100100111000 1.3148672e7
runproj limit: 0.38
"timed out"
0000000100011000000101011111010100011 1.3148672e7
runproj limit: 0.38
0010000000111100000001000000010000000 4466912.0
runproj limit: 0.38
1110010000010000010010000001101000001 4466912.0
runproj limit: 0.38
0110000000010000000000000000000010100 4466912.0
runproj limit: 0.38
0101000000011000000100001010000100000 4466928.0
runproj limit: 0.38
0000000000111100000100001000000100000 4466928.0
runproj limit: 0.38
0101000000011000010000000001000100000 4466928.0
runproj limit: 0.38
0010000001011100100100001000000100000 4466928.0
best: 0.6794468673338265
runproj limit: 0.38
0101000000010000000100001000000100000 4466928.0
runproj limit: 0.38
0000000000110000000100001000000100000 4466928.0
runproj limit: 0.38
0000000000111100000001001000010000000 4466912.0
runproj limit: 0.38
"timed out"
0110101010110000000100001010000010001 1.3148672e7
runproj limit: 0.38
1100010000010100010010001001001000000 4466912.0
runproj limit: 0.38
0100000000010000010000000000000110000 4466928.0
runproj limit: 0.38
"timed out"
0110111010100000011000001000000000001 1.3148672e7
runproj limit: 0.38
0001000001110100000100001001000100000 4466928.0
runproj limit: 0.38
"timed out"
0000110000000100000101001110000101100 1.3148672e7
runproj limit: 0.38
1110000000010100000010000011000100000 4466928.0
runproj limit: 0.38
"timed out"
1111010110011000000100001001000101010 1.3148672e7
runproj limit: 0.38
"timed out"
0010001100010000011100101010100100000 1.3148672e7
runproj limit: 0.38
"timed out"
1011100001111101110001010010101000000 1.3148672e7
runproj limit: 0.38
0000000000011100010101001001011001000 4466912.0
runproj limit: 0.38
0100000000010000000000000001000010000 4466912.0
runproj limit: 0.38
0010000000111100000001000000010000000 4466912.0
runproj limit: 0.38
1110010000010000010010000001101000001 4466912.0
runproj limit: 0.38
0110000000010000000000000000000010100 4466912.0
runproj limit: 0.38
0101000000011100000100001001000100000 4466928.0
runproj limit: 0.38
0001000001010100010100001001000100000 4466928.0
best: 0.6794468673338265
runproj limit: 0.38
1100000000010000010000000001001010000 4466912.0
runproj limit: 0.38
1110010000010100010010000001101000001 4466912.0
runproj limit: 0.38
0110010000010000000010000001100000001 4466912.0
runproj limit: 0.38
0000000000110000000100001000000100000 4466928.0
runproj limit: 0.38
0110000000010000000000000001000010000 4466912.0
runproj limit: 0.38
0010000000111101010001000000100000000 4466912.0
runproj limit: 0.38
0110000000011000000001000001010010000 4466912.0
runproj limit: 0.38
"timed out"
1111010010011100000100001001000101010 1.3148672e7
runproj limit: 0.38
"timed out"
1100100100011101000001001001100010000 1.3148672e7
runproj limit: 0.38
"timed out"
1110001000010010000010000001111100000 1.3148672e7
runproj limit: 0.38
"timed out"
0001000010101100000001001001100100000 1.3148672e7
runproj limit: 0.38
1001000001111100010000010000010001100 4468936.0
runproj limit: 0.38
"timed out"
0000000000111001011100001111100110011 1.3148672e7
runproj limit: 0.38
0000000000111100000001001000010000000 4466912.0
runproj limit: 0.38
1100010000010100010010001001001000000 4466912.0
runproj limit: 0.38
0000000000011100010101001001011001000 4466912.0
runproj limit: 0.38
0100000000010000000000000001000010000 4466912.0
runproj limit: 0.38
0010000000111100000001000000010000000 4466912.0
runproj limit: 0.38
1110010000010000010010000001101000001 4466912.0
runproj limit: 0.38
0110000000010000000000000000000010100 4466912.0
best: 0.6794468673338265
runproj limit: 0.38
0101000001110100010010000000000001000 4466912.0
runproj limit: 0.38
0110000000010000000000000000000010100 4466912.0
runproj limit: 0.38
1100000000010000010000000001001010000 4466912.0
runproj limit: 0.38
0000000000111100010101001001011000000 4466912.0
runproj limit: 0.38
"timed out"
1100100000011100010000001001100010000 1.3148672e7
runproj limit: 0.38
0110000000111100000001000001010010000 4466912.0
runproj limit: 0.38
0110000000010000000000000001000010000 4466912.0
runproj limit: 0.38
0010000000110000000000001000011000001 4466912.0
runproj limit: 0.38
"timed out"
0010010000010010011011100000101101101 1.3148672e7
runproj limit: 0.38
"timed out"
1100011000010000101110100000111101001 1.3148672e7
runproj limit: 0.38
"timed out"
0011000010111100100100001110110000000 1.3148672e7
runproj limit: 0.38
"timed out"
0111100011111000100100001011001101010 1.3148672e7
runproj limit: 0.38
"timed out"
0100101001011101000101001101011100011 1.3148672e7
runproj limit: 0.38
1100000000010000010000000001001010000 4466912.0
runproj limit: 0.38
1110010000010100010010000001101000001 4466912.0
runproj limit: 0.38
0110010000010000000010000001100000001 4466912.0
runproj limit: 0.38
0110000000010000000000000001000010000 4466912.0
runproj limit: 0.38
0010000000111101010001000000100000000 4466912.0
runproj limit: 0.38
0110000000011000000001000001010010000 4466912.0
runproj limit: 0.38
0000000000111100000001001000010000000 4466912.0
best: 0.6794468673338265
runproj limit: 0.38
0110000000010100000000000001000010000 4466912.0
runproj limit: 0.38
1000000000011000000001001000010000000 4466912.0
runproj limit: 0.38
"timed out"
0010000010011100010010001011101000000 1.3148672e7
runproj limit: 0.38
0100000000011000000001000001010010000 4466912.0
runproj limit: 0.38
"timed out"
1100000000010000101000100000110001000 1.3148672e7
runproj limit: 0.38
1000000000011001010000000001000010000 4466912.0
runproj limit: 0.38
0010000000111100000001000001010000000 4466912.0
runproj limit: 0.38
1100010000011100000001001000111000000 4466912.0
runproj limit: 0.38
1100010001000100000001000000110000101 6574336.0
runproj limit: 0.38
"timed out"
1100000110111011000001000001000010001 1.3148672e7
runproj limit: 0.38
"timed out"
0111010001110001011010000100111100000 1.3148672e7
runproj limit: 0.38
"timed out"
0100010000010011010111001001111000011 1.3148672e7
runproj limit: 0.38
1010000000100101100100001001010000000 6574336.0
runproj limit: 0.38
0101000001110100010010000000000001000 4466912.0
runproj limit: 0.38
0110000000010000000000000000000010100 4466912.0
runproj limit: 0.38
1100000000010000010000000001001010000 4466912.0
runproj limit: 0.38
0000000000111100010101001001011000000 4466912.0
runproj limit: 0.38
0110000000111100000001000001010010000 4466912.0
runproj limit: 0.38
0110000000010000000000000001000010000 4466912.0
runproj limit: 0.38
0010000000110000000000001000011000001 4466912.0
best: 0.6794468673338265
runproj limit: 0.38
0010000000110000000000001000000000001 4466912.0
runproj limit: 0.38
0010000000110101000100001001010000001 4466912.0
runproj limit: 0.38
1110000000111100000001000001010010101 4466912.0
runproj limit: 0.38
0100000000011000010011000001000010000 4466912.0
runproj limit: 0.38
0110000000110000000000000001001000001 4466912.0
runproj limit: 0.38
0100000000011000000001001000010000000 4466912.0
runproj limit: 0.38
0101000000111100010010000001010011000 4466912.0
runproj limit: 0.38
1000000000011000000001001000010000000 4466912.0
runproj limit: 0.38
"timed out"
1100000001010011100000000000001010101 1.3148672e7
runproj limit: 0.38
"timed out"
0110111100010000011100001001101110101 1.3148672e7
runproj limit: 0.38
"timed out"
0000011011010100000001111000001011001 1.3148672e7
runproj limit: 0.38
"timed out"
1101010011001100011010110011000100011 1.3148672e7
runproj limit: 0.38
0010001000111000110010001111110100000 4466928.0
runproj limit: 0.38
0110000000010100000000000001000010000 4466912.0
runproj limit: 0.38
1000000000011000000001001000010000000 4466912.0
runproj limit: 0.38
0100000000011000000001000001010010000 4466912.0
runproj limit: 0.38
1000000000011001010000000001000010000 4466912.0
runproj limit: 0.38
0010000000111100000001000001010000000 4466912.0
runproj limit: 0.38
1100010000011100000001001000111000000 4466912.0
runproj limit: 0.38
0101000001110100010010000000000001000 4466912.0
best: 0.6794468673338265
runproj limit: 0.38
0110000000110000000000001001001000000 4466912.0
runproj limit: 0.38
0100000000011000010001001001000000000 4466912.0
runproj limit: 0.38
0100000000111100010000000001010010101 4466912.0
runproj limit: 0.38
1100000000011000010010000001000010000 4466912.0
runproj limit: 0.38
0010000000111100000001000001010000000 4466912.0
runproj limit: 0.38
0110000000010001000100001001010000000 4466912.0
runproj limit: 0.38
1100000000011100000010001000010000000 4466912.0
runproj limit: 0.38
0111000000010100010000000000000001000 4466912.0
runproj limit: 0.38
"timed out"
1001101011111100010101000001010000010 1.3148672e7
runproj limit: 0.38
"timed out"
1111000010001100000001000001011001100 1.3148672e7
runproj limit: 0.38
1001001000010000010001001000010100101 4466928.0
runproj limit: 0.38
"timed out"
0100001001000010000011100101010110000 1.3148672e7
runproj limit: 0.38
"timed out"
0100000000001110111011001101001010000 1.3148672e7
runproj limit: 0.38
0010000000110000000000001000000000001 4466912.0
runproj limit: 0.38
0010000000110101000100001001010000001 4466912.0
runproj limit: 0.38
1110000000111100000001000001010010101 4466912.0
runproj limit: 0.38
0100000000011000010011000001000010000 4466912.0
runproj limit: 0.38
0110000000110000000000000001001000001 4466912.0
runproj limit: 0.38
0100000000011000000001001000010000000 4466912.0
runproj limit: 0.38
0101000000111100010010000001010011000 4466912.0
best: 0.6794468673338265
runproj limit: 0.38
0100000000011000010011000001000000000 4466912.0
runproj limit: 0.38
0100000000010100000010001000010000001 4466912.0
runproj limit: 0.38
0100000000011000010011001001000000000 4466912.0
runproj limit: 0.38
1100000000111100000011000000010010100 4466912.0
runproj limit: 0.38
0100000000111100010011000001000010100 4466912.0
runproj limit: 0.38
0100000000011000010001001001000000000 4466912.0
runproj limit: 0.38
0110000000011000000000000001010010101 4466912.0
runproj limit: 0.38
0100000000111100000001001001010000000 4466912.0
runproj limit: 0.38
"timed out"
0010110000010011101101100000010110000 1.3148672e7
runproj limit: 0.38
"timed out"
1001001011111100110111000001010000010 1.3148672e7
runproj limit: 0.38
"timed out"
1100010000010010001010111010100110000 1.3148672e7
runproj limit: 0.38
"timed out"
1110000100001010000101010001010100000 1.3148672e7
runproj limit: 0.38
"timed out"
1100010001111010010010101000100010101 1.3148672e7
runproj limit: 0.38
0110000000110000000000001001001000000 4466912.0
runproj limit: 0.38
0100000000011000010001001001000000000 4466912.0
runproj limit: 0.38
0100000000111100010000000001010010101 4466912.0
runproj limit: 0.38
1100000000011000010010000001000010000 4466912.0
runproj limit: 0.38
0010000000111100000001000001010000000 4466912.0
runproj limit: 0.38
0110000000010001000100001001010000000 4466912.0
runproj limit: 0.38
1100000000011100000010001000010000000 4466912.0
best: 0.6794468673338265
runproj limit: 0.38
"timed out"
1100000100011010000101000000010000100 1.3148672e7
runproj limit: 0.38
0100000000011000010011001001000000000 4466912.0
runproj limit: 0.38
0100000000111000010001001001000000000 4466912.0
runproj limit: 0.38
0110000000011000010000000001000000101 4466912.0
runproj limit: 0.38
1100000000011000000011000001010000000 4466912.0
runproj limit: 0.38
"timed out"
0010100000110001100101000000001000000 1.3148672e7
runproj limit: 0.38
"timed out"
0110000000101110000011000001000000100 1.3148672e7
runproj limit: 0.38
0100000000111100010001000001010010000 4466912.0
runproj limit: 0.38
0111010000011000010000000011010000000 4466912.0
runproj limit: 0.38
0100001001010100000010000111000010010 4466912.0
runproj limit: 0.38
"timed out"
0110100010111100010001000100000010101 1.3148672e7
runproj limit: 0.38
"timed out"
1110010000000000011000000101110011010 1.3148672e7
runproj limit: 0.38
"timed out"
1011001000111111100010000100010010001 1.3148672e7
runproj limit: 0.38
0100000000011000010011000001000000000 4466912.0
runproj limit: 0.38
0100000000010100000010001000010000001 4466912.0
runproj limit: 0.38
0100000000011000010011001001000000000 4466912.0
runproj limit: 0.38
1100000000111100000011000000010010100 4466912.0
runproj limit: 0.38
0100000000111100010011000001000010100 4466912.0
runproj limit: 0.38
0100000000011000010001001001000000000 4466912.0
runproj limit: 0.38
0110000000011000000000000001010010101 4466912.0
best: 0.6794468673338265
done evolving!
"all is well:)"
>>>>>>>>>>>>>>FINISH OPTIMIZATION>>>>>>>>>>>>>>>
543.17user 235.17system 32:51.80elapsed 39%CPU (0avgtext+0avgdata 113060maxresident)k
1086176inputs+1429048outputs (354major+63822462minor)pagefaults 0swaps
