Optimizing /h/ywang30/nofib/spectral/boyer2
>>>>>>>>>>>>>>>START OPTIMIZATION>>>>>>>>>>>>>>>
pop: 15
gens: 13
arch: 7
Basetime is: 3692568.0
0100000001001100000110001001000011010100010110010110001101,0100000001001100000110001001000011010100010110010110001101000000101101001110011010111001111000000110100011110100100001,0100000001001100000110001001000011,01000000010011000001100010010000110101000101100101100011010000001011010011100110101110,0 5032768.0
1010100100110111010111010000111100010010001000001000101100,1010100100110111010111010000111100010010001000001000101100100011001010110010000000110010100100011001000010110010001000,1010100100110111010111010000111100,10101001001101110101110100001111000100100010000010001011001000110010101100100000001100,1 3611672.0
1010000010010010101001111001101110011000000011110111010111,1010000010010010101001111001101110011000000011110111010111010001000110100010110011110001001111000001010000110101000100,1010000010010010101001111001101110,10100000100100101010011110011011100110000000111101110101110100010001101000101100111100,1 4884544.0
0000100100110010011100011010010101011010011000000101000001,0000100100110010011100011010010101011010011000000101000001000111001001011011000100100011001100000001101001010100110111,0000100100110010011100011010010101,00001001001100100111000110100101010110100110000001010000010001110010010110110001001000,0 4442896.0
1000000000001000000001001110011011100101101101100110110000,1000000000001000000001001110011011100101101101100110110000010000011000010001000100001010011001101101001000000000001101,1000000000001000000001001110011011,10000000000010000000010011100110111001011011011001101100000100000110000100010001000010,1 7326800.0
1010000111110001010100010100110001001011110000001100100000,1010000111110001010100010100110001001011110000001100100000110111110000101110100110011100100000010100000000001111110001,1010000111110001010100010100110001,10100001111100010101000101001100010010111100000011001000001101111100001011101001100111,1 4943664.0
1110000010000000001010011111110111011011101011110000000101,1110000010000000001010011111110111011011101011110000000101100101000010110000000000011111010000000100011011011000100000,1110000010000000001010011111110111,11100000100000000010100111111101110110111010111100000001011001010000101100000000000111,1 4321192.0
1101100100101100000011110111000101101100100010101100111101,1101100100101100000011110111000101101100100010101100111101001111110000010010001100010111010011010110010001000111101110,1101100100101100000011110111000101,11011001001011000000111101110001011011001000101011001111010011111100000100100011000101,1 5057088.0
0000100001110010100011100110110011000011100000101111000100,0000100001110010100011100110110011000011100000101111000100000000100101100101101110100001000101001101110110011110001100,0000100001110010100011100110110011,00001000011100101000111001101100110000111000001011110001000000001001011001011011101000,0 5234112.0
0111010101000100000110101111101000111000100110010001100001,0111010101000100000110101111101000111000100110010001100001000110010001000001111000101010111001010010101000110000000000,0111010101000100000110101111101000,01110101010001000001101011111010001110001001100100011000010001100100010000011110001010,0 3811888.0
1110110010000000110011101101001010001010000001110110000110,1110110010000000110011101101001010001010000001110110000110001011011000010100111000111110101010110100011001001001000011,1110110010000000110011101101001010,11101100100000001100111011010010100010100000011101100001100010110110000101001110001111,1 6636856.0
1011111000001000000001011010110100011100011001000000000101,1011111000001000000001011010110100011100011001000000000101001000010001001010000011011101100000100000111011111110000000,1011111000001000000001011010110100,10111110000010000000010110101101000111000110010000000001010010000100010010100000110111,1 4800008.0
0000111000001000010100001010101100010100100011101000000101,0000111000001000010100001010101100010100100011101000000101001111010111000011111110011001000100010100101110001100000000,0000111000001000010100001010101100,00001110000010000101000010101011000101001000111010000001010011110101110000111111100110,0 4310328.0
1101001000001001100000100010010101000010000010010101100100,1101001000001001100000100010010101000010000010010101100100110110000111000101001010001010000100001101000100100000010111,1101001000001001100000100010010101,11010010000010011000001000100101010000100000100101011001001101100001110001010010100010,1 3562272.0
0011000001100110110101111010110100110000001001000011100010,0011000001100110110101111010110100110000001001000011100010110011000100100001000001100010010110010010001100000101111101,0011000001100110110101111010110100,00110000011001101101011110101101001100000010010000111000101100110001001000010000011000,0 4442808.0
best: 0.9647139876638697
1100100000001000011100001011110110011101101011101000000101,1100100000001000011100001011110110011101101011101000000101000101010010100011111010011111000100010100011011011100000000,1100100000001000011100001011110110,11001000000010000111000010111101100111011010111010000001010001010100101000111110100111,1 4394832.0
1010111011101000010100011110110001001001100010001000100100,1010111011101000010100011110110001001001100010001000100100100111010000000111100110011001000100010100001110001110110001,1010111011101000010100011110110001,10101110111010000101000111101100010010011000100010001001001001110100000001111001100110,1 4720488.0
0000111001000010110110101110100000010110100001101110000100,0000111001000010110110101110100000010110100001101110000100001101110111100111111110101001000100011101110110001110000100,0000111001000010110110101110100000,00001110010000101101101011101000000101101000011011100001000011011101111001111111101010,0 6491880.0
1010100100110111010111010000111100010010001000001000101100,1010100100110111010111010000111100010010001000001000101100100011001010110010000000110010100100011001000010110010001000,1010100100110111010111010000111100,10101001001101110101110100001111000100100010000010001011001000110010101100100000001100,1 3611672.0
1011000000010010100101111111101000011000000111010011000101,1011000000010010100101111111101000011000000111010011000101000110000100100000111010111001111111010010101000110101000000,1011000000010010100101111111101000,10110000000100101001011111111010000110000001110100110001010001100001001000001110101110,1 4391176.0
1010000010000000011000011100110111011011111011101000100101,1010000010000000011000011100110111011011111011101000100101110101110000101100000010011111100000000100001011011100100000,1010000010000000011000011100110111,10100000100000000110000111001101110110111110111010001001011101011100001011000000100111,1 5212712.0
1000100100111001010111000000111100010010100000101000000100,1000100100111001010111000000111100010010100000101000000100000011011010010011100110111010000100011100101010110000000000,1000100100111001010111000000111100,10001001001110010101110000001111000100101000001010000001000000110110100100111001101110,1 4481808.0
1111111000001000100001111010110101010000011011000100000101,1111111000001000100001111010110101010000011011000100000101010010010111000101000010011001100000001001110100110110000011,1111111000001000100001111010110101,11111110000010001000011110101101010100000110110001000001010100100101110001010000100110,1 4690504.0
0111001001001101000100100010101001000000100010010001100001,0111001001001101000100100010101001000000100010010001100001110110000111000001111010001010101101000111101000110000000101,0111001001001101000100100010101001,01110010010011010001001000101010010000001000100100011000011101100001110000011110100010,0 3620232.0
1001111011001111111100100111010101010000000011010101000000,1001111011001111111100100111010101010000000011010101000000010110000111100111001010100000000000101000100000000000010111,1001111011001111111100100111010101,10011110110011111111001001110101010100000000110101010000000101100001111001110010101000,1 3655960.0
1110010000011010111101011000001100011000000011111010000110,1110010000011010111101011000001100011000000011111010000110010111000110110010111011010101001010000011110000001001000001,1110010000011010111101011000001100,11100100000110101111010110000011000110000000111110100001100101110001101100101110110101,1 3799584.0
0001000001100100010110101110101000011010100111001110010001,0001000001100100010110101110101000011010100111001110010001000110010001010001111000101011111100101011001001110000001000,0001000001100100010110101110101000,00010000011001000101101011101010000110101001110011100100010001100100010100011110001010,0 5506704.0
0011011001100110111111101011001000010100101001000011110010,0011011001100110111111101011001000010100101001000011110010110011000100100001001001100010010100100011000101001101111100,0011011001100110111111101011001000,00110110011001101111111010110010000101001010010000111100101100110001001000010010011000,0 4841512.0
0001101001011010110111100110101011000011110001100010000100,0001101001011010110111100110101011000011110001100010000100000010100001110110101100100111000001011000011101001110001000,0001101001011010110111100110101011,00011010010110101101111001101010110000111100011000100001000000101000011101101011001001,0 4224672.0
0001111001000000000001011110011110011100001001100010100100,0001111001000000000001011110011110011100001001100010100100011010010100100011010011111101100010100100011101111110000100,0001111001000000000001011110011110,00011110010000000000010111100111100111000010011000101001000110100101001000110100111111,0 6204744.0
1101001000001001100000100010010101000010000010010101100100,1101001000001001100000100010010101000010000010010101100100110110000111000101001010001010000100001101000100100000010111,1101001000001001100000100010010101,11010010000010011000001000100101010000100000100101011001001101100001110001010010100010,1 3562272.0
1010100100110111010111010000111100010010001000001000101100,1010100100110111010111010000111100010010001000001000101100100011001010110010000000110010100100011001000010110010001000,1010100100110111010111010000111100,10101001001101110101110100001111000100100010000010001011001000110010101100100000001100,1 3611672.0
0111010101000100000110101111101000111000100110010001100001,0111010101000100000110101111101000111000100110010001100001000110010001000001111000101010111001010010101000110000000000,0111010101000100000110101111101000,01110101010001000001101011111010001110001001100100011000010001100100010000011110001010,0 3811888.0
0000111000001000010100001010101100010100100011101000000101,0000111000001000010100001010101100010100100011101000000101001111010111000011111110011001000100010100101110001100000000,0000111000001000010100001010101100,00001110000010000101000010101011000101001000111010000001010011110101110000111111100110,0 4310328.0
1110000010000000001010011111110111011011101011110000000101,1110000010000000001010011111110111011011101011110000000101100101000010110000000000011111010000000100011011011000100000,1110000010000000001010011111110111,11100000100000000010100111111101110110111010111100000001011001010000101100000000000111,1 4321192.0
0011000001100110110101111010110100110000001001000011100010,0011000001100110110101111010110100110000001001000011100010110011000100100001000001100010010110010010001100000101111101,0011000001100110110101111010110100,00110000011001101101011110101101001100000010010000111000101100110001001000010000011000,0 4442808.0
0000100100110010011100011010010101011010011000000101000001,0000100100110010011100011010010101011010011000000101000001000111001001011011000100100011001100000001101001010100110111,0000100100110010011100011010010101,00001001001100100111000110100101010110100110000001010000010001110010010110110001001000,0 4442896.0
best: 0.9647139876638697
1010010000010110010101010000111100011010000011001000001110,1010010000010110010101010000111100011010000011001000001110100111000110110010100011110010001100011001100010100011001001,1010010000010110010101010000111100,10100100000101100101010100001111000110100000110010000011101001110001101100101000111100,1 3653072.0
1110111100110101110001110010111100010000011010001000100100,1110111100110101110001110010111100010000011010001000100100010010010011110011000010110011100100011001010100110110001000,1110111100110101110001110010111100,11101111001101011100011100101111000100000110100010001001000100100100111100110000101100,1 4650904.0
1010100100110111010111010000111100010010001000001000101100,1010100100110111010111010000111100010010001000001000101100100011001010110010000000110010100100011001000010110010001000,1010100100110111010111010000111100,10101001001101110101110100001111000100100010000010001011001000110010101100100000001100,1 3611672.0
1101111000001000100100001010010100010100100010001000000101,1101111000001000100100001010010100010100100010001000000101000110000111000101111110001011000100000101100100100000010101,1101111000001000100100001010010100,11011110000010001001000010100101000101001000100010000001010001100001110001011111100010,1 3539104.0
0011000101000100010110101110101000011010100110010110100001,0011000101000100010110101110101000011010100110010110100001000110010001010001111000101011111001000011001000110000001000,0011000101000100010110101110101000,00110001010001000101101011101010000110101001100101101000010001100100010100011110001010,0 5506704.0
0110101100110111010101000000101101010010100010011000101101,0110101100110111010101000000101101010010100010011000101101100110001110010010010000111010100101001001101000110000000101,0110101100110111010101000000101101,01101011001101110101010000001011010100101000100110001011011001100011100100100100001110,0 3814848.0
1110010001001010110101110010001101011000100011011000000011,1110010001001010110101110010001101011000100011011000000011110110000110110000111011000110101011000011100000011001000001,1110010001001010110101110010001101,11100100010010101101011100100011010110001000110110000000111101100001101100001110110001,1 3610016.0
0101100000011010110110100011101111001001111011101000000101,0101100000011010110110100011101111001001111011101000000101000010000011110011101000110111000100011000011101011100001000,0101100000011010110110100011101111,01011000000110101101101000111011110010011110111010000001010000100000111100111010001101,0 4213192.0
0011001000001001010100000010101100010000100010011000100001,0011001000001001010100000010101100010000100010011000100001111111010111000001111010001010101100010101101110111100000101,0011001000001001010100000010101100,00110010000010010101000000101011000100001000100110001000011111110101110000011110100010,0 4066416.0
0010000000000101100111111111110000011011000011110111100010,0010000000000101100111111111110000011011000011110111100010001100101110110000111100100011011110010110100000000100001010,0010000000000101100111111111110000,00100000000001011001111111111100000110110000111101111000100011001011101100001111001000,0 6098448.0
0100010100011001100100100111101001000010100011010101110011,0100010100011001100100100111101001000010100011010101110011000010010001101001111000011110111001100101100001100100000010,0100010100011001100100100111101001,01000101000110011001001001111010010000101000110101011100110000100100011010011110000111,0 4000904.0
1000101011001010011101000011101100111100010111010101100010,1000101011001010011101000011101100111100010111010101100010010111000010100001010011100000010000001010010101100001010011,1000101011001010011101000011101100,10001010110010100111010000111011001111000101110101011000100101110000101000010100111000,1 4101456.0
1111000100111111010101010001110100110011101000001001101110,1111000100111111010101010001110100110011101000001001101110101111001010110011111000100110101001111000000001110111101010,1111000100111111010101010001110100,11110001001111110101010100011101001100111010000010011011101011110010101100111110001001,1 3168096.0
0111010001000000000111101011000010111000100100100111111011,0111010001000000000111101011000010111000100100100111111011000110010101100001101010101011001001010010101100111000100000,0111010001000000000111101011000010,01110100010000000001111010110000101110001001001001111110110001100101011000011010101010,0 5260080.0
0111111010001000011110001011110010011001100010101000010101,0111111010001000011110001011110010011001100010101000010101001101111000000011111110011111101110010000000111011100000100,0111111010001000011110001011110010,01111110100010000111100010111100100110011000101010000101010011011110000000111111100111,0 4185688.0
1101001000001001100000100010010101000010000010010101100100,1101001000001001100000100010010101000010000010010101100100110110000111000101001010001010000100001101000100100000010111,1101001000001001100000100010010101,11010010000010011000001000100101010000100000100101011001001101100001110001010010100010,1 3562272.0
1010100100110111010111010000111100010010001000001000101100,1010100100110111010111010000111100010010001000001000101100100011001010110010000000110010100100011001000010110010001000,1010100100110111010111010000111100,10101001001101110101110100001111000100100010000010001011001000110010101100100000001100,1 3611672.0
0111001001001101000100100010101001000000100010010001100001,0111001001001101000100100010101001000000100010010001100001110110000111000001111010001010101101000111101000110000000101,0111001001001101000100100010101001,01110010010011010001001000101010010000001000100100011000011101100001110000011110100010,0 3620232.0
1001111011001111111100100111010101010000000011010101000000,1001111011001111111100100111010101010000000011010101000000010110000111100111001010100000000000101000100000000000010111,1001111011001111111100100111010101,10011110110011111111001001110101010100000000110101010000000101100001111001110010101000,1 3655960.0
1110010000011010111101011000001100011000000011111010000110,1110010000011010111101011000001100011000000011111010000110010111000110110010111011010101001010000011110000001001000001,1110010000011010111101011000001100,11100100000110101111010110000011000110000000111110100001100101110001101100101110110101,1 3799584.0
0111010101000100000110101111101000111000100110010001100001,0111010101000100000110101111101000111000100110010001100001000110010001000001111000101010111001010010101000110000000000,0111010101000100000110101111101000,01110101010001000001101011111010001110001001100100011000010001100100010000011110001010,0 3811888.0
0001101001011010110111100110101011000011110001100010000100,0001101001011010110111100110101011000011110001100010000100000010100001110110101100100111000001011000011101001110001000,0001101001011010110111100110101011,00011010010110101101111001101010110000111100011000100001000000101000011101101011001001,0 4224672.0
best: 0.8579655134313031
1110000000111010010101011000111100011010001011111000001100,1110000000111010010101011000111100011010001011111000001100010011000110110010000010010110101110001011010000000010001001,1110000000111010010101011000111100,11100000001110100101010110001111000110100010111110000011000100110001101100100000100101,1 3763760.0
1010100001001010011101000010001100111100000011111100000010,1010100001001010011101000010001100111100000011111100000010010111000010110001111011100001000000000010010101101001010001,1010100001001010011101000010001100,10101000010010100111010000100011001111000000111111000000100101110000101100011110111000,1 3735216.0
0111010000000101000110100110101000011000100110010001100001,0111010000000101000110100110101000011000100110010001100001110111010101000001111010001010111001010111101000110100000100,0111010000000101000110100110101000,01110100000001010001101001101010000110001001100100011000011101110101010000011110100010,0 3959056.0
1010100000110111010101010000111100010010001000001000101110,1010100000110111010101010000111100010010001000001000101110100011000110110010100001110010100100011001100010110011001001,1010100000110111010101010000111100,10101000001101110101010100001111000100100010000010001011101000110001101100101000011100,1 3611672.0
1010100100110111010111010000111100010010001000001000101100,1010100100110111010111010000111100010010001000001000101100100011001010110010000000110010100100011001000010110010001000,1010100100110111010111010000111100,10101001001101110101110100001111000100100010000010001011001000110010101100100000001100,1 3611672.0
1110110000111111010101011000101100010010001010001000000110,1110110000111111010101011000101100010010001010001000000110110111000110110010000001010011101000001001110010100011000000,1110110000111111010101011000101100,11101100001111110101010110001011000100100010100010000001101101110001101100100000010100,1 3730376.0
1011111011001100011110001111010101010001000010110000010101,1011111011001100011110001111010101010001000010110000010101011110000001000011111110111011001100000000000111001000010101,1011111011001100011110001111010101,10111110110011000111100011110101010100010000101100000101010111100000010000111111101110,1 3695088.0
0110110010001000111100001000001110011001100011101010000101,0110110010001000111100001000001110011001100011101010000101011101000110100010111110010101101110000011010011001000000000,0110110010001000111100001000001110,01101100100010001111000010000011100110011000111010100001010111010001101000101111100101,0 3804056.0
1000010000011101100101100100101101001010000011010000101011,1000010000011101100101100100101101001010000011010000101011100110000010111001100010110010101001001001100001100001001000,1000010000011101100101100100101101,10000100000111011001011001001011010010100000110100001010111001100000101110011000101100,1 3731496.0
0010010101011100010100100111101001001010100111011100011010,0010010101011100010100100111101001001010100111011100011010000011010010111001010010010011111001100111100101000100100110,0010010101011100010100100111101001,00100101010111000101001001111010010010101001110111000110100000110100101110010100100100,0 5105136.0
1000111111001110111101000001010001011001000010010100000000,1000111111001110111101000001010001011001000010010100000000000111000111100010000110100000010001101001101101001010000111,1000111111001110111101000001010001,10001111110011101111010000010100010110010000100101000000000001110001111000100001101000,1 4031400.0
1111010001011111101101001100110001001000000011111010000010,1111010001011111101101001100110001001000000011111010000010010101110110110010111111010001101010000010110100111001110001,1111010001011111101101001100110001,11110100010111111011010011001100010010000000111110100000100101011101101100101111110100,1 4602272.0
1101001101001000011110000010010001100010001001010011100101,1101001101001000011110000010010001100010001001010011100101111110100011000100110110001110000101001000100000101000001001,1101001101001000011110000010010001,11010011010010000111100000100100011000100010010100111001011111101000110001001101100011,1 5066080.0
1111001101001010001101100100000001110000110010010000100001,1111001101001010001101100100000001110000110010010000100001100010100111100001110010100100101001110101111000111000000001,1111001101001010001101100100000001,11110011010010100011011001000000011100001100100100001000011000101001111000011100101001,1 3736840.0
0100101001010110110110110011101110001100010011101000000100,0100101001010110110110110011101110001100010011101000000100000110001100100010111001110101110100011010111101011100001000,0100101001010110110110110011101110,01001010010101101101101100111011100011000100111010000001000001100011001000101110011101,0 3614984.0
1111000100111111010101010001110100110011101000001001101110,1111000100111111010101010001110100110011101000001001101110101111001010110011111000100110101001111000000001110111101010,1111000100111111010101010001110100,11110001001111110101010100011101001100111010000010011011101011110010101100111110001001,1 3168096.0
1101111000001000100100001010010100010100100010001000000101,1101111000001000100100001010010100010100100010001000000101000110000111000101111110001011000100000101100100100000010101,1101111000001000100100001010010100,11011110000010001001000010100101000101001000100010000001010001100001110001011111100010,1 3539104.0
1101001000001001100000100010010101000010000010010101100100,1101001000001001100000100010010101000010000010010101100100110110000111000101001010001010000100001101000100100000010111,1101001000001001100000100010010101,11010010000010011000001000100101010000100000100101011001001101100001110001010010100010,1 3562272.0
1110010001001010110101110010001101011000100011011000000011,1110010001001010110101110010001101011000100011011000000011110110000110110000111011000110101011000011100000011001000001,1110010001001010110101110010001101,11100100010010101101011100100011010110001000110110000000111101100001101100001110110001,1 3610016.0
1010100100110111010111010000111100010010001000001000101100,1010100100110111010111010000111100010010001000001000101100100011001010110010000000110010100100011001000010110010001000,1010100100110111010111010000111100,10101001001101110101110100001111000100100010000010001011001000110010101100100000001100,1 3611672.0
0111001001001101000100100010101001000000100010010001100001,0111001001001101000100100010101001000000100010010001100001110110000111000001111010001010101101000111101000110000000101,0111001001001101000100100010101001,01110010010011010001001000101010010000001000100100011000011101100001110000011110100010,0 3620232.0
1010010000010110010101010000111100011010000011001000001110,1010010000010110010101010000111100011010000011001000001110100111000110110010100011110010001100011001100010100011001001,1010010000010110010101010000111100,10100100000101100101010100001111000110100000110010000011101001110001101100101000111100,1 3653072.0
best: 0.8579655134313031
1010110000001110010101110000111101011010100010001000101111,1010110000001110010101110000111101011010100010001000101111110010000110110000111001000110100000010011100000010011000001,1010110000001110010101110000111101,10101100000011100101011100001111010110101000100010001011111100100001101100001110010001,1 3492488.0
1010000000111111010101011000111100010010001011111000001100,1010000000111111010101011000111100010010001011111000001100000011001110110010000010010010101110011011010000010010001000,1010000000111111010101011000111100,10100000001111110101010110001111000100100010111110000011000000110011101100100000100100,1 3722360.0
0010110010110111010100011000101100011001001010101010001101,0010110010110111010100011000101100011001001010101010001101101101000110100010110111110000101100010001000011110001001001,0010110010110111010100011000101100,00101100101101110101000110001011000110010010101010100011011011010001101000101101111100,0 5059768.0
0110110000001010110101000000111110011010000011101000001100,0110110000001010110101000000111110011010000011101000001100011111000110110010110011010111001110011001000010100001000001,0110110000001010110101000000111110,01101100000010101101010000001111100110100000111010000011000111110001101100101100110101,0 3665152.0
0100001001011100100100100010101101000000100010100001000001,0100001001011100100100100010101101000000100010100001000001000110000101000000111010010111111100000010111000011100000100,0100001001011100100100100010101101,01000010010111001001001000101011010000001000101000010000010001100001010000001110100101,0 3830520.0
0111011000001001000100000010111101000100100010011000000101,0111011000001001000100000010111101000100100010011000000101110110000111000101111010001011100100000111101000100000000101,0111011000001001000100000010111101,01110110000010010001000000101111010001001000100110000001011101100001110001011110100010,0 3499752.0
1100001001011110110100110010001101001000010011001000000110,1100001001011110110100110010001101001000010011001000000110100110001100110010111001010101110000010010110101011001001000,1100001001011110110100110010001101,11000010010111101101001100100011010010000100110010000001101001100011001100101110010101,1 3614336.0
1010100100110111010101010000110100010011101000001000101100,1010100100110111010101010000110100010011101000001000101100100011001010110010100000100110100100011001000001110110101010,1010100100110111010101010000110100,10101001001101110101010100001101000100111010000010001011001000110010101100101000001001,1 3611672.0
0010110000000111010101001000101110010010100001101000101110,0010110000000111010101001000101110010010100001101000101110010001000110110010101011010001101100010001100010101011000001,0010110000000111010101001000101110,00101100000001110101010010001011100100101000011010001011100100010001101100101010110100,0 3458336.0
1010000000110111010101100100111100010010001000001001111100,1010000000110111010101100100111100010010001000001001111100100101100110110000000000010111100100111101001011100000101010,1010000000110111010101100100111100,10100000001101110101011001001111000100100010000010011111001001011001101100000000000101,1 3611664.0
0010100000000111110101011000011100010011001000001110101101,0010100000000111110101011000011100010011001000001110101101100001001010101010001010110100100100010001110000100011111100,0010100000000111110101011000011100,00101000000001111101010110000111000100110010000011101011011000010010101010100010101101,0 6226672.0
1100111111001110101110100011010011010000001010010111010010,1100111111001110101110100011010011010000001010010111010010010111000111100000001101100001010011001001101011011001010111,1100111111001110101110100011010011,11001111110011101011101000110100110100000010100101110100100101110001111000000011011000,1 6135920.0
0110000001100110110111000010011111011101100100010000110000,0110000001100110110111000010011111011101100100010000110000001010010110111110111010000110100001000011100010011100000001,0110000001100110110111000010011111,01100000011001101101110000100111110111011001000100001100000010100101101111101110100001,0 4597584.0
1110010000001110111111111110000001101000100011000000101011,1110010000001110111111111110000001101000100011000000101011110111000110111000111111100010001010010111100101011001000110,1110010000001110111111111110000001,11100100000011101111111111100000011010001000110000001010111101110001101110001111111000,1 3324848.0
0110011011101011110100101011101100011000110010111000000111,0110011011101011110100101011101100011000110010111000000111111110010111110001001011011110100110000010100101111001100001,0110011011101011110100101011101100,01100110111010111101001010111011000110001100101110000001111111100101111100010010110111,0 4062408.0
1111000100111111010101010001110100110011101000001001101110,1111000100111111010101010001110100110011101000001001101110101111001010110011111000100110101001111000000001110111101010,1111000100111111010101010001110100,11110001001111110101010100011101001100111010000010011011101011110010101100111110001001,1 3168096.0
1101111000001000100100001010010100010100100010001000000101,1101111000001000100100001010010100010100100010001000000101000110000111000101111110001011000100000101100100100000010101,1101111000001000100100001010010100,11011110000010001001000010100101000101001000100010000001010001100001110001011111100010,1 3539104.0
1101001000001001100000100010010101000010000010010101100100,1101001000001001100000100010010101000010000010010101100100110110000111000101001010001010000100001101000100100000010111,1101001000001001100000100010010101,11010010000010011000001000100101010000100000100101011001001101100001110001010010100010,1 3562272.0
1110010001001010110101110010001101011000100011011000000011,1110010001001010110101110010001101011000100011011000000011110110000110110000111011000110101011000011100000011001000001,1110010001001010110101110010001101,11100100010010101101011100100011010110001000110110000000111101100001101100001110110001,1 3610016.0
1010100000110111010101010000111100010010001000001000101110,1010100000110111010101010000111100010010001000001000101110100011000110110010100001110010100100011001100010110011001001,1010100000110111010101010000111100,10101000001101110101010100001111000100100010000010001011101000110001101100101000011100,1 3611672.0
1010100100110111010111010000111100010010001000001000101100,1010100100110111010111010000111100010010001000001000101100100011001010110010000000110010100100011001000010110010001000,1010100100110111010111010000111100,10101001001101110101110100001111000100100010000010001011001000110010101100100000001100,1 3611672.0
0100101001010110110110110011101110001100010011101000000100,0100101001010110110110110011101110001100010011101000000100000110001100100010111001110101110100011010111101011100001000,0100101001010110110110110011101110,01001010010101101101101100111011100011000100111010000001000001100011001000101110011101,0 3614984.0
best: 0.8579655134313031
1100111100001110101110001011010000010100100010011011010110,1100111100001110101110001011010000010100100010011011010110000110000111000001001111001001010100000101100110011000010101,1100111100001110101110001011010000,11001111000011101011100010110100000101001000100110110101100001100001110000010011110010,1 4000592.0
1001001000110101100001100010110101010010000010000101100100,1001001000110101100001100010110101010010000010000101100100100110100111000001001010000011000100111101001000100000110110,1001001000110101100001100010110101,10010010001101011000011000101101010100100000100001011001001001101001110000010010100000,1 3564040.0
1110000100111111010101010001110100110010001000001001111110,1110000100111111010101010001110100110010001000001001111110101111101010110001001000010111100001111100000011110101101010,1110000100111111010101010001110100,11100001001111110101010100011101001100100010000010011111101011111010101100010010000101,1 3167464.0
1110010000001110110111111110010001001010000011001000101101,1110010000001110110111111110010001001010000011001000101101011111000110111010110011010010001110011001000000110001000110,1110010000001110110111111110010001,11100100000011101101111111100100010010100000110010001011010111110001101110101100110100,1 3665120.0
0111011000001001000100000010111101000100100010011000000101,0111011000001001000100000010111101000100100010011000000101110110000111000101111010001011100100000111101000100000000101,0111011000001001000100000010111101,01110110000010010001000000101111010001001000100110000001011101100001110001011110100010,0 3499752.0
1010100000001011110101000000111100011010001010101000101110,1010100000001011110101000000111100011010001010101000101110111111000110110010100011110011001110011001000010100011000001,1010100000001011110101000000111100,10101000000010111101010000001111000110100010101010001011101111110001101100101000111100,1 3624408.0
1010110000001110010101110000111101011010100010001000101111,1010110000001110010101110000111101011010100010001000101111110010000110110000111001000110100000010011100000010011000001,1010110000001110010101110000111101,10101100000011100101011100001111010110101000100010001011111100100001101100001110010001,1 3492488.0
1101001000001101101010100011010001000010000010010101000110,1101001000001101101010100011010001000010000010010101000110010110000111000100001010100010010101001001000001000001010111,1101001000001101101010100011010001,11010010000011011010101000110100010000100000100101010001100101100001110001000010101000,1 3681600.0
0111011000001011000101001010100101000100100010011000001001,0111011000001011000101001010100101000100100010011000001001110111000110000001111011001010000110000111101000101000000111,0111011000001011000101001010100101,01110110000010110001010010101001010001001000100110000010011101110001100000011110110010,0 3699360.0
0110100010000010110101111000011111001110110011011001101101,0110100010000010110101111000011111001110110011011001101101001100011100100100111001100110100000010111011000000111000001,0110100010000010110101111000011111,01101000100000101101011110000111110011101100110110011011010011000111001001001110011001,0 4599856.0
1110000110110110010101010000111110000011101001001001101101,1110000110110110010101010000111110000011101001001001101101111011011110111001111001100110011111111111000111110101101010,1110000110110110010101010000111110,11100001101101100101010100001111100000111010010010011011011110110111101110011110011001,1 4394360.0
0111001000000010010101000010010010000110100000001101001001,0111001000000010010101000010010010000110100000001101001001110011001110100001011010101001100101010110111101100101000011,0111001000000010010101000010010010,01110010000000100101010000100100100001101000000011010010011100110011101000010110101010,0 3965168.0
0101100101010100001110110011001110011110011000001000010110,0101100101010100001110110011001110011110011000001000010110101110001100110010111001011101001111011010110011101110000100,0101100101010100001110110011001110,01011001010101000011101100110011100111100110000010000101101011100011001100101110010111,0 4370024.0
1010111010001111111011100101000010101100100011000000101011,1010111010001111111011100101000010101100100011000000101011101111010110101000010000100001001100010111101101011001101110,1010111010001111111011100101000010,10101110100011111110111001010000101011001000110000001010111011110101101010000100001000,1 4864952.0
1101100110111011010101000101110100010011000100001101101010,1101100110111011010101000101110100010011000100001101101010101010001011000001111000000110100000011010111111111111101010,1101100110111011010101000101110100,11011001101110110101010001011101000100110001000011011010101010100010110000011110000001,1 4272144.0
1111000100111111010101010001110100110011101000001001101110,1111000100111111010101010001110100110011101000001001101110101111001010110011111000100110101001111000000001110111101010,1111000100111111010101010001110100,11110001001111110101010100011101001100111010000010011011101011110010101100111110001001,1 3168096.0
1110010000001110111111111110000001101000100011000000101011,1110010000001110111111111110000001101000100011000000101011110111000110111000111111100010001010010111100101011001000110,1110010000001110111111111110000001,11100100000011101111111111100000011010001000110000001010111101110001101110001111111000,1 3324848.0
0010110000000111010101001000101110010010100001101000101110,0010110000000111010101001000101110010010100001101000101110010001000110110010101011010001101100010001100010101011000001,0010110000000111010101001000101110,00101100000001110101010010001011100100101000011010001011100100010001101100101010110100,0 3458336.0
1010110000001110010101110000111101011010100010001000101111,1010110000001110010101110000111101011010100010001000101111110010000110110000111001000110100000010011100000010011000001,1010110000001110010101110000111101,10101100000011100101011100001111010110101000100010001011111100100001101100001110010001,1 3492488.0
0111011000001001000100000010111101000100100010011000000101,0111011000001001000100000010111101000100100010011000000101110110000111000101111010001011100100000111101000100000000101,0111011000001001000100000010111101,01110110000010010001000000101111010001001000100110000001011101100001110001011110100010,0 3499752.0
1101111000001000100100001010010100010100100010001000000101,1101111000001000100100001010010100010100100010001000000101000110000111000101111110001011000100000101100100100000010101,1101111000001000100100001010010100,11011110000010001001000010100101000101001000100010000001010001100001110001011111100010,1 3539104.0
1101001000001001100000100010010101000010000010010101100100,1101001000001001100000100010010101000010000010010101100100110110000111000101001010001010000100001101000100100000010111,1101001000001001100000100010010101,11010010000010011000001000100101010000100000100101011001001101100001110001010010100010,1 3562272.0
best: 0.8577943588310357
1110010000001110110101111110011001111010100010001000101111,1110010000001110110101111110011001111010100010001000101111110111000110111000111101100010000010010011100001011011000111,1110010000001110110101111110011001,11100100000011101101011111100110011110101000100010001011111101110001101110001111011000,1 3301344.0
1010110000001110010101110000111101011010100010001000101111,1010110000001110010101110000111101011010100010001000101111110010000110110000111001000110100000010011100000010011000001,1010110000001110010101110000111101,10101100000011100101011100001111010110101000100010001011111100100001101100001110010001,1 3492488.0
1101111000001000100100001010010100010100100010001000000101,1101111000001000100100001010010100010100100010001000000101000110000111000101111110001011000100000101100100100000010101,1101111000001000100100001010010100,11011110000010001001000010100101000101001000100010000001010001100001110001011111100010,1 3539104.0
0111011000001111110111011110100101101000100010011000000011,0111011000001111110111011110100101101000100010011000000011110111000110001101111111101010100100010111100101001001000100,0111011000001111110111011110100101,01110110000011111101110111101001011010001000100110000000111101110001100011011111111010,0 3680432.0
0110011000001011110100101110111101000010100010001000101101,0110011000001011110100101110111101000010100010001000101101111110000111010101110010010010100100010101101000110001000111,0110011000001011110100101110111101,01100110000010111101001011101111010000101000100010001011011111100001110101011100100100,0 3943840.0
1111000000001001010101000010111101000000001010111000101111,1111000000001001010101000010111101000000001010111000101111111110000111110100100010011011101110000001001010100010000101,1111000000001001010101000010111101,11110000000010010101010000101111010000000010101110001011111111100001111101001000100110,1 3942024.0
1101001000001111101110000001110000110011000010001001101110,1101001000001111101110000001110000110011000010001001101110010111001010000000101010100110000001111000000001000011010010,1101001000001111101110000001110000,11010010000011111011100000011100001100110000100010011011100101110010100000001010101001,1 3013000.0
1101000000011011110100100001110100100011001010010101100110,1101000000011011110100100001110100100011001010010101100110110110001010010101001010100010101100111100000000110000101111,1101000000011011110100100001110100,11010000000110111101001000011101001000110010100101011001101101100010100101010010101000,1 3426768.0
1111110000011111010101010000111100110011100010001000101110,1111110000011111010101010000111100110011100010001000101110110111000010110010111001000110100000110000000000110011001001,1111110000011111010101010000111100,11111100000111110101010100001111001100111000100010001011101101110000101100101110010001,1 3151040.0
1111100100111111000101000001010100110011001011000000101110,1111100100111111000101000001010100110011001011000000101110111111111010000001001011010111010001011100001110110101001101,1111100100111111000101000001010100,11111001001111110001010000010101001100110010110000001011101111111110100000010010110101,1 3854832.0
0110100101011111010111011101010111110010000110000001101110,0110100101011111010111011101010111110010000110000001101110011111111100001001101101010110001011111100111111000010111110,0110100101011111010111011101010111,01101001010111110101110111010101111100100001100000011011100111111111000010011011010101,0 4063968.0
1110010000101010111110101001000001110000000001100010001011,1110010000101010111110101001000001110000000001100010001011110001000110111011101011010110011110111111100001001011100110,1110010000101010111110101001000001,11100100001010101111101010010000011100000000011000100010111100010001101110111010110101,1 3611392.0
0010010000100001101101001000101010010010100001111000000110,0010010000100001101101001000101010010010100001111000000110111011000111111011001011100101101100010001100100110011000011,0010010000100001101101001000101010,00100100001000011011010010001010100100101000011110000001101110110001111110110010111001,0 3648088.0
1111111110111011110011011101110000111111001000000101101100,1111111110111011110011011101110000111111001000000101101100100101001000110010110010110100101001011000011101110111111111,1111111110111011110011011101110000,11111111101110111100110111011100001111110010000001011011001001010010001100101100101101,1 4065968.0
1010000000110100100101100010011001010011110111011100100100,1010000000110100100101100010011001010011110111011100100100101010101101000001001111010011100001011111100000100001101110,1010000000110100100101100010011001,10100000001101001001011000100110010100111101110111001001001010101011010000010011110100,1 4312416.0
1110000100111111010101010001110100110010001000001001111110,1110000100111111010101010001110100110010001000001001111110101111101010110001001000010111100001111100000011110101101010,1110000100111111010101010001110100,11100001001111110101010100011101001100100010000010011111101011111010101100010010000101,1 3167464.0
1111000100111111010101010001110100110011101000001001101110,1111000100111111010101010001110100110011101000001001101110101111001010110011111000100110101001111000000001110111101010,1111000100111111010101010001110100,11110001001111110101010100011101001100111010000010011011101011110010101100111110001001,1 3168096.0
1110010000001110111111111110000001101000100011000000101011,1110010000001110111111111110000001101000100011000000101011110111000110111000111111100010001010010111100101011001000110,1110010000001110111111111110000001,11100100000011101111111111100000011010001000110000001010111101110001101110001111111000,1 3324848.0
0010110000000111010101001000101110010010100001101000101110,0010110000000111010101001000101110010010100001101000101110010001000110110010101011010001101100010001100010101011000001,0010110000000111010101001000101110,00101100000001110101010010001011100100101000011010001011100100010001101100101010110100,0 3458336.0
1010110000001110010101110000111101011010100010001000101111,1010110000001110010101110000111101011010100010001000101111110010000110110000111001000110100000010011100000010011000001,1010110000001110010101110000111101,10101100000011100101011100001111010110101000100010001011111100100001101100001110010001,1 3492488.0
0111011000001001000100000010111101000100100010011000000101,0111011000001001000100000010111101000100100010011000000101110110000111000101111010001011100100000111101000100000000101,0111011000001001000100000010111101,01110110000010010001000000101111010001001000100110000001011101100001110001011110100010,0 3499752.0
1101111000001000100100001010010100010100100010001000000101,1101111000001000100100001010010100010100100010001000000101000110000111000101111110001011000100000101100100100000010101,1101111000001000100100001010010100,11011110000010001001000010100101000101001000100010000001010001100001110001011111100010,1 3539104.0
best: 0.815963307920125
0010110000011111010101000000101110010010100001001000101110,0010110000011111010101000000101110010010100001001000101110110001000010110010101001010111101100110001100010101011001001,0010110000011111010101000000101110,00101100000111110101010000001011100100101000010010001011101100010000101100101010010101,0 3460112.0
1101000000011011110110100001110100100011001010001101101110,1101000000011011110110100001110100100011001010001101101110110111001010010000101010100110001000111000000001010000010111,1101000000011011110110100001110100,11010000000110111101101000011101001000110010100011011011101101110010100100001010101001,1 3594288.0
0001110000001011010100001010101110010010100010101000100100,0001110000001011010100001010101110010010100010101000100100000011000110100000111010001011000100010001100010100010000101,0001110000001011010100001010101110,00011100000010110101000010101011100100101000101010001001000000110001101000001110100010,0 3965576.0
1110000000100111010101010000101100110010000000101000101110,1110000000100111010101010000101100110010000000101000101110010011001110110000001000010011100000111101100011110001101011,1110000000100111010101010000101100,11100000001001110101010100001011001100100000001010001011100100110011101100000010000100,1 3270888.0
1111010000001111110101111110011000110011100010001000101111,1111010000001111110101111110011000110011100010001000101111110111000010110010111001000110100010010010000000110011000101,1111010000001111110101111110011000,11110100000011111101011111100110001100111000100010001011111101110000101100101110010001,1 3146688.0
1101000000011011110101100000110100100011100010001100100110,1101000000011011110101100000110100100011100010001100100110110111000010010011101000100010101000110000000000110001101001,1101000000011011110101100000110100,11010000000110111101011000001101001000111000100011001001101101110000100100111010001000,1 3426768.0
1111000100111111110101110001110100100011101010001101100110,1111000100111111110101110001110100100011101010001101100110101111001010010101011000100110101100111000000001110101101010,1111000100111111110101110001110100,11110001001111111101011100011101001000111010100011011001101011110010100101010110001001,1 4102928.0
0110100100000111010101000001110100010011100000001000101110,0110100100000111010101000001110100010011100000001000101110101111000110110010111010000111101101111001100000100011000010,0110100100000111010101000001110100,01101001000001110101010000011101000100111000000010001011101011110001101100101110100001,0 3354912.0
1100001000111111100110000001110100110010001000001001111110,1100001000111111100110000001110100110010001000001001111110101111101010000000001000010111100001111000000011110111011010,1100001000111111100110000001110100,11000010001111111001100000011101001100100010000010011111101011111010100000000010000101,1 2980104.0
1000000110100001101101001011101011000111011010110110010000,1000000110100001101101001011101011000111011010110110010000101011000110111110011111100000101010010001000110111001000001,1000000110100001101101001011101011,10000001101000011011010010111010110001110110101101100100001010110001101111100111111000,1 6877976.0
1000111100001010011101010011011101011110100001101001111100,1000111100001010011101010011011101011110100001101001111100010011000100110001111000001101100010010010000000010010100001,1000111100001010011101010011011101,10001111000010100111010100110111010111101000011010011111000100110001001100011110000011,1 3956240.0
1111011001001000100100000000100101000100110011111000100111,1111011001001000100100000000100101000100110011111000100111110010000101010111111100001011111100010111100000000100000111,1111011001001000100100000000100101,11110110010010001001000000001001010001001100111110001001111100100001010101111111000010,1 3828760.0
0111011000111111011111010110110001101100100110111000001110,0111011000111111011111010110110001101100100110111000001110010011010100100001111110101010100000110001001100001101101100,0111011000111111011111010110110001,01110110001111110111110101101100011011001001101110000011100100110101001000011111101010,0 4206896.0
1001111000011110000110001011010101111101101110001000000000,1001111000011110000110001011010101111101101110001000000000000111000110011100010110101001000111000101100100100100000101,1001111000011110000110001011010101,10011110000111100001100010110101011111011011100010000000000001110001100111000101101010,1 3538984.0
1110000101011110111111011100010101000010000010010001001110,1110000101011110111111011100010101000010000010010001001110010100111100011100101101011110001010111100010111010000011110,1110000101011110111111011100010101,11100001010111101111110111000101010000100000100100010011100101001111000111001011010111,1 4093888.0
1101001000001111101110000001110000110011000010001001101110,1101001000001111101110000001110000110011000010001001101110010111001010000000101010100110000001111000000001000011010010,1101001000001111101110000001110000,11010010000011111011100000011100001100110000100010011011100101110010100000001010101001,1 3013000.0
1111110000011111010101010000111100110011100010001000101110,1111110000011111010101010000111100110011100010001000101110110111000010110010111001000110100000110000000000110011001001,1111110000011111010101010000111100,11111100000111110101010100001111001100111000100010001011101101110000101100101110010001,1 3151040.0
1110000100111111010101010001110100110010001000001001111110,1110000100111111010101010001110100110010001000001001111110101111101010110001001000010111100001111100000011110101101010,1110000100111111010101010001110100,11100001001111110101010100011101001100100010000010011111101011111010101100010010000101,1 3167464.0
1111000100111111010101010001110100110011101000001001101110,1111000100111111010101010001110100110011101000001001101110101111001010110011111000100110101001111000000001110111101010,1111000100111111010101010001110100,11110001001111110101010100011101001100111010000010011011101011110010101100111110001001,1 3168096.0
1110010000001110110101111110011001111010100010001000101111,1110010000001110110101111110011001111010100010001000101111110111000110111000111101100010000010010011100001011011000111,1110010000001110110101111110011001,11100100000011101101011111100110011110101000100010001011111101110001101110001111011000,1 3301344.0
1110010000001110111111111110000001101000100011000000101011,1110010000001110111111111110000001101000100011000000101011110111000110111000111111100010001010010111100101011001000110,1110010000001110111111111110000001,11100100000011101111111111100000011010001000110000001010111101110001101110001111111000,1 3324848.0
1101000000011011110100100001110100100011001010010101100110,1101000000011011110100100001110100100011001010010101100110110110001010010101001010100010101100111100000000110000101111,1101000000011011110100100001110100,11010000000110111101001000011101001000110010100101011001101101100010100101010010101000,1 3426768.0
best: 0.8070546026505131
1101000100011111100110000001110000110011000010001001101110,1101000100011111100110000001110000110011000010001001101110101111001010100010101000100110100001111000000001100011100010,1101000100011111100110000001110000,11010001000111111001100000011100001100110000100010011011101011110010101000101010001001,1 3166320.0
1100001000111111100110000001110100110010001000001001111110,1100001000111111100110000001110100110010001000001001111110101111101010000000001000010111100001111000000011110111011010,1100001000111111100110000001110100,11000010001111111001100000011101001100100010000010011111101011111010100000000010000101,1 2980104.0
1101001000011011100110100001110100110010001000001001111110,1101001000011011100110100001110100110010001000001001111110110111101010010000101010110111000000111000000011010010010011,1101001000011011100110100001110100,11010010000110111001101000011101001100100010000010011111101101111010100100001010101101,1 3068200.0
1111011001011001100110000001110101000100101011111101100111,1111011001011001100110000001110101000100101011111101100111110011001001010100101000000110101000011010000000010000000111,1111011001011001100110000001110101,11110110010110011001100000011101010001001010111111011001111100110010010101001010000001,1 3711472.0
1110100000011110000100001001010101111111101010001001000100,1110100000011110000100001001010101111111101010001001000100100111100110011100010010101111000001100101100111110100000011,1110100000011110000100001001010101,11101000000111100001000010010101011111111010100010010001001001111001100111000100101011,1 3545432.0
1100000000111111100101001110110000110010101000001001101111,1100000000111111100101001110110000110010101000001001101111111111101010000000011001000110100011111010000001110111011100,1100000000111111100101001110110000,11000000001111111001010011101100001100101010000010011011111111111010100000000110010001,1 2971248.0
1100001000111111110110010000101100110010000000101001101110,1100001000111111110110010000101100110010000000101001101110110111001010110000001000010111100001111100000011110101011011,1100001000111111110110010000101100,11000010001111111101100100001011001100100000001010011011101101110010101100000010000101,1 3270888.0
1101001000101111100110000001110000110010000000001001101110,1101001000101111100110000001110000110010000000001001101110001111001010000000101000110111100001111000000001100111011010,1101001000101111100110000001110000,11010010001011111001100000011100001100100000000010011011100011110010100000001010001101,1 2980080.0
0000100000001111011100000000101100010011000011001000101110,0000100000001111011100000000101100010011000011001000101110110001001010000000101010100111001101110001000001000011001010,0000100000001111011100000000101100,00001000000011110111000000001011000100110000110010001011101100010010100000001010101001,0 3323848.0
1100000010001011110101100001000000100011110010000101100100,1100000010001011110101100001000000100011110010000101100100111111000010010101000110010010101110111001011100110011000011,1100000010001011110101100001000000,11000000100010111101011000010000001000111100100001011001001111110000100101010001100100,1 4214200.0
0111010000100111110001100111001101010001101110001100111111,0111010000100111110001100111001101010001101110001100111111110101001010100001110001000100101010010010101001001011001101,0111010000100111110001100111001101,01110100001001111100011001110011010100011011100011001111111101010010101000011100010001,0 3894592.0
1110010000000111101101111001111011100000110000011010010110,1110010000000111101101111001111011100000110000011010010110101111001110111100111101100010000010000011101001101011100011,1110010000000111101101111001111011,11100100000001111011011110011110111000001100000110100101101011110011101111001111011000,1 3384688.0
0111001001100110010101000100101100100010000100001010001100,0111001001100110010101000100101100100010000100001010001100010011110110100010101101000000101000111001010010110101011111,0111001001100110010101000100101100,01110010011001100101010001001011001000100001000010100011000100111101101000101011010000,0 4640752.0
1010001100101111000100001000110100110010000110001001001110,1010001100101111000100001000110100110010000110001001001110101111000110000001011000110001110101111100011001000010100010,1010001100101111000100001000110100,10100011001011110001000010001101001100100001100010010011101011110001100000010110001100,1 3093424.0
1110101011000011000011010001101100110011000000101001101111,1110101011000011000011010001101100110011000000101001101111111011001010100000000100111001110000111111110011010001001011,1110101011000011000011010001101100,11101010110000110000110100011011001100110000001010011011111110110010101000000001001110,1 4387824.0
1100001000111111100110000001110100110010001000001001111110,1100001000111111100110000001110100110010001000001001111110101111101010000000001000010111100001111000000011110111011010,1100001000111111100110000001110100,11000010001111111001100000011101001100100010000010011111101011111010100000000010000101,1 2980104.0
1101001000001111101110000001110000110011000010001001101110,1101001000001111101110000001110000110011000010001001101110010111001010000000101010100110000001111000000001000011010010,1101001000001111101110000001110000,11010010000011111011100000011100001100110000100010011011100101110010100000001010101001,1 3013000.0
1111010000001111110101111110011000110011100010001000101111,1111010000001111110101111110011000110011100010001000101111110111000010110010111001000110100010010010000000110011000101,1111010000001111110101111110011000,11110100000011111101011111100110001100111000100010001011111101110000101100101110010001,1 3146688.0
1111110000011111010101010000111100110011100010001000101110,1111110000011111010101010000111100110011100010001000101110110111000010110010111001000110100000110000000000110011001001,1111110000011111010101010000111100,11111100000111110101010100001111001100111000100010001011101101110000101100101110010001,1 3151040.0
1110000100111111010101010001110100110010001000001001111110,1110000100111111010101010001110100110010001000001001111110101111101010110001001000010111100001111100000011110101101010,1110000100111111010101010001110100,11100001001111110101010100011101001100100010000010011111101011111010101100010010000101,1 3167464.0
1111000100111111010101010001110100110011101000001001101110,1111000100111111010101010001110100110011101000001001101110101111001010110011111000100110101001111000000001110111101010,1111000100111111010101010001110100,11110001001111110101010100011101001100111010000010011011101011110010101100111110001001,1 3168096.0
1110000000100111010101010000101100110010000000101000101110,1110000000100111010101010000101100110010000000101000101110010011001110110000001000010011100000111101100011110001101011,1110000000100111010101010000101100,11100000001001110101010100001011001100100000001010001011100100110011101100000010000100,1 3270888.0
best: 0.8046562717328428
1101001000101111100100001100110000110010101000001001101111,1101001000101111100100001100110000110010101000001001101111011111101010000000011000110110100001111010000001100111011110,1101001000101111100100001100110000,11010010001011111001000011001100001100101010000010011011110111111010100000000110001101,1 2973800.0
1110000000101111010101010000111100110011000010101000101110,1110000000101111010101010000111100110011000010101000101110110111001110110000001000000111100000110100000001110001101001,1110000000101111010101010000111100,11100000001011110101010100001111001100110000101010001011101101110011101100000010000001,1 3150408.0
1100101011000011110101000001101100110011010010101101100111,1100101011000011110101000001101100110011010010101101100111111011000010100100000100111001111010111001010010110001000011,1100101011000011110101000001101100,11001010110000111101010000011011001100110100101011011001111110110000101001000001001110,1 5172688.0
1100010000001111110101011110010000110011100010001000101111,1100010000001111110101011110010000110011100010001000101111110111101010110010111001000110100011110010000001110111010100,1100010000001111110101011110010000,11000100000011111101010111100100001100111000100010001011111101111010101100101110010001,1 3146712.0
1101001000111111100110010000101100110010000000101001101110,1101001000111111100110010000101100110010000000101001101110110111001010010000101010100111100001111000000011110111010010,1101001000111111100110010000101100,11010010001111111001100100001011001100100000001010011011101101110010100100001010101001,1 3075448.0
0000100000001111011100000000101100010011000011001000101110,0000100000001111011100000000101100010011000011001000101110110001001010000000101010100111001101110001000001000011001010,0000100000001111011100000000101100,00001000000011110111000000001011000100110000110010001011101100010010100000001010101001,0 3323848.0
1101011000001111101101110001110001100001000000001011111110,1101011000001111101101110001110001100001000000001011111110011111001010100000101111100110000001000010001001000011010010,1101011000001111101101110001110001,11010110000011111011011100011100011000010000000010111111100111110010101000001011111001,1 3499768.0
1111010000011111100101001110110000110011100010001000101111,1111010000011111100101001110110000110011100010001000101111110111001010000010111001000110100011011010000000110111010100,1111010000011111100101001110110000,11110100000111111001010011101100001100111000100010001011111101110010100000101110010001,1 2952392.0
1101001000011111100110100001110100110010000000001001111110,1101001000011111100110100001110100110010000000001001111110100111001010100010101010110111100000111000000001110011110011,1101001000011111100110100001110100,11010010000111111001101000011101001100100000000010011111101001110010101000101010101101,1 3149264.0
1110000010011011010000100110010100100011010110100111101100,1110000010011011010000100110010100100011010110100111101100001001000000010001100100000011111100011111101001110011100111,1110000010011011010000100110010100,11100000100110110100001001100101001000110101101001111011000010010000000100011001000000,1 5349272.0
1111100011001111110001011010100011100000010001101000101100,1111100011001111110001011010100011100000010001101000101100000001001100010101101111000101100000011001100001011001101011,1111100011001111110001011010100011,11111000110011111100010110101000111000000100011010001011000000010011000101011011110001,1 3196048.0
1011111001001110100101111010011101101011101000001011101110,1011111001001110100101111010011101101011101000001011101110000100000010110110011011110010100110001110100011111011000111,1011111001001110100101111010011101,10111110010011101001011110100111011010111010000010111011100001000000101101100110111100,1 4511888.0
0101110011001111100110110110001101110111100000101110101111,0101110011001111100110110110001101110111100000101110101111100000010100100010101000000010100010110010001100000011001111,0101110011001111100110110110001101,01011100110011111001101101100011011101111000001011101011111000000101001000101010000000,0 6153616.0
0100100001111110100100001110010010110010001000101001100111,0100100001111110100100001110010010110010001000101001100111101111100001000100011001000100100010011111001011110111001000,0100100001111110100100001110010010,01001000011111101001000011100100101100100010001010011001111011111000010001000110010001,0 3434912.0
0101000001011010000000010001010000110011001000010001011100,0101000001011010000000010001010000110011001000010001011100111001111111000000101011111010001000111010100010001000011011,0101000001011010000000010001010000,01010000010110100000000100010100001100110010000100010111001110011111110000001010111110,0 4001576.0
1100000000111111100101001110110000110010101000001001101111,1100000000111111100101001110110000110010101000001001101111111111101010000000011001000110100011111010000001110111011100,1100000000111111100101001110110000,11000000001111111001010011101100001100101010000010011011111111111010100000000110010001,1 2971248.0
1101001000101111100110000001110000110010000000001001101110,1101001000101111100110000001110000110010000000001001101110001111001010000000101000110111100001111000000001100111011010,1101001000101111100110000001110000,11010010001011111001100000011100001100100000000010011011100011110010100000001010001101,1 2980080.0
1100001000111111100110000001110100110010001000001001111110,1100001000111111100110000001110100110010001000001001111110101111101010000000001000010111100001111000000011110111011010,1100001000111111100110000001110100,11000010001111111001100000011101001100100010000010011111101011111010100000000010000101,1 2980104.0
1101001000001111101110000001110000110011000010001001101110,1101001000001111101110000001110000110011000010001001101110010111001010000000101010100110000001111000000001000011010010,1101001000001111101110000001110000,11010010000011111011100000011100001100110000100010011011100101110010100000001010101001,1 3013000.0
1101001000011011100110100001110100110010001000001001111110,1101001000011011100110100001110100110010001000001001111110110111101010010000101010110111000000111000000011010010010011,1101001000011011100110100001110100,11010010000110111001101000011101001100100010000010011111101101111010100100001010101101,1 3068200.0
1010001100101111000100001000110100110010000110001001001110,1010001100101111000100001000110100110010000110001001001110101111000110000001011000110001110101111100011001000010100010,1010001100101111000100001000110100,10100011001011110001000010001101001100100001100010010011101011110001100000010110001100,1 3093424.0
1111010000001111110101111110011000110011100010001000101111,1111010000001111110101111110011000110011100010001000101111110111000010110010111001000110100010010010000000110011000101,1111010000001111110101111110011000,11110100000011111101011111100110001100111000100010001011111101110000101100101110010001,1 3146688.0
best: 0.799549798405879
0101001001011010000110000001010100110010001000001001111100,0101001001011010000110000001010100110010001000001001111100111011101010000000101010111110001000111010100010010010010011,0101001001011010000110000001010100,01010010010110100001100000010101001100100010000010011111001110111010100000001010101111,0 3685480.0
1101000000111111100101100010110100110010101000001001101111,1101000000111111100101100010110100110010101000001001101111110111101010000000001011110110000001111010000001010111010001,1101000000111111100101100010110100,11010000001111111001011000101101001100101010000010011011111101111010100000000010111101,1 3068168.0
0000100000001111001100001100100000110011100000001000101110,0000100000001111001100001100100000110011100000001000101110010011101010000000101000110110100101110011000001000111011010,0000100000001111001100001100100000,00001000000011110011000011001000001100111000000010001011100100111010100000001010001101,0 3135280.0
1101001000111111100110010001111000110010000000001001101110,1101001000111111100110010001111000110010000000001001101110110111001010000000101010110111100001111000000001110111011010,1101001000111111100110010001111000,11010010001111111001100100011110001100100000000010011011101101110010100000001010101101,1 2956744.0
1100010000001111110101011110010000110011100010001000101111,1100010000001111110101011110010000110011100010001000101111110111101010110010111001000110100011110010000001110111010100,1100010000001111110101011110010000,11000100000011111101010111100100001100111000100010001011111101111010101100101110010001,1 3146712.0
1111011000001111100100001100111000110010101000001000101111,1111011000001111100100001100111000110010101000001000101111111111000010100010011000000110100000011010000001110111001101,1111011000001111100100001100111000,11110110000011111001000011001110001100101010000010001011111111110000101000100110000001,1 3168096.0
1100001000111111100110000001110100110010001000001001111110,1100001000111111100110000001110100110010001000001001111110101111101010000000001000010111100001111000000011110111011010,1100001000111111100110000001110100,11000010001111111001100000011101001100100010000010011111101011111010100000000010000101,1 2980104.0
1101011000101111100101000001010000110011100010001001101111,1101011000101111100101000001010000110011100010001001101111011111001010000000101000000111100011111000000001110111011100,1101011000101111100101000001010000,11010110001011111001010000010100001100111000100010011011110111110010100000001010000001,1 2971256.0
1111010000101111100100101001010100110010100000001000101111,1111010000101111100100101001010100110010100000001000101111100111100010110010011000010110100010111010000010110011010001,1111010000101111100100101001010100,11110100001011111001001010010101001100101000000010001011111001111000101100100110000101,1 3146720.0
1111001000001010100101110101001100100111010010101111011010,1111001000001010100101110101001100100111010010101111011010000000001010111000101101100110100001000000001000000001011001,1111001000001010100101110101001100,11110010000010101001011101010011001001110100101011110110100000000010101110001011011001,1 5427560.0
1111001000111100110011011000110100100010000101101101101110,1111001000111100110011011000110100100010000101101101101110010111101010010000001010101110101101111100001001101110110010,1111001000111100110011011000110100,11110010001111001100110110001101001000100001011011011011100101111010100100000010101011,1 3503336.0
0101001000011010001010000000111000111011010011000010001110,0101001000011010001010000000111000111011010011000010001110010001100111100000101110101000000100111001100001000000011010,0101001000011010001010000000111000,01010010000110100010100000001110001110110100110000100011100100011001111000001011101010,0 3817656.0
1101001010001010110101000000100100101000000100101001111101,1101001010001010110101000000100100101000000100101001111101001011110011010011101110110110010001111000101110010000010001,1101001010001010110101000000100100,11010010100010101101010000001001001010000001001010011111010010111100110100111011101101,1 4121768.0
1101011100111011100100000101100110100110000110011001101010,1101011100111011100100000101100110100110000110011001101010101111000010100000101011110100010000110001001001101011100010,1101011100111011100100000101100110,11010111001110111001000001011001101001100001100110011010101011110000101000001010111101,1 3288664.0
0101001110100111000100001010111010110010001101011101110111,0101001110100111000100001010111010110010001101011101110111111111001100100010000000110110110101011010010101110111011111,0101001110100111000100001010111010,01010011101001110001000010101110101100100011010111011101111111110011001000100000001101,0 4923344.0
1111010000011111100101001110110000110011100010001000101111,1111010000011111100101001110110000110011100010001000101111110111001010000010111001000110100011011010000000110111010100,1111010000011111100101001110110000,11110100000111111001010011101100001100111000100010001011111101110010100000101110010001,1 2952392.0
1100000000111111100101001110110000110010101000001001101111,1100000000111111100101001110110000110010101000001001101111111111101010000000011001000110100011111010000001110111011100,1100000000111111100101001110110000,11000000001111111001010011101100001100101010000010011011111111111010100000000110010001,1 2971248.0
1101001000101111100100001100110000110010101000001001101111,1101001000101111100100001100110000110010101000001001101111011111101010000000011000110110100001111010000001100111011110,1101001000101111100100001100110000,11010010001011111001000011001100001100101010000010011011110111111010100000000110001101,1 2973800.0
1101001000101111100110000001110000110010000000001001101110,1101001000101111100110000001110000110010000000001001101110001111001010000000101000110111100001111000000001100111011010,1101001000101111100110000001110000,11010010001011111001100000011100001100100000000010011011100011110010100000001010001101,1 2980080.0
1100001000111111100110000001110100110010001000001001111110,1100001000111111100110000001110100110010001000001001111110101111101010000000001000010111100001111000000011110111011010,1100001000111111100110000001110100,11000010001111111001100000011101001100100010000010011111101011111010100000000010000101,1 2980104.0
1101001000001111101110000001110000110011000010001001101110,1101001000001111101110000001110000110011000010001001101110010111001010000000101010100110000001111000000001000011010010,1101001000001111101110000001110000,11010010000011111011100000011100001100110000100010011011100101110010100000001010101001,1 3013000.0
1101001000011011100110100001110100110010001000001001111110,1101001000011011100110100001110100110010001000001001111110110111101010010000101010110111000000111000000011010010010011,1101001000011011100110100001110100,11010010000110111001101000011101001100100010000010011111101101111010100100001010101101,1 3068200.0
best: 0.799549798405879
1101001000001111100110000001110100110010000010001001111110,1101001000001111100110000001110100110010000010001001111110110111001010000000101010010110000001111000000011100111010010,1101001000001111100110000001110100,11010010000011111001100000011101001100100000100010011111101101110010100000001010100101,1 2954968.0
1101010000111111100110000001110000110010000000001000101111,1101010000111111100110000001110000110010000000001000101111100111101010010000001010110111100010111010000011110111010000,1101010000111111100110000001110000,11010100001111111001100000011100001100100000000010001011111001111010100100000010101101,1 2958704.0
1000101000001111000100001100110000110011101000001000101111,1000101000001111000100001100110000110011101000001000101111111011000010000000011000000110100101011011000001010111001111,1000101000001111000100001100110000,10001010000011110001000011001100001100111010000010001011111110110000100000000110000001,1 3087056.0
1101000000111111100110110001111000110010100000001001101110,1101000000111111100110110001111000110010100000001001101110110111101010000000101011110110000001111000000001010111010000,1101000000111111100110110001111000,11010000001111111001101100011110001100101000000010011011101101111010100000001010111101,1 3068200.0
1101011000001111110101011110111010110011100000011100110111,1101011000001111110101011110111010110011100000011100110111110111001100110010111000110110110001010010000001110111010101,1101011000001111110101011110111010,11010110000011111101010111101110101100111000000111001101111101110011001100101110001101,1 3693720.0
1101001000011111100110000001110000110010001000001001111100,1101001000011111100110000001110000110010001000001001111100101111101010000000101000111111000000111010100001100110010011,1101001000011111100110000001110000,11010010000111111001100000011100001100100010000010011111001011111010100000001010001111,1 3482296.0
1100000000111011100110100000110100110010001000001001101111,1100000000111011100110100000110100110010001000001001101111111111101010010000011011110110000010111010000001110110011011,1100000000111011100110100000110100,11000000001110111001101000001101001100100010000010011011111111111010100100000110111101,1 2971280.0
1101011000101111100101001011110000110011100010001000101111,1101011000101111100101001011110000110011100010001000101111011111001010000010111000000110100011111010000001110111011100,1101011000101111100101001011110000,11010110001011111001010010111100001100111000100010001011110111110010100000101110000001,1 2971224.0
1101000000101111100100101010110000110010101000001001101111,1101000000101111100100101010110000110010101000001001101111111111101010000000011001110110000001111010000001010111010100,1101000000101111100100101010110000,11010000001011111001001010101100001100101010000010011011111111111010100000000110011101,1 3085224.0
0001000011100111100100111100000011111010011010001100101101,0001000011100111100100111100000011111010011010001100101101010100111000011000111001110001101011111110100001000111000110,0001000011100111100100111100000011,00010000111001111001001111000000111110100110100011001011010101001110000110001110011100,0 4506192.0
0101011010010111101110110010110101101110011100011001101110,0101011010010111101110110010110101101110011100011001101110100111001110001000110010111011100001110000001001110010010110,0101011010010111101110110010110101,01010110100101111011101100101101011011100111000110011011101001110011100010001100101110,0 3834288.0
1100000000110111010100000110011000111010101000001011110011,1100000000110111010100000110011000111010101000001011110011110011100110111100011000110111110001110100011010010001111010,1100000000110111010100000110011000,11000000001101110101000001100110001110101010000010111100111100111001101111000110001101,1 4588056.0
1100000000110101110110000101100000010010001100000011001111,1100000000110101110110000101100000010010001100000011001111000011111110010011101000010111100101110000110011101111011011,1100000000110101110110000101100000,11000000001101011101100001011000000100100011000000110011110000111111100100111010000101,1 5513816.0
1100001010011110000110111011111110010111011011000010111100,1100001010011110000110111011111110010111011011000010111100101001100011100001111010111111100000101000100010010111111011,1100001010011110000110111011111110,11000010100111100001101110111111100101110110110000101111001010011000111000011110101111,1 5160168.0
1010001110111111100101101111100000110000101100000001101010,1010001110111111100101101111100000110000101100000001101010001010100110010001001000111110100011111000000000110011011000,1010001110111111100101101111100000,10100011101111111001011011111000001100001011000000011010100010101001100100010010001111,1 3602000.0
1111010000011111100101001110110000110011100010001000101111,1111010000011111100101001110110000110011100010001000101111110111001010000010111001000110100011011010000000110111010100,1111010000011111100101001110110000,11110100000111111001010011101100001100111000100010001011111101110010100000101110010001,1 2952392.0
1101001000111111100110010001111000110010000000001001101110,1101001000111111100110010001111000110010000000001001101110110111001010000000101010110111100001111000000001110111011010,1101001000111111100110010001111000,11010010001111111001100100011110001100100000000010011011101101110010100000001010101101,1 2956744.0
1100000000111111100101001110110000110010101000001001101111,1100000000111111100101001110110000110010101000001001101111111111101010000000011001000110100011111010000001110111011100,1100000000111111100101001110110000,11000000001111111001010011101100001100101010000010011011111111111010100000000110010001,1 2971248.0
1101011000101111100101000001010000110011100010001001101111,1101011000101111100101000001010000110011100010001001101111011111001010000000101000000111100011111000000001110111011100,1101011000101111100101000001010000,11010110001011111001010000010100001100111000100010011011110111110010100000001010000001,1 2971256.0
1101001000101111100100001100110000110010101000001001101111,1101001000101111100100001100110000110010101000001001101111011111101010000000011000110110100001111010000001100111011110,1101001000101111100100001100110000,11010010001011111001000011001100001100101010000010011011110111111010100000000110001101,1 2973800.0
1101001000101111100110000001110000110010000000001001101110,1101001000101111100110000001110000110010000000001001101110001111001010000000101000110111100001111000000001100111011010,1101001000101111100110000001110000,11010010001011111001100000011100001100100000000010011011100011110010100000001010001101,1 2980080.0
1100001000111111100110000001110100110010001000001001111110,1100001000111111100110000001110100110010001000001001111110101111101010000000001000010111100001111000000011110111011010,1100001000111111100110000001110100,11000010001111111001100000011101001100100010000010011111101011111010100000000010000101,1 2980104.0
best: 0.799549798405879
1101010000011111100101001000010000110011100010001001101111,1101010000011111100101001000010000110011100010001001101111010111001010000000111001000110100011111010000000110111010100,1101010000011111100101001000010000,11010100000111111001010010000100001100111000100010011011110101110010100000001110010001,1 2952424.0
1101011000111111100101001011110000110011100000001000101111,1101011000111111100101001011110000110011100000001000101111100111001010000010001010000111100010111010000001110111011100,1101011000111111100101001011110000,11010110001111111001010010111100001100111000000010001011111001110010100000100010100001,1 2960448.0
1101011000101111100101000011010000110011100010001001101111,1101011000101111100101000011010000110011100010001001101111010111001010000010101001000110100011111000000001110111011100,1101011000101111100101000011010000,11010110001011111001010000110100001100111000100010011011110101110010100000101010010001,1 2954168.0
1100000000111011100110100000110000110010001000001001101111,1100000000111011100110100000110000110010001000001001101111111111101010010000101000110111100001111000000001110110011011,1100000000111011100110100000110000,11000000001110111001101000001100001100100010000010011011111111111010100100001010001101,1 2973824.0
1101001000111111100110010001111000110010000000001001101110,1101001000111111100110010001111000110010000000001001101110110111001010000000101010110110100001111000000001110111011010,1101001000111111100110010001111000,11010010001111111001100100011110001100100000000010011011101101110010100000001010101101,1 2956744.0
1100001000001111100100001100110000110011101000001000101111,1100001000001111100100001100110000110011101000001000101111011111001010000000011000110110100001011011000001110111011111,1100001000001111100100001100110000,11000010000011111001000011001100001100111010000010001011110111110010100000000110001101,1 2973824.0
1100001000111011100110100001110000110010001000001000101111,1100001000111011100110100001110000110010001000001000101111111111001010000000111010100110000011111010000001110110011100,1100001000111011100110100001110000,11000010001110111001101000011100001100100010000010001011111111110010100000001110101001,1 2971280.0
1101001000101111100100001100110000110010101000001001101111,1101001000101111100100001100110000110010101000001001101111011111101010000000011000110110100001111010000001100111011110,1101001000101111100100001100110000,11010010001011111001000011001100001100101010000010011011110111111010100000000110001101,1 2973800.0
1100000000001111100110100000110100110010000000001001101111,1100000000001111100110100000110100110010000000001001101111111111001010010000101011110110000010111000000001100111011010,1100000000001111100110100000110100,11000000000011111001101000001101001100100000000010011011111111110010100100001010111101,1 2971280.0
1101000000110111110110000001110000011010000000001011111111,1101000000110111110110000001110000011010000000001011111111100111100010000110001000000101111001101000110011100110011000,1101000000110111110110000001110000,11010000001101111101100000011100000110100000000010111111111001111000100001100010000001,1 3437728.0
1100001001100001100100000100110000110110011011000001100111,1100001001100001100100000100110000110110011011000001100111111001110010010100001011100010000010111010000011110100011001,1100001001100001100100000100110000,11000010011000011001000001001100001101100110110000011001111110011100100101000010111000,1 4234264.0
1101000000111001001100100110111000110011101001000100101111,1101000000111001001100100110111000110011101001000100101111100111100100000000011011001110001111100111101001000100010100,1101000000111001001100100110111000,11010000001110010011001001101110001100111010010001001011111001111001000000000110110011,1 3585296.0
1110011000101111100101110011010010100010100010001001101101,1110011000101111100101110011010010100010100010001001101101010111001001001001101010100011110010111100100001011101010000,1110011000101111100101110011010010,11100110001011111001011100110100101000101000100010011011010101110010010010011010101000,1 3479328.0
1100001001011110011010111100100100110000000100001101101100,1100001001011110011010111100100100110000000100001101101100110110101010000000011101000110101001110010000111100111001010,1100001001011110011010111100100100,11000010010111100110101111001001001100000001000011011011001101101010100000000111010001,1 3471936.0
0110001111111101110110010101110111010001100100010001100110,0110001111111101110110010101110111010001100100010001100110010111101110000100011011010100001001010100100010011010100000,0110001111111101110110010101110111,01100011111111011101100101011101110100011001000100011001100101111011100001000110110101,0 3256792.0
1111010000011111100101001110110000110011100010001000101111,1111010000011111100101001110110000110011100010001000101111110111001010000010111001000110100011011010000000110111010100,1111010000011111100101001110110000,11110100000111111001010011101100001100111000100010001011111101110010100000101110010001,1 2952392.0
1101001000001111100110000001110100110010000010001001111110,1101001000001111100110000001110100110010000010001001111110110111001010000000101010010110000001111000000011100111010010,1101001000001111100110000001110100,11010010000011111001100000011101001100100000100010011111101101110010100000001010100101,1 2954968.0
1101001000111111100110010001111000110010000000001001101110,1101001000111111100110010001111000110010000000001001101110110111001010000000101010110111100001111000000001110111011010,1101001000111111100110010001111000,11010010001111111001100100011110001100100000000010011011101101110010100000001010101101,1 2956744.0
1101010000111111100110000001110000110010000000001000101111,1101010000111111100110000001110000110010000000001000101111100111101010010000001010110111100010111010000011110111010000,1101010000111111100110000001110000,11010100001111111001100000011100001100100000000010001011111001111010100100000010101101,1 2958704.0
1101011000101111100101001011110000110011100010001000101111,1101011000101111100101001011110000110011100010001000101111011111001010000010111000000110100011111010000001110111011100,1101011000101111100101001011110000,11010110001011111001010010111100001100111000100010001011110111110010100000101110000001,1 2971224.0
1100000000111111100101001110110000110010101000001001101111,1100000000111111100101001110110000110010101000001001101111111111101010000000011001000110100011111010000001110111011100,1100000000111111100101001110110000,11000000001111111001010011101100001100101010000010011011111111111010100000000110010001,1 2971248.0
1101011000101111100101000001010000110011100010001001101111,1101011000101111100101000001010000110011100010001001101111011111001010000000101000000111100011111000000001110111011100,1101011000101111100101000001010000,11010110001011111001010000010100001100111000100010011011110111110010100000001010000001,1 2971256.0
best: 0.799549798405879
done evolving!
"all is well:)"
>>>>>>>>>>>>>>FINISH OPTIMIZATION>>>>>>>>>>>>>>>
1226.25user 699.11system 49:05.15elapsed 65%CPU (0avgtext+0avgdata 107368maxresident)k
1044512inputs+1756624outputs (476major+95982624minor)pagefaults 0swaps
