warning: dubious run time results for cryptarithm1: [1.05,1.05,0.98,1.4100001,1.0799999]
warning: dubious mut time results for cryptarithm1: [1.0,1.01,0.94,1.32,1.03]
warning: dubious run time results for cryptarithm1: [1.05,1.05,0.98,1.4100001,1.0799999]
warning: dubious mut time results for cryptarithm1: [1.0,1.01,0.94,1.32,1.03]
warning: dubious run time results for cryptarithm1: [1.1999999,1.01,1.5600001,1.0999999,1.06]
warning: dubious mut time results for cryptarithm1: [1.14,0.96,1.46,1.05,1.01]
warning: dubious run time results for cryptarithm1: [1.1999999,1.01,1.5600001,1.0999999,1.06]
warning: dubious mut time results for cryptarithm1: [1.14,0.96,1.46,1.05,1.01]
warning: dubious run time results for cryptarithm1: [1.0699999,1.0699999,1.06,0.99,2.0800002]
warning: dubious mut time results for cryptarithm1: [1.02,1.02,1.0,0.94,1.94]
warning: dubious run time results for cryptarithm1: [1.0699999,1.0699999,1.06,0.99,2.0800002]
warning: dubious mut time results for cryptarithm1: [1.02,1.02,1.0,0.94,1.94]
warning: dubious run time results for cryptarithm1: [0.93,0.95000005,1.7900001,1.2600001,0.91]
warning: dubious mut time results for cryptarithm1: [0.89,0.91,1.69,1.19,0.87]
warning: dubious run time results for cryptarithm1: [0.93,0.95000005,1.7900001,1.2600001,0.91]
warning: dubious mut time results for cryptarithm1: [0.89,0.91,1.69,1.19,0.87]
warning: dubious run time results for cryptarithm1: [1.13,0.96000004,0.92,1.03,1.2900001]
warning: dubious mut time results for cryptarithm1: [1.07,0.91,0.87,0.99,1.22]
warning: dubious run time results for cryptarithm1: [1.13,0.96000004,0.92,1.03,1.2900001]
warning: dubious mut time results for cryptarithm1: [1.07,0.91,0.87,0.99,1.22]
warning: dubious run time results for cryptarithm1: [1.39,0.95,1.0,1.0,1.25]
warning: dubious mut time results for cryptarithm1: [1.29,0.9,0.95,0.95,1.17]
warning: dubious run time results for cryptarithm1: [1.39,0.95,1.0,1.0,1.25]
warning: dubious mut time results for cryptarithm1: [1.29,0.9,0.95,0.95,1.17]
warning: dubious run time results for cryptarithm1: [1.0799999,1.06,0.89000005,1.35,1.06]
warning: dubious mut time results for cryptarithm1: [1.03,1.02,0.85,1.26,1.02]
warning: dubious run time results for cryptarithm1: [1.0799999,1.06,0.89000005,1.35,1.06]
warning: dubious mut time results for cryptarithm1: [1.03,1.02,0.85,1.26,1.02]
warning: dubious run time results for cryptarithm1: [1.0999999,1.3299999,0.92,1.02,1.12]
warning: dubious mut time results for cryptarithm1: [1.05,1.27,0.88,0.97,1.07]
warning: dubious run time results for cryptarithm1: [1.0999999,1.3299999,0.92,1.02,1.12]
warning: dubious mut time results for cryptarithm1: [1.05,1.27,0.88,0.97,1.07]
warning: dubious run time results for cryptarithm1: [0.96000004,1.72,1.0799999,1.1199999,1.0999999]
warning: dubious mut time results for cryptarithm1: [0.91,1.59,1.03,1.06,1.05]
warning: dubious run time results for cryptarithm1: [0.96000004,1.72,1.0799999,1.1199999,1.0999999]
warning: dubious mut time results for cryptarithm1: [0.91,1.59,1.03,1.06,1.05]
warning: dubious run time results for cryptarithm1: [1.03,1.2700001,0.99,1.03,0.87]
warning: dubious mut time results for cryptarithm1: [0.97,1.2,0.94,0.98,0.83]
warning: dubious run time results for cryptarithm1: [1.03,1.2700001,0.99,1.03,0.87]
warning: dubious mut time results for cryptarithm1: [0.97,1.2,0.94,0.98,0.83]
warning: dubious run time results for cryptarithm1: [0.89000005,0.92,1.5600001,1.65,1.35]
warning: dubious mut time results for cryptarithm1: [0.85,0.88,1.47,1.56,1.26]
warning: dubious run time results for cryptarithm1: [0.89000005,0.92,1.5600001,1.65,1.35]
warning: dubious mut time results for cryptarithm1: [0.85,0.88,1.47,1.56,1.26]
warning: dubious run time results for cryptarithm1: [0.90000004,1.03,1.14,1.5600001,1.1700001]
warning: dubious mut time results for cryptarithm1: [0.86,0.98,1.09,1.46,1.1]
warning: dubious run time results for cryptarithm1: [0.90000004,1.03,1.14,1.5600001,1.1700001]
warning: dubious mut time results for cryptarithm1: [0.86,0.98,1.09,1.46,1.1]
warning: dubious run time results for cryptarithm1: [1.0999999,1.03,1.51,1.1600001,1.46]
warning: dubious mut time results for cryptarithm1: [1.04,0.97,1.39,1.09,1.37]
warning: dubious run time results for cryptarithm1: [1.0999999,1.03,1.51,1.1600001,1.46]
warning: dubious mut time results for cryptarithm1: [1.04,0.97,1.39,1.09,1.37]
warning: dubious run time results for cryptarithm1: [1.63,0.92,1.0699999,0.99,1.0699999]
warning: dubious mut time results for cryptarithm1: [1.53,0.87,1.01,0.93,1.02]
warning: dubious run time results for cryptarithm1: [1.63,0.92,1.0699999,0.99,1.0699999]
warning: dubious mut time results for cryptarithm1: [1.53,0.87,1.01,0.93,1.02]
warning: dubious run time results for cryptarithm1: [1.1600001,0.91,0.97,1.29,1.0]
warning: dubious mut time results for cryptarithm1: [1.09,0.87,0.93,1.23,0.96]
warning: dubious run time results for cryptarithm1: [1.1600001,0.91,0.97,1.29,1.0]
warning: dubious mut time results for cryptarithm1: [1.09,0.87,0.93,1.23,0.96]
warning: dubious run time results for cryptarithm1: [1.0899999,0.88,1.32,1.2,1.15]
warning: dubious mut time results for cryptarithm1: [1.05,0.84,1.24,1.13,1.09]
warning: dubious run time results for cryptarithm1: [1.0899999,0.88,1.32,1.2,1.15]
warning: dubious mut time results for cryptarithm1: [1.05,0.84,1.24,1.13,1.09]
warning: dubious run time results for cryptarithm1: [1.04,1.0,1.0799999,1.18,1.4300001]
warning: dubious mut time results for cryptarithm1: [0.99,0.95,1.04,1.13,1.36]
warning: dubious run time results for cryptarithm1: [1.04,1.0,1.0799999,1.18,1.4300001]
warning: dubious mut time results for cryptarithm1: [0.99,0.95,1.04,1.13,1.36]
warning: dubious run time results for cryptarithm1: [1.0,1.04,1.34,0.93,0.97]
warning: dubious mut time results for cryptarithm1: [0.95,0.99,1.26,0.89,0.93]
warning: dubious run time results for cryptarithm1: [1.0,1.04,1.34,0.93,0.97]
warning: dubious mut time results for cryptarithm1: [0.95,0.99,1.26,0.89,0.93]
warning: dubious run time results for cryptarithm1: [1.02,0.97,0.95000005,1.4200001,1.13]
warning: dubious mut time results for cryptarithm1: [0.98,0.93,0.91,1.35,1.08]
warning: dubious run time results for cryptarithm1: [1.02,0.97,0.95000005,1.4200001,1.13]
warning: dubious mut time results for cryptarithm1: [0.98,0.93,0.91,1.35,1.08]
warning: dubious run time results for cryptarithm1: [0.97,1.04,1.4100001,1.03,1.25]
warning: dubious mut time results for cryptarithm1: [0.92,1.0,1.34,0.99,1.17]
warning: dubious run time results for cryptarithm1: [0.97,1.04,1.4100001,1.03,1.25]
warning: dubious mut time results for cryptarithm1: [0.92,1.0,1.34,0.99,1.17]
warning: dubious run time results for cryptarithm1: [0.91,1.38,1.18,1.03,0.83000004]
warning: dubious mut time results for cryptarithm1: [0.87,1.31,1.12,0.99,0.79]
warning: dubious run time results for cryptarithm1: [0.91,1.38,1.18,1.03,0.83000004]
warning: dubious mut time results for cryptarithm1: [0.87,1.31,1.12,0.99,0.79]
warning: dubious run time results for cryptarithm1: [0.91,1.0999999,1.74,1.2900001,1.04]
warning: dubious mut time results for cryptarithm1: [0.87,1.05,1.64,1.21,1.0]
warning: dubious run time results for cryptarithm1: [0.91,1.0999999,1.74,1.2900001,1.04]
warning: dubious mut time results for cryptarithm1: [0.87,1.05,1.64,1.21,1.0]
warning: dubious run time results for cryptarithm1: [1.06,1.11,1.88,1.16,0.85]
warning: dubious mut time results for cryptarithm1: [1.02,1.07,1.77,1.1,0.81]
warning: dubious run time results for cryptarithm1: [1.06,1.11,1.88,1.16,0.85]
warning: dubious mut time results for cryptarithm1: [1.02,1.07,1.77,1.1,0.81]
warning: dubious run time results for cryptarithm1: [1.0699999,0.91,1.36,1.2399999,0.88]
warning: dubious mut time results for cryptarithm1: [1.01,0.87,1.28,1.18,0.84]
warning: dubious run time results for cryptarithm1: [1.0699999,0.91,1.36,1.2399999,0.88]
warning: dubious mut time results for cryptarithm1: [1.01,0.87,1.28,1.18,0.84]
warning: dubious run time results for cryptarithm1: [1.2900001,0.92,1.17,1.03,0.85999995]
warning: dubious mut time results for cryptarithm1: [1.22,0.88,1.11,0.98,0.83]
warning: dubious run time results for cryptarithm1: [1.2900001,0.92,1.17,1.03,0.85999995]
warning: dubious mut time results for cryptarithm1: [1.22,0.88,1.11,0.98,0.83]
warning: dubious run time results for cryptarithm1: [1.01,1.1999999,1.01,0.79999995,0.96000004]
warning: dubious mut time results for cryptarithm1: [0.97,1.14,0.96,0.77,0.92]
warning: dubious run time results for cryptarithm1: [1.01,1.1999999,1.01,0.79999995,0.96000004]
warning: dubious mut time results for cryptarithm1: [0.97,1.14,0.96,0.77,0.92]
warning: dubious run time results for cryptarithm1: [1.49,1.12,0.98,0.98,1.03]
warning: dubious mut time results for cryptarithm1: [1.4,1.07,0.94,0.93,0.97]
warning: dubious run time results for cryptarithm1: [1.49,1.12,0.98,0.98,1.03]
warning: dubious mut time results for cryptarithm1: [1.4,1.07,0.94,0.93,0.97]
warning: dubious run time results for cryptarithm1: [0.93,1.04,0.94,1.4000001,1.05]
warning: dubious mut time results for cryptarithm1: [0.89,0.99,0.9,1.32,1.0]
warning: dubious run time results for cryptarithm1: [0.93,1.04,0.94,1.4000001,1.05]
warning: dubious mut time results for cryptarithm1: [0.89,0.99,0.9,1.32,1.0]
warning: dubious run time results for cryptarithm1: [1.03,0.89000005,1.06,0.87,1.44]
warning: dubious mut time results for cryptarithm1: [0.98,0.85,1.01,0.83,1.35]
warning: dubious run time results for cryptarithm1: [1.03,0.89000005,1.06,0.87,1.44]
warning: dubious mut time results for cryptarithm1: [0.98,0.85,1.01,0.83,1.35]
warning: dubious run time results for cryptarithm1: [1.15,0.92,1.37,0.82,1.1099999]
warning: dubious mut time results for cryptarithm1: [1.09,0.88,1.3,0.79,1.06]
warning: dubious run time results for cryptarithm1: [1.15,0.92,1.37,0.82,1.1099999]
warning: dubious mut time results for cryptarithm1: [1.09,0.88,1.3,0.79,1.06]
warning: dubious run time results for cryptarithm1: [1.2900001,1.82,1.59,1.11,1.8]
warning: dubious mut time results for cryptarithm1: [1.22,1.7,1.5,1.07,1.68]
warning: dubious run time results for cryptarithm1: [1.2900001,1.82,1.59,1.11,1.8]
warning: dubious mut time results for cryptarithm1: [1.22,1.7,1.5,1.07,1.68]
warning: dubious run time results for cryptarithm1: [0.93,0.98,0.88,0.84,1.24]
warning: dubious mut time results for cryptarithm1: [0.89,0.94,0.84,0.81,1.17]
warning: dubious run time results for cryptarithm1: [0.93,0.98,0.88,0.84,1.24]
warning: dubious mut time results for cryptarithm1: [0.89,0.94,0.84,0.81,1.17]
warning: dubious run time results for cryptarithm1: [1.1600001,2.0700002,1.87,1.1099999,0.99]
warning: dubious mut time results for cryptarithm1: [1.09,1.94,1.76,1.06,0.94]
warning: dubious run time results for cryptarithm1: [1.1600001,2.0700002,1.87,1.1099999,0.99]
warning: dubious mut time results for cryptarithm1: [1.09,1.94,1.76,1.06,0.94]
warning: dubious run time results for cryptarithm1: [1.23,1.4100001,1.03,0.91,0.87]
warning: dubious mut time results for cryptarithm1: [1.16,1.33,0.98,0.87,0.83]
warning: dubious run time results for cryptarithm1: [1.23,1.4100001,1.03,0.91,0.87]
warning: dubious mut time results for cryptarithm1: [1.16,1.33,0.98,0.87,0.83]
warning: dubious run time results for cryptarithm1: [1.05,1.44,0.99,1.05,0.94]
warning: dubious mut time results for cryptarithm1: [1.0,1.35,0.95,1.0,0.9]
warning: dubious run time results for cryptarithm1: [1.05,1.44,0.99,1.05,0.94]
warning: dubious mut time results for cryptarithm1: [1.0,1.35,0.95,1.0,0.9]
warning: dubious run time results for cryptarithm1: [1.04,1.0899999,0.88,1.02,1.3000001]
warning: dubious mut time results for cryptarithm1: [0.99,1.03,0.84,0.96,1.23]
warning: dubious run time results for cryptarithm1: [1.04,1.0899999,0.88,1.02,1.3000001]
warning: dubious mut time results for cryptarithm1: [0.99,1.03,0.84,0.96,1.23]
warning: dubious run time results for cryptarithm1: [1.73,0.95000005,1.01,0.86,0.94]
warning: dubious mut time results for cryptarithm1: [1.63,0.91,0.96,0.82,0.89]
warning: dubious run time results for cryptarithm1: [1.73,0.95000005,1.01,0.86,0.94]
warning: dubious mut time results for cryptarithm1: [1.63,0.91,0.96,0.82,0.89]
warning: dubious run time results for cryptarithm1: [1.0899999,1.72,1.64,1.04,1.2700001]
warning: dubious mut time results for cryptarithm1: [1.04,1.62,1.55,0.99,1.2]
warning: dubious run time results for cryptarithm1: [1.0899999,1.72,1.64,1.04,1.2700001]
warning: dubious mut time results for cryptarithm1: [1.04,1.62,1.55,0.99,1.2]
warning: dubious run time results for cryptarithm1: [1.06,1.34,1.2,1.5,0.95000005]
warning: dubious mut time results for cryptarithm1: [1.01,1.26,1.13,1.41,0.91]
warning: dubious run time results for cryptarithm1: [1.06,1.34,1.2,1.5,0.95000005]
warning: dubious mut time results for cryptarithm1: [1.01,1.26,1.13,1.41,0.91]
warning: dubious run time results for cryptarithm1: [1.25,1.33,0.92,1.1099999,0.91]
warning: dubious mut time results for cryptarithm1: [1.18,1.25,0.88,1.05,0.87]
warning: dubious run time results for cryptarithm1: [1.25,1.33,0.92,1.1099999,0.91]
warning: dubious mut time results for cryptarithm1: [1.18,1.25,0.88,1.05,0.87]
warning: dubious run time results for cryptarithm1: [0.80999994,1.01,1.26,0.91,1.1199999]
warning: dubious mut time results for cryptarithm1: [0.78,0.96,1.18,0.85,1.06]
warning: dubious run time results for cryptarithm1: [0.80999994,1.01,1.26,0.91,1.1199999]
warning: dubious mut time results for cryptarithm1: [0.78,0.96,1.18,0.85,1.06]
warning: dubious run time results for cryptarithm1: [0.94,0.86999995,0.88,1.27,1.0899999]
warning: dubious mut time results for cryptarithm1: [0.9,0.84,0.84,1.21,1.04]
warning: dubious run time results for cryptarithm1: [0.94,0.86999995,0.88,1.27,1.0899999]
warning: dubious mut time results for cryptarithm1: [0.9,0.84,0.84,1.21,1.04]
warning: dubious run time results for cryptarithm1: [0.95000005,1.1600001,1.1500001,1.45,1.3000001]
warning: dubious mut time results for cryptarithm1: [0.91,1.09,1.08,1.35,1.22]
warning: dubious run time results for cryptarithm1: [0.95000005,1.1600001,1.1500001,1.45,1.3000001]
warning: dubious mut time results for cryptarithm1: [0.91,1.09,1.08,1.35,1.22]
warning: dubious run time results for cryptarithm1: [1.0699999,1.5600001,1.25,1.05,0.91]
warning: dubious mut time results for cryptarithm1: [1.01,1.47,1.17,1.0,0.87]
warning: dubious run time results for cryptarithm1: [1.0699999,1.5600001,1.25,1.05,0.91]
warning: dubious mut time results for cryptarithm1: [1.01,1.47,1.17,1.0,0.87]
warning: dubious run time results for cryptarithm1: [1.02,1.5500001,1.65,1.1800001,0.97]
warning: dubious mut time results for cryptarithm1: [0.97,1.46,1.55,1.11,0.92]
warning: dubious run time results for cryptarithm1: [1.02,1.5500001,1.65,1.1800001,0.97]
warning: dubious mut time results for cryptarithm1: [0.97,1.46,1.55,1.11,0.92]
warning: dubious run time results for cryptarithm1: [0.97,1.44,1.04,1.13,0.86]
warning: dubious mut time results for cryptarithm1: [0.93,1.36,0.99,1.07,0.82]
warning: dubious run time results for cryptarithm1: [0.97,1.44,1.04,1.13,0.86]
warning: dubious mut time results for cryptarithm1: [0.93,1.36,0.99,1.07,0.82]
warning: dubious run time results for cryptarithm1: [1.46,1.0,1.0999999,1.18,0.98]
warning: dubious mut time results for cryptarithm1: [1.38,0.96,1.05,1.13,0.94]
warning: dubious run time results for cryptarithm1: [1.46,1.0,1.0999999,1.18,0.98]
warning: dubious mut time results for cryptarithm1: [1.38,0.96,1.05,1.13,0.94]
warning: dubious run time results for cryptarithm1: [1.5600001,0.83,1.24,1.0899999,0.84]
warning: dubious mut time results for cryptarithm1: [1.47,0.8,1.17,1.04,0.81]
warning: dubious run time results for cryptarithm1: [1.5600001,0.83,1.24,1.0899999,0.84]
warning: dubious mut time results for cryptarithm1: [1.47,0.8,1.17,1.04,0.81]
Optimizing /h/ywang30/nofib/spectral/cryptarithm1
>>>>>>>>>>>>>>>START OPTIMIZATION>>>>>>>>>>>>>>>
pop: 15
gens: 13
arch: 7
Basetime is: 2.051819248e9
01000000010011000001100010010000 2.051819208e9
10101001001101110101110100001111 2.051819248e9
10100000100100101010011110011011 2.051819248e9
00001001001100100111000110100101 2.051819248e9
10000000000010000000010011100110 2.05839784e9
10100001111100010101000101001100 2.05839784e9
11100000100000000010100111111101 2.0583978e9
11011001001011000000111101110001 2.0583978e9
00001000011100101000111001101100 2.05839784e9
01110101010001000001101011111010 2.0583978e9
11101100100000001100111011010010 2.0583978e9
10111110000010000000010110101101 2.051819248e9
00001110000010000101000010101011 2.051819248e9
11010010000010011000001000100101 2.051819208e9
00110000011001101101011110101101 2.051819248e9
best: 0.9999999805051054
11001000000010000111000010111101 2.051819208e9
00001110010011000101000010111000 2.051819248e9
00001110010000101101101011101000 2.05839784e9
00001100001010000101000110001011 2.051819248e9
10110000000100101001011111111010 2.05839784e9
11110000000001000010110111110001 2.0583978e9
00011000001010001101011010101111 2.051819248e9
11111110000010001000011110101101 2.051819208e9
01110010010011011001011100101101 2.051819208e9
10011110110011111111001001110101 2.05839784e9
00000100110001000100101010001000 2.051819248e9
00010000011001000101101011101010 2.05839784e9
00110110011001101111111010110010 2.051819248e9
00011010010110101101111001101010 2.05839784e9
00011110010000000000010111100111 2.05839784e9
01000000010011000001100010010000 2.051819208e9
11010010000010011000001000100101 2.051819208e9
10101001001101110101110100001111 2.051819248e9
10100000100100101010011110011011 2.051819248e9
00001001001100100111000110100101 2.051819248e9
10111110000010000000010110101101 2.051819248e9
00001110000010000101000010101011 2.051819248e9
best: 0.9999999805051054
11110000000010001000001000000101 2.051819208e9
01101110001010001100011110101011 2.051819208e9
01010010000011011001011000100101 2.051819208e9
01100110011011000011111010010000 2.051819208e9
10101101011101111101100001001100 2.05839784e9
01111010000011011001011110101101 2.051819208e9
11001000000010000111000010111101 2.051819208e9
01001000000110100111000010111101 2.051819208e9
00110000100000011010011100011001 2.051819248e9
01011000000111110111100010111011 2.051819208e9
10011001011010101101010110001111 2.051819248e9
00001100001011010101000011100001 2.05839784e9
01010001001110100111100110110111 2.051819208e9
00011001001011001101001011100101 2.05839784e9
01111110100010000111100010111100 2.051819208e9
11001000000010000111000010111101 2.051819208e9
11111110000010001000011110101101 2.051819208e9
01110010010011011001011100101101 2.051819208e9
01000000010011000001100010010000 2.051819208e9
11010010000010011000001000100101 2.051819208e9
00001110010011000101000010111000 2.051819248e9
00001100001010000101000110001011 2.051819248e9
best: 0.9999999805051054
01010010000010011000001000100101 2.051819208e9
01011010000110010011001010100001 2.051819208e9
00101110000011000111000010111100 2.051819248e9
11010000000011011001011000100101 2.051819208e9
11111010000010001000001110001101 2.051819208e9
11111010000010001000011000101101 2.051819208e9
01011000010011110101100010010010 2.051819208e9
01111110100010011000001010100101 2.051819208e9
01001000000110101101000110111101 2.051819208e9
00101000010111111011000010111101 2.051819248e9
01010001010011010001111011110001 2.0583978e9
11000010010011001100001101101010 2.0583978e9
11001001010010011000101010111100 2.051819208e9
11110011010010101011001101000111 2.0583978e9
01011010010101100111000110111101 2.051819208e9
11110000000010001000001000000101 2.051819208e9
01101110001010001100011110101011 2.051819208e9
01010010000011011001011000100101 2.051819208e9
01100110011011000011111010010000 2.051819208e9
01111010000011011001011110101101 2.051819208e9
11001000000010000111000010111101 2.051819208e9
01001000000110100111000010111101 2.051819208e9
best: 0.9999999805051054
11010100001011001011011000100100 2.051819208e9
01110010000010001000001100001101 2.051819208e9
01110100100011011000001010100101 2.051819208e9
01111000000010101011001010101101 2.051819208e9
01001010000110001011001010101101 2.051819208e9
01001100000010010101111010010011 2.051819208e9
01100110001010011011101010010000 2.051819208e9
11111000000010001000001010000101 2.051819208e9
01010110000011011001011010100101 2.051819208e9
01011011000010011000100101100101 2.0583978e9
01111011001110000000101100000101 2.051819208e9
10001001010010011100010010011100 2.051819248e9
11100010010000000011010110010100 2.051819208e9
01100110001010000001011001010011 2.0583978e9
11100100110011010011101100001000 2.051819208e9
01010010000010011000001000100101 2.051819208e9
01011010000110010011001010100001 2.051819208e9
11010000000011011001011000100101 2.051819208e9
11111010000010001000001110001101 2.051819208e9
11111010000010001000011000101101 2.051819208e9
01011000010011110101100010010010 2.051819208e9
01111110100010011000001010100101 2.051819208e9
best: 0.9999999805051054
01111011000110001001101010000101 2.051819208e9
01011001001110100101100000000011 2.051819208e9
01000010000010011000001000100101 2.051819208e9
01011000000110100011001010100101 2.051819208e9
01011000000010001101101010010011 2.051819208e9
11110010000010001000011100001101 2.051819208e9
01010000011011100111001000100110 2.051819208e9
01110010000010011001111100000101 2.051819208e9
11000000100011010011111100001100 2.051819208e9
00010000101000000011011010101100 2.051819248e9
01000010100000001000001000110111 2.051819208e9
11111110000000111100011110000110 2.051819208e9
01101011000010000101001010100101 2.051819208e9
00111110000011001001001100010101 2.051819248e9
01111010100011011000001101100101 2.0583978e9
11010100001011001011011000100100 2.051819208e9
01110010000010001000001100001101 2.051819208e9
01110100100011011000001010100101 2.051819208e9
01111000000010101011001010101101 2.051819208e9
01001010000110001011001010101101 2.051819208e9
01001100000010010101111010010011 2.051819208e9
01100110001010011011101010010000 2.051819208e9
best: 0.9999999805051054
01110010000010001010001000001101 2.051819208e9
01011000011010100011001010100101 2.051819208e9
01110011000110001001101000000101 2.051819208e9
11110010000010001000001100001101 2.051819208e9
01011010000110100011001010101101 2.051819208e9
01111010000010011001111000010011 2.051819208e9
11010000000011000010111100001100 2.051819208e9
01111000001010101011001010101001 2.051819208e9
01011001001010101011111000000011 2.051819208e9
01010010000110001111001110100101 2.051819208e9
11001010011010011000101011101101 2.0583978e9
01110010001011001000011001111101 2.0583978e9
01111010001011110111111100000100 2.051819208e9
11011010101010000010111011100101 2.0583978e9
01101011001110110100100000001000 2.051819208e9
01111011000110001001101010000101 2.051819208e9
01011001001110100101100000000011 2.051819208e9
01000010000010011000001000100101 2.051819208e9
01011000000110100011001010100101 2.051819208e9
01011000000010001101101010010011 2.051819208e9
11110010000010001000011100001101 2.051819208e9
01010000011011100111001000100110 2.051819208e9
best: 0.9999999805051054
01111000000010100011001010101101 2.051819208e9
01010000000010000100101100010111 2.051819208e9
01111001000110100011001010000101 2.051819208e9
01011000000110001011101010100101 2.051819208e9
01010010000010001001001000100101 2.051819208e9
01111011000110011001101000000111 2.051819208e9
01011011001110001001101000000011 2.051819208e9
01011001000110100011100000000011 2.051819208e9
11010000001010000011111110001101 2.051819208e9
11011111100010011001111000100011 2.051819208e9
01110011011010100101000000011110 2.051819208e9
01110010010010010000011100101011 2.051819208e9
11110010001110000010001110001000 2.051819208e9
00101011001011011100000000011000 2.051819248e9
11100011001110101110100000011000 2.051819208e9
01110010000010001010001000001101 2.051819208e9
01011000011010100011001010100101 2.051819208e9
01110011000110001001101000000101 2.051819208e9
11110010000010001000001100001101 2.051819208e9
01011010warning: dubious run time results for cryptarithm1: [0.99,0.93,0.88,1.51,0.85]
warning: dubious mut time results for cryptarithm1: [0.94,0.89,0.84,1.42,0.81]
warning: dubious run time results for cryptarithm1: [0.99,0.93,0.88,1.51,0.85]
warning: dubious mut time results for cryptarithm1: [0.94,0.89,0.84,1.42,0.81]
warning: dubious run time results for cryptarithm1: [0.98,0.94,0.85,1.23,0.83]
warning: dubious mut time results for cryptarithm1: [0.93,0.89,0.81,1.16,0.8]
warning: dubious run time results for cryptarithm1: [0.98,0.94,0.85,1.23,0.83]
warning: dubious mut time results for cryptarithm1: [0.93,0.89,0.81,1.16,0.8]
warning: dubious run time results for cryptarithm1: [0.92,0.95000005,0.82,1.3900001,1.14]
warning: dubious mut time results for cryptarithm1: [0.88,0.91,0.79,1.32,1.09]
warning: dubious run time results for cryptarithm1: [0.92,0.95000005,0.82,1.3900001,1.14]
warning: dubious mut time results for cryptarithm1: [0.88,0.91,0.79,1.32,1.09]
warning: dubious run time results for cryptarithm1: [0.91,0.80999994,1.2299999,0.93,0.99]
warning: dubious mut time results for cryptarithm1: [0.87,0.78,1.17,0.89,0.94]
warning: dubious run time results for cryptarithm1: [0.91,0.80999994,1.2299999,0.93,0.99]
warning: dubious mut time results for cryptarithm1: [0.87,0.78,1.17,0.89,0.94]
warning: dubious run time results for cryptarithm1: [1.01,0.91,1.3900001,1.01,0.85999995]
warning: dubious mut time results for cryptarithm1: [0.97,0.87,1.32,0.97,0.83]
warning: dubious run time results for cryptarithm1: [1.01,0.91,1.3900001,1.01,0.85999995]
warning: dubious mut time results for cryptarithm1: [0.97,0.87,1.32,0.97,0.83]
warning: dubious run time results for cryptarithm1: [1.1099999,1.11,0.95000005,0.85999995,1.25]
warning: dubious mut time results for cryptarithm1: [1.06,1.07,0.91,0.83,1.2]
warning: dubious run time results for cryptarithm1: [1.1099999,1.11,0.95000005,0.85999995,1.25]
warning: dubious mut time results for cryptarithm1: [1.06,1.07,0.91,0.83,1.2]
warning: dubious run time results for cryptarithm1: [1.04,0.88,1.1099999,1.0799999,1.37]
warning: dubious mut time results for cryptarithm1: [1.0,0.84,1.06,1.04,1.28]
warning: dubious run time results for cryptarithm1: [1.04,0.88,1.1099999,1.0799999,1.37]
warning: dubious mut time results for cryptarithm1: [1.0,0.84,1.06,1.04,1.28]
warning: dubious run time results for cryptarithm1: [1.58,1.1099999,0.96000004,0.84,0.93]
warning: dubious mut time results for cryptarithm1: [1.5,1.05,0.92,0.81,0.89]
warning: dubious run time results for cryptarithm1: [1.58,1.1099999,0.96000004,0.84,0.93]
warning: dubious mut time results for cryptarithm1: [1.5,1.05,0.92,0.81,0.89]
warning: dubious run time results for cryptarithm1: [0.90000004,1.39,0.91,1.0,0.99]
warning: dubious mut time results for cryptarithm1: [0.86,1.31,0.87,0.96,0.94]
warning: dubious run time results for cryptarithm1: [0.90000004,1.39,0.91,1.0,0.99]
warning: dubious mut time results for cryptarithm1: [0.86,1.31,0.87,0.96,0.94]
warning: dubious run time results for cryptarithm1: [1.37,0.94,1.06,0.91,1.02]
warning: dubious mut time results for cryptarithm1: [1.3,0.89,1.0,0.87,0.98]
warning: dubious run time results for cryptarithm1: [1.37,0.94,1.06,0.91,1.02]
warning: dubious mut time results for cryptarithm1: [1.3,0.89,1.0,0.87,0.98]
warning: dubious run time results for cryptarithm1: [0.99,1.06,1.3100001,1.05,0.89000005]
warning: dubious mut time results for cryptarithm1: [0.94,1.01,1.22,1.0,0.85]
warning: dubious run time results for cryptarithm1: [0.99,1.06,1.3100001,1.05,0.89000005]
warning: dubious mut time results for cryptarithm1: [0.94,1.01,1.22,1.0,0.85]
warning: dubious run time results for cryptarithm1: [1.74,1.0699999,1.14,1.14,0.95000005]
warning: dubious mut time results for cryptarithm1: [1.64,1.02,1.09,1.09,0.91]
warning: dubious run time results for cryptarithm1: [1.74,1.0699999,1.14,1.14,0.95000005]
warning: dubious mut time results for cryptarithm1: [1.64,1.02,1.09,1.09,0.91]
warning: dubious run time results for cryptarithm1: [1.16,1.12,0.98,1.2700001,0.89]
warning: dubious run time results for cryptarithm1: [1.16,1.12,0.98,1.2700001,0.89]
warning: dubious run time results for cryptarithm1: [1.49,1.1099999,0.92,0.92,0.94]
warning: dubious mut time results for cryptarithm1: [1.4,1.05,0.88,0.88,0.9]
warning: dubious run time results for cryptarithm1: [1.49,1.1099999,0.92,0.92,0.94]
warning: dubious mut time results for cryptarithm1: [1.4,1.05,0.88,0.88,0.9]
warning: dubious run time results for cryptarithm1: [1.03,1.02,0.89000005,0.84000003,1.34]
warning: dubious mut time results for cryptarithm1: [0.98,0.97,0.85,0.8,1.26]
warning: dubious run time results for cryptarithm1: [1.03,1.02,0.89000005,0.84000003,1.34]
warning: dubious mut time results for cryptarithm1: [0.98,0.97,0.85,0.8,1.26]
warning: dubious run time results for cryptarithm1: [0.92,1.2900001,1.31,0.99,1.38]
warning: dubious mut time results for cryptarithm1: [0.88,1.22,1.25,0.94,1.3]
warning: dubious run time results for cryptarithm1: [0.92,1.2900001,1.31,0.99,1.38]
warning: dubious mut time results for cryptarithm1: [0.88,1.22,1.25,0.94,1.3]
warning: dubious run time results for cryptarithm1: [2.2600002,0.89,0.84,1.2199999,1.0999999]
warning: dubious mut time results for cryptarithm1: [2.13,0.86,0.81,1.16,1.05]
warning: dubious run time results for cryptarithm1: [2.2600002,0.89,0.84,1.2199999,1.0999999]
warning: dubious mut time results for cryptarithm1: [2.13,0.86,0.81,1.16,1.05]
warning: dubious run time results for cryptarithm1: [0.91,1.05,0.85999995,1.0699999,1.64]
warning: dubious mut time results for cryptarithm1: [0.87,1.0,0.83,1.02,1.54]
warning: dubious run time results for cryptarithm1: [0.91,1.05,0.85999995,1.0699999,1.64]
warning: dubious mut time results for cryptarithm1: [0.87,1.0,0.83,1.02,1.54]
warning: dubious run time results for cryptarithm1: [0.96000004,1.0699999,1.05,1.48,0.95000005]
warning: dubious mut time results for cryptarithm1: [0.91,1.01,0.99,1.39,0.91]
warning: dubious run time results for cryptarithm1: [0.96000004,1.0699999,1.05,1.48,0.95000005]
warning: dubious mut time results for cryptarithm1: [0.91,1.01,0.99,1.39,0.91]
warning: dubious run time results for cryptarithm1: [0.97,1.45,1.2199999,1.13,0.91]
warning: dubious mut time results for cryptarithm1: [0.93,1.37,1.16,1.07,0.87]
warning: dubious run time results for cryptarithm1: [0.97,1.45,1.2199999,1.13,0.91]
warning: dubious mut time results for cryptarithm1: [0.93,1.37,1.16,1.07,0.87]
warning: dubious run time results for cryptarithm1: [0.88,0.94,0.98,1.5,1.02]
warning: dubious mut time results for cryptarithm1: [0.84,0.9,0.94,1.39,0.97]
warning: dubious run time results for cryptarithm1: [0.88,0.94,0.98,1.5,1.02]
warning: dubious mut time results for cryptarithm1: [0.84,0.9,0.94,1.39,0.97]
warning: dubious run time results for cryptarithm1: [1.17,1.44,1.0699999,1.0,1.0899999]
warning: dubious mut time results for cryptarithm1: [1.11,1.37,1.02,0.96,1.03]
warning: dubious run time results for cryptarithm1: [1.17,1.44,1.0699999,1.0,1.0899999]
warning: dubious mut time results for cryptarithm1: [1.11,1.37,1.02,0.96,1.03]
warning: dubious run time results for cryptarithm1: [0.95000005,1.14,1.26,0.86,0.98]
warning: dubious mut time results for cryptarithm1: [0.91,1.08,1.18,0.82,0.93]
warning: dubious run time results for cryptarithm1: [0.95000005,1.14,1.26,0.86,0.98]
warning: dubious mut time results for cryptarithm1: [0.91,1.08,1.18,0.82,0.93]
warning: dubious run time results for cryptarithm1: [1.14,0.99,0.87,1.18,0.84000003]
warning: dubious run time results for cryptarithm1: [1.14,0.99,0.87,1.18,0.84000003]
warning: dubious run time results for cryptarithm1: [0.90000004,0.84999996,1.0799999,2.2600002,0.92]
warning: dubious mut time results for cryptarithm1: [0.86,0.82,1.02,2.13,0.88]
warning: dubious run time results for cryptarithm1: [0.90000004,0.84999996,1.0799999,2.2600002,0.92]
warning: dubious mut time results for cryptarithm1: [0.86,0.82,1.02,2.13,0.88]
warning: dubious run time results for cryptarithm1: [1.04,1.44,1.03,1.02,1.0799999]
warning: dubious run time results for cryptarithm1: [1.04,1.44,1.03,1.02,1.0799999]
warning: dubious run time results for cryptarithm1: [1.0899999,1.2099999,1.57,1.05,1.16]
warning: dubious mut time results for cryptarithm1: [1.04,1.15,1.48,1.0,1.11]
warning: dubious run time results for cryptarithm1: [1.0899999,1.2099999,1.57,1.05,1.16]
warning: dubious mut time results for cryptarithm1: [1.04,1.15,1.48,1.0,1.11]
warning: dubious run time results for cryptarithm1: [0.98,1.03,0.83000004,0.82,1.5]
warning: dubious mut time results for cryptarithm1: [0.93,0.99,0.79,0.79,1.42]
warning: dubious run time results for cryptarithm1: [0.98,1.03,0.83000004,0.82,1.5]
warning: dubious mut time results for cryptarithm1: [0.93,0.99,0.79,0.79,1.42]
000110100011001010101101 2.051819208e9
01111010000010011001111000010011 2.051819208e9
11010000000011000010111100001100 2.051819208e9
best: 0.9999999805051054
11110011000110001010001000011101 2.051819208e9
01011001000010000011101010001111 2.051819208e9
01110010000010000010101110011011 2.051819208e9
01110010010010000000111100111111 2.051819208e9
01111011000110000011101010000101 2.051819208e9
11010010001010000010001110001000 2.051819208e9
01110011011010101100000000011110 2.051819208e9
11010010001010000011101100100101 2.051819208e9
11100010001010101110100000011000 2.051819208e9
01101001100010100011001010011000 2.051819208e9
01010000001001000011111010011001 2.051819208e9
01110011011000110011000001100110 2.0583978e9
11101010010010110011001111101101 2.0583978e9
10010010000111000110101010011100 2.051819248e9
01010010111111001110001010110101 2.051819208e9
01111000000010100011001010101101 2.051819208e9
01010000000010000100101100010111 2.051819208e9
01111001000110100011001010000101 2.051819208e9
01011000000110001011101010100101 2.051819208e9
01010010000010001001001000100101 2.051819208e9
01111011000110011001101000000111 2.051819208e9
01011011001110001001101000000011 2.051819208e9
best: 0.9999999805051054
11010010001010000011001110101100 2.051819208e9
01011011001110001001101000000111 2.051819208e9
01100011111011000011001010110101 2.051819208e9
01010001000110000011001010000101 2.051819208e9
01110011011000101000100010011110 2.051819208e9
01100000001010100011001000011000 2.051819208e9
01010000001011000011111000011011 2.051819208e9
11110010001010001000001100011000 2.051819208e9
01110010000010000010001010011001 2.051819208e9
01110010111011000111011011000000 2.0583978e9
01000011110100000000101010100000 2.051819208e9
00110001010110010111101011000100 2.05839784e9
11110000110110001111011000100000 2.051819208e9
01011010011010010010011110000000 2.051819208e9
11101011110010111010100110010001 2.051819208e9
11110011000110001010001000011101 2.051819208e9
01011001000010000011101010001111 2.051819208e9
01110010000010000010101110011011 2.051819208e9
01110010010010000000111100111111 2.051819208e9
01111011000110000011101010000101 2.051819208e9
11010010001010000010001110001000 2.051819208e9
01110011011010101100000000011110 2.051819208e9
best: 0.9999999805051054
11101011110110111011100010010001 2.051819208e9
11111011000110000011001010011101 2.051819208e9
11101011110010011011000010110001 2.051819208e9
01011011011010101010100010001111 2.051819208e9
01010001000110000011001010000101 2.051819208e9
01110011001010000000001100111110 2.051819208e9
01000010010100000000101110100000 2.051819208e9
11111001000010111011101010000001 2.051819208e9
01100000000010100010001100011011 2.051819208e9
01110100001010010001111001010100 2.0583978e9
01010011011000011101110000011000 2.051819208e9
11010000001110011010111000001001 2.051819208e9
01111011100010010111010010010001 2.051819208e9
01110111001011000010100011011101 2.0583978e9
11110011110000001000111101011101 2.0583978e9
11010010001010000011001110101100 2.051819208e9
01011011001110001001101000000111 2.051819208e9
01100011111011000011001010110101 2.051819208e9
01010001000110000011001010000101 2.051819208e9
01110011011000101000100010011110 2.051819208e9
01100000001010100011001000011000 2.051819208e9
01010000001011000011111000011011 2.051819208e9
best: 0.9999999805051054
01100010011000101000101010011100 2.051819208e9
01001001011010101010100110001111 2.051819208e9
01101011001010001000100010011100 2.051819208e9
11111011011011000011001010111101 2.051819208e9
01010011010010000011101010011101 2.051819208e9
01110001000110100011100010000101 2.051819208e9
01100010001011000011111000011101 2.051819208e9
11111001010010101011100010001111 2.051819208e9
01010000001110010011001010001001 2.051819208e9
10100001001001000011000110111001 2.051819248e9
11010101101000000001000110110100 2.051819208e9
11111001000100001111101011100110 2.0583978e9
01000000010110100100101111100101 2.0583978e9
01110011110000110000101100111100 2.051819208e9
00111000101110001001100000010011 2.051819248e9
11101011110110111011100010010001 2.051819208e9
11111011000110000011001010011101 2.051819208e9
11101011110010011011000010110001 2.051819208e9
01011011011010101010100010001111 2.051819208e9
01010001000110000011001010000101 2.051819208e9
01110011001010000000001100111110 2.051819208e9
01000010010100000000101110100000 2.051819208e9
best: 0.9999999805051054
01011011001011100010111000011111 2.051819208e9
01000011011000001010100110100100 2.051819208e9
01011001111110011011100010001001 2.051819208e9
01110001001110000010001100100110 2.051819208e9
11111011000111000011001010011101 2.051819208e9
01110001100000100000000110110100 2.051819208e9
11100001000011000011111000001111 2.051819208e9
01110011001110000011001010011101 2.051819208e9
01100010011000001001101010011100 2.051819208e9
01010000010110000100101110100001 2.051819208e9
01110001011100100000100101111111 2.0583978e9
11010101101101101011000101110110 2.0583978e9
11001011011011000011000110011101 2.051819208e9
01000010001100011111100001110100 2.0583978e9
11000000000000010100100101111111 2.0583978e9
01100010011000101000101010011100 2.051819208e9
01001001011010101010100110001111 2.051819208e9
01101011001010001000100010011100 2.051819208e9
11111011011011000011001010111101 2.051819208e9
01010011010010000011101010011101 2.051819208e9
01110001000110100011100010000101 2.051819208e9
01100010001011000011111000011101 2.051819208e9
best: 0.9999999805051054
done evolving!
"all is well:)"
>>>>>>>>>>>>>>FINISH OPTIMIZATION>>>>>>>>>>>>>>>
2014.49user 1087.69system 1:04:05elapsed 80%CPU (0avgtext+0avgdata 130520maxresident)k
1002016inputs+4503280outputs (516major+67092276minor)pagefaults 0swaps
