warning: dubious run time results for gen_regexps: [3.27,2.92,2.0,2.35,1.76]
warning: dubious mut time results for gen_regexps: [2.49,2.23,1.49,1.79,1.28]
warning: dubious GC time results for gen_regexps: [0.78,0.69,0.51,0.56,0.48]
warning: dubious run time results for gen_regexps: [3.27,2.92,2.0,2.35,1.76]
warning: dubious mut time results for gen_regexps: [2.49,2.23,1.49,1.79,1.28]
warning: dubious GC time results for gen_regexps: [0.78,0.69,0.51,0.56,0.48]
Optimizing /h/ywang30/nofib/imaginary/gen_regexps
>>>>>>>>>>>>>>>START OPTIMIZATION>>>>>>>>>>>>>>>
pop: 1
gens: 1
arch: 1
Basetime is: 7.71678552e8
01000000010011000001100010010000110101000101100101100 7.71678552e8
best: 1.0
done evolving!
"all is well:)"
>>>>>>>>>>>>>>FINISH OPTIMIZATION>>>>>>>>>>>>>>>
26.03user 3.54system 0:52.88elapsed 55%CPU (0avgtext+0avgdata 109416maxresident)k
6824inputs+9472outputs (2major+790869minor)pagefaults 0swaps
warning: dubious mut time results for gen_regexps: [1.75,1.39,1.45,1.39,1.95]
warning: dubious mut time results for gen_regexps: [1.75,1.39,1.45,1.39,1.95]
warning: dubious run time results for gen_regexps: [2.72,2.2,2.21,2.31,1.93]
warning: dubious mut time results for gen_regexps: [2.04,1.64,1.63,1.72,1.4]
warning: dubious run time results for gen_regexps: [2.72,2.2,2.21,2.31,1.93]
warning: dubious mut time results for gen_regexps: [2.04,1.64,1.63,1.72,1.4]
warning: dubious run time results for gen_regexps: [2.19,2.6599998,1.91,1.98,1.89]
warning: dubious mut time results for gen_regexps: [1.63,2.01,1.4,1.45,1.4]
warning: dubious run time results for gen_regexps: [2.19,2.6599998,1.91,1.98,1.89]
warning: dubious mut time results for gen_regexps: [1.63,2.01,1.4,1.45,1.4]
warning: dubious mut time results for gen_regexps: [1.33,1.45,1.48,1.3,1.88]
warning: dubious mut time results for gen_regexps: [1.33,1.45,1.48,1.3,1.88]
warning: dubious run time results for gen_regexps: [2.9,1.8100001,2.69,3.4499998,2.96]
warning: dubious mut time results for gen_regexps: [2.16,1.32,2.02,2.61,2.21]
warning: dubious GC time results for gen_regexps: [0.74,0.49,0.67,0.84,0.75]
warning: dubious run time results for gen_regexps: [2.9,1.8100001,2.69,3.4499998,2.96]
warning: dubious mut time results for gen_regexps: [2.16,1.32,2.02,2.61,2.21]
warning: dubious GC time results for gen_regexps: [0.74,0.49,0.67,0.84,0.75]
warning: dubious run time results for gen_regexps: [2.74,2.09,3.26,2.33,2.8200002]
warning: dubious mut time results for gen_regexps: [1.99,1.54,2.5,1.73,2.15]
warning: dubious run time results for gen_regexps: [2.74,2.09,3.26,2.33,2.8200002]
warning: dubious mut time results for gen_regexps: [1.99,1.54,2.5,1.73,2.15]
warning: dubious run time results for gen_regexps: [2.51,3.7399998,2.1,2.2,2.25]
warning: dubious mut time results for gen_regexps: [1.87,2.87,1.55,1.66,1.67]
warning: dubious GC time results for gen_regexps: [0.64,0.87,0.55,0.54,0.58]
warning: dubious run time results for gen_regexps: [2.51,3.7399998,2.1,2.2,2.25]
warning: dubious mut time results for gen_regexps: [1.87,2.87,1.55,1.66,1.67]
warning: dubious GC time results for gen_regexps: [0.64,0.87,0.55,0.54,0.58]
warning: dubious run time results for gen_regexps: [2.8700001,1.79,1.98,3.23,2.16]
warning: dubious mut time results for gen_regexps: [2.2,1.3,1.47,2.48,1.61]
warning: dubious GC time results for gen_regexps: [0.67,0.49,0.51,0.75,0.55]
warning: dubious run time results for gen_regexps: [2.8700001,1.79,1.98,3.23,2.16]
warning: dubious mut time results for gen_regexps: [2.2,1.3,1.47,2.48,1.61]
warning: dubious GC time results for gen_regexps: [0.67,0.49,0.51,0.75,0.55]
warning: dubious run time results for gen_regexps: [2.69,2.55,2.22,2.71,8.309999]
warning: dubious mut time results for gen_regexps: [2.03,1.9,1.62,2.08,6.47]
warning: dubious GC time results for gen_regexps: [0.66,0.65,0.6,0.63,1.84]
warning: dubious run time results for gen_regexps: [2.69,2.55,2.22,2.71,8.309999]
warning: dubious mut time results for gen_regexps: [2.03,1.9,1.62,2.08,6.47]
warning: dubious GC time results for gen_regexps: [0.66,0.65,0.6,0.63,1.84]
warning: dubious run time results for gen_regexps: [1.96,2.62,2.1399999,2.37,3.3899999]
warning: dubious mut time results for gen_regexps: [1.48,1.98,1.55,1.72,2.6]
warning: dubious GC time results for gen_regexps: [0.48,0.64,0.59,0.65,0.79]
warning: dubious run time results for gen_regexps: [1.96,2.62,2.1399999,2.37,3.3899999]
warning: dubious mut time results for gen_regexps: [1.48,1.98,1.55,1.72,2.6]
warning: dubious GC time results for gen_regexps: [0.48,0.64,0.59,0.65,0.79]
warning: dubious run time results for gen_regexps: [2.62,1.97,2.29,3.07,2.6]
warning: dubious mut time results for gen_regexps: [1.89,1.46,1.66,2.33,1.84]
warning: dubious GC time results for gen_regexps: [0.73,0.51,0.63,0.74,0.76]
warning: dubious run time results for gen_regexps: [2.62,1.97,2.29,3.07,2.6]
warning: dubious mut time results for gen_regexps: [1.89,1.46,1.66,2.33,1.84]
warning: dubious GC time results for gen_regexps: [0.73,0.51,0.63,0.74,0.76]
warning: dubious GC time results for gen_regexps: [0.76,0.91,0.95,1.11,1.11]
warning: dubious GC time results for gen_regexps: [0.76,0.91,0.95,1.11,1.11]
warning: dubious run time results for gen_regexps: [5.4,2.44,2.38,4.02,2.32]
warning: dubious mut time results for gen_regexps: [4.19,1.74,1.78,3.0,1.74]
warning: dubious GC time results for gen_regexps: [1.21,0.7,0.6,1.02,0.58]
warning: dubious run time results for gen_regexps: [5.4,2.44,2.38,4.02,2.32]
warning: dubious mut time results for gen_regexps: [4.19,1.74,1.78,3.0,1.74]
warning: dubious GC time results for gen_regexps: [1.21,0.7,0.6,1.02,0.58]
warning: dubious run time results for gen_regexps: [2.22,2.8600001,2.19,3.16,2.18]
warning: dubious mut time results for gen_regexps: [1.68,2.19,1.59,2.41,1.61]
warning: dubious run time results for gen_regexps: [2.22,2.8600001,2.19,3.16,2.18]
warning: dubious mut time results for gen_regexps: [1.68,2.19,1.59,2.41,1.61]
warning: dubious run time results for gen_regexps: [2.0,1.92,2.6599998,4.12,1.99]
warning: dubious mut time results for gen_regexps: [1.48,1.4,2.01,3.09,1.47]
warning: dubious GC time results for gen_regexps: [0.52,0.52,0.65,1.03,0.52]
warning: dubious run time results for gen_regexps: [2.0,1.92,2.6599998,4.12,1.99]
warning: dubious mut time results for gen_regexps: [1.48,1.4,2.01,3.09,1.47]
warning: dubious GC time results for gen_regexps: [0.52,0.52,0.65,1.03,0.52]
warning: dubious run time results for gen_regexps: [2.0,2.54,3.5500002,2.0,2.43]
warning: dubious mut time results for gen_regexps: [1.47,1.85,2.64,1.5,1.85]
warning: dubious GC time results for gen_regexps: [0.53,0.69,0.91,0.5,0.58]
warning: dubious run time results for gen_regexps: [2.0,2.54,3.5500002,2.0,2.43]
warning: dubious mut time results for gen_regexps: [1.47,1.85,2.64,1.5,1.85]
warning: dubious GC time results for gen_regexps: [0.53,0.69,0.91,0.5,0.58]
warning: dubious run time results for gen_regexps: [3.6399999,2.69,2.92,2.07,3.01]
warning: dubious mut time results for gen_regexps: [2.74,1.96,2.23,1.49,2.18]
warning: dubious GC time results for gen_regexps: [0.9,0.73,0.69,0.58,0.83]
warning: dubious run time results for gen_regexps: [3.6399999,2.69,2.92,2.07,3.01]
warning: dubious mut time results for gen_regexps: [2.74,1.96,2.23,1.49,2.18]
warning: dubious GC time results for gen_regexps: [0.9,0.73,0.69,0.58,0.83]
warning: dubious run time results for gen_regexps: [2.27,2.47,3.76,2.48,1.9499999]
warning: dubious mut time results for gen_regexps: [1.72,1.88,2.82,1.88,1.43]
warning: dubious GC time results for gen_regexps: [0.55,0.59,0.94,0.6,0.52]
warning: dubious run time results for gen_regexps: [2.27,2.47,3.76,2.48,1.9499999]
warning: dubious mut time results for gen_regexps: [1.72,1.88,2.82,1.88,1.43]
warning: dubious GC time results for gen_regexps: [0.55,0.59,0.94,0.6,0.52]
warning: dubious run time results for gen_regexps: [2.3600001,2.53,2.8100002,1.92,2.88]
warning: dubious mut time results for gen_regexps: [1.71,1.87,2.13,1.41,2.18]
warning: dubious run time results for gen_regexps: [2.3600001,2.53,2.8100002,1.92,2.88]
warning: dubious mut time results for gen_regexps: [1.71,1.87,2.13,1.41,2.18]
warning: dubious GC time results for gen_regexps: [0.6,0.48,0.68,0.54,0.55]
warning: dubious GC time results for gen_regexps: [0.6,0.48,0.68,0.54,0.55]
warning: dubious run time results for gen_regexps: [2.1599998,2.08,2.01,2.13,3.96]
warning: dubious mut time results for gen_regexps: [1.54,1.55,1.5,1.58,3.03]
warning: dubious GC time results for gen_regexps: [0.62,0.53,0.51,0.55,0.93]
warning: dubious run time results for gen_regexps: [2.1599998,2.08,2.01,2.13,3.96]
warning: dubious mut time results for gen_regexps: [1.54,1.55,1.5,1.58,3.03]
warning: dubious GC time results for gen_regexps: [0.62,0.53,0.51,0.55,0.93]
warning: dubious mut time results for gen_regexps: [1.44,1.8,1.67,2.1,1.51]
warning: dubious mut time results for gen_regexps: [1.44,1.8,1.67,2.1,1.51]
warning: dubious run time results for gen_regexps: [2.04,2.6,1.97,2.0,1.8]
warning: dubious mut time results for gen_regexps: [1.52,1.99,1.44,1.48,1.3]
warning: dubious run time results for gen_regexps: [2.04,2.6,1.97,2.0,1.8]
warning: dubious mut time results for gen_regexps: [1.52,1.99,1.44,1.48,1.3]
warning: dubious run time results for gen_regexps: [2.17,2.23,2.65,1.74,1.99]
warning: dubious mut time results for gen_regexps: [1.6,1.65,1.98,1.27,1.48]
warning: dubious GC time results for gen_regexps: [0.57,0.58,0.67,0.47,0.51]
warning: dubious run time results for gen_regexps: [2.17,2.23,2.65,1.74,1.99]
warning: dubious mut time results for gen_regexps: [1.6,1.65,1.98,1.27,1.48]
warning: dubious GC time results for gen_regexps: [0.57,0.58,0.67,0.47,0.51]
warning: dubious run time results for gen_regexps: [2.13,2.21,3.97,1.78,1.74]
warning: dubious mut time results for gen_regexps: [1.59,1.62,3.0,1.3,1.27]
warning: dubious GC time results for gen_regexps: [0.54,0.59,0.97,0.48,0.47]
warning: dubious run time results for gen_regexps: [2.13,2.21,3.97,1.78,1.74]
warning: dubious mut time results for gen_regexps: [1.59,1.62,3.0,1.3,1.27]
warning: dubious GC time results for gen_regexps: [0.54,0.59,0.97,0.48,0.47]
warning: dubious run time results for gen_regexps: [2.05,2.8300002,2.8300002,2.0,2.06]
warning: dubious mut time results for gen_regexps: [1.54,2.16,2.14,1.47,1.54]
warning: dubious run time results for gen_regexps: [2.05,2.8300002,2.8300002,2.0,2.06]
warning: dubious mut time results for gen_regexps: [1.54,2.16,2.14,1.47,1.54]
warning: dubious run time results for gen_regexps: [1.84,2.0,2.32,2.8,2.23]
warning: dubious mut time results for gen_regexps: [1.36,1.47,1.74,2.1,1.63]
warning: dubious GC time results for gen_regexps: [0.48,0.53,0.58,0.7,0.6]
warning: dubious run time results for gen_regexps: [1.84,2.0,2.32,2.8,2.23]
warning: dubious mut time results for gen_regexps: [1.36,1.47,1.74,2.1,1.63]
warning: dubious GC time results for gen_regexps: [0.48,0.53,0.58,0.7,0.6]
warning: dubious run time results for gen_regexps: [2.7599998,2.31,1.99,1.96,2.74]
warning: dubious mut time results for gen_regexps: [2.12,1.73,1.47,1.41,2.01]
warning: dubious GC time results for gen_regexps: [0.64,0.58,0.52,0.55,0.73]
warning: dubious run time results for gen_regexps: [2.7599998,2.31,1.99,1.96,2.74]
warning: dubious mut time results for gen_regexps: [2.12,1.73,1.47,1.41,2.01]
warning: dubious GC time results for gen_regexps: [0.64,0.58,0.52,0.55,0.73]
warning: dubious run time results for gen_regexps: [2.37,6.02,2.5700002,1.8000001,2.34]
warning: dubious mut time results for gen_regexps: [1.8,4.65,1.95,1.32,1.75]
warning: dubious GC time results for gen_regexps: [0.57,1.37,0.62,0.48,0.59]
warning: dubious run time results for gen_regexps: [2.37,6.02,2.5700002,1.8000001,2.34]
warning: dubious mut time results for gen_regexps: [1.8,4.65,1.95,1.32,1.75]
warning: dubious GC time results for gen_regexps: [0.57,1.37,0.62,0.48,0.59]
warning: dubious run time results for gen_regexps: [2.67,2.75,2.12,2.23,3.66]
warning: dubious mut time results for gen_regexps: [2.04,2.16,1.54,1.6,2.69]
warning: dubious GC time results for gen_regexps: [0.63,0.59,0.58,0.63,0.97]
warning: dubious run time results for gen_regexps: [2.67,2.75,2.12,2.23,3.66]
warning: dubious mut time results for gen_regexps: [2.04,2.16,1.54,1.6,2.69]
warning: dubious GC time results for gen_regexps: [0.63,0.59,0.58,0.63,0.97]
warning: dubious run time results for gen_regexps: [2.51,2.49,3.6299999,2.21,4.91]
warning: dubious mut time results for gen_regexps: [1.88,1.86,2.87,1.64,3.93]
warning: dubious GC time results for gen_regexps: [0.63,0.63,0.76,0.57,0.98]
warning: dubious run time results for gen_regexps: [2.51,2.49,3.6299999,2.21,4.91]
warning: dubious mut time results for gen_regexps: [1.88,1.86,2.87,1.64,3.93]
warning: dubious GC time results for gen_regexps: [0.63,0.63,0.76,0.57,0.98]
warning: dubious run time results for gen_regexps: [2.67,3.67,2.18,4.8,4.7]
warning: dubious mut time results for gen_regexps: [2.02,2.77,1.63,3.61,3.64]
warning: dubious GC time results for gen_regexps: [0.65,0.9,0.55,1.19,1.06]
warning: dubious run time results for gen_regexps: [2.67,3.67,2.18,4.8,4.7]
warning: dubious mut time results for gen_regexps: [2.02,2.77,1.63,3.61,3.64]
warning: dubious GC time results for gen_regexps: [0.65,0.9,0.55,1.19,1.06]
warning: dubious run time results for gen_regexps: [2.5700002,1.8100001,2.6,2.67,2.77]
warning: dubious mut time results for gen_regexps: [1.95,1.33,1.92,2.02,2.12]
warning: dubious GC time results for gen_regexps: [0.62,0.48,0.68,0.65,0.65]
warning: dubious run time results for gen_regexps: [2.5700002,1.8100001,2.6,2.67,2.77]
warning: dubious mut time results for gen_regexps: [1.95,1.33,1.92,2.02,2.12]
warning: dubious GC time results for gen_regexps: [0.62,0.48,0.68,0.65,0.65]
warning: dubious run time results for gen_regexps: [1.82,1.82,1.79,2.29,1.6199999]
warning: dubious mut time results for gen_regexps: [1.33,1.33,1.3,1.68,1.18]
warning: dubious run time results for gen_regexps: [1.82,1.82,1.79,2.29,1.6199999]
warning: dubious mut time results for gen_regexps: [1.33,1.33,1.3,1.68,1.18]
warning: dubious run time results for gen_regexps: [1.98,1.84,1.91,3.1,3.9]
warning: dubious mut time results for gen_regexps: [1.44,1.36,1.41,2.29,2.98]
warning: dubious GC time results for gen_regexps: [0.54,0.48,0.5,0.81,0.92]
warning: dubious run time results for gen_regexps: [1.98,1.84,1.91,3.1,3.9]
warning: dubious mut time results for gen_regexps: [1.44,1.36,1.41,2.29,2.98]
warning: dubious GC time results for gen_regexps: [0.54,0.48,0.5,0.81,0.92]
warning: dubious run time results for gen_regexps: [2.0,1.87,1.87,2.95,2.98]
warning: dubious mut time results for gen_regexps: [1.45,1.36,1.38,2.18,2.23]
warning: dubious GC time results for gen_regexps: [0.55,0.51,0.49,0.77,0.75]
warning: dubious run time results for gen_regexps: [2.0,1.87,1.87,2.95,2.98]
warning: dubious mut time results for gen_regexps: [1.45,1.36,1.38,2.18,2.23]
warning: dubious GC time results for gen_regexps: [0.55,0.51,0.49,0.77,0.75]
warning: dubious run time results for gen_regexps: [2.02,1.93,1.85,3.7399998,1.84]
warning: dubious mut time results for gen_regexps: [1.44,1.41,1.36,2.86,1.34]
warning: dubious GC time results for gen_regexps: [0.58,0.52,0.49,0.88,0.5]
warning: dubious run time results for gen_regexps: [2.02,1.93,1.85,3.7399998,1.84]
warning: dubious mut time results for gen_regexps: [1.44,1.41,1.36,2.86,1.34]
warning: dubious GC time results for gen_regexps: [0.58,0.52,0.49,0.88,0.5]
warning: dubious run time results for gen_regexps: [3.5,2.34,2.2,1.8,1.72]
warning: dubious mut time results for gen_regexps: [2.74,1.76,1.66,1.31,1.27]
warning: dubious GC time results for gen_regexps: [0.76,0.58,0.54,0.49,0.45]
warning: dubious run time results for gen_regexps: [3.5,2.34,2.2,1.8,1.72]
warning: dubious mut time results for gen_regexps: [2.74,1.76,1.66,1.31,1.27]
warning: dubious GC time results for gen_regexps: [0.76,0.58,0.54,0.49,0.45]
warning: dubious run time results for gen_regexps: [1.81,1.83,3.04,1.98,1.7]
warning: dubious mut time results for gen_regexps: [1.31,1.35,2.33,1.48,1.25]
warning: dubious GC time results for gen_regexps: [0.5,0.48,0.71,0.5,0.45]
warning: dubious run time results for gen_regexps: [1.81,1.83,3.04,1.98,1.7]
warning: dubious mut time results for gen_regexps: [1.31,1.35,2.33,1.48,1.25]
warning: dubious GC time results for gen_regexps: [0.5,0.48,0.71,0.5,0.45]
warning: dubious run time results for gen_regexps: [1.6800001,3.09,2.98,2.1499999,2.22]
warning: dubious mut time results for gen_regexps: [1.23,2.37,2.3,1.56,1.64]
warning: dubious GC time results for gen_regexps: [0.45,0.72,0.68,0.59,0.58]
warning: dubious run time results for gen_regexps: [1.6800001,3.09,2.98,2.1499999,2.22]
warning: dubious mut time results for gen_regexps: [1.23,2.37,2.3,1.56,1.64]
warning: dubious GC time results for gen_regexps: [0.45,0.72,0.68,0.59,0.58]
warning: dubious run time results for gen_regexps: [2.92,2.7399998,2.98,2.01,2.32]
warning: dubious mut time results for gen_regexps: [2.17,2.09,2.29,1.46,1.76]
warning: dubious run time results for gen_regexps: [2.92,2.7399998,2.98,2.01,2.32]
warning: dubious mut time results for gen_regexps: [2.17,2.09,2.29,1.46,1.76]
warning: dubious run time results for gen_regexps: [2.69,1.9300001,2.03,2.71,2.99]
warning: dubious mut time results for gen_regexps: [1.98,1.46,1.53,2.08,2.21]
warning: dubious GC time results for gen_regexps: [0.71,0.47,0.5,0.63,0.78]
warning: dubious run time results for gen_regexps: [2.69,1.9300001,2.03,2.71,2.99]
warning: dubious mut time results for gen_regexps: [1.98,1.46,1.53,2.08,2.21]
warning: dubious GC time results for gen_regexps: [0.71,0.47,0.5,0.63,0.78]
warning: dubious mut time results for gen_regexps: [1.86,1.32,1.37,1.76,1.41]
warning: dubious mut time results for gen_regexps: [1.86,1.32,1.37,1.76,1.41]
warning: dubious run time results for gen_regexps: [2.17,2.05,3.15,2.02,2.2]
warning: dubious mut time results for gen_regexps: [1.62,1.47,2.4,1.44,1.69]
warning: dubious GC time results for gen_regexps: [0.55,0.58,0.75,0.58,0.51]
warning: dubious run time results for gen_regexps: [2.17,2.05,3.15,2.02,2.2]
warning: dubious mut time results for gen_regexps: [1.62,1.47,2.4,1.44,1.69]
warning: dubious GC time results for gen_regexps: [0.55,0.58,0.75,0.58,0.51]
warning: dubious run time results for gen_regexps: [3.27,2.05,1.9200001,3.02,1.87]
warning: dubious mut time results for gen_regexps: [2.51,1.52,1.37,2.3,1.35]
warning: dubious GC time results for gen_regexps: [0.76,0.53,0.55,0.72,0.52]
warning: dubious run time results for gen_regexps: [3.27,2.05,1.9200001,3.02,1.87]
warning: dubious mut time results for gen_regexps: [2.51,1.52,1.37,2.3,1.35]
warning: dubious GC time results for gen_regexps: [0.76,0.53,0.55,0.72,0.52]
warning: dubious run time results for gen_regexps: [2.46,1.77,2.63,1.85,2.17]
warning: dubious mut time results for gen_regexps: [1.86,1.29,1.94,1.35,1.59]
warning: dubious GC time results for gen_regexps: [0.6,0.48,0.69,0.5,0.58]
warning: dubious run time results for gen_regexps: [2.46,1.77,2.63,1.85,2.17]
warning: dubious mut time results for gen_regexps: [1.86,1.29,1.94,1.35,1.59]
warning: dubious GC time results for gen_regexps: [0.6,0.48,0.69,0.5,0.58]
warning: dubious run time results for gen_regexps: [1.7900001,3.5700002,2.72,2.57,1.83]
warning: dubious mut time results for gen_regexps: [1.32,2.64,1.98,1.87,1.32]
warning: dubious GC time results for gen_regexps: [0.47,0.93,0.74,0.7,0.51]
warning: dubious run time results for gen_regexps: [1.7900001,3.5700002,2.72,2.57,1.83]
warning: dubious mut time results for gen_regexps: [1.32,2.64,1.98,1.87,1.32]
warning: dubious GC time results for gen_regexps: [0.47,0.93,0.74,0.7,0.51]
warning: dubious run time results for gen_regexps: [2.91,2.46,1.92,1.9399999,2.6]
warning: dubious mut time results for gen_regexps: [2.15,1.87,1.42,1.43,1.97]
warning: dubious GC time results for gen_regexps: [0.76,0.59,0.5,0.51,0.63]
warning: dubious run time results for gen_regexps: [2.91,2.46,1.92,1.9399999,2.6]
warning: dubious mut time results for gen_regexps: [2.15,1.87,1.42,1.43,1.97]
warning: dubious GC time results for gen_regexps: [0.76,0.59,0.5,0.51,0.63]
warning: dubious run time results for gen_regexps: [2.56,2.16,3.28,2.55,2.3]
warning: dubious mut time results for gen_regexps: [1.89,1.62,2.48,1.89,1.71]
warning: dubious GC time results for gen_regexps: [0.67,0.54,0.8,0.66,0.59]
warning: dubious run time results for gen_regexps: [2.56,2.16,3.28,2.55,2.3]
warning: dubious mut time results for gen_regexps: [1.89,1.62,2.48,1.89,1.71]
warning: dubious GC time results for gen_regexps: [0.67,0.54,0.8,0.66,0.59]
warning: dubious run time results for gen_regexps: [2.25,2.22,3.1499999,1.96,2.33]
warning: dubious mut time results for gen_regexps: [1.68,1.65,2.34,1.4,1.7]
warning: dubious GC time results for gen_regexps: [0.57,0.57,0.81,0.56,0.63]
warning: dubious run time results for gen_regexps: [2.25,2.22,3.1499999,1.96,2.33]
warning: dubious mut time results for gen_regexps: [1.68,1.65,2.34,1.4,1.7]
warning: dubious GC time results for gen_regexps: [0.57,0.57,0.81,0.56,0.63]
warning: dubious run time results for gen_regexps: [2.5900002,2.25,1.73,2.11,2.2]
warning: dubious mut time results for gen_regexps: [1.97,1.64,1.26,1.55,1.64]
warning: dubious run time results for gen_regexps: [2.5900002,2.25,1.73,2.11,2.2]
warning: dubious mut time results for gen_regexps: [1.97,1.64,1.26,1.55,1.64]
warning: dubious run time results for gen_regexps: [1.69,2.6,2.18,1.75,1.6500001]
warning: dubious mut time results for gen_regexps: [1.25,1.97,1.61,1.29,1.21]
warning: dubious GC time results for gen_regexps: [0.44,0.63,0.57,0.46,0.44]
warning: dubious run time results for gen_regexps: [1.69,2.6,2.18,1.75,1.6500001]
warning: dubious mut time results for gen_regexps: [1.25,1.97,1.61,1.29,1.21]
warning: dubious GC time results for gen_regexps: [0.44,0.63,0.57,0.46,0.44]
warning: dubious run time results for gen_regexps: [1.78,2.47,2.42,2.69,2.23]
warning: dubious mut time results for gen_regexps: [1.31,1.84,1.8,1.99,1.59]
warning: dubious GC time results for gen_regexps: [0.47,0.63,0.62,0.7,0.64]
warning: dubious run time results for gen_regexps: [1.78,2.47,2.42,2.69,2.23]
warning: dubious mut time results for gen_regexps: [1.31,1.84,1.8,1.99,1.59]
warning: dubious GC time results for gen_regexps: [0.47,0.63,0.62,0.7,0.64]
warning: dubious run time results for gen_regexps: [2.48,2.33,2.4,1.6800001,3.62]
warning: dubious mut time results for gen_regexps: [1.86,1.73,1.75,1.24,2.73]
warning: dubious GC time results for gen_regexps: [0.62,0.6,0.65,0.44,0.89]
warning: dubious run time results for gen_regexps: [2.48,2.33,2.4,1.6800001,3.62]
warning: dubious mut time results for gen_regexps: [1.86,1.73,1.75,1.24,2.73]
warning: dubious GC time results for gen_regexps: [0.62,0.6,0.65,0.44,0.89]
warning: dubious run time results for gen_regexps: [2.1,1.7,1.82,3.09,1.91]
warning: dubious mut time results for gen_regexps: [1.56,1.24,1.33,2.33,1.41]
warning: dubious GC time results for gen_regexps: [0.54,0.46,0.49,0.76,0.5]
warning: dubious run time results for gen_regexps: [2.1,1.7,1.82,3.09,1.91]
warning: dubious mut time results for gen_regexps: [1.56,1.24,1.33,2.33,1.41]
warning: dubious GC time results for gen_regexps: [0.54,0.46,0.49,0.76,0.5]
warning: dubious run time results for gen_regexps: [1.74,2.15,2.8200002,2.55,2.48]
warning: dubious mut time results for gen_regexps: [1.28,1.58,2.19,1.93,1.86]
warning: dubious run time results for gen_regexps: [1.74,2.15,2.8200002,2.55,2.48]
warning: dubious mut time results for gen_regexps: [1.28,1.58,2.19,1.93,1.86]
warning: dubious run time results for gen_regexps: [2.31,3.05,2.98,1.94,2.3899999]
warning: dubious mut time results for gen_regexps: [1.72,2.26,2.31,1.4,1.75]
warning: dubious GC time results for gen_regexps: [0.59,0.79,0.67,0.54,0.64]
warning: dubious run time results for gen_regexps: [2.31,3.05,2.98,1.94,2.3899999]
warning: dubious mut time results for gen_regexps: [1.72,2.26,2.31,1.4,1.75]
warning: dubious GC time results for gen_regexps: [0.59,0.79,0.67,0.54,0.64]
warning: dubious run time results for gen_regexps: [1.72,1.96,1.91,2.2,3.0700002]
warning: dubious mut time results for gen_regexps: [1.25,1.47,1.43,1.57,2.4]
warning: dubious GC time results for gen_regexps: [0.47,0.49,0.48,0.63,0.67]
warning: dubious run time results for gen_regexps: [1.72,1.96,1.91,2.2,3.0700002]
warning: dubious mut time results for gen_regexps: [1.25,1.47,1.43,1.57,2.4]
warning: dubious GC time results for gen_regexps: [0.47,0.49,0.48,0.63,0.67]
warning: dubious run time results for gen_regexps: [2.03,3.11,4.83,2.78,3.37]
warning: dubious mut time results for gen_regexps: [1.47,2.32,3.57,2.06,2.53]
warning: dubious GC time results for gen_regexps: [0.56,0.79,1.26,0.72,0.84]
warning: dubious run time results for gen_regexps: [2.03,3.11,4.83,2.78,3.37]
warning: dubious mut time results for gen_regexps: [1.47,2.32,3.57,2.06,2.53]
warning: dubious GC time results for gen_regexps: [0.56,0.79,1.26,0.72,0.84]
warning: dubious run time results for gen_regexps: [2.32,1.79,1.6800001,1.7,2.53]
warning: dubious mut time results for gen_regexps: [1.75,1.29,1.23,1.25,1.9]
warning: dubious run time results for gen_regexps: [2.32,1.79,1.6800001,1.7,2.53]
warning: dubious mut time results for gen_regexps: [1.75,1.29,1.23,1.25,1.9]
warning: dubious run time results for gen_regexps: [2.19,2.08,1.75,1.74,3.4900002]
warning: dubious mut time results for gen_regexps: [1.6,1.51,1.29,1.28,2.63]
warning: dubious GC time results for gen_regexps: [0.59,0.57,0.46,0.46,0.86]
warning: dubious run time results for gen_regexps: [2.19,2.08,1.75,1.74,3.4900002]
warning: dubious mut time results for gen_regexps: [1.6,1.51,1.29,1.28,2.63]
warning: dubious GC time results for gen_regexps: [0.59,0.57,0.46,0.46,0.86]
warning: dubious run time results for gen_regexps: [2.8899999,2.09,2.1,1.9300001,2.71]
warning: dubious mut time results for gen_regexps: [2.08,1.52,1.53,1.38,2.04]
warning: dubious GC time results for gen_regexps: [0.81,0.57,0.57,0.55,0.67]
warning: dubious run time results for gen_regexps: [2.8899999,2.09,2.1,1.9300001,2.71]
warning: dubious mut time results for gen_regexps: [2.08,1.52,1.53,1.38,2.04]
warning: dubious GC time results for gen_regexps: [0.81,0.57,0.57,0.55,0.67]
Optimizing /h/ywang30/nofib/imaginary/gen_regexps
>>>>>>>>>>>>>>>START OPTIMIZATION>>>>>>>>>>>>>>>
pop: 15
gens: 13
arch: 7
Basetime is: 7.71678552e8
01000000010011000001100010010000110101000101100101100 7.71678552e8
10101001001101110101110100001111000100100010000010001 7.71678552e8
10100000100100101010011110011011100110000000111101110 7.71678552e8
00001001001100100111000110100101010110100110000001010 7.71678552e8
10000000000010000000010011100110111001011011011001101 7.71678552e8
10100001111100010101000101001100010010111100000011001 7.71678552e8
11100000100000000010100111111101110110111010111100000 7.71678552e8
11011001001011000000111101110001011011001000101011001 7.71678552e8
00001000011100101000111001101100110000111000001011110 7.71678552e8
01110101010001000001101011111010001110001001100100011 7.71678552e8
11101100100000001100111011010010100010100000011101100 7.71678552e8
10111110000010000000010110101101000111000110010000000 7.71678552e8
00001110000010000101000010101011000101001000111010000 7.71678552e8
11010010000010011000001000100101010000100000100101011 7.71678552e8
00110000011001101101011110101101001100000010010000111 7.71678552e8
best: 1.0
00001000001110000101010010101100100001011000111010100 7.71678552e8
10101110111010000101000111101100010010011000100010001 7.71678552e8
00001000011100101000111001101100110000111000001011110 7.71678552e8
00001100001010000101000110001011000101101010011010000 7.71678552e8
10110000000100101001011111111010000110000001110100110 7.71678552e8
11110000000001000010110111110001111111001010111010001 7.71678552e8
00111000101000001100011011111110000010000000011001110 7.71678552e8
11111110000010001000011110101101010100000110110001000 7.71678552e8
01110010010011011001011100101101010000000000010100111 7.71678552e8
11110010110011100111010111111101000011100110000000001 7.71678552e8
00000100110001000100101010001000010101000101100110110 7.71678552e8
00010000011001000101101011101010000110101001110011100 7.71678552e8
00110110011001101111111010110010000101001010010000111 7.71678552e8
00011010010110101101111001101010110000111100011000100 7.71678552e8
00011110010000000000010111100111100111000010011000101 7.71678552e8
01000000010011000001100010010000110101000101100101100 7.71678552e8
10101001001101110101110100001111000100100010000010001 7.71678552e8
10100000100100101010011110011011100110000000111101110 7.71678552e8
00001001001100100111000110100101010110100110000001010 7.71678552e8
10000000000010000000010011100110111001011011011001101 7.71678552e8
10100001111100010101000101001100010010111100000011001 7.71678552e8
11100000100000000010100111111101110110111010111100000 7.71678552e8
best: 1.0
10001001001101100101010100101111010110100010000000000 7.71678552e8
01111110010000001000011110100111100111000110110000001 7.71678552e8
00011000010001111001011000101101010000011000001001111 7.71678552e8
10100111111100000111111011011100000111001110000000011 7.71678552e8
10101000110100101010011011001000100100110000011101110 7.71678552e8
01111010000011011001011110101101010100000000010101101 7.71678552e8
00001000001110000101010010101100100001011000111010100 7.71678552e8
10101110111010000100000111101110011011011001101010001 7.71678552e8
00001001001100100111000110100101010110100110000001010 7.71678552e8
00100000000001011001111111111100000110110000111101111 7.71678552e8
10010000110011110010111100011011111000100001101100110 7.71678552e8
11100110110010111111001110110011011000100011000000000 7.71678552e8
11011000000000000000110011110100110001000011011001111 7.71678552e8
00111001101001001100001010110100100010000000110100010 7.71678552e8
10111110101110000101110010101101100000011010101010100 7.71678552e8
00001000001110000101010010101100100001011000111010100 7.71678552e8
10101110111010000101000111101100010010011000100010001 7.71678552e8
00001000011100101000111001101100110000111000001011110 7.71678552e8
00001100001010000101000110001011000101101010011010000 7.71678552e8
10110000000100101001011111111010000110000001110100110 7.71678552e8
11110000000001000010110111110001111111001010111010001 7.71678552e8
00111000101000001100011011111110000010000000011001110 7.71678552e8
best: 1.0
00110000001100100111011111100111000110100111110100010 7.71678552e8
00110000000000101001011111111110000110000001110101110 7.71678552e8
10101000101100101000011011001100100100110010001001110 7.71678552e8
10001001000001110101011000101111010100101000001000001 7.71678552e8
10100010101000110101011110100111010010100011000000000 7.71678552e8
10111000001100000001001111111000000110000001100000010 7.71678552e8
00100000000000011001111110001101000100111000011011011 7.71678552e8
00111001100000001001001010111010100010000001110100110 7.71678552e8
10000000111010110010001100101010011010001001101100100 7.71678552e8
11110000100010101110111100011011111010100000101110101 7.71678552e8
00011101001010010101011111101010000111111010001010010 7.71678552e8
10111000100101111110011110000111110000110000011101110 7.71678552e8
00001000011100111000101110100100011110100100110000110 7.71678552e8
10001001011101011010101000000110111100111100001011100 7.71678552e8
10111100101001000100000011101110001010000011101010001 7.71678552e8
10001001001101100101010100101111010110100010000000000 7.71678552e8
01111110010000001000011110100111100111000110110000001 7.71678552e8
00011000010001111001011000101101010000011000001001111 7.71678552e8
10100111111100000111111011011100000111001110000000011 7.71678552e8
10101000110100101010011011001000100100110000011101110 7.71678552e8
01111010000011011001011110101101010100000000010101101 7.71678552e8
00001000001110000101010010101100100001011000111010100 7.71678552e8
best: 1.0
10001101001101100111011000101100000110101010001000001 7.71678552e8
10010000000010010111111100111011101010111000101110101 7.71678552e8
00101001100001110101001010111011000110001001100000100 7.71678552e8
00011000001010000101011110101110000101011000111010100 7.71678552e8
10000000001000110001011101111010001110000001111100110 7.71678552e8
00110101000010011101111110001000000111111000001010010 7.71678552e8
10101001101000001000001011001100100010110010001100110 7.71678552e8
10001001001101101110000100101110111110100010001010100 7.71678552e8
00001001000001110101011010111011110000100001010000011 7.71678552e8
00111001001100100111110010100111000110100111110100000 7.71678552e8
00100011100100111101111100101111010010110011000001100 7.71678552e8
01001000011100111100010110000100111100110110110000000 7.71678552e8
10011001000001010101110011101110100110101011111000011 7.71678552e8
10100111101101000101011000011111001011001110000110010 7.71678552e8
00001011110101001010111110011110101100111000010011100 7.71678552e8
00110000001100100111011111100111000110100111110100010 7.71678552e8
00110000000000101001011111111110000110000001110101110 7.71678552e8
10101000101100101000011011001100100100110010001001110 7.71678552e8
10001001000001110101011000101111010100101000001000001 7.71678552e8
10100010101000110101011110100111010010100011000000000 7.71678552e8
10111000001100000001001111111000000110000001100000010 7.71678552e8
00100000000000011001111110001101000100111000011011011 7.71678552e8
best: 1.0
01001000001110110101011110000100000101011000111010000 7.71678552e8
00111001001100000001111111100001000110100101110100010 7.71678552e8
10100000001100100111011111100111000110100011111100110 7.71678552e8
10100000001101110100011000011111001000110110000100000 7.71678552e8
00101001000110101101101110101000001111110000001010000 7.71678552e8
10010000100010010101011100100011011010101010101100000 7.71678552e8
10101000001101000011001001101100000110000011000000000 7.71678552e8
01001000101100101000011111000100111100110010010000100 7.71678552e8
00101111100101001011111100011110101000101010010011000 7.71678552e8
01001001101110101111011010100100100011101110011100011 7.71678552e8
00100000101110110111011111110101101010100111100100010 7.71678552e8
10001101000011000001001000100100100100001000101101011 7.71678552e8
00001011001010101011011110100110000001111010000010100 7.71678552e8
01100011000001100100001100001011110111001001100000100 7.71678552e8
00011000101101100111011010100111001110101100110101010 7.7warning: dubious run time results for gen_regexps: [1.95,2.12,3.25,2.8400002,3.04]
warning: dubious mut time results for gen_regexps: [1.46,1.55,2.41,2.16,2.31]
warning: dubious GC time results for gen_regexps: [0.49,0.57,0.84,0.68,0.73]
warning: dubious run time results for gen_regexps: [1.95,2.12,3.25,2.8400002,3.04]
warning: dubious mut time results for gen_regexps: [1.46,1.55,2.41,2.16,2.31]
warning: dubious GC time results for gen_regexps: [0.49,0.57,0.84,0.68,0.73]
warning: dubious run time results for gen_regexps: [2.63,1.85,2.06,2.46,3.1]
warning: dubious mut time results for gen_regexps: [1.98,1.34,1.52,1.84,2.31]
warning: dubious GC time results for gen_regexps: [0.65,0.51,0.54,0.62,0.79]
warning: dubious run time results for gen_regexps: [2.63,1.85,2.06,2.46,3.1]
warning: dubious mut time results for gen_regexps: [1.98,1.34,1.52,1.84,2.31]
warning: dubious GC time results for gen_regexps: [0.65,0.51,0.54,0.62,0.79]
warning: dubious run time results for gen_regexps: [3.92,2.6799998,2.49,2.34,3.1299999]
warning: dubious mut time results for gen_regexps: [2.97,2.06,1.84,1.79,2.29]
warning: dubious GC time results for gen_regexps: [0.95,0.62,0.65,0.55,0.84]
warning: dubious run time results for gen_regexps: [3.92,2.6799998,2.49,2.34,3.1299999]
warning: dubious mut time results for gen_regexps: [2.97,2.06,1.84,1.79,2.29]
warning: dubious GC time results for gen_regexps: [0.95,0.62,0.65,0.55,0.84]
warning: dubious run time results for gen_regexps: [1.78,5.09,3.21,3.09,5.08]
warning: dubious mut time results for gen_regexps: [1.31,3.75,2.45,2.33,3.77]
warning: dubious GC time results for gen_regexps: [0.47,1.34,0.76,0.76,1.31]
warning: dubious run time results for gen_regexps: [1.78,5.09,3.21,3.09,5.08]
warning: dubious mut time results for gen_regexps: [1.31,3.75,2.45,2.33,3.77]
warning: dubious GC time results for gen_regexps: [0.47,1.34,0.76,0.76,1.31]
warning: dubious run time results for gen_regexps: [2.91,2.21,2.54,1.73,2.74]
warning: dubious mut time results for gen_regexps: [2.19,1.66,1.9,1.3,2.04]
warning: dubious GC time results for gen_regexps: [0.72,0.55,0.64,0.43,0.7]
warning: dubious run time results for gen_regexps: [2.91,2.21,2.54,1.73,2.74]
warning: dubious mut time results for gen_regexps: [2.19,1.66,1.9,1.3,2.04]
warning: dubious GC time results for gen_regexps: [0.72,0.55,0.64,0.43,0.7]
warning: dubious run time results for gen_regexps: [1.98,2.4099998,3.39,2.92,3.33]
warning: dubious mut time results for gen_regexps: [1.45,1.78,2.63,2.3,2.6]
warning: dubious GC time results for gen_regexps: [0.53,0.63,0.76,0.62,0.73]
warning: dubious run time results for gen_regexps: [1.98,2.4099998,3.39,2.92,3.33]
warning: dubious mut time results for gen_regexps: [1.45,1.78,2.63,2.3,2.6]
warning: dubious GC time results for gen_regexps: [0.53,0.63,0.76,0.62,0.73]
warning: dubious run time results for gen_regexps: [4.49,4.26,2.4299998,3.6200001,3.56]
warning: dubious mut time results for gen_regexps: [3.24,2.97,1.8,2.7,2.72]
warning: dubious GC time results for gen_regexps: [1.25,1.29,0.63,0.92,0.84]
warning: dubious run time results for gen_regexps: [4.49,4.26,2.4299998,3.6200001,3.56]
warning: dubious mut time results for gen_regexps: [3.24,2.97,1.8,2.7,2.72]
warning: dubious GC time results for gen_regexps: [1.25,1.29,0.63,0.92,0.84]
warning: dubious run time results for gen_regexps: [3.28,3.6699998,3.3500001,2.6,2.54]
warning: dubious mut time results for gen_regexps: [2.5,2.87,2.63,1.96,1.92]
warning: dubious run time results for gen_regexps: [3.28,3.6699998,3.3500001,2.6,2.54]
warning: dubious mut time results for gen_regexps: [2.5,2.87,2.63,1.96,1.92]
warning: dubious run time results for gen_regexps: [3.35,2.29,3.52,3.02,3.05]
warning: dubious mut time results for gen_regexps: [2.56,1.61,2.67,2.27,2.35]
warning: dubious run time results for gen_regexps: [3.35,2.29,3.52,3.02,3.05]
warning: dubious mut time results for gen_regexps: [2.56,1.61,2.67,2.27,2.35]
warning: dubious run time results for gen_regexps: [5.26,4.18,2.0,2.3600001,1.7]
warning: dubious mut time results for gen_regexps: [4.0,3.27,1.47,1.76,1.23]
warning: dubious GC time results for gen_regexps: [1.26,0.91,0.53,0.6,0.47]
warning: dubious run time results for gen_regexps: [5.26,4.18,2.0,2.3600001,1.7]
warning: dubious mut time results for gen_regexps: [4.0,3.27,1.47,1.76,1.23]
warning: dubious GC time results for gen_regexps: [1.26,0.91,0.53,0.6,0.47]
warning: dubious run time results for gen_regexps: [2.5,2.24,1.8000001,2.77,2.9099998]
warning: dubious mut time results for gen_regexps: [1.76,1.64,1.32,2.02,2.1]
warning: dubious GC time results for gen_regexps: [0.74,0.6,0.48,0.75,0.81]
warning: dubious run time results for gen_regexps: [2.5,2.24,1.8000001,2.77,2.9099998]
warning: dubious mut time results for gen_regexps: [1.76,1.64,1.32,2.02,2.1]
warning: dubious GC time results for gen_regexps: [0.74,0.6,0.48,0.75,0.81]
warning: dubious GC time results for gen_regexps: [0.51,0.66,0.76,0.76,0.67]
warning: dubious GC time results for gen_regexps: [0.51,0.66,0.76,0.76,0.67]
warning: dubious run time results for gen_regexps: [2.08,2.34,3.81,3.3,3.6000001]
warning: dubious mut time results for gen_regexps: [1.54,1.75,2.91,2.49,2.63]
warning: dubious GC time results for gen_regexps: [0.54,0.59,0.9,0.81,0.97]
warning: dubious run time results for gen_regexps: [2.08,2.34,3.81,3.3,3.6000001]
warning: dubious mut time results for gen_regexps: [1.54,1.75,2.91,2.49,2.63]
warning: dubious GC time results for gen_regexps: [0.54,0.59,0.9,0.81,0.97]
warning: dubious run time results for gen_regexps: [1.66,6.9900002,5.2000003,3.87,3.1599998]
warning: dubious mut time results for gen_regexps: [1.24,5.38,4.03,3.03,2.33]
warning: dubious GC time results for gen_regexps: [0.42,1.61,1.17,0.84,0.83]
warning: dubious run time results for gen_regexps: [1.66,6.9900002,5.2000003,3.87,3.1599998]
warning: dubious mut time results for gen_regexps: [1.24,5.38,4.03,3.03,2.33]
warning: dubious GC time results for gen_regexps: [0.42,1.61,1.17,0.84,0.83]
warning: dubious run time results for gen_regexps: [3.49,4.54,1.86,1.6600001,2.71]
warning: dubious mut time results for gen_regexps: [2.72,3.42,1.35,1.22,1.99]
warning: dubious GC time results for gen_regexps: [0.77,1.12,0.51,0.44,0.72]
warning: dubious run time results for gen_regexps: [3.49,4.54,1.86,1.6600001,2.71]
warning: dubious mut time results for gen_regexps: [2.72,3.42,1.35,1.22,1.99]
warning: dubious GC time results for gen_regexps: [0.77,1.12,0.51,0.44,0.72]
warning: dubious run time results for gen_regexps: [1.9300001,1.8100001,1.85,3.3500001,2.26]
warning: dubious mut time results for gen_regexps: [1.45,1.35,1.32,2.44,1.69]
warning: dubious GC time results for gen_regexps: [0.48,0.46,0.53,0.91,0.57]
warning: dubious run time results for gen_regexps: [1.9300001,1.8100001,1.85,3.3500001,2.26]
warning: dubious mut time results for gen_regexps: [1.45,1.35,1.32,2.44,1.69]
warning: dubious GC time results for gen_regexps: [0.48,0.46,0.53,0.91,0.57]
warning: dubious run time results for gen_regexps: [1.9399999,1.86,1.84,2.97,2.01]
warning: dubious mut time results for gen_regexps: [1.43,1.39,1.37,2.18,1.42]
warning: dubious GC time results for gen_regexps: [0.51,0.47,0.47,0.79,0.59]
warning: dubious run time results for gen_regexps: [1.9399999,1.86,1.84,2.97,2.01]
warning: dubious mut time results for gen_regexps: [1.43,1.39,1.37,2.18,1.42]
warning: dubious GC time results for gen_regexps: [0.51,0.47,0.47,0.79,0.59]
warning: dubious run time results for gen_regexps: [2.29,3.74,4.8,4.13,1.7]
warning: dubious mut time results for gen_regexps: [1.74,2.73,3.56,3.0,1.23]
warning: dubious GC time results for gen_regexps: [0.55,1.01,1.24,1.13,0.47]
warning: dubious run time results for gen_regexps: [2.29,3.74,4.8,4.13,1.7]
warning: dubious mut time results for gen_regexps: [1.74,2.73,3.56,3.0,1.23]
warning: dubious GC time results for gen_regexps: [0.55,1.01,1.24,1.13,0.47]
warning: dubious run time results for gen_regexps: [2.27,2.29,4.27,4.17,4.48]
warning: dubious mut time results for gen_regexps: [1.7,1.74,2.97,2.92,3.24]
warning: dubious GC time results for gen_regexps: [0.57,0.55,1.3,1.25,1.24]
warning: dubious run time results for gen_regexps: [2.27,2.29,4.27,4.17,4.48]
warning: dubious mut time results for gen_regexps: [1.7,1.74,2.97,2.92,3.24]
warning: dubious GC time results for gen_regexps: [0.57,0.55,1.3,1.25,1.24]
warning: dubious run time results for gen_regexps: [1.89,2.1499999,2.66,2.06,2.22]
warning: dubious mut time results for gen_regexps: [1.38,1.56,1.99,1.56,1.63]
warning: dubious run time results for gen_regexps: [1.89,2.1499999,2.66,2.06,2.22]
warning: dubious mut time results for gen_regexps: [1.38,1.56,1.99,1.56,1.63]
warning: dubious run time results for gen_regexps: [2.0,2.04,2.24,3.4,2.67]
warning: dubious mut time results for gen_regexps: [1.51,1.55,1.68,2.54,1.97]
warning: dubious GC time results for gen_regexps: [0.49,0.49,0.56,0.86,0.7]
warning: dubious run time results for gen_regexps: [2.0,2.04,2.24,3.4,2.67]
warning: dubious mut time results for gen_regexps: [1.51,1.55,1.68,2.54,1.97]
warning: dubious GC time results for gen_regexps: [0.49,0.49,0.56,0.86,0.7]
warning: dubious GC time results for gen_regexps: [0.8,0.71,0.54,0.53,0.61]
warning: dubious GC time results for gen_regexps: [0.8,0.71,0.54,0.53,0.61]
warning: dubious mut time results for gen_regexps: [1.5,1.72,1.98,1.54,2.19]
warning: dubious mut time results for gen_regexps: [1.5,1.72,1.98,1.54,2.19]
warning: dubious run time results for gen_regexps: [3.04,1.89,2.0,4.28,1.78]
warning: dubious mut time results for gen_regexps: [2.33,1.36,1.44,3.17,1.31]
warning: dubious GC time results for gen_regexps: [0.71,0.53,0.56,1.11,0.47]
warning: dubious run time results for gen_regexps: [3.04,1.89,2.0,4.28,1.78]
warning: dubious mut time results for gen_regexps: [2.33,1.36,1.44,3.17,1.31]
warning: dubious GC time results for gen_regexps: [0.71,0.53,0.56,1.11,0.47]
warning: dubious run time results for gen_regexps: [2.22,1.8100001,2.02,3.19,2.03]
warning: dubious mut time results for gen_regexps: [1.64,1.35,1.53,2.42,1.49]
warning: dubious GC time results for gen_regexps: [0.58,0.46,0.49,0.77,0.54]
warning: dubious run time results for gen_regexps: [2.22,1.8100001,2.02,3.19,2.03]
warning: dubious mut time results for gen_regexps: [1.64,1.35,1.53,2.42,1.49]
warning: dubious GC time results for gen_regexps: [0.58,0.46,0.49,0.77,0.54]
warning: dubious run time results for gen_regexps: [2.47,3.85,1.96,1.62,1.8399999]
warning: dubious mut time results for gen_regexps: [1.8,2.98,1.48,1.2,1.4]
warning: dubious GC time results for gen_regexps: [0.67,0.87,0.48,0.42,0.44]
warning: dubious run time results for gen_regexps: [2.47,3.85,1.96,1.62,1.8399999]
warning: dubious mut time results for gen_regexps: [1.8,2.98,1.48,1.2,1.4]
warning: dubious GC time results for gen_regexps: [0.67,0.87,0.48,0.42,0.44]
warning: dubious run time results for gen_regexps: [3.41,5.81,1.9200001,1.82,3.09]
warning: dubious mut time results for gen_regexps: [2.65,4.52,1.44,1.33,2.35]
warning: dubious GC time results for gen_regexps: [0.76,1.29,0.48,0.49,0.74]
warning: dubious run time results for gen_regexps: [3.41,5.81,1.9200001,1.82,3.09]
warning: dubious mut time results for gen_regexps: [2.65,4.52,1.44,1.33,2.35]
warning: dubious GC time results for gen_regexps: [0.76,1.29,0.48,0.49,0.74]
warning: dubious run time results for gen_regexps: [2.35,2.5,2.04,5.41,2.19]
warning: dubious mut time results for gen_regexps: [1.77,1.93,1.57,4.25,1.63]
warning: dubious GC time results for gen_regexps: [0.58,0.57,0.47,1.16,0.56]
warning: dubious run time results for gen_regexps: [2.35,2.5,2.04,5.41,2.19]
warning: dubious mut time results for gen_regexps: [1.77,1.93,1.57,4.25,1.63]
warning: dubious GC time results for gen_regexps: [0.58,0.57,0.47,1.16,0.56]
warning: dubious run time results for gen_regexps: [3.29,3.88,3.84,1.75,1.8000001]
warning: dubious mut time results for gen_regexps: [2.45,2.97,2.85,1.27,1.34]
warning: dubious GC time results for gen_regexps: [0.84,0.91,0.99,0.48,0.46]
warning: dubious run time results for gen_regexps: [3.29,3.88,3.84,1.75,1.8000001]
warning: dubious mut time results for gen_regexps: [2.45,2.97,2.85,1.27,1.34]
warning: dubious GC time results for gen_regexps: [0.84,0.91,0.99,0.48,0.46]
warning: dubious mut time results for gen_regexps: [1.3,1.27,1.66,1.71,1.21]
warning: dubious mut time results for gen_regexps: [1.3,1.27,1.66,1.71,1.21]
warning: dubious run time results for gen_regexps: [5.38,2.62,4.72,2.56,2.72]
warning: dubious mut time results for gen_regexps: [4.18,2.0,3.85,1.96,2.02]
warning: dubious GC time results for gen_regexps: [1.2,0.62,0.87,0.6,0.7]
warning: dubious run time results for gen_regexps: [5.38,2.62,4.72,2.56,2.72]
warning: dubious mut time results for gen_regexps: [4.18,2.0,3.85,1.96,2.02]
warning: dubious GC time results for gen_regexps: [1.2,0.62,0.87,0.6,0.7]
warning: dubious run time results for gen_regexps: [3.08,3.03,3.0,5.1,5.03]
warning: dubious mut time results for gen_regexps: [2.31,2.3,2.3,3.69,3.69]
warning: dubious GC time results for gen_regexps: [0.77,0.73,0.7,1.41,1.34]
warning: dubious run time results for gen_regexps: [3.08,3.03,3.0,5.1,5.03]
warning: dubious mut time results for gen_regexps: [2.31,2.3,2.3,3.69,3.69]
warning: dubious GC time results for gen_regexps: [0.77,0.73,0.7,1.41,1.34]
warning: dubious run time results for gen_regexps: [2.46,4.44,2.62,4.71,2.37]
warning: dubious mut time results for gen_regexps: [1.85,3.26,2.0,3.44,1.77]
warning: dubious GC time results for gen_regexps: [0.61,1.18,0.62,1.27,0.6]
warning: dubious run time results for gen_regexps: [2.46,4.44,2.62,4.71,2.37]
warning: dubious mut time results for gen_regexps: [1.85,3.26,2.0,3.44,1.77]
warning: dubious GC time results for gen_regexps: [0.61,1.18,0.62,1.27,0.6]
warning: dubious run time results for gen_regexps: [1.54,2.24,1.5799999,1.79,1.98]
warning: dubious mut time results for gen_regexps: [1.13,1.72,1.15,1.28,1.46]
warning: dubious run time results for gen_regexps: [1.54,2.24,1.5799999,1.79,1.98]
warning: dubious mut time results for gen_regexps: [1.13,1.72,1.15,1.28,1.46]
warning: dubious run time results for gen_regexps: [2.46,1.6099999,1.94,2.1399999,2.26]
warning: dubious mut time results for gen_regexps: [1.85,1.17,1.44,1.56,1.63]
warning: dubious GC time results for gen_regexps: [0.61,0.44,0.5,0.58,0.63]
warning: dubious run time results for gen_regexps: [2.46,1.6099999,1.94,2.1399999,2.26]
warning: dubious mut time results for gen_regexps: [1.85,1.17,1.44,1.56,1.63]
warning: dubious GC time results for gen_regexps: [0.61,0.44,0.5,0.58,0.63]
warning: dubious run time results for gen_regexps: [1.79,2.04,2.28,2.17,2.56]
warning: dubious mut time results for gen_regexps: [1.3,1.5,1.71,1.6,1.92]
warning: dubious run time results for gen_regexps: [1.79,2.04,2.28,2.17,2.56]
warning: dubious mut time results for gen_regexps: [1.3,1.5,1.71,1.6,1.92]
warning: dubious mut time results for gen_regexps: [1.86,1.94,1.38,1.93,1.98]
warning: dubious mut time results for gen_regexps: [1.86,1.94,1.38,1.93,1.98]
warning: dubious run time results for gen_regexps: [2.58,2.08,1.9,2.8,1.8299999]
warning: dubious mut time results for gen_regexps: [1.94,1.53,1.38,2.08,1.3]
warning: dubious run time results for gen_regexps: [2.58,2.08,1.9,2.8,1.8299999]
warning: dubious mut time results for gen_regexps: [1.94,1.53,1.38,2.08,1.3]
warning: dubious mut time results for gen_regexps: [1.36,1.27,1.51,1.39,1.81]
warning: dubious mut time results for gen_regexps: [1.36,1.27,1.51,1.39,1.81]
warning: dubious run time results for gen_regexps: [1.77,3.75,2.1100001,2.06,2.8400002]
warning: dubious mut time results for gen_regexps: [1.27,2.85,1.58,1.54,2.16]
warning: dubious GC time results for gen_regexps: [0.5,0.9,0.53,0.52,0.68]
warning: dubious run time results for gen_regexps: [1.77,3.75,2.1100001,2.06,2.8400002]
warning: dubious mut time results for gen_regexps: [1.27,2.85,1.58,1.54,2.16]
warning: dubious GC time results for gen_regexps: [0.5,0.9,0.53,0.52,0.68]
warning: dubious mut time results for gen_regexps: [1.31,1.38,1.32,1.86,1.51]
warning: dubious mut time results for gen_regexps: [1.31,1.38,1.32,1.86,1.51]
warning: dubious run time results for gen_regexps: [2.24,1.81,1.8,2.67,2.47]
warning: dubious mut time results for gen_regexps: [1.65,1.3,1.29,1.99,1.81]
warning: dubious run time results for gen_regexps: [2.24,1.81,1.8,2.67,2.47]
warning: dubious mut time results for gen_regexps: [1.65,1.3,1.29,1.99,1.81]
warning: dubious mut time results for gen_regexps: [1.46,1.49,1.51,1.3,1.89]
warning: dubious mut time results for gen_regexps: [1.46,1.49,1.51,1.3,1.89]
warning: dubious run time results for gen_regexps: [2.51,3.07,2.03,2.8700001,2.37]
warning: dubious mut time results for gen_regexps: [1.9,2.31,1.51,2.17,1.76]
warning: dubious GC time results for gen_regexps: [0.61,0.76,0.52,0.7,0.61]
warning: dubious run time results for gen_regexps: [2.51,3.07,2.03,2.8700001,2.37]
warning: dubious mut time results for gen_regexps: [1.9,2.31,1.51,2.17,1.76]
warning: dubious GC time results for gen_regexps: [0.61,0.76,0.52,0.7,0.61]
warning: dubious run time results for gen_regexps: [2.56,1.8199999,1.84,1.86,1.71]
warning: dubious mut time results for gen_regexps: [1.91,1.31,1.33,1.34,1.24]
warning: dubious run time results for gen_regexps: [2.56,1.8199999,1.84,1.86,1.71]
warning: dubious mut time results for gen_regexps: [1.91,1.31,1.33,1.34,1.24]
warning: dubious GC time results for gen_regexps: [0.63,0.79,0.56,0.65,0.69]
warning: dubious GC time results for gen_regexps: [0.63,0.79,0.56,0.65,0.69]
warning: dubious mut time results for gen_regexps: [2.18,1.93,2.36,1.67,1.61]
warning: dubious mut time results for gen_regexps: [2.18,1.93,2.36,1.67,1.61]
warning: dubious GC time results for gen_regexps: [0.59,0.82,0.65,0.68,0.56]
warning: dubious GC time results for gen_regexps: [0.59,0.82,0.65,0.68,0.56]
warning: dubious run time results for gen_regexps: [3.51,3.37,2.94,2.22,1.97]
warning: dubious mut time results for gen_regexps: [2.72,2.49,2.0,1.65,1.44]
warning: dubious GC time results for gen_regexps: [0.79,0.88,0.94,0.57,0.53]
warning: dubious run time results for gen_regexps: [3.51,3.37,2.94,2.22,1.97]
warning: dubious mut time results for gen_regexps: [2.72,2.49,2.0,1.65,1.44]
warning: dubious GC time results for gen_regexps: [0.79,0.88,0.94,0.57,0.53]
warning: dubious run time results for gen_regexps: [2.37,2.45,1.89,2.31,3.27]
warning: dubious mut time results for gen_regexps: [1.75,1.83,1.39,1.73,2.38]
warning: dubious GC time results for gen_regexps: [0.62,0.62,0.5,0.58,0.89]
warning: dubious run time results for gen_regexps: [2.37,2.45,1.89,2.31,3.27]
warning: dubious mut time results for gen_regexps: [1.75,1.83,1.39,1.73,2.38]
warning: dubious GC time results for gen_regexps: [0.62,0.62,0.5,0.58,0.89]
warning: dubious run time results for gen_regexps: [3.31,2.89,2.6799998,3.22,2.06]
warning: dubious mut time results for gen_regexps: [2.55,2.16,2.05,2.4,1.55]
warning: dubious GC time results for gen_regexps: [0.76,0.73,0.63,0.82,0.51]
warning: dubious run time results for gen_regexps: [3.31,2.89,2.6799998,3.22,2.06]
warning: dubious mut time results for gen_regexps: [2.55,2.16,2.05,2.4,1.55]
warning: dubious GC time results for gen_regexps: [0.76,0.73,0.63,0.82,0.51]
warning: dubious run time results for gen_regexps: [3.73,4.5099998,3.1000001,2.46,2.92]
warning: dubious mut time results for gen_regexps: [2.88,3.34,2.13,1.82,1.97]
warning: dubious GC time results for gen_regexps: [0.85,1.17,0.97,0.64,0.95]
warning: dubious run time results for gen_regexps: [3.73,4.5099998,3.1000001,2.46,2.92]
warning: dubious mut time results for gen_regexps: [2.88,3.34,2.13,1.82,1.97]
warning: dubious GC time results for gen_regexps: [0.85,1.17,0.97,0.64,0.95]
warning: dubious run time results for gen_regexps: [6.37,2.1,1.98,2.07,2.25]
warning: dubious mut time results for gen_regexps: [4.92,1.5,1.46,1.54,1.67]
warning: dubious GC time results for gen_regexps: [1.45,0.6,0.52,0.53,0.58]
warning: dubious run time results for gen_regexps: [6.37,2.1,1.98,2.07,2.25]
warning: dubious mut time results for gen_regexps: [4.92,1.5,1.46,1.54,1.67]
warning: dubious GC time results for gen_regexps: [1.45,0.6,0.52,0.53,0.58]
warning: dubious run time results for gen_regexps: [1.92,2.08,1.6600001,1.8100001,3.3000002]
warning: dubious mut time results for gen_regexps: [1.41,1.53,1.22,1.34,2.4]
warning: dubious GC time results for gen_regexps: [0.51,0.55,0.44,0.47,0.9]
warning: dubious run time results for gen_regexps: [1.92,2.08,1.6600001,1.8100001,3.3000002]
warning: dubious mut time results for gen_regexps: [1.41,1.53,1.22,1.34,2.4]
warning: dubious GC time results for gen_regexps: [0.51,0.55,0.44,0.47,0.9]
warning: dubious GC time results for gen_regexps: [0.48,0.52,0.56,0.52,0.68]
warning: dubious GC time results for gen_regexps: [0.48,0.52,0.56,0.52,0.68]
warning: dubious run time results for gen_regexps: [2.46,1.7,2.21,2.6100001,1.95]
warning: dubious mut time results for gen_regexps: [1.85,1.24,1.61,1.82,1.4]
warning: dubious GC time results for gen_regexps: [0.61,0.46,0.6,0.79,0.55]
warning: dubious run time results for gen_regexps: [2.46,1.7,2.21,2.6100001,1.95]
warning: dubious mut time results for gen_regexps: [1.85,1.24,1.61,1.82,1.4]
warning: dubious GC time results for gen_regexps: [0.61,0.46,0.6,0.79,0.55]
warning: dubious run time results for gen_regexps: [2.72,1.74,2.49,2.18,1.89]
warning: dubious mut time results for gen_regexps: [2.05,1.26,1.85,1.58,1.4]
warning: dubious run time results for gen_regexps: [2.72,1.74,2.49,2.18,1.89]
warning: dubious mut time results for gen_regexps: [2.05,1.26,1.85,1.58,1.4]
warning: dubious run time results for gen_regexps: [2.44,2.1,2.88,1.87,2.93]
warning: dubious mut time results for gen_regexps: [1.84,1.52,2.22,1.37,2.22]
warning: dubious GC time results for gen_regexps: [0.6,0.58,0.66,0.5,0.71]
warning: dubious run time results for gen_regexps: [2.44,2.1,2.88,1.87,2.93]
warning: dubious mut time results for gen_regexps: [1.84,1.52,2.22,1.37,2.22]
warning: dubious GC time results for gen_regexps: [0.6,0.58,0.66,0.5,0.71]
warning: dubious run time results for gen_regexps: [1.8100001,2.11,1.85,3.9299998,1.86]
warning: dubious mut time results for gen_regexps: [1.32,1.55,1.36,3.03,1.36]
warning: dubious GC time results for gen_regexps: [0.49,0.56,0.49,0.9,0.5]
warning: dubious run time results for gen_regexps: [1.8100001,2.11,1.85,3.9299998,1.86]
warning: dubious mut time results for gen_regexps: [1.32,1.55,1.36,3.03,1.36]
warning: dubious GC time results for gen_regexps: [0.49,0.56,0.49,0.9,0.5]
warning: dubious run time results for gen_regexps: [2.82,1.93,1.74,1.82,1.93]
warning: dubious mut time results for gen_regexps: [2.08,1.4,1.26,1.33,1.43]
warning: dubious GC time results for gen_regexps: [0.74,0.53,0.48,0.49,0.5]
warning: dubious run time results for gen_regexps: [2.82,1.93,1.74,1.82,1.93]
warning: dubious mut time results for gen_regexps: [2.08,1.4,1.26,1.33,1.43]
warning: dubious GC time results for gen_regexps: [0.74,0.53,0.48,0.49,0.5]
warning: dubious run time results for gen_regexps: [3.3999999,1.79,2.12,2.93,1.77]
warning: dubious mut time results for gen_regexps: [2.6,1.29,1.56,2.25,1.31]
warning: dubious GC time results for gen_regexps: [0.8,0.5,0.56,0.68,0.46]
warning: dubious run time results for gen_regexps: [3.3999999,1.79,2.12,2.93,1.77]
warning: dubious mut time results for gen_regexps: [2.6,1.29,1.56,2.25,1.31]
warning: dubious GC time results for gen_regexps: [0.8,0.5,0.56,0.68,0.46]
warning: dubious run time results for gen_regexps: [2.29,4.0699997,2.08,1.82,3.71]
warning: dubious mut time results for gen_regexps: [1.64,3.08,1.5,1.32,2.75]
warning: dubious GC time results for gen_regexps: [0.65,0.99,0.58,0.5,0.96]
warning: dubious run time results for gen_regexps: [2.29,4.0699997,2.08,1.82,3.71]
warning: dubious mut time results for gen_regexps: [1.64,3.08,1.5,1.32,2.75]
warning: dubious GC time results for gen_regexps: [0.65,0.99,0.58,0.5,0.96]
warning: dubious run time results for gen_regexps: [3.41,3.29,1.6500001,2.02,1.8299999]
warning: dubious mut time results for gen_regexps: [2.49,2.49,1.19,1.46,1.31]
warning: dubious GC time results for gen_regexps: [0.92,0.8,0.46,0.56,0.52]
warning: dubious run time results for gen_regexps: [3.41,3.29,1.6500001,2.02,1.8299999]
warning: dubious mut time results for gen_regexps: [2.49,2.49,1.19,1.46,1.31]
warning: dubious GC time results for gen_regexps: [0.92,0.8,0.46,0.56,0.52]
warning: dubious run time results for gen_regexps: [2.35,1.69,2.8700001,2.4099998,2.08]
warning: dubious mut time results for gen_regexps: [1.72,1.25,2.19,1.77,1.51]
warning: dubious GC time results for gen_regexps: [0.63,0.44,0.68,0.64,0.57]
warning: dubious run time results for gen_regexps: [2.35,1.69,2.8700001,2.4099998,2.08]
warning: dubious mut time results for gen_regexps: [1.72,1.25,2.19,1.77,1.51]
warning: dubious GC time results for gen_regexps: [0.63,0.44,0.68,0.64,0.57]
warning: dubious run time results for gen_regexps: [1.93,3.09,3.1899998,1.74,1.91]
warning: dubious mut time results for gen_regexps: [1.4,2.35,2.37,1.29,1.39]
warning: dubious GC time results for gen_regexps: [0.53,0.74,0.82,0.45,0.52]
warning: dubious run time results for gen_regexps: [1.93,3.09,3.1899998,1.74,1.91]
warning: dubious mut time results for gen_regexps: [1.4,2.35,2.37,1.29,1.39]
warning: dubious GC time results for gen_regexps: [0.53,0.74,0.82,0.45,0.52]
warning: dubious run time results for gen_regexps: [2.6100001,4.59,2.27,2.46,2.02]
warning: dubious mut time results for gen_regexps: [1.99,3.49,1.7,1.77,1.51]
warning: dubious GC time results for gen_regexps: [0.62,1.1,0.57,0.69,0.51]
warning: dubious run time results for gen_regexps: [2.6100001,4.59,2.27,2.46,2.02]
warning: dubious mut time results for gen_regexps: [1.99,3.49,1.7,1.77,1.51]
warning: dubious GC time results for gen_regexps: [0.62,1.1,0.57,0.69,0.51]
warning: dubious run time results for gen_regexps: [4.53,3.36,2.69,3.36,1.77]
warning: dubious mut time results for gen_regexps: [3.41,2.53,2.07,2.58,1.3]
warning: dubious GC time results for gen_regexps: [1.12,0.83,0.62,0.78,0.47]
warning: dubious run time results for gen_regexps: [4.53,3.36,2.69,3.36,1.77]
warning: dubious mut time results for gen_regexps: [3.41,2.53,2.07,2.58,1.3]
warning: dubious GC time results for gen_regexps: [1.12,0.83,0.62,0.78,0.47]
warning: dubious run time results for gen_regexps: [3.44,2.93,4.75,2.78,2.35]
warning: dubious mut time results for gen_regexps: [2.65,2.27,3.55,2.08,1.74]
warning: dubious GC time results for gen_regexps: [0.79,0.66,1.2,0.7,0.61]
warning: dubious run time results for gen_regexps: [3.44,2.93,4.75,2.78,2.35]
warning: dubious mut time results for gen_regexps: [2.65,2.27,3.55,2.08,1.74]
warning: dubious GC time results for gen_regexps: [0.79,0.66,1.2,0.7,0.61]
warning: dubious run time results for gen_regexps: [4.08,4.0,3.5,6.4700003,3.6899998]
warning: dubious mut time results for gen_regexps: [2.99,3.0,2.7,5.21,2.86]
warning: dubious GC time results for gen_regexps: [1.09,1.0,0.8,1.26,0.83]
warning: dubious run time results for gen_regexps: [4.08,4.0,3.5,6.4700003,3.6899998]
warning: dubious mut time results for gen_regexps: [2.99,3.0,2.7,5.21,2.86]
warning: dubious GC time results for gen_regexps: [1.09,1.0,0.8,1.26,0.83]
warning: dubious run time results for gen_regexps: [2.22,2.0,1.78,2.91,2.28]
warning: dubious mut time results for gen_regexps: [1.62,1.46,1.33,2.25,1.74]
warning: dubious GC time results for gen_regexps: [0.6,0.54,0.45,0.66,0.54]
warning: dubious run time results for gen_regexps: [2.22,2.0,1.78,2.91,2.28]
warning: dubious mut time results for gen_regexps: [1.62,1.46,1.33,2.25,1.74]
warning: dubious GC time results for gen_regexps: [0.6,0.54,0.45,0.66,0.54]
warning: dubious run time results for gen_regexps: [3.5900002,2.03,2.89,1.6800001,1.9399999]
warning: dubious mut time results for gen_regexps: [2.68,1.53,2.19,1.23,1.41]
warning: dubious GC time results for gen_regexps: [0.91,0.5,0.7,0.45,0.53]
warning: dubious run time results for gen_regexps: [3.5900002,2.03,2.89,1.6800001,1.9399999]
warning: dubious mut time results for gen_regexps: [2.68,1.53,2.19,1.23,1.41]
warning: dubious GC time results for gen_regexps: [0.91,0.5,0.7,0.45,0.53]
warning: dubious run time results for gen_regexps: [1.89,4.12,2.46,4.17,2.41]
warning: dubious mut time results for gen_regexps: [1.4,3.1,1.9,3.15,1.84]
warning: dubious GC time results for gen_regexps: [0.49,1.02,0.56,1.02,0.57]
warning: dubious run time results for gen_regexps: [1.89,4.12,2.46,4.17,2.41]
warning: dubious mut time results for gen_regexps: [1.4,3.1,1.9,3.15,1.84]
warning: dubious GC time results for gen_regexps: [0.49,1.02,0.56,1.02,0.57]
warning: dubious run time results for gen_regexps: [4.11,3.69,2.83,2.3799999,4.21]
warning: dubious mut time results for gen_regexps: [3.15,2.69,2.2,1.79,3.15]
warning: dubious GC time results for gen_regexps: [0.96,1.0,0.63,0.59,1.06]
warning: dubious run time results for gen_regexps: [4.11,3.69,2.83,2.3799999,4.21]
warning: dubious mut time results for gen_regexps: [3.15,2.69,2.2,1.79,3.15]
warning: dubious GC time results for gen_regexps: [0.96,1.0,0.63,0.59,1.06]
warning: dubious run time results for gen_regexps: [3.73,2.95,3.75,2.62,2.4]
warning: dubious mut time results for gen_regexps: [2.96,2.28,2.89,1.97,1.8]
warning: dubious GC time results for gen_regexps: [0.77,0.67,0.86,0.65,0.6]
warning: dubious run time results for gen_regexps: [3.73,2.95,3.75,2.62,2.4]
warning: dubious mut time results for gen_regexps: [2.96,2.28,2.89,1.97,1.8]
warning: dubious GC time results for gen_regexps: [0.77,0.67,0.86,0.65,0.6]
warning: dubious run time results for gen_regexps: [3.8000002,2.62,2.94,2.22,2.98]
warning: dubious mut time results for gen_regexps: [2.89,1.97,2.2,1.7,2.25]
warning: dubious GC time results for gen_regexps: [0.91,0.65,0.74,0.52,0.73]
warning: dubious run time results for gen_regexps: [3.8000002,2.62,2.94,2.22,2.98]
warning: dubious mut time results for gen_regexps: [2.89,1.97,2.2,1.7,2.25]
warning: dubious GC time results for gen_regexps: [0.91,0.65,0.74,0.52,0.73]
warning: dubious run time results for gen_regexps: [1.8000001,5.85,1.6200001,1.82,2.4099998]
warning: dubious mut time results for gen_regexps: [1.34,4.33,1.19,1.35,1.77]
warning: dubious GC time results for gen_regexps: [0.46,1.52,0.43,0.47,0.64]
warning: dubious run time results for gen_regexps: [1.8000001,5.85,1.6200001,1.82,2.4099998]
warning: dubious mut time results for gen_regexps: [1.34,4.33,1.19,1.35,1.77]
warning: dubious GC time results for gen_regexps: [0.46,1.52,0.43,0.47,0.64]
warning: dubious run time results for gen_regexps: [1.97,1.6500001,2.01,2.03,4.77]
warning: dubious mut time results for gen_regexps: [1.43,1.21,1.49,1.47,3.55]
warning: dubious GC time results for gen_regexps: [0.54,0.44,0.52,0.56,1.22]
warning: dubious run time results for gen_regexps: [1.97,1.6500001,2.01,2.03,4.77]
warning: dubious mut time results for gen_regexps: [1.43,1.21,1.49,1.47,3.55]
warning: dubious GC time results for gen_regexps: [0.54,0.44,0.52,0.56,1.22]
warning: dubious run time results for gen_regexps: [2.9,1.94,1.7900001,1.6800001,2.7800002]
warning: dubious mut time results for gen_regexps: [2.14,1.45,1.33,1.23,2.16]
warning: dubious GC time results for gen_regexps: [0.76,0.49,0.46,0.45,0.62]
warning: dubious run time results for gen_regexps: [2.9,1.94,1.7900001,1.6800001,2.7800002]
warning: dubious mut time results for gen_regexps: [2.14,1.45,1.33,1.23,2.16]
warning: dubious GC time results for gen_regexps: [0.76,0.49,0.46,0.45,0.62]
warning: dubious mut time results for gen_regexps: [1.74,1.45,1.51,1.24,1.59]
warning: dubious mut time results for gen_regexps: [1.74,1.45,1.51,1.24,1.59]
warning: dubious run time results for gen_regexps: [4.36,3.57,3.96,6.5499997,4.51]
warning: dubious mut time results for gen_regexps: [3.14,2.77,2.91,4.93,3.54]
warning: dubious GC time results for gen_regexps: [1.22,0.8,1.05,1.62,0.97]
warning: dubious run time results for gen_regexps: [4.36,3.57,3.96,6.5499997,4.51]
warning: dubious mut time results for gen_regexps: [3.14,2.77,2.91,4.93,3.54]
warning: dubious GC time results for gen_regexps: [1.22,0.8,1.05,1.62,0.97]
warning: dubious run time results for gen_regexps: [2.07,3.3,2.43,2.6799998,2.24]
warning: dubious mut time results for gen_regexps: [1.52,2.52,1.84,2.04,1.67]
warning: dubious GC time results for gen_regexps: [0.55,0.78,0.59,0.64,0.57]
warning: dubious run time results for gen_regexps: [2.07,3.3,2.43,2.6799998,2.24]
warning: dubious mut time results for gen_regexps: [1.52,2.52,1.84,2.04,1.67]
warning: dubious GC time results for gen_regexps: [0.55,0.78,0.59,0.64,0.57]
1678552e8
10001101001101100111011000101100000110101010001000001 7.71678552e8
10010000000010010111111100111011101010111000101110101 7.71678552e8
00101001100001110101001010111011000110001001100000100 7.71678552e8
00011000001010000101011110101110000101011000111010100 7.71678552e8
10000000001000110001011101111010001110000001111100110 7.71678552e8
00110101000010011101111110001000000111111000001010010 7.71678552e8
10101001101000001000001011001100100010110010001100110 7.71678552e8
best: 1.0
10010000000010010101011100101111101111011000111110100 7.71678552e8
10111000001000000101001110101110000111011001011000000 7.71678552e8
01001000001110111000011111000100100100011010010000000 7.71678552e8
10010000000010010101111100100011101010111000101100100 7.71678552e8
10000000001100110101011100011010001010110100111100010 7.71678552e8
00001001001100101000111111100000001110110010010010100 7.71678552e8
00111011000111011011111100111110101010111010001110101 7.71678552e8
10111001001010001101001010101110000011110000011100100 7.71678552e8
00101001001100000111111011100001000110100100111100010 7.71678552e8
10011000001000110101011001110010001110010001001110100 7.71678552e8
11000001110110101111111001101100010011101101111110011 7.71678552e8
10010000001011010111101001001011101100110000000110000 7.71678552e8
01000000100101000110011111000101111100110010010100101 7.71678552e8
10000011101100101110111011101101000101100010001011001 7.71678552e8
00001011001100010000111111101010000110111000100010000 7.71678552e8
01001000001110110101011110000100000101011000111010000 7.71678552e8
00111001001100000001111111100001000110100101110100010 7.71678552e8
10100000001100100111011111100111000110100011111100110 7.71678552e8
10100000001101110100011000011111001000110110000100000 7.71678552e8
00101001000110101101101110101000001111110000001010000 7.71678552e8
10010000100010010101011100100011011010101010101100000 7.71678552e8
10101000001101000011001001101100000110000011000000000 7.71678552e8
best: 1.0
10101000001010110100001010111111001011110100001100000 7.71678552e8
00111001000110011101101100101100101110111000001110001 7.71678552e8
10010000001111110101001000011111001000110000000110000 7.71678552e8
10100000001101101100111011011111000001100110000010001 7.71678552e8
01100000001110110101011111100101000101110000111000100 7.71678552e8
01001000001100101101111110100100001100111000110010000 7.71678552e8
00111001001100101001111111100001000110100001010100100 7.71678552e8
10100001001100100101111010100001001000100111010100000 7.71678552e8
00111011001010011001111110111110001011011000011100101 7.71678552e8
10101100101100101000111111010000011011101100100001000 7.71678552e8
10001011001100000001000001010100000111000011111000010 7.71678552e8
00010000110010001101011100000101011010101110110100001 7.71678552e8
10010000001110011111111110100110101011111001100100100 7.71678552e8
01001011001001111000011111111010011100101011100010000 7.71678552e8
01001001110110110101111001111100111111101100111010010 7.71678552e8
10010000000010010101011100101111101111011000111110100 7.71678552e8
10111000001000000101001110101110000111011001011000000 7.71678552e8
01001000001110111000011111000100100100011010010000000 7.71678552e8
10010000000010010101111100100011101010111000101100100 7.71678552e8
10000000001100110101011100011010001010110100111100010 7.71678552e8
00001001001100101000111111100000001110110010010010100 7.71678552e8
00111011000111011011111100111110101010111010001110101 7.71678552e8
best: 1.0
01011001110110010101011100111101111111001100111010100 7.71678552e8
10100011001010010001111010101100001000000100011100000 7.71678552e8
00011001000110011111111110100100101011111000101110100 7.71678552e8
00011001110110011101111100000101111010101000010110001 7.71678552e8
01000000001110110101001001011110000100010000000000000 7.71678552e8
10111001001010011011111110101110001011111001000100100 7.71678552e8
10011001001010000001110000010100101110000010111000100 7.71678552e8
01100001001110011101111110100111000001110000011000100 7.71678552e8
01001000110010110101111001111100111111111000111010010 7.71678552e8
10000000101011110101001000000010001000110100000100010 7.71678552e8
10111011001101011010111010101011110010011001001111101 7.71678552e8
10001011001110010111000000101100100001100111011100111 7.71678552e8
00111010011010100100001111111111001111110101000100101 7.71678552e8
01111001000011011111101010101110101010111001101110100 7.71678552e8
10101010110100101001011011001111000001110110000010011 7.71678552e8
10101000001010110100001010111111001011110100001100000 7.71678552e8
00111001000110011101101100101100101110111000001110001 7.71678552e8
10010000001111110101001000011111001000110000000110000 7.71678552e8
10100000001101101100111011011111000001100110000010001 7.71678552e8
01100000001110110101011111100101000101110000111000100 7.71678552e8
01001000001100101101111110100100001100111000110010000 7.71678552e8
00111001001100101001111111100001000110100001010100100 7.71678552e8
best: 1.0
01111001011011010101001111111111001110110101001100101 7.71678552e8
01111001001100101001111110100100000100110001110000100 7.71678552e8
10111010010000100100011111011111001001110100000110101 7.71678552e8
10111000001110010111011000011111001011110001000100000 7.71678552e8
10011001001000010001110010110100111010000000111101101 7.71678552e8
10001000110010110101001000011100111010110000000000010 7.71678552e8
10111001001111011010111000101001111010011000001111101 7.71678552e8
10011001001010010001111100111110101111001011111000100 7.71678552e8
00001001001110011111001010100100100011111110111100110 7.71678552e8
10001010110000100000001010111010000001111111001010111 7.71678552e8
00100001110110100000111101000010110010000101000100100 7.71678552e8
00001010011110100001001000011111010010010010100000110 7.71678552e8
00001000111101101000001001011010010000100110101011101 7.71678552e8
00110001011010001011101110100110101011110001001100100 7.71678552e8
00000010111011101100100100001011001000100100000010011 7.71678552e8
01011001110110010101011100111101111111001100111010100 7.71678552e8
10100011001010010001111010101100001000000100011100000 7.71678552e8
00011001000110011111111110100100101011111000101110100 7.71678552e8
00011001110110011101111100000101111010101000010110001 7.71678552e8
01000000001110110101001001011110000100010000000000000 7.71678552e8
10111001001010011011111110101110001011111001000100100 7.71678552e8
10011001001010000001110000010100101110000010111000100 7.71678552e8
best: 1.0
00001010111001101000000000101010001000110110000010011 7.71678552e8
01000001010110010101011101111110101100011100111010100 7.71678552e8
00100010111011101100000111011011001000100100000110111 7.71678552e8
10110001001010000001110010000100001100000000011000000 7.71678552e8
10111000001110010111011000011111001011110001000100000 7.71678552e8
10011000110010000100001110111111000011110101001110111 7.71678552e8
00100001010110010101111110000010100010111101100100100 7.71678552e8
00010000001011101101101000011011001010100100000010001 7.71678552e8
10001001010010111101011100101100101010110000100010010 7.71678552e8
10011101001110001000111001100110101011111100100110100 7.71678552e8
10111001001000100100100000110010111110000001101100101 7.71678552e8
00111001001010000011111000111011111000011100011101010 7.71678552e8
01000000101010100001110001001010000010110011001000000 7.71678552e8
10001111111001100000100011111110100100111110101110111 7.71678552e8
10011000010100010101111101100111011010100001000011001 7.71678552e8
01111001011011010101001111111111001110110101001100101 7.71678552e8
01111001001100101001111110100100000100110001110000100 7.71678552e8
10111010010000100100011111011111001001110100000110101 7.71678552e8
10111000001110010111011000011111001011110001000100000 7.71678552e8
10011001001000010001110010110100111010000000111101101 7.71678552e8
10001000110010110101001000011100111010110000000000010 7.71678552e8
10111001001111011010111000101001111010011000001111101 7.71678552e8
best: 1.0
10001000000000110101111010111100111010100000000101111 7.71678552e8
10100001001010110101110110100100001110010000010000010 7.71678552e8
10001000110011001000000000111111001000110101001010011warning: dubious run time results for gen_regexps: [2.1,1.96,3.0800002,2.5900002,1.95]
warning: dubious mut time results for gen_regexps: [1.56,1.46,2.39,1.95,1.44]
warning: dubious run time results for gen_regexps: [2.1,1.96,3.0800002,2.5900002,1.95]
warning: dubious mut time results for gen_regexps: [1.56,1.46,2.39,1.95,1.44]
warning: dubious run time results for gen_regexps: [3.59,1.87,1.75,1.9499999,1.97]
warning: dubious mut time results for gen_regexps: [2.76,1.37,1.3,1.43,1.48]
warning: dubious GC time results for gen_regexps: [0.83,0.5,0.45,0.52,0.49]
warning: dubious run time results for gen_regexps: [3.59,1.87,1.75,1.9499999,1.97]
warning: dubious mut time results for gen_regexps: [2.76,1.37,1.3,1.43,1.48]
warning: dubious GC time results for gen_regexps: [0.83,0.5,0.45,0.52,0.49]
warning: dubious run time results for gen_regexps: [2.5,1.99,1.6500001,2.11,2.6]
warning: dubious mut time results for gen_regexps: [1.91,1.45,1.21,1.56,1.96]
warning: dubious GC time results for gen_regexps: [0.59,0.54,0.44,0.55,0.64]
warning: dubious run time results for gen_regexps: [2.5,1.99,1.6500001,2.11,2.6]
warning: dubious mut time results for gen_regexps: [1.91,1.45,1.21,1.56,1.96]
warning: dubious GC time results for gen_regexps: [0.59,0.54,0.44,0.55,0.64]
warning: dubious run time results for gen_regexps: [2.55,3.25,2.12,1.6800001,2.07]
warning: dubious mut time results for gen_regexps: [1.87,2.41,1.59,1.23,1.53]
warning: dubious GC time results for gen_regexps: [0.68,0.84,0.53,0.45,0.54]
warning: dubious run time results for gen_regexps: [2.55,3.25,2.12,1.6800001,2.07]
warning: dubious mut time results for gen_regexps: [1.87,2.41,1.59,1.23,1.53]
warning: dubious GC time results for gen_regexps: [0.68,0.84,0.53,0.45,0.54]
warning: dubious run time results for gen_regexps: [2.47,1.7,2.58,3.1299999,3.98]
warning: dubious mut time results for gen_regexps: [1.87,1.25,1.91,2.34,2.95]
warning: dubious GC time results for gen_regexps: [0.6,0.45,0.67,0.79,1.03]
warning: dubious run time results for gen_regexps: [2.47,1.7,2.58,3.1299999,3.98]
warning: dubious mut time results for gen_regexps: [1.87,1.25,1.91,2.34,2.95]
warning: dubious GC time results for gen_regexps: [0.6,0.45,0.67,0.79,1.03]
warning: dubious run time results for gen_regexps: [1.8000001,1.73,1.88,4.35,2.5]
warning: dubious mut time results for gen_regexps: [1.34,1.28,1.39,3.35,1.89]
warning: dubious GC time results for gen_regexps: [0.46,0.45,0.49,1.0,0.61]
warning: dubious run time results for gen_regexps: [1.8000001,1.73,1.88,4.35,2.5]
warning: dubious mut time results for gen_regexps: [1.34,1.28,1.39,3.35,1.89]
warning: dubious GC time results for gen_regexps: [0.46,0.45,0.49,1.0,0.61]
warning: dubious run time results for gen_regexps: [2.52,3.29,2.08,2.25,2.8400002]
warning: dubious mut time results for gen_regexps: [1.88,2.56,1.51,1.71,2.14]
warning: dubious run time results for gen_regexps: [2.52,3.29,2.08,2.25,2.8400002]
warning: dubious mut time results for gen_regexps: [1.88,2.56,1.51,1.71,2.14]
warning: dubious run time results for gen_regexps: [1.79,2.08,2.44,2.84,2.33]
warning: dubious mut time results for gen_regexps: [1.35,1.58,1.82,2.09,1.73]
warning: dubious GC time results for gen_regexps: [0.44,0.5,0.62,0.75,0.6]
warning: dubious run time results for gen_regexps: [1.79,2.08,2.44,2.84,2.33]
warning: dubious mut time results for gen_regexps: [1.35,1.58,1.82,2.09,1.73]
warning: dubious GC time results for gen_regexps: [0.44,0.5,0.62,0.75,0.6]
warning: dubious run time results for gen_regexps: [2.42,2.88,3.47,3.53,2.44]
warning: dubious mut time results for gen_regexps: [1.8,2.2,2.64,2.75,1.83]
warning: dubious run time results for gen_regexps: [2.42,2.88,3.47,3.53,2.44]
warning: dubious mut time results for gen_regexps: [1.8,2.2,2.64,2.75,1.83]
warning: dubious run time results for gen_regexps: [2.91,2.69,1.96,3.27,2.35]
warning: dubious mut time results for gen_regexps: [2.23,1.95,1.45,2.58,1.76]
warning: dubious GC time results for gen_regexps: [0.68,0.74,0.51,0.69,0.59]
warning: dubious run time results for gen_regexps: [2.91,2.69,1.96,3.27,2.35]
warning: dubious mut time results for gen_regexps: [2.23,1.95,1.45,2.58,1.76]
warning: dubious GC time results for gen_regexps: [0.68,0.74,0.51,0.69,0.59]
warning: dubious run time results for gen_regexps: [3.24,3.5500002,1.8100001,2.95,3.8]
warning: dubious mut time results for gen_regexps: [2.41,2.67,1.35,2.2,2.86]
warning: dubious GC time results for gen_regexps: [0.83,0.88,0.46,0.75,0.93]
warning: dubious run time results for gen_regexps: [3.24,3.5500002,1.8100001,2.95,3.8]
warning: dubious mut time results for gen_regexps: [2.41,2.67,1.35,2.2,2.86]
warning: dubious GC time results for gen_regexps: [0.83,0.88,0.46,0.75,0.93]
warning: dubious run time results for gen_regexps: [1.88,6.32,2.03,2.15,1.9]
warning: dubious mut time results for gen_regexps: [1.38,4.88,1.51,1.57,1.39]
warning: dubious GC time results for gen_regexps: [0.5,1.44,0.52,0.58,0.51]
warning: dubious run time results for gen_regexps: [1.88,6.32,2.03,2.15,1.9]
warning: dubious mut time results for gen_regexps: [1.38,4.88,1.51,1.57,1.39]
warning: dubious GC time results for gen_regexps: [0.5,1.44,0.52,0.58,0.51]
warning: dubious run time results for gen_regexps: [1.9,4.38,4.16,2.02,2.8899999]
warning: dubious mut time results for gen_regexps: [1.41,3.35,3.25,1.52,2.11]
warning: dubious GC time results for gen_regexps: [0.49,1.03,0.91,0.5,0.78]
warning: dubious run time results for gen_regexps: [1.9,4.38,4.16,2.02,2.8899999]
warning: dubious mut time results for gen_regexps: [1.41,3.35,3.25,1.52,2.11]
warning: dubious GC time results for gen_regexps: [0.49,1.03,0.91,0.5,0.78]
warning: dubious run time results for gen_regexps: [1.98,2.04,1.85,4.33,4.15]
warning: dubious mut time results for gen_regexps: [1.47,1.51,1.38,3.26,3.06]
warning: dubious GC time results for gen_regexps: [0.51,0.53,0.47,1.07,1.09]
warning: dubious run time results for gen_regexps: [1.98,2.04,1.85,4.33,4.15]
warning: dubious mut time results for gen_regexps: [1.47,1.51,1.38,3.26,3.06]
warning: dubious GC time results for gen_regexps: [0.51,0.53,0.47,1.07,1.09]
warning: dubious run time results for gen_regexps: [3.48,5.5600004,2.05,3.41,1.73]
warning: dubious mut time results for gen_regexps: [2.64,4.03,1.52,2.46,1.28]
warning: dubious GC time results for gen_regexps: [0.84,1.53,0.53,0.95,0.45]
warning: dubious run time results for gen_regexps: [3.48,5.5600004,2.05,3.41,1.73]
warning: dubious mut time results for gen_regexps: [2.64,4.03,1.52,2.46,1.28]
warning: dubious GC time results for gen_regexps: [0.84,1.53,0.53,0.95,0.45]
warning: dubious run time results for gen_regexps: [2.73,5.04,3.5,3.31,3.75]
warning: dubious mut time results for gen_regexps: [2.02,3.71,2.76,2.45,2.72]
warning: dubious GC time results for gen_regexps: [0.71,1.33,0.74,0.86,1.03]
warning: dubious run time results for gen_regexps: [2.73,5.04,3.5,3.31,3.75]
warning: dubious mut time results for gen_regexps: [2.02,3.71,2.76,2.45,2.72]
warning: dubious GC time results for gen_regexps: [0.71,1.33,0.74,0.86,1.03]
warning: dubious run time results for gen_regexps: [3.01,3.1,3.4099998,1.84,2.85]
warning: dubious mut time results for gen_regexps: [2.28,2.37,2.54,1.36,2.23]
warning: dubious GC time results for gen_regexps: [0.73,0.73,0.87,0.48,0.62]
warning: dubious run time results for gen_regexps: [3.01,3.1,3.4099998,1.84,2.85]
warning: dubious mut time results for gen_regexps: [2.28,2.37,2.54,1.36,2.23]
warning: dubious GC time results for gen_regexps: [0.73,0.73,0.87,0.48,0.62]
warning: dubious run time results for gen_regexps: [1.8599999,1.7,1.9300001,2.8300002,3.53]
warning: dubious mut time results for gen_regexps: [1.41,1.24,1.44,2.17,2.69]
warning: dubious GC time results for gen_regexps: [0.45,0.46,0.49,0.66,0.84]
warning: dubious run time results for gen_regexps: [1.8599999,1.7,1.9300001,2.8300002,3.53]
warning: dubious mut time results for gen_regexps: [1.41,1.24,1.44,2.17,2.69]
warning: dubious GC time results for gen_regexps: [0.45,0.46,0.49,0.66,0.84]
warning: dubious run time results for gen_regexps: [2.09,3.83,4.64,2.3600001,2.1]
warning: dubious mut time results for gen_regexps: [1.52,2.99,3.51,1.71,1.56]
warning: dubious GC time results for gen_regexps: [0.57,0.84,1.13,0.65,0.54]
warning: dubious run time results for gen_regexps: [2.09,3.83,4.64,2.3600001,2.1]
warning: dubious mut time results for gen_regexps: [1.52,2.99,3.51,1.71,1.56]
warning: dubious GC time results for gen_regexps: [0.57,0.84,1.13,0.65,0.54]
warning: dubious run time results for gen_regexps: [2.75,3.3899999,2.49,3.24,2.33]
warning: dubious mut time results for gen_regexps: [2.11,2.53,1.97,2.41,1.72]
warning: dubious GC time results for gen_regexps: [0.64,0.86,0.52,0.83,0.61]
warning: dubious run time results for gen_regexps: [2.75,3.3899999,2.49,3.24,2.33]
warning: dubious mut time results for gen_regexps: [2.11,2.53,1.97,2.41,1.72]
warning: dubious GC time results for gen_regexps: [0.64,0.86,0.52,0.83,0.61]
warning: dubious run time results for gen_regexps: [3.57,6.36,3.69,2.19,3.14]
warning: dubious mut time results for gen_regexps: [2.75,4.82,2.76,1.58,2.38]
warning: dubious GC time results for gen_regexps: [0.82,1.54,0.93,0.61,0.76]
warning: dubious run time results for gen_regexps: [3.57,6.36,3.69,2.19,3.14]
warning: dubious mut time results for gen_regexps: [2.75,4.82,2.76,1.58,2.38]
warning: dubious GC time results for gen_regexps: [0.82,1.54,0.93,0.61,0.76]
warning: dubious run time results for gen_regexps: [2.67,2.5900002,6.91,4.87,2.84]
warning: dubious mut time results for gen_regexps: [1.77,1.98,5.02,3.74,2.04]
warning: dubious GC time results for gen_regexps: [0.9,0.61,1.89,1.13,0.8]
warning: dubious run time results for gen_regexps: [2.67,2.5900002,6.91,4.87,2.84]
warning: dubious mut time results for gen_regexps: [1.77,1.98,5.02,3.74,2.04]
warning: dubious GC time results for gen_regexps: [0.9,0.61,1.89,1.13,0.8]
warning: dubious run time results for gen_regexps: [5.24,4.61,3.77,2.73,3.08]
warning: dubious mut time results for gen_regexps: [3.94,3.53,2.77,2.03,2.35]
warning: dubious GC time results for gen_regexps: [1.3,1.08,1.0,0.7,0.73]
warning: dubious run time results for gen_regexps: [5.24,4.61,3.77,2.73,3.08]
warning: dubious mut time results for gen_regexps: [3.94,3.53,2.77,2.03,2.35]
warning: dubious GC time results for gen_regexps: [1.3,1.08,1.0,0.7,0.73]
warning: dubious run time results for gen_regexps: [2.8999999,3.8,2.22,3.5,2.96]
warning: dubious mut time results for gen_regexps: [2.1,2.78,1.63,2.63,2.27]
warning: dubious GC time results for gen_regexps: [0.8,1.02,0.59,0.87,0.69]
warning: dubious run time results for gen_regexps: [2.8999999,3.8,2.22,3.5,2.96]
warning: dubious mut time results for gen_regexps: [2.1,2.78,1.63,2.63,2.27]
warning: dubious GC time results for gen_regexps: [0.8,1.02,0.59,0.87,0.69]
warning: dubious run time results for gen_regexps: [3.5,2.38,2.79,4.7200003,2.85]
warning: dubious mut time results for gen_regexps: [2.73,1.76,1.97,3.51,2.02]
warning: dubious GC time results for gen_regexps: [0.77,0.62,0.82,1.21,0.83]
warning: dubious run time results for gen_regexps: [3.5,2.38,2.79,4.7200003,2.85]
warning: dubious mut time results for gen_regexps: [2.73,1.76,1.97,3.51,2.02]
warning: dubious GC time results for gen_regexps: [0.77,0.62,0.82,1.21,0.83]
warning: dubious run time results for gen_regexps: [3.15,3.24,3.22,8.1,2.9199998]
warning: dubious mut time results for gen_regexps: [2.41,2.47,2.44,5.61,2.09]
warning: dubious GC time results for gen_regexps: [0.74,0.77,0.78,2.49,0.83]
warning: dubious run time results for gen_regexps: [3.15,3.24,3.22,8.1,2.9199998]
warning: dubious mut time results for gen_regexps: [2.41,2.47,2.44,5.61,2.09]
warning: dubious GC time results for gen_regexps: [0.74,0.77,0.78,2.49,0.83]
warning: dubious run time results for gen_regexps: [6.67,5.3599997,1.9,2.22,2.91]
warning: dubious mut time results for gen_regexps: [5.13,4.12,1.42,1.62,1.96]
warning: dubious GC time results for gen_regexps: [1.54,1.24,0.48,0.6,0.95]
warning: dubious run time results for gen_regexps: [6.67,5.3599997,1.9,2.22,2.91]
warning: dubious mut time results for gen_regexps: [5.13,4.12,1.42,1.62,1.96]
warning: dubious GC time results for gen_regexps: [1.54,1.24,0.48,0.6,0.95]
warning: dubious run time results for gen_regexps: [4.9900002,2.09,4.0299997,3.82,3.0600002]
warning: dubious mut time results for gen_regexps: [3.67,1.55,2.97,2.8,2.14]
warning: dubious GC time results for gen_regexps: [1.32,0.54,1.06,1.02,0.92]
warning: dubious run time results for gen_regexps: [4.9900002,2.09,4.0299997,3.82,3.0600002]
warning: dubious mut time results for gen_regexps: [3.67,1.55,2.97,2.8,2.14]
warning: dubious GC time results for gen_regexps: [1.32,0.54,1.06,1.02,0.92]
warning: dubious run time results for gen_regexps: [2.4,3.42,1.77,1.6400001,2.47]
warning: dubious mut time results for gen_regexps: [1.79,2.48,1.28,1.19,1.84]
warning: dubious GC time results for gen_regexps: [0.61,0.94,0.49,0.45,0.63]
warning: dubious run time results for gen_regexps: [2.4,3.42,1.77,1.6400001,2.47]
warning: dubious mut time results for gen_regexps: [1.79,2.48,1.28,1.19,1.84]
warning: dubious GC time results for gen_regexps: [0.61,0.94,0.49,0.45,0.63]
warning: dubious run time results for gen_regexps: [3.8600001,3.13,2.7,2.0700002,2.4]
warning: dubious mut time results for gen_regexps: [3.01,2.38,1.98,1.47,1.8]
warning: dubious GC time results for gen_regexps: [0.85,0.75,0.72,0.6,0.6]
warning: dubious run time results for gen_regexps: [3.8600001,3.13,2.7,2.0700002,2.4]
warning: dubious mut time results for gen_regexps: [3.01,2.38,1.98,1.47,1.8]
warning: dubious GC time results for gen_regexps: [0.85,0.75,0.72,0.6,0.6]
warning: dubious run time results for gen_regexps: [3.13,2.36,2.42,3.42,2.26]
warning: dubious mut time results for gen_regexps: [2.41,1.77,1.85,2.44,1.64]
warning: dubious GC time results for gen_regexps: [0.72,0.59,0.57,0.98,0.62]
warning: dubious run time results for gen_regexps: [3.13,2.36,2.42,3.42,2.26]
warning: dubious mut time results for gen_regexps: [2.41,1.77,1.85,2.44,1.64]
warning: dubious GC time results for gen_regexps: [0.72,0.59,0.57,0.98,0.62]
warning: dubious run time results for gen_regexps: [3.48,5.99,3.6,2.93,2.49]
warning: dubious mut time results for gen_regexps: [2.67,4.62,2.73,2.19,1.86]
warning: dubious GC time results for gen_regexps: [0.81,1.37,0.87,0.74,0.63]
warning: dubious run time results for gen_regexps: [3.48,5.99,3.6,2.93,2.49]
warning: dubious mut time results for gen_regexps: [2.67,4.62,2.73,2.19,1.86]
warning: dubious GC time results for gen_regexps: [0.81,1.37,0.87,0.74,0.63]
warning: dubious run time results for gen_regexps: [2.4499998,4.29,3.18,2.5700002,2.3]
warning: dubious mut time results for gen_regexps: [1.81,3.27,2.42,1.97,1.75]
warning: dubious GC time results for gen_regexps: [0.64,1.02,0.76,0.6,0.55]
warning: dubious run time results for gen_regexps: [2.4499998,4.29,3.18,2.5700002,2.3]
warning: dubious mut time results for gen_regexps: [1.81,3.27,2.42,1.97,1.75]
warning: dubious GC time results for gen_regexps: [0.64,1.02,0.76,0.6,0.55]
warning: dubious run time results for gen_regexps: [3.8600001,3.25,5.04,3.46,2.64]
warning: dubious mut time results for gen_regexps: [2.75,2.45,3.98,2.44,1.97]
warning: dubious GC time results for gen_regexps: [1.11,0.8,1.06,1.02,0.67]
warning: dubious run time results for gen_regexps: [3.8600001,3.25,5.04,3.46,2.64]
warning: dubious mut time results for gen_regexps: [2.75,2.45,3.98,2.44,1.97]
warning: dubious GC time results for gen_regexps: [1.11,0.8,1.06,1.02,0.67]
warning: dubious run time results for gen_regexps: [2.47,2.44,2.25,2.75,4.6000004]
warning: dubious mut time results for gen_regexps: [1.82,1.81,1.65,2.03,3.39]
warning: dubious GC time results for gen_regexps: [0.65,0.63,0.6,0.72,1.21]
warning: dubious run time results for gen_regexps: [2.47,2.44,2.25,2.75,4.6000004]
warning: dubious mut time results for gen_regexps: [1.82,1.81,1.65,2.03,3.39]
warning: dubious GC time results for gen_regexps: [0.65,0.63,0.6,0.72,1.21]
warning: dubious run time results for gen_regexps: [3.79,5.4300003,3.24,5.3900003,2.05]
warning: dubious mut time results for gen_regexps: [2.79,3.97,2.48,4.01,1.48]
warning: dubious GC time results for gen_regexps: [1.0,1.46,0.76,1.38,0.57]
warning: dubious run time results for gen_regexps: [3.79,5.4300003,3.24,5.3900003,2.05]
warning: dubious mut time results for gen_regexps: [2.79,3.97,2.48,4.01,1.48]
warning: dubious GC time results for gen_regexps: [1.0,1.46,0.76,1.38,0.57]
warning: dubious run time results for gen_regexps: [2.26,2.59,2.8000002,1.92,2.44]
warning: dubious mut time results for gen_regexps: [1.63,1.89,2.14,1.42,1.81]
warning: dubious run time results for gen_regexps: [2.26,2.59,2.8000002,1.92,2.44]
warning: dubious mut time results for gen_regexps: [1.63,1.89,2.14,1.42,1.81]
 7.71678552e8
00100000010000000101011101011111001101111100001010101 7.71678552e8
10111000011110010111111000100111001011110001000001000 7.71678552e8
10011000001000110110010000111111001000110010000100000 7.71678552e8
10111010010000100100111101110111001010100100000111101 7.71678552e8
00010000001010100001110010010101001010000000010010000 7.71678552e8
10111001001110000011011000111011001010011001010101000 7.71678552e8
01111000100010100100010011010011111011111000100111111 7.71678552e8
00111100100000010101010100101110011100110110000000000 7.71678552e8
01000011010100011001111100000101101110010100111010000 7.71678552e8
00100011010100110001111111000111101010111100100110001 7.71678552e8
10011001100000001001111100010110010011010100001111011 7.71678552e8
00011010101100101001110110110000000100010000110010100 7.71678552e8
00001010111001101000000000101010001000110110000010011 7.71678552e8
01000001010110010101011101111110101100011100111010100 7.71678552e8
00100010111011101100000111011011001000100100000110111 7.71678552e8
10110001001010000001110010000100001100000000011000000 7.71678552e8
10111000001110010111011000011111001011110001000100000 7.71678552e8
10011000110010000100001110111111000011110101001110111 7.71678552e8
00100001010110010101111110000010100010111101100100100 7.71678552e8
best: 1.0
10110011010000000001111100010101001010000000011100000 7.71678552e8
00100001001010010101110110000110101010111100000000000 7.71678552e8
10111000111111001000000000111011001010111000000001000 7.71678552e8
10011000101100111111111110111100001011110000110110100 7.71678552e8
00000001010110000101011101111110001100011100001010100 7.71678552e8
10011000100000010001010100001110011100010100000100011 7.71678552e8
00011000011000100001111100110101001010000000010111100 7.71678552e8
10101000000110000101011101011111001001110001001100101 7.71678552e8
10111010000000100100111111110100001010100100000111101 7.71678552e8
00110011010100010001111110000011101000111111100100000 7.71678552e8
10011010100100100100100111111110000010110001111100111 7.71678552e8
00111100100101111111010111101100011100100110010011010 7.71678552e8
00010000010000000101010001111111101001101100001010101 7.71678552e8
01000011001100000110110011010001101110110111111011000 7.71678552e8
00101010010000101101110101010101101011100101001001011 7.71678552e8
10001000000000110101111010111100111010100000000101111 7.71678552e8
10100001001010110101110110100100001110010000010000010 7.71678552e8
10001000110011001000000000111111001000110101001010011 7.71678552e8
00100000010000000101011101011111001101111100001010101 7.71678552e8
10111000011110010111111000100111001011110001000001000 7.71678552e8
10011000001000110110010000111111001000110010000100000 7.71678552e8
10111010010000100100111101110111001010100100000111101 7.71678552e8
best: 1.0
done evolving!
"all is well:)"
>>>>>>>>>>>>>>FINISH OPTIMIZATION>>>>>>>>>>>>>>>
3972.41user 750.72system 1:42:16elapsed 76%CPU (0avgtext+0avgdata 135576maxresident)k
977600inputs+2071496outputs (396major+88903685minor)pagefaults 0swaps
