warning: dubious run time results for integrate: [0.62,0.90999997,0.76,0.63,0.65]
warning: dubious mut time results for integrate: [0.61,0.9,0.75,0.62,0.64]
warning: dubious run time results for integrate: [0.62,0.90999997,0.76,0.63,0.65]
warning: dubious mut time results for integrate: [0.61,0.9,0.75,0.62,0.64]
warning: dubious run time results for integrate: [0.63,0.65,0.64,1.03,0.67]
warning: dubious mut time results for integrate: [0.62,0.64,0.63,1.01,0.66]
warning: dubious run time results for integrate: [0.63,0.65,0.64,1.03,0.67]
warning: dubious mut time results for integrate: [0.62,0.64,0.63,1.01,0.66]
warning: dubious run time results for integrate: [0.67,0.56,0.64,0.65,0.90999997]
warning: dubious mut time results for integrate: [0.66,0.55,0.63,0.64,0.9]
warning: dubious run time results for integrate: [0.67,0.56,0.64,0.65,0.90999997]
warning: dubious mut time results for integrate: [0.66,0.55,0.63,0.64,0.9]
warning: dubious run time results for integrate: [0.71999997,0.92,0.64,0.64,0.64]
warning: dubious mut time results for integrate: [0.71,0.91,0.63,0.63,0.63]
warning: dubious run time results for integrate: [0.71999997,0.92,0.64,0.64,0.64]
warning: dubious mut time results for integrate: [0.71,0.91,0.63,0.63,0.63]
warning: dubious run time results for integrate: [0.96999997,0.74,0.61,0.62,0.61]
warning: dubious mut time results for integrate: [0.96,0.73,0.6,0.61,0.6]
warning: dubious run time results for integrate: [0.96999997,0.74,0.61,0.62,0.61]
warning: dubious mut time results for integrate: [0.96,0.73,0.6,0.61,0.6]
warning: dubious run time results for integrate: [0.64,0.62,0.61,0.95,0.62]
warning: dubious mut time results for integrate: [0.63,0.61,0.6,0.94,0.61]
warning: dubious run time results for integrate: [0.64,0.62,0.61,0.95,0.62]
warning: dubious mut time results for integrate: [0.63,0.61,0.6,0.94,0.61]
warning: dubious run time results for integrate: [0.82,0.67,1.0799999,0.73,0.71999997]
warning: dubious mut time results for integrate: [0.81,0.66,1.06,0.72,0.71]
warning: dubious run time results for integrate: [0.82,0.67,1.0799999,0.73,0.71999997]
warning: dubious mut time results for integrate: [0.81,0.66,1.06,0.72,0.71]
warning: dubious run time results for integrate: [0.65999997,0.77,1.03,0.74,0.76]
warning: dubious mut time results for integrate: [0.65,0.76,1.01,0.73,0.75]
warning: dubious run time results for integrate: [0.65999997,0.77,1.03,0.74,0.76]
warning: dubious mut time results for integrate: [0.65,0.76,1.01,0.73,0.75]
warning: dubious run time results for integrate: [0.71,0.71999997,0.97999996,0.97999996,1.0699999]
warning: dubious mut time results for integrate: [0.7,0.71,0.96,0.96,1.05]
warning: dubious run time results for integrate: [0.71,0.71999997,0.97999996,0.97999996,1.0699999]
warning: dubious mut time results for integrate: [0.7,0.71,0.96,0.96,1.05]
warning: dubious run time results for integrate: [0.78,0.71999997,1.01,0.67,0.90999997]
warning: dubious mut time results for integrate: [0.77,0.71,0.99,0.66,0.89]
warning: dubious run time results for integrate: [0.78,0.71999997,1.01,0.67,0.90999997]
warning: dubious mut time results for integrate: [0.77,0.71,0.99,0.66,0.89]
warning: dubious run time results for integrate: [0.78,0.65,0.65,0.69,0.93]
warning: dubious mut time results for integrate: [0.77,0.64,0.64,0.68,0.91]
warning: dubious run time results for integrate: [0.78,0.65,0.65,0.69,0.93]
warning: dubious mut time results for integrate: [0.77,0.64,0.64,0.68,0.91]
warning: dubious run time results for integrate: [0.91999996,0.74,0.94,0.81,1.47]
warning: dubious mut time results for integrate: [0.9,0.73,0.92,0.8,1.44]
warning: dubious run time results for integrate: [0.91999996,0.74,0.94,0.81,1.47]
warning: dubious mut time results for integrate: [0.9,0.73,0.92,0.8,1.44]
warning: dubious run time results for integrate: [1.05,0.69,0.68,1.11,0.75]
warning: dubious mut time results for integrate: [1.03,0.68,0.67,1.09,0.74]
warning: dubious run time results for integrate: [1.05,0.69,0.68,1.11,0.75]
warning: dubious mut time results for integrate: [1.03,0.68,0.67,1.09,0.74]
warning: dubious run time results for integrate: [0.82,0.78999996,1.15,0.83,0.74]
warning: dubious mut time results for integrate: [0.81,0.78,1.13,0.82,0.73]
warning: dubious run time results for integrate: [0.82,0.78999996,1.15,0.83,0.74]
warning: dubious mut time results for integrate: [0.81,0.78,1.13,0.82,0.73]
warning: dubious run time results for integrate: [0.77,0.74,0.74,0.73,1.14]
warning: dubious mut time results for integrate: [0.76,0.73,0.73,0.72,1.12]
warning: dubious run time results for integrate: [0.77,0.74,0.74,0.73,1.14]
warning: dubious mut time results for integrate: [0.76,0.73,0.73,0.72,1.12]
warning: dubious run time results for integrate: [0.71,1.3,0.68,1.17,1.01]
warning: dubious mut time results for integrate: [0.69,1.28,0.67,1.15,0.99]
warning: dubious run time results for integrate: [0.71,1.3,0.68,1.17,1.01]
warning: dubious mut time results for integrate: [0.69,1.28,0.67,1.15,0.99]
warning: dubious run time results for integrate: [1.06,0.64,0.90999997,0.96,0.84]
warning: dubious mut time results for integrate: [1.05,0.63,0.89,0.94,0.83]
warning: dubious run time results for integrate: [1.06,0.64,0.90999997,0.96,0.84]
warning: dubious mut time results for integrate: [1.05,0.63,0.89,0.94,0.83]
warning: dubious run time results for integrate: [0.68,0.76,0.68,1.0799999,0.68]
warning: dubious mut time results for integrate: [0.67,0.75,0.67,1.06,0.67]
warning: dubious run time results for integrate: [0.68,0.76,0.68,1.0799999,0.68]
warning: dubious mut time results for integrate: [0.67,0.75,0.67,1.06,0.67]
warning: dubious run time results for integrate: [0.7,2.07,0.65,0.88,0.69]
warning: dubious mut time results for integrate: [0.69,2.02,0.64,0.86,0.68]
warning: dubious run time results for integrate: [0.7,2.07,0.65,0.88,0.69]
warning: dubious mut time results for integrate: [0.69,2.02,0.64,0.86,0.68]
warning: dubious run time results for integrate: [0.78,1.0,1.16,0.95,1.1]
warning: dubious mut time results for integrate: [0.77,0.98,1.15,0.93,1.08]
warning: dubious run time results for integrate: [0.78,1.0,1.16,0.95,1.1]
warning: dubious mut time results for integrate: [0.77,0.98,1.15,0.93,1.08]
warning: dubious run time results for integrate: [1.18,0.7,1.01,0.9,1.0799999]
warning: dubious mut time results for integrate: [1.16,0.69,0.99,0.89,1.06]
warning: dubious run time results for integrate: [1.18,0.7,1.01,0.9,1.0799999]
warning: dubious mut time results for integrate: [1.16,0.69,0.99,0.89,1.06]
warning: dubious run time results for integrate: [1.14,0.84,1.04,1.0699999,0.76]
warning: dubious mut time results for integrate: [1.12,0.83,1.02,1.05,0.75]
warning: dubious run time results for integrate: [1.14,0.84,1.04,1.0699999,0.76]
warning: dubious mut time results for integrate: [1.12,0.83,1.02,1.05,0.75]
warning: dubious run time results for integrate: [1.15,1.91,1.36,1.67,2.18]
warning: dubious mut time results for integrate: [1.13,1.87,1.33,1.64,2.15]
warning: dubious run time results for integrate: [1.15,1.91,1.36,1.67,2.18]
warning: dubious mut time results for integrate: [1.13,1.87,1.33,1.64,2.15]
warning: dubious run time results for integrate: [1.05,2.36,1.12,1.42,1.41]
warning: dubious mut time results for integrate: [1.03,2.34,1.1,1.4,1.39]
warning: dubious run time results for integrate: [1.05,2.36,1.12,1.42,1.41]
warning: dubious mut time results for integrate: [1.03,2.34,1.1,1.4,1.39]
warning: dubious run time results for integrate: [0.87,0.77,0.87,1.04,0.71999997]
warning: dubious mut time results for integrate: [0.86,0.76,0.86,1.02,0.71]
warning: dubious run time results for integrate: [0.87,0.77,0.87,1.04,0.71999997]
warning: dubious mut time results for integrate: [0.86,0.76,0.86,1.02,0.71]
warning: dubious run time results for integrate: [0.9,0.89,0.8,0.63,0.87]
warning: dubious mut time results for integrate: [0.88,0.87,0.79,0.62,0.86]
warning: dubious run time results for integrate: [0.9,0.89,0.8,0.63,0.87]
warning: dubious mut time results for integrate: [0.88,0.87,0.79,0.62,0.86]
warning: dubious run time results for integrate: [1.11,0.83,0.92,0.77,0.78]
warning: dubious mut time results for integrate: [1.09,0.82,0.91,0.76,0.77]
warning: dubious run time results for integrate: [1.11,0.83,0.92,0.77,0.78]
warning: dubious mut time results for integrate: [1.09,0.82,0.91,0.76,0.77]
warning: dubious run time results for integrate: [0.74,0.8,1.06,0.78999996,0.86]
warning: dubious mut time results for integrate: [0.73,0.79,1.04,0.78,0.85]
warning: dubious run time results for integrate: [0.74,0.8,1.06,0.78999996,0.86]
warning: dubious mut time results for integrate: [0.73,0.79,1.04,0.78,0.85]
warning: dubious run time results for integrate: [0.62,0.71999997,0.7,0.9,0.76]
warning: dubious mut time results for integrate: [0.61,0.71,0.69,0.88,0.75]
warning: dubious run time results for integrate: [0.62,0.71999997,0.7,0.9,0.76]
warning: dubious mut time results for integrate: [0.61,0.71,0.69,0.88,0.75]
warning: dubious run time results for integrate: [0.71999997,0.9,0.59999996,0.87,0.73]
warning: dubious mut time results for integrate: [0.71,0.89,0.59,0.86,0.72]
warning: dubious run time results for integrate: [0.71999997,0.9,0.59999996,0.87,0.73]
warning: dubious mut time results for integrate: [0.71,0.89,0.59,0.86,0.72]
warning: dubious run time results for integrate: [0.64,1.05,0.81,0.71,0.71999997]
warning: dubious mut time results for integrate: [0.63,1.03,0.8,0.7,0.71]
warning: dubious run time results for integrate: [0.64,1.05,0.81,0.71,0.71999997]
warning: dubious mut time results for integrate: [0.63,1.03,0.8,0.7,0.71]
warning: dubious run time results for integrate: [0.69,0.65999997,0.74,1.01,0.74]
warning: dubious mut time results for integrate: [0.68,0.65,0.73,0.99,0.73]
warning: dubious run time results for integrate: [0.69,0.65999997,0.74,1.01,0.74]
warning: dubious mut time results for integrate: [0.68,0.65,0.73,0.99,0.73]
warning: dubious run time results for integrate: [0.73,0.69,1.55,0.67,0.67]
warning: dubious mut time results for integrate: [0.72,0.68,1.52,0.66,0.66]
warning: dubious run time results for integrate: [0.73,0.69,1.55,0.67,0.67]
warning: dubious mut time results for integrate: [0.72,0.68,1.52,0.66,0.66]
warning: dubious run time results for integrate: [0.78999996,0.78,0.69,1.0,0.7]
warning: dubious mut time results for integrate: [0.78,0.77,0.68,0.98,0.69]
warning: dubious run time results for integrate: [0.78999996,0.78,0.69,1.0,0.7]
warning: dubious mut time results for integrate: [0.78,0.77,0.68,0.98,0.69]
warning: dubious run time results for integrate: [1.0799999,0.90999997,0.71999997,0.93,0.75]
warning: dubious mut time results for integrate: [1.06,0.89,0.71,0.92,0.74]
warning: dubious run time results for integrate: [1.0799999,0.90999997,0.71999997,0.93,0.75]
warning: dubious mut time results for integrate: [1.06,0.89,0.71,0.92,0.74]
warning: dubious run time results for integrate: [1.23,1.49,1.29,2.03,0.93]
warning: dubious mut time results for integrate: [1.21,1.46,1.26,1.99,0.91]
warning: dubious run time results for integrate: [1.23,1.49,1.29,2.03,0.93]
warning: dubious mut time results for integrate: [1.21,1.46,1.26,1.99,0.91]
warning: dubious run time results for integrate: [1.53,1.11,0.98,1.51,0.82]
warning: dubious mut time results for integrate: [1.51,1.1,0.97,1.48,0.81]
warning: dubious run time results for integrate: [1.53,1.11,0.98,1.51,0.82]
warning: dubious mut time results for integrate: [1.51,1.1,0.97,1.48,0.81]
warning: dubious run time results for integrate: [0.75,0.90999997,0.67,0.61,0.69]
warning: dubious mut time results for integrate: [0.74,0.89,0.66,0.6,0.68]
warning: dubious run time results for integrate: [0.75,0.90999997,0.67,0.61,0.69]
warning: dubious mut time results for integrate: [0.74,0.89,0.66,0.6,0.68]
warning: dubious run time results for integrate: [1.03,1.1,0.65,0.86,0.69]
warning: dubious mut time results for integrate: [1.01,1.08,0.64,0.85,0.68]
warning: dubious run time results for integrate: [1.03,1.1,0.65,0.86,0.69]
warning: dubious mut time results for integrate: [1.01,1.08,0.64,0.85,0.68]
warning: dubious run time results for integrate: [0.63,1.02,0.63,0.58,0.67]
warning: dubious mut time results for integrate: [0.62,1.0,0.62,0.57,0.66]
warning: dubious run time results for integrate: [0.63,1.02,0.63,0.58,0.67]
warning: dubious mut time results for integrate: [0.62,1.0,0.62,0.57,0.66]
warning: dubious run time results for integrate: [0.69,1.05,0.59999996,0.65999997,0.63]
warning: dubious mut time results for integrate: [0.68,1.03,0.59,0.65,0.62]
warning: dubious run time results for integrate: [0.69,1.05,0.59999996,0.65999997,0.63]
warning: dubious mut time results for integrate: [0.68,1.03,0.59,0.65,0.62]
warning: dubious run time results for integrate: [0.63,0.68,0.9,0.65999997,1.21]
warning: dubious mut time results for integrate: [0.62,0.67,0.88,0.65,1.19]
warning: dubious run time results for integrate: [0.63,0.68,0.9,0.65999997,1.21]
warning: dubious mut time results for integrate: [0.62,0.67,0.88,0.65,1.19]
warning: dubious run time results for integrate: [0.59999996,0.71999997,0.78,1.02,0.68]
warning: dubious mut time results for integrate: [0.59,0.71,0.77,1.0,0.67]
warning: dubious run time results for integrate: [0.59999996,0.71999997,0.78,1.02,0.68]
warning: dubious mut time results for integrate: [0.59,0.71,0.77,1.0,0.67]
warning: dubious run time results for integrate: [0.65,0.67,0.69,0.68,0.95]
warning: dubious mut time results for integrate: [0.64,0.66,0.68,0.67,0.94]
warning: dubious run time results for integrate: [0.65,0.67,0.69,0.68,0.95]
warning: dubious mut time results for integrate: [0.64,0.66,0.68,0.67,0.94]
warning: dubious run time results for integrate: [1.09,0.81,0.86,1.22,0.93]
warning: dubious mut time results for integrate: [1.07,0.8,0.85,1.2,0.91]
warning: dubious run time results for integrate: [1.09,0.81,0.86,1.22,0.93]
warning: dubious mut time results for integrate: [1.07,0.8,0.85,1.2,0.91]
warning: dubious run time results for integrate: [0.67,0.97999996,0.62,0.88,0.74]
warning: dubious mut time results for integrate: [0.66,0.96,0.61,0.87,0.73]
warning: dubious run time results for integrate: [0.67,0.97999996,0.62,0.88,0.74]
warning: dubious mut time results for integrate: [0.66,0.96,0.61,0.87,0.73]
warning: dubious run time results for integrate: [0.71999997,0.69,0.76,0.97999996,1.36]
warning: dubious mut time results for integrate: [0.71,0.68,0.75,0.96,1.33]
warning: dubious run time results for integrate: [0.71999997,0.69,0.76,0.97999996,1.36]
warning: dubious mut time results for integrate: [0.71,0.68,0.75,0.96,1.33]
warning: dubious run time results for integrate: [1.11,0.8,0.61,0.76,0.78999996]
warning: dubious mut time results for integrate: [1.09,0.79,0.6,0.75,0.78]
warning: dubious run time results for integrate: [1.11,0.8,0.61,0.76,0.78999996]
warning: dubious mut time results for integrate: [1.09,0.79,0.6,0.75,0.78]
warning: dubious run time results for integrate: [0.61,0.64,0.71999997,0.9,0.74]
warning: dubious mut time results for integrate: [0.6,0.63,0.71,0.89,0.73]
warning: dubious run time results for integrate: [0.61,0.64,0.71999997,0.9,0.74]
warning: dubious mut time results for integrate: [0.6,0.63,0.71,0.89,0.73]
warning: dubious run time results for integrate: [0.89,0.63,0.85999995,0.71999997,0.65999997]
warning: dubious mut time results for integrate: [0.87,0.62,0.84,0.71,0.65]
warning: dubious run time results for integrate: [0.89,0.63,0.85999995,0.71999997,0.65999997]
warning: dubious mut time results for integrate: [0.87,0.62,0.84,0.71,0.65]
warning: dubious run time results for integrate: [0.71999997,0.59999996,0.65999997,0.64,0.84]
warning: dubious mut time results for integrate: [0.71,0.59,0.65,0.63,0.83]
warning: dubious run time results for integrate: [0.71999997,0.59999996,0.65999997,0.64,0.84]
warning: dubious mut time results for integrate: [0.71,0.59,0.65,0.63,0.83]
warning: dubious run time results for integrate: [0.68,0.97999996,0.73,0.65,1.03]
warning: dubious mut time results for integrate: [0.67,0.96,0.72,0.64,1.01]
warning: dubious run time results for integrate: [0.68,0.97999996,0.73,0.65,1.03]
warning: dubious mut time results for integrate: [0.67,0.96,0.72,0.64,1.01]
warning: dubious run time results for integrate: [0.95,0.62,0.63,0.90999997,0.78999996]
warning: dubious mut time results for integrate: [0.93,0.61,0.62,0.9,0.78]
warning: dubious run time results for integrate: [0.95,0.62,0.63,0.90999997,0.78999996]
warning: dubious mut time results for integrate: [0.93,0.61,0.62,0.9,0.78]
warning: dubious run time results for integrate: [0.73,0.63,0.89,0.68,0.93]
warning: dubious mut time results for integrate: [0.72,0.62,0.87,0.67,0.91]
warning: dubious run time results for integrate: [0.73,0.63,0.89,0.68,0.93]
warning: dubious mut time results for integrate: [0.72,0.62,0.87,0.67,0.91]
warning: dubious run time results for integrate: [0.74,0.9,0.99,0.7,0.68]
warning: dubious mut time results for integrate: [0.73,0.89,0.97,0.69,0.67]
warning: dubious run time results for integrate: [0.74,0.9,0.99,0.7,0.68]
warning: dubious mut time results for integrate: [0.73,0.89,0.97,0.69,0.67]
warning: dubious run time results for integrate: [0.76,0.75,0.84999996,0.69,1.14]
warning: dubious mut time results for integrate: [0.75,0.74,0.84,0.68,1.12]
warning: dubious run time results for integrate: [0.76,0.75,0.84999996,0.69,1.14]
warning: dubious mut time results for integrate: [0.75,0.74,0.84,0.68,1.12]
warning: dubious run time results for integrate: [0.59999996,0.62,0.84,0.63,0.76]
warning: dubious run time results for integrate: [0.59999996,0.62,0.84,0.63,0.76]
warning: dubious run time results for integrate: [0.88,0.76,0.75,0.83,0.59999996]
warning: dubious mut time results for integrate: [0.87,0.75,0.74,0.82,0.59]
warning: dubious run time results for integrate: [0.88,0.76,0.75,0.83,0.59999996]
warning: dubious mut time results for integrate: [0.87,0.75,0.74,0.82,0.59]
warning: dubious run time results for integrate: [0.63,0.64,0.89,0.75,0.76]
warning: dubious mut time results for integrate: [0.62,0.63,0.87,0.74,0.75]
warning: dubious run time results for integrate: [0.63,0.64,0.89,0.75,0.76]
warning: dubious mut time results for integrate: [0.62,0.63,0.87,0.74,0.75]
warning: dubious run time results for integrate: [0.7,0.64,0.73,0.62,0.95]
warning: dubious mut time results for integrate: [0.69,0.63,0.72,0.61,0.93]
warning: dubious run time results for integrate: [0.7,0.64,0.73,0.62,0.95]
warning: dubious mut time results for integrate: [0.69,0.63,0.72,0.61,0.93]
warning: dubious run time results for integrate: [0.71,0.69,0.62,0.88,0.8]
warning: dubious mut time results for integrate: [0.7,0.68,0.61,0.87,0.79]
warning: dubious run time results for integrate: [0.71,0.69,0.62,0.88,0.8]
warning: dubious mut time results for integrate: [0.7,0.68,0.61,0.87,0.79]
warning: dubious run time results for integrate: [0.65,0.71999997,0.73,0.96,0.89]
warning: dubious mut time results for integrate: [0.64,0.71,0.72,0.94,0.88]
warning: dubious run time results for integrate: [0.65,0.71999997,0.73,0.96,0.89]
warning: dubious mut time results for integrate: [0.64,0.71,0.72,0.94,0.88]
warning: dubious run time results for integrate: [0.59999996,0.62,0.61,0.90999997,0.59]
warning: dubious mut time results for integrate: [0.59,0.61,0.6,0.89,0.58]
warning: dubious run time results for integrate: [0.59999996,0.62,0.61,0.90999997,0.59]
warning: dubious mut time results for integrate: [0.59,0.61,0.6,0.89,0.58]
Optimizing /h/ywang30/nofib/imaginary/integrate
>>>>>>>>>>>>>>>START OPTIMIZATION>>>>>>>>>>>>>>>
pop: 15
gens: 13
arch: 7
Basetime is: 9.39263704e8
010000000100110000011000100 9.39263704e8
101010010011011101011101000 9.39263704e8
101000001001001010100111100 9.39263704e8
000010010011001001110001101 9.39263704e8
100000000000100000000100111 9.39263704e8
101000011111000101010001010 9.39263704e8
111000001000000000101001111 9.39263704e8
110110010010110000001111011 9.39263704e8
000010000111001010001110011 9.39263704e8
011101010100010000011010111 9.39263704e8
111011001000000011001110110 9.39263704e8
101111100000100000000101101 9.39263704e8
000011100000100001010000101 9.39263704e8
110100100000100110000010001 9.39263704e8
001100000110011011010111101 9.39263704e8
best: 1.0
000010000011100001010100101 9.39263704e8
101011101110100001010001111 9.39263704e8
000010000111001010001110011 9.39263704e8
000011000010100001010001100 9.39263704e8
101100000001001010010111111 9.39263704e8
111100000000010000101101111 9.39263704e8
001110001010000011000110111 9.39263704e8
111111100000100010000111101 9.39263704e8
011100100100110110010111001 9.39263704e8
111100101100111001110101111 9.39263704e8
000001001100010001001010100 9.39263704e8
000100000110010001011010111 9.39263704e8
001101100110011011111110101 9.39263704e8
000110100101101011011110011 9.39263704e8
000111100100000000000101111 9.39263704e8
010000000100110000011000100 9.39263704e8
101010010011011101011101000 9.39263704e8
101000001001001010100111100 9.39263704e8
000010010011001001110001101 9.39263704e8
100000000000100000000100111 9.39263704e8
101000011111000101010001010 9.39263704e8
111000001000000000101001111 9.39263704e8
best: 1.0
100010010011011001010101001 9.39263704e8
011111100100000010000111101 9.39263704e8
000110000100011110010110001 9.39263704e8
101001111111000001111110110 9.39263704e8
101010001101001010100110110 9.39263704e8
011110100000110110010111101 9.39263704e8
000010000011100001010100101 9.39263704e8
101011101110100001000001111 9.39263704e8
000010010011001001110001101 9.39263704e8
001000000000010110011111111 9.39263704e8
100100001100111100101111000 9.39263704e8
111001101100101111110011101 9.39263704e8
110110000000000000001100111 9.39263704e8
001110011010010011000010101 9.39263704e8
101111101011100001011100101 9.39263704e8
000010000011100001010100101 9.39263704e8
101011101110100001010001111 9.39263704e8
000010000111001010001110011 9.39263704e8
000011000010100001010001100 9.39263704e8
101100000001001010010111111 9.39263704e8
111100000000010000101101111 9.39263704e8
001110001010000011000110111 9.39263704e8
best: 1.0
001100000011001001110111111 9.39263704e8
001100000000001010010111111 9.39263704e8
101010001011001010000110110 9.39263704e8
100010010000011101010110001 9.39263704e8
101000101010001101010111101 9.39263704e8
101110000011000000010011111 9.39263704e8
001000000000000110011111100 9.39263704e8
001110011000000010010010101 9.39263704e8
100000001110101100100011001 9.39263704e8
111100001000101011101111000 9.39263704e8
000111010010100101010111111 9.39263704e8
101110001001011111100111100 9.39263704e8
000010000111001110001011101 9.39263704e8
100010010111010110101010000 9.39263704e8
101111001010010001000000111 9.39263704e8
100010010011011001010101001 9.39263704e8
011111100100000010000111101 9.39263704e8
000110000100011110010110001 9.39263704e8
101001111111000001111110110 9.39263704e8
101010001101001010100110110 9.39263704e8
011110100000110110010111101 9.39263704e8
000010000011100001010100101 9.39263704e8
best: 1.0
100011010011011001110110001 9.39263704e8
100100000000100101111111001 9.39263704e8
001010011000011101010010101 9.39263704e8
000110000010100001010111101 9.39263704e8
100000000010001100010111011 9.39263704e8
001101010000100111011111100 9.39263704e8
101010011010000010000010110 9.39263704e8
100010010011011011100001001 9.39263704e8
000010010000011101010110101 9.39263704e8
001110010011001001111100101 9.39263704e8
001000111001001111011111001 9.39263704e8
010010000111001111000101100 9.39263704e8
100110010000010101011100111 9.39263704e8
101001111011010001010110000 9.39263704e8
000010111101010010101111100 9.39263704e8
001100000011001001110111111 9.39263704e8
001100000000001010010111111 9.39263704e8
101010001011001010000110110 9.39263704e8
100010010000011101010110001 9.39263704e8
101000101010001101010111101 9.39263704e8
101110000011000000010011111 9.39263704e8
001000000000000110011111100 9.39263704e8
best: 1.0
010010000011101101010111100 9.39263704e8
001110010011000000011111111 9.39263704e8
101000000011001001110111111 9.39263704e8
101000000011011101000110000 9.39263704e8
001010010001101011011011101 9.39263704e8
100100001000100101010111001 9.39263704e8
101010000011010000110010011 9.39263704e8
010010001011001010000111110 9.39263704e8
001011111001010010111111000 9.39263704e8
010010011011101011110110101 9.39263704e8
001000001011101101110111111 9.39263704e8
100011010000110000010010001 9.39263704e8
000010110010101010110111101 9.39263704e8
011000110000011001000011000 9.39263704e8
000110001011011001110110101 9.39263704e8
100011010011011001110110001 9.39263704e8
100100000000100101111111001 9.39263704e8
001010011000011101010010101 9.39263704e8
000110000010100001010111101 9.39263704e8
100000000010001100010111011 9.39263704e8
001101010000100111011111100 9.39263704e8
101010011010000010000010110 9.39263704e8
best: 1.0
100100000000100101010111001 9.39263704e8
101110000010000001010011101 9.39263704e8
010010000011101110000111110 9.39263704e8
100100000000100101011111001 9.39263704e8
100000000011001101010111000 9.39263704e8
000010010011001010001111111 9.39263704e8
001110110001110110111111001 9.39263704e8
101110010010100011010010101 9.39263704e8
001010010011000001111110111 9.39263704e8
100110000010001101010110011 9.39263704e8
110000011101101011111110011 9.39263704e8
100100000010110101111010010 9.39263704e8
010000001001010001100111110 9.39263704e8
100000111011001011101110111 9.39263704e8
000010110011000100001111111 9.39263704e8
010010000011101101010111100 9.39263704e8
001110010011000000011111111 9.39263704e8
101000000011001001110111111 9.39263704e8
101000000011011101000110000 9.39263704e8
001010010001101011011011101 9.39263704e8
100100001000100101010111001 9.39263704e8
101010000011010000110010011 9.39263704e8
best: 1.0
101010000010101101000010101 9.39263704e8
001110010001100111011011001 9.39263704e8
100100000011111101010010000 9.39263704e8
101000000011011011001110110 9.39263704e8
011000000011101101010111111 9.39263704e8
010010000011001011011111101 9.39263704e8
001110010011001010011111111 9.39263704e8
101000010011001001011110101 9.39263704e8
001110110010100110011111101 9.39263704e8
101011001011001010001111110 9.39263704e8
100010110011000000010000010 9.39263704e8
000100001100100011010111000 9.39263704e8
100100000011100111111111101 9.39263704e8
010010110010011110000111111 9.39263704e8
010010011101101101011110011 9.39263704e8
100100000000100101010111001 9.39263704e8
101110000010000001010011101 9.39263704e8
010010000011101110000111110 9.39263704e8
100100000000100101011111001 9.39263704e8
100000000011001101010111000 9.39263704e8
000010010011001010001111111 9.39263704e8
001110110001110110111111001 9.39263704e8
best: 1.0
010110011101100101010111001 9.39263704e8
101000110010100100011110101 9.39263704e8
000110010001100111111111101 9.39263704e8
000110011101100111011111000 9.39263704e8
010000000011101101010010010 9.39263704e8
101110010010100110111111101 9.39263704e8
100110010010100000011100000 9.39263704e8
011000010011100111011111101 9.39263704e8
010010001100101101011110011 9.39263704e8
100000001010111101010010000 9.39263704e8
101110110011010110101110101 9.39263704e8
100010110011100101110000001 9.39263704e8
001110100110101001000011111 9.39263704e8
011110010000110111111010101 9.39263704e8
101010101101001010010110110 9.39263704e8
101010000010101101000010101 9.39263704e8
001110010001100111011011001 9.39263704e8
100100000011111101010010000 9.39263704e8
101000000011011011001110110 9.39263704e8
011000000011101101010111111 9.39263704e8
010010000011001011011111101 9.39263704e8
001110010011001010011111111 9.39263704e8
best: 1.0
011110010110110101010011111warning: dubious run time results for integrate: [0.59,0.73,0.82,0.63,0.58]
warning: dubious mut time results for integrate: [0.58,0.72,0.81,0.62,0.57]
warning: dubious run time results for integrate: [0.59,0.73,0.82,0.63,0.58]
warning: dubious mut time results for integrate: [0.58,0.72,0.81,0.62,0.57]
warning: dubious run time results for integrate: [0.9,0.75,0.7,0.64,0.83]
warning: dubious run time results for integrate: [0.9,0.75,0.7,0.64,0.83]
warning: dubious run time results for integrate: [0.84,0.61,0.76,1.09,0.86]
warning: dubious mut time results for integrate: [0.83,0.6,0.75,1.07,0.85]
warning: dubious run time results for integrate: [0.84,0.61,0.76,1.09,0.86]
warning: dubious mut time results for integrate: [0.83,0.6,0.75,1.07,0.85]
warning: dubious run time results for integrate: [0.89,1.39,0.77,0.85999995,0.88]
warning: dubious mut time results for integrate: [0.87,1.36,0.76,0.84,0.86]
warning: dubious run time results for integrate: [0.89,1.39,0.77,0.85999995,0.88]
warning: dubious mut time results for integrate: [0.87,1.36,0.76,0.84,0.86]
warning: dubious run time results for integrate: [0.76,0.74,0.61,0.95,0.85999995]
warning: dubious mut time results for integrate: [0.75,0.73,0.6,0.93,0.84]
warning: dubious run time results for integrate: [0.76,0.74,0.61,0.95,0.85999995]
warning: dubious mut time results for integrate: [0.75,0.73,0.6,0.93,0.84]
warning: dubious run time results for integrate: [1.0799999,0.65999997,0.78,0.81,0.74]
warning: dubious mut time results for integrate: [1.06,0.65,0.77,0.8,0.73]
warning: dubious run time results for integrate: [1.0799999,0.65999997,0.78,0.81,0.74]
warning: dubious mut time results for integrate: [1.06,0.65,0.77,0.8,0.73]
warning: dubious run time results for integrate: [0.68,0.90999997,0.64,0.61,0.84999996]
warning: dubious mut time results for integrate: [0.67,0.89,0.63,0.6,0.84]
warning: dubious run time results for integrate: [0.68,0.90999997,0.64,0.61,0.84999996]
warning: dubious mut time results for integrate: [0.67,0.89,0.63,0.6,0.84]
warning: dubious run time results for integrate: [0.71,0.9,0.67,0.69,1.0799999]
warning: dubious mut time results for integrate: [0.7,0.88,0.66,0.68,1.06]
warning: dubious run time results for integrate: [0.71,0.9,0.67,0.69,1.0799999]
warning: dubious mut time results for integrate: [0.7,0.88,0.66,0.68,1.06]
warning: dubious run time results for integrate: [0.77,1.06,0.67,0.67,0.64]
warning: dubious mut time results for integrate: [0.76,1.04,0.66,0.66,0.63]
warning: dubious run time results for integrate: [0.77,1.06,0.67,0.67,0.64]
warning: dubious mut time results for integrate: [0.76,1.04,0.66,0.66,0.63]
warning: dubious run time results for integrate: [1.38,0.93,0.74,1.06,0.75]
warning: dubious mut time results for integrate: [1.35,0.91,0.73,1.04,0.74]
warning: dubious run time results for integrate: [1.38,0.93,0.74,1.06,0.75]
warning: dubious mut time results for integrate: [1.35,0.91,0.73,1.04,0.74]
warning: dubious run time results for integrate: [0.71999997,0.98,1.05,0.71,0.67]
warning: dubious mut time results for integrate: [0.71,0.97,1.03,0.7,0.66]
warning: dubious run time results for integrate: [0.71999997,0.98,1.05,0.71,0.67]
warning: dubious mut time results for integrate: [0.71,0.97,1.03,0.7,0.66]
warning: dubious run time results for integrate: [0.69,0.62,1.75,1.29,0.78999996]
warning: dubious mut time results for integrate: [0.68,0.61,1.72,1.27,0.78]
warning: dubious run time results for integrate: [0.69,0.62,1.75,1.29,0.78999996]
warning: dubious mut time results for integrate: [0.68,0.61,1.72,1.27,0.78]
warning: dubious run time results for integrate: [1.17,0.78,0.63,1.28,1.23]
warning: dubious mut time results for integrate: [1.15,0.77,0.62,1.26,1.21]
warning: dubious run time results for integrate: [1.17,0.78,0.63,1.28,1.23]
warning: dubious mut time results for integrate: [1.15,0.77,0.62,1.26,1.21]
warning: dubious run time results for integrate: [0.81,0.65999997,0.83,0.97999996,0.99]
warning: dubious mut time results for integrate: [0.8,0.65,0.81,0.96,0.97]
warning: dubious run time results for integrate: [0.81,0.65999997,0.83,0.97999996,0.99]
warning: dubious mut time results for integrate: [0.8,0.65,0.81,0.96,0.97]
warning: dubious run time results for integrate: [0.99,0.67,0.95,1.29,1.04]
warning: dubious mut time results for integrate: [0.97,0.66,0.93,1.27,1.02]
warning: dubious run time results for integrate: [0.99,0.67,0.95,1.29,1.04]
warning: dubious mut time results for integrate: [0.97,0.66,0.93,1.27,1.02]
warning: dubious run time results for integrate: [0.59999996,1.34,0.69,0.7,0.65]
warning: dubious mut time results for integrate: [0.59,1.32,0.68,0.69,0.64]
warning: dubious run time results for integrate: [0.59999996,1.34,0.69,0.7,0.65]
warning: dubious mut time results for integrate: [0.59,1.32,0.68,0.69,0.64]
warning: dubious run time results for integrate: [0.68,0.62,1.02,0.61,0.9]
warning: dubious mut time results for integrate: [0.67,0.61,1.0,0.6,0.88]
warning: dubious run time results for integrate: [0.68,0.62,1.02,0.61,0.9]
warning: dubious mut time results for integrate: [0.67,0.61,1.0,0.6,0.88]
warning: dubious run time results for integrate: [0.84,0.59,0.68,0.65,0.68]
warning: dubious mut time results for integrate: [0.83,0.58,0.67,0.64,0.67]
warning: dubious run time results for integrate: [0.84,0.59,0.68,0.65,0.68]
warning: dubious mut time results for integrate: [0.83,0.58,0.67,0.64,0.67]
warning: dubious run time results for integrate: [0.8,0.84999996,1.31,0.89,0.78]
warning: dubious mut time results for integrate: [0.79,0.84,1.29,0.88,0.77]
warning: dubious run time results for integrate: [0.8,0.84999996,1.31,0.89,0.78]
warning: dubious mut time results for integrate: [0.79,0.84,1.29,0.88,0.77]
warning: dubious run time results for integrate: [1.47,1.48,1.16,0.64,0.65999997]
warning: dubious mut time results for integrate: [1.44,1.45,1.14,0.63,0.65]
warning: dubious run time results for integrate: [1.47,1.48,1.16,0.64,0.65999997]
warning: dubious mut time results for integrate: [1.44,1.45,1.14,0.63,0.65]
warning: dubious run time results for integrate: [0.84,0.93,0.61,1.18,0.71]
warning: dubious mut time results for integrate: [0.83,0.92,0.6,1.16,0.7]
warning: dubious run time results for integrate: [0.84,0.93,0.61,1.18,0.71]
warning: dubious mut time results for integrate: [0.83,0.92,0.6,1.16,0.7]
warning: dubious run time results for integrate: [1.23,1.51,1.43,1.23,1.05]
warning: dubious mut time results for integrate: [1.21,1.48,1.4,1.2,1.04]
warning: dubious run time results for integrate: [1.23,1.51,1.43,1.23,1.05]
warning: dubious mut time results for integrate: [1.21,1.48,1.4,1.2,1.04]
warning: dubious run time results for integrate: [1.36,0.75,1.01,0.87,1.17]
warning: dubious mut time results for integrate: [1.33,0.74,1.0,0.86,1.15]
warning: dubious run time results for integrate: [1.36,0.75,1.01,0.87,1.17]
warning: dubious mut time results for integrate: [1.33,0.74,1.0,0.86,1.15]
warning: dubious run time results for integrate: [0.59,0.84999996,0.59999996,1.17,0.74]
warning: dubious mut time results for integrate: [0.58,0.84,0.59,1.15,0.73]
warning: dubious run time results for integrate: [0.59,0.84999996,0.59999996,1.17,0.74]
warning: dubious mut time results for integrate: [0.58,0.84,0.59,1.15,0.73]
warning: dubious run time results for integrate: [0.57,0.84999996,0.73,1.3299999,0.98]
warning: dubious mut time results for integrate: [0.56,0.84,0.72,1.3,0.97]
warning: dubious run time results for integrate: [0.57,0.84999996,0.73,1.3299999,0.98]
warning: dubious mut time results for integrate: [0.56,0.84,0.72,1.3,0.97]
warning: dubious run time results for integrate: [0.67,0.59999996,1.21,1.28,1.02]
warning: dubious mut time results for integrate: [0.66,0.59,1.19,1.26,1.01]
warning: dubious run time results for integrate: [0.67,0.59999996,1.21,1.28,1.02]
warning: dubious mut time results for integrate: [0.66,0.59,1.19,1.26,1.01]
warning: dubious run time results for integrate: [0.78,0.71,1.28,1.0,0.75]
warning: dubious mut time results for integrate: [0.77,0.7,1.25,0.98,0.74]
warning: dubious run time results for integrate: [0.78,0.71,1.28,1.0,0.75]
warning: dubious mut time results for integrate: [0.77,0.7,1.25,0.98,0.74]
warning: dubious run time results for integrate: [1.31,1.3299999,1.43,2.79,1.18]
warning: dubious mut time results for integrate: [1.29,1.31,1.41,2.73,1.16]
warning: dubious run time results for integrate: [1.31,1.3299999,1.43,2.79,1.18]
warning: dubious mut time results for integrate: [1.29,1.31,1.41,2.73,1.16]
warning: dubious run time results for integrate: [0.87,0.96999997,1.63,1.77,1.14]
warning: dubious mut time results for integrate: [0.85,0.96,1.61,1.74,1.12]
warning: dubious run time results for integrate: [0.87,0.96999997,1.63,1.77,1.14]
warning: dubious mut time results for integrate: [0.85,0.96,1.61,1.74,1.12]
warning: dubious run time results for integrate: [1.6,1.36,0.96,1.0,0.89]
warning: dubious mut time results for integrate: [1.57,1.34,0.94,0.98,0.87]
warning: dubious run time results for integrate: [1.6,1.36,0.96,1.0,0.89]
warning: dubious mut time results for integrate: [1.57,1.34,0.94,0.98,0.87]
warning: dubious run time results for integrate: [1.09,1.46,1.4499999,1.41,0.86]
warning: dubious mut time results for integrate: [1.07,1.44,1.42,1.38,0.85]
warning: dubious run time results for integrate: [1.09,1.46,1.4499999,1.41,0.86]
warning: dubious mut time results for integrate: [1.07,1.44,1.42,1.38,0.85]
warning: dubious run time results for integrate: [1.8299999,0.89,0.59999996,0.68,0.63]
warning: dubious mut time results for integrate: [1.81,0.87,0.59,0.67,0.62]
warning: dubious run time results for integrate: [1.8299999,0.89,0.59999996,0.68,0.63]
warning: dubious mut time results for integrate: [1.81,0.87,0.59,0.67,0.62]
warning: dubious run time results for integrate: [0.65999997,0.78999996,1.0,0.61,0.61]
warning: dubious mut time results for integrate: [0.65,0.78,0.98,0.6,0.6]
warning: dubious run time results for integrate: [0.65999997,0.78999996,1.0,0.61,0.61]
warning: dubious mut time results for integrate: [0.65,0.78,0.98,0.6,0.6]
warning: dubious run time results for integrate: [0.76,0.77,1.14,1.29,0.84999996]
warning: dubious mut time results for integrate: [0.75,0.76,1.12,1.27,0.83]
warning: dubious run time results for integrate: [0.76,0.77,1.14,1.29,0.84999996]
warning: dubious mut time results for integrate: [0.75,0.76,1.12,1.27,0.83]
warning: dubious run time results for integrate: [0.61,1.0799999,0.92,0.97999996,0.92]
warning: dubious mut time results for integrate: [0.6,1.06,0.91,0.96,0.91]
warning: dubious run time results for integrate: [0.61,1.0799999,0.92,0.97999996,0.92]
warning: dubious mut time results for integrate: [0.6,1.06,0.91,0.96,0.91]
warning: dubious run time results for integrate: [0.86,0.88,1.11,0.94,1.64]
warning: dubious mut time results for integrate: [0.85,0.86,1.09,0.92,1.61]
warning: dubious run time results for integrate: [0.86,0.88,1.11,0.94,1.64]
warning: dubious mut time results for integrate: [0.85,0.86,1.09,0.92,1.61]
warning: dubious run time results for integrate: [1.68,0.84,0.85999995,0.81,0.77]
warning: dubious mut time results for integrate: [1.66,0.83,0.84,0.8,0.76]
warning: dubious run time results for integrate: [1.68,0.84,0.85999995,0.81,0.77]
warning: dubious mut time results for integrate: [1.66,0.83,0.84,0.8,0.76]
warning: dubious run time results for integrate: [1.3,0.69,1.38,2.03,1.6]
warning: dubious mut time results for integrate: [1.27,0.68,1.35,2.0,1.57]
warning: dubious run time results for integrate: [1.3,0.69,1.38,2.03,1.6]
warning: dubious mut time results for integrate: [1.27,0.68,1.35,2.0,1.57]
warning: dubious run time results for integrate: [1.0699999,0.64,0.88,0.76,1.8499999]
warning: dubious mut time results for integrate: [1.05,0.63,0.86,0.75,1.81]
warning: dubious run time results for integrate: [1.0699999,0.64,0.88,0.76,1.8499999]
warning: dubious mut time results for integrate: [1.05,0.63,0.86,0.75,1.81]
warning: dubious run time results for integrate: [1.9699999,1.36,1.35,0.81,0.85999995]
warning: dubious mut time results for integrate: [1.93,1.34,1.34,0.8,0.84]
warning: dubious run time results for integrate: [1.9699999,1.36,1.35,0.81,0.85999995]
warning: dubious mut time results for integrate: [1.93,1.34,1.34,0.8,0.84]
warning: dubious run time results for integrate: [2.22,1.7099999,0.78,1.1,0.75]
warning: dubious mut time results for integrate: [2.18,1.68,0.77,1.08,0.74]
warning: dubious run time results for integrate: [2.22,1.7099999,0.78,1.1,0.75]
warning: dubious mut time results for integrate: [2.18,1.68,0.77,1.08,0.74]
warning: dubious run time results for integrate: [0.94,0.73,0.77,0.67,0.73]
warning: dubious run time results for integrate: [0.94,0.73,0.77,0.67,0.73]
warning: dubious run time results for integrate: [1.05,0.64,0.73,0.74,0.96]
warning: dubious mut time results for integrate: [1.03,0.63,0.72,0.73,0.94]
warning: dubious run time results for integrate: [1.05,0.64,0.73,0.74,0.96]
warning: dubious mut time results for integrate: [1.03,0.63,0.72,0.73,0.94]
warning: dubious run time results for integrate: [1.12,0.74,0.84999996,0.69,0.77]
warning: dubious mut time results for integrate: [1.1,0.73,0.84,0.68,0.76]
warning: dubious run time results for integrate: [1.12,0.74,0.84999996,0.69,0.77]
warning: dubious mut time results for integrate: [1.1,0.73,0.84,0.68,0.76]
warning: dubious run time results for integrate: [0.94,0.78999996,0.78999996,0.74,0.67]
warning: dubious run time results for integrate: [0.94,0.78999996,0.78999996,0.74,0.67]
warning: dubious run time results for integrate: [0.77,0.82,0.86,0.68,1.0799999]
warning: dubious mut time results for integrate: [0.76,0.81,0.85,0.67,1.06]
warning: dubious run time results for integrate: [0.77,0.82,0.86,0.68,1.0799999]
warning: dubious mut time results for integrate: [0.76,0.81,0.85,0.67,1.06]
warning: dubious run time results for integrate: [0.7,0.65999997,1.1899999,0.69,0.78999996]
warning: dubious mut time results for integrate: [0.69,0.65,1.17,0.68,0.78]
warning: dubious run time results for integrate: [0.7,0.65999997,1.1899999,0.69,0.78999996]
warning: dubious mut time results for integrate: [0.69,0.65,1.17,0.68,0.78]
warning: dubious run time results for integrate: [0.67,1.21,1.05,1.11,0.78]
warning: dubious mut time results for integrate: [0.66,1.19,1.03,1.09,0.77]
warning: dubious run time results for integrate: [0.67,1.21,1.05,1.11,0.78]
warning: dubious mut time results for integrate: [0.66,1.19,1.03,1.09,0.77]
warning: dubious run time results for integrate: [1.11,1.01,0.68,0.73,0.71999997]
warning: dubious mut time results for integrate: [1.1,0.99,0.67,0.72,0.71]
warning: dubious run time results for integrate: [1.11,1.01,0.68,0.73,0.71999997]
warning: dubious mut time results for integrate: [1.1,0.99,0.67,0.72,0.71]
warning: dubious run time results for integrate: [0.81,0.75,0.75,1.55,0.76]
warning: dubious mut time results for integrate: [0.8,0.74,0.74,1.52,0.75]
warning: dubious run time results for integrate: [0.81,0.75,0.75,1.55,0.76]
warning: dubious mut time results for integrate: [0.8,0.74,0.74,1.52,0.75]
warning: dubious run time results for integrate: [0.83,1.5799999,0.77,0.88,0.81]
warning: dubious mut time results for integrate: [0.81,1.54,0.76,0.87,0.8]
warning: dubious run time results for integrate: [0.83,1.5799999,0.77,0.88,0.81]
warning: dubious mut time results for integrate: [0.81,1.54,0.76,0.87,0.8]
warning: dubious run time results for integrate: [0.93,0.96,0.75,1.16,0.82]
warning: dubious mut time results for integrate: [0.91,0.94,0.74,1.14,0.81]
warning: dubious run time results for integrate: [0.93,0.96,0.75,1.16,0.82]
warning: dubious mut time results for integrate: [0.91,0.94,0.74,1.14,0.81]
warning: dubious run time results for integrate: [0.74,1.36,0.78999996,1.25,1.23]
warning: dubious mut time results for integrate: [0.73,1.33,0.78,1.23,1.21]
warning: dubious run time results for integrate: [0.74,1.36,0.78999996,1.25,1.23]
warning: dubious mut time results for integrate: [0.73,1.33,0.78,1.23,1.21]
warning: dubious run time results for integrate: [0.64,0.84,1.5,0.65,0.71]
warning: dubious mut time results for integrate: [0.63,0.83,1.47,0.64,0.7]
warning: dubious run time results for integrate: [0.64,0.84,1.5,0.65,0.71]
warning: dubious mut time results for integrate: [0.63,0.83,1.47,0.64,0.7]
warning: dubious run time results for integrate: [1.36,1.35,0.68,0.75,1.02]
warning: dubious mut time results for integrate: [1.33,1.32,0.67,0.74,1.0]
warning: dubious run time results for integrate: [1.36,1.35,0.68,0.75,1.02]
warning: dubious mut time results for integrate: [1.33,1.32,0.67,0.74,1.0]
warning: dubious run time results for integrate: [0.59,0.64,0.88,0.81,0.77]
warning: dubious mut time results for integrate: [0.58,0.63,0.86,0.79,0.76]
warning: dubious run time results for integrate: [0.59,0.64,0.88,0.81,0.77]
warning: dubious mut time results for integrate: [0.58,0.63,0.86,0.79,0.76]
 9.39263704e8
011110010011001010011111101 9.39263704e8
101110100100001001000111110 9.39263704e8
101110000011100101110110000 9.39263704e8
100110010010000100011100101 9.39263704e8
100010001100101101010010000 9.39263704e8
101110010011110110101110001 9.39263704e8
100110010010100100011111001 9.39263704e8
000010010011100111110010101 9.39263704e8
100010101100001000000010101 9.39263704e8
001000011101101000001111010 9.39263704e8
000010100111101000010010000 9.39263704e8
000010001111011010000010010 9.39263704e8
001100010110100010111011101 9.39263704e8
000000101110111011001001000 9.39263704e8
010110011101100101010111001 9.39263704e8
101000110010100100011110101 9.39263704e8
000110010001100111111111101 9.39263704e8
000110011101100111011111000 9.39263704e8
010000000011101101010010010 9.39263704e8
101110010010100110111111101 9.39263704e8
100110010010100000011100000 9.39263704e8
best: 1.0
000010101110011010000000001 9.39263704e8
010000010101100101010111011 9.39263704e8
001000101110111011000001110 9.39263704e8
101100010010100000011100100 9.39263704e8
101110000011100101110110000 9.39263704e8
100110001100100001000011101 9.39263704e8
001000010101100101011111100 9.39263704e8
000100000010111011011010000 9.39263704e8
100010010100101111010111001 9.39263704e8
100111010011100010001110011 9.39263704e8
101110010010001001001000001 9.39263704e8
001110010010100000111110001 9.39263704e8
010000001010101000011100010 9.39263704e8
100011111110011000001000111 9.39263704e8
100110000101000101011111011 9.39263704e8
011110010110110101010011111 9.39263704e8
011110010011001010011111101 9.39263704e8
101110100100001001000111110 9.39263704e8
101110000011100101110110000 9.39263704e8
100110010010000100011100101 9.39263704e8
100010001100101101010010000 9.39263704e8
101110010011110110101110001 9.39263704e8
best: 1.0
100010000000001101011110101 9.39263704e8
101000010010101101011101101 9.39263704e8
100010001100110010000000001 9.39263704e8
001000000100000001010111010 9.39263704e8
101110000111100101111110001 9.39263704e8
100110000010001101100100001 9.39263704e8
101110100100001001001111011 9.39263704e8
000100000010101000011100100 9.39263704e8
101110010011100000110110001 9.39263704e8
011110001000101001000100110 9.39263704e8
001111001000000101010101001 9.39263704e8
010000110101000110011111000 9.39263704e8
001000110101001100011111110 9.39263704e8
100110011000000010011111000 9.39263704e8
000110101011001010011101101 9.39263704e8
000010101110011010000000001 9.39263704e8
010000010101100101010111011 9.39263704e8
001000101110111011000001110 9.39263704e8
101100010010100000011100100 9.39263704e8
101110000011100101110110000 9.39263704e8
100110001100100001000011101 9.39263704e8
001000010101100101011111100 9.39263704e8
best: 1.0
101100110100000000011111000 9.39263704e8
001000010010100101011101100 9.39263704e8
101110001111110010000000001 9.39263704e8
100110001011001111111111101 9.39263704e8
000000010101100001010111011 9.39263704e8
100110001000000100010101000 9.39263704e8
000110000110001000011111001 9.39263704e8
101010000001100001010111010 9.39263704e8
101110100000001001001111111 9.39263704e8
001100110101000100011111100 9.39263704e8
100110101001001001001001111 9.39263704e8
001111001001011111110101111 9.39263704e8
000100000100000001010100011 9.39263704e8
010000110011000001101100110 9.39263704e8
001010100100001011011101010 9.39263704e8
100010000000001101011110101 9.39263704e8
101000010010101101011101101 9.39263704e8
100010001100110010000000001 9.39263704e8
001000000100000001010111010 9.39263704e8
101110000111100101111110001 9.39263704e8
100110000010001101100100001 9.39263704e8
101110100100001001001111011 9.39263704e8
best: 1.0
done evolving!
"all is well:)"
>>>>>>>>>>>>>>FINISH OPTIMIZATION>>>>>>>>>>>>>>>
1601.99user 644.73system 51:49.21elapsed 72%CPU (0avgtext+0avgdata 134820maxresident)k
1098312inputs+1495808outputs (344major+104254959minor)pagefaults 0swaps
