warning: dubious run time results for life: [0.4,0.5,0.6,0.52,0.51]
warning: dubious mut time results for life: [0.2,0.25,0.31,0.26,0.24]
warning: dubious GC time results for life: [0.2,0.25,0.29,0.26,0.27]
warning: dubious run time results for life: [0.4,0.5,0.6,0.52,0.51]
warning: dubious mut time results for life: [0.2,0.25,0.31,0.26,0.24]
warning: dubious GC time results for life: [0.2,0.25,0.29,0.26,0.27]
warning: dubious run time results for life: [0.43,0.41,0.41,0.41,0.66999996]
warning: dubious mut time results for life: [0.22,0.21,0.21,0.21,0.35]
warning: dubious GC time results for life: [0.21,0.2,0.2,0.2,0.32]
warning: dubious run time results for life: [0.43,0.41,0.41,0.41,0.66999996]
warning: dubious mut time results for life: [0.22,0.21,0.21,0.21,0.35]
warning: dubious GC time results for life: [0.21,0.2,0.2,0.2,0.32]
warning: dubious mut time results for life: [0.28,0.25,0.26,0.37,0.29]
warning: dubious mut time results for life: [0.28,0.25,0.26,0.37,0.29]
warning: dubious run time results for life: [0.44,0.42,0.51,0.6,0.46]
warning: dubious mut time results for life: [0.22,0.21,0.25,0.3,0.23]
warning: dubious GC time results for life: [0.22,0.21,0.26,0.3,0.23]
warning: dubious run time results for life: [0.44,0.42,0.51,0.6,0.46]
warning: dubious mut time results for life: [0.22,0.21,0.25,0.3,0.23]
warning: dubious GC time results for life: [0.22,0.21,0.26,0.3,0.23]
warning: dubious mut time results for life: [0.25,0.23,0.22,0.19,0.27]
warning: dubious mut time results for life: [0.25,0.23,0.22,0.19,0.27]
warning: dubious run time results for life: [0.49,0.48,0.69,0.44,0.89]
warning: dubious mut time results for life: [0.25,0.24,0.37,0.22,0.48]
warning: dubious GC time results for life: [0.24,0.24,0.32,0.22,0.41]
warning: dubious run time results for life: [0.49,0.48,0.69,0.44,0.89]
warning: dubious mut time results for life: [0.25,0.24,0.37,0.22,0.48]
warning: dubious GC time results for life: [0.24,0.24,0.32,0.22,0.41]
warning: dubious run time results for life: [1.4,1.0799999,0.97999996,0.68,0.84]
warning: dubious mut time results for life: [0.78,0.59,0.53,0.34,0.42]
warning: dubious GC time results for life: [0.62,0.48,0.45,0.34,0.42]
warning: dubious run time results for life: [1.4,1.0799999,0.97999996,0.68,0.84]
warning: dubious mut time results for life: [0.78,0.59,0.53,0.34,0.42]
warning: dubious GC time results for life: [0.62,0.48,0.45,0.34,0.42]
warning: dubious run time results for life: [0.80999994,0.45,0.44,0.6,0.65]
warning: dubious mut time results for life: [0.42,0.22,0.22,0.3,0.35]
warning: dubious GC time results for life: [0.39,0.23,0.22,0.3,0.3]
warning: dubious run time results for life: [0.80999994,0.45,0.44,0.6,0.65]
warning: dubious mut time results for life: [0.42,0.22,0.22,0.3,0.35]
warning: dubious GC time results for life: [0.39,0.23,0.22,0.3,0.3]
warning: dubious run time results for life: [0.56,0.43,0.53,1.29,0.58000004]
warning: dubious mut time results for life: [0.3,0.22,0.27,0.8,0.31]
warning: dubious GC time results for life: [0.26,0.21,0.26,0.49,0.27]
warning: dubious run time results for life: [0.56,0.43,0.53,1.29,0.58000004]
warning: dubious mut time results for life: [0.3,0.22,0.27,0.8,0.31]
warning: dubious GC time results for life: [0.26,0.21,0.26,0.49,0.27]
warning: dubious GC time results for life: [0.21,0.22,0.23,0.24,0.3]
warning: dubious GC time results for life: [0.21,0.22,0.23,0.24,0.3]
warning: dubious run time results for life: [0.41,0.6,0.42,0.39,0.4]
warning: dubious mut time results for life: [0.21,0.31,0.21,0.2,0.2]
warning: dubious GC time results for life: [0.2,0.29,0.21,0.19,0.2]
warning: dubious run time results for life: [0.41,0.6,0.42,0.39,0.4]
warning: dubious mut time results for life: [0.21,0.31,0.21,0.2,0.2]
warning: dubious GC time results for life: [0.2,0.29,0.21,0.19,0.2]
warning: dubious run time results for life: [0.41,0.41,0.45,0.4,0.64]
warning: dubious mut time results for life: [0.2,0.2,0.22,0.2,0.33]
warning: dubious GC time results for life: [0.21,0.21,0.23,0.2,0.31]
warning: dubious run time results for life: [0.41,0.41,0.45,0.4,0.64]
warning: dubious mut time results for life: [0.2,0.2,0.22,0.2,0.33]
warning: dubious GC time results for life: [0.21,0.21,0.23,0.2,0.31]
warning: dubious run time results for life: [0.59000003,0.47,0.45,0.44,0.62]
warning: dubious mut time results for life: [0.32,0.24,0.23,0.22,0.33]
warning: dubious run time results for life: [0.59000003,0.47,0.45,0.44,0.62]
warning: dubious mut time results for life: [0.32,0.24,0.23,0.22,0.33]
warning: dubious run time results for life: [0.58000004,0.43,0.65,0.48000002,0.47]
warning: dubious mut time results for life: [0.3,0.22,0.34,0.25,0.24]
warning: dubious GC time results for life: [0.28,0.21,0.31,0.23,0.23]
warning: dubious run time results for life: [0.58000004,0.43,0.65,0.48000002,0.47]
warning: dubious mut time results for life: [0.3,0.22,0.34,0.25,0.24]
warning: dubious GC time results for life: [0.28,0.21,0.31,0.23,0.23]
warning: dubious run time results for life: [0.43,0.54999995,0.45,0.43,0.61]
warning: dubious mut time results for life: [0.22,0.29,0.23,0.22,0.31]
warning: dubious GC time results for life: [0.21,0.26,0.22,0.21,0.3]
warning: dubious run time results for life: [0.43,0.54999995,0.45,0.43,0.61]
warning: dubious mut time results for life: [0.22,0.29,0.23,0.22,0.31]
warning: dubious GC time results for life: [0.21,0.26,0.22,0.21,0.3]
warning: dubious run time results for life: [0.51,0.62,0.45,0.52,0.44]
warning: dubious mut time results for life: [0.26,0.31,0.22,0.27,0.22]
warning: dubious GC time results for life: [0.25,0.31,0.23,0.25,0.22]
warning: dubious run time results for life: [0.51,0.62,0.45,0.52,0.44]
warning: dubious mut time results for life: [0.26,0.31,0.22,0.27,0.22]
warning: dubious GC time results for life: [0.25,0.31,0.23,0.25,0.22]
warning: dubious run time results for life: [0.6,0.44,0.47,0.53,0.75]
warning: dubious mut time results for life: [0.31,0.22,0.24,0.27,0.38]
warning: dubious GC time results for life: [0.29,0.22,0.23,0.26,0.37]
warning: dubious run time results for life: [0.6,0.44,0.47,0.53,0.75]
warning: dubious mut time results for life: [0.31,0.22,0.24,0.27,0.38]
warning: dubious GC time results for life: [0.29,0.22,0.23,0.26,0.37]
warning: dubious mut time results for life: [0.25,0.22,0.2,0.24,0.29]
warning: dubious mut time results for life: [0.25,0.22,0.2,0.24,0.29]
warning: dubious mut time results for life: [0.24,0.29,0.31,0.22,0.22]
warning: dubious mut time results for life: [0.24,0.29,0.31,0.22,0.22]
warning: dubious run time results for life: [0.45,0.49,0.63,0.53999996,0.42]
warning: dubious mut time results for life: [0.22,0.24,0.32,0.28,0.21]
warning: dubious GC time results for life: [0.23,0.25,0.31,0.26,0.21]
warning: dubious run time results for life: [0.45,0.49,0.63,0.53999996,0.42]
warning: dubious mut time results for life: [0.22,0.24,0.32,0.28,0.21]
warning: dubious GC time results for life: [0.23,0.25,0.31,0.26,0.21]
warning: dubious GC time results for life: [0.22,0.26,0.23,0.31,0.25]
warning: dubious GC time results for life: [0.22,0.26,0.23,0.31,0.25]
warning: dubious mut time results for life: [0.31,0.31,0.22,0.23,0.27]
warning: dubious mut time results for life: [0.31,0.31,0.22,0.23,0.27]
warning: dubious mut time results for life: [0.3,0.31,0.24,0.26,0.22]
warning: dubious mut time results for life: [0.3,0.31,0.24,0.26,0.22]
warning: dubious mut time results for life: [0.26,0.21,0.2,0.21,0.29]
warning: dubious mut time results for life: [0.26,0.21,0.2,0.21,0.29]
warning: dubious run time results for life: [0.68,0.51,0.41,0.44,0.42]
warning: dubious mut time results for life: [0.33,0.23,0.2,0.22,0.21]
warning: dubious GC time results for life: [0.35,0.28,0.21,0.22,0.21]
warning: dubious run time results for life: [0.68,0.51,0.41,0.44,0.42]
warning: dubious mut time results for life: [0.33,0.23,0.2,0.22,0.21]
warning: dubious GC time results for life: [0.35,0.28,0.21,0.22,0.21]
warning: dubious run time results for life: [0.76,0.59000003,0.4,0.38,0.45]
warning: dubious mut time results for life: [0.37,0.26,0.2,0.19,0.23]
warning: dubious GC time results for life: [0.39,0.33,0.2,0.19,0.22]
warning: dubious run time results for life: [0.76,0.59000003,0.4,0.38,0.45]
warning: dubious mut time results for life: [0.37,0.26,0.2,0.19,0.23]
warning: dubious GC time results for life: [0.39,0.33,0.2,0.19,0.22]
warning: dubious run time results for life: [0.38,0.49,0.62,0.53,0.51]
warning: dubious mut time results for life: [0.19,0.25,0.32,0.27,0.26]
warning: dubious GC time results for life: [0.19,0.24,0.3,0.26,0.25]
warning: dubious run time results for life: [0.38,0.49,0.62,0.53,0.51]
warning: dubious mut time results for life: [0.19,0.25,0.32,0.27,0.26]
warning: dubious GC time results for life: [0.19,0.24,0.3,0.26,0.25]
warning: dubious run time results for life: [0.62,0.41,0.42,0.41,0.45]
warning: dubious mut time results for life: [0.31,0.21,0.21,0.21,0.23]
warning: dubious GC time results for life: [0.31,0.2,0.21,0.2,0.22]
warning: dubious run time results for life: [0.62,0.41,0.42,0.41,0.45]
warning: dubious mut time results for life: [0.31,0.21,0.21,0.21,0.23]
warning: dubious GC time results for life: [0.31,0.2,0.21,0.2,0.22]
warning: dubious run time results for life: [0.79999995,0.99,0.48,0.88,0.5]
warning: dubious mut time results for life: [0.39,0.51,0.24,0.49,0.25]
warning: dubious GC time results for life: [0.41,0.48,0.24,0.39,0.25]
warning: dubious run time results for life: [0.79999995,0.99,0.48,0.88,0.5]
warning: dubious mut time results for life: [0.39,0.51,0.24,0.49,0.25]
warning: dubious GC time results for life: [0.41,0.48,0.24,0.39,0.25]
warning: dubious run time results for life: [0.49,0.82,0.52,0.69,1.12]
warning: dubious mut time results for life: [0.26,0.41,0.28,0.32,0.6]
warning: dubious GC time results for life: [0.23,0.41,0.24,0.37,0.52]
warning: dubious run time results for life: [0.49,0.82,0.52,0.69,1.12]
warning: dubious mut time results for life: [0.26,0.41,0.28,0.32,0.6]
warning: dubious GC time results for life: [0.23,0.41,0.24,0.37,0.52]
warning: dubious run time results for life: [1.2,0.96,0.43,0.67,0.41]
warning: dubious mut time results for life: [0.67,0.51,0.22,0.34,0.21]
warning: dubious GC time results for life: [0.53,0.45,0.21,0.33,0.2]
warning: dubious run time results for life: [1.2,0.96,0.43,0.67,0.41]
warning: dubious mut time results for life: [0.67,0.51,0.22,0.34,0.21]
warning: dubious GC time results for life: [0.53,0.45,0.21,0.33,0.2]
warning: dubious run time results for life: [0.61,0.42,0.4,0.42,0.46]
warning: dubious mut time results for life: [0.29,0.21,0.2,0.21,0.23]
warning: dubious GC time results for life: [0.32,0.21,0.2,0.21,0.23]
warning: dubious run time results for life: [0.61,0.42,0.4,0.42,0.46]
warning: dubious mut time results for life: [0.29,0.21,0.2,0.21,0.23]
warning: dubious GC time results for life: [0.32,0.21,0.2,0.21,0.23]
warning: dubious mut time results for life: [0.23,0.21,0.27,0.19,0.2]
warning: dubious mut time results for life: [0.23,0.21,0.27,0.19,0.2]
warning: dubious run time results for life: [0.38,0.38,0.44,0.57,0.5]
warning: dubious mut time results for life: [0.19,0.19,0.22,0.29,0.26]
warning: dubious GC time results for life: [0.19,0.19,0.22,0.28,0.24]
warning: dubious run time results for life: [0.38,0.38,0.44,0.57,0.5]
warning: dubious mut time results for life: [0.19,0.19,0.22,0.29,0.26]
warning: dubious GC time results for life: [0.19,0.19,0.22,0.28,0.24]
warning: dubious run time results for life: [0.57,0.42000002,0.44,0.42000002,0.39]
warning: dubious mut time results for life: [0.31,0.22,0.23,0.22,0.2]
warning: dubious run time results for life: [0.57,0.42000002,0.44,0.42000002,0.39]
warning: dubious mut time results for life: [0.31,0.22,0.23,0.22,0.2]
warning: dubious run time results for life: [0.39999998,0.44,0.5,0.49,0.58]
warning: dubious GC time results for life: [0.19,0.21,0.25,0.24,0.29]
warning: dubious run time results for life: [0.39999998,0.44,0.5,0.49,0.58]
warning: dubious GC time results for life: [0.19,0.21,0.25,0.24,0.29]
Optimizing /h/ywang30/nofib/spectral/life
>>>>>>>>>>>>>>>START OPTIMIZATION>>>>>>>>>>>>>>>
pop: 15
gens: 13
arch: 7
Basetime is: 5.0319572e8
01000000010011000001100010010000110101000101100 5.04322072e8
10101001001101110101110100001111000100100010000 5.03194264e8
10100000100100101010011110011011100110000000111 5.03194272e8
00001001001100100111000110100101010110100110000 5.02483864e8
10000000000010000000010011100110111001011011011 5.04319272e8
10100001111100010101000101001100010010111100000 5.03194352e8
11100000100000000010100111111101110110111010111 5.03192184e8
11011001001011000000111101110001011011001000101 5.04319272e8
00001000011100101000111001101100110000111000001 5.0319436e8
01110101010001000001101011111010001110001001100 5.03194352e8
11101100100000001100111011010010100010100000011 5.03197168e8
10111110000010000000010110101101000111000110010 5.04319176e8
00001110000010000101000010101011000101001000111 5.02899928e8
11010010000010011000001000100101010000100000100 5.03609496e8
00110000011001101101011110101101001100000010010 5.03194264e8
best: 0.9985853297798319
11001000000010000111000010111101100111011010111 5.03606696e8
10101110111010000101000111101100010010011000100 5.04319984e8
00001110010000101101101011101000000101101000011 5.03195096e8
00001100001010000101000110001011000101101010011 5.02899928e8
10110000000100101001011111111010000110000001110 5.03194264e8
10100000100000000110000111001101110110111110111 5.0319436e8
00011000001010001101011010101111000100001000011 5.04319992e8
00110000100001101101011110111001101100000000011 5.03194272e8
01110010010011011001011100101101010000000000010 5.04319896e8
10011110110011111111001001110101010100000000110 5.0431772e8
11100100000110101111010110000011000110000000111 5.0432136e8
00010000011001000101101011101010000110101001110 5.03195808e8
00110110011001101111111010110010000101001010010 5.03193632e8
00011010010110101101111001101010110000111100011 5.04321448e8
00011110010000000000010111100111100111000010011 5.03193552e8
00001001001100100111000110100101010110100110000 5.02483864e8
00001110000010000101000010101011000101001000111 5.02899928e8
11100000100000000010100111111101110110111010111 5.03192184e8
10101001001101110101110100001111000100100010000 5.03194264e8
00110000011001101101011110101101001100000010010 5.03194264e8
10100000100100101010011110011011100110000000111 5.03194272e8
10100001111100010101000101001100010010111100000 5.03194352e8
best: 0.9985853297798319
00101001001010010101100010001011000101001010001 5.03586648e8
00101000001010101101011110111011001101001010011 5.04319272e8
00001110001010000101000010101011000101101010011 5.02899928e8
00100111011100100111111010110101000111001110000 5.03191456e8
10101100110000001110100011101100110100101000011 5.0319436e8
00001000100011001101000110111001001100000000011 5.03609504e8
11001000000010000111000010111101100111011010111 5.03606696e8
01011000000011101101001010111101101110011010110 5.02897008e8
10101001001101110101110100001111000100100010000 5.03194264e8
00100000000001011001111111111100000110110000111 5.03192096e8
11010000110111011010000101111101101000011011101 5.04317816e8
10001010110010100111010000111011001111000101110 5.04319176e8
01010100001000000101100110011001001101110010011 5.01772752e8
11100001100001000010110110110111010110111010010 5.03192176e8
10101000110000000000110111100110100110000000001 5.03194272e8
00001001001100100111000110100101010110100110000 5.02483864e8
00001100001010000101000110001011000101101010011 5.02899928e8
00001110000010000101000010101011000101001000111 5.02899928e8
11100000100000000010100111111101110110111010111 5.03192184e8
00011110010000000000010111100111100111000010011 5.03193552e8
00110110011001101111111010110010000101001010010 5.03193632e8
10110000000100101001011111111010000110000001110 5.03194264e8
best: 0.9971721381096008
00011110001000000100010111101011100111101010011 5.03195096e8
00010000000001101101001111111100000110011000110 5.03192176e8
00111111001001111101111000100110000100001010000 5.03194352e8
00001101001010000101100010101011000101001010011 5.02899928e8
00001100001010000101000110001011000101101010011 5.02899928e8
01011000001010000101001010011111101101111010111 5.02896296e8
11100000000000011011111111111101110110111000111 5.03192184e8
10110011100000000000010110100111010110011010010 5.03194352e8
01110000000001101001001111111001100110001011110 5.03194352e8
00111000010010110001001010111101101100011011110 5.02162928e8
11110001100000010010111110011100110100101010101 5.03192184e8
00001110000001010100010010101000110011000010011 5.03195008e8
00001000011100111000101110100100011110100100110 5.02483864e8
10001111000011110111010011000001001001001100111 5.04320728e8
01001010010000101101001110111101111111000000110 5.02480968e8
01010100001000000101100110011001001101110010011 5.01772752e8
00001001001100100111000110100101010110100110000 5.02483864e8
01011000000011101101001010111101101110011010110 5.02897008e8
00001110001010000101000010101011000101101010011 5.02899928e8
00001100001010000101000110001011000101101010011 5.02899928e8
00001110000010000101000010101011000101001000111 5.02899928e8
00100111011100100111111010110101000111001110000 5.03191456e8
best: 0.9971721381096008
00111100011010100001000010111111101100011011010 5.02162928e8
00011000000010000101000110011101101100001011110 5.02897008e8
10101001101010000100110010101111010111011010010 5.04319264e8
11110111001000100011111110110100100111001110001 5.03191464e8
00001010000010001101000010101101001101001000110 5.03608864e8
00001011000100100101000010101111000110100100001 5.02483872e8
01001010011010101101001110101011001111100010011 5.0361024e8
00001100001010000101100110001001000101110010011 5.0289984e8
10001011000010000101100110101111000101001010010 5.03608864e8
00000101001010000101101011001011000101101010011 5.04320728e8
10001101000110001101100100000011000101111010011 5.02899928e8
01001000011100111100010110000100111100110110110 5.0319716e8
10001010000001000101101110101111100100111011101 5.0248396e8
01011000011011000111101001011100100001111010111 5.04317096e8
10001100100010010101010100110011010101101110000 5.04319264e8
01010100001000000101100110011001001101110010011 5.01772752e8
00111000010010110001001010111101101100011011110 5.02162928e8
01001010010000101101001110111101111111000000110 5.02480968e8
00001000011100111000101110100100011110100100110 5.02483864e8
00001001001100100111000110100101010110100110000 5.02483864e8
01011000001010000101001010011111101101111010111 5.02896296e8
01011000000011101101001010111101101110011010110 5.02897008e8
best: 0.9971721381096008
00001001010110000001101010000111101100011010010 5.0361248e8
10001011000110101101101100100101010111111000111 5.03608872e8
01000000001000001101000110111001001101101010010 5.03193632e8
00111111010010100011011010111101100111001110110 5.04317088e8
00001011000100100101000010101111000110100100001 5.02483872e8
00011000000010000111000110000101011100101011100 5.0290208e8
00111100011010100001000010111111101100011011010 5.02162928e8
10001000010010101101101100000001100101001000111 5.03610328e8
01001010010100100101000010111101010110100100101 5.02481696e8
11111000111001101001000000110111001001011111000 5.01036576e8
01000100101010010101100110001011100001110010001 5.0361024e8
00001100011110001100111110101111101110000100010 5.04319896e8
01001011000011000011001010110101101010111000001 5.03607416e8
00010010111011010110101111101100010000111010111 5.04319992e8
01111100101001000101100011011001000101111001011 5.0319364e8
01010100001000000101100110011001001101110010011 5.01772752e8
00111100011010100001000010111111101100011011010 5.02162928e8
00111000010010110001001010111101101100011011110 5.02162928e8
01001010010000101101001110111101111111000000110 5.02480968e8
00001000011100111000101110100100011110100100110 5.02483864e8
00001001001100100111000110100101010110100110000 5.02483864e8
00001011000100100101000010101111000110100100001 5.02483872e8
best: 0.9957091367947247
00101000011010100001001110111101101101011001010 5.03583008e8
01101100011010100101001110111101111101000001010 5.0216212e8
00001001001100100111000110100101010110100110000 5.02483864e8
00001000011warning: dubious mut time results for life: [0.22,0.24,0.29,0.2,0.21]
warning: dubious mut time results for life: [0.22,0.24,0.29,0.2,0.21]
warning: dubious mut time results for life: [0.19,0.21,0.22,0.21,0.27]
warning: dubious mut time results for life: [0.19,0.21,0.22,0.21,0.27]
warning: dubious run time results for life: [0.48000002,0.47,0.45,0.68,0.45]
warning: dubious mut time results for life: [0.25,0.23,0.23,0.36,0.23]
warning: dubious GC time results for life: [0.23,0.24,0.22,0.32,0.22]
warning: dubious run time results for life: [0.48000002,0.47,0.45,0.68,0.45]
warning: dubious mut time results for life: [0.25,0.23,0.23,0.36,0.23]
warning: dubious GC time results for life: [0.23,0.24,0.22,0.32,0.22]
warning: dubious run time results for life: [0.45,0.6,0.58000004,0.64,0.57000005]
warning: dubious GC time results for life: [0.22,0.29,0.28,0.32,0.3]
warning: dubious run time results for life: [0.45,0.6,0.58000004,0.64,0.57000005]
warning: dubious GC time results for life: [0.22,0.29,0.28,0.32,0.3]
warning: dubious GC time results for life: [0.29,0.26,0.3,0.27,0.39]
warning: dubious GC time results for life: [0.29,0.26,0.3,0.27,0.39]
warning: dubious run time results for life: [0.66999996,0.45,0.5,0.54,0.56]
warning: dubious mut time results for life: [0.35,0.23,0.24,0.27,0.29]
warning: dubious GC time results for life: [0.32,0.22,0.26,0.27,0.27]
warning: dubious run time results for life: [0.66999996,0.45,0.5,0.54,0.56]
warning: dubious mut time results for life: [0.35,0.23,0.24,0.27,0.29]
warning: dubious GC time results for life: [0.32,0.22,0.26,0.27,0.27]
010110001001010100110101100110110110 5.03609496e8
00011100010000110000101110100100000111000100110 5.01038664e8
00001001000010100101000010100111001110101011000 5.03609584e8
01011110000100000101000010011101001101110000111 5.01036496e8
01010100000000000101100010011101001111110010111 5.01770576e8
01011000000000100101000110111101001101010000111 5.01770576e8
00010000011100111100101010101100011110110100000 5.02483864e8
01110000100001101001100011111111111001011100100 5.03191456e8
00111100010011100001010111001111101010010011111 5.04319904e8
00110000011011011111001010111100101100011011110 5.03583728e8
01011010101001001100000101011000001110111010011 5.0319436e8
10111001000110111100101100101110010111100101101 5.02164304e8
11111000111001101001000000110111001001011111000 5.01036576e8
01010100001000000101100110011001001101110010011 5.01772752e8
00111100011010100001000010111111101100011011010 5.02162928e8
00111000010010110001001010111101101100011011110 5.02162928e8
01001010010000101101001110111101111111000000110 5.02480968e8
01001010010100100101000010111101010110100100101 5.02481696e8
00001000011100111000101110100100011110100100110 5.02483864e8
best: 0.9957089778108605
00010000010000110101000010011101101111010011111 5.02480976e8
01011100000000000101000010011101001111110010111 5.01036496e8
00001001010000110001000010111101100110010110000 5.02481688e8
11011000011000101000001000100100001111011101000 5.01772832e8
11111000111000100001000010111111101001011111000 5.01036576e8
01010100010000100001100010011101001101111010001 5.01770664e8
01010100001000000101100110011001001101110010111 5.01772752e8
01111100000010100001100010011001001101010010111 5.02164304e8
01011010101001000101000000011101001101011110001 5.01770664e8
10010101111011011111001010001100111001000101000 5.02898376e8
01001111011011100111000110000101111100000001101 5.02902e8
11001010000100111101000010011011010110100000110 5.02483864e8
00001000010110111011001000100011101101110111111 5.0361024e8
11111001000011010100001100111110001101110110101 5.02162128e8
00110001000110100110101100111110111011100100101 5.03582928e8
01011110000100000101000010011101001101110000111 5.01036496e8
11111000111001101001000000110111001001011111000 5.01036576e8
00011100010000110000101110100100000111000100110 5.01038664e8
01010100000000000101100010011101001111110010111 5.01770576e8
01011000000000100101000110111101001101010000111 5.01770576e8
01010100001000000101100110011001001101110010011 5.01772752e8
01101100011010100101001110111101111101000001010 5.0216212e8
best: 0.9957089778108605
01010100000000000101000010011101001111110000111 5.01770576e8
01011010101001000101000000011101001101011110001 5.01770664e8
01011110100000000101000000011101001111110110001 5.01036496e8
00011000010000100001000010111101000110010010100 5.01771288e8
00011101010000110100101100111110000101010110101 5.01036496e8
11011000101001000101000010111101001101011111000 5.01770656e8
11011100011000100001101010101100001111011100100 5.01038752e8
01011110101101000101000010011101001101110000001 5.01036496e8
00010100010100100101000010011101001101010001111 5.01770576e8
01000100110100100001100010000000001101111110001 5.02484696e8
01111000110010100000000100101010110001111100000 5.0216584e8
01011000000010110011000111000101101011110100011 5.0432208e8
01001010001000111000001101100100001011011100001 5.0319364e8
01011110010100110100111000110100000111000111010 5.03191368e8
11010010100001101101101000110100001111001101000 5.02481056e8
01011100000000000101000010011101001111110010111 5.01036496e8
01011110000100000101000010011101001101110000111 5.01036496e8
11111000111000100001000010111111101001011111000 5.01036576e8
11111000111001101001000000110111001001011111000 5.01036576e8
00011100010000110000101110100100000111000100110 5.01038664e8
01010100000000000101100010011101001111110010111 5.01770576e8
01011000000000100101000110111101001101010000111 5.01770576e8
best: 0.9957089778108605
01011010101101000101000010011101001101011111001 5.01770664e8
01011000100000101101000110111101001101010010001 5.01770576e8
11000110100101100001101010100100001111111111000 5.02483232e8
11011000111000100001001010111101101011011110000 5.01770656e8
01011101010000100100001110011110000101110000101 5.01036496e8
00010100010100100101000010011101001101010001111 5.01770576e8
01011010000100100000000110111000011001110000001 5.01772752e8
11111000101001000101000010111101101001011111000 5.01036576e8
01010110100000000101000000011101001111110000011 5.01770576e8
11110010100101100100111001000001001111000100001 5.03195008e8
00000101101010111101101110011101110001110010111 5.03606608e8
01010111000000100000101101111111010011010100001 5.03191376e8
01010000001001101101110010110010011000011111101 5.0319436e8
01110000101000110001010010110111001001010111001 5.03191376e8
11011100110000011100101100010100001111100110001 5.01038672e8
01011110100000000101000000011101001111110110001 5.01036496e8
00011101010000110100101100111110000101010110101 5.01036496e8
01011110101101000101000010011101001101110000001 5.01036496e8
01011100000000000101000010011101001111110010111 5.01036496e8
01011110000100000101000010011101001101110000111 5.01036496e8
11111000111000100001000010111111101001011111000 5.01036576e8
11111000111001101001000000110111001001011111000 5.01036576e8
best: 0.9957089778108605
11011110110100011101001000010101001101110000011 5.01038672e8
01011110000000000101000010011101001101110110001 5.01036496e8
11011000100100011101001010011101001101001111001 5.01770664e8
01011101010000100100101100011110000101010010101 5.01036496e8
11011000111000100001001010111101101011011110000 5.01770656e8
11111010101101000101000000011111001001011111001 5.01036584e8
01011110101101000101000010011101001101110000001 5.01036496e8
10011100010000011100101100110110000101100110001 5.01036496e8
11111000111001100101000000010101001001011111000 5.01038752e8
01111110000101110010000111110111001000010100100 5.03192088e8
01111101010000010001011100011000000001110001111 5.03193552e8
11011100000101011100000010001111001101110110101 5.01038672e8
01011110100000010001111010001001001011010011110 5.03195e8
01010011101001000101101001011001101010110001111 5.03194272e8
11011101100010001101000011111111101111111011101 5.04317096e8
01011101010000100100001110011110000101110000101 5.01036496e8
01011110100000000101000000011101001111110110001 5.01036496e8
00011101010000110100101100111110000101010110101 5.01036496e8
01011110101101000101000010011101001101110000001 5.01036496e8
01011100000000000101000010011101001111110010111 5.01036496e8
01011110000100000101000010011101001101110000111 5.01036496e8
11111000101001000101000010111101101001011111000 5.01036576e8
best: 0.9957089778108605
01011100000100000101000010011101001101110000111 5.01036496e8
11011001110001100101101000011100000101010111100 5.01770568e8
11011110101100001101001000011101001101011011011 5.01036584e8
00011111010000010101100110111110000101010110101 5.01036496e8
11111010101101100101000000110111001001011111100 5.01036576e8
01011110100101000101001010011101001101110000001 5.01036496e8
10011000100001110100000010111111101001011110101 5.01770664e8
10011100010000000100101100011110000101010010001 5.01036496e8
01011110000000100100100000011110000101110110001 5.01036496e8
11011111100010110100100000110010110111011010001 5.02164392e8
11011010000011000111001110101100011010110111001 5.02899104e8
01011100000010001001100011100110001111111110001 5.04319272e8
01011100101111100001000011011000000101110001001 5.04319184e8
01011100101000011101001100111111100110100110001 5.01037216e8
00111101000000000101001000001001001111010111001 5.01040128e8
01011110000000000101000010011101001101110110001 5.01036496e8
01011101010000100100101100011110000101010010101 5.01036496e8
01011110101101000101000010011101001101110000001 5.01036496e8
10011100010000011100101100110110000101100110001 5.01036496e8
01011101010000100100001110011110000101110000101 5.01036496e8
01011110100000000101000000011101001111110110001 5.01036496e8
00011101010000110100101100111110000101010110101 5.01036496e8
best: 0.9957089778108605
10011110000000000100000010110111000101100110001 5.01036496e8
0101110010100011110010110011111000011101warning: dubious run time results for life: [0.41,0.47,0.56,0.46,0.59000003]
warning: dubious GC time results for life: [0.2,0.23,0.28,0.23,0.3]
warning: dubious run time results for life: [0.41,0.47,0.56,0.46,0.59000003]
warning: dubious GC time results for life: [0.2,0.23,0.28,0.23,0.3]
warning: dubious mut time results for life: [0.28,0.23,0.2,0.29,0.25]
warning: dubious mut time results for life: [0.28,0.23,0.2,0.29,0.25]
0110001 5.01036496e8
01011110000000100101000000011100001101110110001 5.01036496e8
01011100100000000101001000011101000101110000001 5.01036496e8
00011101010000110100101100011110000101010110101 5.01036496e8
11011101111100000101001010011111000101010011101 5.01036496e8
10011100000000000100000000011110000111010010001 5.01036496e8
00011111010000110101001110011110000101110010101 5.01036496e8
01011110000100010101100110011101000101010100101 5.01036496e8
00001111010010110000101100111111001111010100101 5.02896208e8
01011100110110100101101001011100001110110010111 5.04317728e8
01011110000101001110100011011100000101100110011 5.03191376e8
00101111010000010101101010011110100001000110101 5.01036496e8
00011101001000101011100011101010000101110101101 5.03195008e8
10101100100000110001101111111101111101100111101 5.03191376e8
01011100000100000101000010011101001101110000111 5.01036496e8
00011111010000010101100110111110000101010110101 5.01036496e8
01011110100101000101001010011101001101110000001 5.01036496e8
10011100010000000100101100011110000101010010001 5.01036496e8
01011110000000100100100000011110000101110110001 5.01036496e8
01011110000000000101000010011101001101110110001 5.01036496e8
01011101010000100100101100011110000101010010101 5.01036496e8
best: 0.9957089778108605
done evolving!
"all is well:)"
>>>>>>>>>>>>>>FINISH OPTIMIZATION>>>>>>>>>>>>>>>
1260.23user 525.32system 44:48.24elapsed 66%CPU (0avgtext+0avgdata 131404maxresident)k
990928inputs+1340392outputs (398major+67673837minor)pagefaults 0swaps
warning: dubious run time results for life: [0.93,0.47,0.4,0.78,0.49]
warning: dubious mut time results for life: [0.43,0.24,0.2,0.4,0.24]
warning: dubious GC time results for life: [0.5,0.23,0.2,0.38,0.25]
warning: dubious run time results for life: [0.93,0.47,0.4,0.78,0.49]
warning: dubious mut time results for life: [0.43,0.24,0.2,0.4,0.24]
warning: dubious GC time results for life: [0.5,0.23,0.2,0.38,0.25]
warning: dubious run time results for life: [0.45,0.57000005,0.46,0.83,0.39]
warning: dubious mut time results for life: [0.23,0.3,0.23,0.41,0.2]
warning: dubious GC time results for life: [0.22,0.27,0.23,0.42,0.19]
warning: dubious run time results for life: [0.45,0.57000005,0.46,0.83,0.39]
warning: dubious mut time results for life: [0.23,0.3,0.23,0.41,0.2]
warning: dubious GC time results for life: [0.22,0.27,0.23,0.42,0.19]
warning: dubious run time results for life: [0.51,0.45,0.59000003,0.39,0.45999998]
warning: dubious mut time results for life: [0.27,0.23,0.3,0.2,0.24]
warning: dubious GC time results for life: [0.24,0.22,0.29,0.19,0.22]
warning: dubious run time results for life: [0.51,0.45,0.59000003,0.39,0.45999998]
warning: dubious mut time results for life: [0.27,0.23,0.3,0.2,0.24]
warning: dubious GC time results for life: [0.24,0.22,0.29,0.19,0.22]
warning: dubious run time results for life: [0.41,0.37,0.53999996,0.41,0.48000002]
warning: dubious mut time results for life: [0.21,0.19,0.28,0.21,0.25]
warning: dubious GC time results for life: [0.2,0.18,0.26,0.2,0.23]
warning: dubious run time results for life: [0.41,0.37,0.53999996,0.41,0.48000002]
warning: dubious mut time results for life: [0.21,0.19,0.28,0.21,0.25]
warning: dubious GC time results for life: [0.2,0.18,0.26,0.2,0.23]
warning: dubious run time results for life: [0.42,0.4,0.62,0.54999995,0.44]
warning: dubious mut time results for life: [0.21,0.2,0.31,0.26,0.21]
warning: dubious GC time results for life: [0.21,0.2,0.31,0.29,0.23]
warning: dubious run time results for life: [0.42,0.4,0.62,0.54999995,0.44]
warning: dubious mut time results for life: [0.21,0.2,0.31,0.26,0.21]
warning: dubious GC time results for life: [0.21,0.2,0.31,0.29,0.23]
warning: dubious run time results for life: [0.58,0.49,0.61,0.39,0.41]
warning: dubious mut time results for life: [0.29,0.24,0.3,0.2,0.21]
warning: dubious GC time results for life: [0.29,0.25,0.31,0.19,0.2]
warning: dubious run time results for life: [0.58,0.49,0.61,0.39,0.41]
warning: dubious mut time results for life: [0.29,0.24,0.3,0.2,0.21]
warning: dubious GC time results for life: [0.29,0.25,0.31,0.19,0.2]
warning: dubious run time results for life: [0.46,0.46,0.38,0.54,0.5]
warning: dubious mut time results for life: [0.23,0.23,0.19,0.27,0.25]
warning: dubious GC time results for life: [0.23,0.23,0.19,0.27,0.25]
warning: dubious run time results for life: [0.46,0.46,0.38,0.54,0.5]
warning: dubious mut time results for life: [0.23,0.23,0.19,0.27,0.25]
warning: dubious GC time results for life: [0.23,0.23,0.19,0.27,0.25]
warning: dubious run time results for life: [0.61,0.42,0.35000002,0.44,0.43]
warning: dubious mut time results for life: [0.31,0.21,0.18,0.22,0.22]
warning: dubious GC time results for life: [0.3,0.21,0.17,0.22,0.21]
warning: dubious run time results for life: [0.61,0.42,0.35000002,0.44,0.43]
warning: dubious mut time results for life: [0.31,0.21,0.18,0.22,0.22]
warning: dubious GC time results for life: [0.3,0.21,0.17,0.22,0.21]
warning: dubious run time results for life: [0.42,0.46,0.37,0.65,0.51]
warning: dubious mut time results for life: [0.21,0.23,0.19,0.33,0.26]
warning: dubious GC time results for life: [0.21,0.23,0.18,0.32,0.25]
warning: dubious run time results for life: [0.42,0.46,0.37,0.65,0.51]
warning: dubious mut time results for life: [0.21,0.23,0.19,0.33,0.26]
warning: dubious GC time results for life: [0.21,0.23,0.18,0.32,0.25]
warning: dubious run time results for life: [0.49,0.49,0.51,0.4,0.58000004]
warning: dubious GC time results for life: [0.24,0.25,0.25,0.2,0.3]
warning: dubious run time results for life: [0.49,0.49,0.51,0.4,0.58000004]
warning: dubious GC time results for life: [0.24,0.25,0.25,0.2,0.3]
warning: dubious run time results for life: [0.49,0.5,0.56,0.39999998,0.37]
warning: dubious mut time results for life: [0.26,0.26,0.3,0.21,0.19]
warning: dubious GC time results for life: [0.23,0.24,0.26,0.19,0.18]
warning: dubious run time results for life: [0.49,0.5,0.56,0.39999998,0.37]
warning: dubious mut time results for life: [0.26,0.26,0.3,0.21,0.19]
warning: dubious GC time results for life: [0.23,0.24,0.26,0.19,0.18]
warning: dubious run time results for life: [0.49,0.47,1.09,0.51,0.53]
warning: dubious mut time results for life: [0.25,0.24,0.55,0.24,0.27]
warning: dubious GC time results for life: [0.24,0.23,0.54,0.27,0.26]
warning: dubious run time results for life: [0.49,0.47,1.09,0.51,0.53]
warning: dubious mut time results for life: [0.25,0.24,0.55,0.24,0.27]
warning: dubious GC time results for life: [0.24,0.23,0.54,0.27,0.26]
warning: dubious run time results for life: [1.29,0.49,0.48,0.46,0.53]
warning: dubious mut time results for life: [0.7,0.24,0.24,0.23,0.26]
warning: dubious GC time results for life: [0.59,0.25,0.24,0.23,0.27]
warning: dubious run time results for life: [1.29,0.49,0.48,0.46,0.53]
warning: dubious mut time results for life: [0.7,0.24,0.24,0.23,0.26]
warning: dubious GC time results for life: [0.59,0.25,0.24,0.23,0.27]
warning: dubious run time results for life: [0.49,0.4,0.64,0.53,0.48]
warning: dubious mut time results for life: [0.24,0.2,0.32,0.27,0.24]
warning: dubious GC time results for life: [0.25,0.2,0.32,0.26,0.24]
warning: dubious run time results for life: [0.49,0.4,0.64,0.53,0.48]
warning: dubious mut time results for life: [0.24,0.2,0.32,0.27,0.24]
warning: dubious GC time results for life: [0.25,0.2,0.32,0.26,0.24]
warning: dubious run time results for life: [0.41,0.48,0.52,0.54,0.59000003]
warning: dubious GC time results for life: [0.2,0.24,0.26,0.27,0.3]
warning: dubious run time results for life: [0.41,0.48,0.52,0.54,0.59000003]
warning: dubious GC time results for life: [0.2,0.24,0.26,0.27,0.3]
warning: dubious run time results for life: [0.74,0.48000002,0.42,0.44,0.53]
warning: dubious mut time results for life: [0.39,0.23,0.21,0.23,0.26]
warning: dubious GC time results for life: [0.35,0.25,0.21,0.21,0.27]
warning: dubious run time results for life: [0.74,0.48000002,0.42,0.44,0.53]
warning: dubious mut time results for life: [0.39,0.23,0.21,0.23,0.26]
warning: dubious GC time results for life: [0.35,0.25,0.21,0.21,0.27]
warning: dubious run time results for life: [0.48,0.45,0.37,0.53,0.43]
warning: dubious mut time results for life: [0.24,0.22,0.19,0.28,0.21]
warning: dubious run time results for life: [0.48,0.45,0.37,0.53,0.43]
warning: dubious mut time results for life: [0.24,0.22,0.19,0.28,0.21]
warning: dubious GC time results for life: [0.22,0.23,0.22,0.19,0.27]
warning: dubious GC time results for life: [0.22,0.23,0.22,0.19,0.27]
warning: dubious run time results for life: [0.45,0.6,0.57000005,0.39,0.43]
warning: dubious mut time results for life: [0.23,0.33,0.3,0.2,0.21]
warning: dubious GC time results for life: [0.22,0.27,0.27,0.19,0.22]
warning: dubious run time results for life: [0.45,0.6,0.57000005,0.39,0.43]
warning: dubious mut time results for life: [0.23,0.33,0.3,0.2,0.21]
warning: dubious GC time results for life: [0.22,0.27,0.27,0.19,0.22]
warning: dubious run time results for life: [0.45999998,0.49,0.56,0.37,0.49]
warning: dubious mut time results for life: [0.24,0.26,0.28,0.19,0.26]
warning: dubious GC time results for life: [0.22,0.23,0.28,0.18,0.23]
warning: dubious run time results for life: [0.45999998,0.49,0.56,0.37,0.49]
warning: dubious mut time results for life: [0.24,0.26,0.28,0.19,0.26]
warning: dubious GC time results for life: [0.22,0.23,0.28,0.18,0.23]
warning: dubious run time results for life: [0.45,0.47,0.55,0.47,0.64]
warning: dubious mut time results for life: [0.22,0.24,0.28,0.23,0.33]
warning: dubious run time results for life: [0.45,0.47,0.55,0.47,0.64]
warning: dubious mut time results for life: [0.22,0.24,0.28,0.23,0.33]
warning: dubious run time results for life: [0.55,0.61,0.38,0.71000004,0.48000002]
warning: dubious mut time results for life: [0.28,0.32,0.19,0.37,0.25]
warning: dubious GC time results for life: [0.27,0.29,0.19,0.34,0.23]
warning: dubious run time results for life: [0.55,0.61,0.38,0.71000004,0.48000002]
warning: dubious mut time results for life: [0.28,0.32,0.19,0.37,0.25]
warning: dubious GC time results for life: [0.27,0.29,0.19,0.34,0.23]
warning: dubious run time results for life: [1.16,0.41,0.51,0.42,0.49]
warning: dubious mut time results for life: [0.53,0.21,0.26,0.21,0.25]
warning: dubious GC time results for life: [0.63,0.2,0.25,0.21,0.24]
warning: dubious run time results for life: [1.16,0.41,0.51,0.42,0.49]
warning: dubious mut time results for life: [0.53,0.21,0.26,0.21,0.25]
warning: dubious GC time results for life: [0.63,0.2,0.25,0.21,0.24]
warning: dubious run time results for life: [0.5,0.47,0.39,0.42000002,0.34]
warning: dubious mut time results for life: [0.27,0.24,0.2,0.22,0.18]
warning: dubious GC time results for life: [0.23,0.23,0.19,0.2,0.16]
warning: dubious run time results for life: [0.5,0.47,0.39,0.42000002,0.34]
warning: dubious mut time results for life: [0.27,0.24,0.2,0.22,0.18]
warning: dubious GC time results for life: [0.23,0.23,0.19,0.2,0.16]
warning: dubious mut time results for life: [0.24,0.22,0.26,0.18,0.23]
warning: dubious mut time results for life: [0.24,0.22,0.26,0.18,0.23]
warning: dubious run time results for life: [0.51,0.78,0.68,0.38,0.53]
warning: dubious mut time results for life: [0.26,0.41,0.35,0.19,0.27]
warning: dubious GC time results for life: [0.25,0.37,0.33,0.19,0.26]
warning: dubious run time results for life: [0.51,0.78,0.68,0.38,0.53]
warning: dubious mut time results for life: [0.26,0.41,0.35,0.19,0.27]
warning: dubious GC time results for life: [0.25,0.37,0.33,0.19,0.26]
warning: dubious run time results for life: [0.38,0.78,0.82,0.37,0.38]
warning: dubious mut time results for life: [0.2,0.43,0.42,0.19,0.2]
warning: dubious GC time results for life: [0.18,0.35,0.4,0.18,0.18]
warning: dubious run time results for life: [0.38,0.78,0.82,0.37,0.38]
warning: dubious mut time results for life: [0.2,0.43,0.42,0.19,0.2]
warning: dubious GC time results for life: [0.18,0.35,0.4,0.18,0.18]
warning: dubious run time results for life: [0.62,0.39,0.44,0.38,0.41]
warning: dubious mut time results for life: [0.31,0.19,0.22,0.19,0.2]
warning: dubious GC time results for life: [0.31,0.2,0.22,0.19,0.21]
warning: dubious run time results for life: [0.62,0.39,0.44,0.38,0.41]
warning: dubious mut time results for life: [0.31,0.19,0.22,0.19,0.2]
warning: dubious GC time results for life: [0.31,0.2,0.22,0.19,0.21]
warning: dubious run time results for life: [0.74,0.35000002,0.83,0.48000002,0.39]
warning: dubious mut time results for life: [0.4,0.18,0.45,0.25,0.2]
warning: dubious GC time results for life: [0.34,0.17,0.38,0.23,0.19]
warning: dubious run time results for life: [0.74,0.35000002,0.83,0.48000002,0.39]
warning: dubious mut time results for life: [0.4,0.18,0.45,0.25,0.2]
warning: dubious GC time results for life: [0.34,0.17,0.38,0.23,0.19]
warning: dubious run time results for life: [0.52,0.37,0.43,0.49,0.76]
warning: dubious mut time results for life: [0.27,0.19,0.23,0.25,0.42]
warning: dubious GC time results for life: [0.25,0.18,0.2,0.24,0.34]
warning: dubious run time results for life: [0.52,0.37,0.43,0.49,0.76]
warning: dubious mut time results for life: [0.27,0.19,0.23,0.25,0.42]
warning: dubious GC time results for life: [0.25,0.18,0.2,0.24,0.34]
warning: dubious run time results for life: [0.52,0.36,0.4,0.38,0.4]
warning: dubious GC time results for life: [0.27,0.18,0.2,0.19,0.2]
warning: dubious run time results for life: [0.52,0.36,0.4,0.38,0.4]
warning: dubious GC time results for life: [0.27,0.18,0.2,0.19,0.2]
warning: dubious run time results for life: [0.79,0.6,0.51,0.39,0.53]
warning: dubious mut time results for life: [0.43,0.31,0.24,0.19,0.28]
warning: dubious GC time results for life: [0.36,0.29,0.27,0.2,0.25]
warning: dubious run time results for life: [0.79,0.6,0.51,0.39,0.53]
warning: dubious mut time results for life: [0.43,0.31,0.24,0.19,0.28]
warning: dubious GC time results for life: [0.36,0.29,0.27,0.2,0.25]
warning: dubious run time results for life: [0.45999998,0.56,0.44,0.39999998,0.38]
warning: dubious mut time results for life: [0.24,0.29,0.23,0.21,0.2]
warning: dubious GC time results for life: [0.22,0.27,0.21,0.19,0.18]
warning: dubious run time results for life: [0.45999998,0.56,0.44,0.39999998,0.38]
warning: dubious mut time results for life: [0.24,0.29,0.23,0.21,0.2]
warning: dubious GC time results for life: [0.22,0.27,0.21,0.19,0.18]
warning: dubious run time results for life: [0.69000006,0.44,0.48,0.41,0.48]
warning: dubious mut time results for life: [0.36,0.22,0.24,0.21,0.24]
warning: dubious GC time results for life: [0.33,0.22,0.24,0.2,0.24]
warning: dubious run time results for life: [0.69000006,0.44,0.48,0.41,0.48]
warning: dubious mut time results for life: [0.36,0.22,0.24,0.21,0.24]
warning: dubious GC time results for life: [0.33,0.22,0.24,0.2,0.24]
warning: dubious run time results for life: [0.46,0.75,0.68,0.39,1.14]
warning: dubious mut time results for life: [0.23,0.39,0.37,0.19,0.59]
warning: dubious GC time results for life: [0.23,0.36,0.31,0.2,0.55]
warning: dubious run time results for life: [0.46,0.75,0.68,0.39,1.14]
warning: dubious mut time results for life: [0.23,0.39,0.37,0.19,0.59]
warning: dubious GC time results for life: [0.23,0.36,0.31,0.2,0.55]
warning: dubious run time results for life: [0.55,0.57000005,0.5,0.47,0.4]
warning: dubious mut time results for life: [0.28,0.3,0.25,0.23,0.2]
warning: dubious run time results for life: [0.55,0.57000005,0.5,0.47,0.4]
warning: dubious mut time results for life: [0.28,0.3,0.25,0.23,0.2]
warning: dubious run time results for life: [0.61,0.49,0.53,0.44,0.71000004]
warning: dubious mut time results for life: [0.32,0.26,0.27,0.22,0.36]
warning: dubious GC time results for life: [0.29,0.23,0.26,0.22,0.35]
warning: dubious run time results for life: [0.61,0.49,0.53,0.44,0.71000004]
warning: dubious mut time results for life: [0.32,0.26,0.27,0.22,0.36]
warning: dubious GC time results for life: [0.29,0.23,0.26,0.22,0.35]
warning: dubious run time results for life: [0.45,0.57000005,0.52,0.53,0.38]
warning: dubious mut time results for life: [0.22,0.27,0.27,0.28,0.19]
warning: dubious GC time results for life: [0.23,0.3,0.25,0.25,0.19]
warning: dubious run time results for life: [0.45,0.57000005,0.52,0.53,0.38]
warning: dubious mut time results for life: [0.22,0.27,0.27,0.28,0.19]
warning: dubious GC time results for life: [0.23,0.3,0.25,0.25,0.19]
warning: dubious run time results for life: [0.56,0.47,0.58,0.63,0.69]
warning: dubious mut time results for life: [0.3,0.24,0.29,0.32,0.38]
warning: dubious run time results for life: [0.56,0.47,0.58,0.63,0.69]
warning: dubious mut time results for life: [0.3,0.24,0.29,0.32,0.38]
warning: dubious run time results for life: [0.68,0.5,1.24,0.55,0.46]
warning: dubious mut time results for life: [0.37,0.26,0.66,0.28,0.23]
warning: dubious GC time results for life: [0.31,0.24,0.58,0.27,0.23]
warning: dubious run time results for life: [0.68,0.5,1.24,0.55,0.46]
warning: dubious mut time results for life: [0.37,0.26,0.66,0.28,0.23]
warning: dubious GC time results for life: [0.31,0.24,0.58,0.27,0.23]
warning: dubious run time results for life: [0.43,0.84,0.4,0.37,0.43]
warning: dubious mut time results for life: [0.22,0.45,0.2,0.19,0.22]
warning: dubious GC time results for life: [0.21,0.39,0.2,0.18,0.21]
warning: dubious run time results for life: [0.43,0.84,0.4,0.37,0.43]
warning: dubious mut time results for life: [0.22,0.45,0.2,0.19,0.22]
warning: dubious GC time results for life: [0.21,0.39,0.2,0.18,0.21]
warning: dubious run time results for life: [0.78999996,0.41,0.54,0.43,0.53]
warning: dubious mut time results for life: [0.42,0.2,0.27,0.21,0.27]
warning: dubious GC time results for life: [0.37,0.21,0.27,0.22,0.26]
warning: dubious run time results for life: [0.78999996,0.41,0.54,0.43,0.53]
warning: dubious mut time results for life: [0.42,0.2,0.27,0.21,0.27]
warning: dubious GC time results for life: [0.37,0.21,0.27,0.22,0.26]
warning: dubious run time results for life: [0.45,0.5,0.37,0.44,0.56]
warning: dubious mut time results for life: [0.23,0.26,0.19,0.22,0.29]
warning: dubious GC time results for life: [0.22,0.24,0.18,0.22,0.27]
warning: dubious run time results for life: [0.45,0.5,0.37,0.44,0.56]
warning: dubious mut time results for life: [0.23,0.26,0.19,0.22,0.29]
warning: dubious GC time results for life: [0.22,0.24,0.18,0.22,0.27]
warning: dubious run time results for life: [0.78,0.41,0.93,0.41,0.49]
warning: dubious mut time results for life: [0.42,0.21,0.5,0.2,0.25]
warning: dubious GC time results for life: [0.36,0.2,0.43,0.21,0.24]
warning: dubious run time results for life: [0.78,0.41,0.93,0.41,0.49]
warning: dubious mut time results for life: [0.42,0.21,0.5,0.2,0.25]
warning: dubious GC time results for life: [0.36,0.2,0.43,0.21,0.24]
warning: dubious run time results for life: [0.49,0.49,0.47,0.74,0.44]
warning: dubious mut time results for life: [0.25,0.25,0.24,0.43,0.23]
warning: dubious GC time results for life: [0.24,0.24,0.23,0.31,0.21]
warning: dubious run time results for life: [0.49,0.49,0.47,0.74,0.44]
warning: dubious mut time results for life: [0.25,0.25,0.24,0.43,0.23]
warning: dubious GC time results for life: [0.24,0.24,0.23,0.31,0.21]
warning: dubious run time results for life: [0.63,0.49,0.53,0.44,0.46]
warning: dubious mut time results for life: [0.33,0.24,0.26,0.22,0.23]
warning: dubious run time results for life: [0.63,0.49,0.53,0.44,0.46]
warning: dubious mut time results for life: [0.33,0.24,0.26,0.22,0.23]
warning: dubious run time results for life: [0.49,0.5,0.51,0.78999996,0.44]
warning: dubious mut time results for life: [0.25,0.25,0.26,0.42,0.22]
warning: dubious GC time results for life: [0.24,0.25,0.25,0.37,0.22]
warning: dubious run time results for life: [0.49,0.5,0.51,0.78999996,0.44]
warning: dubious mut time results for life: [0.25,0.25,0.26,0.42,0.22]
warning: dubious GC time results for life: [0.24,0.25,0.25,0.37,0.22]
warning: dubious run time results for life: [0.43,0.36,0.46,0.56,0.43]
warning: dubious mut time results for life: [0.22,0.18,0.23,0.3,0.22]
warning: dubious GC time results for life: [0.21,0.18,0.23,0.26,0.21]
warning: dubious run time results for life: [0.43,0.36,0.46,0.56,0.43]
warning: dubious mut time results for life: [0.22,0.18,0.23,0.3,0.22]
warning: dubious GC time results for life: [0.21,0.18,0.23,0.26,0.21]
warning: dubious run time results for life: [0.38,0.90999997,0.56,0.44,0.47]
warning: dubious mut time results for life: [0.2,0.49,0.29,0.22,0.24]
warning: dubious GC time results for life: [0.18,0.42,0.27,0.22,0.23]
warning: dubious run time results for life: [0.38,0.90999997,0.56,0.44,0.47]
warning: dubious mut time results for life: [0.2,0.49,0.29,0.22,0.24]
warning: dubious GC time results for life: [0.18,0.42,0.27,0.22,0.23]
warning: dubious run time results for life: [0.5,0.5,0.44,0.42,0.59000003]
warning: dubious mut time results for life: [0.25,0.25,0.22,0.21,0.31]
warning: dubious run time results for life: [0.5,0.5,0.44,0.42,0.59000003]
warning: dubious mut time results for life: [0.25,0.25,0.22,0.21,0.31]
warning: dubious run time results for life: [0.77,0.4,0.43,0.51,0.70000005]
warning: dubious mut time results for life: [0.39,0.2,0.21,0.25,0.36]
warning: dubious GC time results for life: [0.38,0.2,0.22,0.26,0.34]
warning: dubious run time results for life: [0.77,0.4,0.43,0.51,0.70000005]
warning: dubious mut time results for life: [0.39,0.2,0.21,0.25,0.36]
warning: dubious GC time results for life: [0.38,0.2,0.22,0.26,0.34]
warning: dubious mut time results for life: [0.23,0.25,0.26,0.21,0.3]
warning: dubious mut time results for life: [0.23,0.25,0.26,0.21,0.3]
warning: dubious run time results for life: [0.42,0.38,0.56,0.51,0.90999997]
warning: dubious mut time results for life: [0.21,0.19,0.28,0.25,0.48]
warning: dubious GC time results for life: [0.21,0.19,0.28,0.26,0.43]
warning: dubious run time results for life: [0.42,0.38,0.56,0.51,0.90999997]
warning: dubious mut time results for life: [0.21,0.19,0.28,0.25,0.48]
warning: dubious GC time results for life: [0.21,0.19,0.28,0.26,0.43]
warning: dubious run time results for life: [0.68,0.45999998,0.43,0.52,0.55]
warning: dubious mut time results for life: [0.35,0.24,0.22,0.28,0.3]
warning: dubious GC time results for life: [0.33,0.22,0.21,0.24,0.25]
warning: dubious run time results for life: [0.68,0.45999998,0.43,0.52,0.55]
warning: dubious mut time results for life: [0.35,0.24,0.22,0.28,0.3]
warning: dubious GC time results for life: [0.33,0.22,0.21,0.24,0.25]
warning: dubious run time results for life: [0.74,0.85,0.38,0.39999998,0.58000004]
warning: dubious mut time results for life: [0.39,0.45,0.19,0.21,0.31]
warning: dubious GC time results for life: [0.35,0.4,0.19,0.19,0.27]
warning: dubious run time results for life: [0.74,0.85,0.38,0.39999998,0.58000004]
warning: dubious mut time results for life: [0.39,0.45,0.19,0.21,0.31]
warning: dubious GC time results for life: [0.35,0.4,0.19,0.19,0.27]
warning: dubious mut time results for life: [0.21,0.3,0.23,0.29,0.26]
warning: dubious mut time results for life: [0.21,0.3,0.23,0.29,0.26]
warning: dubious run time results for life: [0.42,0.46,0.53,0.8,0.54]
warning: dubious mut time results for life: [0.21,0.23,0.29,0.44,0.27]
warning: dubious GC time results for life: [0.21,0.23,0.24,0.36,0.27]
warning: dubious run time results for life: [0.42,0.46,0.53,0.8,0.54]
warning: dubious mut time results for life: [0.21,0.23,0.29,0.44,0.27]
warning: dubious GC time results for life: [0.21,0.23,0.24,0.36,0.27]
warning: dubious run time results for life: [0.9,0.81,0.65,0.72,0.37]
warning: dubious mut time results for life: [0.49,0.44,0.33,0.39,0.19]
warning: dubious GC time results for life: [0.41,0.37,0.32,0.33,0.18]
warning: dubious run time results for life: [0.9,0.81,0.65,0.72,0.37]
warning: dubious mut time results for life: [0.49,0.44,0.33,0.39,0.19]
warning: dubious GC time results for life: [0.41,0.37,0.32,0.33,0.18]
Optimizing /h/ywang30/nofib/spectral/life
>>>>>>>>>>>>>>>START OPTIMIZATION>>>>>>>>>>>>>>>
pop: 15
gens: 13
arch: 7
Basetime is: 5.0319572e8
01000000010011000001100010010000110101000101100 5.04322072e8
10101001001101110101110100001111000100100010000 5.03194264e8
10100000100100101010011110011011100110000000111 5.03194272e8
00001001001100100111000110100101010110100110000 5.02483864e8
10000000000010000000010011100110111001011011011 5.04319272e8
10100001111100010101000101001100010010111100000 5.03194352e8
11100000100000000010100111111101110110111010111 5.03192184e8
11011001001011000000111101110001011011001000101 5.04319272e8
00001000011100101000111001101100110000111000001 5.0319436e8
01110101010001000001101011111010001110001001100 5.03194352e8
11101100100000001100111011010010100010100000011 5.03197168e8
10111110000010000000010110101101000111000110010 5.04319176e8
00001110000010000101000010101011000101001000111 5.02899928e8
11010010000010011000001000100101010000100000100 5.03609496e8
00110000011001101101011110101101001100000010010 5.03194264e8
best: 0.9985853297798319
11001000000010000111000010111101100111011010111 5.03606696e8
10101110111010000101000111101100010010011000100 5.04319984e8
00001110010000101101101011101000000101101000011 5.03195096e8
00001100001010000101000110001011000101101010011 5.02899928e8
10110000000100101001011111111010000110000001110 5.03194264e8
10100000100000000110000111001101110110111110111 5.0319436e8
00011000001010001101011010101111000100001000011 5.04319992e8
00110000100001101101011110111001101100000000011 5.03194272e8
01110010010011011001011100101101010000000000010 5.04319896e8
10011110110011111111001001110101010100000000110 5.0431772e8
11100100000110101111010110000011000110000000111 5.0432136e8
00010000011001000101101011101010000110101001110 5.03195808e8
00110110011001101111111010110010000101001010010 5.03193632e8
00011010010110101101111001101010110000111100011 5.04321448e8
00011110010000000000010111100111100111000010011 5.03193552e8
00001001001100100111000110100101010110100110000 5.02483864e8
00001110000010000101000010101011000101001000111 5.02899928e8
11100000100000000010100111111101110110111010111 5.03192184e8
10101001001101110101110100001111000100100010000 5.03194264e8
00110000011001101101011110101101001100000010010 5.03194264e8
10100000100100101010011110011011100110000000111 5.03194272e8
10100001111100010101000101001100010010111100000 5.03194352e8
best: 0.9985853297798319
00101001001010010101100010001011000101001010001 5.03586648e8
00101000001010101101011110111011001101001010011 5.04319272e8
00001110001010000101000010101011000101101010011 5.02899928e8
00100111011100100111111010110101000111001110000 5.03191456e8
10101100110000001110100011101100110100101000011 5.0319436e8
00001000100011001101000110111001001100000000011 5.03609504e8
11001000000010000111000010111101100111011010111 5.03606696e8
01011000000011101101001010111101101110011010110 5.02897008e8
10101001001101110101110100001111000100100010000 5.03194264e8
00100000000001011001111111111100000110110000111 5.03192096e8
11010000110111011010000101111101101000011011101 5.04317816e8
10001010110010100111010000111011001111000101110 5.04319176e8
01010100001000000101100110011001001101110010011 5.01772752e8
11100001100001000010110110110111010110111010010 5.03192176e8
10101000110000000000110111100110100110000000001 5.03194272e8
00001001001100100111000110100101010110100110000 5.02483864e8
00001100001010000101000110001011000101101010011 5.02899928e8
00001110000010000101000010101011000101001000111 5.02899928e8
11100000100000000010100111111101110110111010111 5.03192184e8
00011110010000000000010111100111100111000010011 5.03193552e8
00110110011001101111111010110010000101001010010 5.03193632e8
10110000000100101001011111111010000110000001110 5.03194264e8
best: 0.9971721381096008
00011110001000000100010111101011100111101010011 5.03195096e8
00010000000001101101001111111100000110011000110 5.03192176e8
00111111001001111101111000100110000100001010000 5.03194352e8
00001101001010000101100010101011000101001010011 5.02899928e8
00001100001010000101000110001011000101101010011 5.02899928e8
01011000001010000101001010011111101101111010111 5.02896296e8
11100000000000011011111111111101110110111000111 5.03192184e8
10110011100000000000010110100111010110011010010 5.03194352e8
01110000000001101001001111111001100110001011110 5.03194352e8
00111000010010110001001010111101101100011011110 5.02162928e8
11110001100000010010111110011100110100101010101 5.03192184e8
00001110000001010100010010101000110011000010011 5.03195008e8
00001000011100111000101110100100011110100100110 5.02483864e8
10001111000011110111010011000001001001001100111 5.04320728e8
01001010010000101101001110111101111111000000110 5.02480968e8
01010100001000000101100110011001001101110010011 5.01772752e8
00001001001100100111000110100101010110100110000 5.02483864e8
01011000000011101101001010111101101110011010110 5.02897008e8
00001110001010000101000010101011000101101010011 5.02899928e8
00001100001010000101000110001011000101101010011 5.02899928e8
00001110000010000101000010101011000101001000111 5.02899928e8
00100111011100100111111010110101000111001110000 5.03191456e8
best: 0.9971721381096008
00111100011010100001000010111111101100011011010 5.02162928e8
00011000000010000101000110011101101100001011110 5.02897008e8
10101001101010000100110010101111010111011010010 5.04319264e8
11110111001000100011111110110100100111001110001 5.03191464e8
00001010000010001101000010101101001101001000110 5.03608864e8
00001011000100100101000010101111000110100100001 5.02483872e8
01001010011010101101001110101011001111100010011 5.0361024e8
00001100001010000101100110001001000101110010011 5.0289984e8
10001011000010000101100110101111000101001010010 5.03608864e8
00000101001010000101101011001011000101101010011 5.04320728e8
10001101000110001101100100000011000101111010011 5.02899928e8
01001000011100111100010110000100111100110110110 5.0319716e8
10001010000001000101101110101111100100111011101 5.0248396e8
01011000011011000111101001011100100001111010111 5.04317096e8
10001100100010010101010100110011010101101110000 5.04319264e8
01010100001000000101100110011001001101110010011 5.01772752e8
00111000010010110001001010111101101100011011110 5.02162928e8
01001010010000101101001110111101111111000000110 5.02480968e8
00001000011100111000101110100100011110100100110 5.02483864e8
00001001001100100111000110100101010110100110000 5.02483864e8
01011000001010000101001010011111101101111010111 5.02896296e8
01011000000011101101001010111101101110011010110 5.02897008e8
best: 0.9971721381096008
00001001010110000001101010000111101100011010010 5.0361248e8
10001011000110101101101100100101010111111000111 5.03608872e8
01000000001000001101000110111001001101101010010 5.03193632e8
00111111010010100011011010111101100111001110110 5.04317088e8
00001011000100100101000010101111000110100100001 5.02483872e8
00011000000010000111000110000101011100101011100 5.0290208e8
00111100011010100001000010111111101100011011010 5.02162928e8
10001000010010101101101100000001100101001000111 5.03610328e8
01001010010100100101000010111101010110100100101 5.02481696e8
11111000111001101001000000110111001001011111000 5.01036576e8
01000100101010010101100110001011100001110010001 5.0361024e8
00001100011110001100111110101111101110000100010 5.04319896e8
01001011000011000011001010110101101010111000001 5.03607416e8
00010010111011010110101111101100010000111010111 5.04319992e8
01111100101001000101100011011001000101111001011 5.0319364e8
01010100001000000101100110011001001101110010011 5.01772752e8
00111100011010100001000010111111101100011011010 5.02162928e8
00111000010010110001001010111101101100011011110 5.02162928e8
01001010010000101101001110111101111111000000110 5.02480968e8
00001000011100111000101110100100011110100100110 5.02483864e8
00001001001100100111000110100101010110100110000 5.02483864e8
00001011000100100101000010101111000110100100001 5.02483872e8
best: 0.9957091367947247
00101000011010100001001110111101101101011001010 5.03583008e8
01101100011010100101001110111101111101000001010 5.0216212e8
00001001001100100111000110100101010110100110000 5.02483864e8
00001000011warning: dubious run time results for life: [0.59000003,0.35000002,0.4,0.39,0.37]
warning: dubious mut time results for life: [0.31,0.18,0.2,0.2,0.19]
warning: dubious GC time results for life: [0.28,0.17,0.2,0.19,0.18]
warning: dubious run time results for life: [0.59000003,0.35000002,0.4,0.39,0.37]
warning: dubious mut time results for life: [0.31,0.18,0.2,0.2,0.19]
warning: dubious GC time results for life: [0.28,0.17,0.2,0.19,0.18]
warning: dubious run time results for life: [0.41,0.35000002,0.45,0.37,0.75]
warning: dubious mut time results for life: [0.21,0.18,0.22,0.19,0.39]
warning: dubious GC time results for life: [0.2,0.17,0.23,0.18,0.36]
warning: dubious run time results for life: [0.41,0.35000002,0.45,0.37,0.75]
warning: dubious mut time results for life: [0.21,0.18,0.22,0.19,0.39]
warning: dubious GC time results for life: [0.2,0.17,0.23,0.18,0.36]
warning: dubious run time results for life: [0.41,0.4,0.4,0.4,0.64]
warning: dubious mut time results for life: [0.2,0.2,0.2,0.2,0.33]
warning: dubious GC time results for life: [0.21,0.2,0.2,0.2,0.31]
warning: dubious run time results for life: [0.41,0.4,0.4,0.4,0.64]
warning: dubious mut time results for life: [0.2,0.2,0.2,0.2,0.33]
warning: dubious GC time results for life: [0.21,0.2,0.2,0.2,0.31]
warning: dubious run time results for life: [0.81,0.44,0.44,0.42,0.38]
warning: dubious mut time results for life: [0.41,0.22,0.23,0.21,0.19]
warning: dubious GC time results for life: [0.4,0.22,0.21,0.21,0.19]
warning: dubious run time results for life: [0.81,0.44,0.44,0.42,0.38]
warning: dubious mut time results for life: [0.41,0.22,0.23,0.21,0.19]
warning: dubious GC time results for life: [0.4,0.22,0.21,0.21,0.19]
warning: dubious run time results for life: [0.70000005,0.51,0.44,0.81,0.46]
warning: dubious mut time results for life: [0.37,0.26,0.22,0.44,0.23]
warning: dubious GC time results for life: [0.33,0.25,0.22,0.37,0.23]
warning: dubious run time results for life: [0.70000005,0.51,0.44,0.81,0.46]
warning: dubious mut time results for life: [0.37,0.26,0.22,0.44,0.23]
warning: dubious GC time results for life: [0.33,0.25,0.22,0.37,0.23]
warning: dubious run time results for life: [1.0899999,0.4,0.39,0.39,0.37]
warning: dubious mut time results for life: [0.57,0.2,0.2,0.2,0.19]
warning: dubious GC time results for life: [0.52,0.2,0.19,0.19,0.18]
warning: dubious run time results for life: [1.0899999,0.4,0.39,0.39,0.37]
warning: dubious mut time results for life: [0.57,0.2,0.2,0.2,0.19]
warning: dubious GC time results for life: [0.52,0.2,0.19,0.19,0.18]
warning: dubious run time results for life: [0.63,0.37,0.45,0.53999996,0.57000005]
warning: dubious mut time results for life: [0.33,0.19,0.23,0.28,0.3]
warning: dubious GC time results for life: [0.3,0.18,0.22,0.26,0.27]
warning: dubious run time results for life: [0.63,0.37,0.45,0.53999996,0.57000005]
warning: dubious mut time results for life: [0.33,0.19,0.23,0.28,0.3]
warning: dubious GC time results for life: [0.3,0.18,0.22,0.26,0.27]
warning: dubious mut time results for life: [0.22,0.21,0.24,0.23,0.3]
warning: dubious mut time results for life: [0.22,0.21,0.24,0.23,0.3]
warning: dubious run time results for life: [0.42,0.59000003,0.59000003,0.43,0.39]
warning: dubious mut time results for life: [0.21,0.31,0.31,0.21,0.2]
warning: dubious GC time results for life: [0.21,0.28,0.28,0.22,0.19]
warning: dubious run time results for life: [0.42,0.59000003,0.59000003,0.43,0.39]
warning: dubious mut time results for life: [0.21,0.31,0.31,0.21,0.2]
warning: dubious GC time results for life: [0.21,0.28,0.28,0.22,0.19]
warning: dubious run time results for life: [0.47,0.62,0.44,0.36,0.44]
warning: dubious mut time results for life: [0.24,0.33,0.22,0.19,0.23]
warning: dubious GC time results for life: [0.23,0.29,0.22,0.17,0.21]
warning: dubious run time results for life: [0.47,0.62,0.44,0.36,0.44]
warning: dubious mut time results for life: [0.24,0.33,0.22,0.19,0.23]
warning: dubious GC time results for life: [0.23,0.29,0.22,0.17,0.21]
warning: dubious run time results for life: [0.44,0.58000004,0.36,0.5,0.38]
warning: dubious mut time results for life: [0.23,0.3,0.19,0.26,0.2]
warning: dubious GC time results for life: [0.21,0.28,0.17,0.24,0.18]
warning: dubious run time results for life: [0.44,0.58000004,0.36,0.5,0.38]
warning: dubious mut time results for life: [0.23,0.3,0.19,0.26,0.2]
warning: dubious GC time results for life: [0.21,0.28,0.17,0.24,0.18]
warning: dubious mut time results for life: [0.19,0.2,0.25,0.2,0.27]
warning: dubious mut time results for life: [0.19,0.2,0.25,0.2,0.27]
warning: dubious run time results for life: [0.4,0.75,0.54,0.44,0.39]
warning: dubious mut time results for life: [0.2,0.4,0.27,0.22,0.19]
warning: dubious GC time results for life: [0.2,0.35,0.27,0.22,0.2]
warning: dubious run time results for life: [0.4,0.75,0.54,0.44,0.39]
warning: dubious mut time results for life: [0.2,0.4,0.27,0.22,0.19]
warning: dubious GC time results for life: [0.2,0.35,0.27,0.22,0.2]
warning: dubious run time results for life: [0.45,0.34,0.5,0.35000002,0.47]
warning: dubious mut time results for life: [0.23,0.18,0.26,0.18,0.25]
warning: dubious GC time results for life: [0.22,0.16,0.24,0.17,0.22]
warning: dubious run time results for life: [0.45,0.34,0.5,0.35000002,0.47]
warning: dubious mut time results for life: [0.23,0.18,0.26,0.18,0.25]
warning: dubious GC time results for life: [0.22,0.16,0.24,0.17,0.22]
warning: dubious GC time results for life: [0.25,0.18,0.19,0.23,0.26]
warning: dubious GC time results for life: [0.25,0.18,0.19,0.23,0.26]
warning: dubious run time results for life: [0.35000002,0.54,0.39,0.53999996,0.35000002]
warning: dubious mut time results for life: [0.18,0.27,0.2,0.28,0.18]
warning: dubious GC time results for life: [0.17,0.27,0.19,0.26,0.17]
warning: dubious run time results for life: [0.35000002,0.54,0.39,0.53999996,0.35000002]
warning: dubious mut time results for life: [0.18,0.27,0.2,0.28,0.18]
warning: dubious GC time results for life: [0.17,0.27,0.19,0.26,0.17]
010110001001010100110101100110110110 5.03609496e8
00011100010000110000101110100100000111000100110 5.01038664e8
00001001000010100101000010100111001110101011000 5.03609584e8
01011110000100000101000010011101001101110000111 5.01036496e8
01010100000000000101100010011101001111110010111 5.01770576e8
01011000000000100101000110111101001101010000111 5.01770576e8
00010000011100111100101010101100011110110100000 5.02483864e8
01110000100001101001100011111111111001011100100 5.03191456e8
00111100010011100001010111001111101010010011111 5.04319904e8
00110000011011011111001010111100101100011011110 5.03583728e8
01011010101001001100000101011000001110111010011 5.0319436e8
10111001000110111100101100101110010111100101101 5.02164304e8
11111000111001101001000000110111001001011111000 5.01036576e8
01010100001000000101100110011001001101110010011 5.01772752e8
00111100011010100001000010111111101100011011010 5.02162928e8
00111000010010110001001010111101101100011011110 5.02162928e8
01001010010000101101001110111101111111000000110 5.02480968e8
01001010010100100101000010111101010110100100101 5.02481696e8
00001000011100111000101110100100011110100100110 5.02483864e8
best: 0.9957089778108605
00010000010000110101000010011101101111010011111 5.02480976e8
01011100000000000101000010011101001111110010111 5.01036496e8
00001001010000110001000010111101100110010110000 5.02481688e8
11011000011000101000001000100100001111011101000 5.01772832e8
11111000111000100001000010111111101001011111000 5.01036576e8
01010100010000100001100010011101001101111010001 5.01770664e8
01010100001000000101100110011001001101110010111 5.01772752e8
01111100000010100001100010011001001101010010111 5.02164304e8
01011010101001000101000000011101001101011110001 5.01770664e8
10010101111011011111001010001100111001000101000 5.02898376e8
01001111011011100111000110000101111100000001101 5.02902e8
11001010000100111101000010011011010110100000110 5.02483864e8
00001000010110111011001000100011101101110111111 5.0361024e8
11111001000011010100001100111110001101110110101 5.02162128e8
00110001000110100110101100111110111011100100101 5.03582928e8
01011110000100000101000010011101001101110000111 5.01036496e8
11111000111001101001000000110111001001011111000 5.01036576e8
00011100010000110000101110100100000111000100110 5.01038664e8
01010100000000000101100010011101001111110010111 5.01770576e8
01011000000000100101000110111101001101010000111 5.01770576e8
01010100001000000101100110011001001101110010011 5.01772752e8
01101100011010100101001110111101111101000001010 5.0216212e8
best: 0.9957089778108605
01010100000000000101000010011101001111110000111 5.01770576e8
01011010101001000101000000011101001101011110001 5.01770664e8
01011110100000000101000000011101001111110110001 5.01036496e8
00011000010000100001000010111101000110010010100 5.01771288e8
00011101010000110100101100111110000101010110101 5.01036496e8
11011000101001000101000010111101001101011111000 5.01770656e8
11011100011000100001101010101100001111011100100 5.01038752e8
01011110101101000101000010011101001101110000001 5.01036496e8
00010100010100100101000010011101001101010001111 5.01770576e8
01000100110100100001100010000000001101111110001 5.02484696e8
01111000110010100000000100101010110001111100000 5.0216584e8
01011000000010110011000111000101101011110100011 5.0432208e8
01001010001000111000001101100100001011011100001 5.0319364e8
01011110010100110100111000110100000111000111010 5.03191368e8
11010010100001101101101000110100001111001101000 5.02481056e8
01011100000000000101000010011101001111110010111 5.01036496e8
01011110000100000101000010011101001101110000111 5.01036496e8
11111000111000100001000010111111101001011111000 5.01036576e8
11111000111001101001000000110111001001011111000 5.01036576e8
00011100010000110000101110100100000111000100110 5.01038664e8
01010100000000000101100010011101001111110010111 5.01770576e8
01011000000000100101000110111101001101010000111 5.01770576e8
best: 0.9957089778108605
01011010101101000101000010011101001101011111001 5.01770664e8
01011000100000101101000110111101001101010010001 5.01770576e8
11000110100101100001101010100100001111111111000 5.02483232e8
11011000111000100001001010111101101011011110000 5.01770656e8
01011101010000100100001110011110000101110000101 5.01036496e8
00010100010100100101000010011101001101010001111 5.01770576e8
01011010000100100000000110111000011001110000001 5.01772752e8
11111000101001000101000010111101101001011111000 5.01036576e8
01010110100000000101000000011101001111110000011 5.01770576e8
11110010100101100100111001000001001111000100001 5.03195008e8
00000101101010111101101110011101110001110010111 5.03606608e8
01010111000000100000101101111111010011010100001 5.03191376e8
01010000001001101101110010110010011000011111101 5.0319436e8
01110000101000110001010010110111001001010111001 5.03191376e8
11011100110000011100101100010100001111100110001 5.01038672e8
01011110100000000101000000011101001111110110001 5.01036496e8
00011101010000110100101100111110000101010110101 5.01036496e8
01011110101101000101000010011101001101110000001 5.01036496e8
01011100000000000101000010011101001111110010111 5.01036496e8
01011110000100000101000010011101001101110000111 5.01036496e8
11111000111000100001000010111111101001011111000 5.01036576e8
11111000111001101001000000110111001001011111000 5.01036576e8
best: 0.9957089778108605
11011110110100011101001000010101001101110000011 5.01038672e8
01011110000000000101000010011101001101110110001 5.01036496e8
11011000100100011101001010011101001101001111001 5.01770664e8
01011101010000100100101100011110000101010010101 5.01036496e8
11011000111000100001001010111101101011011110000 5.01770656e8
11111010101101000101000000011111001001011111001 5.01036584e8
01011110101101000101000010011101001101110000001 5.01036496e8
10011100010000011100101100110110000101100110001 5.01036496e8
11111000111001100101000000010101001001011111000 5.01038752e8
01111110000101110010000111110111001000010100100 5.03192088e8
01111101010000010001011100011000000001110001111 5.03193552e8
11011100000101011100000010001111001101110110101 5.01038672e8
01011110100000010001111010001001001011010011110 5.03195e8
01010011101001000101101001011001101010110001111 5.03194272e8
11011101100010001101000011111111101111111011101 5.04317096e8
01011101010000100100001110011110000101110000101 5.01036496e8
01011110100000000101000000011101001111110110001 5.01036496e8
00011101010000110100101100111110000101010110101 5.01036496e8
01011110101101000101000010011101001101110000001 5.01036496e8
01011100000000000101000010011101001111110010111 5.01036496e8
01011110000100000101000010011101001101110000111 5.01036496e8
11111000101001000101000010111101101001011111000 5.01036576e8
best: 0.9957089778108605
01011100000100000101000010011101001101110000111 5.01036496e8
11011001110001100101101000011100000101010111100 5.01770568e8
11011110101100001101001000011101001101011011011 5.01036584e8
00011111010000010101100110111110000101010110101 5.01036496e8
11111010101101100101000000110111001001011111100 5.01036576e8
01011110100101000101001010011101001101110000001 5.01036496e8
10011000100001110100000010111111101001011110101 5.01770664e8
10011100010000000100101100011110000101010010001 5.01036496e8
01011110000000100100100000011110000101110110001 5.01036496e8
11011111100010110100100000110010110111011010001 5.02164392e8
11011010000011000111001110101100011010110111001 5.02899104e8
01011100000010001001100011100110001111111110001 5.04319272e8
01011100101111100001000011011000000101110001001 5.04319184e8
01011100101000011101001100111111100110100110001 5.01037216e8
00111101000000000101001000001001001111010111001 5.01040128e8
01011110000000000101000010011101001101110110001 5.01036496e8
01011101010000100100101100011110000101010010101 5.01036496e8
01011110101101000101000010011101001101110000001 5.01036496e8
10011100010000011100101100110110000101100110001 5.01036496e8
01011101010000100100001110011110000101110000101 5.01036496e8
01011110100000000101000000011101001111110110001 5.01036496e8
00011101010000110100101100111110000101010110101 5.01036496e8
best: 0.9957089778108605
10011110000000000100000010110111000101100110001 5.01036496e8
0101110010100011110010110011111000011101warning: dubious GC time results for life: [0.24,0.17,0.17,0.17,0.24]
warning: dubious GC time results for life: [0.24,0.17,0.17,0.17,0.24]
warning: dubious GC time results for life: [0.18,0.18,0.24,0.2,0.17]
warning: dubious GC time results for life: [0.18,0.18,0.24,0.2,0.17]
0110001 5.01036496e8
01011110000000100101000000011100001101110110001 5.01036496e8
01011100100000000101001000011101000101110000001 5.01036496e8
00011101010000110100101100011110000101010110101 5.01036496e8
11011101111100000101001010011111000101010011101 5.01036496e8
10011100000000000100000000011110000111010010001 5.01036496e8
00011111010000110101001110011110000101110010101 5.01036496e8
01011110000100010101100110011101000101010100101 5.01036496e8
00001111010010110000101100111111001111010100101 5.02896208e8
01011100110110100101101001011100001110110010111 5.04317728e8
01011110000101001110100011011100000101100110011 5.03191376e8
00101111010000010101101010011110100001000110101 5.01036496e8
00011101001000101011100011101010000101110101101 5.03195008e8
10101100100000110001101111111101111101100111101 5.03191376e8
01011100000100000101000010011101001101110000111 5.01036496e8
00011111010000010101100110111110000101010110101 5.01036496e8
01011110100101000101001010011101001101110000001 5.01036496e8
10011100010000000100101100011110000101010010001 5.01036496e8
01011110000000100100100000011110000101110110001 5.01036496e8
01011110000000000101000010011101001101110110001 5.01036496e8
01011101010000100100101100011110000101010010101 5.01036496e8
best: 0.9957089778108605
done evolving!
"all is well:)"
>>>>>>>>>>>>>>FINISH OPTIMIZATION>>>>>>>>>>>>>>>
1247.43user 807.81system 49:32.18elapsed 69%CPU (0avgtext+0avgdata 129776maxresident)k
1046344inputs+3573000outputs (713major+67682493minor)pagefaults 0swaps
