Optimizing /h/ywang30/nofib/spectral/minimax
>>>>>>>>>>>>>>>START OPTIMIZATION>>>>>>>>>>>>>>>
pop: 15
gens: 13
arch: 7
Basetime is: 6533208.0
010000000100110000011000100100001101010001011001011000110100000010110100111001101011100111100000011010001111010010000110011000010011100010010110010,010000000100110000011000100100001101010001011001011000110100000010110100111001101011100111100000011010001111010010,01,010,010000000100110000,010000000 7.3122656e7
101010010011011101011101000011110001001000100000100010110010001100101011001000000011001010010001100100001011001000100010010000011110010100111000100,101010010011011101011101000011110001001000100000100010110010001100101011001000000011001010010001100100001011001000,10,101,101010010011011101,101010010 9.0966576e7
101000001001001010100111100110111001100000001111011101011101000100011010001011001111000100111100000101000011010100010011100100010001100001101010010,101000001001001010100111100110111001100000001111011101011101000100011010001011001111000100111100000101000011010100,10,101,101000001001001010,101000001 8.9163464e7
000010010011001001110001101001010101101001100000010100000100011100100101101100010010001100110000000110100101010011011100010011000110100000110101001,000010010011001001110001101001010101101001100000010100000100011100100101101100010010001100110000000110100101010011,00,000,000010010011001001,000010010 6637776.0
100000000000100000000100111001101110010110110110011011000001000001100001000100010000101001100110110100100000000000110101001001101010000000000110010,100000000000100000000100111001101110010110110110011011000001000001100001000100010000101001100110110100100000000000,10,100,100000000000100000,100000000 6542440.0
101000011111000101010001010011000100101111000000110010000011011111000010111010011001110010000001010000000000111111000100100111001010100001001110001,101000011111000101010001010011000100101111000000110010000011011111000010111010011001110010000001010000000000111111,10,101,101000011111000101,101000011 7.4571912e7
111000001000000000101001111111011101101110101111000000010110010100001011000000000001111101000000010001101101100010000011110000101111010111110001011,111000001000000000101001111111011101101110101111000000010110010100001011000000000001111101000000010001101101100010,11,111,111000001000000000,111000001 7.4971912e7
110110010010110000001111011100010110110010001010110011110100111111000001001000110001011101001101011001000100011110111001011111000001011101011001110,110110010010110000001111011100010110110010001010110011110100111111000001001000110001011101001101011001000100011110,11,110,110110010010110000,110110010 7.5785592e7
000010000111001010001110011011001100001110000010111100010000000010010110010110111010000100010100110111011001111000110000011101000100010011010011110,000010000111001010001110011011001100001110000010111100010000000010010110010110111010000100010100110111011001111000,00,000,000010000111001010,000010000 6530985.0
011101010100010000011010111110100011100010011001000110000100011001000100000111100010101011100101001010100011000000000000001000000100111101101110010,011101010100010000011010111110100011100010011001000110000100011001000100000111100010101011100101001010100011000000,01,011,011101010100010000,011101010 2.3163496e7
111011001000000011001110110100101000101000000111011000011000101101100001010011100011111010101011010001100100100100001110101000101000100000110011100,111011001000000011001110110100101000101000000111011000011000101101100001010011100011111010101011010001100100100100,11,111,111011001000000011,111011001 7.4971048e7
101111100000100000000101101011010001110001100100000000010100100001000100101000001101110110000010000011101111111000000001001100011001100011000101111,101111100000100000000101101011010001110001100100000000010100100001000100101000001101110110000010000011101111111000,10,101,101111100000100000,101111100 7.325536e7
000011100000100001010000101010110001010010001110100000010100111101011100001111111001100100010001010010111000110000000000110101100001110001011101000,000011100000100001010000101010110001010010001110100000010100111101011100001111111001100100010001010010111000110000,00,000,000011100000100001,000011100 7.3294072e7
110100100000100110000010001001010100001000001001010110010011011000011100010100101000101000010000110100010010000001011110011100001001000100001011100,110100100000100110000010001001010100001000001001010110010011011000011100010100101000101000010000110100010010000001,11,110,110100100000100110,110100100 2.657752e7
001100000110011011010111101011010011000000100100001110001011001100010010000100000110001001011001001000110000010111110111011000000000101100000000011,001100000110011011010111101011010011000000100100001110001011001100010010000100000110001001011001001000110000010111,00,001,001100000110011011,001100000 6643064.0
best: 0.9996597383704912
000010000011100001010100101011001000010110001110101000010000000011011110001111111000000100010101110011111001111000100000111101100001010011010011010,000010000011100001010100101011001000010110001110101000010000000011011110001111111000000100010101110011111001111000,00,000,000010000011100001,000010000 2.3643184e7
000011100100110001010000101110000101010010011001001000010100000100110100011101101011100100010001011010111110010010000110111100010011100001011100010,000011100100110001010000101110000101010010011001001000010100000100110100011101101011100100010001011010111110010010,00,000,000011100100110001,000011100 7.3120976e7
000010000111001010001110011011001100001110000010111100010000000010010110010110111010000100010100110111011001111000110000011101000100010011010011110,000010000111001010001110011011001100001110000010111100010000000010010110010110111010000100010100110111011001111000,00,000,000010000111001010,000010000 6531024.0
000111000100100000010010101010100011010010001110100000000100011101001100000111110011100001000101000010111000100000000000110100000000111101001101000,000111000100100000010010101010100011010010001110100000000100011101001100000111110011100001000101000010111000100000,00,000,000111000100100000,000111000 7.4931808e7
111101000000000010011110111100100001101000011101001100010100111001100001000011100011101011101111001010100110000100000100001000000100101001101010100,111101000000000010011110111100100001101000011101001100010100111001100001000011100011101011101111001010100110000100,11,111,111101000000000010,111101000 7.3082704e7
101000011111000101010001010011000100101111000000110010000011011111000010111010011001110010000001010000000000111111000100100111001010100001001110001,101000011111000101010001010011000100101111000000110010000011011111000010111010011001110010000001010000000000111111,10,101,101000011111000101,101000011 7.4571912e7
000110000010100011010110101011110001000010000110000100000000001101011000000110011010101001011001011010111000010101000010111100000000111000011101011,000110000010100011010110101011110001000010000110000100000000001101011000000110011010101001011001011010111000010101,00,000,000110000010100011,000110000 6605264.0
001111000000011011010111101011010011000001100100001000001101001001010110000100000111100111001001000011110001011110000101011100011001101100000000011,001111000000011011010111101011010011000001100100001000001101001001010110000100000111100111001001000011110001011110,00,001,001111000000011011,001111000 7.4557304e7
011100100100110110010111001011010100000000000101001110001011001100011000000100101000001000010000011100110000010011110111011000001001100100000010000,011100100100110110010111001011010100000000000101001110001011001100011000000100101000001000010000011100110000010011,01,011,011100100100110110,011100100 6558000.0
100111101100111111110010011101010101000000001101010100000001011000011110011100101010000000000010100010000000000001011110110100101011001000001101100,100111101100111111110010011101010101000000001101010100000001011000011110011100101010000000000010100010000000000001,10,100,100111101100111111,100111101 2.3638744e7
000001001100010001001010100010000101010001011001101101110000011010110101111001001001110111110100010000001100100010010011011000010011101110110010000,000001001100010001001010100010000101010001011001101101110000011010110101111001001001110111110100010000001100100010,00,000,000001001100010001,000001001 7.4932288e7
000100000110010001011010111010100001101010011100111001000100011001000101000111100010101111110010101100100111000000100000011010000100111101111110010,000100000110010001011010111010100001101010011100111001000100011001000101000111100010101111110010101100100111000000,00,000,000100000110010001,000100000 2.6973192e7
001101100110011011111110101100100001010010100100001111001011001100010010000100100110001001010010001100010100110111110010111010010010000100000000011,001101100110011011111110101100100001010010100100001111001011001100010010000100100110001001010010001100010100110111,00,001,001101100110011011,001101100 6505288.0
000110100101101011011110011010101100001111000110001000010000001010000111011010110010011100000101100001110100111000100000111100101100010011001100010,000110100101101011011110011010101100001111000110001000010000001010000111011010110010011100000101100001110100111000,00,000,000110100101101011,000110100 6434032.0
001000000100000000000100101011000110010111110100010001000100001001110111100001010010101001101110100110111000000000100101001001110010001001010100110,001000000100000000000100101011000110010111110100010001000100001001110111100001010010101001101110100110111000000000,00,001,001000000100000000,001000000 6542440.0
000010000111001010001110011011001100001110000010111100010000000010010110010110111010000100010100110111011001111000110000011101000100010011010011110,000010000111001010001110011011001100001110000010111100010000000010010110010110111010000100010100110111011001111000,00,000,000010000111001010,000010000 6531024.0
100000000000100000000100111001101110010110110110011011000001000001100001000100010000101001100110110100100000000000110101001001101010000000000110010,100000000000100000000100111001101110010110110110011011000001000001100001000100010000101001100110110100100000000000,10,100,100000000000100000,100000000 6542440.0
000010010011001001110001101001010101101001100000010100000100011100100101101100010010001100110000000110100101010011011100010011000110100000110101001,000010010011001001110001101001010101101001100000010100000100011100100101101100010010001100110000000110100101010011,00,000,000010010011001001,000010010 6637776.0
001100000110011011010111101011010011000000100100001110001011001100010010000100000110001001011001001000110000010111110111011000000000101100000000011,001100000110011011010111101011010011000000100100001110001011001100010010000100000110001001011001001000110000010111,00,001,001100000110011011,001100000 6643064.0
011101010100010000011010111110100011100010011001000110000100011001000100000111100010101011100101001010100011000000000000001000000100111101101110010,011101010100010000011010111110100011100010011001000110000100011001000100000111100010101011100101001010100011000000,01,011,011101010100010000,011101010 2.3163496e7
110100100000100110000010001001010100001000001001010110010011011000011100010100101000101000010000110100010010000001011110011100001001000100001011100,110100100000100110000010001001010100001000001001010110010011011000011100010100101000101000010000110100010010000001,11,110,110100100000100110,110100100 2.657752e7
010000000100110000011000100100001101010001011001011000110100000010110100111001101011100111100000011010001111010010000110011000010011100010010110010,010000000100110000011000100100001101010001011001011000110100000010110100111001101011100111100000011010001111010010,01,010,010000000100110000,010000000 7.3122656e7
best: 0.9848197087862501
101000000110100001000110101001110010010110110110011011001001001000010000000100010100001001000100100100110000010111110111001000000000001000000100011,101000000110100001000110101001110010010110110110011011001001001000010000000100010100001001000100100100110000010111,10,101,101000000110100001,101000000 6637408.0
000000000100001010001110111011000100011110100110011001010100000000010111100101011010101100001100110111111001010000100100001001110010010001010001110,000000000100001010001110111011000100011110100110011001010100000000010111100101011010101100001100110111111001010000,00,000,000000000100001010,000000000 6542592.0
000110000100011110010110001011010100000110000010011110000000000100010100010110101000000100010100110111111001010011110111011101001001110111010011010,000110000100011110010110001011010100000110000010011110000000000100010100010110101000000100010100110111111001010011,00,000,000110000100011110,000110000 6544304.0
001001100111001010111110111111001001010010100010001111001011000010010010010100100010000000010100011100011101110110110000011100010010010101000000010,001001100111001010111110111111001001010010100010001111001011000010010010010100100010000000010100011100011101110110,00,001,001001100111001010,001001100 6505288.0
000010010111001010110100111001000101001101000000011100000000010110000100100100110010000100110000000111111101110000110100011001000110100011110111010,000010010111001010110100111001000101001101000000011100000000010110000100100100110010000100110000000111111101110000,00,000,000010010111001010,000010010 6530664.0
010000100000110110010101101001001100000100000101011010000001000100110001000100010000001001100000110100110000010010110111011001101001100000000010010,010000100000110110010101101001001100000100000101011010000001000100110001000100010000001001100000110100110000010010,01,010,010000100000110110,010000100 6545816.0
011000000100100001010110001011001100010000000101101000000010000111011110000111111000001000010000110000111000111001100010011101001001010111010011000,011000000100100001010110001011001100010000000101101000000010000111011110000111111000001000010000110000111000111001,01,011,011000000100100001,011000000 6435424.0
000110000011101011011110001010101100000111001110101000010000001010011111001110110010011100010101100001110001111000100000111100101100010011010100010,000110000011101011011110001010101100000111001110101000010000001010011111001110110010011100010101100001110001111000,00,000,000110000011101011,000110000 2.3643064e7
001100000110010111010111001011010011000000100101001110001011001100011000000100100010001000010001011100110000010011110111011000000001101100000000001,001100000110010111010111001011010011000000100101001110001011001100011000000100100010001000010001011100110000010011,00,001,001100000110010111,001100000 6644088.0
100110000010111101011100101010101000011010011100111010001100101001110111001111100001101110010001100011011010111100001000111100100001010001011111000,100110000010111101011100101010101000011010011100111010001100101001110111001111100001101110010001100011011010111100,10,100,100110000010111101,100110000 7.4686256e7
000100000001110110001100001011000001111111100000000000001100011001110101000001010001111001101101111010011101010000101100101001101010100000111000100,000100000001110110001100001011000001111111100000000000001100011001110101000001010001111001101101111010011101010000,00,000,000100000001110110,000100000 7.4509752e7
000011000010110101010000111000010111110011010110000110001000001001001100011111111110101000011011010001101110010001010000111100000100111011011111010,000011000010110101010000111000010111110011010110000110001000001001001100011111111110101000011011010001101110010001,00,000,000011000010110101,000011000 6529240.0
001011010100110000010010111010000001100100011001000010001100101001000100000000000011111011010011001110101111010110001011001001001100111101101111001,001011010100110000010010111010000001100100011001000010001100101001000100000000000011111011010011001110101111010110,00,001,001011010100110000,001011010 8.9025704e7
000110010010110011010010111001011001000010001101011101101000001101001010000111010010101110011001011010101000110111000010111000010000001110011111011,000110010010110011010010111001011001000010001101011101101000001101001010000111010010101110011001011010101000110111,00,000,000110010010110011,000110010 2.3565576e7
100101101100000000001100101011010110000111010000010000000100101011011101100001000010101011000110110111001000000000110110101011110110000001010110110,100101101100000000001100101011010110000111010000010000000100101011011101100001000010101011000110110111001000000000,10,100,100101101100000000,100101101 6541776.0
000110100101101011011110011010101100001111000110001000010000001010000111011010110010011100000101100001110100111000100000111100101100010011001100010,000110100101101011011110011010101100001111000110001000010000001010000111011010110010011100000101100001110100111000,00,000,000110100101101011,000110100 6434032.0
001101100110011011111110101100100001010010100100001111001011001100010010000100100110001001010010001100010100110111110010111010010010000100000000011,001101100110011011111110101100100001010010100100001111001011001100010010000100100110001001010010001100010100110111,00,001,001101100110011011,001101100 6505288.0
000010000111001010001110011011001100001110000010111100010000000010010110010110111010000100010100110111011001111000110000011101000100010011010011110,000010000111001010001110011011001100001110000010111100010000000010010110010110111010000100010100110111011001111000,00,000,000010000111001010,000010000 6531024.0
001000000100000000000100101011000110010111110100010001000100001001110111100001010010101001101110100110111000000000100101001001110010001001010100110,001000000100000000000100101011000110010111110100010001000100001001110111100001010010101001101110100110111000000000,00,001,001000000100000000,001000000 6542440.0
100000000000100000000100111001101110010110110110011011000001000001100001000100010000101001100110110100100000000000110101001001101010000000000110010,100000000000100000000100111001101110010110110110011011000001000001100001000100010000101001100110110100100000000000,10,100,100000000000100000,100000000 6542440.0
011100100100110110010111001011010100000000000101001110001011001100011000000100101000001000010000011100110000010011110111011000001001100100000010000,011100100100110110010111001011010100000000000101001110001011001100011000000100101000001000010000011100110000010011,01,011,011100100100110110,011100100 6558000.0
000110000010100011010110101011110001000010000110000100000000001101011000000110011010101001011001011010111000010101000010111100000000111000011101011,000110000010100011010110101011110001000010000110000100000000001101011000000110011010101001011001011010111000010101,00,000,000110000010100011,000110000 6605264.0
best: 0.9848197087862501
000100000100001010001100101011010110000110010000011000000100000010010101110010100010000101010100110111101000010001110110001001100011100101010010010,000100000100001010001100101011010110000110010000011000000100000010010101110010100010000101010100110111101000010001,00,000,000100000100001010,000100000 6542088.0
000011000000100000010100111000110111110110010110000011001001001001001001011100011010101001001010110000101110000001010100111100100000011011000111010,000011000000100000010100111000110111110110010110000011001001001001001001011100011010101001001010110000101110000001,00,000,000011000000100000,000011000 6434152.0
000000000101001010010100111001000111001101000000010100000100011011010101100101000010100010010000110111111000100000110100011001110110000011010111010,000000000101001010010100111001000111001101000000010100000100011011010101100101000010100010010000110111111000100000,00,000,000000000101001010,000000000 6576520.0
000010000000110101010110001010010111000010010010000110001000001000000100011110101100100100010010110101111011010001110001111100000101110111010111010,000010000000110101010110001010010111000010010010000110001000001000000100011110101100100100010010110101111011010001,00,000,000010000000110101,000010000 6435456.0
001101100110011011111110101100100001010010100100001111001011001100010010000100100110001001010010001100010100110111110010111010010010000100000000011,001101100110011011111110101100100001010010100100001111001011001100010010000100100110001001010010001100010100110111,00,001,001101100110011011,001101100 6505288.0
001000000010111010110100111001101110010110110100011011000011001101100001000100100000001001100010011100000000100001110010111010000010000000000110011,001000000010111010110100111001101110010110110100011011000011001101100001000100100000001001100010011100000000100001,00,001,001000000010111010,001000000 6650096.0
100101101100000000001100101011010110000111010000010000000100101011011101100001000010101011000110110111001000000000110110101011110110000001010110110,100101101100000000001100101011010110000111010000010000000100101011011101100001000010101011000110110111001000000000,10,100,100101101100000000,100101101 6541776.0
100001001110000010110100101001000110001111000000011000000100111110000101100100100010000010000110110111111001010000110110101001110110100001110111110,100001001110000010110100101001000110001111000000011000000100111110000101100100100010000010000110110111111001010000,10,100,100001001110000010,100001001 6636384.0
100010000110100011010110101011110001000010100110010001000001001100010000000100010000001001010001101110111000010101100011111000000000101000001101011,100010000110100011010110101011110001000010100110010001000001001100010000000100010000001001010001101110111000010101,10,100,100010000110100011,100010000 6614136.0
011110000111111100011110001010101100100111011110001110110100001110010010001100011010101000010101101001100011111010110000010100011100111111100100110,011110000111111100011110001010101100100111011110001110110100001110010010001100011010101000010101101001100011111010,01,011,011110000111111100,011110000 2.3566056e7
001100010100000100000010110011010110110011110000010101000101001101110111110101100010101000101010100010001100101001100111001001100010111001010000110,001100010100000100000010110011010110110011110000010101000101001101110111110101100010101000101010100010001100101001,00,001,001100010100000100,001100010 6571784.0
000110010011011111110101101010110000001101000000011100010000011101000100100100100010010110110000000011101110110011110100011100110100111011011100000,000110010011011111110101101010110000001101000000011100010000011101000100100100100010010110110000000011101110110011,00,000,000110010011011111,000110010 6529240.0
000110110001101100100100011010111110001111101010010000010100101000010111011101000010001100000001110111100100011001011000111100011100000011100110010,000110110001101100100100011010111110001111101010010000010100101000010111011101000010001100000001110111100100011001,00,000,000110110001101100,000110110 2.7028208e7
100010010111010110101010000001101111001111000010111000010001010000010100010110011000111100000111111110011001011000100010010001010100010011010000110,100010010111010110101010000001101111001111000010111000010001010000010100010110011000111100000111111110011001011000,10,100,100010010111010110,100010010 6614616.0
000100100000111010001111111011000000001000000110011001010000010000101010100000011110100111001100111101111001010000100101100100010110110001011001111,000100100000111010001111111011000000001000000110011001010000010000101010100000011110100111001100111101111001010000,00,000,000100100000111010,000100100 6524944.0
000110100101101011011110011010101100001111000110001000010000001010000111011010110010011100000101100001110100111000100000111100101100010011001100010,000110100101101011011110011010101100001111000110001000010000001010000111011010110010011100000101100001110100111000,00,000,000110100101101011,000110100 6434032.0
011000000100100001010110001011001100010000000101101000000010000111011110000111111000001000010000110000111000111001100010011101001001010111010011000,011000000100100001010110001011001100010000000101101000000010000111011110000111111000001000010000110000111000111001,01,011,011000000100100001,011000000 6435424.0
001001100111001010111110111111001001010010100010001111001011000010010010010100100010000000010100011100011101110110110000011100010010010101000000010,001001100111001010111110111111001001010010100010001111001011000010010010010100100010000000010100011100011101110110,00,001,001001100111001010,001001100 6505288.0
001101100110011011111110101100100001010010100100001111001011001100010010000100100110001001010010001100010100110111110010111010010010000100000000011,001101100110011011111110101100100001010010100100001111001011001100010010000100100110001001010010001100010100110111,00,001,001101100110011011,001101100 6505288.0
000011000010110101010000111000010111110011010110000110001000001001001100011111111110101000011011010001101110010001010000111100000100111011011111010,000011000010110101010000111000010111110011010110000110001000001001001100011111111110101000011011010001101110010001,00,000,000011000010110101,000011000 6529240.0
000010010111001010110100111001000101001101000000011100000000010110000100100100110010000100110000000111111101110000110100011001000110100011110111010,000010010111001010110100111001000101001101000000011100000000010110000100100100110010000100110000000111111101110000,00,000,000010010111001010,000010010 6530664.0
000010000111001010001110011011001100001110000010111100010000000010010110010110111010000100010100110111011001111000110000011101000100010011010011110,000010000111001010001110011011001100001110000010111100010000000010010110010110111010000100010100110111011001111000,00,000,000010000111001010,000010000 6531024.0
best: 0.9848197087862501
000011000010010001110110001010100011000010110010000110001011001100000000000100101110101001010010011100110100010011110010111000010010100100010100011,000011000010010001110110001010100011000010110010000110001011001100000000000100101110101001010010011100110100010011,00,000,000011000010010001,000011000 6644400.0
001100000100011011011110101001010010000010010000011000001001001100010011000110100010000101010100000111111100010001110010011001000010100101000010010,001100000100011011011110101001010010000010010000011000001001001100010011000110100010000101010100000111111100010001,00,001,001100000100011011,001100000 6543992.0
100011001100100000010100111001010111011111000100001000000101111110000101101100000010000001001110110110101010000001010110101101110010001001100111010,100011001100100000010100111001010111011111000100001000000101111110000101101100000010000001001110110110101010000001,10,100,100011001100100000,100011001 6432448.0
001100000110001000000110011011010110001110010000111101010001000010010110110111111010100000101010100111011000111000110010001101100110110011010001110,001100000110001000000110011011010110001110010000111101010001000010010110110111111010100000101010100111011000111000,00,001,001100000110001000,001100000 6527936.0
000110000000110010010100111011000101110010000110011001001000000000001001111000011010101101001100111101101101010000010100111100110000111001010011010,000110000000110010010100111011000101110010000110011001001000000000001001111000011010101101001100111101101101010000,00,000,000110000000110010,000110000 6519240.0
010010000110100011110110111001001101010000000100101000000000000111001100100110110000000000010000100011111000111000100110011001001101100011110111000,010010000110100011110110111001001101010000000100101000000000000111001100100110110000000000010000100011111000111000,01,010,010010000110100011,010010000 6529888.0
000100100010011010111111101100100000010000100100011001011010011000101010100100111110100111011110001101011001010101110111101100010010000001011001111,000100100010011010111111101100100000010000100100011001011010011000101010100100111110100111011110001101011001010101,00,000,000100100010011010,000100100 6641584.0
001100100100001011111110101110100100001111000100001100001000001110000011001110110010011000010010000101110100110101100000111100111000000011001100010,001100100100001011111110101110100100001111000100001100001000001110000011001110110010011000010010000101110100110101,00,001,001100100100001011,001100100 6435144.0
000010000011110101010111101010110100000000000000010110001000001101000100111110100110100110110000000101111010110011110000111100110100111011010111000,000010000011110101010111101010110100000000000000010110001000001101000100111110100110100110110000000101111010110011,00,000,000010000011110101,000010000 6530544.0
000001010010110101011011101000010111110011010110000011001000010011111100010111111100111100011001000001001011011011011000110000011100111101011011011,000001010010110101011011101000010111110011010110000011001000010011111100010111111100111100011001000001001011011011,00,000,000001010010110101,000001010 6535544.0
101101110101011001110110001110100001010110100100010111001111000100010011100100001110010001010010101111011101110000100010111110010000010100100010001,101101110101011001110110001110100001010110100100010111001111000100010011100100001110010001010010101111011101110000,10,101,101101110101011001,101101110 6418120.0
011100010100000101001100111011011110010111010000011000001100001101110111111101001110101100100000100010010101100100100111000101111010101101110011000,011100010100000101001100111011011110010111010000011000001100001101110111111101001110101100100000100010010101100100,01,011,011100010100000101,011100010 6572904.0
101100100100101011110101101101101001000110111000101100000100111101010010111100100010001001111010001100011100100011110010111110100001000000000001011,101100100100101011110101101101101001000110111000101100000100111101010010111100100010001001111010001100011100100011,10,101,101100100100101011,101100100 2.7090872e7
001101100010001011010110011100010010010010100101101101101011001000010010100100110100011011010111011100000000110111101100010011010011001100010000111,001101100010001011010110011100010010010010100101101101101011001000010010100100110100011011010111011100000000110111,00,001,001101100010001011,001101100 6511712.0
101101001100011111111011001010100101010011100010001111011011101101010110000011100111101001100110001000000010110101110000100001000110110100000000011,101101001100011111111011001010100101010011100010001111011011101101010110000011100111101001100110001000000010110101,10,101,101101001100011111,101101001 7.3081624e7
000110100101101011011110011010101100001111000110001000010000001010000111011010110010011100000101100001110100111000100000111100101100010011001100010,000110100101101011011110011010101100001111000110001000010000001010000111011010110010011100000101100001110100111000,00,000,000110100101101011,000110100 6434032.0
000011000000100000010100111000110111110110010110000011001001001001001001011100011010101001001010110000101110000001010100111100100000011011000111010,000011000000100000010100111000110111110110010110000011001001001001001001011100011010101001001010110000101110000001,00,000,000011000000100000,000011000 6434152.0
011000000100100001010110001011001100010000000101101000000010000111011110000111111000001000010000110000111000111001100010011101001001010111010011000,011000000100100001010110001011001100010000000101101000000010000111011110000111111000001000010000110000111000111001,01,011,011000000100100001,011000000 6435424.0
000010000000110101010110001010010111000010010010000110001000001000000100011110101100100100010010110101111011010001110001111100000101110111010111010,000010000000110101010110001010010111000010010010000110001000001000000100011110101100100100010010110101111011010001,00,000,000010000000110101,000010000 6435456.0
001101100110011011111110101100100001010010100100001111001011001100010010000100100110001001010010001100010100110111110010111010010010000100000000011,001101100110011011111110101100100001010010100100001111001011001100010010000100100110001001010010001100010100110111,00,001,001101100110011011,001101100 6505288.0
001001100111001010111110111111001001010010100010001111001011000010010010010100100010000000010100011100011101110110110000011100010010010101000000010,001001100111001010111110111111001001010010100010001111001011000010010010010100100010000000010100011100011101110110,00,001,001001100111001010,001001100 6505288.0
000100100000111010001111111011000000001000000110011001010000010000101010100000011110100111001100111101111001010000100101100100010110110001011001111,000100100000111010001111111011000000001000000110011001010000010000101010100000011110100111001100111101111001010000,00,000,000100100000111010,000100100 6524944.0
best: 0.9823841518592398
001101110001111000110100111110100111010110000110000111001101001000000001000100001110110001001010111011101101110001000010111100010000011001100110001,001101110001111000110100111110100111010110000110000111001101001000000001000100001110110001001010111011101101110001,00,001,001101110001111000,001101110 6417216.0
101000010101010001010110001111000101010110000100101000000111000100011110000110101110001001010010111111011001111001100010011110000000010110010010000,101000010101010001010110001111000101010110000100101000000111000100011110000110101110001001010010111111011001111001,10,101,101000010101010001,101000010 6418744.0
000110100101100011010110011010100100011010000110011001010000001000000001111000111010001100000101111001101100010000010000111100110100010011001101010,000110100101100011010110011010100100011010000110011001010000001000000001111000111010001100000101111001101100010000,00,000,000110100101100011,000110100 6518096.0
000110000000101000000100111001110111001110010110110111010001000000011010010110111010101001101010100011111000101000010110011100100010111011000011010,000110000000101000000100111001110111001110010110110111010001000000011010010110111010101001101010100011111000101000,00,000,000110000000101000,000110000 6574992.0
100100101100101010010100111001010100011111000100001100000100101110000111101110100010010000011110000101101000110101110010101100110000001011101111010,100100101100101010010100111001010100011111000100001100000100101110000111101110100010010000011110000101101000110101,10,100,100100101100101010,100100101 6432448.0
001101000110001000111110001101100011000010110100001111001011001110010110110110101110101000111010001110011100110111110010111110000010010000000001111,001101000110001000111110001101100011000010110100001111001011001110010110110110101110101000111010001110011100110111,00,001,001101000110001000,001101000 6505288.0
001011100111011010110110011010001011010010100010001110001011000100000010000100101110101001010110011100110100010110110010011100010010110100010100010,001011100111011010110110011010001011010010100010001110001011000100000010000100101110101001010110011100110100010110,00,001,001011100111011010,001011100 6644088.0
101100100100011011110110001110100000001111000100011110001111000100000011100110110010011001010010101101110100110001100010111100011000010001001000001,101100100100011011110110001110100000001111000100011110001111000100000011100110110010011001010010101101110100110001,10,101,101100100100011011,101100100 6418120.0
011010000110100011110110011001001100010000000100101000000010000111001100100110110000001000010000100000111000111000100110011101001101010011110111000,011010000110100011110110011001001100010000000100101000000010000111001100100110110000001000010000100000111000111000,01,011,011010000110100011,011010000 6529888.0
110101101010101000111111001110101001000001100001011101010001100001000011110100111100100111011110011110111000000101110111100100001111000000011111101,110101101010101000111111001110101001000001100001011101010001100001000011110100111100100111011110011110111000000101,11,110,110101101010101000,110101101 6612400.0
000010101101001111011110011110000111001111000010001000011101011011010111110010110110011111011101111101101100110000100000111110011100100011111101011,000010101101001111011110011110000111001111000010001000011101011011010111110010110110011111011101111101101100110000,00,000,000010101101001111,000010101 6418432.0
000011000000011000010010001000101011001010011011010010111000011100100010001100101110101100010111110000101111000101101001011100110111010111010010101,000011000000011000010010001000101011001010011011010010111000011100100010001100101110101100010111110000101111000101,00,000,000011000000011000,000011000 2.3243488e7
000000010000110001101111111001000001000000101000011000011010110000101011100000011100000100100000111101000010011000010101000100011110110001111101111,000000010000110001101111111001000001000000101000011000011010110000101011100000011100000100100000111101000010011000,00,000,000000010000110001,000000010 2.6482912e7
110001100100100100000101010101011011001111000100001000000100011111000100101110111110001101010110110110001010000011110111111001111010001100001111010,110001100100100100000101010101011011001111000100001000000100011111000100101110111110001101010110110110001010000011,11,110,110001100100100100,110001100 6436864.0
001100101101111011011111001010101110001101110110011000000000011110000000010010110000011100100011101010001100011000100000111100001010010111011100010,001100101101111011011111001010101110001101110110011000000000011110000000010010110000011100100011101010001100011000,00,001,001100101101111011,001100101 6525944.0
101101110101011001110110001110100001010110100100010111001111000100010011100100001110010001010010101111011101110000100010111110010000010100100010001,101101110101011001110110001110100001010110100100010111001111000100010011100100001110010001010010101111011101110000,10,101,101101110101011001,101101110 6418120.0
100011001100100000010100111001010111011111000100001000000101111110000101101100000010000001001110110110101010000001010110101101110010001001100111010,100011001100100000010100111001010111011111000100001000000101111110000101101100000010000001001110110110101010000001,10,100,100011001100100000,100011001 6432448.0
000110100101101011011110011010101100001111000110001000010000001010000111011010110010011100000101100001110100111000100000111100101100010011001100010,000110100101101011011110011010101100001111000110001000010000001010000111011010110010011100000101100001110100111000,00,000,000110100101101011,000110100 6434032.0
000011000000100000010100111000110111110110010110000011001001001001001001011100011010101001001010110000101110000001010100111100100000011011000111010,000011000000100000010100111000110111110110010110000011001001001001001001011100011010101001001010110000101110000001,00,000,000011000000100000,000011000 6434152.0
001100100100001011111110101110100100001111000100001100001000001110000011001110110010011000010010000101110100110101100000111100111000000011001100010,001100100100001011111110101110100100001111000100001100001000001110000011001110110010011000010010000101110100110101,00,001,001100100100001011,001100100 6435144.0
011000000100100001010110001011001100010000000101101000000010000111011110000111111000001000010000110000111000111001100010011101001001010111010011000,011000000100100001010110001011001100010000000101101000000010000111011110000111111000001000010000110000111000111001,01,011,011000000100100001,011000000 6435424.0
000010000000110101010110001010010111000010010010000110001000001000000100011110101100100100010010110101111011010001110001111100000101110111010111010,000010000000110101010110001010010111000010010010000110001000001000000100011110101100100100010010110101111011010001,00,000,000010000000110101,000010000 6435456.0
best: 0.982245781857856
100011001100100000010100111000110111010111000110001010001001011111000101101100001010000001001110110000101010000001010110111100110010011011000111010,100011001100100000010100111000110111010111000110001010001001011111000101101100001010000001001110110000101010000001,10,100,100011001100100000,100011001 6433840.0
000011000000100000010100111000110111110110010110000011001001001001001001011100011010101001001010110000101110000001010100111100100000011011000111010,000011000000100000010100111000110111110110010110000011001001001001001001011100011010101001001010110000101110000001,00,000,000011000000100000,000011000 6434152.0
001101110001111011110100001110100110000110000100000110001101000000000011000110000110110001001010111011101100110001000010111100011000010001001110001,001101110001111011110100001110100110000110000100000110001101000000000011000110000110110001001010111011101100110001,00,001,001101110001111011,001101110 6417216.0
001100110101010001110110001111000101011111000100001100000011001110000111000110100110001001010010000101010000111001100010111110001000000011000010000,001100110101010001110110001111000101011111000100001100000011001110000111000110100110001001010010000101010000111001,00,001,001100110101010001,001100110 6435144.0
001110100000001000111100111110100111001110010100110111011001000110010010001110111010101000010010000001111100111001110010011100110000111011001110010,001110100000001000111100111110100111001110010100110111011001000110010010001110111010101000010010000001111100111001,00,001,001110100000001000,001110100 6433840.0
101100110000011001110110001110100101000111000100011110001111000000000011000100101110111001010010101101100100110001100010111100010000010001000100001,101100110000011001110110001110100101000111000100011110001111000000000011000100101110111001010010101101100100110001,10,101,101100110000011001,101100110 6418120.0
101101100100011011110110001110100001010110000100010111001111000100010011100100100110011001010010101101110100110001100010111110011000010100101010001,101101100100011011110110001110100001010110000100010111001111000100010011100100100110011001010010101101110100110001,10,101,101101100100011011,101101100 6418120.0
000101100101011001010110001110100001010110110100000110001100000000010001011110001110000101010010110101011001010000110011111110010100010100100111011,000101100101011001010110001110100001010110110100000110001100000000010001011110001110000101010010110101011001010000,00,000,000101100101011001,000101100 6544304.0
101100110001110000110100001111000111010110000110001000000111001000001110000100101110100001000010111011011001111001000010011110000000010100110010000,101100110001110000110100001111000111010110000110001000000111001000001110000100101110100001000010111011011001111001,10,101,101100110001110000,101100110 6417216.0
001010100100001010111111101100100100001011001000101001001001001111000000001110111110011011010000000101000000110111111101010000101000001011001000001,001010100100001010111111101100100100001011001000101001001001001111000000001110111110011011010000000101000000110111,00,001,001010100100001010,001010100 2.657588e7
100100100011100011011110101000101000011010111110111000010011001001011010011010101110001010101101111010011111001101000000011101100100000011100000100,100100100011100011011110101000101000011010111110111000010011001001011010011010101110001010101101111010011111001101,10,100,100100100011100011,100100100 2.3564976e7
100011001110110000010001100101010110111101001110000010000101100110000101100001010001010000011100010110111011001011010110111101100110001000100011001,100011001110110000010001100101010110111101001110000010000101100110000101100001010001010000011100010110111011001011,10,100,100011001110110000,100011001 9.0966576e7
101110100110000000010110001110110000001111000101011100101101101100000111000000110001001001010010101101101101010001101010111100011001110101000000001,101110100110000000010110001110110000001111000101011100101101101100000111000000110001001001010010101101101101010001,10,101,101110100110000000,101110100 9.2350608e7
101110011101001011101110111110110001100100100100100111000111101100011011100000100111011001010000101110101101110001110110111010011101011000000010001,101110011101001011101110111110110001100100100100100111000111101100011011100000100111011001010000101110101101110001,10,101,101110011101001011,101110011 8.8997672e7
100100110101010101000110001101110101010001010001001100000111110100110110000110111011001011000100110101111001111100000010011000010001110110010010110,100100110101010101000110001101110101010001010001001100000111110100110110000110111011001011000100110101111001111100,10,100,100100110101010101,100100110 8.9221312e7
001101110001111000110100111110100111010110000110000111001101001000000001000100001110110001001010111011101101110001000010111100010000011001100110001,001101110001111000110100111110100111010110000110000111001101001000000001000100001110110001001010111011101101110001,00,001,001101110001111000,001101110 6417216.0
101100100100011011110110001110100000001111000100011110001111000100000011100110110010011001010010101101110100110001100010111100011000010001001000001,101100100100011011110110001110100000001111000100011110001111000100000011100110110010011001010010101101110100110001,10,101,101100100100011011,101100100 6418120.0
101101110101011001110110001110100001010110100100010111001111000100010011100100001110010001010010101111011101110000100010111110010000010100100010001,101101110101011001110110001110100001010110100100010111001111000100010011100100001110010001010010101111011101110000,10,101,101101110101011001,101101110 6418120.0
000010101101001111011110011110000111001111000010001000011101011011010111110010110110011111011101111101101100110000100000111110011100100011111101011,000010101101001111011110011110000111001111000010001000011101011011010111110010110110011111011101111101101100110000,00,000,000010101101001111,000010101 6418432.0
101000010101010001010110001111000101010110000100101000000111000100011110000110101110001001010010111111011001111001100010011110000000010110010010000,101000010101010001010110001111000101010110000100101000000111000100011110000110101110001001010010111111011001111001,10,101,101000010101010001,101000010 6418744.0
100100101100101010010100111001010100011111000100001100000100101110000111101110100010010000011110000101101000110101110010101100110000001011101111010,100100101100101010010100111001010100011111000100001100000100101110000111101110100010010000011110000101101000110101,10,100,100100101100101010,100100101 6432448.0
100011001100100000010100111001010111011111000100001000000101111110000101101100000010000001001110110110101010000001010110101101110010001001100111010,100011001100100000010100111001010111011111000100001000000101111110000101101100000010000001001110110110101010000001,10,100,100011001100100000,100011001 6432448.0
best: 0.982245781857856
001000100101111110011100001110000111011111000010001000001111011000001110010000101110000111011110111101101100110001000010111110000000100111110011001,001000100101111110011100001110000111011111000010001000001111011000001110010000101110000111011110111101101100110001,00,001,001000100101111110,001000100 6418864.0
101100010101011011010110001110000001010110000100001110000111000100010010000100100110011001010010101111011101111001100010011110010000010110111010001,101100010101011011010110001110000001010110000100001110000111000100010010000100100110011001010010101111011101111001,10,101,101100010101011011,101100010 6418120.0
001111111101111111011100011110000111001110000110000100001101010001000111010010010110110101001101111101101100110000000010111100011100110011111100011,001111111101111111011100011110000111001110000110000100001101010001000111010010010110110101001101111101101100110000,00,001,001111111101111111,001111111 6418240.0
000001101101001000010110111110000111010111000110001010001101011010010101000000011110010101001111111101101101110001000010111110011100101011101111001,000001101101001000010110111110000111010111000110001010001101011010010101000000011110010101001111111101101101110001,00,000,000001101101001000,000001101 6418432.0
001101110001111001110110001110100101010110000110000111001111000100000011000100001110010001010010111011011101110001100010111100010000011001100110001,001101110001111001110110001110100101010110000110000111001111000100000011000100001110010001010010111011011101110001,00,001,001101110001111001,001101110 6417096.0
101100110001011000110110011110100101000111000100010111001111000000000011000100001110111001000010111011101101110001000010111100010000011001100100001,101100110001011000110110011110100101000111000100010111001111000000000011000100001110111001000010111011101101110001,10,101,101100110001011000,101100110 6417096.0
101100100100011001110110001110100101000111000100011110001111000100000011000100110010111001010010101101100100110001100010111100010000010001001000001,101100100100011001110110001110100101000111000100011110001111000100000011000100110010111001010010101101100100110001,10,101,101100100100011001,101100100 6418120.0
000011111001011011010100011110100111001111000100000000001101000000010111100010000110010111011011111101101100110000100010111100011000100001101111001,000011111001011011010100011110100111001111000100000000001101000000010111100010000110010111011011111101101100110000,00,000,000011111001011011,000011111 6418552.0
101101100101011011110110101110100101010110000100000111001101000100000011000100001110011001001010101011111101110001000010111100011000011000100110001,101101100101011011110110101110100101010110000100000111001101000100000011000100001110011001001010101011111101110001,10,101,101101100101011011,101101100 6417096.0
000101101000011001110110000010100000010000101000100111010110000000000111010001111110101101001010101111101100011001101011010100000000011111010100101,000101101000011001110110000010100000010000101000100111010110000000000111010001111110101101001010101111101100011001,00,000,000101101000011001,000101101 2.7108e7
101011111100110000110110110111010111001111001010001101001011111010001101101000000110101101000110110000101010000111010110101111100010001001100010010,101011111100110000110110110111010111001111001010001101001011111010001101101000000110101101000110110000101010000111,10,101,101011111100110000,101011111 2.321376e7
000100101000101100010100110000110100011110000010001110001100111110001110100110111010010001111111000101001010100101111010110100110100011011111101011,000100101000101100010100110000110100011110000010001110001100111110001110100110111010010001111111000101001010100101,00,000,000100101000101100,000100101 6442000.0
001100110110010011010110101110010101001111010110001100110101011111001101110110100010001001000000011111110100101011000011000010001001000011110010100,001100110110010011010110101110010101001111010110001100110101011111001101110110100010001001000000011111110100101011,00,001,001100110110010011,001100110 6642792.0
011101110000100001111100001010100000100010110100000110011001000100000110100000100100111001000110111011101100100000000010000010010000110011001110001,011101110000100001111100001010100000100010110100000110011001000100000110100000100100111001000110111011101100100000,01,011,011101110000100001,011101110 6555800.0
000110100011100101111110101100100011011010101111111010010011100101011011001110101110101010101001111000111110000111000011001101101101000110100000101,000110100011100101111110101100100011011010101111111010010011100101011011001110101110101010101001111000111110000111,00,000,000110100011100101,000110100 2.3554576e7
001101110001111011110100001110100110000110000100000110001101000000000011000110000110110001001010111011101100110001000010111100011000010001001110001,001101110001111011110100001110100110000110000100000110001101000000000011000110000110110001001010111011101100110001,00,001,001101110001111011,001101110 6417216.0
101100110001110000110100001111000111010110000110001000000111001000001110000100101110100001000010111011011001111001000010011110000000010100110010000,101100110001110000110100001111000111010110000110001000000111001000001110000100101110100001000010111011011001111001,10,101,101100110001110000,101100110 6417216.0
001101110001111000110100111110100111010110000110000111001101001000000001000100001110110001001010111011101101110001000010111100010000011001100110001,001101110001111000110100111110100111010110000110000111001101001000000001000100001110110001001010111011101101110001,00,001,001101110001111000,001101110 6417216.0
101100110000011001110110001110100101000111000100011110001111000000000011000100101110111001010010101101100100110001100010111100010000010001000100001,101100110000011001110110001110100101000111000100011110001111000000000011000100101110111001010010101101100100110001,10,101,101100110000011001,101100110 6418120.0
101101100100011011110110001110100001010110000100010111001111000100010011100100100110011001010010101101110100110001100010111110011000010100101010001,101101100100011011110110001110100001010110000100010111001111000100010011100100100110011001010010101101110100110001,10,101,101101100100011011,101101100 6418120.0
101100100100011011110110001110100000001111000100011110001111000100000011100110110010011001010010101101110100110001100010111100011000010001001000001,101100100100011011110110001110100000001111000100011110001111000100000011100110110010011001010010101101110100110001,10,101,101100100100011011,101100100 6418120.0
101101110101011001110110001110100001010110100100010111001111000100010011100100001110010001010010101111011101110000100010111110010000010100100010001,101101110101011001110110001110100001010110100100010111001111000100010011100100001110010001010010101111011101110000,10,101,101101110101011001,101101110 6418120.0
best: 0.9822274141585573
101101110000011011110100001110100101000111000100010110001111000000000011000100001110111001001010101111101100110001000010111100010000010001001100001,101101110000011011110100001110100101000111000100010110001111000000000011000100001110111001001010101111101100110001,10,101,101101110000011011,101101110 6418240.0
101101100101011011110110101110100101010110000100000111001101000100000011000100001110011001001010101011111101110001000010111100011000011000100110001,101101100101011011110110101110100101010110000100000111001101000100000011000100001110011001001010101011111101110001,10,101,101101100101011011,101101100 6417096.0
101100110101011011110110101110000001010110000100000111001111000100010010000100000110011001010010101111111101110001100010011110011000010100101010001,101100110101011011110110101110000001010110000100000111001111000100010010000100000110011001010010101111111101110001,10,101,101100110101011011,101100110 6418120.0
001101111101111011010100011110000111001110000110000110001101010100010110010110100110011001011100101111111101110000100010011100010100010110111010011,001101111101111011010100011110000111001110000110000110001101010100010110010110100110011001011100101111111101110000,00,001,001101111101111011,001101111 6418240.0
001111111001111111010100011110000111000110000110000100001101001001000111010010000110110001001011111101101101110001000010111100010100111001100100001,001111111001111111010100011110000111000110000110000100001101001001000111010010000110110001001011111101101101110001,00,001,001111111001111111,001111111 6418240.0
001101100101011001110110001110100101010110000110000111001101000100000011000100001110010001000010111011011101110001000010111100010000011001100110001,001101100101011001110110001110100101010110000110000111001101000100000011000100001110010001000010111011011101110001,00,001,001101100101011001,001101100 6417096.0
001101101101001010010110101110000101010111000110000110001101001110000101000100001110011001001010111011111101110001000010111110011000011010100110001,001101101101001010010110101110000101010111000110000110001101001110000101000100001110011001001010111011111101110001,00,001,001101101101001010,001101101 6417096.0
101101100101011011110110001110100101010110000100000111001111000100000011000100001110010001001010111011011101110001000010111100011000011001100110001,101101100101011011110110001110100101010110000100000111001111000100000011000100001110010001001010111011011101110001,10,101,101101100101011011,101101100 6417096.0
001001110101111010111100001110000110011110000000001000001111011000000011000000000110010101011010111111101100110001000010111110010000100011011110001,001001110101111010111100001110000110011110000000001000001111011000000011000000000110010101011010111111101100110001,00,001,001001110101111010,001001110 6418240.0
101000111000011000110110011001110101000110000100110011000111100000000011011110110101111001011010011110011101111011101010010100010000101000100110000,101000111000011000110110011001110101000110000100110011000111100000000011011110110101111001011010011110011101111011,10,101,101000111000011000,101000111 8.9085952e7
101101110011011001100111101011110011011110110110010110001111001100100010001000101110011001110010111001111010010001000011111100010000101000000110001,101101110011011001100111101011110011011110110110010110001111001100100010001000101110011001110010111001111010010001,10,101,101101110011011001,101101110 6504784.0
101101100100111110010110010000101000111111001101011100101010100100110011110100100110011001010011101101010111110011110010111100011000010000101010110,101101100100111110010110010000101000111111001101011100101010100100110011110100100110011001010011101101010111110011,10,101,101101100100111110,101101100 2.6495328e7
100101001001001100010111101110000110010111010100000000000101011001110100001010001011011001101111101110101001100010010000101000001110100011101010001,100101001001001100010111101110000110010111010100000000000101011001110100001010001011011001101111101110101001100010,10,100,100101001001001100,100101001 9.0924336e7
011101010000111001110001011010100111010110111110000100001101001010110010000101001100101000011010111010000110101101100010101001111000011011000110001,011101010000111001110001011010100111010110111110000100001101001010110010000101001100101000011010111010000110101101,01,011,011101010000111001,011101010 2.3163616e7
000011000011011001001110111010000111010011000110001110001011111010000100000000101100111100001111110100101111110011000011111111011111001001001110001,000011000011011001001110111010000111010011000110001110001011111010000100000000101100111100001111110100101111110011,00,000,000011000011011001,000011000 6531024.0
001101110001111001110110001110100101010110000110000111001111000100000011000100001110010001010010111011011101110001100010111100010000011001100110001,001101110001111001110110001110100101010110000110000111001111000100000011000100001110010001010010111011011101110001,00,001,001101110001111001,001101110 6417096.0
101100110001011000110110011110100101000111000100010111001111000000000011000100001110111001000010111011101101110001000010111100010000011001100100001,101100110001011000110110011110100101000111000100010111001111000000000011000100001110111001000010111011101101110001,10,101,101100110001011000,101100110 6417096.0
101101100101011011110110101110100101010110000100000111001101000100000011000100001110011001001010101011111101110001000010111100011000011000100110001,101101100101011011110110101110100101010110000100000111001101000100000011000100001110011001001010101011111101110001,10,101,101101100101011011,101101100 6417096.0
001101110001111011110100001110100110000110000100000110001101000000000011000110000110110001001010111011101100110001000010111100011000010001001110001,001101110001111011110100001110100110000110000100000110001101000000000011000110000110110001001010111011101100110001,00,001,001101110001111011,001101110 6417216.0
101100110001110000110100001111000111010110000110001000000111001000001110000100101110100001000010111011011001111001000010011110000000010100110010000,101100110001110000110100001111000111010110000110001000000111001000001110000100101110100001000010111011011001111001,10,101,101100110001110000,101100110 6417216.0
001101110001111000110100111110100111010110000110000111001101001000000001000100001110110001001010111011101101110001000010111100010000011001100110001,001101110001111000110100111110100111010110000110000111001101001000000001000100001110110001001010111011101101110001,00,001,001101110001111000,001101110 6417216.0
101100010101011011010110001110000001010110000100001110000111000100010010000100100110011001010010101111011101111001100010011110010000010110111010001,101100010101011011010110001110000001010110000100001110000111000100010010000100100110011001010010101111011101111001,10,101,101100010101011011,101100010 6418120.0
best: 0.9822274141585573
101101100101011001110110001110100101010110000100000111001111000100000011000100001110010001001010111011011101110001000010111100010000011001100110001,101101100101011001110110001110100101010110000100000111001111000100000011000100001110010001001010111011011101110001,10,101,101101100101011001,101101100 6417096.0
101100010101111001110100011110000101010110000100001111001101000100010001000100000110110001000010101011001101111001100010011100010000011011101110001,101100010101111001110100011110000101010110000100001111001101000100010001000100000110110001000010101011001101111001,10,101,101100010101111001,101100010 6417216.0
001010011010011000010110011010000101000110000110010010001011111010000100011000111100111100001011011110101101110011100010111111010100001000001110000,001010011010011000010110011010000101000110000110010010001011111010000100011000111100111100001011011110101101110011,00,001,001010011010011000,001010011 6505288.0
101101100101011011110110101110100101010110000110000111001101000100000011000100001110010001000010101011111101110001000010111100010000011001100110001,101101100101011011110110101110100101010110000110000111001101000100000011000100001110010001000010101011111101110001,10,101,101101100101011011,101101100 6417096.0
001100101101001010010110011110000101000111000110010111001101000010000011000100001110111001001010111011101101110001000010111110011000011011100110001,001100101101001010010110011110000101000111000110010111001101000010000011000100001110111001001010111011101101110001,00,001,001100101101001010,001100101 6417096.0
001001110101111010111100001110000110011110000000001000001111011000000011000000000110010101011010111111101100110001000010111110010000100011011110001,001001110101111010111100001110000110011110000000001000001111011000000011000000000110010101011010111111101100110001,00,001,001001110101111010,001001110 6418240.0
101101110011011001100111011111110001001111100100010110001111000000000011001000001110011001010010111011101100110001000011111100010000001001100100001,101101110011011001100111011111110001001111100100010110001111000000000011001000001110011001010010111011101100110001,10,101,101101110011011001,101101110 6504784.0
001101101101011011010110101110100101010111000110000110001101001110000111000100001110010001000010111011111101110001000010111100011000011010100110001,001101101101011011010110101110100101010111000110000110001101001110000111000100001110010001000010111011111101110001,00,001,001101101101011011,001101101 6417096.0
001101110001011011110100001110100100000111000100010110001101000000000011000100000110110001001010111011101100110001000010111100010000010001001100001,001101110001011011110100001110100100000111000100010110001101000000000011000100000110110001001010111011101100110001,00,001,001101110001011011,001101110 6417216.0
001011000010011011011010100111010111010001010100000110101000100010001100010010100101111001000101101111111011110001010000101011000110001001001010001,001011000010011011011010100111010111010001010100000110101000100010001100010010100101111001000101101111111011110001,00,001,001011000010011011,001011000 9.0589536e7
101010011011111001000110100110111100011111000000001110001110001100011000010010111011000001010000111111010111011001100010001100000010010100101010101,101010011011111001000110100110111100011111000000001110001110001100011000010010111011000001010000111111010111011001,10,101,101010011011111001,101010011 9.0590056e7
111111000001011110110110111110110000110110101100001011001010001000000011010110000101001001011011011001110001010001001010000100010000011000000010000,111111000001011110110110111110110000110110101100001011001010001000000011010110000101001001011011011001110001010001,11,111,111111000001011110,111111000 7.4711584e7
000111101001011010111010001111110001000110001110011111001100011001011010000101001010001001001000101011001110110001101010111100001000011010100111001,000111101001011010111010001111110001000110001110011111001100011001011010000101001010001001001000101011001110110001,00,000,000111101001011010,000111101 2.3192144e7
101111100001011101110010001100101101010100000100000111101100000100101111010100001110011001000100101111110101110000010010111101010010000001101111011,101111100001011101110010001100101101010100000100000111101100000100101111010100001110011001000100101111110101110000,10,101,101111100001011101,101111100 6418120.0
001100010001011101101101101100010001010010000101100101000111111101000111000100000010101101110010100101111000011001000011011111011000010100111100100,001100010001011101101101101100010001010010000101100101000111111101000111000100000010101101110010100101111000011001,00,001,001100010001011101,001100010 6567408.0
101101100101011011110110101110100101010110000100000111001101000100000011000100001110011001001010101011111101110001000010111100011000011000100110001,101101100101011011110110101110100101010110000100000111001101000100000011000100001110011001001010101011111101110001,10,101,101101100101011011,101101100 6417096.0
001101100101011001110110001110100101010110000110000111001101000100000011000100001110010001000010111011011101110001000010111100010000011001100110001,001101100101011001110110001110100101010110000110000111001101000100000011000100001110010001000010111011011101110001,00,001,001101100101011001,001101100 6417096.0
001101101101001010010110101110000101010111000110000110001101001110000101000100001110011001001010111011111101110001000010111110011000011010100110001,001101101101001010010110101110000101010111000110000110001101001110000101000100001110011001001010111011111101110001,00,001,001101101101001010,001101101 6417096.0
101101100101011011110110001110100101010110000100000111001111000100000011000100001110010001001010111011011101110001000010111100011000011001100110001,101101100101011011110110001110100101010110000100000111001111000100000011000100001110010001001010111011011101110001,10,101,101101100101011011,101101100 6417096.0
001101110001111001110110001110100101010110000110000111001111000100000011000100001110010001010010111011011101110001100010111100010000011001100110001,001101110001111001110110001110100101010110000110000111001111000100000011000100001110010001010010111011011101110001,00,001,001101110001111001,001101110 6417096.0
101100110001011000110110011110100101000111000100010111001111000000000011000100001110111001000010111011101101110001000010111100010000011001100100001,101100110001011000110110011110100101000111000100010111001111000000000011000100001110111001000010111011101101110001,10,101,101100110001011000,101100110 6417096.0
001101110001111011110100001110100110000110000100000110001101000000000011000110000110110001001010111011101100110001000010111100011000010001001110001,001101110001111011110100001110100110000110000100000110001101000000000011000110000110110001001010111011101100110001,00,001,001101110001111011,001101110 6417216.0
best: 0.9822274141585573
001101110001111101110100101100100001010110000100000111000111110100000011000100001110110101110010100001111001110001100010111100010000010101110110101,001101110001111101110100101100100001010110000100000111000111110100000011000100001110110101110010100001111001110001,00,001,001101110001111101,001101110 6433840.0
101101100101111001110110001110100101010110000100000111001101000100000011000100001110011001010010111011011101110001100010111100010000011000100110001,101101100101111001110110001110100101010110000100000111001101000100000011000100001110011001010010111011011101110001,10,101,101101100101111001,101101100 6417096.0
001001100101111011110100001110100101010110000100000011001111010000000011000000001110010001011010111111101101110001000010111100010000101011101110001,001001100101111011110100001110100101010110000100000011001111010000000011000000001110010001011010111111101101110001,00,001,001001100101111011,001001100 6418240.0
001100100101011011110110011110000101010111000110010111001101000010000011000100001110011001001010111011101101110001000010111110011000011011100110001,001100100101011011110110011110000101010111000110010111001101000010000011000100001110011001001010111011101101110001,00,001,001100100101011011,001100100 6417096.0
101101100101011011110110101110100101010110000110000111001101000100000011000100001110010001000010101011111101110001000010111100010000011001100110001,101101100101011011110110101110100101010110000110000111001101000100000011000100001110010001000010101011111101110001,10,101,101101100101011011,101101100 6417096.0
001101110101011001110110001110100110000110000100000110001101000100000011000100000110010001001010111011111100110001000010111100010000010001000110001,001101110101011001110110001110100110000110000100000110001101000100000011000100000110010001001010111011111100110001,00,001,001101110101011001,001101110 6417096.0
001101101101001010010110101110000101010111000110000110001101001110000101000100001110011001001010111011111101110001000010111110011000011010100110001,001101101101001010010110101110000101010111000110000110001101001110000101000100001110011001001010111011111101110001,00,001,001101101101001010,001101101 6417096.0
101101100101011011110110101110100101010110000110000111001101000100000011000100001110010001000010101011111101110001000010111100010000011001100110001,101101100101011011110110101110100101010110000110000111001101000100000011000100001110010001000010101011111101110001,10,101,101101100101011011,101101100 6417096.0
001101101001011010110100001110000100000110000100000110001101000010000111000100001110011001001010111011111101110001000010111100011000010001000110001,001101101001011010110100001110000100000110000100000110001101000010000111000100001110011001001010111011111101110001,00,001,001101101001011010,001101101 6417216.0
100100110011001101000111001100000101010110101110000100011110111100000010101000000110011011010010110011101000111001101111110001110000001101101000111,100100110011001101000111001100000101010110101110000100011110111100000010101000000110011011010010110011101000111001,10,100,100100110011001101,100100110 2.3661112e7
000100101101000111000010111111100100000111010010000111001111000000000011000110001110011101111010101011000100010111000011111011011100111111100111000,000100101101000111000010111111100100000111010010000111001111000000000011000110001110011101111010101011000100010111,00,000,000100101101000111,000100101 6549632.0
001101100100001101100110001010000101110111000000101001001111011110110101000100011110101001011110111101011101111101100010111000010000001011100110001,001101100100001101100110001010000101110111000000101001001111011110110101000100011110101001011110111101011101111101,00,001,001101100100001101,001101100 6418640.0
001101111000111100111000001011100100111110110100000111000000110101100111001000011110010100010110111001101001111001101010111110011001100010100110000,001101111000111100111000001011100100111110110100000111000000110101100111001000011110010100010110111001101001111001,00,001,001101111000111100,001101111 6423640.0
001100100011001011111110011111101101010111011101010111011101100000100011001100000010111110001010011111001101010000000110101100000000110001011111000,001100100011001011111110011111101101010111011101010111011101100000100011001100000010111110001010011111001101010000,00,001,001100100011001011,001100100 2.7408984e7
001101111101111001110110010110001101010100010001010110101101000110011001001101101110010000011000111010001100110001000110111010111100011010110110111,001101111101111001110110010110001101010100010001010110101101000110011001001101101110010000011000111010001100110001,00,001,001101111101111001,001101111 6417096.0
101101100101011001110110001110100101010110000100000111001111000100000011000100001110010001001010111011011101110001000010111100010000011001100110001,101101100101011001110110001110100101010110000100000111001111000100000011000100001110010001001010111011011101110001,10,101,101101100101011001,101101100 6417096.0
101101100101011011110110101110100101010110000110000111001101000100000011000100001110010001000010101011111101110001000010111100010000011001100110001,101101100101011011110110101110100101010110000110000111001101000100000011000100001110010001000010101011111101110001,10,101,101101100101011011,101101100 6417096.0
001100101101001010010110011110000101000111000110010111001101000010000011000100001110111001001010111011101101110001000010111110011000011011100110001,001100101101001010010110011110000101000111000110010111001101000010000011000100001110111001001010111011101101110001,00,001,001100101101001010,001100101 6417096.0
001101101101011011010110101110100101010111000110000110001101001110000111000100001110010001000010111011111101110001000010111100011000011010100110001,001101101101011011010110101110100101010111000110000110001101001110000111000100001110010001000010111011111101110001,00,001,001101101101011011,001101101 6417096.0
101101100101011011110110101110100101010110000100000111001101000100000011000100001110011001001010101011111101110001000010111100011000011000100110001,101101100101011011110110101110100101010110000100000111001101000100000011000100001110011001001010101011111101110001,10,101,101101100101011011,101101100 6417096.0
001101100101011001110110001110100101010110000110000111001101000100000011000100001110010001000010111011011101110001000010111100010000011001100110001,001101100101011001110110001110100101010110000110000111001101000100000011000100001110010001000010111011011101110001,00,001,001101100101011001,001101100 6417096.0
001101101101001010010110101110000101010111000110000110001101001110000101000100001110011001001010111011111101110001000010111110011000011010100110001,001101101101001010010110101110000101010111000110000110001101001110000101000100001110011001001010111011111101110001,00,001,001101101101001010,001101101 6417096.0
best: 0.9822274141585573
101101100101011011110110101110100101010110000110000111001101000100000011000100001110010001000010101011111101110001000010111100011000011000100110001,101101100101011011110110101110100101010110000110000111001101000100000011000100001110010001000010101011111101110001,10,101,101101100101011011,101101100 6417096.0
001101101101011010110110001110000101010110000100000110001101000010000011000100001110011001001010111011101101110001000010111100011000010001000110001,001101101101011010110110001110000101010110000100000110001101000010000011000100001110011001001010111011101101110001,00,001,001101101101011010,001101101 6417096.0
001001100101011011110100001110100101010110000100000010001101010000000011000100000110010001011010111111111100110001000010111100010000010011000110001,001001100101011011110100001110100101010110000100000010001101010000000011000100000110010001011010111111111100110001,00,001,001001100101011011,001001100 6418240.0
101101100101001010010110011110000101000110000100000111001101000000000011000100001110011001011010111011101101110001100010111100010000011011100110001,101101100101001010010110011110000101000110000100000111001101000000000011000100001110011001011010111011101101110001,10,101,101101100101001010,101101100 6417096.0
101101100101011011110110100110001101010110000101010110101101000110011001001100001110010000001000111011111100110001000110111100111100011000100110001,101101100101011011110110100110001101010110000101010110101101000110011001001100001110010000001000111011111100110001,10,101,101101100101011011,101101100 6417096.0
001101101100111011011100101110100101111111110110000111000001001100100111001000011110010001010110111001101101110001101010111110011000111010100110001,001101101100111011011100101110100101111111110110000111000001001100100111001000011110010001010110111001101101110001,00,001,001101101100111011,001101101 6423640.0
001101111101111000010110010110001101010101000010010111001101000110000011001100001110110001001010111011101100110001000110111010011100011010100110101,001101111101111000010110010110001101010101000010010111001101000110000011001100001110110001001010111011101100110001,00,001,001101111101111000,001101111 6417096.0
101101100101011011110110001110000101010111000110000111001101000000000011000100001110011001000010111011111101110001000010111110011000011001100110001,101101100101011011110110001110000101010111000110000111001101000000000011000100001110011001000010111011111101110001,10,101,101101100101011011,101101100 6417096.0
101101100101011011110110101110100101010110000110000111001101000100000011000100001110011001000010111011111101110001100010111100010000011001100110001,101101100101011011110110101110100101010110000110000111001101000100000011000100001110011001000010111011111101110001,10,101,101101100101011011,101101100 6417096.0
111100000001101010010101011101001001100100001110000011000101101111001010100110001010100101100010101001101111110000100010111110110010001110101110000,111100000001101010010101011101001001100100001110000011000101101111001010100110001010100101100010101001101111110000,11,111,111100000001101010,111100000 2.3174616e7
101100100110111011110101100010110000100110110111000110001111101110010111100101100110100001000010011011011100100101110010011000111010010010100110001,101100100110111011110101100010110000100110110111000110001111101110010111100101100110100001000010011011011100100101,10,101,101100100110111011,101100100 6648448.0
101101000101011010111110010000010101110100000100001111111000110100110000110101001100011000010010001010111011101011100010111110011000001000100101000,101101000101011010111110010000010101110100000100001111111000110100110000110101001100011000010010001010111011101011,10,101,101101000101011010,101101000 6417096.0
001101001101100011010110111111010111010111010110101101001011111111010100001010001110011001011010011000111100010001000110110010011001001010110110101,001101001101100011010110111111010111010111010110101101001011111111010100001010001110011001011010011000111100010001,00,001,001101001101100011,001101001 6547736.0
101101101111011101110101000110001111000011001000101011000101011100100101000011000100111001001111101001111011110011000110011100110110001010110011001,101101101111011101110101000110001111000011001000101011000101011100100101000011000100111001001111101001111011110011,10,101,101101101111011101,101101101 2.3565096e7
110101011101011011110100101011100101011110010110100111011010010000110010000001001001110001000010100011111001100001010011110100011001110101100111010,110101011101011011110100101011100101011110010110100111011010010000110010000001001001110001000010100011111001100001,11,110,110101011101011011,110101011 7.4970232e7
101101100101111001110110001110100101010110000100000111001101000100000011000100001110011001010010111011011101110001100010111100010000011000100110001,101101100101111001110110001110100101010110000100000111001101000100000011000100001110011001010010111011011101110001,10,101,101101100101111001,101101100 6417096.0
001100100101011011110110011110000101010111000110010111001101000010000011000100001110011001001010111011101101110001000010111110011000011011100110001,001100100101011011110110011110000101010111000110010111001101000010000011000100001110011001001010111011101101110001,00,001,001100100101011011,001100100 6417096.0
101101100101011011110110101110100101010110000110000111001101000100000011000100001110010001000010101011111101110001000010111100010000011001100110001,101101100101011011110110101110100101010110000110000111001101000100000011000100001110010001000010101011111101110001,10,101,101101100101011011,101101100 6417096.0
001101110101011001110110001110100110000110000100000110001101000100000011000100000110010001001010111011111100110001000010111100010000010001000110001,001101110101011001110110001110100110000110000100000110001101000100000011000100000110010001001010111011111100110001,00,001,001101110101011001,001101110 6417096.0
001101101101001010010110101110000101010111000110000110001101001110000101000100001110011001001010111011111101110001000010111110011000011010100110001,001101101101001010010110101110000101010111000110000110001101001110000101000100001110011001001010111011111101110001,00,001,001101101101001010,001101101 6417096.0
001101111101111001110110010110001101010100010001010110101101000110011001001101101110010000011000111010001100110001000110111010111100011010110110111,001101111101111001110110010110001101010100010001010110101101000110011001001101101110010000011000111010001100110001,00,001,001101111101111001,001101111 6417096.0
101101100101011001110110001110100101010110000100000111001111000100000011000100001110010001001010111011011101110001000010111100010000011001100110001,101101100101011001110110001110100101010110000100000111001111000100000011000100001110010001001010111011011101110001,10,101,101101100101011001,101101100 6417096.0
best: 0.9822274141585573
001101110101111001010110001110101111000100000100000110001101000100000011000100000110110001001010111011111100110001000110111100010000010010100110001,001101110101111001010110001110101111000100000100000110001101000100000011000100000110110001001010111011111100110001,00,001,001101110101111001,001101110 6417096.0
101101101101011010110110001110100101010110000100000110001101000100000011000100001110011001001010111011101101110001000010111100010000011001100110001,101101101101011010110110001110100101010110000100000110001101000100000011000100001110011001001010111011101101110001,10,101,101101101101011010,101101101 6417096.0
101101100101011001110110101110100101010110000110000111001101000100000011000100001110011001000010111011011101110001100010111100010000011000100110001,101101100101011001110110101110100101010110000110000111001101000100000011000100001110011001000010111011011101110001,10,101,101101100101011001,101101100 6417096.0
001101111101101000010110000110000101010111010010000110001101001110001101001101101110011000001010111011101101110001000010111010111100011010110110011,001101111101101000010110000110000101010111010010000110001101001110001101001101101110011000001010111011101101110001,00,001,001101111101101000,001101111 6417096.0
101101100101001010010110011110000101010110000100010111001101000010000011000100001110011001011010111011101101110001000010111110010000011011100110001,101101100101001010010110011110000101010110000100010111001101000010000011000100001110011001011010111011101101110001,10,101,101101100101001010,101101100 6417096.0
001001100101001011110110101110000101010110000110000010001101000100000011000100000110010001001010111111111100110001000010111100010000011010100110001,001001100101001011110110101110000101010110000110000010001101000100000011000100000110010001001010111111111100110001,00,001,001001100101001011,001001100 6418120.0
101101100101111001110110000110000101010101000110010111001101000100000011001100001110011001001010111011111100110001000010111110011000011001100110101,101101100101111001110110000110000101010101000110010111001101000100000011001100001110011001001010111011111100110001,10,101,101101100101111001,101101100 6417096.0
001101101101001010010110111110000101000111000100000110001101000100000111000100001110011001011010111011111101110001000010111110010000011011100110001,001101101101001010010110111110000101000111000100000110001101000100000111000100001110011001011010111011111101110001,00,001,001101101101001010,001101101 6417096.0
101101100101011010110110111110101101010111000010010111001101000100000011000100001110110001001010101011101101110001000010111100011000011000100110101,101101100101011010110110111110101101010111000010010111001101000100000011000100001110110001001010101011101101110001,10,101,101101100101011010,101101100 6417096.0
101001000101111000110110001110110111110110100100001111001011100100100011011100001111011000101011111000011100110101001010110100011100011001010110100,101001000101111000110110001110110111110110100100001111001011100100100011011100001111011000101011111000011100110101,10,101,101001000101111000,101001000 7.3197168e7
001101011000010001111100000110011101000101011101110110001101011111111001011100101111000000011000111010000100111001001110101010110001011000110110111,001101011000010001111100000110011101000101011101110110001101011111111001011100101111000000011000111010000100111001,00,001,001101011000010001,001101011 7.3158656e7
101101100100000001010110011110000101010010000010110011001100100100111011000100000101111001111011001101011100111101100000011100010101011001010011001,101101100100000001010110011110000101010010000010110011001100100100111011000100000101111001111011001101011100111101,10,101,101101100100000001,101101100 8.8997192e7
100001100101001010010101010110001100000010000100000111000101100000001111100000000100001000011110101001101111011001010000011000011100011011000110001,100001100101001010010101010110001100000010000100000111000101100000001111100000000100001000011110101001101111011001,10,100,100001100101001010,100001100 6417216.0
101101000011011101001101100101010101111100110100011110110001010000110000110100011001011100110010100010101010101010100000110100111000001010110000101,101101000011011101001101100101010101111100110100011110110001010000110000110100011001011100110010100010101010101010,10,101,101101000011011101,101101000 7.4609824e7
000001011001000011010100001110111011001010010101100111101111000000010011010111001100010001111000001001100001000110100011111100010000001011100010011,000001011001000011010100001110111011001010010101100111101111000000010011010111001100010001111000001001100001000110,00,000,000001011001000011,000001011 6556328.0
101101100101011011110110101110100101010110000110000111001101000100000011000100001110010001000010101011111101110001000010111100011000011000100110001,101101100101011011110110101110100101010110000110000111001101000100000011000100001110010001000010101011111101110001,10,101,101101100101011011,101101100 6417096.0
001101101101011010110110001110000101010110000100000110001101000010000011000100001110011001001010111011101101110001000010111100011000010001000110001,001101101101011010110110001110000101010110000100000110001101000010000011000100001110011001001010111011101101110001,00,001,001101101101011010,001101101 6417096.0
101101100101001010010110011110000101000110000100000111001101000000000011000100001110011001011010111011101101110001100010111100010000011011100110001,101101100101001010010110011110000101000110000100000111001101000000000011000100001110011001011010111011101101110001,10,101,101101100101001010,101101100 6417096.0
101101100101011011110110100110001101010110000101010110101101000110011001001100001110010000001000111011111100110001000110111100111100011000100110001,101101100101011011110110100110001101010110000101010110101101000110011001001100001110010000001000111011111100110001,10,101,101101100101011011,101101100 6417096.0
001101111101111000010110010110001101010101000010010111001101000110000011001100001110110001001010111011101100110001000110111010011100011010100110101,001101111101111000010110010110001101010101000010010111001101000110000011001100001110110001001010111011101100110001,00,001,001101111101111000,001101111 6417096.0
101101100101011011110110001110000101010111000110000111001101000000000011000100001110011001000010111011111101110001000010111110011000011001100110001,101101100101011011110110001110000101010111000110000111001101000000000011000100001110011001000010111011111101110001,10,101,101101100101011011,101101100 6417096.0
101101100101011011110110101110100101010110000110000111001101000100000011000100001110011001000010111011111101110001100010111100010000011001100110001,101101100101011011110110101110100101010110000110000111001101000100000011000100001110011001000010111011111101110001,10,101,101101100101011011,101101100 6417096.0
best: 0.9822274141585573
done evolving!
"all is well:)"
>>>>>>>>>>>>>>FINISH OPTIMIZATION>>>>>>>>>>>>>>>
1234.32user 730.19system 49:59.97elapsed 65%CPU (0avgtext+0avgdata 135560maxresident)k
1033392inputs+1618048outputs (548major+103048207minor)pagefaults 0swaps
