warning: dubious mut time results for primes: [1.1,1.12,0.77,0.98,0.82]
warning: dubious mut time results for primes: [1.1,1.12,0.77,0.98,0.82]
warning: dubious run time results for primes: [1.53,1.61,1.15,1.13,1.4000001]
warning: dubious mut time results for primes: [1.04,1.08,0.74,0.73,0.91]
warning: dubious run time results for primes: [1.53,1.61,1.15,1.13,1.4000001]
warning: dubious mut time results for primes: [1.04,1.08,0.74,0.73,0.91]
warning: dubious run time results for primes: [1.6100001,1.16,1.38,1.14,1.18]
warning: dubious mut time results for primes: [1.07,0.75,0.9,0.73,0.76]
warning: dubious run time results for primes: [1.6100001,1.16,1.38,1.14,1.18]
warning: dubious mut time results for primes: [1.07,0.75,0.9,0.73,0.76]
warning: dubious mut time results for primes: [1.17,0.98,0.98,0.88,0.81]
warning: dubious mut time results for primes: [1.17,0.98,0.98,0.88,0.81]
warning: dubious run time results for primes: [1.64,1.53,1.18,1.49,1.75]
warning: dubious mut time results for primes: [1.13,1.03,0.78,1.02,1.18]
warning: dubious GC time results for primes: [0.51,0.5,0.4,0.47,0.57]
warning: dubious run time results for primes: [1.64,1.53,1.18,1.49,1.75]
warning: dubious mut time results for primes: [1.13,1.03,0.78,1.02,1.18]
warning: dubious GC time results for primes: [0.51,0.5,0.4,0.47,0.57]
warning: dubious run time results for primes: [1.9,1.37,1.29,1.14,1.3]
warning: dubious mut time results for primes: [1.3,0.91,0.84,0.74,0.87]
warning: dubious GC time results for primes: [0.6,0.46,0.45,0.4,0.43]
warning: dubious run time results for primes: [1.9,1.37,1.29,1.14,1.3]
warning: dubious mut time results for primes: [1.3,0.91,0.84,0.74,0.87]
warning: dubious GC time results for primes: [0.6,0.46,0.45,0.4,0.43]
warning: dubious mut time results for primes: [0.8,0.96,1.01,1.13,0.94]
warning: dubious mut time results for primes: [0.8,0.96,1.01,1.13,0.94]
warning: dubious run time results for primes: [1.59,2.23,2.2,1.6800001,1.34]
warning: dubious mut time results for primes: [1.07,1.53,1.54,1.14,0.88]
warning: dubious GC time results for primes: [0.52,0.7,0.66,0.54,0.46]
warning: dubious run time results for primes: [1.59,2.23,2.2,1.6800001,1.34]
warning: dubious mut time results for primes: [1.07,1.53,1.54,1.14,0.88]
warning: dubious GC time results for primes: [0.52,0.7,0.66,0.54,0.46]
warning: dubious run time results for primes: [1.48,2.3400002,2.33,1.3199999,2.14]
warning: dubious mut time results for primes: [0.98,1.61,1.49,0.87,1.46]
warning: dubious GC time results for primes: [0.5,0.73,0.83,0.45,0.68]
warning: dubious run time results for primes: [1.48,2.3400002,2.33,1.3199999,2.14]
warning: dubious mut time results for primes: [0.98,1.61,1.49,0.87,1.46]
warning: dubious GC time results for primes: [0.5,0.73,0.83,0.45,0.68]
warning: dubious run time results for primes: [1.22,1.73,1.45,1.4300001,1.21]
warning: dubious mut time results for primes: [0.81,1.19,0.97,0.97,0.8]
warning: dubious run time results for primes: [1.22,1.73,1.45,1.4300001,1.21]
warning: dubious mut time results for primes: [0.81,1.19,0.97,0.97,0.8]
warning: dubious mut time results for primes: [0.8,0.82,0.91,1.14,0.96]
warning: dubious mut time results for primes: [0.8,0.82,0.91,1.14,0.96]
warning: dubious run time results for primes: [1.71,1.21,1.16,1.24,1.42]
warning: dubious mut time results for primes: [1.17,0.79,0.76,0.81,0.95]
warning: dubious run time results for primes: [1.71,1.21,1.16,1.24,1.42]
warning: dubious mut time results for primes: [1.17,0.79,0.76,0.81,0.95]
warning: dubious mut time results for primes: [0.85,0.88,0.97,0.93,1.21]
warning: dubious mut time results for primes: [0.85,0.88,0.97,0.93,1.21]
warning: dubious run time results for primes: [1.3199999,1.23,1.06,1.6,1.21]
warning: dubious mut time results for primes: [0.89,0.8,0.7,1.07,0.81]
warning: dubious GC time results for primes: [0.43,0.43,0.36,0.53,0.4]
warning: dubious run time results for primes: [1.3199999,1.23,1.06,1.6,1.21]
warning: dubious mut time results for primes: [0.89,0.8,0.7,1.07,0.81]
warning: dubious GC time results for primes: [0.43,0.43,0.36,0.53,0.4]
warning: dubious mut time results for primes: [1.09,0.8,0.75,1.07,0.84]
warning: dubious mut time results for primes: [1.09,0.8,0.75,1.07,0.84]
warning: dubious run time results for primes: [2.67,1.3499999,1.51,1.32,1.21]
warning: dubious mut time results for primes: [1.86,0.9,1.02,0.86,0.79]
warning: dubious GC time results for primes: [0.81,0.45,0.49,0.46,0.42]
warning: dubious run time results for primes: [2.67,1.3499999,1.51,1.32,1.21]
warning: dubious mut time results for primes: [1.86,0.9,1.02,0.86,0.79]
warning: dubious GC time results for primes: [0.81,0.45,0.49,0.46,0.42]
warning: dubious run time results for primes: [1.84,2.58,1.26,1.4300001,1.37]
warning: dubious mut time results for primes: [1.23,1.83,0.83,0.94,0.91]
warning: dubious GC time results for primes: [0.61,0.75,0.43,0.49,0.46]
warning: dubious run time results for primes: [1.84,2.58,1.26,1.4300001,1.37]
warning: dubious mut time results for primes: [1.23,1.83,0.83,0.94,0.91]
warning: dubious GC time results for primes: [0.61,0.75,0.43,0.49,0.46]
warning: dubious run time results for primes: [1.1999999,1.3,1.45,1.21,1.84]
warning: dubious mut time results for primes: [0.78,0.87,0.98,0.79,1.23]
warning: dubious GC time results for primes: [0.42,0.43,0.47,0.42,0.61]
warning: dubious run time results for primes: [1.1999999,1.3,1.45,1.21,1.84]
warning: dubious mut time results for primes: [0.78,0.87,0.98,0.79,1.23]
warning: dubious GC time results for primes: [0.42,0.43,0.47,0.42,0.61]
warning: dubious run time results for primes: [1.29,1.56,2.0,1.23,1.13]
warning: dubious mut time results for primes: [0.84,1.06,1.34,0.8,0.74]
warning: dubious GC time results for primes: [0.45,0.5,0.66,0.43,0.39]
warning: dubious run time results for primes: [1.29,1.56,2.0,1.23,1.13]
warning: dubious mut time results for primes: [0.84,1.06,1.34,0.8,0.74]
warning: dubious GC time results for primes: [0.45,0.5,0.66,0.43,0.39]
warning: dubious mut time results for primes: [0.78,0.69,0.74,0.98,0.85]
warning: dubious mut time results for primes: [0.78,0.69,0.74,0.98,0.85]
warning: dubious run time results for primes: [1.3199999,1.77,1.0799999,1.11,1.3]
warning: dubious mut time results for primes: [0.87,1.2,0.71,0.73,0.86]
warning: dubious GC time results for primes: [0.45,0.57,0.37,0.38,0.44]
warning: dubious run time results for primes: [1.3199999,1.77,1.0799999,1.11,1.3]
warning: dubious mut time results for primes: [0.87,1.2,0.71,0.73,0.86]
warning: dubious GC time results for primes: [0.45,0.57,0.37,0.38,0.44]
warning: dubious run time results for primes: [1.56,1.41,1.16,1.97,1.3199999]
warning: dubious mut time results for primes: [1.01,0.93,0.76,1.33,0.84]
warning: dubious GC time results for primes: [0.55,0.48,0.4,0.64,0.48]
warning: dubious run time results for primes: [1.56,1.41,1.16,1.97,1.3199999]
warning: dubious mut time results for primes: [1.01,0.93,0.76,1.33,0.84]
warning: dubious GC time results for primes: [0.55,0.48,0.4,0.64,0.48]
warning: dubious mut time results for primes: [0.7,0.98,0.7,0.78,0.83]
warning: dubious mut time results for primes: [0.7,0.98,0.7,0.78,0.83]
warning: dubious run time results for primes: [1.17,1.0899999,1.57,1.3399999,1.13]
warning: dubious mut time results for primes: [0.76,0.71,1.07,0.9,0.73]
warning: dubious run time results for primes: [1.17,1.0899999,1.57,1.3399999,1.13]
warning: dubious mut time results for primes: [0.76,0.71,1.07,0.9,0.73]
warning: dubious mut time results for primes: [0.84,0.76,1.07,0.93,0.86]
warning: dubious mut time results for primes: [0.84,0.76,1.07,0.93,0.86]
warning: dubious run time results for primes: [1.46,1.45,1.55,1.3399999,1.06]
warning: dubious mut time results for primes: [0.97,0.96,1.04,0.84,0.69]
warning: dubious run time results for primes: [1.46,1.45,1.55,1.3399999,1.06]
warning: dubious mut time results for primes: [0.97,0.96,1.04,0.84,0.69]
warning: dubious run time results for primes: [1.52,1.8,1.11,1.13,1.36]
warning: dubious mut time results for primes: [1.02,1.21,0.72,0.75,0.91]
warning: dubious GC time results for primes: [0.5,0.59,0.39,0.38,0.45]
warning: dubious run time results for primes: [1.52,1.8,1.11,1.13,1.36]
warning: dubious mut time results for primes: [1.02,1.21,0.72,0.75,0.91]
warning: dubious GC time results for primes: [0.5,0.59,0.39,0.38,0.45]
warning: dubious run time results for primes: [1.23,1.18,1.4100001,1.14,1.9100001]
warning: dubious mut time results for primes: [0.83,0.78,0.92,0.75,1.32]
warning: dubious GC time results for primes: [0.4,0.4,0.49,0.39,0.59]
warning: dubious run time results for primes: [1.23,1.18,1.4100001,1.14,1.9100001]
warning: dubious mut time results for primes: [0.83,0.78,0.92,0.75,1.32]
warning: dubious GC time results for primes: [0.4,0.4,0.49,0.39,0.59]
warning: dubious run time results for primes: [1.45,1.12,1.2,1.12,1.63]
warning: dubious mut time results for primes: [0.96,0.74,0.79,0.74,1.11]
warning: dubious run time results for primes: [1.45,1.12,1.2,1.12,1.63]
warning: dubious mut time results for primes: [0.96,0.74,0.79,0.74,1.11]
warning: dubious mut time results for primes: [0.78,0.93,0.7,0.85,1.01]
warning: dubious mut time results for primes: [0.78,0.93,0.7,0.85,1.01]
warning: dubious run time results for primes: [1.49,1.0,1.18,1.17,1.27]
warning: dubious mut time results for primes: [0.99,0.65,0.76,0.76,0.81]
warning: dubious GC time results for primes: [0.5,0.35,0.42,0.41,0.46]
warning: dubious run time results for primes: [1.49,1.0,1.18,1.17,1.27]
warning: dubious mut time results for primes: [0.99,0.65,0.76,0.76,0.81]
warning: dubious GC time results for primes: [0.5,0.35,0.42,0.41,0.46]
warning: dubious run time results for primes: [1.23,1.6600001,1.04,1.11,1.23]
warning: dubious mut time results for primes: [0.79,1.11,0.67,0.72,0.81]
warning: dubious GC time results for primes: [0.44,0.55,0.37,0.39,0.42]
warning: dubious run time results for primes: [1.23,1.6600001,1.04,1.11,1.23]
warning: dubious mut time results for primes: [0.79,1.11,0.67,0.72,0.81]
warning: dubious GC time results for primes: [0.44,0.55,0.37,0.39,0.42]
warning: dubious mut time results for primes: [0.74,0.78,0.68,0.79,0.96]
warning: dubious mut time results for primes: [0.74,0.78,0.68,0.79,0.96]
warning: dubious run time results for primes: [1.59,1.06,1.06,1.11,1.05]
warning: dubious mut time results for primes: [1.08,0.69,0.7,0.74,0.7]
warning: dubious GC time results for primes: [0.51,0.37,0.36,0.37,0.35]
warning: dubious run time results for primes: [1.59,1.06,1.06,1.11,1.05]
warning: dubious mut time results for primes: [1.08,0.69,0.7,0.74,0.7]
warning: dubious GC time results for primes: [0.51,0.37,0.36,0.37,0.35]
warning: dubious run time results for primes: [1.21,1.06,1.6500001,1.4,1.26]
warning: dubious mut time results for primes: [0.78,0.69,1.11,0.92,0.83]
warning: dubious GC time results for primes: [0.43,0.37,0.54,0.48,0.43]
warning: dubious run time results for primes: [1.21,1.06,1.6500001,1.4,1.26]
warning: dubious mut time results for primes: [0.78,0.69,1.11,0.92,0.83]
warning: dubious GC time results for primes: [0.43,0.37,0.54,0.48,0.43]
warning: dubious run time results for primes: [1.25,1.05,1.28,1.77,1.8899999]
warning: dubious mut time results for primes: [0.83,0.69,0.85,1.21,1.3]
warning: dubious GC time results for primes: [0.42,0.36,0.43,0.56,0.59]
warning: dubious run time results for primes: [1.25,1.05,1.28,1.77,1.8899999]
warning: dubious mut time results for primes: [0.83,0.69,0.85,1.21,1.3]
warning: dubious GC time results for primes: [0.42,0.36,0.43,0.56,0.59]
warning: dubious run time results for primes: [2.04,1.21,1.98,2.01,1.1]
warning: dubious mut time results for primes: [1.42,0.82,1.23,1.36,0.72]
warning: dubious GC time results for primes: [0.62,0.39,0.75,0.65,0.38]
warning: dubious run time results for primes: [2.04,1.21,1.98,2.01,1.1]
warning: dubious mut time results for primes: [1.42,0.82,1.23,1.36,0.72]
warning: dubious GC time results for primes: [0.62,0.39,0.75,0.65,0.38]
warning: dubious run time results for primes: [2.28,1.6500001,2.2,1.94,1.5899999]
warning: dubious mut time results for primes: [1.61,1.11,1.54,1.32,1.06]
warning: dubious run time results for primes: [2.28,1.6500001,2.2,1.94,1.5899999]
warning: dubious mut time results for primes: [1.61,1.11,1.54,1.32,1.06]
warning: dubious run time results for primes: [1.18,2.37,2.03,1.63,1.26]
warning: dubious mut time results for primes: [0.76,1.61,1.36,1.11,0.8]
warning: dubious GC time results for primes: [0.42,0.76,0.67,0.52,0.46]
warning: dubious run time results for primes: [1.18,2.37,2.03,1.63,1.26]
warning: dubious mut time results for primes: [0.76,1.61,1.36,1.11,0.8]
warning: dubious GC time results for primes: [0.42,0.76,0.67,0.52,0.46]
warning: dubious run time results for primes: [1.97,1.74,1.14,1.24,1.91]
warning: dubious mut time results for primes: [1.27,1.15,0.72,0.83,1.28]
warning: dubious GC time results for primes: [0.63,0.59,0.42,0.41,0.63]
warning: dubious run time results for primes: [1.97,1.74,1.14,1.24,1.91]
warning: dubious mut time results for primes: [1.27,1.15,0.72,0.83,1.28]
warning: dubious GC time results for primes: [0.63,0.59,0.42,0.41,0.63]
warning: dubious run time results for primes: [1.03,1.02,1.5799999,2.01,2.46]
warning: dubious mut time results for primes: [0.67,0.67,1.0,1.31,1.67]
warning: dubious GC time results for primes: [0.36,0.35,0.58,0.7,0.79]
warning: dubious run time results for primes: [1.03,1.02,1.5799999,2.01,2.46]
warning: dubious mut time results for primes: [0.67,0.67,1.0,1.31,1.67]
warning: dubious GC time results for primes: [0.36,0.35,0.58,0.7,0.79]
warning: dubious mut time results for primes: [1.02,0.92,0.77,0.72,0.76]
warning: dubious mut time results for primes: [1.02,0.92,0.77,0.72,0.76]
warning: dubious run time results for primes: [1.6199999,2.6,1.19,1.38,1.5699999]
warning: dubious mut time results for primes: [1.04,1.81,0.79,0.9,1.05]
warning: dubious GC time results for primes: [0.58,0.79,0.4,0.48,0.52]
warning: dubious run time results for primes: [1.6199999,2.6,1.19,1.38,1.5699999]
warning: dubious mut time results for primes: [1.04,1.81,0.79,0.9,1.05]
warning: dubious GC time results for primes: [0.58,0.79,0.4,0.48,0.52]
warning: dubious run time results for primes: [1.54,1.0,1.44,1.63,1.3199999]
warning: dubious mut time results for primes: [1.04,0.66,0.97,1.12,0.88]
warning: dubious GC time results for primes: [0.5,0.34,0.47,0.51,0.44]
warning: dubious run time results for primes: [1.54,1.0,1.44,1.63,1.3199999]
warning: dubious mut time results for primes: [1.04,0.66,0.97,1.12,0.88]
warning: dubious GC time results for primes: [0.5,0.34,0.47,0.51,0.44]
warning: dubious run time results for primes: [1.3299999,1.44,1.1899999,1.42,2.03]
warning: dubious mut time results for primes: [0.88,0.97,0.78,0.96,1.39]
warning: dubious GC time results for primes: [0.45,0.47,0.41,0.46,0.64]
warning: dubious run time results for primes: [1.3299999,1.44,1.1899999,1.42,2.03]
warning: dubious mut time results for primes: [0.88,0.97,0.78,0.96,1.39]
warning: dubious GC time results for primes: [0.45,0.47,0.41,0.46,0.64]
warning: dubious mut time results for primes: [0.69,0.97,0.76,0.7,0.68]
warning: dubious mut time results for primes: [0.69,0.97,0.76,0.7,0.68]
warning: dubious mut time results for primes: [0.76,0.95,0.77,1.02,0.72]
warning: dubious mut time results for primes: [0.76,0.95,0.77,1.02,0.72]
warning: dubious run time results for primes: [1.16,1.12,1.41,1.72,1.03]
warning: dubious mut time results for primes: [0.76,0.73,0.93,1.16,0.68]
warning: dubious GC time results for primes: [0.4,0.39,0.48,0.56,0.35]
warning: dubious run time results for primes: [1.16,1.12,1.41,1.72,1.03]
warning: dubious mut time results for primes: [0.76,0.73,0.93,1.16,0.68]
warning: dubious GC time results for primes: [0.4,0.39,0.48,0.56,0.35]
warning: dubious run time results for primes: [1.29,1.09,1.71,1.05,1.3]
warning: dubious mut time results for primes: [0.85,0.72,1.16,0.7,0.86]
warning: dubious GC time results for primes: [0.44,0.37,0.55,0.35,0.44]
warning: dubious run time results for primes: [1.29,1.09,1.71,1.05,1.3]
warning: dubious mut time results for primes: [0.85,0.72,1.16,0.7,0.86]
warning: dubious GC time results for primes: [0.44,0.37,0.55,0.35,0.44]
warning: dubious run time results for primes: [1.7,1.17,1.1,1.04,1.45]
warning: dubious mut time results for primes: [1.14,0.76,0.72,0.67,0.97]
warning: dubious GC time results for primes: [0.56,0.41,0.38,0.37,0.48]
warning: dubious run time results for primes: [1.7,1.17,1.1,1.04,1.45]
warning: dubious mut time results for primes: [1.14,0.76,0.72,0.67,0.97]
warning: dubious GC time results for primes: [0.56,0.41,0.38,0.37,0.48]
warning: dubious GC time results for primes: [0.36,0.38,0.4,0.51,0.47]
warning: dubious GC time results for primes: [0.36,0.38,0.4,0.51,0.47]
warning: dubious run time results for primes: [1.33,1.39,1.54,1.04,1.51]
warning: dubious mut time results for primes: [0.86,0.89,1.03,0.68,0.98]
warning: dubious GC time results for primes: [0.47,0.49,0.51,0.36,0.53]
warning: dubious run time results for primes: [1.33,1.39,1.54,1.04,1.51]
warning: dubious mut time results for primes: [0.86,0.89,1.03,0.68,0.98]
warning: dubious GC time results for primes: [0.47,0.49,0.51,0.36,0.53]
warning: dubious run time results for primes: [1.1999999,1.0699999,1.29,1.48,0.99]
warning: dubious mut time results for primes: [0.78,0.7,0.85,1.0,0.65]
warning: dubious GC time results for primes: [0.42,0.37,0.44,0.48,0.34]
warning: dubious run time results for primes: [1.1999999,1.0699999,1.29,1.48,0.99]
warning: dubious mut time results for primes: [0.78,0.7,0.85,1.0,0.65]
warning: dubious GC time results for primes: [0.42,0.37,0.44,0.48,0.34]
warning: dubious run time results for primes: [1.25,1.01,1.4300001,1.17,1.3399999]
warning: dubious mut time results for primes: [0.82,0.66,0.94,0.76,0.89]
warning: dubious GC time results for primes: [0.43,0.35,0.49,0.41,0.45]
warning: dubious run time results for primes: [1.25,1.01,1.4300001,1.17,1.3399999]
warning: dubious mut time results for primes: [0.82,0.66,0.94,0.76,0.89]
warning: dubious GC time results for primes: [0.43,0.35,0.49,0.41,0.45]
warning: dubious mut time results for primes: [0.84,0.67,0.84,0.91,0.94]
warning: dubious mut time results for primes: [0.84,0.67,0.84,0.91,0.94]
warning: dubious run time results for primes: [1.96,1.58,1.12,1.01,1.01]
warning: dubious mut time results for primes: [1.37,1.09,0.75,0.67,0.67]
warning: dubious GC time results for primes: [0.59,0.49,0.37,0.34,0.34]
warning: dubious run time results for primes: [1.96,1.58,1.12,1.01,1.01]
warning: dubious mut time results for primes: [1.37,1.09,0.75,0.67,0.67]
warning: dubious GC time results for primes: [0.59,0.49,0.37,0.34,0.34]
warning: dubious run time results for primes: [1.9,2.03,1.45,1.17,3.14]
warning: dubious mut time results for primes: [1.3,1.22,0.96,0.77,2.18]
warning: dubious GC time results for primes: [0.6,0.81,0.49,0.4,0.96]
warning: dubious run time results for primes: [1.9,2.03,1.45,1.17,3.14]
warning: dubious mut time results for primes: [1.3,1.22,0.96,0.77,2.18]
warning: dubious GC time results for primes: [0.6,0.81,0.49,0.4,0.96]
warning: dubious run time results for primes: [1.05,1.07,1.49,1.04,1.06]
warning: dubious mut time results for primes: [0.7,0.72,0.99,0.7,0.7]
warning: dubious GC time results for primes: [0.35,0.35,0.5,0.34,0.36]
warning: dubious run time results for primes: [1.05,1.07,1.49,1.04,1.06]
warning: dubious mut time results for primes: [0.7,0.72,0.99,0.7,0.7]
warning: dubious GC time results for primes: [0.35,0.35,0.5,0.34,0.36]
warning: dubious run time results for primes: [1.6800001,1.16,1.3399999,2.83,2.8]
warning: dubious mut time results for primes: [1.13,0.76,0.89,1.97,1.96]
warning: dubious GC time results for primes: [0.55,0.4,0.45,0.86,0.84]
warning: dubious run time results for primes: [1.6800001,1.16,1.3399999,2.83,2.8]
warning: dubious mut time results for primes: [1.13,0.76,0.89,1.97,1.96]
warning: dubious GC time results for primes: [0.55,0.4,0.45,0.86,0.84]
warning: dubious run time results for primes: [1.66,1.05,1.92,1.42,1.31]
warning: dubious mut time results for primes: [1.14,0.69,1.31,0.95,0.87]
warning: dubious GC time results for primes: [0.52,0.36,0.61,0.47,0.44]
warning: dubious run time results for primes: [1.66,1.05,1.92,1.42,1.31]
warning: dubious mut time results for primes: [1.14,0.69,1.31,0.95,0.87]
warning: dubious GC time results for primes: [0.52,0.36,0.61,0.47,0.44]
warning: dubious run time results for primes: [1.01,1.01,1.77,1.0899999,0.99]
warning: dubious mut time results for primes: [0.66,0.67,1.19,0.7,0.65]
warning: dubious GC time results for primes: [0.35,0.34,0.58,0.39,0.34]
warning: dubious run time results for primes: [1.01,1.01,1.77,1.0899999,0.99]
warning: dubious mut time results for primes: [0.66,0.67,1.19,0.7,0.65]
warning: dubious GC time results for primes: [0.35,0.34,0.58,0.39,0.34]
warning: dubious run time results for primes: [1.42,1.13,1.0,1.17,1.24]
warning: dubious mut time results for primes: [1.0,0.73,0.65,0.78,0.81]
warning: dubious run time results for primes: [1.42,1.13,1.0,1.17,1.24]
warning: dubious mut time results for primes: [1.0,0.73,0.65,0.78,0.81]
warning: dubious mut time results for primes: [0.89,0.92,1.05,1.08,0.76]
warning: dubious mut time results for primes: [0.89,0.92,1.05,1.08,0.76]
Optimizing /h/ywang30/nofib/imaginary/primes
>>>>>>>>>>>>>>>START OPTIMIZATION>>>>>>>>>>>>>>>
pop: 15
gens: 13
arch: 7
Basetime is: 1.361176336e9
01000000010 1.361176336e9
10101001001 1.361176336e9
10100000100 1.361176336e9
00001001001 1.361176336e9
10000000000 1.361176336e9
10100001111 1.361176336e9
11100000100 1.361176336e9
11011001001 1.361176336e9
00001000011 1.361176336e9
01110101010 1.361176336e9
11101100100 1.361176336e9
10111110000 1.361176336e9
00001110000 1.361176336e9
11010010000 1.361176336e9
00110000011 1.361176336e9
best: 1.0
00001000001 1.361176336e9
10101110111 1.361176336e9
00001000011 1.361176336e9
00001100001 1.361176336e9
10110000000 1.361176336e9
11110000000 1.361176336e9
00111000101 1.361176336e9
11111110000 1.361176336e9
01110010010 1.361176336e9
11110010110 1.361176336e9
00000100110 1.361176336e9
00010000011 1.361176336e9
00110110011 1.361176336e9
00011010010 1.361176336e9
00011110010 1.361176336e9
01000000010 1.361176336e9
10101001001 1.361176336e9
10100000100 1.361176336e9
00001001001 1.361176336e9
10000000000 1.361176336e9
10100001111 1.361176336e9
11100000100 1.361176336e9
best: 1.0
10001001001 1.361176336e9
01111110010 1.361176336e9
00011000010 1.361176336e9
10100111111 1.361176336e9
10101000110 1.361176336e9
01111010000 1.361176336e9
00001000001 1.361176336e9
10101110111 1.361176336e9
00001001001 1.361176336e9
00100000000 1.361176336e9
10010000110 1.361176336e9
11100110110 1.361176336e9
11011000000 1.361176336e9
00111001101 1.361176336e9
10111110101 1.361176336e9
00001000001 1.361176336e9
10101110111 1.361176336e9
00001000011 1.361176336e9
00001100001 1.361176336e9
10110000000 1.361176336e9
11110000000 1.361176336e9
00111000101 1.361176336e9
best: 1.0
00110000001 1.361176336e9
00110000000 1.361176336e9
10101000101 1.361176336e9
10001001000 1.361176336e9
10100010101 1.361176336e9
10111000001 1.361176336e9
00100000000 1.361176336e9
00111001100 1.361176336e9
10000000111 1.361176336e9
11110000100 1.361176336e9
00011101001 1.361176336e9
10111000100 1.361176336e9
00001000011 1.361176336e9
10001001011 1.361176336e9
10111100101 1.361176336e9
10001001001 1.361176336e9
01111110010 1.361176336e9
00011000010 1.361176336e9
10100111111 1.361176336e9
10101000110 1.361176336e9
01111010000 1.361176336e9
00001000001 1.361176336e9
best: 1.0
10001101001 1.361176336e9
10010000000 1.361176336e9
00101001100 1.361176336e9
00011000001 1.361176336e9
10000000001 1.361176336e9
00110101000 1.361176336e9
10101001101 1.361176336e9
10001001001 1.361176336e9
00001001000 1.361176336e9
00111001001 1.361176336e9
00100011100 1.361176336e9
01001000011 1.361176336e9
10011001000 1.361176336e9
10100111101 1.361176336e9
00001011110 1.361176336e9
00110000001 1.361176336e9
00110000000 1.361176336e9
10101000101 1.361176336e9
10001001000 1.361176336e9
10100010101 1.361176336e9
10111000001 1.361176336e9
00100000000 1.361176336e9
best: 1.0
01001000001 1.361176336e9
00111001001 1.361176336e9
10100000001 1.361176336e9
10100000001 1.361176336e9
00101001000 1.361176336e9
10010000100 1.361176336e9
10101000001 1.361176336e9
01001000101 1.361176336e9
00101111100 1.361176336e9
01001001101 1.361176336e9
00100000101 1.361176336e9
10001101000 1.361176336e9
00001011001 1.361176336e9
01100011000 1.361176336e9
00011000101 1.361176336e9
10001101001 1.361176336e9
10010000000 1.361176336e9
00101001100 1.361176336e9
00011000001 1.361176336e9
10000000001 1.361176336e9
00110101000 1.361176336e9
10101001101 1.361176336e9
best: 1.0
10010000000 1.361176336e9
10111000001 1.361176336e9
01001000001 1.361176336e9
10010000000 1.361176336e9
10000000001 1.361176336e9
00001001001 1.361176336e9
00111011000 1.361176336e9
10111001001 1.361176336e9
00101001001 1.361176336e9
10011000001 1.361176336e9
11000001110 1.361176336e9
10010000001 1.361176336e9
01000000100 1.361176336e9
10000011101 1.361176336e9
00001011001 1.361176336e9
01001000001 1.361176336e9
00111001001 1.361176336e9
10100000001 1.361176336e9
00101001000 1.361176336e9
10010000100 1.361176336e9
10101000001 1.361176336e9
01001000101 1.361176336e9
best: 1.0
00101001000 1.361176336e9
10011000000 1.361176336e9
00011000000 1.361176336e9
10100001001 1.361176336e9
01100000001 1.361176336e9
01001000001 1.361176336e9
00111001001 1.361176336e9
00101001000 1.361176336e9
00111011001 1.361176336e9
10101100101 1.361176336e9
01101011101 1.361176336e9
00101000011 1.361176336e9
10010000001 1.361176336e9
01001011001 1.361176336e9
01001001110 1.361176336e9
10010000000 1.361176336e9
10111000001 1.361176336e9
01001000001 1.361176336e9
10000000001 1.361176336e9
00001001001 1.361176336e9
00111011000 1.361176336e9
10111001001 1.361176336e9
best: 1.0
01011001110 1.361176336e9
00101011000 1.361176336e9
10011000000 1.361176336e9
00111000011 1.361176336e9
01001000000 1.361176336e9
10111001001 1.361176336e9
01001001101 1.361176336e9
01100001001 1.361176336e9
01001000110 1.361176336e9
00001000100 1.361176336e9
00111001000 1.361176336e9
01101011101 1.361176336e9
10111011010 1.361176336e9
11111011001 1.361176336e9
10101011110 1.361176336e9
00101001000 1.361176336e9
10011000000 1.361176336e9
00011000000 1.361176336e9
10100001001 1.361176336e9
01100000001 1.361176336e9
01001000001 1.361176336e9
00111001001 1.361176336e9
best: 1.0
11111011010 1.361176336e9
01111001001 1.361176336e9
10111011010 1.361176336e9
00111000000 1.361176336e9
00011001101 1.361176336e9
00001000110 1.361176336e9
00011000000 1.361176336e9
10001001101 1.361176336e9
10101000001 1.361176336e9
10001011110 1.361176336e9
00100001110 1.361176336e9
00000010010 1.361176336e9
00001001111 1.361176336e9
00110001011 1.361176336e9
10001010110 1.361176336e9
01011001110 1.361176336e9
00101011000 1.361176336e9
10011000000 1.361176336e9
00111000011 1.361176336e9
01001000000 1.361176336e9
10111001001 1.361176336e9
01001001101 1.361176336e9
best: 1.0
10001011110 1.361176336e9
01001001010 1.361176336e9
10101011110 1.361176336e9
01101001001 1.361176336e9
00111000000 1.361176336e9
10011011110 1.361176336e9
10100000010 1.361176336e9
10011000000 1.361176336e9
00001000010 1.361176336e9
00111100000 1.361176336e9
00111001101 1.361176336e9
10011000000 1.361176336e9
01001000100 1.361176336e9
10001110111 1.361176336e9
10111001111 1.361176336e9
11111011010 1.361176336e9
01111001001 1.361176336e9
10111011010 1.361176336e9
00111000000 1.361176336e9
00011001101 1.361176336e9
00001000110 1.361176336e9
00011000000 1.361176336e9
best: 1.0
00001000100 1.361176336e9
00101001001 1.361176336e9
10001011110 1.361176336e9
00101001010 1.361176336e9
00111000010 1.361176336e9
00011000000 1.361176336e9
10111011110 1.361176336e9
10011000000 1.361176336e9
00111000000 1.361176336e9
01111001100 1.361176336e9
10111100101 1.361176336e9
01001011010 1.361176336e9
10100010010 1.361176336e9
00011001000 1.361176336e9
00011010101 1.361176336e9
10001011110 1.361176336e9
01001001010 1.361176336e9
10101011110 1.361176336e9
01101001001 1.361176336e9
00111000000 1.361176336e9
10011011110 1.361176336e9
10100000010 1.361176336e9
best: 1.0
01101011010 1.361176336e9
10100001001 1.361176336e9
00111001110 1.361176336e9
00011000101 1.361176336e9
00001001010 1.361176336e9
00011000000 1.361176336e9
10011000010 1.361176336e9
00101000000 1.361176336e9
00111010100 1.361176336e9
10110010010 1.361176336e9
10011001100 1.361176336e9
10111100101 1.361176336e9
00011001010 1.361176336e9
01001011001 1.361176336e9
10101010110 1.361176336e9
00001000100 1.361176336e9
00101001001 1.361176336e9
10001011110 1.361176336e9
00101001010 1.361176336e9
00111000010 1.361176336e9
00011000000 1.361176336e9
10111011110 1.361176336e9
best: 1.0
done evolving!
"all is well:)"
>>>>>>>>>>>>>>FINISH OPTIMIZATION>>>>>>>>>>>>>>>
2371.91user 509.94system 1:07:26elapsed 71%CPU (0avgtext+0avgdata 131516maxresident)k
1049128inputs+1380976outputs (680major+68538538minor)pagefaults 0swaps
